[INFO -- 2018-09-24 18:44:58]
Starting flip_value script
version: 1.1
[INFO -- 2018-09-24 18:44:58]
Initialization strings:
[INFO -- 2018-09-24 18:44:58]
(1) file /tmp/knapsack/ga
[INFO -- 2018-09-24 18:44:58]
initSignal:1
[INFO -- 2018-09-24 18:44:58]
endSignal:3.5
[INFO -- 2018-09-24 18:44:58]
faultModel:0
[INFO -- 2018-09-24 18:45:01]
Backtrace BEGIN:
#0  0x00005555555580df in __gnu_cxx::operator!=<chromossome*, std::vector<chromossome, std::allocator<chromossome> > > (__lhs={solution = std::vector of length 200, capacity 200 = {0, 1, 0, 0, 1, 1, 1, 0, 0, 0, 0, 0, 0, 1, 1, 1, 1, 0, 1, 1, 0, 0, 0, 0, 1, 0, 0, 0, 1, 0, 0, 0, 0, 1, 1, 0, 0, 1, 1, 1, 0, 1, 0, 0, 1, 0, 1, 0, 0, 0, 0, 1, 0, 0, 1, 1, 1, 0, 1, 1, 1, 0, 0, 0, 0, 0, 1, 0, 0, 0, 1, 1, 1, 1, 0, 1, 0, 0, 0, 1, 1, 0, 0, 1, 1, 0, 1, 0, 1, 0, 0, 1, 0, 0, 1, 0, 0, 0, 0, 0, 0, 0, 0, 1, 0, 1, 1, 1, 0, 0, 1, 0, 0, 1, 0, 1, 0, 0, 0, 1, 1, 0, 1, 0, 0, 0, 0, 1, 1, 1, 1, 0, 1, 0, 1, 0, 0, 0, 1, 0, 0, 0, 1, 0, 1, 0, 0, 0, 0, 1, 0, 0, 0, 0, 0, 0, 0, 1, 0, 1, 0, 0, 0, 0, 1, 0, 1, 0, 0, 1, 0, 0, 1, 0, 1, 0, 0, 0, 1, 0, 1, 0, 0, 1, 0, 0, 1, 0, 0, 0, 0, 0, 0, 0, 1, 0, 0, 0, 0, 1...}, fitness = -507061}, __rhs={solution = std::vector of length 0, capacity 0, fitness = 99999999}) at /usr/include/c++/7/bits/stl_iterator.h:883
#1  0x0000555555556d51 in std::__sort<__gnu_cxx::__normal_iterator<chromossome*, std::vector<chromossome, std::allocator<chromossome> > >, __gnu_cxx::__ops::_Iter_less_iter> (__first={solution = std::vector of length 200, capacity 200 = {0, 1, 0, 0, 1, 1, 1, 0, 0, 0, 0, 0, 0, 1, 1, 1, 1, 0, 1, 1, 0, 0, 0, 0, 1, 0, 0, 0, 1, 0, 0, 0, 0, 1, 1, 0, 0, 1, 1, 1, 0, 1, 0, 0, 1, 0, 1, 0, 0, 0, 0, 1, 0, 0, 1, 1, 1, 0, 1, 1, 1, 0, 0, 0, 0, 0, 1, 0, 0, 0, 1, 1, 1, 1, 0, 1, 0, 0, 0, 1, 1, 0, 0, 1, 1, 0, 1, 0, 1, 0, 0, 1, 0, 0, 1, 0, 0, 0, 0, 0, 0, 0, 0, 1, 0, 1, 1, 1, 0, 0, 1, 0, 0, 1, 0, 1, 0, 0, 0, 1, 1, 0, 1, 0, 0, 0, 0, 1, 1, 1, 1, 0, 1, 0, 1, 0, 0, 0, 1, 0, 0, 0, 1, 0, 1, 0, 0, 0, 0, 1, 0, 0, 0, 0, 0, 0, 0, 1, 0, 1, 0, 0, 0, 0, 1, 0, 1, 0, 0, 1, 0, 0, 1, 0, 1, 0, 0, 0, 1, 0, 1, 0, 0, 1, 0, 0, 1, 0, 0, 0, 0, 0, 0, 0, 1, 0, 0, 0, 0, 1...}, fitness = -507061}, __last={solution = std::vector of length 0, capacity 0, fitness = 99999999}, __comp=...) at /usr/include/c++/7/bits/stl_algo.h:1966
#2  0x0000555555555dfd in std::sort<__gnu_cxx::__normal_iterator<chromossome*, std::vector<chromossome, std::allocator<chromossome> > > > (__first={solution = std::vector of length 200, capacity 200 = {0, 1, 0, 0, 1, 1, 1, 0, 0, 0, 0, 0, 0, 1, 1, 1, 1, 0, 1, 1, 0, 0, 0, 0, 1, 0, 0, 0, 1, 0, 0, 0, 0, 1, 1, 0, 0, 1, 1, 1, 0, 1, 0, 0, 1, 0, 1, 0, 0, 0, 0, 1, 0, 0, 1, 1, 1, 0, 1, 1, 1, 0, 0, 0, 0, 0, 1, 0, 0, 0, 1, 1, 1, 1, 0, 1, 0, 0, 0, 1, 1, 0, 0, 1, 1, 0, 1, 0, 1, 0, 0, 1, 0, 0, 1, 0, 0, 0, 0, 0, 0, 0, 0, 1, 0, 1, 1, 1, 0, 0, 1, 0, 0, 1, 0, 1, 0, 0, 0, 1, 1, 0, 1, 0, 0, 0, 0, 1, 1, 1, 1, 0, 1, 0, 1, 0, 0, 0, 1, 0, 0, 0, 1, 0, 1, 0, 0, 0, 0, 1, 0, 0, 0, 0, 0, 0, 0, 1, 0, 1, 0, 0, 0, 0, 1, 0, 1, 0, 0, 1, 0, 0, 1, 0, 1, 0, 0, 0, 1, 0, 1, 0, 0, 1, 0, 0, 1, 0, 0, 0, 0, 0, 0, 0, 1, 0, 0, 0, 0, 1...}, fitness = -507061}, __last={solution = std::vector of length 0, capacity 0, fitness = 99999999}) at /usr/include/c++/7/bits/stl_algo.h:4836
#3  0x0000555555555058 in tournament (pop=std::vector of length 40, capacity 64 = {...}) at knapsackga.cpp:66
#4  0x0000555555555409 in genetic_algorithm () at knapsackga.cpp:102
#5  0x00005555555558d7 in main () at knapsackga.cpp:137

878	  template<typename _Iterator, typename _Container>
879	    inline bool
880	    operator!=(const __normal_iterator<_Iterator, _Container>& __lhs,
881		       const __normal_iterator<_Iterator, _Container>& __rhs)
882	    _GLIBCXX_NOEXCEPT
883	    { return __lhs.base() != __rhs.base(); }
884	
885	  // Random access iterator requirements
886	  template<typename _IteratorL, typename _IteratorR, typename _Container>
887	    inline bool

Backtrace END
Memory content before bitflip:0x310xfb0x080x00
Fault Model: Single bit-flip
base address to flip value: 0x55555575f06c 
address max offset: 4
Memory content after  bitflip:0x310xfb0x0a0x00
frame name: std::__sort<__gnu_cxx::__normal_iterator<chromossome*, std::vector<chromossome, std::allocator<chromossome> > >, __gnu_cxx::__ops::_Iter_less_iter>
symbol name: W
symbol filename: knapsackga.cpp
symbol line: 16
value: 719665
value address: 0x55555575f06c <W>
Type: The type is an integer type.
Type sizeof: 4

[INFO -- 2018-09-24 18:45:01]
Fault Injection Successful after 3.2954928874969482s
[INFO -- 2018-09-24 18:45:02]
event type: exit
[INFO -- 2018-09-24 18:45:02]
exit code: 0
