[INFO -- 2018-12-08 14:01:24]
Starting flip_value script
version: 1.1
[INFO -- 2018-12-08 14:01:24]
Initialization strings:
[INFO -- 2018-12-08 14:01:24]
(1) file /tmp/knapsack/sa
[INFO -- 2018-12-08 14:01:24]
initSignal:0
[INFO -- 2018-12-08 14:01:24]
endSignal:9
[INFO -- 2018-12-08 14:01:24]
faultModel:2
[INFO -- 2018-12-08 14:01:28]
Backtrace BEGIN:
#0  0x00007ffff6ee1e1c in __random () at random.c:295
#1  0x00007ffff6ee23a9 in rand () at rand.c:27
#2  0x00005555555552fc in simulated_annealing () at knapsacksa.cpp:90
#3  0x0000555555555658 in main () at knapsacksa.cpp:146

290	random.c: No such file or directory.

Backtrace END
Memory content before bitflip:0x000x000x000x00
Fault Model: Random bit-flip
base address to flip value: 0x7fffffffd70c
address max offset: 4
Memory content after  bitflip:0xc00x120xda0xa6
frame name: simulated_annealing
symbol name: temp
symbol filename: knapsacksa.cpp
symbol line: 83
value: -1495657792
value address: 0x7fffffffd70c
Type: The type is an integer type.
Type sizeof: 4

[INFO -- 2018-12-08 14:01:28]
Fault Injection Successful after 4.827118873596191s
[INFO -- 2018-12-08 14:01:28]
event type: exit
[INFO -- 2018-12-08 14:01:28]
exit code: 0
