[INFO -- 2018-12-08 12:54:44]
Starting flip_value script
version: 1.1
[INFO -- 2018-12-08 12:54:44]
Initialization strings:
[INFO -- 2018-12-08 12:54:44]
(1) file /tmp/knapsack/sa
[INFO -- 2018-12-08 12:54:44]
initSignal:0
[INFO -- 2018-12-08 12:54:44]
endSignal:9
[INFO -- 2018-12-08 12:54:44]
faultModel:2
[INFO -- 2018-12-08 12:54:49]
Backtrace BEGIN:
#0  rand () at rand.c:26
#1  0x000055555555508f in random01 () at knapsacksa.cpp:48
#2  0x00005555555553a6 in simulated_annealing () at knapsacksa.cpp:104
#3  0x0000555555555658 in main () at knapsacksa.cpp:146

21	rand.c: No such file or directory.

Backtrace END
Memory content before bitflip:0x310xfb0x080x00
Fault Model: Random bit-flip
base address to flip value: 0x555555759034 
address max offset: 4
Memory content after  bitflip:0x6f0xe30x510xf3
frame name: random01
symbol name: W2
symbol filename: knapsacksa.cpp
symbol line: 13
value: -212737169
value address: 0x555555759034 <W2>
Type: The type is an integer type.
Type sizeof: 4

[INFO -- 2018-12-08 12:54:49]
Fault Injection Successful after 5.096918821334839s
[INFO -- 2018-12-08 12:54:49]
event type: exit
[INFO -- 2018-12-08 12:54:49]
exit code: 0
