[INFO -- 2018-12-08 15:15:31]
Starting flip_value script
version: 1.1
[INFO -- 2018-12-08 15:15:31]
Initialization strings:
[INFO -- 2018-12-08 15:15:31]
(1) file /tmp/knapsack/ga
[INFO -- 2018-12-08 15:15:31]
initSignal:1
[INFO -- 2018-12-08 15:15:31]
endSignal:8
[INFO -- 2018-12-08 15:15:31]
faultModel:3
[INFO -- 2018-12-08 15:15:33]
Backtrace BEGIN:
#0  0x00005555555561ad in std::vector<int, std::allocator<int> >::vector (this=0x555555777400, __x=std::vector of length 200, capacity 200 = {...}) at /usr/include/c++/7/bits/stl_vector.h:331
#1  0x0000555555558123 in chromossome::chromossome (this=0x555555777400) at knapsackga.cpp:63
#2  0x0000555555558180 in __gnu_cxx::new_allocator<chromossome>::construct<chromossome, chromossome const&> (this=0x7fffffffd8a0, __p=0x555555777400, __args#0=...) at /usr/include/c++/7/ext/new_allocator.h:136
#3  0x0000555555556d7a in std::allocator_traits<std::allocator<chromossome> >::construct<chromossome, chromossome const&> (__a=..., __p=0x555555777400, __args#0=...) at /usr/include/c++/7/bits/alloc_traits.h:475
#4  0x0000555555555fda in std::vector<chromossome, std::allocator<chromossome> >::push_back (this=0x7fffffffd8a0, __x=...) at /usr/include/c++/7/bits/stl_vector.h:943
#5  0x0000555555555731 in genetic_algorithm () at knapsackga.cpp:132
#6  0x0000555555555b6c in main () at knapsackga.cpp:165

326	      vector(const vector& __x)
327	      : _Base(__x.size(),
328		_Alloc_traits::_S_select_on_copy(__x._M_get_Tp_allocator()))
329	      {
330		this->_M_impl._M_finish =
331		  std::__uninitialized_copy_a(__x.begin(), __x.end(),
332					      this->_M_impl._M_start,
333					      _M_get_Tp_allocator());
334	      }
335	

Backtrace END
Memory content before bitflip:0x280x000x000x00
Fault Model: Zero bit-flip
base address to flip value: 0x55555575f014 
address max offset: 4
Memory content after  bitflip:0x000x000x000x00
frame name: chromossome::chromossome
symbol name: pop_size2
symbol filename: knapsackga.cpp
symbol line: 20
value: 0
value address: 0x55555575f014 <pop_size2>
Type: The type is an integer type.
Type sizeof: 4

[INFO -- 2018-12-08 15:15:33]
Fault Injection Successful after 2.1683239936828613s
[INFO -- 2018-12-08 15:15:33]
event type: exit
[INFO -- 2018-12-08 15:15:33]
exit code: 0
