[INFO -- 2018-12-08 04:10:53]
Starting flip_value script
version: 1.1
[INFO -- 2018-12-08 04:10:53]
Initialization strings:
[INFO -- 2018-12-08 04:10:53]
(1) file /tmp/knapsack/sa
[INFO -- 2018-12-08 04:10:53]
initSignal:0
[INFO -- 2018-12-08 04:10:53]
endSignal:9
[INFO -- 2018-12-08 04:10:53]
faultModel:2
[INFO -- 2018-12-08 04:10:54]
Backtrace BEGIN:
#0  0x0000555555556341 in std::vector<int, std::allocator<int> >::end (this=0x7fffffffd720) at /usr/include/c++/7/bits/stl_vector.h:582
#1  0x0000555555555c9a in std::vector<int, std::allocator<int> >::operator= (this=0x7fffffffd720, __x=std::vector of length 200, capacity 200 = {...}) at /usr/include/c++/7/bits/vector.tcc:218
#2  0x00005555555553e6 in simulated_annealing () at knapsacksa.cpp:108
#3  0x0000555555555658 in main () at knapsacksa.cpp:146

577	       *  element in the %vector.  Iteration is done in ordinary
578	       *  element order.
579	       */
580	      iterator
581	      end() _GLIBCXX_NOEXCEPT
582	      { return iterator(this->_M_impl._M_finish); }
583	
584	      /**
585	       *  Returns a read-only (constant) iterator that points one past
586	       *  the last element in the %vector.  Iteration is done in

Backtrace END
Memory content before bitflip:0x310xfb0x080x00
Fault Model: Random bit-flip
base address to flip value: 0x555555759034 
address max offset: 4
Memory content after  bitflip:0x770x220xe50x2f
frame name: std::vector<int, std::allocator<int> >::operator=
symbol name: W2
symbol filename: knapsacksa.cpp
symbol line: 13
value: 803545719
value address: 0x555555759034 <W2>
Type: The type is an integer type.
Type sizeof: 4

[INFO -- 2018-12-08 04:10:54]
Fault Injection Successful after 1.863562822341919s
[INFO -- 2018-12-08 04:10:54]
event type: exit
[INFO -- 2018-12-08 04:10:54]
exit code: 0
