[INFO -- 2018-12-07 22:42:56]
Starting flip_value script
version: 1.1
[INFO -- 2018-12-07 22:42:56]
Initialization strings:
[INFO -- 2018-12-07 22:42:56]
(1) file /tmp/knapsack/ga
[INFO -- 2018-12-07 22:42:56]
initSignal:1
[INFO -- 2018-12-07 22:42:56]
endSignal:8
[INFO -- 2018-12-07 22:42:56]
faultModel:4
[INFO -- 2018-12-07 22:42:58]
Backtrace BEGIN:
#0  0x0000555555555e89 in std::vector<int, std::allocator<int> >::operator[] (this=0x55555575f050 <val2>, __n=104) at /usr/include/c++/7/bits/stl_vector.h:798
#1  0x0000555555555142 in cost (solution=std::vector of length 200, capacity 200 = {...}) at knapsackga.cpp:45
#2  0x000055555555589e in genetic_algorithm () at knapsackga.cpp:138
#3  0x0000555555555b6c in main () at knapsackga.cpp:165

793	       */
794	      reference
795	      operator[](size_type __n) _GLIBCXX_NOEXCEPT
796	      {
797		__glibcxx_requires_subscript(__n);
798		return *(this->_M_impl._M_start + __n);
799	      }
800	
801	      /**
802	       *  @brief  Subscript access to the data contained in the %vector.

Backtrace END
Fliping a bit of the pointer
Memory content before bitflip:0x500xf00x750x550x550x550x000x00
Fault Model: LSB bit-flip
base address to flip value: 0x7fffffffd7f8
address max offset: 8
Memory content after  bitflip:0x500xf00x750x550x550x550x000x04
frame name: std::vector<int, std::allocator<int> >::operator[]
symbol name: this
symbol filename: knapsackga.cpp
symbol line: 0
value: 0x55555575f050 <val2>
value address: 0x7fffffffd7f8
Type: The type is a pointer.
Type sizeof: 8

[INFO -- 2018-12-07 22:42:58]
Fault Injection Successful after 2.7078778743743896s
[INFO -- 2018-12-07 22:43:04]
event type: exit
[INFO -- 2018-12-07 22:43:04]
exit code: 0
