[INFO -- 2018-11-30 03:43:33]
Starting flip_value script
version: 1.1
[INFO -- 2018-11-30 03:43:33]
Initialization strings:
[INFO -- 2018-11-30 03:43:33]
(1) file /tmp/knapsack/sa
[INFO -- 2018-11-30 03:43:33]
initSignal:0
[INFO -- 2018-11-30 03:43:33]
endSignal:7
[INFO -- 2018-11-30 03:43:33]
faultModel:4
[INFO -- 2018-11-30 03:43:34]
Backtrace BEGIN:
#0  0x0000555555556f75 in __gnu_cxx::__normal_iterator<int const*, std::vector<int, std::allocator<int> > >::base (this=0x55555576e610) at /usr/include/c++/7/bits/stl_iterator.h:844
#1  0x0000555555556cef in std::__niter_base<int const*, std::vector<int, std::allocator<int> > > (__it=540619057) at /usr/include/c++/7/bits/stl_iterator.h:984
#2  0x00005555555570b7 in std::__copy_move_a2<false, __gnu_cxx::__normal_iterator<int const*, std::vector<int, std::allocator<int> > >, int*> (__first=1, __last=540619057, __result=0x55555576e610) at /usr/include/c++/7/bits/stl_algobase.h:422
#3  0x0000555555556f2b in std::copy<__gnu_cxx::__normal_iterator<int const*, std::vector<int, std::allocator<int> > >, int*> (__first=1, __last=540619057, __result=0x55555576e610) at /usr/include/c++/7/bits/stl_algobase.h:456
#4  0x0000555555556c88 in std::__uninitialized_copy<true>::__uninit_copy<__gnu_cxx::__normal_iterator<int const*, std::vector<int, std::allocator<int> > >, int*> (__first=1, __last=540619057, __result=0x55555576e610) at /usr/include/c++/7/bits/stl_uninitialized.h:101
#5  0x0000555555556828 in std::uninitialized_copy<__gnu_cxx::__normal_iterator<int const*, std::vector<int, std::allocator<int> > >, int*> (__first=1, __last=540619057, __result=0x55555576e610) at /usr/include/c++/7/bits/stl_uninitialized.h:134
#6  0x0000555555556071 in std::__uninitialized_copy_a<__gnu_cxx::__normal_iterator<int const*, std::vector<int, std::allocator<int> > >, int*, int> (__first=1, __last=540619057, __result=0x55555576e610) at /usr/include/c++/7/bits/stl_uninitialized.h:289
#7  0x0000555555555943 in std::vector<int, std::allocator<int> >::vector (this=0x7fffffffd990, __x=std::vector of length 200, capacity 200 = {...}) at /usr/include/c++/7/bits/stl_vector.h:331
#8  0x0000555555555204 in simulated_annealing () at knapsacksa.cpp:49
#9  0x0000555555555522 in main () at knapsacksa.cpp:85

839	      __normal_iterator
840	      operator-(difference_type __n) const _GLIBCXX_NOEXCEPT
841	      { return __normal_iterator(_M_current - __n); }
842	
843	      const _Iterator&
844	      base() const _GLIBCXX_NOEXCEPT
845	      { return _M_current; }
846	    };
847	
848	  // Note: In what follows, the left- and right-hand-side iterators are

Backtrace END
Fliping value of field: _M_current
Fliping a bit of the pointer
Memory content before bitflip:0x000xe60x760x550x550x550x000x00
Fault Model: LSB bit-flip
base address to flip value: 0x7fffffffd820
address max offset: 8
Memory content after  bitflip:0x000xe60x760x550x550x550x000x04
frame name: std::copy<__gnu_cxx::__normal_iterator<int const*, std::vector<int, std::allocator<int> > >, int*>
symbol name: __last
symbol filename: /usr/include/c++/7/bits/stl_algobase.h
symbol line: 446
value: <error reading variable: Cannot access memory at address 0x40055555576e600>
value address: 0x7fffffffd820
Type: The type is a structure.
Type sizeof: 8
Field name: _M_current
Field Type: The type is a pointer.
Field Type sizeof: 8

[INFO -- 2018-11-30 03:43:34]
Fault Injection Successful after 1.0262913703918457s
[INFO -- 2018-11-30 03:43:40]
event type: exit
[INFO -- 2018-11-30 03:43:40]
exit code: 0
