[INFO -- 2018-11-30 11:36:16]
Starting flip_value script
version: 1.1
[INFO -- 2018-11-30 11:36:16]
Initialization strings:
[INFO -- 2018-11-30 11:36:16]
(1) file /tmp/knapsack/sa
[INFO -- 2018-11-30 11:36:16]
initSignal:0
[INFO -- 2018-11-30 11:36:16]
endSignal:7
[INFO -- 2018-11-30 11:36:16]
faultModel:1
[INFO -- 2018-11-30 11:36:18]
Backtrace BEGIN:
#0  std::vector<int, std::allocator<int> >::operator[] (this=0x555555759140 <val>, __n=23) at /usr/include/c++/7/bits/stl_vector.h:795
#1  0x00005555555550c5 in cost (solution=std::vector of length 200, capacity 200 = {...}) at knapsacksa.cpp:28
#2  0x0000555555555259 in simulated_annealing () at knapsacksa.cpp:52
#3  0x0000555555555522 in main () at knapsacksa.cpp:85

790	       *  Note that data access with this operator is unchecked and
791	       *  out_of_range lookups are not defined. (For checked lookups
792	       *  see at().)
793	       */
794	      reference
795	      operator[](size_type __n) _GLIBCXX_NOEXCEPT
796	      {
797		__glibcxx_requires_subscript(__n);
798		return *(this->_M_impl._M_start + __n);
799	      }

Backtrace END
Memory content before bitflip:0x310xfb0x080x00
Fault Model: Double bit-flip
base address to flip value: 0x55555575917c 
address max offset: 4
Memory content after  bitflip:0x310xfb0x080x81
frame name: std::vector<int, std::allocator<int> >::operator[]
symbol name: W
symbol filename: knapsacksa.cpp
symbol line: 15
value: -2130117839
value address: 0x55555575917c <W>
Type: The type is an integer type.
Type sizeof: 4

[INFO -- 2018-11-30 11:36:18]
Fault Injection Successful after 2.2975642681121826s
[INFO -- 2018-11-30 11:36:24]
event type: exit
[INFO -- 2018-11-30 11:36:24]
exit code: 0
