[INFO -- 2018-12-08 21:21:59]
Starting flip_value script
version: 1.1
[INFO -- 2018-12-08 21:21:59]
Initialization strings:
[INFO -- 2018-12-08 21:21:59]
(1) file /tmp/knapsack/ga
[INFO -- 2018-12-08 21:21:59]
initSignal:1
[INFO -- 2018-12-08 21:21:59]
endSignal:8
[INFO -- 2018-12-08 21:21:59]
faultModel:0
[INFO -- 2018-12-08 21:22:04]
Backtrace BEGIN:
#0  0x0000555555555000 in rand_bit () at knapsackga.cpp:30
#1  0x0000555555555353 in crossover (pai=std::vector of length 200, capacity 200 = {...}, mae=std::vector of length 200, capacity 200 = {...}, filho1=std::vector of length 0, capacity 0, filho2=std::vector of length 0, capacity 0) at knapsackga.cpp:95
#2  0x00005555555556d7 in genetic_algorithm () at knapsackga.cpp:130
#3  0x0000555555555b6c in main () at knapsackga.cpp:165

25	    detection_log.close();
26	    exit(0);
27	}
28	
29	int rand_bit(){
30	    return rand() % 2;
31	}
32	
33	int cost(vector<int> &solution){
34	    if(n != n2 || W != W2){

Backtrace END
Memory content before bitflip:0xc80x000x000x00
Fault Model: Single bit-flip
base address to flip value: 0x55555575f0ac 
address max offset: 4
Memory content after  bitflip:0xc80x000x200x00
frame name: genetic_algorithm
symbol name: n2
symbol filename: knapsackga.cpp
symbol line: 18
value: 2097352
value address: 0x55555575f0ac <n2>
Type: The type is an integer type.
Type sizeof: 4

[INFO -- 2018-12-08 21:22:04]
Fault Injection Successful after 5.791616916656494s
[INFO -- 2018-12-08 21:22:04]
event type: exit
[INFO -- 2018-12-08 21:22:04]
exit code: 0
