[INFO -- 2018-09-25 01:11:36]
Starting flip_value script
version: 1.1
[INFO -- 2018-09-25 01:11:36]
Initialization strings:
[INFO -- 2018-09-25 01:11:36]
(1) file /tmp/knapsack/ga
[INFO -- 2018-09-25 01:11:36]
initSignal:1
[INFO -- 2018-09-25 01:11:36]
endSignal:3.5
[INFO -- 2018-09-25 01:11:36]
faultModel:3
[INFO -- 2018-09-25 01:11:38]
Backtrace BEGIN:
#0  std::vector<int, std::allocator<int> >::operator[] (this=0x555555789bb0, __n=78) at /usr/include/c++/7/bits/stl_vector.h:799
#1  0x0000555555554f0a in cost (solution=std::vector of length 200, capacity 200 = {...}) at knapsackga.cpp:26
#2  0x0000555555555654 in genetic_algorithm () at knapsackga.cpp:112
#3  0x00005555555558d7 in main () at knapsackga.cpp:137

794	      reference
795	      operator[](size_type __n) _GLIBCXX_NOEXCEPT
796	      {
797		__glibcxx_requires_subscript(__n);
798		return *(this->_M_impl._M_start + __n);
799	      }
800	
801	      /**
802	       *  @brief  Subscript access to the data contained in the %vector.
803	       *  @param __n The index of the element for which data should be

Backtrace END
Memory content before bitflip:0xb40x170x000x00
Fault Model: Zero bit-flip
base address to flip value: 0x7fffffffd8c4
address max offset: 4
Memory content after  bitflip:0x000x000x000x00
frame name: genetic_algorithm
symbol name: g
symbol filename: knapsackga.cpp
symbol line: 94
value: 0
value address: 0x7fffffffd8c4
Type: The type is an integer type.
Type sizeof: 4

[INFO -- 2018-09-25 01:11:38]
Fault Injection Successful after 2.5982184410095215s
[INFO -- 2018-09-25 01:11:42]
event type: exit
[INFO -- 2018-09-25 01:11:42]
exit code: 0
