[INFO -- 2018-12-08 22:57:57]
Starting flip_value script
version: 1.1
[INFO -- 2018-12-08 22:57:57]
Initialization strings:
[INFO -- 2018-12-08 22:57:57]
(1) file /tmp/knapsack/ga
[INFO -- 2018-12-08 22:57:57]
initSignal:1
[INFO -- 2018-12-08 22:57:57]
endSignal:8
[INFO -- 2018-12-08 22:57:57]
faultModel:0
[EXCEPTION -- 2018-12-08 22:57:59]
pythonException: empty range for randrange() (0,0, 0)
[EXCEPTION -- 2018-12-08 22:58:00]
pythonException: empty range for randrange() (0,0, 0)
[EXCEPTION -- 2018-12-08 22:58:00]
pythonException: Unable to exit loop in struct fields; Exiting wihtout making a bit flip
[INFO -- 2018-12-08 22:58:00]
event type: exit
[EXCEPTION -- 2018-12-08 22:58:00]
exit code: no exit code available
