[INFO -- 2018-12-09 04:55:32]
Starting flip_value script
version: 1.1
[INFO -- 2018-12-09 04:55:32]
Initialization strings:
[INFO -- 2018-12-09 04:55:32]
(1) file /tmp/knapsack/ga
[INFO -- 2018-12-09 04:55:32]
initSignal:1
[INFO -- 2018-12-09 04:55:32]
endSignal:8
[INFO -- 2018-12-09 04:55:32]
faultModel:2
[INFO -- 2018-12-09 04:55:36]
Backtrace BEGIN:
#0  0x0000555555555153 in cost (solution=std::vector of length 200, capacity 200 = {...}) at knapsackga.cpp:47
#1  0x000055555555589e in genetic_algorithm () at knapsackga.cpp:138
#2  0x0000555555555b6c in main () at knapsackga.cpp:165

42	    }
43	    for(int i=0; i < n; i++){
44	        peso2 += solution[i] * wt2[i];
45	        valor2 += solution[i] * val2[i];
46	    }
47	    if(peso != peso2 || valor != valor2){
48	        exit_gracefully();
49	    }
50	
51	    if(peso > W){

Backtrace END
Memory content before bitflip:0xc80x000x000x00
Fault Model: Random bit-flip
base address to flip value: 0x55555575f0a8 
address max offset: 4
Memory content after  bitflip:0x680xf20xa50xb8
frame name: genetic_algorithm
symbol name: n
symbol filename: knapsackga.cpp
symbol line: 18
value: -1197084056
value address: 0x55555575f0a8 <n>
Type: The type is an integer type.
Type sizeof: 4

[INFO -- 2018-12-09 04:55:36]
Fault Injection Successful after 4.812349081039429s
[INFO -- 2018-12-09 04:55:36]
event type: exit
[INFO -- 2018-12-09 04:55:36]
exit code: 0
