[INFO -- 2018-09-25 03:41:46]
Starting flip_value script
version: 1.1
[INFO -- 2018-09-25 03:41:46]
Initialization strings:
[INFO -- 2018-09-25 03:41:46]
(1) file /tmp/knapsack/ga
[INFO -- 2018-09-25 03:41:46]
initSignal:1
[INFO -- 2018-09-25 03:41:46]
endSignal:3.5
[INFO -- 2018-09-25 03:41:46]
faultModel:0
[INFO -- 2018-09-25 03:41:47]
Backtrace BEGIN:
#0  0x00007ffff74e6ed5 in __GI___libc_malloc (bytes=800) at malloc.c:3068
#1  0x00007ffff7adf458 in operator new(unsigned long) () from /usr/lib/x86_64-linux-gnu/libstdc++.so.6
#2  0x000055555555a070 in __gnu_cxx::new_allocator<int>::allocate (this=0x7fffffffd970, __n=200) at /usr/include/c++/7/ext/new_allocator.h:111
#3  0x0000555555559587 in std::allocator_traits<std::allocator<int> >::allocate (__a=..., __n=200) at /usr/include/c++/7/bits/alloc_traits.h:436
#4  0x0000555555558554 in std::_Vector_base<int, std::allocator<int> >::_M_allocate (this=0x7fffffffd970, __n=200) at /usr/include/c++/7/bits/stl_vector.h:172
#5  0x000055555555712e in std::vector<int, std::allocator<int> >::_M_allocate_and_copy<__gnu_cxx::__normal_iterator<int const*, std::vector<int, std::allocator<int> > > > (this=0x7fffffffd970, __n=200, __first=0, __last=816) at /usr/include/c++/7/bits/stl_vector.h:1260
#6  0x000055555555617b in std::vector<int, std::allocator<int> >::operator= (this=0x7fffffffd970, __x=std::vector of length 200, capacity 200 = {...}) at /usr/include/c++/7/bits/vector.tcc:206
#7  0x000055555555517d in crossover (pai=std::vector of length 200, capacity 200 = {...}, mae=std::vector of length 200, capacity 200 = {...}, filho1=std::vector of length 200, capacity 200 = {...}, filho2=std::vector of length 0, capacity 0) at knapsackga.cpp:77
#8  0x000055555555548d in genetic_algorithm () at knapsackga.cpp:104
#9  0x00005555555558d7 in main () at knapsackga.cpp:137

3063	malloc.c: No such file or directory.

Backtrace END
Fliping a bit of the value pointed by a pointer
Memory content before bitflip:0x000x000x000x00
Fault Model: Single bit-flip
base address to flip value: 0x555555781e60
address max offset: 4
Memory content after  bitflip:0x000x080x000x00
frame name: std::vector<int, std::allocator<int> >::operator=
symbol name: __tmp
symbol filename: /usr/include/c++/7/bits/vector.tcc
symbol line: 206
value: 0x555555781e60
value address: 0x7fffffffd808
Type: The type is a pointer.
Type sizeof: 8

[INFO -- 2018-09-25 03:41:47]
Fault Injection Successful after 1.3327112197875977s
[INFO -- 2018-09-25 03:41:50]
event type: exit
[INFO -- 2018-09-25 03:41:50]
exit code: 0
