[INFO -- 2018-12-09 07:01:57]
Starting flip_value script
version: 1.1
[INFO -- 2018-12-09 07:01:57]
Initialization strings:
[INFO -- 2018-12-09 07:01:57]
(1) file /tmp/knapsack/ga
[INFO -- 2018-12-09 07:01:57]
initSignal:1
[INFO -- 2018-12-09 07:01:57]
endSignal:8
[INFO -- 2018-12-09 07:01:57]
faultModel:4
[INFO -- 2018-12-09 07:02:01]
Backtrace BEGIN:
#0  std::_Vector_base<int, std::allocator<int> >::_Vector_base (this=0x7fffffffd8c0) at /usr/include/c++/7/bits/stl_vector.h:126
#1  0x0000555555555e72 in std::vector<int, std::allocator<int> >::vector (this=0x7fffffffd8c0) at /usr/include/c++/7/bits/stl_vector.h:263
#2  0x000055555555560d in genetic_algorithm () at knapsackga.cpp:127
#3  0x0000555555555b6c in main () at knapsackga.cpp:165

121	
122	      allocator_type
123	      get_allocator() const _GLIBCXX_NOEXCEPT
124	      { return allocator_type(_M_get_Tp_allocator()); }
125	
126	      _Vector_base()
127	      : _M_impl() { }
128	
129	      _Vector_base(const allocator_type& __a) _GLIBCXX_NOEXCEPT
130	      : _M_impl(__a) { }

Backtrace END
Fliping value of field: fitness
Memory content before bitflip:0xff0xe00xf50x05
Fault Model: LSB bit-flip
base address to flip value: 0x7fffffffd9b8
address max offset: 4
Memory content after  bitflip:0xff0xe00xf50x0d
frame name: genetic_algorithm
symbol name: f2
symbol filename: knapsackga.cpp
symbol line: 131
value: {solution = std::vector of length 200, capacity 200 = {0, 0, 0, 0, 1, 1, 0, 0, 0, 0, 0, 0, 0, 1, 1, 1, 1, 0, 0, 1, 0, 0, 0, 0, 1, 0, 0, 1, 1, 0, 0, 0, 0, 1, 1, 0, 0, 1, 1, 1, 0, 0, 0, 0, 1, 0, 1, 0, 1, 0, 1, 1, 1, 0, 1, 1, 1, 0, 0, 1, 1, 0, 0, 0, 0, 0, 1, 0, 0, 0, 1, 0, 0, 0, 0, 1, 0, 0, 1, 1, 1, 0, 0, 1, 1, 0, 1, 0, 1, 0, 0, 1, 0, 0, 1, 0, 0, 0, 0, 0, 0, 1, 0, 1, 0, 1, 1, 1, 0, 0, 1, 0, 0, 1, 0, 1, 0, 0, 0, 1, 1, 0, 1, 0, 0, 0, 0, 0, 1, 1, 1, 1, 0, 1, 1, 0, 0, 0, 1, 0, 0, 0, 1, 0, 1, 0, 0, 0, 0, 1, 0, 0, 0, 0, 0, 0, 0, 1, 1, 1, 1, 0, 0, 0, 1, 0, 1, 0, 0, 1, 0, 0, 1, 0, 1, 0, 0, 0, 1, 0, 1, 0, 0, 1, 0, 0, 1, 1, 1, 0, 0, 0, 0, 0, 0, 0, 0, 0, 0, 1...}, fitness = 234217727}
value address: 0x7fffffffd9a0
Type: The type is a structure.
Type sizeof: 32
Field name: solution
Field Type: The type is a structure.
Field Type sizeof: 24
Field name: fitness
Field Type: The type is an integer type.
Field Type sizeof: 4

[INFO -- 2018-12-09 07:02:01]
Fault Injection Successful after 4.295209884643555s
[INFO -- 2018-12-09 07:02:05]
event type: exit
[INFO -- 2018-12-09 07:02:05]
exit code: 0
