[INFO -- 2018-09-25 07:46:55]
Starting flip_value script
version: 1.1
[INFO -- 2018-09-25 07:46:55]
Initialization strings:
[INFO -- 2018-09-25 07:46:55]
(1) file /tmp/knapsack/ga
[INFO -- 2018-09-25 07:46:55]
initSignal:1
[INFO -- 2018-09-25 07:46:55]
endSignal:3.5
[INFO -- 2018-09-25 07:46:55]
faultModel:2
[INFO -- 2018-09-25 07:46:56]
Backtrace BEGIN:
#0  std::vector<chromossome, std::allocator<chromossome> >::end (this=0x7fffffffd870) at /usr/include/c++/7/bits/stl_vector.h:582
#1  0x000055555555503e in tournament (pop=std::vector of length 40, capacity 64 = {...}) at knapsackga.cpp:66
#2  0x0000555555555409 in genetic_algorithm () at knapsackga.cpp:102
#3  0x00005555555558d7 in main () at knapsackga.cpp:137

577	       *  element in the %vector.  Iteration is done in ordinary
578	       *  element order.
579	       */
580	      iterator
581	      end() _GLIBCXX_NOEXCEPT
582	      { return iterator(this->_M_impl._M_finish); }
583	
584	      /**
585	       *  Returns a read-only (constant) iterator that points one past
586	       *  the last element in the %vector.  Iteration is done in

Backtrace END
Memory content before bitflip:0xef0x290xf80xff
Fault Model: Random bit-flip
base address to flip value: 0x7fffffffd8c0
address max offset: 4
Memory content after  bitflip:0xa60x250xac0x5d
frame name: genetic_algorithm
symbol name: best
symbol filename: knapsackga.cpp
symbol line: 92
value: 1571562918
value address: 0x7fffffffd8c0
Type: The type is an integer type.
Type sizeof: 4

[INFO -- 2018-09-25 07:46:56]
Fault Injection Successful after 1.9703640937805176s
[INFO -- 2018-09-25 07:46:58]
event type: exit
[INFO -- 2018-09-25 07:46:58]
exit code: 0
