[INFO -- 2018-12-01 11:06:41]
Starting flip_value script
version: 1.1
[INFO -- 2018-12-01 11:06:41]
Initialization strings:
[INFO -- 2018-12-01 11:06:41]
(1) file /tmp/knapsack/ga
[INFO -- 2018-12-01 11:06:41]
initSignal:0
[INFO -- 2018-12-01 11:06:41]
endSignal:13
[INFO -- 2018-12-01 11:06:41]
faultModel:4
[INFO -- 2018-12-01 11:06:49]
Backtrace BEGIN:
#0  0x00005555555591b4 in std::_Destroy_aux<false>::__destroy<chromossome*> (__first=0x555555776420, __last=0x555555776440) at /usr/include/c++/7/bits/stl_construct.h:107
#1  0x00005555555580e6 in std::_Destroy<chromossome*> (__first=0x555555776400, __last=0x555555776440) at /usr/include/c++/7/bits/stl_construct.h:137
#2  0x0000555555556cff in std::_Destroy<chromossome*, chromossome> (__first=0x555555776400, __last=0x555555776440) at /usr/include/c++/7/bits/stl_construct.h:206
#3  0x0000555555556eb0 in std::vector<chromossome, std::allocator<chromossome> >::_M_realloc_insert<chromossome const&> (this=0x7fffffffd800, __position={solution = std::vector of length 36, capacity 0 = {<error reading variable>, __args#0=...) at /usr/include/c++/7/bits/vector.tcc:446
#4  0x0000555555555fb8 in std::vector<chromossome, std::allocator<chromossome> >::push_back (this=0x7fffffffd800, __x=...) at /usr/include/c++/7/bits/stl_vector.h:948
#5  0x000055555555515c in tournament (pop=std::vector of length 40, capacity 64 = {...}) at knapsackga.cpp:63
#6  0x0000555555555581 in genetic_algorithm () at knapsackga.cpp:103
#7  0x0000555555555aab in main () at knapsackga.cpp:143

102	    {
103	      template<typename _ForwardIterator>
104	        static void
105	        __destroy(_ForwardIterator __first, _ForwardIterator __last)
106		{
107		  for (; __first != __last; ++__first)
108		    std::_Destroy(std::__addressof(*__first));
109		}
110	    };
111	

Backtrace END
Fliping a bit of the value pointed by a reference
Fliping value of field: solution
Fliping value of field: std::_Vector_base<int, std::allocator<int> >
Fliping value of field: _M_impl
Fliping value of field: _M_finish
Fliping a bit of the value pointed by a pointer
Memory content before bitflip:0x000x000x000x00
Fault Model: LSB bit-flip
base address to flip value: 0x555555775e60
address max offset: 4
Memory content after  bitflip:0x000x000x000x20
frame name: std::vector<chromossome, std::allocator<chromossome> >::push_back
symbol name: __x
symbol filename: /usr/include/c++/7/bits/stl_vector.h
symbol line: 939
value: @0x5555557788c0
value address: 0x5555557788c0
Type: A reference type.
Type sizeof: 8

[INFO -- 2018-12-01 11:06:49]
Fault Injection Successful after 8.57515001296997s
[INFO -- 2018-12-01 11:06:53]
event type: exit
[INFO -- 2018-12-01 11:06:53]
exit code: 0
