[INFO -- 2018-09-25 03:24:03]
Starting flip_value script
version: 1.1
[INFO -- 2018-09-25 03:24:03]
Initialization strings:
[INFO -- 2018-09-25 03:24:03]
(1) file /tmp/knapsack/ga
[INFO -- 2018-09-25 03:24:03]
initSignal:1
[INFO -- 2018-09-25 03:24:03]
endSignal:3.5
[INFO -- 2018-09-25 03:24:03]
faultModel:1
[INFO -- 2018-09-25 03:24:05]
Backtrace BEGIN:
#0  0x0000555555555b8d in std::vector<int, std::allocator<int> >::operator[] (this=0x55555575f050 <wt>, __n=39) at /usr/include/c++/7/bits/stl_vector.h:795
#1  0x0000555555554f3d in cost (solution=std::vector of length 200, capacity 200 = {...}) at knapsackga.cpp:27
#2  0x0000555555555654 in genetic_algorithm () at knapsackga.cpp:112
#3  0x00005555555558d7 in main () at knapsackga.cpp:137

790	       *  Note that data access with this operator is unchecked and
791	       *  out_of_range lookups are not defined. (For checked lookups
792	       *  see at().)
793	       */
794	      reference
795	      operator[](size_type __n) _GLIBCXX_NOEXCEPT
796	      {
797		__glibcxx_requires_subscript(__n);
798		return *(this->_M_impl._M_start + __n);
799	      }

Backtrace END
Memory content before bitflip:0x0d0x000x000x00
Fault Model: Double bit-flip
base address to flip value: 0x7fffffffd8cc
address max offset: 4
Memory content after  bitflip:0x0d0x900x000x00
frame name: genetic_algorithm
symbol name: i
symbol filename: knapsackga.cpp
symbol line: 109
value: 36877
value address: 0x7fffffffd8cc
Type: The type is an integer type.
Type sizeof: 4

[INFO -- 2018-09-25 03:24:05]
Fault Injection Successful after 2.268892526626587s
[INFO -- 2018-09-25 03:24:07]
event type: exit
[INFO -- 2018-09-25 03:24:07]
exit code: 0
