[INFO -- 2018-12-07 22:58:54]
Starting flip_value script
version: 1.1
[INFO -- 2018-12-07 22:58:54]
Initialization strings:
[INFO -- 2018-12-07 22:58:54]
(1) file /tmp/knapsack/ga
[INFO -- 2018-12-07 22:58:54]
initSignal:1
[INFO -- 2018-12-07 22:58:54]
endSignal:8
[INFO -- 2018-12-07 22:58:54]
faultModel:1
[INFO -- 2018-12-07 22:58:56]
Backtrace BEGIN:
#0  0x0000555555557226 in std::vector<int, std::allocator<int> >::end (this=0x5555557811d0) at /usr/include/c++/7/bits/stl_vector.h:591
#1  0x000055555555619b in std::vector<int, std::allocator<int> >::vector (this=0x555555776420, __x=std::vector of length 200, capacity 256 = {...}) at /usr/include/c++/7/bits/stl_vector.h:331
#2  0x0000555555558123 in chromossome::chromossome (this=0x555555776420) at knapsackga.cpp:63
#3  0x0000555555558180 in __gnu_cxx::new_allocator<chromossome>::construct<chromossome, chromossome const&> (this=0x7fffffffd820, __p=0x555555776420, __args#0=...) at /usr/include/c++/7/ext/new_allocator.h:136
#4  0x0000555555556d7a in std::allocator_traits<std::allocator<chromossome> >::construct<chromossome, chromossome const&> (__a=..., __p=0x555555776420, __args#0=...) at /usr/include/c++/7/bits/alloc_traits.h:475
#5  0x0000555555556e3a in std::vector<chromossome, std::allocator<chromossome> >::_M_realloc_insert<chromossome const&> (this=0x7fffffffd820, __position=non-dereferenceable iterator for std::vector, __args#0=...) at /usr/include/c++/7/bits/vector.tcc:415
#6  0x0000555555556012 in std::vector<chromossome, std::allocator<chromossome> >::push_back (this=0x7fffffffd820, __x=...) at /usr/include/c++/7/bits/stl_vector.h:948
#7  0x0000555555555230 in tournament (pop=std::vector of length 40, capacity 64 = {...}) at knapsackga.cpp:84
#8  0x0000555555555653 in genetic_algorithm () at knapsackga.cpp:128
#9  0x0000555555555b6c in main () at knapsackga.cpp:165

586	       *  the last element in the %vector.  Iteration is done in
587	       *  ordinary element order.
588	       */
589	      const_iterator
590	      end() const _GLIBCXX_NOEXCEPT
591	      { return const_iterator(this->_M_impl._M_finish); }
592	
593	      /**
594	       *  Returns a read/write reverse iterator that points to the
595	       *  last element in the %vector.  Iteration is done in reverse

Backtrace END
Memory content before bitflip:0x280x000x000x00
Fault Model: Double bit-flip
base address to flip value: 0x55555575f014 
address max offset: 4
Memory content after  bitflip:0x280x000x0a0x00
frame name: std::vector<chromossome, std::allocator<chromossome> >::_M_realloc_insert<chromossome const&>
symbol name: pop_size2
symbol filename: knapsackga.cpp
symbol line: 20
value: 655400
value address: 0x55555575f014 <pop_size2>
Type: The type is an integer type.
Type sizeof: 4

[INFO -- 2018-12-07 22:58:56]
Fault Injection Successful after 2.8636443614959717s
[INFO -- 2018-12-07 22:58:56]
event type: exit
[INFO -- 2018-12-07 22:58:56]
exit code: 0
