[INFO -- 2018-09-23 13:01:51]
Starting flip_value script
version: 1.1
[INFO -- 2018-09-23 13:01:51]
Initialization strings:
[INFO -- 2018-09-23 13:01:51]
(1) file /tmp/knapsack/sa
[INFO -- 2018-09-23 13:01:51]
initSignal:0
[INFO -- 2018-09-23 13:01:51]
endSignal:2
[INFO -- 2018-09-23 13:01:51]
faultModel:4
[INFO -- 2018-09-23 13:01:53]
Backtrace BEGIN:
#0  0x000055555555551b in std::vector<int, std::allocator<int> >::operator[] (this=0x555555759050 <wt>, __n=148) at /usr/include/c++/7/bits/stl_vector.h:798
#1  0x0000555555554fab in cost (solution=std::vector of length 200, capacity 200 = {...}) at knapsacksa.cpp:28
#2  0x000055555555511f in simulated_annealing () at knapsacksa.cpp:50
#3  0x000055555555535e in main () at knapsacksa.cpp:84

793	       */
794	      reference
795	      operator[](size_type __n) _GLIBCXX_NOEXCEPT
796	      {
797		__glibcxx_requires_subscript(__n);
798		return *(this->_M_impl._M_start + __n);
799	      }
800	
801	      /**
802	       *  @brief  Subscript access to the data contained in the %vector.

Backtrace END
Memory content before bitflip:0x310xfb0x080x00
Fault Model: LSB bit-flip
base address to flip value: 0x55555575906c 
address max offset: 4
Memory content after  bitflip:0x310xfb0x080x02
frame name: cost
symbol name: W
symbol filename: knapsacksa.cpp
symbol line: 15
value: 34143025
value address: 0x55555575906c <W>
Type: The type is an integer type.
Type sizeof: 4

[INFO -- 2018-09-23 13:01:53]
Fault Injection Successful after 2.1736862659454346s
[INFO -- 2018-09-23 13:01:53]
event type: exit
[INFO -- 2018-09-23 13:01:53]
exit code: 0
