[INFO -- 2018-12-09 06:36:35]
Starting flip_value script
version: 1.1
[INFO -- 2018-12-09 06:36:35]
Initialization strings:
[INFO -- 2018-12-09 06:36:35]
(1) file /tmp/knapsack/ga
[INFO -- 2018-12-09 06:36:35]
initSignal:1
[INFO -- 2018-12-09 06:36:35]
endSignal:8
[INFO -- 2018-12-09 06:36:35]
faultModel:0
[INFO -- 2018-12-09 06:36:37]
Backtrace BEGIN:
#0  std::vector<int, std::allocator<int> >::operator[] (this=0x55555575f070 <wt>, __n=145) at /usr/include/c++/7/bits/stl_vector.h:799
#1  0x0000555555555091 in cost (solution=std::vector of length 200, capacity 200 = {...}) at knapsackga.cpp:40
#2  0x000055555555589e in genetic_algorithm () at knapsackga.cpp:138
#3  0x0000555555555b6c in main () at knapsackga.cpp:165

794	      reference
795	      operator[](size_type __n) _GLIBCXX_NOEXCEPT
796	      {
797		__glibcxx_requires_subscript(__n);
798		return *(this->_M_impl._M_start + __n);
799	      }
800	
801	      /**
802	       *  @brief  Subscript access to the data contained in the %vector.
803	       *  @param __n The index of the element for which data should be

Backtrace END
Memory content before bitflip:0x9b0x090x000x00
Fault Model: Single bit-flip
base address to flip value: 0x7fffffffd870
address max offset: 4
Memory content after  bitflip:0x9b0x890x000x00
frame name: genetic_algorithm
symbol name: g2
symbol filename: knapsackga.cpp
symbol line: 115
value: 35227
value address: 0x7fffffffd870
Type: The type is an integer type.
Type sizeof: 4

[INFO -- 2018-12-09 06:36:37]
Fault Injection Successful after 2.830341100692749s
[INFO -- 2018-12-09 06:36:37]
event type: exit
[INFO -- 2018-12-09 06:36:37]
exit code: 0
