[INFO -- 2018-12-08 15:43:37]
Starting flip_value script
version: 1.1
[INFO -- 2018-12-08 15:43:37]
Initialization strings:
[INFO -- 2018-12-08 15:43:37]
(1) file /tmp/knapsack/ga
[INFO -- 2018-12-08 15:43:37]
initSignal:1
[INFO -- 2018-12-08 15:43:37]
endSignal:8
[INFO -- 2018-12-08 15:43:37]
faultModel:4
[INFO -- 2018-12-08 15:43:39]
Backtrace BEGIN:
#0  cost (solution=std::vector of length 200, capacity 200 = {...}) at knapsackga.cpp:39
#1  0x000055555555589e in genetic_algorithm () at knapsackga.cpp:138
#2  0x0000555555555b6c in main () at knapsackga.cpp:165

34	    if(n != n2 || W != W2){
35	        exit_gracefully();
36	    }
37	
38	    int peso=0, peso2=0, valor=0, valor2=0;
39	    for(int i=0; i < n; i++){
40	        peso += solution[i] * wt[i];
41	        valor += solution[i] * val[i];
42	    }
43	    for(int i=0; i < n; i++){

Backtrace END
Memory content before bitflip:0x280x000x000x00
Fault Model: LSB bit-flip
base address to flip value: 0x55555575f014 
address max offset: 4
Memory content after  bitflip:0x280x000x000x04
frame name: genetic_algorithm
symbol name: pop_size2
symbol filename: knapsackga.cpp
symbol line: 20
value: 67108904
value address: 0x55555575f014 <pop_size2>
Type: The type is an integer type.
Type sizeof: 4

[INFO -- 2018-12-08 15:43:39]
Fault Injection Successful after 2.9445393085479736s
[INFO -- 2018-12-08 15:43:39]
event type: exit
[INFO -- 2018-12-08 15:43:39]
exit code: 0
