[INFO -- 2018-09-25 09:39:47]
Starting flip_value script
version: 1.1
[INFO -- 2018-09-25 09:39:47]
Initialization strings:
[INFO -- 2018-09-25 09:39:47]
(1) file /tmp/knapsack/ga
[INFO -- 2018-09-25 09:39:47]
initSignal:1
[INFO -- 2018-09-25 09:39:47]
endSignal:3.5
[INFO -- 2018-09-25 09:39:47]
faultModel:1
[INFO -- 2018-09-25 09:39:48]
Backtrace BEGIN:
#0  0x000055555555705c in std::_Vector_base<int, std::allocator<int> >::_M_deallocate (this=0x5555555568e1 <std::_Destroy<int*, int>(int*, int*, std::allocator<int>&)+39>, __p=0x7fffffffd750, __n=93824994535568) at /usr/include/c++/7/bits/stl_vector.h:176
#1  0x000055555555689d in std::_Vector_base<int, std::allocator<int> >::~_Vector_base (this=0x555555776500, __in_chrg=<optimized out>) at /usr/include/c++/7/bits/stl_vector.h:162
#2  0x0000555555555bed in std::vector<int, std::allocator<int> >::~vector (this=0x555555776500, __in_chrg=<optimized out>) at /usr/include/c++/7/bits/stl_vector.h:435
#3  0x0000555555555b62 in chromossome::~chromossome (this=0x555555776500, __in_chrg=<optimized out>) at knapsackga.cpp:42
#4  0x00005555555599b7 in std::_Destroy<chromossome> (__pointer=0x555555776500) at /usr/include/c++/7/bits/stl_construct.h:98
#5  0x0000555555558f21 in std::_Destroy_aux<false>::__destroy<chromossome*> (__first=0x555555776500, __last=0x555555776540) at /usr/include/c++/7/bits/stl_construct.h:108
#6  0x0000555555557e12 in std::_Destroy<chromossome*> (__first=0x5555557764e0, __last=0x555555776540) at /usr/include/c++/7/bits/stl_construct.h:137
#7  0x0000555555556a49 in std::_Destroy<chromossome*, chromossome> (__first=0x5555557764e0, __last=0x555555776540) at /usr/include/c++/7/bits/stl_construct.h:206
#8  0x0000555555555c81 in std::vector<chromossome, std::allocator<chromossome> >::~vector (this=0x7fffffffd870, __in_chrg=<optimized out>) at /usr/include/c++/7/bits/stl_vector.h:434
#9  0x0000555555555088 in tournament (pop=std::vector of length 40, capacity 64 = {...}) at knapsackga.cpp:59
#10 0x0000555555555447 in genetic_algorithm () at knapsackga.cpp:103
#11 0x00005555555558d7 in main () at knapsackga.cpp:137

171		typedef __gnu_cxx::__alloc_traits<_Tp_alloc_type> _Tr;
172		return __n != 0 ? _Tr::allocate(_M_impl, __n) : pointer();
173	      }
174	
175	      void
176	      _M_deallocate(pointer __p, size_t __n)
177	      {
178		typedef __gnu_cxx::__alloc_traits<_Tp_alloc_type> _Tr;
179		if (__p)
180		  _Tr::deallocate(_M_impl, __p, __n);

Backtrace END
Memory content before bitflip:0x370x0a0x000x00
Fault Model: Double bit-flip
base address to flip value: 0x7fffffffd8c4
address max offset: 4
Memory content after  bitflip:0x970x0a0x000x00
frame name: genetic_algorithm
symbol name: g
symbol filename: knapsackga.cpp
symbol line: 94
value: 2711
value address: 0x7fffffffd8c4
Type: The type is an integer type.
Type sizeof: 4

[INFO -- 2018-09-25 09:39:48]
Fault Injection Successful after 1.4727683067321777s
[INFO -- 2018-09-25 09:39:51]
event type: exit
[INFO -- 2018-09-25 09:39:51]
exit code: 0
