[INFO -- 2018-12-08 04:45:08]
Starting flip_value script
version: 1.1
[INFO -- 2018-12-08 04:45:08]
Initialization strings:
[INFO -- 2018-12-08 04:45:08]
(1) file /tmp/knapsack/sa
[INFO -- 2018-12-08 04:45:08]
initSignal:0
[INFO -- 2018-12-08 04:45:08]
endSignal:9
[INFO -- 2018-12-08 04:45:08]
faultModel:2
[EXCEPTION -- 2018-12-08 04:45:09]
gdbException: Attempt to dereference a generic pointer.
[INFO -- 2018-12-08 04:45:11]
Backtrace BEGIN:
#0  cost (solution=std::vector of length 200, capacity 200 = {...}) at knapsacksa.cpp:57
#1  0x000055555555534c in simulated_annealing () at knapsacksa.cpp:92
#2  0x0000555555555658 in main () at knapsacksa.cpp:146

52	    if(n != n2 || W != W2){
53	        exit_gracefully();
54	    }
55	
56	    int peso=0, peso2=0, valor=0, valor2=0;
57	    for(int i=0; i < n; i++){
58	        peso += solution[i] * wt[i];
59	        valor += solution[i] * val[i];
60	    }
61	    for(int i=0; i < n; i++){

Backtrace END
Memory content before bitflip:0x310xfb0x080x00
Fault Model: Random bit-flip
base address to flip value: 0x555555759034 
address max offset: 4
Memory content after  bitflip:0x4f0x970x190x31
frame name: cost
symbol name: W2
symbol filename: knapsacksa.cpp
symbol line: 13
value: 823760719
value address: 0x555555759034 <W2>
Type: The type is an integer type.
Type sizeof: 4

[INFO -- 2018-12-08 04:45:11]
Fault Injection Successful after 3.844674587249756s
[INFO -- 2018-12-08 04:45:11]
event type: exit
[INFO -- 2018-12-08 04:45:11]
exit code: 0
