[INFO -- 2018-09-23 12:52:25]
Starting flip_value script
version: 1.1
[INFO -- 2018-09-23 12:52:25]
Initialization strings:
[INFO -- 2018-09-23 12:52:25]
(1) file /tmp/knapsack/sa
[INFO -- 2018-09-23 12:52:25]
initSignal:0
[INFO -- 2018-09-23 12:52:25]
endSignal:2
[INFO -- 2018-09-23 12:52:25]
faultModel:2
[INFO -- 2018-09-23 12:52:26]
Backtrace BEGIN:
#0  0x0000555555554f8a in cost (solution=std::vector of length 200, capacity 200 = {...}) at knapsacksa.cpp:28
#1  0x000055555555511f in simulated_annealing () at knapsacksa.cpp:50
#2  0x000055555555535e in main () at knapsacksa.cpp:84

23	}
24	
25	int cost(vector<int> &solution){
26	    int peso=0, valor=0;
27	    for(int i=0; i < n; i++){
28	       peso += solution[i] * wt[i];
29	       valor += solution[i] * val[i];
30	    }
31	    if(peso > W)
32	       return 99999999;

Backtrace END
Memory content before bitflip:0xff0xe00xf50x05
Fault Model: Random bit-flip
base address to flip value: 0x7fffffffd9f8
address max offset: 4
Memory content after  bitflip:0xb50xe40xcc0x50
frame name: simulated_annealing
symbol name: c
symbol filename: knapsacksa.cpp
symbol line: 50
value: 1355605173
value address: 0x7fffffffd9f8
Type: The type is an integer type.
Type sizeof: 4

[INFO -- 2018-09-23 12:52:26]
Fault Injection Successful after 1.2579309940338135s
[INFO -- 2018-09-23 12:52:27]
event type: exit
[INFO -- 2018-09-23 12:52:27]
exit code: 0
