[INFO -- 2018-09-25 05:31:28]
Starting flip_value script
version: 1.1
[INFO -- 2018-09-25 05:31:28]
Initialization strings:
[INFO -- 2018-09-25 05:31:28]
(1) file /tmp/knapsack/ga
[INFO -- 2018-09-25 05:31:28]
initSignal:1
[INFO -- 2018-09-25 05:31:28]
endSignal:3.5
[INFO -- 2018-09-25 05:31:28]
faultModel:0
[INFO -- 2018-09-25 05:31:30]
Backtrace BEGIN:
#0  0x0000555555554f0f in cost (solution=std::vector of length 200, capacity 200 = {...}) at knapsackga.cpp:26
#1  0x0000555555555654 in genetic_algorithm () at knapsackga.cpp:112
#2  0x00005555555558d7 in main () at knapsackga.cpp:137

21	}
22	
23	int cost(vector<int> &solution){
24	    int peso=0, valor=0;
25	    for(int i=0; i < n; i++){
26	       peso += solution[i] * wt[i];
27	       valor += solution[i] * val[i];
28	    }
29	
30	    if(peso > W){

Backtrace END
Memory content before bitflip:0x1b0x000x000x00
Fault Model: Single bit-flip
base address to flip value: 0x7fffffffd8cc
address max offset: 4
Memory content after  bitflip:0x1b0x000x000x04
frame name: genetic_algorithm
symbol name: i
symbol filename: knapsackga.cpp
symbol line: 109
value: 67108891
value address: 0x7fffffffd8cc
Type: The type is an integer type.
Type sizeof: 4

[INFO -- 2018-09-25 05:31:30]
Fault Injection Successful after 2.919074535369873s
[INFO -- 2018-09-25 05:31:32]
event type: exit
[INFO -- 2018-09-25 05:31:32]
exit code: 0
