[INFO -- 2018-12-09 01:51:11]
Starting flip_value script
version: 1.1
[INFO -- 2018-12-09 01:51:11]
Initialization strings:
[INFO -- 2018-12-09 01:51:11]
(1) file /tmp/knapsack/ga
[INFO -- 2018-12-09 01:51:11]
initSignal:1
[INFO -- 2018-12-09 01:51:11]
endSignal:8
[INFO -- 2018-12-09 01:51:11]
faultModel:0
[INFO -- 2018-12-09 01:51:14]
Backtrace BEGIN:
#0  std::vector<int, std::allocator<int> >::begin (this=0x555555776740) at /usr/include/c++/7/bits/stl_vector.h:572
#1  0x00005555555561aa in std::vector<int, std::allocator<int> >::vector (this=0x7fffffffd940, __x=std::vector of length 200, capacity 200 = {...}) at /usr/include/c++/7/bits/stl_vector.h:331
#2  0x000055555555527f in tournament (pop=std::vector of length 40, capacity 64 = {...}) at knapsackga.cpp:88
#3  0x0000555555555653 in genetic_algorithm () at knapsackga.cpp:128
#4  0x0000555555555b6c in main () at knapsackga.cpp:165

567	       *  Returns a read-only (constant) iterator that points to the
568	       *  first element in the %vector.  Iteration is done in ordinary
569	       *  element order.
570	       */
571	      const_iterator
572	      begin() const _GLIBCXX_NOEXCEPT
573	      { return const_iterator(this->_M_impl._M_start); }
574	
575	      /**
576	       *  Returns a read/write iterator that points one past the last

Backtrace END
Memory content before bitflip:0x6d0x0a0x000x00
Fault Model: Single bit-flip
base address to flip value: 0x7fffffffd874
address max offset: 4
Memory content after  bitflip:0x6d0x0a0x080x00
frame name: genetic_algorithm
symbol name: g
symbol filename: knapsackga.cpp
symbol line: 116
value: 526957
value address: 0x7fffffffd874
Type: The type is an integer type.
Type sizeof: 4

[INFO -- 2018-12-09 01:51:14]
Fault Injection Successful after 3.161406993865967s
[INFO -- 2018-12-09 01:51:14]
event type: exit
[INFO -- 2018-12-09 01:51:14]
exit code: 0
