[INFO -- 2018-12-02 06:20:12]
Starting flip_value script
version: 1.1
[INFO -- 2018-12-02 06:20:12]
Initialization strings:
[INFO -- 2018-12-02 06:20:12]
(1) file /tmp/knapsack/ga
[INFO -- 2018-12-02 06:20:12]
initSignal:0
[INFO -- 2018-12-02 06:20:12]
endSignal:13
[INFO -- 2018-12-02 06:20:12]
faultModel:0
[INFO -- 2018-12-02 06:20:18]
Backtrace BEGIN:
#0  0x00005555555552d6 in crossover (pai=std::vector of length 200, capacity 200 = {...}, mae=std::vector of length 200, capacity 200 = {...}, filho1=std::vector of length 200, capacity 200 = {...}, filho2=std::vector of length 200, capacity 200 = {...}) at knapsackga.cpp:79
#1  0x00005555555555c7 in genetic_algorithm () at knapsackga.cpp:104
#2  0x0000555555555a9b in main () at knapsackga.cpp:141

74	        mask[i] = rand_bit();
75	    }
76	    filho1 = pai;
77	    filho2 = mae;
78	    for(int i = 0; i < n; i++){
79	        if(mask[i]){
80	            swap(filho1[i], filho2[i]);
81	        }
82	    }
83	}

Backtrace END
Memory content before bitflip:0xff0x7f0x000x00
Fault Model: Single bit-flip
base address to flip value: 0x7fffffffdaac
address max offset: 4
Memory content after  bitflip:0xff0x7f0x020x00
frame name: main
symbol name: result2
symbol filename: knapsackga.cpp
symbol line: 143
value: 163839
value address: 0x7fffffffdaac
Type: The type is an integer type.
Type sizeof: 4

[INFO -- 2018-12-02 06:20:18]
Fault Injection Successful after 6.360318660736084s
[INFO -- 2018-12-02 06:20:25]
event type: exit
[INFO -- 2018-12-02 06:20:25]
exit code: 0
