[INFO -- 2018-09-23 14:22:50]
Starting flip_value script
version: 1.1
[INFO -- 2018-09-23 14:22:50]
Initialization strings:
[INFO -- 2018-09-23 14:22:50]
(1) file /tmp/knapsack/sa
[INFO -- 2018-09-23 14:22:50]
initSignal:0
[INFO -- 2018-09-23 14:22:50]
endSignal:2
[INFO -- 2018-09-23 14:22:50]
faultModel:4
[INFO -- 2018-09-23 14:22:50]
Backtrace BEGIN:
#0  0x0000555555554d40 in operator new(unsigned long)@plt ()
#1  0x0000555555556ce0 in __gnu_cxx::new_allocator<int>::allocate (this=0x7fffffffda30, __n=200) at /usr/include/c++/7/ext/new_allocator.h:111
#2  0x0000555555556a43 in std::allocator_traits<std::allocator<int> >::allocate (__a=..., __n=200) at /usr/include/c++/7/bits/alloc_traits.h:436
#3  0x0000555555556600 in std::_Vector_base<int, std::allocator<int> >::_M_allocate (this=0x7fffffffda30, __n=200) at /usr/include/c++/7/bits/stl_vector.h:172
#4  0x0000555555556431 in std::_Vector_base<int, std::allocator<int> >::_M_create_storage (this=0x7fffffffda30, __n=200) at /usr/include/c++/7/bits/stl_vector.h:187
#5  0x0000555555555bc5 in std::_Vector_base<int, std::allocator<int> >::_Vector_base (this=0x7fffffffda30, __n=200, __a=...) at /usr/include/c++/7/bits/stl_vector.h:138
#6  0x0000555555555665 in std::vector<int, std::allocator<int> >::vector (this=0x7fffffffda30, __x=std::vector of length 200, capacity 200 = {...}) at /usr/include/c++/7/bits/stl_vector.h:328
#7  0x00005555555550ca in simulated_annealing () at knapsacksa.cpp:47
#8  0x000055555555535e in main () at knapsacksa.cpp:84

57	             //cout << exp(-delta/(float)(temp)) << endl;
58	             //co++;
59	
60	             solution = s;
61	             best = min(c, best);
62	         }
63	         temp *= 0.99999;
64	    }
65	    //cout << co << endl;
66	    

Backtrace END
Memory content before bitflip:0x650x420x000x00
Fault Model: LSB bit-flip
base address to flip value: 0x7fffffffda0c
address max offset: 4
Memory content after  bitflip:0x650x420x000x08
frame name: simulated_annealing
symbol name: delta
symbol filename: knapsacksa.cpp
symbol line: 51
value: 134234725
value address: 0x7fffffffda0c
Type: The type is an integer type.
Type sizeof: 4

[INFO -- 2018-09-23 14:22:50]
Fault Injection Successful after 0.8720216751098633s
[INFO -- 2018-09-23 14:22:52]
event type: exit
[INFO -- 2018-09-23 14:22:52]
exit code: 0
