[INFO -- 2018-12-01 03:02:40]
Starting flip_value script
version: 1.1
[INFO -- 2018-12-01 03:02:40]
Initialization strings:
[INFO -- 2018-12-01 03:02:40]
(1) file /tmp/knapsack/mf
[INFO -- 2018-12-01 03:02:40]
initSignal:0
[INFO -- 2018-12-01 03:02:40]
endSignal:12
[INFO -- 2018-12-01 03:02:40]
faultModel:4
[EXCEPTION -- 2018-12-01 03:02:42]
pythonException: Unable to exit loop in struct fields; Exiting wihtout making a bit flip
[EXCEPTION -- 2018-12-01 03:02:43]
gdbException: Cannot access memory at address 0x8000555555770bb0
[EXCEPTION -- 2018-12-01 03:02:43]
gdbException: Cannot access memory at address 0x2000555555770fc0
[INFO -- 2018-12-01 03:02:43]
event type: exit
[EXCEPTION -- 2018-12-01 03:02:43]
exit code: no exit code available
