[INFO -- 2018-09-25 08:01:40]
Starting flip_value script
version: 1.1
[INFO -- 2018-09-25 08:01:40]
Initialization strings:
[INFO -- 2018-09-25 08:01:40]
(1) file /tmp/knapsack/ga
[INFO -- 2018-09-25 08:01:40]
initSignal:1
[INFO -- 2018-09-25 08:01:40]
endSignal:3.5
[INFO -- 2018-09-25 08:01:40]
faultModel:1
[EXCEPTION -- 2018-09-25 08:01:42]
pythonException: Unable to exit loop in struct fields; Exiting wihtout making a bit flip
[INFO -- 2018-09-25 08:01:42]
Backtrace BEGIN:
#0  0x00005555555595d3 in std::__copy_move_a<false, int const*, int*> (__first=0x55555577cd30, __last=0x55555577d050, __result=0x7fffffffd598) at /usr/include/c++/7/bits/stl_algobase.h:375
#1  0x000055555555a8a1 in std::__copy_move_a2<false, __gnu_cxx::__normal_iterator<int const*, std::vector<int, std::allocator<int> > >, int*> (__first=0, __last=0, __result=0x555555786bc0) at /usr/include/c++/7/bits/stl_algobase.h:424
#2  0x0000555555559fd6 in std::copy<__gnu_cxx::__normal_iterator<int const*, std::vector<int, std::allocator<int> > >, int*> (__first=0, __last=0, __result=0x555555786bc0) at /usr/include/c++/7/bits/stl_algobase.h:456
#3  0x000055555555948e in std::__uninitialized_copy<true>::__uninit_copy<__gnu_cxx::__normal_iterator<int const*, std::vector<int, std::allocator<int> > >, int*> (__first=0, __last=0, __result=0x555555786bc0) at /usr/include/c++/7/bits/stl_uninitialized.h:101
#4  0x00005555555583be in std::uninitialized_copy<__gnu_cxx::__normal_iterator<int const*, std::vector<int, std::allocator<int> > >, int*> (__first=0, __last=0, __result=0x555555786bc0) at /usr/include/c++/7/bits/stl_uninitialized.h:134
#5  0x0000555555556f6d in std::__uninitialized_copy_a<__gnu_cxx::__normal_iterator<int const*, std::vector<int, std::allocator<int> > >, int*, int> (__first=0, __last=0, __result=0x555555786bc0) at /usr/include/c++/7/bits/stl_uninitialized.h:289
#6  0x0000555555555ed1 in std::vector<int, std::allocator<int> >::vector (this=0x555555776520, __x=std::vector of length 200, capacity 256 = {...}) at /usr/include/c++/7/bits/stl_vector.h:331
#7  0x0000555555557e39 in chromossome::chromossome (this=0x555555776520) at knapsackga.cpp:42
#8  0x0000555555557e96 in __gnu_cxx::new_allocator<chromossome>::construct<chromossome, chromossome const&> (this=0x7fffffffd870, __p=0x555555776520, __args#0=...) at /usr/include/c++/7/ext/new_allocator.h:136
#9  0x0000555555556a90 in std::allocator_traits<std::allocator<chromossome> >::construct<chromossome, chromossome const&> (__a=..., __p=0x555555776520, __args#0=...) at /usr/include/c++/7/bits/alloc_traits.h:475
#10 0x0000555555556b50 in std::vector<chromossome, std::allocator<chromossome> >::_M_realloc_insert<chromossome const&> (this=0x7fffffffd870, __position={solution = std::vector of length 36, capacity 0 = {<error reading variable>, __args#0=...) at /usr/include/c++/7/bits/vector.tcc:415
#11 0x0000555555555d28 in std::vector<chromossome, std::allocator<chromossome> >::push_back (this=0x7fffffffd870, __x=...) at /usr/include/c++/7/bits/stl_vector.h:948
#12 0x000055555555502c in tournament (pop=std::vector of length 40, capacity 64 = {...}) at knapsackga.cpp:63
#13 0x0000555555555447 in genetic_algorithm () at knapsackga.cpp:103
#14 0x00005555555558d7 in main () at knapsackga.cpp:137

370		}
371	    };
372	
373	  template<bool _IsMove, typename _II, typename _OI>
374	    inline _OI
375	    __copy_move_a(_II __first, _II __last, _OI __result)
376	    {
377	      typedef typename iterator_traits<_II>::value_type _ValueTypeI;
378	      typedef typename iterator_traits<_OI>::value_type _ValueTypeO;
379	      typedef typename iterator_traits<_II>::iterator_category _Category;

Backtrace END
Memory content before bitflip:0x1a0x000x000x00
Fault Model: Double bit-flip
base address to flip value: 0x7fffffffd86c
address max offset: 4
Memory content after  bitflip:0x1a0x000x000x88
frame name: tournament
symbol name: randIndex
symbol filename: knapsackga.cpp
symbol line: 62
value: -2013265894
value address: 0x7fffffffd86c
Type: The type is an integer type.
Type sizeof: 4

[INFO -- 2018-09-25 08:01:42]
Fault Injection Successful after 2.5766613483428955s
[INFO -- 2018-09-25 08:01:44]
event type: exit
[INFO -- 2018-09-25 08:01:44]
exit code: 0
