[INFO -- 2018-09-25 05:55:09]
Starting flip_value script
version: 1.1
[INFO -- 2018-09-25 05:55:09]
Initialization strings:
[INFO -- 2018-09-25 05:55:09]
(1) file /tmp/knapsack/ga
[INFO -- 2018-09-25 05:55:09]
initSignal:1
[INFO -- 2018-09-25 05:55:09]
endSignal:3.5
[INFO -- 2018-09-25 05:55:09]
faultModel:3
[INFO -- 2018-09-25 05:55:11]
Backtrace BEGIN:
#0  __memmove_sse2_unaligned_erms () at ../sysdeps/x86_64/multiarch/memmove-vec-unaligned-erms.S:377
#1  0x000055555555a0d0 in std::__copy_move<false, true, std::random_access_iterator_tag>::__copy_m<int> (__first=0x555555786ef0, __last=0x555555787210, __result=0x555555786890) at /usr/include/c++/7/bits/stl_algobase.h:368
#2  0x00005555555595f2 in std::__copy_move_a<false, int const*, int*> (__first=0x555555786ef0, __last=0x555555787210, __result=0x555555786890) at /usr/include/c++/7/bits/stl_algobase.h:386
#3  0x000055555555a8a1 in std::__copy_move_a2<false, __gnu_cxx::__normal_iterator<int const*, std::vector<int, std::allocator<int> > >, int*> (__first=0, __last=816, __result=0x555555786890) at /usr/include/c++/7/bits/stl_algobase.h:424
#4  0x0000555555559fd6 in std::copy<__gnu_cxx::__normal_iterator<int const*, std::vector<int, std::allocator<int> > >, int*> (__first=0, __last=816, __result=0x555555786890) at /usr/include/c++/7/bits/stl_algobase.h:456
#5  0x000055555555948e in std::__uninitialized_copy<true>::__uninit_copy<__gnu_cxx::__normal_iterator<int const*, std::vector<int, std::allocator<int> > >, int*> (__first=0, __last=816, __result=0x555555786890) at /usr/include/c++/7/bits/stl_uninitialized.h:101
#6  0x00005555555583be in std::uninitialized_copy<__gnu_cxx::__normal_iterator<int const*, std::vector<int, std::allocator<int> > >, int*> (__first=0, __last=816, __result=0x555555786890) at /usr/include/c++/7/bits/stl_uninitialized.h:134
#7  0x0000555555556f6d in std::__uninitialized_copy_a<__gnu_cxx::__normal_iterator<int const*, std::vector<int, std::allocator<int> > >, int*, int> (__first=0, __last=816, __result=0x555555786890) at /usr/include/c++/7/bits/stl_uninitialized.h:289
#8  0x0000555555555ed1 in std::vector<int, std::allocator<int> >::vector (this=0x7fffffffd9b0, __x=std::vector of length 200, capacity 200 = {...}) at /usr/include/c++/7/bits/stl_vector.h:331
#9  0x000055555555507b in tournament (pop=std::vector of length 40, capacity 64 = {...}) at knapsackga.cpp:67
#10 0x0000555555555447 in genetic_algorithm () at knapsackga.cpp:103
#11 0x00005555555558d7 in main () at knapsackga.cpp:137

372	../sysdeps/x86_64/multiarch/memmove-vec-unaligned-erms.S: No such file or directory.

Backtrace END
Fliping value of field: std::_Vector_base<chromossome, std::allocator<chromossome> >
Fliping value of field: _M_impl
Fliping value of field: _M_start
Fliping a bit of the value pointed by a pointer
Fliping value of field: fitness
Memory content before bitflip:0xb30x2d0xf80xff
Fault Model: Zero bit-flip
base address to flip value: 0x5555557764f8
address max offset: 4
Memory content after  bitflip:0x000x000x000x00
frame name: tournament
symbol name: competitors
symbol filename: knapsackga.cpp
symbol line: 59
value: std::vector of length 3, capacity 4 = {{solution = std::vector of length 200, capacity 200 = {0, 1, 0, 0, 1, 1, 0, 0, 0, 0, 0, 0, 0, 1, 1, 1, 1, 0, 0, 1, 0, 0, 0, 0, 1, 0, 0, 1, 1, 0, 0, 0, 0, 1, 1, 0, 0, 1, 1, 1, 0, 0, 0, 0, 1, 0, 1, 0, 1, 0, 1, 1, 1, 0, 1, 1, 1, 0, 0, 1, 1, 0, 0, 0, 0, 0, 1, 0, 0, 0, 1, 0, 0, 0, 0, 1, 0, 0, 0, 1, 1, 0, 0, 1, 1, 0, 1, 0, 1, 0, 0, 1, 0, 0, 1, 0, 0, 0, 0, 0, 0, 1, 0, 1, 0, 1, 1, 1, 0, 0, 1, 0, 0, 1, 0, 1, 0, 0, 0, 1, 1, 0, 1, 0, 0, 0, 0, 0, 1, 1, 1, 1, 0, 1, 1, 0, 0, 0, 1, 0, 0, 0, 1, 0, 1, 0, 0, 0, 0, 1, 0, 0, 0, 0, 0, 0, 0, 1, 1, 1, 1, 0, 0, 0, 1, 0, 1, 0, 0, 1, 0, 0, 1, 0, 1, 0, 0, 0, 1, 0, 1, 0, 0, 1, 0, 0, 1, 1, 1, 1, 0, 0, 0, 0, 0, 0, 0, 0, 0, 1...}, fitness = 0}, {solution = std::vector of length 200, capacity 200 = {0, 1, 0, 0, 1, 1, 0, 0, 0, 0, 0, 0, 0, 1, 1, 1, 1, 0, 0, 1, 0, 0, 0, 0, 1, 0, 0, 1, 1, 0, 0, 0, 0, 1, 1, 0, 0, 1, 1, 1, 0, 0, 0, 0, 1, 0, 1, 0, 1, 0, 1, 1, 1, 0, 1, 1, 1, 0, 0, 1, 1, 0, 0, 0, 0, 0, 1, 0, 0, 0, 1, 0, 0, 0, 0, 1, 0, 0, 0, 1, 1, 0, 0, 1, 1, 0, 1, 0, 1, 0, 0, 1, 0, 0, 1, 0, 0, 0, 0, 0, 0, 1, 0, 1, 0, 1, 1, 1, 0, 0, 1, 0, 0, 1, 0, 1, 0, 0, 0, 1, 1, 0, 1, 0, 0, 0, 0, 0, 1, 1, 1, 1, 0, 1, 1, 0, 0, 0, 1, 0, 0, 0, 1, 0, 1, 0, 0, 0, 0, 1, 0, 0, 0, 0, 0, 0, 0, 1, 1, 1, 1, 0, 0, 0, 1, 0, 1, 0, 0, 1, 0, 0, 1, 0, 1, 0, 0, 0, 1, 0, 1, 0, 0, 1, 0, 0, 1, 1, 1, 1, 0, 0, 0, 0, 0, 0, 0, 0, 0, 1...}, fitness = -512589}, {solution = std::vector of length 200, capacity 200 = {0, 1, 0, 0, 1, 1, 0, 0, 0, 0, 0, 0, 0, 1, 1, 1, 1, 0, 0, 1, 0, 0, 0, 0, 1, 0, 0, 1, 1, 1, 0, 0, 0, 1, 1, 0, 0, 1, 1, 1, 0, 0, 0, 0, 1, 0, 1, 0, 1, 0, 1, 1, 1, 0, 1, 1, 1, 0, 0, 1, 0, 0, 0, 0, 0, 0, 1, 0, 0, 0, 1, 0, 0, 0, 0, 1, 0, 0, 0, 1, 1, 0, 0, 1, 1, 0, 1, 0, 1, 0, 0, 1, 0, 0, 1, 0, 0, 0, 0, 0, 0, 1, 0, 1, 0, 1, 1, 1, 0, 0, 1, 0, 0, 1, 0, 1, 0, 0, 0, 1, 1, 0, 1, 0, 0, 0, 0, 0, 1, 1, 1, 1, 0, 1, 1, 0, 0, 0, 1, 0, 0, 0, 1, 0, 1, 0, 0, 0, 0, 1, 0, 0, 0, 0, 0, 0, 0, 1, 1, 1, 1, 0, 0, 0, 1, 0, 1, 0, 0, 1, 0, 0, 1, 0, 1, 0, 0, 0, 1, 0, 1, 0, 0, 1, 0, 0, 1, 1, 1, 1, 0, 0, 0, 0, 0, 0, 0, 0, 0, 1...}, fitness = -505590}}
value address: 0x7fffffffd870
Type: The type is a structure.
Type sizeof: 24
Field name: std::_Vector_base<chromossome, std::allocator<chromossome> >
Field Type: The type is a structure.
Field Type sizeof: 24

[INFO -- 2018-09-25 05:55:11]
Fault Injection Successful after 2.021253824234009s
[INFO -- 2018-09-25 05:55:13]
event type: exit
[INFO -- 2018-09-25 05:55:13]
exit code: 0
