[INFO -- 2018-11-30 04:29:46]
Starting flip_value script
version: 1.1
[INFO -- 2018-11-30 04:29:46]
Initialization strings:
[INFO -- 2018-11-30 04:29:46]
(1) file /tmp/knapsack/sa
[INFO -- 2018-11-30 04:29:46]
initSignal:0
[INFO -- 2018-11-30 04:29:46]
endSignal:7
[INFO -- 2018-11-30 04:29:46]
faultModel:1
[INFO -- 2018-11-30 04:29:47]
Backtrace BEGIN:
#0  0x000055555555608e in std::_Vector_base<int, std::allocator<int> >::_M_deallocate (this=0x555555555f17 <std::_Destroy<int*, int>(int*, int*, std::allocator<int>&)+39>, __p=0x7fffffffd910, __n=93824994436624) at /usr/include/c++/7/bits/stl_vector.h:176
#1  0x0000555555555e19 in std::_Vector_base<int, std::allocator<int> >::~_Vector_base (this=0x7fffffffd990, __in_chrg=<optimized out>) at /usr/include/c++/7/bits/stl_vector.h:162
#2  0x000055555555588b in std::vector<int, std::allocator<int> >::~vector (this=0x7fffffffd990, __in_chrg=<optimized out>) at /usr/include/c++/7/bits/stl_vector.h:435
#3  0x0000555555555305 in simulated_annealing () at knapsacksa.cpp:49
#4  0x0000555555555522 in main () at knapsacksa.cpp:85

171		typedef __gnu_cxx::__alloc_traits<_Tp_alloc_type> _Tr;
172		return __n != 0 ? _Tr::allocate(_M_impl, __n) : pointer();
173	      }
174	
175	      void
176	      _M_deallocate(pointer __p, size_t __n)
177	      {
178		typedef __gnu_cxx::__alloc_traits<_Tp_alloc_type> _Tr;
179		if (__p)
180		  _Tr::deallocate(_M_impl, __p, __n);

Backtrace END
Fliping a bit of the pointer
Memory content before bitflip:0x100xd90xff0xff0xff0x7f0x000x00
Fault Model: Double bit-flip
base address to flip value: 0x7fffffffd8e0
address max offset: 8
Memory content after  bitflip:0x100xd90xed0xff0xff0x7f0x000x00
frame name: std::_Vector_base<int, std::allocator<int> >::_M_deallocate
symbol name: __p
symbol filename: /usr/include/c++/7/bits/stl_vector.h
symbol line: 176
value: 0x7fffffffd910
value address: 0x7fffffffd8e0
Type: The type is a pointer.
Type sizeof: 8

[INFO -- 2018-11-30 04:29:47]
Fault Injection Successful after 1.1562716960906982s
[INFO -- 2018-11-30 04:29:53]
event type: exit
[INFO -- 2018-11-30 04:29:53]
exit code: 0
