[INFO -- 2018-12-08 23:25:26]
Starting flip_value script
version: 1.1
[INFO -- 2018-12-08 23:25:26]
Initialization strings:
[INFO -- 2018-12-08 23:25:26]
(1) file /tmp/knapsack/sa
[INFO -- 2018-12-08 23:25:26]
initSignal:0
[INFO -- 2018-12-08 23:25:26]
endSignal:9
[INFO -- 2018-12-08 23:25:26]
faultModel:4
[EXCEPTION -- 2018-12-08 23:25:27]
pythonException: Unable to exit loop in struct fields; Exiting wihtout making a bit flip
[EXCEPTION -- 2018-12-08 23:25:27]
pythonException: empty range for randrange() (0,0, 0)
[EXCEPTION -- 2018-12-08 23:25:28]
pythonException: Unable to exit loop in struct fields; Exiting wihtout making a bit flip
[INFO -- 2018-12-08 23:25:28]
Backtrace BEGIN:
#0  0x0000555555555861 in std::vector<int, std::allocator<int> >::operator[] (this=0x555555759060 <val2>, __n=181) at /usr/include/c++/7/bits/stl_vector.h:798
#1  0x00005555555551dd in cost (solution=std::vector of length 200, capacity 200 = {...}) at knapsacksa.cpp:63
#2  0x000055555555534c in simulated_annealing () at knapsacksa.cpp:92
#3  0x0000555555555658 in main () at knapsacksa.cpp:146

793	       */
794	      reference
795	      operator[](size_type __n) _GLIBCXX_NOEXCEPT
796	      {
797		__glibcxx_requires_subscript(__n);
798		return *(this->_M_impl._M_start + __n);
799	      }
800	
801	      /**
802	       *  @brief  Subscript access to the data contained in the %vector.

Backtrace END
Memory content before bitflip:0xe60x770x080x00
Fault Model: LSB bit-flip
base address to flip value: 0x7fffffffd6a8
address max offset: 4
Memory content after  bitflip:0xe60x770x080x01
frame name: cost
symbol name: peso
symbol filename: knapsacksa.cpp
symbol line: 56
value: 17332198
value address: 0x7fffffffd6a8
Type: The type is an integer type.
Type sizeof: 4

[INFO -- 2018-12-08 23:25:28]
Fault Injection Successful after 2.751591920852661s
[INFO -- 2018-12-08 23:25:28]
event type: exit
[INFO -- 2018-12-08 23:25:28]
exit code: 0
