[INFO -- 2018-12-07 22:11:49]
Starting flip_value script
version: 1.1
[INFO -- 2018-12-07 22:11:49]
Initialization strings:
[INFO -- 2018-12-07 22:11:49]
(1) file /tmp/knapsack/ga
[INFO -- 2018-12-07 22:11:49]
initSignal:1
[INFO -- 2018-12-07 22:11:49]
endSignal:8
[INFO -- 2018-12-07 22:11:49]
faultModel:2
[INFO -- 2018-12-07 22:11:54]
Backtrace BEGIN:
#0  0x000055555555acf1 in std::operator!=<chromossome*> (__x=..., __y=...) at /usr/include/c++/7/bits/stl_iterator.h:1136
#1  0x000055555555a69e in std::__uninitialized_copy<false>::__uninit_copy<std::move_iterator<chromossome*>, chromossome*> (__first=..., __last=..., __result=0x555555776540) at /usr/include/c++/7/bits/stl_uninitialized.h:82
#2  0x0000555555559d49 in std::uninitialized_copy<std::move_iterator<chromossome*>, chromossome*> (__first=..., __last=..., __result=0x555555776540) at /usr/include/c++/7/bits/stl_uninitialized.h:134
#3  0x0000555555559304 in std::__uninitialized_copy_a<std::move_iterator<chromossome*>, chromossome*, chromossome> (__first=..., __last=..., __result=0x555555776540) at /usr/include/c++/7/bits/stl_uninitialized.h:289
#4  0x0000555555558367 in std::__uninitialized_move_if_noexcept_a<chromossome*, chromossome*, std::allocator<chromossome> > (__first=0x555555776420, __last=0x555555776440, __result=0x555555776540, __alloc=...) at /usr/include/c++/7/bits/stl_uninitialized.h:312
#5  0x0000555555556e76 in std::vector<chromossome, std::allocator<chromossome> >::_M_realloc_insert<chromossome const&> (this=0x7fffffffd820, __position={solution = std::vector of length 20, capacity 0 = {<error reading variable>, __args#0=...) at /usr/include/c++/7/bits/vector.tcc:424
#6  0x0000555555556012 in std::vector<chromossome, std::allocator<chromossome> >::push_back (this=0x7fffffffd820, __x=...) at /usr/include/c++/7/bits/stl_vector.h:948
#7  0x0000555555555230 in tournament (pop=std::vector of length 40, capacity 64 = {...}) at knapsackga.cpp:84
#8  0x0000555555555653 in genetic_algorithm () at knapsackga.cpp:128
#9  0x0000555555555b6c in main () at knapsackga.cpp:165

1131		       const move_iterator<_IteratorR>& __y)
1132	    { return !(__x == __y); }
1133	
1134	  template<typename _Iterator>
1135	    inline _GLIBCXX17_CONSTEXPR bool
1136	    operator!=(const move_iterator<_Iterator>& __x,
1137		       const move_iterator<_Iterator>& __y)
1138	    { return !(__x == __y); }
1139	
1140	  template<typename _IteratorL, typename _IteratorR>

Backtrace END
Memory content before bitflip:0xe20x250xf80xff
Fault Model: Random bit-flip
base address to flip value: 0x7fffffffd86c
address max offset: 4
Memory content after  bitflip:0x440xad0xbc0x82
frame name: genetic_algorithm
symbol name: best
symbol filename: knapsackga.cpp
symbol line: 113
value: -2101564092
value address: 0x7fffffffd86c
Type: The type is an integer type.
Type sizeof: 4

[INFO -- 2018-12-07 22:11:54]
Fault Injection Successful after 5.612470388412476s
[INFO -- 2018-12-07 22:11:57]
event type: exit
[INFO -- 2018-12-07 22:11:57]
exit code: 0
