[INFO -- 2018-12-09 00:55:10]
Starting flip_value script
version: 1.1
[INFO -- 2018-12-09 00:55:10]
Initialization strings:
[INFO -- 2018-12-09 00:55:10]
(1) file /tmp/knapsack/ga
[INFO -- 2018-12-09 00:55:10]
initSignal:1
[INFO -- 2018-12-09 00:55:10]
endSignal:8
[INFO -- 2018-12-09 00:55:10]
faultModel:1
[INFO -- 2018-12-09 00:55:14]
Backtrace BEGIN:
#0  0x00005555555550c9 in cost (solution=std::vector of length 200, capacity 200 = {...}) at knapsackga.cpp:41
#1  0x000055555555589e in genetic_algorithm () at knapsackga.cpp:138
#2  0x0000555555555b6c in main () at knapsackga.cpp:165

36	    }
37	
38	    int peso=0, peso2=0, valor=0, valor2=0;
39	    for(int i=0; i < n; i++){
40	        peso += solution[i] * wt[i];
41	        valor += solution[i] * val[i];
42	    }
43	    for(int i=0; i < n; i++){
44	        peso2 += solution[i] * wt2[i];
45	        valor2 += solution[i] * val2[i];

Backtrace END
Memory content before bitflip:0xc80x000x000x00
Fault Model: Double bit-flip
base address to flip value: 0x55555575f0ac 
address max offset: 4
Memory content after  bitflip:0xc80x000x900x00
frame name: cost
symbol name: n2
symbol filename: knapsackga.cpp
symbol line: 18
value: 9437384
value address: 0x55555575f0ac <n2>
Type: The type is an integer type.
Type sizeof: 4

[INFO -- 2018-12-09 00:55:14]
Fault Injection Successful after 4.788044214248657s
[INFO -- 2018-12-09 00:55:14]
event type: exit
[INFO -- 2018-12-09 00:55:14]
exit code: 0
