[INFO -- 2018-09-23 22:33:00]
Starting flip_value script
version: 1.1
[INFO -- 2018-09-23 22:33:00]
Initialization strings:
[INFO -- 2018-09-23 22:33:00]
(1) file /tmp/knapsack/ga
[INFO -- 2018-09-23 22:33:00]
initSignal:1
[INFO -- 2018-09-23 22:33:00]
endSignal:3.5
[INFO -- 2018-09-23 22:33:00]
faultModel:3
[EXCEPTION -- 2018-09-23 22:33:01]
pythonException: Unable to exit loop in struct fields; Exiting wihtout making a bit flip
[INFO -- 2018-09-23 22:33:01]
Backtrace BEGIN:
#0  0x00005555555582c0 in std::allocator<int>::allocator (this=0x5555557764e0, __a=...) at /usr/include/c++/7/bits/allocator.h:134
#1  0x00005555555583fc in std::_Vector_base<int, std::allocator<int> >::_Vector_impl::_Vector_impl (this=0x5555557764e0, __a=...) at /usr/include/c++/7/bits/stl_vector.h:99
#2  0x0000555555556fa4 in std::_Vector_base<int, std::allocator<int> >::_Vector_base (this=0x5555557764e0, __x=...) at /usr/include/c++/7/bits/stl_vector.h:145
#3  0x0000555555555f6c in std::vector<int, std::allocator<int> >::vector (this=0x5555557764e0, __x=...) at /usr/include/c++/7/bits/stl_vector.h:345
#4  0x00005555555591ff in chromossome::chromossome (this=0x5555557764e0) at knapsackga.cpp:42
#5  0x000055555555aa9a in std::_Construct<chromossome, chromossome> (__p=0x5555557764e0, __args#0=...) at /usr/include/c++/7/bits/stl_construct.h:75
#6  0x000055555555a3de in std::__uninitialized_copy<false>::__uninit_copy<std::move_iterator<chromossome*>, chromossome*> (__first=..., __last=..., __result=0x5555557764e0) at /usr/include/c++/7/bits/stl_uninitialized.h:83
#7  0x0000555555559a5f in std::uninitialized_copy<std::move_iterator<chromossome*>, chromossome*> (__first=..., __last=..., __result=0x5555557764e0) at /usr/include/c++/7/bits/stl_uninitialized.h:134
#8  0x000055555555901a in std::__uninitialized_copy_a<std::move_iterator<chromossome*>, chromossome*, chromossome> (__first=..., __last=..., __result=0x5555557764e0) at /usr/include/c++/7/bits/stl_uninitialized.h:289
#9  0x000055555555807d in std::__uninitialized_move_if_noexcept_a<chromossome*, chromossome*, std::allocator<chromossome> > (__first=0x555555776400, __last=0x555555776440, __result=0x5555557764e0, __alloc=...) at /usr/include/c++/7/bits/stl_uninitialized.h:312
#10 0x0000555555556b8c in std::vector<chromossome, std::allocator<chromossome> >::_M_realloc_insert<chromossome const&> (this=0x7fffffffd870, __position={solution = std::vector of length 36, capacity 0 = {<error reading variable>, __args#0=...) at /usr/include/c++/7/bits/vector.tcc:424
#11 0x0000555555555d28 in std::vector<chromossome, std::allocator<chromossome> >::push_back (this=0x7fffffffd870, __x=...) at /usr/include/c++/7/bits/stl_vector.h:948
#12 0x000055555555502c in tournament (pop=std::vector of length 40, capacity 64 = {...}) at knapsackga.cpp:63
#13 0x0000555555555409 in genetic_algorithm () at knapsackga.cpp:102
#14 0x00005555555558d7 in main () at knapsackga.cpp:137

129	#endif
130	
131	      allocator() throw() { }
132	
133	      allocator(const allocator& __a) throw()
134	      : __allocator_base<_Tp>(__a) { }
135	
136	      template<typename _Tp1>
137		allocator(const allocator<_Tp1>&) throw() { }
138	

Backtrace END
Memory content before bitflip:0xbb0x070x000x00
Fault Model: Zero bit-flip
base address to flip value: 0x7fffffffd8c4
address max offset: 4
Memory content after  bitflip:0x000x000x000x00
frame name: genetic_algorithm
symbol name: g
symbol filename: knapsackga.cpp
symbol line: 94
value: 0
value address: 0x7fffffffd8c4
Type: The type is an integer type.
Type sizeof: 4

[INFO -- 2018-09-23 22:33:01]
Fault Injection Successful after 1.6711311340332031s
[INFO -- 2018-09-23 22:33:05]
event type: exit
[INFO -- 2018-09-23 22:33:05]
exit code: 0
