[INFO -- 2018-09-24 17:58:36]
Starting flip_value script
version: 1.1
[INFO -- 2018-09-24 17:58:36]
Initialization strings:
[INFO -- 2018-09-24 17:58:36]
(1) file /tmp/knapsack/ga
[INFO -- 2018-09-24 17:58:36]
initSignal:1
[INFO -- 2018-09-24 17:58:36]
endSignal:3.5
[INFO -- 2018-09-24 17:58:36]
faultModel:2
[INFO -- 2018-09-24 17:58:38]
Backtrace BEGIN:
#0  std::vector<int, std::allocator<int> >::operator[] (this=0x7fffffffd870, __n=3) at /usr/include/c++/7/bits/stl_vector.h:798
#1  0x0000555555555147 in crossover (pai=std::vector of length 200, capacity 200 = {...}, mae=std::vector of length 200, capacity 200 = {...}, filho1=std::vector of length 0, capacity 0, filho2=std::vector of length 0, capacity 0) at knapsackga.cpp:74
#2  0x000055555555548d in genetic_algorithm () at knapsackga.cpp:104
#3  0x00005555555558d7 in main () at knapsackga.cpp:137

793	       */
794	      reference
795	      operator[](size_type __n) _GLIBCXX_NOEXCEPT
796	      {
797		__glibcxx_requires_subscript(__n);
798		return *(this->_M_impl._M_start + __n);
799	      }
800	
801	      /**
802	       *  @brief  Subscript access to the data contained in the %vector.

Backtrace END
Fliping a bit of the value pointed by a reference
Fliping value of field: std::_Vector_base<int, std::allocator<int> >
Fliping value of field: _M_impl
Fliping value of field: _M_end_of_storage
Fliping a bit of the pointer
Memory content before bitflip:0x400x610x780x550x550x550x000x00
Fault Model: Random bit-flip
base address to flip value: 0x7fffffffd940
address max offset: 8
Memory content after  bitflip:0x4c0x5f0x130x1e0xd50xe00x960xfd
frame name: crossover
symbol name: mae
symbol filename: knapsackga.cpp
symbol line: 71
value: std::vector of length 200, capacity -43449538666119093 = {0, 1, 0, 0, 1, 1, 0, 0, 0, 0, 0, 0, 0, 1, 1, 1, 1, 0, 0, 1, 0, 0, 0, 0, 1, 0, 0, 1, 1, 0, 0, 0, 0, 1, 1, 0, 0, 1, 1, 1, 0, 0, 0, 0, 1, 0, 1, 0, 1, 0, 1, 1, 1, 0, 1, 1, 1, 0, 0, 1, 1, 0, 0, 0, 0, 0, 1, 0, 0, 0, 1, 0, 0, 0, 0, 1, 0, 0, 0, 1, 1, 0, 0, 1, 1, 0, 1, 0, 1, 0, 0, 1, 0, 0, 1, 0, 0, 0, 0, 0, 0, 1, 0, 1, 0, 1, 1, 1, 0, 0, 1, 0, 0, 1, 0, 1, 0, 0, 0, 1, 1, 0, 1, 0, 0, 0, 0, 0, 1, 1, 1, 1, 0, 1, 1, 0, 0, 0, 1, 0, 0, 0, 1, 0, 1, 0, 0, 0, 0, 1, 0, 0, 0, 0, 0, 0, 0, 1, 1, 1, 1, 0, 0, 0, 1, 0, 1, 0, 0, 1, 0, 0, 1, 0, 1, 0, 0, 0, 1, 0, 1, 0, 0, 1, 0, 0, 1, 1, 1, 1, 0, 0, 0, 0, 0, 0, 0, 0, 0, 1...}
value address: 0x7fffffffd930
Type: A reference type.
Type sizeof: 8

[INFO -- 2018-09-24 17:58:38]
Fault Injection Successful after 2.335280179977417s
[INFO -- 2018-09-24 17:58:40]
event type: exit
[INFO -- 2018-09-24 17:58:40]
exit code: 0
