[INFO -- 2018-09-25 01:48:37]
Starting flip_value script
version: 1.1
[INFO -- 2018-09-25 01:48:37]
Initialization strings:
[INFO -- 2018-09-25 01:48:37]
(1) file /tmp/knapsack/ga
[INFO -- 2018-09-25 01:48:37]
initSignal:1
[INFO -- 2018-09-25 01:48:37]
endSignal:3.5
[INFO -- 2018-09-25 01:48:37]
faultModel:4
[INFO -- 2018-09-25 01:48:39]
Backtrace BEGIN:
#0  0x0000555555557ad2 in std::_Destroy<int*> (__first=0x0, __last=0x0) at /usr/include/c++/7/bits/stl_construct.h:137
#1  0x00005555555568e1 in std::_Destroy<int*, int> (__first=0x0, __last=0x0) at /usr/include/c++/7/bits/stl_construct.h:206
#2  0x0000555555555be1 in std::vector<int, std::allocator<int> >::~vector (this=0x7fffffffd820, __in_chrg=<optimized out>) at /usr/include/c++/7/bits/stl_vector.h:434
#3  0x0000555555557474 in std::vector<int, std::allocator<int> >::_M_move_assign (this=0x7fffffffd910, __x=...) at /usr/include/c++/7/bits/stl_vector.h:1531
#4  0x0000555555556453 in std::vector<int, std::allocator<int> >::operator= (this=0x7fffffffd910, __x=...) at /usr/include/c++/7/bits/stl_vector.h:466
#5  0x0000555555555422 in genetic_algorithm () at knapsackga.cpp:102
#6  0x00005555555558d7 in main () at knapsackga.cpp:137

132	      // A deleted destructor is trivial, this ensures we reject such types:
133	      static_assert(is_destructible<_Value_type>::value,
134			    "value type is destructible");
135	#endif
136	      std::_Destroy_aux<__has_trivial_destructor(_Value_type)>::
137		__destroy(__first, __last);
138	    }
139	
140	  template<bool>
141	    struct _Destroy_n_aux

Backtrace END
Memory content before bitflip:0x310xfb0x080x00
Fault Model: LSB bit-flip
base address to flip value: 0x55555575f06c 
address max offset: 4
Memory content after  bitflip:0x310xfb0x080x02
frame name: std::_Destroy<int*, int>
symbol name: W
symbol filename: knapsackga.cpp
symbol line: 16
value: 34143025
value address: 0x55555575f06c <W>
Type: The type is an integer type.
Type sizeof: 4

[INFO -- 2018-09-25 01:48:39]
Fault Injection Successful after 2.2558295726776123s
[INFO -- 2018-09-25 01:48:41]
event type: exit
[INFO -- 2018-09-25 01:48:41]
exit code: 0
