[INFO -- 2018-12-09 00:53:21]
Starting flip_value script
version: 1.1
[INFO -- 2018-12-09 00:53:21]
Initialization strings:
[INFO -- 2018-12-09 00:53:21]
(1) file /tmp/knapsack/ga
[INFO -- 2018-12-09 00:53:21]
initSignal:1
[INFO -- 2018-12-09 00:53:21]
endSignal:8
[INFO -- 2018-12-09 00:53:21]
faultModel:1
[INFO -- 2018-12-09 00:53:22]
Backtrace BEGIN:
#0  0x00007ffff7adf441 in operator new(unsigned long) () from /usr/lib/x86_64-linux-gnu/libstdc++.so.6
#1  0x000055555555a35a in __gnu_cxx::new_allocator<int>::allocate (this=0x555555776780, __n=200) at /usr/include/c++/7/ext/new_allocator.h:111
#2  0x0000555555559871 in std::allocator_traits<std::allocator<int> >::allocate (__a=..., __n=200) at /usr/include/c++/7/bits/alloc_traits.h:436
#3  0x000055555555883e in std::_Vector_base<int, std::allocator<int> >::_M_allocate (this=0x555555776780, __n=200) at /usr/include/c++/7/bits/stl_vector.h:172
#4  0x0000555555558625 in std::_Vector_base<int, std::allocator<int> >::_M_create_storage (this=0x555555776780, __n=200) at /usr/include/c++/7/bits/stl_vector.h:187
#5  0x000055555555715d in std::_Vector_base<int, std::allocator<int> >::_Vector_base (this=0x555555776780, __n=200, __a=...) at /usr/include/c++/7/bits/stl_vector.h:138
#6  0x000055555555616d in std::vector<int, std::allocator<int> >::vector (this=0x555555776780, __x=std::vector of length 200, capacity 256 = {...}) at /usr/include/c++/7/bits/stl_vector.h:328
#7  0x0000555555558123 in chromossome::chromossome (this=0x555555776780) at knapsackga.cpp:63
#8  0x0000555555558180 in __gnu_cxx::new_allocator<chromossome>::construct<chromossome, chromossome const&> (this=0x7fffffffd820, __p=0x555555776780, __args#0=...) at /usr/include/c++/7/ext/new_allocator.h:136
#9  0x0000555555556d7a in std::allocator_traits<std::allocator<chromossome> >::construct<chromossome, chromossome const&> (__a=..., __p=0x555555776780, __args#0=...) at /usr/include/c++/7/bits/alloc_traits.h:475
#10 0x0000555555556e3a in std::vector<chromossome, std::allocator<chromossome> >::_M_realloc_insert<chromossome const&> (this=0x7fffffffd820, __position={solution = std::vector of length 36, capacity 0 = {<error reading variable>, __args#0=...) at /usr/include/c++/7/bits/vector.tcc:415
#11 0x0000555555556012 in std::vector<chromossome, std::allocator<chromossome> >::push_back (this=0x7fffffffd820, __x=...) at /usr/include/c++/7/bits/stl_vector.h:948
#12 0x0000555555555230 in tournament (pop=std::vector of length 40, capacity 64 = {...}) at knapsackga.cpp:84
#13 0x0000555555555691 in genetic_algorithm () at knapsackga.cpp:129
#14 0x0000555555555b6c in main () at knapsackga.cpp:165

137	                swap(new_pop[i].solution[rand() % n], new_pop[i].solution[rand() % n]);
138	            new_pop[i].fitness = cost(new_pop[i].solution);
139	        }
140	
141	        sort(new_pop.begin(), new_pop.end());
142	        best = new_pop[0].fitness;
143	        pop = new_pop;
144	        //cout << g << " " << -best << endl;
145	    }
146	

Backtrace END
Memory content before bitflip:0x310xfb0x080x00
Fault Model: Double bit-flip
base address to flip value: 0x55555575f0b4 
address max offset: 4
Memory content after  bitflip:0x320xfb0x080x00
frame name: main
symbol name: W2
symbol filename: knapsackga.cpp
symbol line: 18
value: 588594
value address: 0x55555575f0b4 <W2>
Type: The type is an integer type.
Type sizeof: 4

[INFO -- 2018-12-09 00:53:22]
Fault Injection Successful after 1.3595168590545654s
[INFO -- 2018-12-09 00:53:22]
event type: exit
[INFO -- 2018-12-09 00:53:22]
exit code: 0
