[INFO -- 2018-12-08 17:43:38]
Starting flip_value script
version: 1.1
[INFO -- 2018-12-08 17:43:38]
Initialization strings:
[INFO -- 2018-12-08 17:43:38]
(1) file /tmp/knapsack/sa
[INFO -- 2018-12-08 17:43:38]
initSignal:0
[INFO -- 2018-12-08 17:43:38]
endSignal:9
[INFO -- 2018-12-08 17:43:38]
faultModel:3
[INFO -- 2018-12-08 17:43:41]
Backtrace BEGIN:
#0  std::vector<int, std::allocator<int> >::operator[] (this=0x555555759060 <val2>, __n=112) at /usr/include/c++/7/bits/stl_vector.h:795
#1  0x0000555555555194 in cost (solution=std::vector of length 200, capacity 200 = {...}) at knapsacksa.cpp:62
#2  0x000055555555534c in simulated_annealing () at knapsacksa.cpp:92
#3  0x0000555555555658 in main () at knapsacksa.cpp:146

790	       *  Note that data access with this operator is unchecked and
791	       *  out_of_range lookups are not defined. (For checked lookups
792	       *  see at().)
793	       */
794	      reference
795	      operator[](size_type __n) _GLIBCXX_NOEXCEPT
796	      {
797		__glibcxx_requires_subscript(__n);
798		return *(this->_M_impl._M_start + __n);
799	      }

Backtrace END
Memory content before bitflip:0xab0xf10x080x00
Fault Model: Zero bit-flip
base address to flip value: 0x7fffffffd6a8
address max offset: 4
Memory content after  bitflip:0x000x000x000x00
frame name: cost
symbol name: peso
symbol filename: knapsacksa.cpp
symbol line: 56
value: 0
value address: 0x7fffffffd6a8
Type: The type is an integer type.
Type sizeof: 4

[INFO -- 2018-12-08 17:43:41]
Fault Injection Successful after 3.2332515716552734s
[INFO -- 2018-12-08 17:43:41]
event type: exit
[INFO -- 2018-12-08 17:43:41]
exit code: 0
