[INFO -- 2018-11-30 01:46:02]
Starting flip_value script
version: 1.1
[INFO -- 2018-11-30 01:46:02]
Initialization strings:
[INFO -- 2018-11-30 01:46:02]
(1) file /tmp/knapsack/sa
[INFO -- 2018-11-30 01:46:02]
initSignal:0
[INFO -- 2018-11-30 01:46:02]
endSignal:7
[INFO -- 2018-11-30 01:46:02]
faultModel:2
[INFO -- 2018-11-30 01:46:02]
Backtrace BEGIN:
#0  dl_main (phdr=<optimized out>, phnum=<optimized out>, user_entry=<optimized out>, auxv=<optimized out>) at rtld.c:2286
#1  0x00007ffff7df015a in _dl_sysdep_start (start_argptr=start_argptr@entry=0x7fffffffdee0, dl_main=dl_main@entry=0x7ffff7dd73d0 <dl_main>) at ../elf/dl-sysdep.c:253
#2  0x00007ffff7dd6e88 in _dl_start_final (arg=0x7fffffffdee0) at rtld.c:414
#3  _dl_start (arg=0x7fffffffdee0) at rtld.c:520
#4  0x00007ffff7dd5ea8 in _start () from /lib64/ld-linux-x86-64.so.2
#5  0x0000000000000001 in ?? ()
#6  0x00007fffffffe268 in ?? ()
#7  0x0000000000000000 in ?? ()

2281	rtld.c: No such file or directory.

Backtrace END
Memory content before bitflip:0x1e0x2b0xb90x820x610x010xbf0xa3
Fault Model: Random bit-flip
base address to flip value: 0x7ffff7ffc8b0 
address max offset: 8
Memory content after  bitflip:0x0c0x6b0xc20x2d0xe90xfa0x980x7d
frame name: _dl_start
symbol name: __pointer_chk_guard_local
symbol filename: rtld.c
symbol line: 96
value: 9050259330603051788
value address: 0x7ffff7ffc8b0 <__pointer_chk_guard_local>
Type: The type is an integer type.
Type sizeof: 8

[INFO -- 2018-11-30 01:46:02]
Fault Injection Successful after 0.8064079284667969s
[INFO -- 2018-11-30 01:46:10]
event type: exit
[INFO -- 2018-11-30 01:46:10]
exit code: 0
