[INFO -- 2018-09-25 04:08:19]
Starting flip_value script
version: 1.1
[INFO -- 2018-09-25 04:08:19]
Initialization strings:
[INFO -- 2018-09-25 04:08:19]
(1) file /tmp/knapsack/ga
[INFO -- 2018-09-25 04:08:19]
initSignal:1
[INFO -- 2018-09-25 04:08:19]
endSignal:3.5
[INFO -- 2018-09-25 04:08:19]
faultModel:3
[INFO -- 2018-09-25 04:08:20]
Backtrace BEGIN:
#0  0x00005555555571b9 in std::vector<int, std::allocator<int> >::begin (this=0x555555780010) at /usr/include/c++/7/bits/stl_vector.h:564
#1  0x000055555555624b in std::vector<int, std::allocator<int> >::operator= (this=0x555555780010, __x=std::vector of length 200, capacity 200 = {...}) at /usr/include/c++/7/bits/vector.tcc:218
#2  0x000055555555a1c3 in chromossome::operator= (this=0x555555780010) at knapsackga.cpp:42
#3  0x000055555555a21b in std::__copy_move<false, false, std::random_access_iterator_tag>::__copy_m<chromossome const*, chromossome*> (__first=0x555555789db0, __last=0x55555578a090, __result=0x555555780010) at /usr/include/c++/7/bits/stl_algobase.h:324
#4  0x00005555555597c1 in std::__copy_move_a<false, chromossome const*, chromossome*> (__first=0x555555789b90, __last=0x55555578a090, __result=0x55555577fdf0) at /usr/include/c++/7/bits/stl_algobase.h:386
#5  0x0000555555558b78 in std::__copy_move_a2<false, __gnu_cxx::__normal_iterator<chromossome const*, std::vector<chromossome, std::allocator<chromossome> > >, __gnu_cxx::__normal_iterator<chromossome*, std::vector<chromossome, std::allocator<chromossome> > > > (__first={solution = std::vector of length 200, capacity 200 = {0, 1, 0, 0, 1, 1, 0, 0, 0, 0, 0, 0, 0, 1, 1, 1, 1, 0, 0, 0, 0, 0, 0, 0, 1, 0, 0, 1, 1, 0, 0, 0, 0, 1, 1, 0, 0, 1, 1, 1, 0, 0, 0, 0, 1, 0, 1, 0, 1, 0, 0, 1, 1, 0, 1, 1, 1, 0, 0, 1, 1, 1, 1, 0, 0, 0, 1, 0, 0, 0, 0, 0, 0, 0, 1, 1, 0, 0, 0, 1, 1, 0, 0, 1, 1, 0, 1, 0, 1, 0, 0, 1, 0, 0, 1, 0, 0, 0, 0, 0, 0, 1, 0, 1, 0, 1, 0, 1, 0, 0, 0, 0, 1, 1, 0, 1, 0, 0, 1, 1, 1, 0, 1, 1, 0, 0, 1, 0, 1, 1, 1, 1, 0, 0, 1, 0, 0, 1, 1, 0, 0, 0, 1, 0, 1, 0, 0, 0, 0, 1, 0, 0, 0, 1, 0, 0, 0, 1, 1, 1, 1, 0, 0, 0, 1, 0, 0, 0, 1, 1, 1, 0, 1, 0, 1, 0, 0, 0, 0, 0, 1, 0, 0, 1, 1, 0, 1, 1, 1, 0, 0, 0, 0, 0, 0, 0, 0, 0, 0, 1...}, fitness = -509591}, __last={solution = std::vector of length 0, capacity 1073741824, fitness = 1}, __result={solution = std::vector of length 200, capacity 256 = {0, 1, 0, 0, 1, 1, 0, 0, 0, 0, 0, 0, 0, 1, 1, 1, 1, 0, 0, 0, 0, 0, 0, 0, 1, 0, 0, 1, 1, 0, 0, 0, 0, 1, 1, 0, 0, 1, 1, 1, 0, 0, 0, 0, 1, 0, 1, 0, 1, 0, 0, 1, 1, 0, 1, 1, 1, 0, 0, 1, 1, 1, 1, 0, 0, 0, 1, 0, 0, 0, 0, 0, 0, 0, 1, 1, 0, 0, 0, 1, 1, 0, 0, 1, 1, 0, 1, 0, 1, 0, 0, 1, 0, 0, 1, 0, 0, 0, 0, 0, 0, 1, 0, 1, 0, 1, 0, 1, 0, 0, 0, 0, 1, 1, 0, 1, 0, 0, 1, 1, 1, 0, 1, 1, 0, 0, 1, 0, 1, 1, 1, 1, 0, 0, 1, 0, 0, 1, 1, 0, 0, 0, 1, 0, 1, 0, 0, 0, 0, 1, 0, 0, 0, 1, 0, 0, 0, 1, 1, 1, 1, 0, 0, 0, 1, 0, 0, 0, 1, 1, 1, 0, 1, 0, 1, 0, 0, 0, 0, 0, 1, 0, 0, 1, 1, 0, 1, 1, 1, 0, 0, 0, 0, 0, 0, 0, 0, 0, 0, 1...}, fitness = -509591}) at /usr/include/c++/7/bits/stl_algobase.h:422
#6  0x000055555555770a in std::copy<__gnu_cxx::__normal_iterator<chromossome const*, std::vector<chromossome, std::allocator<chromossome> > >, __gnu_cxx::__normal_iterator<chromossome*, std::vector<chromossome, std::allocator<chromossome> > > > (__first={solution = std::vector of length 200, capacity 200 = {0, 1, 0, 0, 1, 1, 0, 0, 0, 0, 0, 0, 0, 1, 1, 1, 1, 0, 0, 0, 0, 0, 0, 0, 1, 0, 0, 1, 1, 0, 0, 0, 0, 1, 1, 0, 0, 1, 1, 1, 0, 0, 0, 0, 1, 0, 1, 0, 1, 0, 0, 1, 1, 0, 1, 1, 1, 0, 0, 1, 1, 1, 1, 0, 0, 0, 1, 0, 0, 0, 0, 0, 0, 0, 1, 1, 0, 0, 0, 1, 1, 0, 0, 1, 1, 0, 1, 0, 1, 0, 0, 1, 0, 0, 1, 0, 0, 0, 0, 0, 0, 1, 0, 1, 0, 1, 0, 1, 0, 0, 0, 0, 1, 1, 0, 1, 0, 0, 1, 1, 1, 0, 1, 1, 0, 0, 1, 0, 1, 1, 1, 1, 0, 0, 1, 0, 0, 1, 1, 0, 0, 0, 1, 0, 1, 0, 0, 0, 0, 1, 0, 0, 0, 1, 0, 0, 0, 1, 1, 1, 1, 0, 0, 0, 1, 0, 0, 0, 1, 1, 1, 0, 1, 0, 1, 0, 0, 0, 0, 0, 1, 0, 0, 1, 1, 0, 1, 1, 1, 0, 0, 0, 0, 0, 0, 0, 0, 0, 0, 1...}, fitness = -509591}, __last={solution = std::vector of length 0, capacity 1073741824, fitness = 1}, __result={solution = std::vector of length 200, capacity 256 = {0, 1, 0, 0, 1, 1, 0, 0, 0, 0, 0, 0, 0, 1, 1, 1, 1, 0, 0, 0, 0, 0, 0, 0, 1, 0, 0, 1, 1, 0, 0, 0, 0, 1, 1, 0, 0, 1, 1, 1, 0, 0, 0, 0, 1, 0, 1, 0, 1, 0, 0, 1, 1, 0, 1, 1, 1, 0, 0, 1, 1, 1, 1, 0, 0, 0, 1, 0, 0, 0, 0, 0, 0, 0, 1, 1, 0, 0, 0, 1, 1, 0, 0, 1, 1, 0, 1, 0, 1, 0, 0, 1, 0, 0, 1, 0, 0, 0, 0, 0, 0, 1, 0, 1, 0, 1, 0, 1, 0, 0, 0, 0, 1, 1, 0, 1, 0, 0, 1, 1, 1, 0, 1, 1, 0, 0, 1, 0, 1, 1, 1, 1, 0, 0, 1, 0, 0, 1, 1, 0, 0, 0, 1, 0, 1, 0, 0, 0, 0, 1, 0, 0, 0, 1, 0, 0, 0, 1, 1, 1, 1, 0, 0, 0, 1, 0, 0, 0, 1, 1, 1, 0, 1, 0, 1, 0, 0, 0, 0, 0, 1, 0, 0, 1, 1, 0, 1, 1, 1, 0, 0, 0, 0, 0, 0, 0, 0, 0, 0, 1...}, fitness = -509591}) at /usr/include/c++/7/bits/stl_algobase.h:456
#7  0x00005555555566e9 in std::vector<chromossome, std::allocator<chromossome> >::operator= (this=0x7fffffffd8d0, __x=std::vector of length 40, capacity 64 = {...}) at /usr/include/c++/7/bits/vector.tcc:218
#8  0x00005555555556c5 in genetic_algorithm () at knapsackga.cpp:117
#9  0x00005555555558d7 in main () at knapsackga.cpp:137

559	       *  element in the %vector.  Iteration is done in ordinary
560	       *  element order.
561	       */
562	      iterator
563	      begin() _GLIBCXX_NOEXCEPT
564	      { return iterator(this->_M_impl._M_start); }
565	
566	      /**
567	       *  Returns a read-only (constant) iterator that points to the
568	       *  first element in the %vector.  Iteration is done in ordinary

Backtrace END
Fliping value of field: _M_current
Fliping a bit of the value pointed by a pointer
Fliping value of field: solution
Fliping value of field: std::_Vector_base<int, std::allocator<int> >
Fliping value of field: _M_impl
Fliping value of field: _M_start
Fliping a bit of the pointer
Memory content before bitflip:0x000x000x000x000x000x000x000x00
Fault Model: Zero bit-flip
base address to flip value: 0x55555578a090
address max offset: 8
Memory content after  bitflip:0x000x000x000x000x000x000x000x00
frame name: std::__copy_move_a2<false, __gnu_cxx::__normal_iterator<chromossome const*, std::vector<chromossome, std::allocator<chromossome> > >, __gnu_cxx::__normal_iterator<chromossome*, std::vector<chromossome, std::allocator<chromossome> > > >
symbol name: __last
symbol filename: /usr/include/c++/7/bits/stl_algobase.h
symbol line: 420
value: {solution = std::vector of length 0, capacity 1073741824, fitness = 1}
value address: 0x7fffffffd7d0
Type: The type is a structure.
Type sizeof: 8
Field name: _M_current
Field Type: The type is a pointer.
Field Type sizeof: 8

[INFO -- 2018-09-25 04:08:20]
Fault Injection Successful after 1.587667465209961s
[INFO -- 2018-09-25 04:08:23]
event type: exit
[INFO -- 2018-09-25 04:08:23]
exit code: 0
