[INFO -- 2018-09-23 21:03:31]
Starting flip_value script
version: 1.1
[INFO -- 2018-09-23 21:03:31]
Initialization strings:
[INFO -- 2018-09-23 21:03:31]
(1) file /tmp/knapsack/sa
[INFO -- 2018-09-23 21:03:31]
initSignal:0
[INFO -- 2018-09-23 21:03:31]
endSignal:2
[INFO -- 2018-09-23 21:03:31]
faultModel:2
[INFO -- 2018-09-23 21:03:32]
Backtrace BEGIN:
#0  0x0000555555554fca in cost (solution=std::vector of length 200, capacity 200 = {...}) at knapsacksa.cpp:29
#1  0x000055555555511f in simulated_annealing () at knapsacksa.cpp:50
#2  0x000055555555535e in main () at knapsacksa.cpp:84

24	
25	int cost(vector<int> &solution){
26	    int peso=0, valor=0;
27	    for(int i=0; i < n; i++){
28	       peso += solution[i] * wt[i];
29	       valor += solution[i] * val[i];
30	    }
31	    if(peso > W)
32	       return 99999999;
33	    else

Backtrace END
Memory content before bitflip:0x390x000x000x00
Fault Model: Random bit-flip
base address to flip value: 0x7fffffffd9d8
address max offset: 4
Memory content after  bitflip:0x3f0x290x0a0xed
frame name: simulated_annealing
symbol name: i
symbol filename: knapsacksa.cpp
symbol line: 48
value: -318101185
value address: 0x7fffffffd9d8
Type: The type is an integer type.
Type sizeof: 4

[INFO -- 2018-09-23 21:03:32]
Fault Injection Successful after 1.0637271404266357s
[INFO -- 2018-09-23 21:03:33]
event type: exit
[INFO -- 2018-09-23 21:03:33]
exit code: 0
