[INFO -- 2018-09-23 19:25:06]
Starting flip_value script
version: 1.1
[INFO -- 2018-09-23 19:25:06]
Initialization strings:
[INFO -- 2018-09-23 19:25:06]
(1) file /tmp/knapsack/sa
[INFO -- 2018-09-23 19:25:06]
initSignal:0
[INFO -- 2018-09-23 19:25:06]
endSignal:2
[INFO -- 2018-09-23 19:25:06]
faultModel:4
[INFO -- 2018-09-23 19:25:07]
Backtrace BEGIN:
#0  0x0000555555555510 in std::vector<int, std::allocator<int> >::operator[] (this=0x555555759030 <val>, __n=125) at /usr/include/c++/7/bits/stl_vector.h:798
#1  0x0000555555554fde in cost (solution=std::vector of length 200, capacity 200 = {...}) at knapsacksa.cpp:29
#2  0x000055555555511f in simulated_annealing () at knapsacksa.cpp:50
#3  0x000055555555535e in main () at knapsacksa.cpp:84

793	       */
794	      reference
795	      operator[](size_type __n) _GLIBCXX_NOEXCEPT
796	      {
797		__glibcxx_requires_subscript(__n);
798		return *(this->_M_impl._M_start + __n);
799	      }
800	
801	      /**
802	       *  @brief  Subscript access to the data contained in the %vector.

Backtrace END
Memory content before bitflip:0xfb0xac0x030x00
Fault Model: LSB bit-flip
base address to flip value: 0x7fffffffd9d0
address max offset: 4
Memory content after  bitflip:0xfb0xac0x030x80
frame name: simulated_annealing
symbol name: temp
symbol filename: knapsacksa.cpp
symbol line: 42
value: -2147242757
value address: 0x7fffffffd9d0
Type: The type is an integer type.
Type sizeof: 4

[INFO -- 2018-09-23 19:25:07]
Fault Injection Successful after 1.5049550533294678s
[INFO -- 2018-09-23 19:25:09]
event type: exit
[INFO -- 2018-09-23 19:25:09]
exit code: 0
