[INFO -- 2018-12-08 07:59:09]
Starting flip_value script
version: 1.1
[INFO -- 2018-12-08 07:59:09]
Initialization strings:
[INFO -- 2018-12-08 07:59:09]
(1) file /tmp/knapsack/sa
[INFO -- 2018-12-08 07:59:09]
initSignal:0
[INFO -- 2018-12-08 07:59:09]
endSignal:9
[INFO -- 2018-12-08 07:59:09]
faultModel:1
[INFO -- 2018-12-08 07:59:11]
Backtrace BEGIN:
#0  0x0000555555555ebf in std::_Vector_base<int, std::allocator<int> >::~_Vector_base (this=0x7fffffffd740, __in_chrg=<optimized out>) at /usr/include/c++/7/bits/stl_vector.h:163
#1  0x0000555555555949 in std::vector<int, std::allocator<int> >::~vector (this=0x7fffffffd740, __in_chrg=<optimized out>) at /usr/include/c++/7/bits/stl_vector.h:435
#2  0x0000555555555468 in simulated_annealing () at knapsacksa.cpp:89
#3  0x0000555555555658 in main () at knapsacksa.cpp:146

158	      }
159	#endif
160	
161	      ~_Vector_base() _GLIBCXX_NOEXCEPT
162	      { _M_deallocate(this->_M_impl._M_start, this->_M_impl._M_end_of_storage
163			      - this->_M_impl._M_start); }
164	
165	    public:
166	      _Vector_impl _M_impl;
167	

Backtrace END
Memory content before bitflip:0x310xfb0x080x00
Fault Model: Double bit-flip
base address to flip value: 0x555555759030 
address max offset: 4
Memory content after  bitflip:0x200xfb0x080x00
frame name: main
symbol name: W
symbol filename: knapsacksa.cpp
symbol line: 13
value: 588576
value address: 0x555555759030 <W>
Type: The type is an integer type.
Type sizeof: 4

[INFO -- 2018-12-08 07:59:11]
Fault Injection Successful after 2.133927583694458s
[INFO -- 2018-12-08 07:59:11]
event type: exit
[INFO -- 2018-12-08 07:59:11]
exit code: 0
