[INFO -- 2018-12-09 01:26:09]
Starting flip_value script
version: 1.1
[INFO -- 2018-12-09 01:26:09]
Initialization strings:
[INFO -- 2018-12-09 01:26:09]
(1) file /tmp/knapsack/ga
[INFO -- 2018-12-09 01:26:09]
initSignal:1
[INFO -- 2018-12-09 01:26:09]
endSignal:8
[INFO -- 2018-12-09 01:26:09]
faultModel:1
[INFO -- 2018-12-09 01:26:14]
Backtrace BEGIN:
#0  0x00005555555551f6 in tournament (pop=std::vector of length 40, capacity 64 = {...}) at knapsackga.cpp:82
#1  0x0000555555555691 in genetic_algorithm () at knapsackga.cpp:129
#2  0x0000555555555b6c in main () at knapsackga.cpp:165

77	}
78	
79	vector<int> tournament(vector<chromossome> &pop){
80	    vector<chromossome> competitors;
81	
82	    for(int i=0; i < 3; i++){
83	        int randIndex = rand() % pop_size;
84	        competitors.push_back(pop[randIndex]);
85	    }
86	

Backtrace END
Memory content before bitflip:0x010x000x000x00
Fault Model: Double bit-flip
base address to flip value: 0x7fffffffd818
address max offset: 4
Memory content after  bitflip:0x010x820x000x00
frame name: tournament
symbol name: i
symbol filename: knapsackga.cpp
symbol line: 82
value: 33281
value address: 0x7fffffffd818
Type: The type is an integer type.
Type sizeof: 4

[INFO -- 2018-12-09 01:26:14]
Fault Injection Successful after 5.706869602203369s
[INFO -- 2018-12-09 01:26:17]
event type: exit
[INFO -- 2018-12-09 01:26:17]
exit code: 0
