[INFO -- 2018-12-01 11:45:15]
Starting flip_value script
version: 1.1
[INFO -- 2018-12-01 11:45:15]
Initialization strings:
[INFO -- 2018-12-01 11:45:15]
(1) file /tmp/knapsack/ga
[INFO -- 2018-12-01 11:45:15]
initSignal:0
[INFO -- 2018-12-01 11:45:15]
endSignal:13
[INFO -- 2018-12-01 11:45:15]
faultModel:2
[EXCEPTION -- 2018-12-01 11:45:22]
pythonException: Unable to exit loop in struct fields; Exiting wihtout making a bit flip
[INFO -- 2018-12-01 11:45:23]
Backtrace BEGIN:
#0  0x000055555555567c in genetic_algorithm () at knapsackga.cpp:101
#1  0x0000555555555aab in main () at knapsackga.cpp:143

96	
97	        for(int i=0; i < 2; i++)
98	            new_pop.push_back(pop[i]);
99	
100	        while(new_pop.size() != pop_size){
101	            vector<int> pai, mae, filho1, filho2;
102	            pai = tournament(pop);
103	            mae = tournament(pop);
104	            crossover(pai, mae, filho1, filho2);
105	            chromossome f1, f2; f1.solution = filho1; f2.solution = filho2;

Backtrace END
Memory content before bitflip:0x310xfb0x080x00
Fault Model: Random bit-flip
base address to flip value: 0x55555575f17c 
address max offset: 4
Memory content after  bitflip:0xb00x2d0x5d0x35
frame name: main
symbol name: W
symbol filename: knapsackga.cpp
symbol line: 16
value: 895298992
value address: 0x55555575f17c <W>
Type: The type is an integer type.
Type sizeof: 4

[INFO -- 2018-12-01 11:45:23]
Fault Injection Successful after 8.033092975616455s
[INFO -- 2018-12-01 11:45:28]
event type: exit
[INFO -- 2018-12-01 11:45:28]
exit code: 0
