[INFO -- 2018-09-25 03:53:43]
Starting flip_value script
version: 1.1
[INFO -- 2018-09-25 03:53:43]
Initialization strings:
[INFO -- 2018-09-25 03:53:43]
(1) file /tmp/knapsack/ga
[INFO -- 2018-09-25 03:53:43]
initSignal:1
[INFO -- 2018-09-25 03:53:43]
endSignal:3.5
[INFO -- 2018-09-25 03:53:43]
faultModel:1
[INFO -- 2018-09-25 03:53:46]
Backtrace BEGIN:
#0  std::vector<int, std::allocator<int> >::~vector (this=0x7fffffffd930, __in_chrg=<optimized out>) at /usr/include/c++/7/bits/stl_vector.h:433
#1  0x0000555555555551 in genetic_algorithm () at knapsackga.cpp:101
#2  0x00005555555558d7 in main () at knapsackga.cpp:137

428	       *  The dtor only erases the elements, and note that if the
429	       *  elements themselves are pointers, the pointed-to memory is
430	       *  not touched in any way.  Managing the pointer is the user's
431	       *  responsibility.
432	       */
433	      ~vector() _GLIBCXX_NOEXCEPT
434	      { std::_Destroy(this->_M_impl._M_start, this->_M_impl._M_finish,
435			      _M_get_Tp_allocator()); }
436	
437	      /**

Backtrace END
Fliping a bit of the pointer
Memory content before bitflip:0x300xd90xff0xff0xff0x7f0x000x00
Fault Model: Double bit-flip
base address to flip value: 0x7fffffffd898
address max offset: 8
Memory content after  bitflip:0x300xd90xff0x770xff0x7f0x000x00
frame name: std::vector<int, std::allocator<int> >::~vector
symbol name: this
symbol filename: knapsackga.cpp
symbol line: 0
value: 0x7fffffffd930
value address: 0x7fffffffd898
Type: The type is a pointer.
Type sizeof: 8

[INFO -- 2018-09-25 03:53:46]
Fault Injection Successful after 3.2183351516723633s
[INFO -- 2018-09-25 03:53:47]
event type: exit
[INFO -- 2018-09-25 03:53:47]
exit code: 0
