[INFO -- 2018-09-25 07:48:56]
Starting flip_value script
version: 1.1
[INFO -- 2018-09-25 07:48:56]
Initialization strings:
[INFO -- 2018-09-25 07:48:56]
(1) file /tmp/knapsack/ga
[INFO -- 2018-09-25 07:48:56]
initSignal:1
[INFO -- 2018-09-25 07:48:56]
endSignal:3.5
[INFO -- 2018-09-25 07:48:56]
faultModel:0
[INFO -- 2018-09-25 07:48:58]
Backtrace BEGIN:
#0  0x0000555555554f1b in cost (solution=std::vector of length 200, capacity 200 = {...}) at knapsackga.cpp:26
#1  0x0000555555555654 in genetic_algorithm () at knapsackga.cpp:112
#2  0x00005555555558d7 in main () at knapsackga.cpp:137

21	}
22	
23	int cost(vector<int> &solution){
24	    int peso=0, valor=0;
25	    for(int i=0; i < n; i++){
26	       peso += solution[i] * wt[i];
27	       valor += solution[i] * val[i];
28	    }
29	
30	    if(peso > W){

Backtrace END
Memory content before bitflip:0xc30x0e0x000x00
Fault Model: Single bit-flip
base address to flip value: 0x7fffffffd8c4
address max offset: 4
Memory content after  bitflip:0xc30x0e0x000x04
frame name: genetic_algorithm
symbol name: g
symbol filename: knapsackga.cpp
symbol line: 94
value: 67112643
value address: 0x7fffffffd8c4
Type: The type is an integer type.
Type sizeof: 4

[INFO -- 2018-09-25 07:48:58]
Fault Injection Successful after 2.352231979370117s
[INFO -- 2018-09-25 07:48:58]
event type: exit
[INFO -- 2018-09-25 07:48:58]
exit code: 0
