[INFO -- 2018-12-08 16:59:46]
Starting flip_value script
version: 1.1
[INFO -- 2018-12-08 16:59:46]
Initialization strings:
[INFO -- 2018-12-08 16:59:46]
(1) file /tmp/knapsack/ga
[INFO -- 2018-12-08 16:59:46]
initSignal:1
[INFO -- 2018-12-08 16:59:46]
endSignal:8
[INFO -- 2018-12-08 16:59:46]
faultModel:0
[INFO -- 2018-12-08 16:59:47]
Backtrace BEGIN:
#0  std::_Destroy_aux<true>::__destroy<int*> () at /usr/include/c++/7/bits/stl_construct.h:117
#1  0x0000555555557dc7 in std::_Destroy<int*> (__first=0x0, __last=0x0) at /usr/include/c++/7/bits/stl_construct.h:137
#2  0x0000555555556bcb in std::_Destroy<int*, int> (__first=0x0, __last=0x0) at /usr/include/c++/7/bits/stl_construct.h:206
#3  0x0000555555556492 in std::vector<int, std::allocator<int> >::operator= (this=0x7fffffffd920, __x=std::vector of length 200, capacity 200 = {...}) at /usr/include/c++/7/bits/vector.tcc:208
#4  0x0000555555555381 in crossover (pai=std::vector of length 200, capacity 200 = {...}, mae=std::vector of length 200, capacity 200 = {...}, filho1=std::vector of length 200, capacity 200 = {...}, filho2=std::vector of length 0, capacity 0) at knapsackga.cpp:98
#5  0x00005555555556d7 in genetic_algorithm () at knapsackga.cpp:130
#6  0x0000555555555b6c in main () at knapsackga.cpp:165

112	  template<>
113	    struct _Destroy_aux<true>
114	    {
115	      template<typename _ForwardIterator>
116	        static void
117	        __destroy(_ForwardIterator, _ForwardIterator) { }
118	    };
119	
120	  /**
121	   * Destroy a range of objects.  If the value_type of the object has

Backtrace END
Memory content before bitflip:0x280x000x000x00
Fault Model: Single bit-flip
base address to flip value: 0x55555575f014 
address max offset: 4
Memory content after  bitflip:0x200x000x000x00
frame name: crossover
symbol name: pop_size2
symbol filename: knapsackga.cpp
symbol line: 20
value: 32
value address: 0x55555575f014 <pop_size2>
Type: The type is an integer type.
Type sizeof: 4

[INFO -- 2018-12-08 16:59:47]
Fault Injection Successful after 1.578296422958374s
[INFO -- 2018-12-08 16:59:47]
event type: exit
[INFO -- 2018-12-08 16:59:47]
exit code: 0
