[INFO -- 2018-12-09 04:45:09]
Starting flip_value script
version: 1.1
[INFO -- 2018-12-09 04:45:09]
Initialization strings:
[INFO -- 2018-12-09 04:45:09]
(1) file /tmp/knapsack/ga
[INFO -- 2018-12-09 04:45:09]
initSignal:1
[INFO -- 2018-12-09 04:45:09]
endSignal:8
[INFO -- 2018-12-09 04:45:09]
faultModel:3
[EXCEPTION -- 2018-12-09 04:45:11]
pythonException: Unable to exit loop in struct fields; Exiting wihtout making a bit flip
[INFO -- 2018-12-09 04:45:11]
Backtrace BEGIN:
#0  0x00005555555592ac in std::__make_move_if_noexcept_iterator<chromossome, std::move_iterator<chromossome*> > (__i=0x0) at /usr/include/c++/7/bits/stl_iterator.h:1222
#1  0x000055555555833f in std::__uninitialized_move_if_noexcept_a<chromossome*, chromossome*, std::allocator<chromossome> > (__first=0x0, __last=0x0, __result=0x555555776420, __alloc=...) at /usr/include/c++/7/bits/stl_uninitialized.h:311
#2  0x0000555555556e76 in std::vector<chromossome, std::allocator<chromossome> >::_M_realloc_insert<chromossome const&> (this=0x7fffffffd820, __position=non-dereferenceable iterator for std::vector, __args#0=...) at /usr/include/c++/7/bits/vector.tcc:424
#3  0x0000555555556012 in std::vector<chromossome, std::allocator<chromossome> >::push_back (this=0x7fffffffd820, __x=...) at /usr/include/c++/7/bits/stl_vector.h:948
#4  0x0000555555555230 in tournament (pop=std::vector of length 40, capacity 64 = {...}) at knapsackga.cpp:84
#5  0x0000555555555653 in genetic_algorithm () at knapsackga.cpp:128
#6  0x0000555555555b6c in main () at knapsackga.cpp:165

1217	  template<typename _Tp, typename _ReturnType
1218	    = typename conditional<__move_if_noexcept_cond<_Tp>::value,
1219				   const _Tp*, move_iterator<_Tp*>>::type>
1220	    inline _GLIBCXX17_CONSTEXPR _ReturnType
1221	    __make_move_if_noexcept_iterator(_Tp* __i)
1222	    { return _ReturnType(__i); }
1223	
1224	  // @} group iterators
1225	
1226	  template<typename _Iterator>

Backtrace END
Memory content before bitflip:0xc80x000x000x00
Fault Model: Zero bit-flip
base address to flip value: 0x55555575f0a8 
address max offset: 4
Memory content after  bitflip:0x000x000x000x00
frame name: std::vector<chromossome, std::allocator<chromossome> >::push_back
symbol name: n
symbol filename: knapsackga.cpp
symbol line: 18
value: 0
value address: 0x55555575f0a8 <n>
Type: The type is an integer type.
Type sizeof: 4

[INFO -- 2018-12-09 04:45:11]
Fault Injection Successful after 2.2956554889678955s
[INFO -- 2018-12-09 04:45:11]
event type: exit
[INFO -- 2018-12-09 04:45:11]
exit code: 0
