[INFO -- 2018-12-01 01:29:24]
Starting flip_value script
version: 1.1
[INFO -- 2018-12-01 01:29:24]
Initialization strings:
[INFO -- 2018-12-01 01:29:24]
(1) file /tmp/knapsack/ga
[INFO -- 2018-12-01 01:29:24]
initSignal:0
[INFO -- 2018-12-01 01:29:24]
endSignal:13
[INFO -- 2018-12-01 01:29:24]
faultModel:2
[INFO -- 2018-12-01 01:29:24]
Backtrace BEGIN:
#0  0x0000555555555e20 in std::vector<int, std::allocator<int> >::operator[] (this=0x555555787f90, __n=132) at /usr/include/c++/7/bits/stl_vector.h:795
#1  0x0000555555555050 in cost (solution=std::vector of length 200, capacity 200 = {...}) at knapsackga.cpp:26
#2  0x000055555555578e in genetic_algorithm () at knapsackga.cpp:112
#3  0x0000555555555a9b in main () at knapsackga.cpp:141

790	       *  Note that data access with this operator is unchecked and
791	       *  out_of_range lookups are not defined. (For checked lookups
792	       *  see at().)
793	       */
794	      reference
795	      operator[](size_type __n) _GLIBCXX_NOEXCEPT
796	      {
797		__glibcxx_requires_subscript(__n);
798		return *(this->_M_impl._M_start + __n);
799	      }

Backtrace END
Memory content before bitflip:0xff0x7f0x000x00
Fault Model: Random bit-flip
base address to flip value: 0x7fffffffd9dc
address max offset: 4
Memory content after  bitflip:0xdc0xab0x120xd5
frame name: main
symbol name: result2
symbol filename: knapsackga.cpp
symbol line: 143
value: -720196644
value address: 0x7fffffffd9dc
Type: The type is an integer type.
Type sizeof: 4

[INFO -- 2018-12-01 01:29:24]
Fault Injection Successful after 0.6336021423339844s
[INFO -- 2018-12-01 01:29:36]
event type: exit
[INFO -- 2018-12-01 01:29:36]
exit code: 0
