[INFO -- 2018-09-24 18:16:26]
Starting flip_value script
version: 1.1
[INFO -- 2018-09-24 18:16:26]
Initialization strings:
[INFO -- 2018-09-24 18:16:26]
(1) file /tmp/knapsack/ga
[INFO -- 2018-09-24 18:16:26]
initSignal:1
[INFO -- 2018-09-24 18:16:26]
endSignal:3.5
[INFO -- 2018-09-24 18:16:26]
faultModel:4
[INFO -- 2018-09-24 18:16:28]
Backtrace BEGIN:
#0  0x0000555555555b90 in std::vector<int, std::allocator<int> >::operator[] (this=0x555555789db0, __n=31) at /usr/include/c++/7/bits/stl_vector.h:795
#1  0x0000555555554f53 in cost (solution=std::vector of length 200, capacity 200 = {...}) at knapsackga.cpp:27
#2  0x0000555555555654 in genetic_algorithm () at knapsackga.cpp:112
#3  0x00005555555558d7 in main () at knapsackga.cpp:137

790	       *  Note that data access with this operator is unchecked and
791	       *  out_of_range lookups are not defined. (For checked lookups
792	       *  see at().)
793	       */
794	      reference
795	      operator[](size_type __n) _GLIBCXX_NOEXCEPT
796	      {
797		__glibcxx_requires_subscript(__n);
798		return *(this->_M_impl._M_start + __n);
799	      }

Backtrace END
Memory content before bitflip:0x9a0x2c0x010x00
Fault Model: LSB bit-flip
base address to flip value: 0x7fffffffd888
address max offset: 4
Memory content after  bitflip:0x9a0x2c0x010x80
frame name: cost
symbol name: valor
symbol filename: knapsackga.cpp
symbol line: 24
value: -2147406694
value address: 0x7fffffffd888
Type: The type is an integer type.
Type sizeof: 4

[INFO -- 2018-09-24 18:16:28]
Fault Injection Successful after 2.4823131561279297s
[INFO -- 2018-09-24 18:16:30]
event type: exit
[INFO -- 2018-09-24 18:16:30]
exit code: 0
