[INFO -- 2018-12-09 06:00:04]
Starting flip_value script
version: 1.1
[INFO -- 2018-12-09 06:00:04]
Initialization strings:
[INFO -- 2018-12-09 06:00:04]
(1) file /tmp/knapsack/ga
[INFO -- 2018-12-09 06:00:04]
initSignal:1
[INFO -- 2018-12-09 06:00:04]
endSignal:8
[INFO -- 2018-12-09 06:00:04]
faultModel:4
[EXCEPTION -- 2018-12-09 06:00:06]
pythonException: Unable to exit loop in struct fields; Exiting wihtout making a bit flip
[INFO -- 2018-12-09 06:00:06]
Backtrace BEGIN:
#0  0x00005555555585d0 in std::_Vector_base<int, std::allocator<int> >::_Vector_impl::_Vector_impl (this=0x555555776420, __a=...) at /usr/include/c++/7/bits/stl_vector.h:93
#1  0x000055555555714a in std::_Vector_base<int, std::allocator<int> >::_Vector_base (this=0x555555776420, __n=200, __a=...) at /usr/include/c++/7/bits/stl_vector.h:137
#2  0x000055555555616d in std::vector<int, std::allocator<int> >::vector (this=0x555555776420, __x=std::vector of length 200, capacity 256 = {...}) at /usr/include/c++/7/bits/stl_vector.h:328
#3  0x0000555555558123 in chromossome::chromossome (this=0x555555776420) at knapsackga.cpp:63
#4  0x0000555555558180 in __gnu_cxx::new_allocator<chromossome>::construct<chromossome, chromossome const&> (this=0x7fffffffd8a0, __p=0x555555776420, __args#0=...) at /usr/include/c++/7/ext/new_allocator.h:136
#5  0x0000555555556d7a in std::allocator_traits<std::allocator<chromossome> >::construct<chromossome, chromossome const&> (__a=..., __p=0x555555776420, __args#0=...) at /usr/include/c++/7/bits/alloc_traits.h:475
#6  0x0000555555556e3a in std::vector<chromossome, std::allocator<chromossome> >::_M_realloc_insert<chromossome const&> (this=0x7fffffffd8a0, __position=non-dereferenceable iterator for std::vector, __args#0=...) at /usr/include/c++/7/bits/vector.tcc:415
#7  0x0000555555556012 in std::vector<chromossome, std::allocator<chromossome> >::push_back (this=0x7fffffffd8a0, __x=...) at /usr/include/c++/7/bits/stl_vector.h:948
#8  0x00005555555555cd in genetic_algorithm () at knapsackga.cpp:124
#9  0x0000555555555b6c in main () at knapsackga.cpp:165

88		_Vector_impl()
89		: _Tp_alloc_type(), _M_start(), _M_finish(), _M_end_of_storage()
90		{ }
91	
92		_Vector_impl(_Tp_alloc_type const& __a) _GLIBCXX_NOEXCEPT
93		: _Tp_alloc_type(__a), _M_start(), _M_finish(), _M_end_of_storage()
94		{ }
95	
96	#if __cplusplus >= 201103L
97		_Vector_impl(_Tp_alloc_type&& __a) noexcept

Backtrace END
Memory content before bitflip:0x310xfb0x080x00
Fault Model: LSB bit-flip
base address to flip value: 0x55555575f0b4 
address max offset: 4
Memory content after  bitflip:0x310xfb0x080x10
frame name: std::_Vector_base<int, std::allocator<int> >::_Vector_base
symbol name: W2
symbol filename: knapsackga.cpp
symbol line: 18
value: 269024049
value address: 0x55555575f0b4 <W2>
Type: The type is an integer type.
Type sizeof: 4

[INFO -- 2018-12-09 06:00:06]
Fault Injection Successful after 2.932626962661743s
[INFO -- 2018-12-09 06:00:06]
event type: exit
[INFO -- 2018-12-09 06:00:06]
exit code: 0
