[INFO -- 2018-12-09 04:24:35]
Starting flip_value script
version: 1.1
[INFO -- 2018-12-09 04:24:35]
Initialization strings:
[INFO -- 2018-12-09 04:24:35]
(1) file /tmp/knapsack/ga
[INFO -- 2018-12-09 04:24:35]
initSignal:1
[INFO -- 2018-12-09 04:24:35]
endSignal:8
[INFO -- 2018-12-09 04:24:35]
faultModel:4
[INFO -- 2018-12-09 04:24:36]
Backtrace BEGIN:
#0  0x00007ffff74e73e4 in __GI___libc_free (mem=0x555555776b00) at malloc.c:3107
#1  0x0000555555559a0e in __gnu_cxx::new_allocator<chromossome>::deallocate (this=0x7fffffffd8a0, __p=0x555555776b00) at /usr/include/c++/7/ext/new_allocator.h:125
#2  0x0000555555558d96 in std::allocator_traits<std::allocator<chromossome> >::deallocate (__a=..., __p=0x555555776b00, __n=8) at /usr/include/c++/7/bits/alloc_traits.h:462
#3  0x00005555555577f4 in std::_Vector_base<chromossome, std::allocator<chromossome> >::_M_deallocate (this=0x7fffffffd8a0, __p=0x555555776b00, __n=8) at /usr/include/c++/7/bits/stl_vector.h:180
#4  0x0000555555556f1c in std::vector<chromossome, std::allocator<chromossome> >::_M_realloc_insert<chromossome const&> (this=0x7fffffffd8a0, __position={solution = std::vector of length 132, capacity 0 = {<error reading variable>, __args#0=...) at /usr/include/c++/7/bits/vector.tcc:448
#5  0x0000555555556012 in std::vector<chromossome, std::allocator<chromossome> >::push_back (this=0x7fffffffd8a0, __x=...) at /usr/include/c++/7/bits/stl_vector.h:948
#6  0x0000555555555731 in genetic_algorithm () at knapsackga.cpp:132
#7  0x0000555555555b6c in main () at knapsackga.cpp:165

3102	malloc.c: No such file or directory.

Backtrace END
Memory content before bitflip:0x310xfb0x080x00
Fault Model: LSB bit-flip
base address to flip value: 0x55555575f0b0 
address max offset: 4
Memory content after  bitflip:0x310xfb0x080x20
frame name: std::vector<chromossome, std::allocator<chromossome> >::_M_realloc_insert<chromossome const&>
symbol name: W
symbol filename: knapsackga.cpp
symbol line: 18
value: 537459505
value address: 0x55555575f0b0 <W>
Type: The type is an integer type.
Type sizeof: 4

[INFO -- 2018-12-09 04:24:36]
Fault Injection Successful after 1.9936964511871338s
[INFO -- 2018-12-09 04:24:36]
event type: exit
[INFO -- 2018-12-09 04:24:36]
exit code: 0
