[INFO -- 2018-09-25 01:59:52]
Starting flip_value script
version: 1.1
[INFO -- 2018-09-25 01:59:52]
Initialization strings:
[INFO -- 2018-09-25 01:59:52]
(1) file /tmp/knapsack/ga
[INFO -- 2018-09-25 01:59:52]
initSignal:1
[INFO -- 2018-09-25 01:59:52]
endSignal:3.5
[INFO -- 2018-09-25 01:59:52]
faultModel:3
[INFO -- 2018-09-25 01:59:53]
Backtrace BEGIN:
#0  0x0000555555555fa9 in std::allocator<int>::~allocator (this=0x7fffffffd6e7, __in_chrg=<optimized out>) at /usr/include/c++/7/bits/allocator.h:139
#1  0x0000555555555e8f in std::vector<int, std::allocator<int> >::vector (this=0x555555776420, __x=std::vector of length 200, capacity 256 = {...}) at /usr/include/c++/7/bits/stl_vector.h:328
#2  0x0000555555557e39 in chromossome::chromossome (this=0x555555776420) at knapsackga.cpp:42
#3  0x0000555555557e96 in __gnu_cxx::new_allocator<chromossome>::construct<chromossome, chromossome const&> (this=0x7fffffffd870, __p=0x555555776420, __args#0=...) at /usr/include/c++/7/ext/new_allocator.h:136
#4  0x0000555555556a90 in std::allocator_traits<std::allocator<chromossome> >::construct<chromossome, chromossome const&> (__a=..., __p=0x555555776420, __args#0=...) at /usr/include/c++/7/bits/alloc_traits.h:475
#5  0x0000555555556b50 in std::vector<chromossome, std::allocator<chromossome> >::_M_realloc_insert<chromossome const&> (this=0x7fffffffd870, __position={solution = std::vector of length 20, capacity 0 = {<error reading variable>, __args#0=...) at /usr/include/c++/7/bits/vector.tcc:415
#6  0x0000555555555d28 in std::vector<chromossome, std::allocator<chromossome> >::push_back (this=0x7fffffffd870, __x=...) at /usr/include/c++/7/bits/stl_vector.h:948
#7  0x000055555555502c in tournament (pop=std::vector of length 40, capacity 64 = {...}) at knapsackga.cpp:63
#8  0x0000555555555447 in genetic_algorithm () at knapsackga.cpp:103
#9  0x00005555555558d7 in main () at knapsackga.cpp:137

134	      : __allocator_base<_Tp>(__a) { }
135	
136	      template<typename _Tp1>
137		allocator(const allocator<_Tp1>&) throw() { }
138	
139	      ~allocator() throw() { }
140	
141	      // Inherit everything else.
142	    };
143	

Backtrace END
Memory content before bitflip:0x010x000x000x000x000x000x000x00
Fault Model: Zero bit-flip
base address to flip value: 0x7fffffffd7f8
address max offset: 8
Memory content after  bitflip:0x000x000x000x000x000x000x000x00
frame name: std::vector<chromossome, std::allocator<chromossome> >::_M_realloc_insert<chromossome const&>
symbol name: __elems_before
symbol filename: /usr/include/c++/7/bits/vector.tcc
symbol line: 405
value: 0
value address: 0x7fffffffd7f8
Type: The type is an integer type.
Type sizeof: 8

[INFO -- 2018-09-25 01:59:53]
Fault Injection Successful after 1.4545328617095947s
[INFO -- 2018-09-25 01:59:56]
event type: exit
[INFO -- 2018-09-25 01:59:56]
exit code: 0
