[INFO -- 2018-12-07 22:18:13]
Starting flip_value script
version: 1.1
[INFO -- 2018-12-07 22:18:13]
Initialization strings:
[INFO -- 2018-12-07 22:18:13]
(1) file /tmp/knapsack/ga
[INFO -- 2018-12-07 22:18:13]
initSignal:1
[INFO -- 2018-12-07 22:18:13]
endSignal:8
[INFO -- 2018-12-07 22:18:13]
faultModel:1
[INFO -- 2018-12-07 22:18:15]
Backtrace BEGIN:
#0  std::__make_move_if_noexcept_iterator<chromossome, std::move_iterator<chromossome*> > (__i=0x555555776440) at /usr/include/c++/7/bits/stl_iterator.h:1221
#1  0x000055555555834e in std::__uninitialized_move_if_noexcept_a<chromossome*, chromossome*, std::allocator<chromossome> > (__first=0x555555776440, __last=0x555555776440, __result=0x555555776580, __alloc=...) at /usr/include/c++/7/bits/stl_uninitialized.h:311
#2  0x0000555555556eb7 in std::vector<chromossome, std::allocator<chromossome> >::_M_realloc_insert<chromossome const&> (this=0x7fffffffd820, __position={solution = std::vector of length 20, capacity 0 = {<error reading variable>, __args#0=...) at /usr/include/c++/7/bits/vector.tcc:431
#3  0x0000555555556012 in std::vector<chromossome, std::allocator<chromossome> >::push_back (this=0x7fffffffd820, __x=...) at /usr/include/c++/7/bits/stl_vector.h:948
#4  0x0000555555555230 in tournament (pop=std::vector of length 40, capacity 64 = {...}) at knapsackga.cpp:84
#5  0x0000555555555691 in genetic_algorithm () at knapsackga.cpp:129
#6  0x0000555555555b6c in main () at knapsackga.cpp:165

1216	  // returning a constant iterator when we don't want to move.
1217	  template<typename _Tp, typename _ReturnType
1218	    = typename conditional<__move_if_noexcept_cond<_Tp>::value,
1219				   const _Tp*, move_iterator<_Tp*>>::type>
1220	    inline _GLIBCXX17_CONSTEXPR _ReturnType
1221	    __make_move_if_noexcept_iterator(_Tp* __i)
1222	    { return _ReturnType(__i); }
1223	
1224	  // @} group iterators
1225	

Backtrace END
Memory content before bitflip:0x280x000x000x00
Fault Model: Double bit-flip
base address to flip value: 0x55555575f014 
address max offset: 4
Memory content after  bitflip:0x0c0x000x000x00
frame name: std::vector<chromossome, std::allocator<chromossome> >::_M_realloc_insert<chromossome const&>
symbol name: pop_size2
symbol filename: knapsackga.cpp
symbol line: 20
value: 12
value address: 0x55555575f014 <pop_size2>
Type: The type is an integer type.
Type sizeof: 4

[INFO -- 2018-12-07 22:18:15]
Fault Injection Successful after 2.6216917037963867s
[INFO -- 2018-12-07 22:18:15]
event type: exit
[INFO -- 2018-12-07 22:18:15]
exit code: 0
