[INFO -- 2018-10-19 03:52:05]
Starting flip_value script
version: 1.1
[INFO -- 2018-10-19 03:52:05]
Initialization strings:
[INFO -- 2018-10-19 03:52:05]
(1) file /tmp/knapsack/mf
[INFO -- 2018-10-19 03:52:05]
initSignal:1
[INFO -- 2018-10-19 03:52:05]
endSignal:3
[INFO -- 2018-10-19 03:52:05]
faultModel:1
[EXCEPTION -- 2018-10-19 03:52:06]
gdbException: Cannot access memory at address 0x9555555770bb0
[EXCEPTION -- 2018-10-19 03:52:06]
gdbException: Cannot access memory at address 0x9555555770bb0
[EXCEPTION -- 2018-10-19 03:52:06]
gdbException: Cannot access memory at address 0x9555555770bb0
[INFO -- 2018-10-19 03:52:06]
event type: exit
[EXCEPTION -- 2018-10-19 03:52:06]
exit code: no exit code available
