[INFO -- 2018-12-08 16:11:48]
Starting flip_value script
version: 1.1
[INFO -- 2018-12-08 16:11:48]
Initialization strings:
[INFO -- 2018-12-08 16:11:48]
(1) file /tmp/knapsack/ga
[INFO -- 2018-12-08 16:11:48]
initSignal:1
[INFO -- 2018-12-08 16:11:48]
endSignal:8
[INFO -- 2018-12-08 16:11:48]
faultModel:2
[INFO -- 2018-12-08 16:11:49]
Backtrace BEGIN:
#0  0x0000555555555f3a in std::vector<chromossome, std::allocator<chromossome> >::~vector (this=0x7fffffffdf00, __in_chrg=<optimized out>) at /usr/include/c++/7/bits/stl_vector.h:433
#1  0x000055555555528c in tournament (pop=std::vector of length 40, capacity 64 = {...}) at knapsackga.cpp:80
#2  0x0000555555555691 in genetic_algorithm () at knapsackga.cpp:129
#3  0x0000555555555b6c in main () at knapsackga.cpp:165

428	       *  The dtor only erases the elements, and note that if the
429	       *  elements themselves are pointers, the pointed-to memory is
430	       *  not touched in any way.  Managing the pointer is the user's
431	       *  responsibility.
432	       */
433	      ~vector() _GLIBCXX_NOEXCEPT
434	      { std::_Destroy(this->_M_impl._M_start, this->_M_impl._M_finish,
435			      _M_get_Tp_allocator()); }
436	
437	      /**

Backtrace END
Memory content before bitflip:0x310xfb0x080x00
Fault Model: Random bit-flip
base address to flip value: 0x55555575f0b4 
address max offset: 4
Memory content after  bitflip:0x5f0x8d0x990x3d
frame name: main
symbol name: W2
symbol filename: knapsackga.cpp
symbol line: 18
value: 1033473375
value address: 0x55555575f0b4 <W2>
Type: The type is an integer type.
Type sizeof: 4

[INFO -- 2018-12-08 16:11:49]
Fault Injection Successful after 1.8194012641906738s
[INFO -- 2018-12-08 16:11:49]
event type: exit
[INFO -- 2018-12-08 16:11:49]
exit code: 0
