[INFO -- 2018-12-08 18:05:12]
Starting flip_value script
version: 1.1
[INFO -- 2018-12-08 18:05:12]
Initialization strings:
[INFO -- 2018-12-08 18:05:12]
(1) file /tmp/knapsack/ga
[INFO -- 2018-12-08 18:05:12]
initSignal:1
[INFO -- 2018-12-08 18:05:12]
endSignal:8
[INFO -- 2018-12-08 18:05:12]
faultModel:2
[EXCEPTION -- 2018-12-08 18:05:13]
pythonException: empty range for randrange() (0,0, 0)
[INFO -- 2018-12-08 18:05:14]
Backtrace BEGIN:
#0  0x0000555555555114 in cost (solution=std::vector of length 200, capacity 200 = {...}) at knapsackga.cpp:44
#1  0x000055555555589e in genetic_algorithm () at knapsackga.cpp:138
#2  0x0000555555555b6c in main () at knapsackga.cpp:165

39	    for(int i=0; i < n; i++){
40	        peso += solution[i] * wt[i];
41	        valor += solution[i] * val[i];
42	    }
43	    for(int i=0; i < n; i++){
44	        peso2 += solution[i] * wt2[i];
45	        valor2 += solution[i] * val2[i];
46	    }
47	    if(peso != peso2 || valor != valor2){
48	        exit_gracefully();

Backtrace END
Memory content before bitflip:0x320x160x090x00
Fault Model: Random bit-flip
base address to flip value: 0x7fffffffd828
address max offset: 4
Memory content after  bitflip:0xa80x370x550x9c
frame name: cost
symbol name: peso
symbol filename: knapsackga.cpp
symbol line: 38
value: -1672136792
value address: 0x7fffffffd828
Type: The type is an integer type.
Type sizeof: 4

[INFO -- 2018-12-08 18:05:14]
Fault Injection Successful after 2.053574800491333s
[INFO -- 2018-12-08 18:05:14]
event type: exit
[INFO -- 2018-12-08 18:05:14]
exit code: 0
