[INFO -- 2018-09-25 07:00:59]
Starting flip_value script
version: 1.1
[INFO -- 2018-09-25 07:00:59]
Initialization strings:
[INFO -- 2018-09-25 07:00:59]
(1) file /tmp/knapsack/ga
[INFO -- 2018-09-25 07:00:59]
initSignal:1
[INFO -- 2018-09-25 07:00:59]
endSignal:3.5
[INFO -- 2018-09-25 07:00:59]
faultModel:0
[INFO -- 2018-09-25 07:01:00]
Backtrace BEGIN:
#0  0x0000555555556374 in std::swap<int> (__a=@0x5555557857d0: 1, __b=@0x555555784e40: 1) at /usr/include/c++/7/bits/move.h:199
#1  0x00005555555551e7 in crossover (pai=std::vector of length 200, capacity 200 = {...}, mae=std::vector of length 200, capacity 200 = {...}, filho1=std::vector of length 200, capacity 200 = {...}, filho2=std::vector of length 200, capacity 200 = {...}) at knapsackga.cpp:80
#2  0x000055555555548d in genetic_algorithm () at knapsackga.cpp:104
#3  0x00005555555558d7 in main () at knapsackga.cpp:137

194	    {
195	      // concept requirements
196	      __glibcxx_function_requires(_SGIAssignableConcept<_Tp>)
197	
198	      _Tp __tmp = _GLIBCXX_MOVE(__a);
199	      __a = _GLIBCXX_MOVE(__b);
200	      __b = _GLIBCXX_MOVE(__tmp);
201	    }
202	
203	  // _GLIBCXX_RESOLVE_LIB_DEFECTS

Backtrace END
Fliping value of field: std::_Vector_base<int, std::allocator<int> >
Fliping value of field: _M_impl
Fliping value of field: _M_end_of_storage
Fliping a bit of the pointer
Memory content before bitflip:0x100x5e0x780x550x550x550x000x00
Fault Model: Single bit-flip
base address to flip value: 0x7fffffffd880
address max offset: 8
Memory content after  bitflip:0x100x5e0x780x550x550x550x010x00
frame name: crossover
symbol name: mask
symbol filename: knapsackga.cpp
symbol line: 72
value: std::vector of length 200, capacity 70368744177864 = {0, 0, 0, 0, 1, 0, 1, 1, 0, 0, 1, 0, 1, 1, 1, 1, 0, 0, 0, 0, 1, 1, 0, 0, 1, 1, 1, 1, 1, 1, 1, 1, 1, 1, 0, 0, 1, 1, 1, 1, 1, 1, 1, 1, 0, 1, 0, 0, 1, 0, 0, 1, 0, 1, 1, 1, 0, 0, 0, 1, 1, 1, 1, 1, 0, 1, 1, 1, 0, 1, 1, 1, 0, 0, 0, 0, 1, 0, 0, 1, 1, 1, 0, 1, 0, 1, 0, 0, 0, 0, 0, 1, 0, 1, 0, 0, 0, 0, 0, 0, 1, 1, 1, 1, 1, 0, 1, 1, 0, 1, 0, 1, 0, 0, 0, 0, 1, 0, 1, 1, 1, 1, 1, 1, 0, 1, 1, 0, 1, 1, 0, 0, 0, 1, 1, 0, 1, 0, 1, 0, 0, 1, 1, 0, 1, 0, 1, 0, 0, 0, 0, 1, 1, 1, 0, 1, 0, 0, 1, 0, 1, 1, 0, 0, 0, 0, 0, 0, 0, 1, 0, 0, 0, 1, 1, 1, 1, 0, 1, 0, 0, 1, 1, 1, 0, 0, 0, 1, 0, 1, 1, 1, 0, 1, 1, 0, 1, 1, 0, 0...}
value address: 0x7fffffffd870
Type: The type is a structure.
Type sizeof: 24
Field name: std::_Vector_base<int, std::allocator<int> >
Field Type: The type is a structure.
Field Type sizeof: 24

[INFO -- 2018-09-25 07:01:00]
Fault Injection Successful after 1.4500558376312256s
[INFO -- 2018-09-25 07:01:03]
event type: exit
[INFO -- 2018-09-25 07:01:03]
exit code: 0
