[INFO -- 2018-12-08 15:02:07]
Starting flip_value script
version: 1.1
[INFO -- 2018-12-08 15:02:07]
Initialization strings:
[INFO -- 2018-12-08 15:02:07]
(1) file /tmp/knapsack/ga
[INFO -- 2018-12-08 15:02:07]
initSignal:1
[INFO -- 2018-12-08 15:02:07]
endSignal:8
[INFO -- 2018-12-08 15:02:07]
faultModel:2
[INFO -- 2018-12-08 15:02:10]
Backtrace BEGIN:
#0  0x00005555555591f1 in std::_Destroy_aux<false>::__destroy<chromossome*> (__first=0x555555776540, __last=0x555555776580) at /usr/include/c++/7/bits/stl_construct.h:107
#1  0x00005555555580fc in std::_Destroy<chromossome*> (__first=0x555555776540, __last=0x555555776580) at /usr/include/c++/7/bits/stl_construct.h:137
#2  0x0000555555556d33 in std::_Destroy<chromossome*, chromossome> (__first=0x555555776540, __last=0x555555776580) at /usr/include/c++/7/bits/stl_construct.h:206
#3  0x0000555555556ee4 in std::vector<chromossome, std::allocator<chromossome> >::_M_realloc_insert<chromossome const&> (this=0x7fffffffd820, __position={solution = std::vector of length 36, capacity 0 = {<error reading variable>, __args#0=...) at /usr/include/c++/7/bits/vector.tcc:446
#4  0x0000555555556012 in std::vector<chromossome, std::allocator<chromossome> >::push_back (this=0x7fffffffd820, __x=...) at /usr/include/c++/7/bits/stl_vector.h:948
#5  0x0000555555555230 in tournament (pop=std::vector of length 40, capacity 64 = {...}) at knapsackga.cpp:84
#6  0x0000555555555653 in genetic_algorithm () at knapsackga.cpp:128
#7  0x0000555555555b6c in main () at knapsackga.cpp:165

102	    {
103	      template<typename _ForwardIterator>
104	        static void
105	        __destroy(_ForwardIterator __first, _ForwardIterator __last)
106		{
107		  for (; __first != __last; ++__first)
108		    std::_Destroy(std::__addressof(*__first));
109		}
110	    };
111	

Backtrace END
Memory content before bitflip:0x310xfb0x080x00
Fault Model: Random bit-flip
base address to flip value: 0x55555575f0b0 
address max offset: 4
Memory content after  bitflip:0x8e0x340xa10x92
frame name: tournament
symbol name: W
symbol filename: knapsackga.cpp
symbol line: 18
value: -1834929010
value address: 0x55555575f0b0 <W>
Type: The type is an integer type.
Type sizeof: 4

[INFO -- 2018-12-08 15:02:10]
Fault Injection Successful after 3.082726240158081s
[INFO -- 2018-12-08 15:02:10]
event type: exit
[INFO -- 2018-12-08 15:02:10]
exit code: 0
