[INFO -- 2018-12-01 04:58:29]
Starting flip_value script
version: 1.1
[INFO -- 2018-12-01 04:58:29]
Initialization strings:
[INFO -- 2018-12-01 04:58:29]
(1) file /tmp/knapsack/mf
[INFO -- 2018-12-01 04:58:29]
initSignal:0
[INFO -- 2018-12-01 04:58:29]
endSignal:12
[INFO -- 2018-12-01 04:58:29]
faultModel:0
[EXCEPTION -- 2018-12-01 04:58:37]
pythonException: Unable to exit loop in struct fields; Exiting wihtout making a bit flip
[EXCEPTION -- 2018-12-01 04:58:37]
pythonException: Unable to exit loop in struct fields; Exiting wihtout making a bit flip
[EXCEPTION -- 2018-12-01 04:58:37]
gdbException: Cannot access memory at address 0x12e1
[EXCEPTION -- 2018-12-01 04:58:38]
gdbException: Cannot access memory at address 0x20555555770bb0
[INFO -- 2018-12-01 04:58:38]
event type: exit
[EXCEPTION -- 2018-12-01 04:58:38]
exit code: no exit code available
