[INFO -- 2018-09-23 14:54:42]
Starting flip_value script
version: 1.1
[INFO -- 2018-09-23 14:54:42]
Initialization strings:
[INFO -- 2018-09-23 14:54:42]
(1) file /tmp/knapsack/sa
[INFO -- 2018-09-23 14:54:42]
initSignal:0
[INFO -- 2018-09-23 14:54:42]
endSignal:2
[INFO -- 2018-09-23 14:54:42]
faultModel:2
[INFO -- 2018-09-23 14:54:42]
Backtrace BEGIN:
#0  dl_main (phdr=<optimized out>, phnum=<optimized out>, user_entry=<optimized out>, auxv=<optimized out>) at rtld.c:2286
#1  0x00007ffff7df015a in _dl_sysdep_start (start_argptr=start_argptr@entry=0x7fffffffdf80, dl_main=dl_main@entry=0x7ffff7dd73d0 <dl_main>) at ../elf/dl-sysdep.c:253
#2  0x00007ffff7dd6e88 in _dl_start_final (arg=0x7fffffffdf80) at rtld.c:414
#3  _dl_start (arg=0x7fffffffdf80) at rtld.c:520
#4  0x00007ffff7dd5ea8 in _start () from /lib64/ld-linux-x86-64.so.2
#5  0x0000000000000001 in ?? ()
#6  0x00007fffffffe2f7 in ?? ()
#7  0x0000000000000000 in ?? ()

2281	rtld.c: No such file or directory.

Backtrace END
Memory content before bitflip:0xd60xb60x080x000x000x000x000x00
Fault Model: Random bit-flip
base address to flip value: 0x7ffff7ffc8a8 
address max offset: 8
Memory content after  bitflip:0x980x680x100x850x630x620x2a0xb0
frame name: _dl_start_final
symbol name: load_time
symbol filename: rtld.c
symbol line: 307
value: 12694066679270893720
value address: 0x7ffff7ffc8a8 <load_time>
Type: The type is an integer type.
Type sizeof: 8

[INFO -- 2018-09-23 14:54:42]
Fault Injection Successful after 0.36071228981018066s
[INFO -- 2018-09-23 14:54:44]
event type: exit
[INFO -- 2018-09-23 14:54:44]
exit code: 0
