[INFO -- 2018-09-25 02:12:55]
Starting flip_value script
version: 1.1
[INFO -- 2018-09-25 02:12:55]
Initialization strings:
[INFO -- 2018-09-25 02:12:55]
(1) file /tmp/knapsack/ga
[INFO -- 2018-09-25 02:12:55]
initSignal:1
[INFO -- 2018-09-25 02:12:55]
endSignal:3.5
[INFO -- 2018-09-25 02:12:55]
faultModel:0
[INFO -- 2018-09-25 02:12:57]
Backtrace BEGIN:
#0  0x0000555555555b8d in std::vector<int, std::allocator<int> >::operator[] (this=0x7fffffffd870, __n=21) at /usr/include/c++/7/bits/stl_vector.h:795
#1  0x00005555555551c4 in crossover (pai=std::vector of length 200, capacity 200 = {...}, mae=std::vector of length 200, capacity 200 = {...}, filho1=std::vector of length 200, capacity 200 = {...}, filho2=std::vector of length 200, capacity 200 = {...}) at knapsackga.cpp:80
#2  0x000055555555548d in genetic_algorithm () at knapsackga.cpp:104
#3  0x00005555555558d7 in main () at knapsackga.cpp:137

790	       *  Note that data access with this operator is unchecked and
791	       *  out_of_range lookups are not defined. (For checked lookups
792	       *  see at().)
793	       */
794	      reference
795	      operator[](size_type __n) _GLIBCXX_NOEXCEPT
796	      {
797		__glibcxx_requires_subscript(__n);
798		return *(this->_M_impl._M_start + __n);
799	      }

Backtrace END
Memory content before bitflip:0x310xfb0x080x00
Fault Model: Single bit-flip
base address to flip value: 0x55555575f06c 
address max offset: 4
Memory content after  bitflip:0x310xdb0x080x00
frame name: genetic_algorithm
symbol name: W
symbol filename: knapsackga.cpp
symbol line: 16
value: 580401
value address: 0x55555575f06c <W>
Type: The type is an integer type.
Type sizeof: 4

[INFO -- 2018-09-25 02:12:57]
Fault Injection Successful after 2.5122413635253906s
[INFO -- 2018-09-25 02:12:59]
event type: exit
[INFO -- 2018-09-25 02:12:59]
exit code: 0
