[INFO -- 2018-09-24 18:48:16]
Starting flip_value script
version: 1.1
[INFO -- 2018-09-24 18:48:16]
Initialization strings:
[INFO -- 2018-09-24 18:48:16]
(1) file /tmp/knapsack/ga
[INFO -- 2018-09-24 18:48:16]
initSignal:1
[INFO -- 2018-09-24 18:48:16]
endSignal:3.5
[INFO -- 2018-09-24 18:48:16]
faultModel:1
[INFO -- 2018-09-24 18:48:17]
Backtrace BEGIN:
#0  0x0000555555555c91 in std::vector<chromossome, std::allocator<chromossome> >::operator[] (this=0x7ffff7494ea9 <rand+9>, __n=38) at /usr/include/c++/7/bits/stl_vector.h:795
#1  0x00005555555555be in genetic_algorithm () at knapsackga.cpp:111
#2  0x00005555555558d7 in main () at knapsackga.cpp:137

790	       *  Note that data access with this operator is unchecked and
791	       *  out_of_range lookups are not defined. (For checked lookups
792	       *  see at().)
793	       */
794	      reference
795	      operator[](size_type __n) _GLIBCXX_NOEXCEPT
796	      {
797		__glibcxx_requires_subscript(__n);
798		return *(this->_M_impl._M_start + __n);
799	      }

Backtrace END
Memory content before bitflip:0xde0x070x000x00
Fault Model: Double bit-flip
base address to flip value: 0x7fffffffd8c4
address max offset: 4
Memory content after  bitflip:0xde0x250x000x00
frame name: genetic_algorithm
symbol name: g
symbol filename: knapsackga.cpp
symbol line: 94
value: 9694
value address: 0x7fffffffd8c4
Type: The type is an integer type.
Type sizeof: 4

[INFO -- 2018-09-24 18:48:17]
Fault Injection Successful after 1.2410411834716797s
[INFO -- 2018-09-24 18:48:17]
event type: exit
[INFO -- 2018-09-24 18:48:17]
exit code: 0
