[INFO -- 2018-12-09 01:55:42]
Starting flip_value script
version: 1.1
[INFO -- 2018-12-09 01:55:42]
Initialization strings:
[INFO -- 2018-12-09 01:55:42]
(1) file /tmp/knapsack/ga
[INFO -- 2018-12-09 01:55:42]
initSignal:1
[INFO -- 2018-12-09 01:55:42]
endSignal:8
[INFO -- 2018-12-09 01:55:42]
faultModel:2
[INFO -- 2018-12-09 01:55:45]
Backtrace BEGIN:
#0  __gnu_cxx::new_allocator<int>::allocate (this=0x555555776780, __n=200) at /usr/include/c++/7/ext/new_allocator.h:111
#1  0x0000555555559871 in std::allocator_traits<std::allocator<int> >::allocate (__a=..., __n=200) at /usr/include/c++/7/bits/alloc_traits.h:436
#2  0x000055555555883e in std::_Vector_base<int, std::allocator<int> >::_M_allocate (this=0x555555776780, __n=200) at /usr/include/c++/7/bits/stl_vector.h:172
#3  0x0000555555558625 in std::_Vector_base<int, std::allocator<int> >::_M_create_storage (this=0x555555776780, __n=200) at /usr/include/c++/7/bits/stl_vector.h:187
#4  0x000055555555715d in std::_Vector_base<int, std::allocator<int> >::_Vector_base (this=0x555555776780, __n=200, __a=...) at /usr/include/c++/7/bits/stl_vector.h:138
#5  0x000055555555616d in std::vector<int, std::allocator<int> >::vector (this=0x555555776780, __x=std::vector of length 200, capacity 256 = {...}) at /usr/include/c++/7/bits/stl_vector.h:328
#6  0x0000555555558123 in chromossome::chromossome (this=0x555555776780) at knapsackga.cpp:63
#7  0x0000555555558180 in __gnu_cxx::new_allocator<chromossome>::construct<chromossome, chromossome const&> (this=0x7fffffffd820, __p=0x555555776780, __args#0=...) at /usr/include/c++/7/ext/new_allocator.h:136
#8  0x0000555555556d7a in std::allocator_traits<std::allocator<chromossome> >::construct<chromossome, chromossome const&> (__a=..., __p=0x555555776780, __args#0=...) at /usr/include/c++/7/bits/alloc_traits.h:475
#9  0x0000555555556e3a in std::vector<chromossome, std::allocator<chromossome> >::_M_realloc_insert<chromossome const&> (this=0x7fffffffd820, __position={solution = std::vector of length 36, capacity 0 = {<error reading variable>, __args#0=...) at /usr/include/c++/7/bits/vector.tcc:415
#10 0x0000555555556012 in std::vector<chromossome, std::allocator<chromossome> >::push_back (this=0x7fffffffd820, __x=...) at /usr/include/c++/7/bits/stl_vector.h:948
#11 0x0000555555555230 in tournament (pop=std::vector of length 40, capacity 64 = {...}) at knapsackga.cpp:84
#12 0x0000555555555653 in genetic_algorithm () at knapsackga.cpp:128
#13 0x0000555555555b6c in main () at knapsackga.cpp:165

106		  {
107		    std::align_val_t __al = std::align_val_t(alignof(_Tp));
108		    return static_cast<_Tp*>(::operator new(__n * sizeof(_Tp), __al));
109		  }
110	#endif
111		return static_cast<_Tp*>(::operator new(__n * sizeof(_Tp)));
112	      }
113	
114	      // __p is not permitted to be a null pointer.
115	      void

Backtrace END
Memory content before bitflip:0xc80x000x000x00
Fault Model: Random bit-flip
base address to flip value: 0x55555575f0ac 
address max offset: 4
Memory content after  bitflip:0x0c0x370x970xe8
frame name: genetic_algorithm
symbol name: n2
symbol filename: knapsackga.cpp
symbol line: 18
value: -392743156
value address: 0x55555575f0ac <n2>
Type: The type is an integer type.
Type sizeof: 4

[INFO -- 2018-12-09 01:55:45]
Fault Injection Successful after 3.0334479808807373s
[INFO -- 2018-12-09 01:55:45]
event type: exit
[INFO -- 2018-12-09 01:55:45]
exit code: 0
