[INFO -- 2018-12-01 04:43:38]
Starting flip_value script
version: 1.1
[INFO -- 2018-12-01 04:43:38]
Initialization strings:
[INFO -- 2018-12-01 04:43:38]
(1) file /tmp/knapsack/ga
[INFO -- 2018-12-01 04:43:38]
initSignal:0
[INFO -- 2018-12-01 04:43:38]
endSignal:13
[INFO -- 2018-12-01 04:43:38]
faultModel:0
[EXCEPTION -- 2018-12-01 04:43:40]
pythonException: Unable to exit loop in struct fields; Exiting wihtout making a bit flip
[INFO -- 2018-12-01 04:43:41]
Backtrace BEGIN:
#0  0x000055555555976d in std::swap<int*> (__a=@0x555555787e40: 0x0, __b=@0x555555784730: 0x555555781b60) at /usr/include/c++/7/bits/move.h:199
#1  0x000055555555874f in std::_Vector_base<int, std::allocator<int> >::_Vector_impl::_M_swap_data (this=0x555555787e30, __x=...) at /usr/include/c++/7/bits/stl_vector.h:107
#2  0x000055555555726d in std::_Vector_base<int, std::allocator<int> >::_Vector_base (this=0x555555787e30, __x=...) at /usr/include/c++/7/bits/stl_vector.h:146
#3  0x00005555555561fc in std::vector<int, std::allocator<int> >::vector (this=0x555555787e30, __x=...) at /usr/include/c++/7/bits/stl_vector.h:345
#4  0x000055555555948d in chromossome::chromossome (this=0x555555787e30) at knapsackga.cpp:42
#5  0x000055555555ad28 in std::_Construct<chromossome, chromossome> (__p=0x555555787e30, __args#0=...) at /usr/include/c++/7/bits/stl_construct.h:75
#6  0x000055555555a66c in std::__uninitialized_copy<false>::__uninit_copy<std::move_iterator<chromossome*>, chromossome*> (__first=..., __last=..., __result=0x555555787bf0) at /usr/include/c++/7/bits/stl_uninitialized.h:83
#7  0x0000555555559ced in std::uninitialized_copy<std::move_iterator<chromossome*>, chromossome*> (__first=..., __last=..., __result=0x555555787bf0) at /usr/include/c++/7/bits/stl_uninitialized.h:134
#8  0x00005555555592a8 in std::__uninitialized_copy_a<std::move_iterator<chromossome*>, chromossome*, chromossome> (__first=..., __last=..., __result=0x555555787bf0) at /usr/include/c++/7/bits/stl_uninitialized.h:289
#9  0x0000555555558351 in std::__uninitialized_move_if_noexcept_a<chromossome*, chromossome*, std::allocator<chromossome> > (__first=0x5555557844e0, __last=0x5555557848e0, __result=0x555555787bf0, __alloc=...) at /usr/include/c++/7/bits/stl_uninitialized.h:312
#10 0x0000555555556e42 in std::vector<chromossome, std::allocator<chromossome> >::_M_realloc_insert<chromossome const&> (this=0x7fffffffd880, __position={solution = std::vector of length 204, capacity 1073741824 = {<error reading variable>, __args#0=...) at /usr/include/c++/7/bits/vector.tcc:424
#11 0x0000555555555fb8 in std::vector<chromossome, std::allocator<chromossome> >::push_back (this=0x7fffffffd880, __x=...) at /usr/include/c++/7/bits/stl_vector.h:948
#12 0x0000555555555621 in genetic_algorithm () at knapsackga.cpp:106
#13 0x0000555555555a9b in main () at knapsackga.cpp:141

194	    {
195	      // concept requirements
196	      __glibcxx_function_requires(_SGIAssignableConcept<_Tp>)
197	
198	      _Tp __tmp = _GLIBCXX_MOVE(__a);
199	      __a = _GLIBCXX_MOVE(__b);
200	      __b = _GLIBCXX_MOVE(__tmp);
201	    }
202	
203	  // _GLIBCXX_RESOLVE_LIB_DEFECTS

Backtrace END
Memory content before bitflip:0x310xfb0x080x00
Fault Model: Single bit-flip
base address to flip value: 0x55555575f17c 
address max offset: 4
Memory content after  bitflip:0x310xfb0x080x08
frame name: std::__uninitialized_copy<false>::__uninit_copy<std::move_iterator<chromossome*>, chromossome*>
symbol name: W
symbol filename: knapsackga.cpp
symbol line: 16
value: 134806321
value address: 0x55555575f17c <W>
Type: The type is an integer type.
Type sizeof: 4

[INFO -- 2018-12-01 04:43:41]
Fault Injection Successful after 3.060488700866699s
[INFO -- 2018-12-01 04:43:51]
event type: exit
[INFO -- 2018-12-01 04:43:51]
exit code: 0
