[INFO -- 2018-09-25 05:30:57]
Starting flip_value script
version: 1.1
[INFO -- 2018-09-25 05:30:57]
Initialization strings:
[INFO -- 2018-09-25 05:30:57]
(1) file /tmp/knapsack/ga
[INFO -- 2018-09-25 05:30:57]
initSignal:1
[INFO -- 2018-09-25 05:30:57]
endSignal:3.5
[INFO -- 2018-09-25 05:30:57]
faultModel:2
[INFO -- 2018-09-25 05:30:59]
Backtrace BEGIN:
#0  0x000055555555559e in genetic_algorithm () at knapsackga.cpp:111
#1  0x00005555555558d7 in main () at knapsackga.cpp:137

106	            new_pop.push_back(f1); 
107	            new_pop.push_back(f2);
108	        }
109	        for(int i=0; i < pop_size; i++){
110	            if(random01() < 0.5)
111	                swap(new_pop[i].solution[rand() % n], new_pop[i].solution[rand() % n]);
112	            new_pop[i].fitness = cost(new_pop[i].solution);
113	        }
114	        
115	        sort(new_pop.begin(), new_pop.end());

Backtrace END
Memory content before bitflip:0x310xfb0x080x00
Fault Model: Random bit-flip
base address to flip value: 0x55555575f06c 
address max offset: 4
Memory content after  bitflip:0x9e0x780x520x08
frame name: main
symbol name: W
symbol filename: knapsackga.cpp
symbol line: 16
value: 139622558
value address: 0x55555575f06c <W>
Type: The type is an integer type.
Type sizeof: 4

[INFO -- 2018-09-25 05:30:59]
Fault Injection Successful after 2.22373104095459s
[INFO -- 2018-09-25 05:31:01]
event type: exit
[INFO -- 2018-09-25 05:31:01]
exit code: 0
