[INFO -- 2018-12-08 21:18:39]
Starting flip_value script
version: 1.1
[INFO -- 2018-12-08 21:18:39]
Initialization strings:
[INFO -- 2018-12-08 21:18:39]
(1) file /tmp/knapsack/sa
[INFO -- 2018-12-08 21:18:39]
initSignal:0
[INFO -- 2018-12-08 21:18:39]
endSignal:9
[INFO -- 2018-12-08 21:18:39]
faultModel:4
[INFO -- 2018-12-08 21:18:45]
Backtrace BEGIN:
#0  0x00005555555560ad in std::vector<int, std::allocator<int> >::end (this=0x7fffffffd720) at /usr/include/c++/7/bits/stl_vector.h:591
#1  0x00005555555559e1 in std::vector<int, std::allocator<int> >::vector (this=0x7fffffffd740, __x=std::vector of length 200, capacity 200 = {...}) at /usr/include/c++/7/bits/stl_vector.h:331
#2  0x00005555555552f7 in simulated_annealing () at knapsacksa.cpp:89
#3  0x0000555555555658 in main () at knapsacksa.cpp:146

586	       *  the last element in the %vector.  Iteration is done in
587	       *  ordinary element order.
588	       */
589	      const_iterator
590	      end() const _GLIBCXX_NOEXCEPT
591	      { return const_iterator(this->_M_impl._M_finish); }
592	
593	      /**
594	       *  Returns a read/write reverse iterator that points to the
595	       *  last element in the %vector.  Iteration is done in reverse

Backtrace END
Memory content before bitflip:0x000x000x000x00
Fault Model: LSB bit-flip
base address to flip value: 0x7fffffffd70c
address max offset: 4
Memory content after  bitflip:0x000x000x000x04
frame name: simulated_annealing
symbol name: temp
symbol filename: knapsacksa.cpp
symbol line: 83
value: 67108864
value address: 0x7fffffffd70c
Type: The type is an integer type.
Type sizeof: 4

[INFO -- 2018-12-08 21:18:45]
Fault Injection Successful after 6.407829761505127s
[INFO -- 2018-12-08 21:18:45]
event type: exit
[INFO -- 2018-12-08 21:18:45]
exit code: 0
