[INFO -- 2018-12-01 06:24:17]
Starting flip_value script
version: 1.1
[INFO -- 2018-12-01 06:24:17]
Initialization strings:
[INFO -- 2018-12-01 06:24:17]
(1) file /tmp/knapsack/mf
[INFO -- 2018-12-01 06:24:17]
initSignal:0
[INFO -- 2018-12-01 06:24:17]
endSignal:12
[INFO -- 2018-12-01 06:24:17]
faultModel:2
[EXCEPTION -- 2018-12-01 06:24:18]
pythonException: Unable to exit loop in struct fields; Exiting wihtout making a bit flip
[EXCEPTION -- 2018-12-01 06:24:18]
gdbException: Cannot access memory at address 0x5deb9524fc4b3d91
[EXCEPTION -- 2018-12-01 06:24:18]
pythonException: Unable to exit loop in struct fields; Exiting wihtout making a bit flip
[INFO -- 2018-12-01 06:24:18]
event type: exit
[EXCEPTION -- 2018-12-01 06:24:18]
exit code: no exit code available
