[INFO -- 2018-09-24 19:05:23]
Starting flip_value script
version: 1.1
[INFO -- 2018-09-24 19:05:23]
Initialization strings:
[INFO -- 2018-09-24 19:05:23]
(1) file /tmp/knapsack/ga
[INFO -- 2018-09-24 19:05:23]
initSignal:1
[INFO -- 2018-09-24 19:05:23]
endSignal:3.5
[INFO -- 2018-09-24 19:05:23]
faultModel:4
[INFO -- 2018-09-24 19:05:25]
Backtrace BEGIN:
#0  0x0000555555555a1d in operator new (__p=0x0) at /usr/include/c++/7/new:169
#1  0x0000555555557e83 in __gnu_cxx::new_allocator<chromossome>::construct<chromossome, chromossome const&> (this=0x7fffffffd8f0, __p=0x555555786700, __args#0=...) at /usr/include/c++/7/ext/new_allocator.h:136
#2  0x0000555555556a90 in std::allocator_traits<std::allocator<chromossome> >::construct<chromossome, chromossome const&> (__a=..., __p=0x555555786700, __args#0=...) at /usr/include/c++/7/bits/alloc_traits.h:475
#3  0x0000555555555cf0 in std::vector<chromossome, std::allocator<chromossome> >::push_back (this=0x7fffffffd8f0, __x=...) at /usr/include/c++/7/bits/stl_vector.h:943
#4  0x00005555555554e7 in genetic_algorithm () at knapsackga.cpp:106
#5  0x00005555555558d7 in main () at knapsackga.cpp:137

164	#endif // __cpp_sized_deallocation
165	#endif // __cpp_aligned_new
166	
167	// Default placement versions of operator new.
168	inline void* operator new(std::size_t, void* __p) _GLIBCXX_USE_NOEXCEPT
169	{ return __p; }
170	inline void* operator new[](std::size_t, void* __p) _GLIBCXX_USE_NOEXCEPT
171	{ return __p; }
172	
173	// Default placement versions of operator delete.

Backtrace END
Fliping value of field: std::_Vector_base<int, std::allocator<int> >
Fliping value of field: _M_impl
Fliping value of field: _M_finish
Fliping a bit of the value pointed by a pointer
Memory content before bitflip:0x300x030x000x00
Fault Model: LSB bit-flip
base address to flip value: 0x555555787210
address max offset: 4
Memory content after  bitflip:0x300x030x000x01
frame name: genetic_algorithm
symbol name: filho2
symbol filename: knapsackga.cpp
symbol line: 101
value: std::vector of length 200, capacity 200 = {0, 1, 0, 0, 1, 1, 0, 0, 0, 0, 0, 0, 0, 1, 1, 1, 1, 0, 0, 0, 0, 0, 0, 0, 1, 0, 0, 1, 1, 0, 0, 0, 0, 1, 1, 0, 0, 1, 1, 1, 0, 0, 0, 0, 1, 0, 1, 0, 1, 0, 1, 1, 1, 0, 1, 1, 1, 0, 0, 1, 1, 0, 1, 0, 0, 0, 1, 0, 1, 0, 0, 0, 0, 0, 0, 1, 0, 0, 0, 1, 1, 0, 0, 1, 1, 0, 1, 0, 1, 0, 0, 1, 0, 0, 1, 0, 0, 0, 0, 0, 0, 1, 0, 1, 0, 1, 1, 1, 0, 0, 0, 0, 0, 1, 0, 1, 0, 0, 1, 1, 1, 0, 1, 1, 0, 0, 1, 0, 1, 1, 1, 1, 0, 0, 1, 0, 0, 1, 1, 0, 0, 0, 1, 0, 1, 0, 0, 0, 0, 1, 0, 0, 0, 1, 0, 0, 0, 1, 1, 1, 1, 0, 0, 0, 1, 0, 0, 0, 1, 1, 0, 0, 1, 0, 1, 0, 0, 0, 0, 0, 1, 0, 0, 1, 1, 0, 1, 1, 1, 0, 0, 0, 0, 0, 0, 0, 0, 0, 0, 1...}
value address: 0x7fffffffd970
Type: The type is a structure.
Type sizeof: 24
Field name: std::_Vector_base<int, std::allocator<int> >
Field Type: The type is a structure.
Field Type sizeof: 24

[INFO -- 2018-09-24 19:05:25]
Fault Injection Successful after 2.366675615310669s
[INFO -- 2018-09-24 19:05:27]
event type: exit
[INFO -- 2018-09-24 19:05:27]
exit code: 0
