[INFO -- 2018-12-08 16:38:05]
Starting flip_value script
version: 1.1
[INFO -- 2018-12-08 16:38:05]
Initialization strings:
[INFO -- 2018-12-08 16:38:05]
(1) file /tmp/knapsack/ga
[INFO -- 2018-12-08 16:38:05]
initSignal:1
[INFO -- 2018-12-08 16:38:05]
endSignal:8
[INFO -- 2018-12-08 16:38:05]
faultModel:0
[INFO -- 2018-12-08 16:38:08]
Backtrace BEGIN:
#0  0x000055555555a368 in __gnu_cxx::__normal_iterator<int const*, std::vector<int, std::allocator<int> > >::base (this=0x7fffffffd5c8) at /usr/include/c++/7/bits/stl_iterator.h:845
#1  0x000055555555988b in std::__niter_base<int const*, std::vector<int, std::allocator<int> > > (__it=816) at /usr/include/c++/7/bits/stl_iterator.h:984
#2  0x00005555555588b4 in std::__copy_move_a2<false, __gnu_cxx::__normal_iterator<int const*, std::vector<int, std::allocator<int> > >, __gnu_cxx::__normal_iterator<int*, std::vector<int, std::allocator<int> > > > (__first=0, __last=816, __result=0) at /usr/include/c++/7/bits/stl_algobase.h:422
#3  0x0000555555557511 in std::copy<__gnu_cxx::__normal_iterator<int const*, std::vector<int, std::allocator<int> > >, __gnu_cxx::__normal_iterator<int*, std::vector<int, std::allocator<int> > > > (__first=0, __last=816, __result=0) at /usr/include/c++/7/bits/stl_algobase.h:456
#4  0x0000555555556561 in std::vector<int, std::allocator<int> >::operator= (this=0x5555557810d0, __x=std::vector of length 200, capacity 200 = {...}) at /usr/include/c++/7/bits/vector.tcc:218
#5  0x000055555555a4ad in chromossome::operator= (this=0x5555557810d0) at knapsackga.cpp:63
#6  0x000055555555a505 in std::__copy_move<false, false, std::random_access_iterator_tag>::__copy_m<chromossome const*, chromossome*> (__first=0x55555578ae70, __last=0x55555578b150, __result=0x5555557810d0) at /usr/include/c++/7/bits/stl_algobase.h:324
#7  0x0000555555559aab in std::__copy_move_a<false, chromossome const*, chromossome*> (__first=0x55555578ac50, __last=0x55555578b150, __result=0x555555780eb0) at /usr/include/c++/7/bits/stl_algobase.h:386
#8  0x0000555555558e62 in std::__copy_move_a2<false, __gnu_cxx::__normal_iterator<chromossome const*, std::vector<chromossome, std::allocator<chromossome> > >, __gnu_cxx::__normal_iterator<chromossome*, std::vector<chromossome, std::allocator<chromossome> > > > (__first={solution = std::vector of length 200, capacity 200 = {0, 1, 0, 0, 1, 1, 0, 0, 0, 0, 0, 0, 0, 1, 1, 1, 1, 0, 0, 0, 0, 0, 0, 0, 1, 0, 0, 1, 1, 0, 0, 0, 0, 1, 1, 0, 0, 1, 1, 1, 0, 0, 0, 0, 1, 0, 1, 0, 1, 0, 1, 1, 1, 0, 1, 1, 1, 0, 0, 1, 1, 0, 1, 0, 0, 0, 1, 0, 1, 0, 0, 0, 0, 0, 0, 1, 0, 0, 0, 1, 1, 0, 0, 1, 1, 0, 1, 0, 1, 0, 0, 1, 0, 0, 1, 0, 0, 0, 0, 0, 0, 1, 0, 1, 0, 1, 1, 1, 0, 0, 0, 0, 0, 1, 0, 1, 0, 0, 1, 1, 1, 0, 1, 1, 0, 0, 1, 0, 1, 1, 1, 1, 0, 0, 1, 0, 0, 1, 1, 0, 0, 0, 1, 0, 1, 0, 0, 0, 0, 1, 0, 0, 0, 1, 0, 0, 0, 1, 1, 1, 1, 0, 0, 0, 1, 0, 0, 0, 1, 1, 0, 0, 1, 0, 1, 0, 0, 0, 0, 0, 1, 0, 0, 1, 1, 0, 1, 1, 1, 0, 0, 0, 0, 0, 0, 0, 0, 0, 0, 1...}, fitness = -510591}, __last={solution = std::vector of length 1073741824, capacity 0 = {<error reading variable>, __result={solution = std::vector of length 200, capacity 256 = {0, 1, 0, 0, 1, 1, 0, 0, 0, 0, 0, 0, 0, 1, 1, 1, 1, 0, 0, 0, 0, 0, 0, 0, 1, 0, 0, 1, 1, 0, 0, 0, 0, 1, 1, 0, 0, 1, 1, 1, 0, 0, 0, 0, 1, 0, 1, 0, 1, 0, 1, 1, 1, 0, 1, 1, 1, 0, 0, 1, 1, 0, 1, 0, 0, 0, 1, 0, 1, 0, 0, 0, 0, 0, 0, 1, 0, 0, 0, 1, 1, 0, 0, 1, 1, 0, 1, 0, 1, 0, 0, 1, 0, 0, 1, 0, 0, 0, 0, 0, 0, 1, 0, 1, 0, 1, 1, 1, 0, 0, 0, 0, 0, 1, 0, 1, 0, 0, 1, 1, 1, 0, 1, 1, 0, 0, 1, 0, 1, 1, 1, 1, 0, 0, 1, 0, 0, 1, 1, 0, 0, 0, 1, 0, 1, 0, 0, 0, 0, 1, 0, 0, 0, 1, 0, 0, 0, 1, 1, 1, 1, 0, 0, 0, 1, 0, 0, 0, 1, 1, 0, 0, 1, 0, 1, 0, 0, 0, 0, 0, 1, 0, 0, 1, 1, 0, 1, 1, 1, 0, 0, 0, 0, 0, 0, 0, 0, 0, 0, 1...}, fitness = -510591}) at /usr/include/c++/7/bits/stl_algobase.h:422
#9  0x00005555555579f4 in std::copy<__gnu_cxx::__normal_iterator<chromossome const*, std::vector<chromossome, std::allocator<chromossome> > >, __gnu_cxx::__normal_iterator<chromossome*, std::vector<chromossome, std::allocator<chromossome> > > > (__first={solution = std::vector of length 200, capacity 200 = {0, 1, 0, 0, 1, 1, 0, 0, 0, 0, 0, 0, 0, 1, 1, 1, 1, 0, 0, 0, 0, 0, 0, 0, 1, 0, 0, 1, 1, 0, 0, 0, 0, 1, 1, 0, 0, 1, 1, 1, 0, 0, 0, 0, 1, 0, 1, 0, 1, 0, 1, 1, 1, 0, 1, 1, 1, 0, 0, 1, 1, 0, 1, 0, 0, 0, 1, 0, 1, 0, 0, 0, 0, 0, 0, 1, 0, 0, 0, 1, 1, 0, 0, 1, 1, 0, 1, 0, 1, 0, 0, 1, 0, 0, 1, 0, 0, 0, 0, 0, 0, 1, 0, 1, 0, 1, 1, 1, 0, 0, 0, 0, 0, 1, 0, 1, 0, 0, 1, 1, 1, 0, 1, 1, 0, 0, 1, 0, 1, 1, 1, 1, 0, 0, 1, 0, 0, 1, 1, 0, 0, 0, 1, 0, 1, 0, 0, 0, 0, 1, 0, 0, 0, 1, 0, 0, 0, 1, 1, 1, 1, 0, 0, 0, 1, 0, 0, 0, 1, 1, 0, 0, 1, 0, 1, 0, 0, 0, 0, 0, 1, 0, 0, 1, 1, 0, 1, 1, 1, 0, 0, 0, 0, 0, 0, 0, 0, 0, 0, 1...}, fitness = -510591}, __last={solution = std::vector of length 1073741824, capacity 0 = {<error reading variable>, __result={solution = std::vector of length 200, capacity 256 = {0, 1, 0, 0, 1, 1, 0, 0, 0, 0, 0, 0, 0, 1, 1, 1, 1, 0, 0, 0, 0, 0, 0, 0, 1, 0, 0, 1, 1, 0, 0, 0, 0, 1, 1, 0, 0, 1, 1, 1, 0, 0, 0, 0, 1, 0, 1, 0, 1, 0, 1, 1, 1, 0, 1, 1, 1, 0, 0, 1, 1, 0, 1, 0, 0, 0, 1, 0, 1, 0, 0, 0, 0, 0, 0, 1, 0, 0, 0, 1, 1, 0, 0, 1, 1, 0, 1, 0, 1, 0, 0, 1, 0, 0, 1, 0, 0, 0, 0, 0, 0, 1, 0, 1, 0, 1, 1, 1, 0, 0, 0, 0, 0, 1, 0, 1, 0, 0, 1, 1, 1, 0, 1, 1, 0, 0, 1, 0, 1, 1, 1, 1, 0, 0, 1, 0, 0, 1, 1, 0, 0, 0, 1, 0, 1, 0, 0, 0, 0, 1, 0, 0, 0, 1, 0, 0, 0, 1, 1, 1, 1, 0, 0, 0, 1, 0, 0, 0, 1, 1, 0, 0, 1, 0, 1, 0, 0, 0, 0, 0, 1, 0, 0, 1, 1, 0, 1, 1, 1, 0, 0, 0, 0, 0, 0, 0, 0, 0, 0, 1...}, fitness = -510591}) at /usr/include/c++/7/bits/stl_algobase.h:456
#10 0x00005555555569d3 in std::vector<chromossome, std::allocator<chromossome> >::operator= (this=0x7fffffffd880, __x=std::vector of length 40, capacity 64 = {...}) at /usr/include/c++/7/bits/vector.tcc:218
#11 0x000055555555590f in genetic_algorithm () at knapsackga.cpp:143
#12 0x0000555555555b6c in main () at knapsackga.cpp:165

840	      operator-(difference_type __n) const _GLIBCXX_NOEXCEPT
841	      { return __normal_iterator(_M_current - __n); }
842	
843	      const _Iterator&
844	      base() const _GLIBCXX_NOEXCEPT
845	      { return _M_current; }
846	    };
847	
848	  // Note: In what follows, the left- and right-hand-side iterators are
849	  // allowed to vary in types (conceptually in cv-qualification) so that

Backtrace END
Memory content before bitflip:0xc80x000x000x00
Fault Model: Single bit-flip
base address to flip value: 0x55555575f0ac 
address max offset: 4
Memory content after  bitflip:0xc80x000x020x00
frame name: std::__copy_move<false, false, std::random_access_iterator_tag>::__copy_m<chromossome const*, chromossome*>
symbol name: n2
symbol filename: knapsackga.cpp
symbol line: 18
value: 131272
value address: 0x55555575f0ac <n2>
Type: The type is an integer type.
Type sizeof: 4

[INFO -- 2018-12-08 16:38:08]
Fault Injection Successful after 3.30771541595459s
[INFO -- 2018-12-08 16:38:08]
event type: exit
[INFO -- 2018-12-08 16:38:08]
exit code: 0
