[INFO -- 2018-12-09 04:15:07]
Starting flip_value script
version: 1.1
[INFO -- 2018-12-09 04:15:07]
Initialization strings:
[INFO -- 2018-12-09 04:15:07]
(1) file /tmp/knapsack/ga
[INFO -- 2018-12-09 04:15:07]
initSignal:1
[INFO -- 2018-12-09 04:15:07]
endSignal:8
[INFO -- 2018-12-09 04:15:07]
faultModel:3
[EXCEPTION -- 2018-12-09 04:15:11]
gdbException: Cannot access memory at address 0x0
[EXCEPTION -- 2018-12-09 04:15:11]
pythonException: empty range for randrange() (0,0, 0)
[EXCEPTION -- 2018-12-09 04:15:11]
gdbException: Cannot access memory at address 0x0
[INFO -- 2018-12-09 04:15:11]
event type: exit
[EXCEPTION -- 2018-12-09 04:15:11]
exit code: no exit code available
