[INFO -- 2018-09-25 20:40:33]
Starting flip_value script
version: 1.1
[INFO -- 2018-09-25 20:40:33]
Initialization strings:
[INFO -- 2018-09-25 20:40:33]
(1) file /tmp/knapsack/ga
[INFO -- 2018-09-25 20:40:33]
initSignal:1
[INFO -- 2018-09-25 20:40:33]
endSignal:3.5
[INFO -- 2018-09-25 20:40:33]
faultModel:2
[INFO -- 2018-09-25 20:40:35]
Backtrace BEGIN:
#0  0x00000000004027f4 in std::_Destroy<int*, int> (__first=0x62e5a0, __last=0x62e8c0) at /usr/include/c++/5/bits/stl_construct.h:151
#1  0x0000000000401b33 in std::vector<int, std::allocator<int> >::~vector (this=0x7fffffffd740, __in_chrg=<optimized out>) at /usr/include/c++/5/bits/stl_vector.h:424
#2  0x00000000004014cd in genetic_algorithm () at knapsackga.cpp:101
#3  0x0000000000401844 in main () at knapsackga.cpp:137

146	  template<typename _ForwardIterator, typename _Tp>
147	    inline void
148	    _Destroy(_ForwardIterator __first, _ForwardIterator __last,
149		     allocator<_Tp>&)
150	    {
151	      _Destroy(__first, __last);
152	    }
153	
154	_GLIBCXX_END_NAMESPACE_VERSION
155	} // namespace std

Backtrace END
Memory content before bitflip:0x310xfb0x080x00
Fault Model: Random bit-flip
base address to flip value: 0x60b13c 
address max offset: 4
Memory content after  bitflip:0xe10xfc0x540x14
frame name: genetic_algorithm
symbol name: W
symbol filename: knapsackga.cpp
symbol line: 16
value: 341114081
value address: 0x60b13c <W>
Type: The type is an integer type.
Type sizeof: 4

[INFO -- 2018-09-25 20:40:35]
Fault Injection Successful after 2.1722540855407715s
[INFO -- 2018-09-25 20:40:40]
event type: exit
[INFO -- 2018-09-25 20:40:40]
exit code: 0
