[INFO -- 2018-12-09 02:53:48]
Starting flip_value script
version: 1.1
[INFO -- 2018-12-09 02:53:48]
Initialization strings:
[INFO -- 2018-12-09 02:53:48]
(1) file /tmp/knapsack/ga
[INFO -- 2018-12-09 02:53:48]
initSignal:1
[INFO -- 2018-12-09 02:53:48]
endSignal:8
[INFO -- 2018-12-09 02:53:48]
faultModel:4
[INFO -- 2018-12-09 02:53:51]
Backtrace BEGIN:
#0  0x00005555555550b0 in cost (solution=std::vector of length 200, capacity 200 = {...}) at knapsackga.cpp:41
#1  0x000055555555589e in genetic_algorithm () at knapsackga.cpp:138
#2  0x0000555555555b6c in main () at knapsackga.cpp:165

36	    }
37	
38	    int peso=0, peso2=0, valor=0, valor2=0;
39	    for(int i=0; i < n; i++){
40	        peso += solution[i] * wt[i];
41	        valor += solution[i] * val[i];
42	    }
43	    for(int i=0; i < n; i++){
44	        peso2 += solution[i] * wt2[i];
45	        valor2 += solution[i] * val2[i];

Backtrace END
Memory content before bitflip:0x6a0xcc0x060x00
Fault Model: LSB bit-flip
base address to flip value: 0x7fffffffd830
address max offset: 4
Memory content after  bitflip:0x6a0xcc0x060x10
frame name: cost
symbol name: valor
symbol filename: knapsackga.cpp
symbol line: 38
value: 268881002
value address: 0x7fffffffd830
Type: The type is an integer type.
Type sizeof: 4

[INFO -- 2018-12-09 02:53:51]
Fault Injection Successful after 3.3172903060913086s
[INFO -- 2018-12-09 02:53:51]
event type: exit
[INFO -- 2018-12-09 02:53:51]
exit code: 0
