[INFO -- 2018-12-09 00:45:45]
Starting flip_value script
version: 1.1
[INFO -- 2018-12-09 00:45:45]
Initialization strings:
[INFO -- 2018-12-09 00:45:45]
(1) file /tmp/knapsack/ga
[INFO -- 2018-12-09 00:45:45]
initSignal:1
[INFO -- 2018-12-09 00:45:45]
endSignal:8
[INFO -- 2018-12-09 00:45:45]
faultModel:3
[EXCEPTION -- 2018-12-09 00:45:49]
pythonException: Unable to exit loop in struct fields; Exiting wihtout making a bit flip
[INFO -- 2018-12-09 00:45:49]
Backtrace BEGIN:
#0  0x0000555555555061 in cost (solution=std::vector of length 200, capacity 200 = {...}) at knapsackga.cpp:39
#1  0x000055555555589e in genetic_algorithm () at knapsackga.cpp:138
#2  0x0000555555555b6c in main () at knapsackga.cpp:165

34	    if(n != n2 || W != W2){
35	        exit_gracefully();
36	    }
37	
38	    int peso=0, peso2=0, valor=0, valor2=0;
39	    for(int i=0; i < n; i++){
40	        peso += solution[i] * wt[i];
41	        valor += solution[i] * val[i];
42	    }
43	    for(int i=0; i < n; i++){

Backtrace END
Memory content before bitflip:0x000x000x000x00
Fault Model: Zero bit-flip
base address to flip value: 0x7fffffffd82c
address max offset: 4
Memory content after  bitflip:0x000x000x000x00
frame name: cost
symbol name: peso2
symbol filename: knapsackga.cpp
symbol line: 38
value: 0
value address: 0x7fffffffd82c
Type: The type is an integer type.
Type sizeof: 4

[INFO -- 2018-12-09 00:45:49]
Fault Injection Successful after 4.368945837020874s
[INFO -- 2018-12-09 00:45:53]
event type: exit
[INFO -- 2018-12-09 00:45:53]
exit code: 0
