[INFO -- 2018-12-09 06:44:27]
Starting flip_value script
version: 1.1
[INFO -- 2018-12-09 06:44:27]
Initialization strings:
[INFO -- 2018-12-09 06:44:27]
(1) file /tmp/knapsack/ga
[INFO -- 2018-12-09 06:44:27]
initSignal:1
[INFO -- 2018-12-09 06:44:27]
endSignal:8
[INFO -- 2018-12-09 06:44:27]
faultModel:1
[EXCEPTION -- 2018-12-09 06:44:29]
pythonException: empty range for randrange() (0,0, 0)
[INFO -- 2018-12-09 06:44:29]
Backtrace BEGIN:
#0  0x0000555555555e7a in std::vector<int, std::allocator<int> >::operator[] (this=0x55555578ae70, __n=135) at /usr/include/c++/7/bits/stl_vector.h:795
#1  0x0000555555555142 in cost (solution=std::vector of length 200, capacity 200 = {...}) at knapsackga.cpp:45
#2  0x000055555555589e in genetic_algorithm () at knapsackga.cpp:138
#3  0x0000555555555b6c in main () at knapsackga.cpp:165

790	       *  Note that data access with this operator is unchecked and
791	       *  out_of_range lookups are not defined. (For checked lookups
792	       *  see at().)
793	       */
794	      reference
795	      operator[](size_type __n) _GLIBCXX_NOEXCEPT
796	      {
797		__glibcxx_requires_subscript(__n);
798		return *(this->_M_impl._M_start + __n);
799	      }

Backtrace END
Memory content before bitflip:0x870x000x000x000x000x000x000x00
Fault Model: Double bit-flip
base address to flip value: 0x7fffffffd7f0
address max offset: 8
Memory content after  bitflip:0x870x000x000x000x000x000x000xc0
frame name: std::vector<int, std::allocator<int> >::operator[]
symbol name: __n
symbol filename: /usr/include/c++/7/bits/stl_vector.h
symbol line: 795
value: 13835058055282163847
value address: 0x7fffffffd7f0
Type: The type is an integer type.
Type sizeof: 8

[INFO -- 2018-12-09 06:44:29]
Fault Injection Successful after 2.7711055278778076s
[INFO -- 2018-12-09 06:44:36]
event type: exit
[INFO -- 2018-12-09 06:44:36]
exit code: 0
