[INFO -- 2018-12-01 04:21:07]
Starting flip_value script
version: 1.1
[INFO -- 2018-12-01 04:21:07]
Initialization strings:
[INFO -- 2018-12-01 04:21:07]
(1) file /tmp/knapsack/ga
[INFO -- 2018-12-01 04:21:07]
initSignal:0
[INFO -- 2018-12-01 04:21:07]
endSignal:13
[INFO -- 2018-12-01 04:21:07]
faultModel:0
[INFO -- 2018-12-01 04:21:10]
Backtrace BEGIN:
#0  0x000055555555b38b in std::move_iterator<chromossome*>::base (this=0x7fffffffd668) at /usr/include/c++/7/bits/stl_iterator.h:1046
#1  0x000055555555b115 in std::operator==<chromossome*> (__x=..., __y=...) at /usr/include/c++/7/bits/stl_iterator.h:1126
#2  0x000055555555acb0 in std::operator!=<chromossome*> (__x=..., __y=...) at /usr/include/c++/7/bits/stl_iterator.h:1138
#3  0x000055555555a642 in std::__uninitialized_copy<false>::__uninit_copy<std::move_iterator<chromossome*>, chromossome*> (__first=..., __last=..., __result=0x5555557764e0) at /usr/include/c++/7/bits/stl_uninitialized.h:82
#4  0x0000555555559ced in std::uninitialized_copy<std::move_iterator<chromossome*>, chromossome*> (__first=..., __last=..., __result=0x5555557764e0) at /usr/include/c++/7/bits/stl_uninitialized.h:134
#5  0x00005555555592a8 in std::__uninitialized_copy_a<std::move_iterator<chromossome*>, chromossome*, chromossome> (__first=..., __last=..., __result=0x5555557764e0) at /usr/include/c++/7/bits/stl_uninitialized.h:289
#6  0x0000555555558351 in std::__uninitialized_move_if_noexcept_a<chromossome*, chromossome*, std::allocator<chromossome> > (__first=0x555555776400, __last=0x555555776440, __result=0x5555557764e0, __alloc=...) at /usr/include/c++/7/bits/stl_uninitialized.h:312
#7  0x0000555555556e42 in std::vector<chromossome, std::allocator<chromossome> >::_M_realloc_insert<chromossome const&> (this=0x7fffffffd800, __position={solution = std::vector of length 36, capacity 0 = {<error reading variable>, __args#0=...) at /usr/include/c++/7/bits/vector.tcc:424
#8  0x0000555555555fb8 in std::vector<chromossome, std::allocator<chromossome> >::push_back (this=0x7fffffffd800, __x=...) at /usr/include/c++/7/bits/stl_vector.h:948
#9  0x000055555555515c in tournament (pop=std::vector of length 40, capacity 64 = {...}) at knapsackga.cpp:63
#10 0x0000555555555581 in genetic_algorithm () at knapsackga.cpp:103
#11 0x0000555555555a9b in main () at knapsackga.cpp:141

1041		move_iterator(const move_iterator<_Iter>& __i)
1042		: _M_current(__i.base()) { }
1043	
1044	      _GLIBCXX17_CONSTEXPR iterator_type
1045	      base() const
1046	      { return _M_current; }
1047	
1048	      _GLIBCXX17_CONSTEXPR reference
1049	      operator*() const
1050	      { return static_cast<reference>(*_M_current); }

Backtrace END
Fliping a bit of the pointer
Memory content before bitflip:0x680xd60xff0xff0xff0x7f0x000x00
Fault Model: Single bit-flip
base address to flip value: 0x7fffffffd5e8
address max offset: 8
Memory content after  bitflip:0x280xd60xff0xff0xff0x7f0x000x00
frame name: std::move_iterator<chromossome*>::base
symbol name: this
symbol filename: knapsackga.cpp
symbol line: 0
value: 0x7fffffffd668
value address: 0x7fffffffd5e8
Type: The type is a pointer.
Type sizeof: 8

[INFO -- 2018-12-01 04:21:10]
Fault Injection Successful after 3.786290168762207s
[INFO -- 2018-12-01 04:21:20]
event type: exit
[INFO -- 2018-12-01 04:21:20]
exit code: 0
