[INFO -- 2018-12-08 23:28:06]
Starting flip_value script
version: 1.1
[INFO -- 2018-12-08 23:28:06]
Initialization strings:
[INFO -- 2018-12-08 23:28:06]
(1) file /tmp/knapsack/ga
[INFO -- 2018-12-08 23:28:06]
initSignal:1
[INFO -- 2018-12-08 23:28:06]
endSignal:8
[INFO -- 2018-12-08 23:28:06]
faultModel:1
[INFO -- 2018-12-08 23:28:09]
Backtrace BEGIN:
#0  0x00005555555550c6 in cost (solution=std::vector of length 200, capacity 200 = {...}) at knapsackga.cpp:41
#1  0x000055555555589e in genetic_algorithm () at knapsackga.cpp:138
#2  0x0000555555555b6c in main () at knapsackga.cpp:165

36	    }
37	
38	    int peso=0, peso2=0, valor=0, valor2=0;
39	    for(int i=0; i < n; i++){
40	        peso += solution[i] * wt[i];
41	        valor += solution[i] * val[i];
42	    }
43	    for(int i=0; i < n; i++){
44	        peso2 += solution[i] * wt2[i];
45	        valor2 += solution[i] * val2[i];

Backtrace END
Memory content before bitflip:0x810x350xf80xff
Fault Model: Double bit-flip
base address to flip value: 0x7fffffffd86c
address max offset: 4
Memory content after  bitflip:0xc90x350xf80xff
frame name: genetic_algorithm
symbol name: best
symbol filename: knapsackga.cpp
symbol line: 113
value: -510519
value address: 0x7fffffffd86c
Type: The type is an integer type.
Type sizeof: 4

[INFO -- 2018-12-08 23:28:09]
Fault Injection Successful after 3.1661946773529053s
[INFO -- 2018-12-08 23:28:14]
event type: exit
[INFO -- 2018-12-08 23:28:14]
exit code: 0
