[INFO -- 2018-09-25 10:05:35]
Starting flip_value script
version: 1.1
[INFO -- 2018-09-25 10:05:35]
Initialization strings:
[INFO -- 2018-09-25 10:05:35]
(1) file /tmp/knapsack/ga
[INFO -- 2018-09-25 10:05:35]
initSignal:1
[INFO -- 2018-09-25 10:05:35]
endSignal:3.5
[INFO -- 2018-09-25 10:05:35]
faultModel:4
[INFO -- 2018-09-25 10:05:37]
Backtrace BEGIN:
#0  0x0000555555556342 in std::swap<int> (__a=@0x555555786158: 0, __b=@0x555555786bac: 0) at /usr/include/c++/7/bits/move.h:187
#1  0x00005555555551e7 in crossover (pai=std::vector of length 200, capacity 200 = {...}, mae=std::vector of length 200, capacity 200 = {...}, filho1=std::vector of length 200, capacity 200 = {...}, filho2=std::vector of length 200, capacity 200 = {...}) at knapsackga.cpp:80
#2  0x000055555555548d in genetic_algorithm () at knapsackga.cpp:104
#3  0x00005555555558d7 in main () at knapsackga.cpp:137

182	    inline
183	#if __cplusplus >= 201103L
184	    typename enable_if<__and_<__not_<__is_tuple_like<_Tp>>,
185				      is_move_constructible<_Tp>,
186				      is_move_assignable<_Tp>>::value>::type
187	    swap(_Tp& __a, _Tp& __b)
188	    noexcept(__and_<is_nothrow_move_constructible<_Tp>,
189		            is_nothrow_move_assignable<_Tp>>::value)
190	#else
191	    void

Backtrace END
Memory content before bitflip:0x310xfb0x080x00
Fault Model: LSB bit-flip
base address to flip value: 0x55555575f06c 
address max offset: 4
Memory content after  bitflip:0x310xfb0x080x01
frame name: crossover
symbol name: W
symbol filename: knapsackga.cpp
symbol line: 16
value: 17365809
value address: 0x55555575f06c <W>
Type: The type is an integer type.
Type sizeof: 4

[INFO -- 2018-09-25 10:05:37]
Fault Injection Successful after 2.4757494926452637s
[INFO -- 2018-09-25 10:05:39]
event type: exit
[INFO -- 2018-09-25 10:05:39]
exit code: 0
