[INFO -- 2018-12-08 16:49:44]
Starting flip_value script
version: 1.1
[INFO -- 2018-12-08 16:49:44]
Initialization strings:
[INFO -- 2018-12-08 16:49:44]
(1) file /tmp/knapsack/sa
[INFO -- 2018-12-08 16:49:44]
initSignal:0
[INFO -- 2018-12-08 16:49:44]
endSignal:9
[INFO -- 2018-12-08 16:49:44]
faultModel:0
[EXCEPTION -- 2018-12-08 16:49:46]
pythonException: empty range for randrange() (0,0, 0)
[INFO -- 2018-12-08 16:49:47]
Backtrace BEGIN:
#0  0x0000555555555865 in std::vector<int, std::allocator<int> >::operator[] (this=0x7fffffffd740, __n=70) at /usr/include/c++/7/bits/stl_vector.h:798
#1  0x0000555555555116 in cost (solution=std::vector of length 200, capacity 200 = {...}) at knapsacksa.cpp:58
#2  0x000055555555534c in simulated_annealing () at knapsacksa.cpp:92
#3  0x0000555555555658 in main () at knapsacksa.cpp:146

793	       */
794	      reference
795	      operator[](size_type __n) _GLIBCXX_NOEXCEPT
796	      {
797		__glibcxx_requires_subscript(__n);
798		return *(this->_M_impl._M_start + __n);
799	      }
800	
801	      /**
802	       *  @brief  Subscript access to the data contained in the %vector.

Backtrace END
Memory content before bitflip:0x460x000x000x000x000x000x000x00
Fault Model: Single bit-flip
base address to flip value: 0x7fffffffd670
address max offset: 8
Memory content after  bitflip:0x460x000x000x000x400x000x000x00
frame name: std::vector<int, std::allocator<int> >::operator[]
symbol name: __n
symbol filename: /usr/include/c++/7/bits/stl_vector.h
symbol line: 795
value: 274877907014
value address: 0x7fffffffd670
Type: The type is an integer type.
Type sizeof: 8

[INFO -- 2018-12-08 16:49:47]
Fault Injection Successful after 3.1928296089172363s
[INFO -- 2018-12-08 16:49:55]
event type: exit
[INFO -- 2018-12-08 16:49:55]
exit code: 0
