[INFO -- 2018-09-23 14:48:56]
Starting flip_value script
version: 1.1
[INFO -- 2018-09-23 14:48:56]
Initialization strings:
[INFO -- 2018-09-23 14:48:56]
(1) file /tmp/knapsack/sa
[INFO -- 2018-09-23 14:48:56]
initSignal:0
[INFO -- 2018-09-23 14:48:56]
endSignal:2
[INFO -- 2018-09-23 14:48:56]
faultModel:4
[INFO -- 2018-09-23 14:48:57]
Backtrace BEGIN:
#0  0x00005555555550ff in simulated_annealing () at knapsacksa.cpp:49
#1  0x000055555555535e in main () at knapsacksa.cpp:84

44	    //int co=0;
45	
46	    for(int t = 0; t < 1000000; t++){
47	         vector<int> s(solution);
48	         int i = rand() % n;
49	         s[i] = 1 - s[i];
50	         int c = cost(s);
51	         int delta = c - best;
52	         if(delta <= 0){
53	             solution = s;

Backtrace END
Memory content before bitflip:0xe30xfd0x020x00
Fault Model: LSB bit-flip
base address to flip value: 0x7fffffffda04
address max offset: 4
Memory content after  bitflip:0xe30xfd0x020x20
frame name: simulated_annealing
symbol name: t
symbol filename: knapsacksa.cpp
symbol line: 46
value: 537066979
value address: 0x7fffffffda04
Type: The type is an integer type.
Type sizeof: 4

[INFO -- 2018-09-23 14:48:57]
Fault Injection Successful after 1.3459985256195068s
[INFO -- 2018-09-23 14:48:57]
event type: exit
[INFO -- 2018-09-23 14:48:57]
exit code: 0
