[INFO -- 2018-09-25 02:01:27]
Starting flip_value script
version: 1.1
[INFO -- 2018-09-25 02:01:27]
Initialization strings:
[INFO -- 2018-09-25 02:01:27]
(1) file /tmp/knapsack/ga
[INFO -- 2018-09-25 02:01:27]
initSignal:1
[INFO -- 2018-09-25 02:01:27]
endSignal:3.5
[INFO -- 2018-09-25 02:01:27]
faultModel:2
[INFO -- 2018-09-25 02:01:28]
Backtrace BEGIN:
#0  0x00005555555594c1 in std::swap<int*> (__a=@0x555555789e80: 0x0, __b=@0x555555786770: 0x555555788200) at /usr/include/c++/7/bits/move.h:198
#1  0x000055555555847b in std::_Vector_base<int, std::allocator<int> >::_Vector_impl::_M_swap_data (this=0x555555789e70, __x=...) at /usr/include/c++/7/bits/stl_vector.h:107
#2  0x0000555555556fb7 in std::_Vector_base<int, std::allocator<int> >::_Vector_base (this=0x555555789e70, __x=...) at /usr/include/c++/7/bits/stl_vector.h:146
#3  0x0000555555555f6c in std::vector<int, std::allocator<int> >::vector (this=0x555555789e70, __x=...) at /usr/include/c++/7/bits/stl_vector.h:345
#4  0x00005555555591ff in chromossome::chromossome (this=0x555555789e70) at knapsackga.cpp:42
#5  0x000055555555aa9a in std::_Construct<chromossome, chromossome> (__p=0x555555789e70, __args#0=...) at /usr/include/c++/7/bits/stl_construct.h:75
#6  0x000055555555a3de in std::__uninitialized_copy<false>::__uninit_copy<std::move_iterator<chromossome*>, chromossome*> (__first=..., __last=..., __result=0x555555789b90) at /usr/include/c++/7/bits/stl_uninitialized.h:83
#7  0x0000555555559a5f in std::uninitialized_copy<std::move_iterator<chromossome*>, chromossome*> (__first=..., __last=..., __result=0x555555789b90) at /usr/include/c++/7/bits/stl_uninitialized.h:134
#8  0x000055555555901a in std::__uninitialized_copy_a<std::move_iterator<chromossome*>, chromossome*, chromossome> (__first=..., __last=..., __result=0x555555789b90) at /usr/include/c++/7/bits/stl_uninitialized.h:289
#9  0x000055555555807d in std::__uninitialized_move_if_noexcept_a<chromossome*, chromossome*, std::allocator<chromossome> > (__first=0x555555786480, __last=0x555555786880, __result=0x555555789b90, __alloc=...) at /usr/include/c++/7/bits/stl_uninitialized.h:312
#10 0x0000555555556b8c in std::vector<chromossome, std::allocator<chromossome> >::_M_realloc_insert<chromossome const&> (this=0x7fffffffd8f0, __position={solution = std::vector of length 204, capacity 1073741824 = {<error reading variable>, __args#0=...) at /usr/include/c++/7/bits/vector.tcc:424
#11 0x0000555555555d28 in std::vector<chromossome, std::allocator<chromossome> >::push_back (this=0x7fffffffd8f0, __x=...) at /usr/include/c++/7/bits/stl_vector.h:948
#12 0x00005555555554e7 in genetic_algorithm () at knapsackga.cpp:106
#13 0x00005555555558d7 in main () at knapsackga.cpp:137

193	#endif
194	    {
195	      // concept requirements
196	      __glibcxx_function_requires(_SGIAssignableConcept<_Tp>)
197	
198	      _Tp __tmp = _GLIBCXX_MOVE(__a);
199	      __a = _GLIBCXX_MOVE(__b);
200	      __b = _GLIBCXX_MOVE(__tmp);
201	    }
202	

Backtrace END
Fliping value of field: _M_current
Fliping a bit of the value pointed by a pointer
Fliping value of field: fitness
Memory content before bitflip:0xb30x2d0xf80xff
Fault Model: Random bit-flip
base address to flip value: 0x555555786498
address max offset: 4
Memory content after  bitflip:0xde0xc40x4a0x8e
frame name: std::__uninitialized_copy_a<std::move_iterator<chromossome*>, chromossome*, chromossome>
symbol name: __first
symbol filename: /usr/include/c++/7/bits/stl_uninitialized.h
symbol line: 287
value: {_M_current = 0x555555786480}
value address: 0x7fffffffd7c8
Type: The type is a structure.
Type sizeof: 8
Field name: _M_current
Field Type: The type is a pointer.
Field Type sizeof: 8

[INFO -- 2018-09-25 02:01:28]
Fault Injection Successful after 1.7515029907226562s
[INFO -- 2018-09-25 02:01:31]
event type: exit
[INFO -- 2018-09-25 02:01:31]
exit code: 0
