[INFO -- 2018-12-08 15:57:08]
Starting flip_value script
version: 1.1
[INFO -- 2018-12-08 15:57:08]
Initialization strings:
[INFO -- 2018-12-08 15:57:08]
(1) file /tmp/knapsack/sa
[INFO -- 2018-12-08 15:57:08]
initSignal:0
[INFO -- 2018-12-08 15:57:08]
endSignal:9
[INFO -- 2018-12-08 15:57:08]
faultModel:0
[INFO -- 2018-12-08 15:57:11]
Backtrace BEGIN:
#0  cost (solution=std::vector of length 200, capacity 200 = {...}) at knapsacksa.cpp:61
#1  0x000055555555534c in simulated_annealing () at knapsacksa.cpp:92
#2  0x0000555555555658 in main () at knapsacksa.cpp:146

56	    int peso=0, peso2=0, valor=0, valor2=0;
57	    for(int i=0; i < n; i++){
58	        peso += solution[i] * wt[i];
59	        valor += solution[i] * val[i];
60	    }
61	    for(int i=0; i < n; i++){
62	        peso2 += solution[i] * wt2[i];
63	        valor2 += solution[i] * val2[i];
64	    }
65	    if(peso != peso2 || valor != valor2){

Backtrace END
Memory content before bitflip:0x060x400x000x00
Fault Model: Single bit-flip
base address to flip value: 0x7fffffffd71c
address max offset: 4
Memory content after  bitflip:0x060x400x800x00
frame name: simulated_annealing
symbol name: delta
symbol filename: knapsacksa.cpp
symbol line: 96
value: 8404998
value address: 0x7fffffffd71c
Type: The type is an integer type.
Type sizeof: 4

[INFO -- 2018-12-08 15:57:11]
Fault Injection Successful after 3.788755178451538s
[INFO -- 2018-12-08 15:57:17]
event type: exit
[INFO -- 2018-12-08 15:57:17]
exit code: 0
