[INFO -- 2018-09-24 17:53:12]
Starting flip_value script
version: 1.1
[INFO -- 2018-09-24 17:53:12]
Initialization strings:
[INFO -- 2018-09-24 17:53:12]
(1) file /tmp/knapsack/ga
[INFO -- 2018-09-24 17:53:12]
initSignal:1
[INFO -- 2018-09-24 17:53:12]
endSignal:3.5
[INFO -- 2018-09-24 17:53:12]
faultModel:4
[INFO -- 2018-09-24 17:53:13]
Backtrace BEGIN:
#0  0x000055555555a38d in std::__uninitialized_copy<false>::__uninit_copy<std::move_iterator<chromossome*>, chromossome*> (__first=..., __last=..., __result=0x555555555ed1 <std::vector<int, std::allocator<int> >::vector(std::vector<int, std::allocator<int> > const&)+181>) at /usr/include/c++/7/bits/stl_uninitialized.h:76
#1  0x0000555555559a5f in std::uninitialized_copy<std::move_iterator<chromossome*>, chromossome*> (__first=..., __last=..., __result=0x5555557764e0) at /usr/include/c++/7/bits/stl_uninitialized.h:134
#2  0x000055555555901a in std::__uninitialized_copy_a<std::move_iterator<chromossome*>, chromossome*, chromossome> (__first=..., __last=..., __result=0x5555557764e0) at /usr/include/c++/7/bits/stl_uninitialized.h:289
#3  0x000055555555807d in std::__uninitialized_move_if_noexcept_a<chromossome*, chromossome*, std::allocator<chromossome> > (__first=0x555555776400, __last=0x555555776440, __result=0x5555557764e0, __alloc=...) at /usr/include/c++/7/bits/stl_uninitialized.h:312
#4  0x0000555555556b8c in std::vector<chromossome, std::allocator<chromossome> >::_M_realloc_insert<chromossome const&> (this=0x7fffffffd870, __position={solution = std::vector of length 36, capacity 0 = {<error reading variable>, __args#0=...) at /usr/include/c++/7/bits/vector.tcc:424
#5  0x0000555555555d28 in std::vector<chromossome, std::allocator<chromossome> >::push_back (this=0x7fffffffd870, __x=...) at /usr/include/c++/7/bits/stl_vector.h:948
#6  0x000055555555502c in tournament (pop=std::vector of length 40, capacity 64 = {...}) at knapsackga.cpp:63
#7  0x0000555555555447 in genetic_algorithm () at knapsackga.cpp:103
#8  0x00005555555558d7 in main () at knapsackga.cpp:137

71	  template<bool _TrivialValueTypes>
72	    struct __uninitialized_copy
73	    {
74	      template<typename _InputIterator, typename _ForwardIterator>
75	        static _ForwardIterator
76	        __uninit_copy(_InputIterator __first, _InputIterator __last,
77			      _ForwardIterator __result)
78	        {
79		  _ForwardIterator __cur = __result;
80		  __try

Backtrace END
Fliping value of field: std::_Vector_base<int, std::allocator<int> >
Fliping value of field: _M_impl
Fliping value of field: _M_end_of_storage
Fliping a bit of the pointer
Memory content before bitflip:0xb00x570x780x550x550x550x000x00
Fault Model: LSB bit-flip
base address to flip value: 0x7fffffffd920
address max offset: 8
Memory content after  bitflip:0xb00x570x780x550x550x550x000x80
frame name: genetic_algorithm
symbol name: pai
symbol filename: knapsackga.cpp
symbol line: 101
value: std::vector of length 200, capacity -2305843009213693752 = {0, 1, 0, 0, 1, 1, 0, 0, 0, 0, 0, 0, 0, 1, 1, 1, 1, 0, 0, 0, 0, 0, 0, 0, 1, 0, 0, 1, 1, 0, 0, 0, 0, 1, 1, 0, 0, 1, 1, 1, 0, 0, 0, 0, 1, 0, 1, 0, 1, 0, 0, 1, 1, 0, 1, 1, 1, 0, 0, 1, 1, 1, 1, 0, 0, 0, 1, 0, 0, 0, 0, 0, 0, 0, 1, 1, 0, 0, 0, 1, 1, 0, 0, 1, 1, 0, 1, 0, 1, 0, 0, 1, 0, 0, 1, 0, 0, 0, 0, 0, 0, 1, 0, 1, 0, 1, 0, 1, 0, 0, 0, 0, 1, 1, 0, 1, 0, 0, 1, 1, 1, 0, 1, 1, 0, 0, 1, 0, 1, 1, 1, 1, 0, 0, 1, 0, 0, 1, 1, 0, 0, 0, 1, 0, 1, 0, 0, 0, 0, 1, 0, 0, 0, 1, 0, 0, 0, 1, 1, 1, 1, 0, 0, 0, 1, 0, 0, 0, 1, 1, 1, 0, 1, 0, 1, 0, 0, 0, 0, 0, 1, 0, 0, 1, 1, 0, 1, 1, 1, 0, 0, 0, 0, 0, 0, 0, 0, 0, 0, 1...}
value address: 0x7fffffffd910
Type: The type is a structure.
Type sizeof: 24
Field name: std::_Vector_base<int, std::allocator<int> >
Field Type: The type is a structure.
Field Type sizeof: 24

[INFO -- 2018-09-24 17:53:13]
Fault Injection Successful after 1.7692794799804688s
[INFO -- 2018-09-24 17:53:16]
event type: exit
[INFO -- 2018-09-24 17:53:16]
exit code: 0
