[INFO -- 2018-12-01 10:38:15]
Starting flip_value script
version: 1.1
[INFO -- 2018-12-01 10:38:15]
Initialization strings:
[INFO -- 2018-12-01 10:38:15]
(1) file /tmp/knapsack/mf
[INFO -- 2018-12-01 10:38:15]
initSignal:0
[INFO -- 2018-12-01 10:38:15]
endSignal:12
[INFO -- 2018-12-01 10:38:15]
faultModel:0
[EXCEPTION -- 2018-12-01 10:38:16]
gdbException: Cannot access memory at address 0x8555555770fc0
[EXCEPTION -- 2018-12-01 10:38:16]
pythonException: empty range for randrange() (0,0, 0)
[EXCEPTION -- 2018-12-01 10:38:16]
pythonException: Unable to exit loop in struct fields; Exiting wihtout making a bit flip
[INFO -- 2018-12-01 10:38:16]
event type: exit
[EXCEPTION -- 2018-12-01 10:38:16]
exit code: no exit code available
