[INFO -- 2018-12-01 12:39:11]
Starting flip_value script
version: 1.1
[INFO -- 2018-12-01 12:39:11]
Initialization strings:
[INFO -- 2018-12-01 12:39:11]
(1) file /tmp/knapsack/ga
[INFO -- 2018-12-01 12:39:11]
initSignal:0
[INFO -- 2018-12-01 12:39:11]
endSignal:13
[INFO -- 2018-12-01 12:39:11]
faultModel:3
[INFO -- 2018-12-01 12:39:12]
Backtrace BEGIN:
#0  0x0000555555558714 in std::_Vector_base<int, std::allocator<int> >::_Vector_impl::_M_swap_data (this=0x7fffffffd8a0, __x=...) at /usr/include/c++/7/bits/stl_vector.h:105
#1  0x00005555555576bf in std::vector<int, std::allocator<int> >::_M_move_assign (this=0x7fffffffd8a0, __x=...) at /usr/include/c++/7/bits/stl_vector.h:1532
#2  0x00005555555566e3 in std::vector<int, std::allocator<int> >::operator= (this=0x7fffffffd8a0, __x=...) at /usr/include/c++/7/bits/stl_vector.h:466
#3  0x000055555555555c in genetic_algorithm () at knapsackga.cpp:102
#4  0x0000555555555a9b in main () at knapsackga.cpp:141

100		{ }
101	#endif
102	
103		void _M_swap_data(_Vector_impl& __x) _GLIBCXX_NOEXCEPT
104		{
105		  std::swap(_M_start, __x._M_start);
106		  std::swap(_M_finish, __x._M_finish);
107		  std::swap(_M_end_of_storage, __x._M_end_of_storage);
108		}
109	      };

Backtrace END
Fliping a bit of the reference
Memory content before bitflip:0x000x000x000x000x000x000x000x00
Fault Model: Zero bit-flip
base address to flip value: 0x7fffffffd7b0
address max offset: 8
Memory content after  bitflip:0x000x000x000x000x000x000x000x00
frame name: std::_Vector_base<int, std::allocator<int> >::_Vector_impl::_M_swap_data
symbol name: __x
symbol filename: /usr/include/c++/7/bits/stl_vector.h
symbol line: 103
value: @0x7fffffffd7b0
value address: 0x7fffffffd7b0
Type: A reference type.
Type sizeof: 8

[INFO -- 2018-12-01 12:39:12]
Fault Injection Successful after 1.7937955856323242s
[INFO -- 2018-12-01 12:39:24]
event type: exit
[INFO -- 2018-12-01 12:39:24]
exit code: 0
