[INFO -- 2018-12-08 20:39:47]
Starting flip_value script
version: 1.1
[INFO -- 2018-12-08 20:39:47]
Initialization strings:
[INFO -- 2018-12-08 20:39:47]
(1) file /tmp/knapsack/ga
[INFO -- 2018-12-08 20:39:47]
initSignal:1
[INFO -- 2018-12-08 20:39:47]
endSignal:8
[INFO -- 2018-12-08 20:39:47]
faultModel:4
[INFO -- 2018-12-08 20:39:48]
Backtrace BEGIN:
#0  0x00005555555591fb in std::_Destroy_aux<false>::__destroy<chromossome*> (__first=0x555555776780, __last=0x5555557767a0) at /usr/include/c++/7/bits/stl_construct.h:108
#1  0x00005555555580fc in std::_Destroy<chromossome*> (__first=0x555555776740, __last=0x5555557767a0) at /usr/include/c++/7/bits/stl_construct.h:137
#2  0x0000555555556d33 in std::_Destroy<chromossome*, chromossome> (__first=0x555555776740, __last=0x5555557767a0) at /usr/include/c++/7/bits/stl_construct.h:206
#3  0x0000555555555f6b in std::vector<chromossome, std::allocator<chromossome> >::~vector (this=0x7fffffffd820, __in_chrg=<optimized out>) at /usr/include/c++/7/bits/stl_vector.h:434
#4  0x000055555555528c in tournament (pop=std::vector of length 40, capacity 64 = {...}) at knapsackga.cpp:80
#5  0x0000555555555691 in genetic_algorithm () at knapsackga.cpp:129
#6  0x0000555555555b6c in main () at knapsackga.cpp:165

103	      template<typename _ForwardIterator>
104	        static void
105	        __destroy(_ForwardIterator __first, _ForwardIterator __last)
106		{
107		  for (; __first != __last; ++__first)
108		    std::_Destroy(std::__addressof(*__first));
109		}
110	    };
111	
112	  template<>

Backtrace END
Fliping a bit of the value pointed by a pointer
Fliping value of field: fitness
Memory content before bitflip:0xff0xe00xf50x05
Fault Model: LSB bit-flip
base address to flip value: 0x5555557767b8
address max offset: 4
Memory content after  bitflip:0xff0xe00xf50x07
frame name: std::_Destroy<chromossome*, chromossome>
symbol name: __last
symbol filename: /usr/include/c++/7/bits/stl_construct.h
symbol line: 203
value: 0x5555557767a0
value address: 0x7fffffffd7c0
Type: The type is a pointer.
Type sizeof: 8

[INFO -- 2018-12-08 20:39:48]
Fault Injection Successful after 1.6731016635894775s
[INFO -- 2018-12-08 20:39:55]
event type: exit
[INFO -- 2018-12-08 20:39:55]
exit code: 0
