[INFO -- 2018-12-01 11:30:58]
Starting flip_value script
version: 1.1
[INFO -- 2018-12-01 11:30:58]
Initialization strings:
[INFO -- 2018-12-01 11:30:58]
(1) file /tmp/knapsack/ga
[INFO -- 2018-12-01 11:30:58]
initSignal:0
[INFO -- 2018-12-01 11:30:58]
endSignal:13
[INFO -- 2018-12-01 11:30:58]
faultModel:0
[INFO -- 2018-12-01 11:30:59]
Backtrace BEGIN:
#0  0x00005555555552d6 in crossover (pai=std::vector of length 200, capacity 200 = {...}, mae=std::vector of length 200, capacity 200 = {...}, filho1=std::vector of length 200, capacity 200 = {...}, filho2=std::vector of length 200, capacity 200 = {...}) at knapsackga.cpp:79
#1  0x00005555555555c7 in genetic_algorithm () at knapsackga.cpp:104
#2  0x0000555555555a9b in main () at knapsackga.cpp:141

74	        mask[i] = rand_bit();
75	    }
76	    filho1 = pai;
77	    filho2 = mae;
78	    for(int i = 0; i < n; i++){
79	        if(mask[i]){
80	            swap(filho1[i], filho2[i]);
81	        }
82	    }
83	}

Backtrace END
Memory content before bitflip:0xbc0x0c0xaa0xf7
Fault Model: Single bit-flip
base address to flip value: 0x7fffffffd9d8
address max offset: 4
Memory content after  bitflip:0xbc0x0c0xaa0xb7
frame name: main
symbol name: result1
symbol filename: knapsackga.cpp
symbol line: 141
value: -1213592388
value address: 0x7fffffffd9d8
Type: The type is an integer type.
Type sizeof: 4

[INFO -- 2018-12-01 11:30:59]
Fault Injection Successful after 1.3113868236541748s
[INFO -- 2018-12-01 11:31:11]
event type: exit
[INFO -- 2018-12-01 11:31:11]
exit code: 0
