[INFO -- 2018-11-30 11:10:01]
Starting flip_value script
version: 1.1
[INFO -- 2018-11-30 11:10:01]
Initialization strings:
[INFO -- 2018-11-30 11:10:01]
(1) file /tmp/knapsack/sa
[INFO -- 2018-11-30 11:10:01]
initSignal:0
[INFO -- 2018-11-30 11:10:01]
endSignal:7
[INFO -- 2018-11-30 11:10:01]
faultModel:4
[EXCEPTION -- 2018-11-30 11:10:03]
pythonException: Unable to exit loop in struct fields; Exiting wihtout making a bit flip
[INFO -- 2018-11-30 11:10:03]
Backtrace BEGIN:
#0  0x0000555555555791 in std::vector<int, std::allocator<int> >::operator[] (this=0x555555759160 <wt>, __n=191) at /usr/include/c++/7/bits/stl_vector.h:795
#1  0x00005555555550f8 in cost (solution=std::vector of length 200, capacity 200 = {...}) at knapsacksa.cpp:29
#2  0x0000555555555259 in simulated_annealing () at knapsacksa.cpp:52
#3  0x0000555555555522 in main () at knapsacksa.cpp:85

790	       *  Note that data access with this operator is unchecked and
791	       *  out_of_range lookups are not defined. (For checked lookups
792	       *  see at().)
793	       */
794	      reference
795	      operator[](size_type __n) _GLIBCXX_NOEXCEPT
796	      {
797		__glibcxx_requires_subscript(__n);
798		return *(this->_M_impl._M_start + __n);
799	      }

Backtrace END
Memory content before bitflip:0x9c0x920x000x00
Fault Model: LSB bit-flip
base address to flip value: 0x7fffffffd96c
address max offset: 4
Memory content after  bitflip:0x9c0x920x000x80
frame name: simulated_annealing
symbol name: delta
symbol filename: knapsacksa.cpp
symbol line: 53
value: -2147446116
value address: 0x7fffffffd96c
Type: The type is an integer type.
Type sizeof: 4

[INFO -- 2018-11-30 11:10:03]
Fault Injection Successful after 2.650372266769409s
[INFO -- 2018-11-30 11:10:09]
event type: exit
[INFO -- 2018-11-30 11:10:09]
exit code: 0
