[INFO -- 2018-12-09 01:23:33]
Starting flip_value script
version: 1.1
[INFO -- 2018-12-09 01:23:33]
Initialization strings:
[INFO -- 2018-12-09 01:23:33]
(1) file /tmp/knapsack/ga
[INFO -- 2018-12-09 01:23:33]
initSignal:1
[INFO -- 2018-12-09 01:23:33]
endSignal:8
[INFO -- 2018-12-09 01:23:33]
faultModel:4
[INFO -- 2018-12-09 01:23:36]
Backtrace BEGIN:
#0  0x000055555555ab80 in std::__copy_move_a2<false, __gnu_cxx::__normal_iterator<int const*, std::vector<int, std::allocator<int> > >, int*> (__first=0, __last=816, __result=0x555555787fb0) at /usr/include/c++/7/bits/stl_algobase.h:424
#1  0x000055555555a2c0 in std::copy<__gnu_cxx::__normal_iterator<int const*, std::vector<int, std::allocator<int> > >, int*> (__first=0, __last=816, __result=0x555555787fb0) at /usr/include/c++/7/bits/stl_algobase.h:456
#2  0x0000555555559778 in std::__uninitialized_copy<true>::__uninit_copy<__gnu_cxx::__normal_iterator<int const*, std::vector<int, std::allocator<int> > >, int*> (__first=0, __last=816, __result=0x555555787fb0) at /usr/include/c++/7/bits/stl_uninitialized.h:101
#3  0x00005555555586a8 in std::uninitialized_copy<__gnu_cxx::__normal_iterator<int const*, std::vector<int, std::allocator<int> > >, int*> (__first=0, __last=816, __result=0x555555787fb0) at /usr/include/c++/7/bits/stl_uninitialized.h:134
#4  0x0000555555557257 in std::__uninitialized_copy_a<__gnu_cxx::__normal_iterator<int const*, std::vector<int, std::allocator<int> > >, int*, int> (__first=0, __last=816, __result=0x555555787fb0) at /usr/include/c++/7/bits/stl_uninitialized.h:289
#5  0x000055555555743f in std::vector<int, std::allocator<int> >::_M_allocate_and_copy<__gnu_cxx::__normal_iterator<int const*, std::vector<int, std::allocator<int> > > > (this=0x7fffffffd900, __n=200, __first=0, __last=816) at /usr/include/c++/7/bits/stl_vector.h:1263
#6  0x0000555555556465 in std::vector<int, std::allocator<int> >::operator= (this=0x7fffffffd900, __x=std::vector of length 200, capacity 200 = {...}) at /usr/include/c++/7/bits/vector.tcc:206
#7  0x000055555555536e in crossover (pai=std::vector of length 200, capacity 200 = {...}, mae=std::vector of length 200, capacity 200 = {...}, filho1=std::vector of length 0, capacity 0, filho2=std::vector of length 0, capacity 0) at knapsackga.cpp:97
#8  0x00005555555556d7 in genetic_algorithm () at knapsackga.cpp:130
#9  0x0000555555555b6c in main () at knapsackga.cpp:165

419	    inline _OI
420	    __copy_move_a2(_II __first, _II __last, _OI __result)
421	    {
422	      return _OI(std::__copy_move_a<_IsMove>(std::__niter_base(__first),
423						     std::__niter_base(__last),
424						     std::__niter_base(__result)));
425	    }
426	
427	  /**
428	   *  @brief Copies the range [first,last) into result.

Backtrace END
Fliping value of field: _M_current
Fliping a bit of the value pointed by a pointer
Memory content before bitflip:0x000x000x000x00
Fault Model: LSB bit-flip
base address to flip value: 0x5555557838b0
address max offset: 4
Memory content after  bitflip:0x000x000x000x20
frame name: std::vector<int, std::allocator<int> >::_M_allocate_and_copy<__gnu_cxx::__normal_iterator<int const*, std::vector<int, std::allocator<int> > > >
symbol name: __first
symbol filename: /usr/include/c++/7/bits/stl_vector.h
symbol line: 1258
value: 536870912
value address: 0x7fffffffd758
Type: The type is a structure.
Type sizeof: 8
Field name: _M_current
Field Type: The type is a pointer.
Field Type sizeof: 8

[INFO -- 2018-12-09 01:23:36]
Fault Injection Successful after 3.7633707523345947s
[INFO -- 2018-12-09 01:23:41]
event type: exit
[INFO -- 2018-12-09 01:23:41]
exit code: 0
