[INFO -- 2018-09-24 19:14:47]
Starting flip_value script
version: 1.1
[INFO -- 2018-09-24 19:14:47]
Initialization strings:
[INFO -- 2018-09-24 19:14:47]
(1) file /tmp/knapsack/ga
[INFO -- 2018-09-24 19:14:47]
initSignal:1
[INFO -- 2018-09-24 19:14:47]
endSignal:3.5
[INFO -- 2018-09-24 19:14:47]
faultModel:0
[INFO -- 2018-09-24 19:14:48]
Backtrace BEGIN:
#0  0x00005555555551b2 in crossover (pai=std::vector of length 200, capacity 200 = {...}, mae=std::vector of length 200, capacity 200 = {...}, filho1=std::vector of length 200, capacity 200 = {...}, filho2=std::vector of length 200, capacity 200 = {...}) at knapsackga.cpp:80
#1  0x000055555555548d in genetic_algorithm () at knapsackga.cpp:104
#2  0x00005555555558d7 in main () at knapsackga.cpp:137

75	    }
76	    filho1 = pai;
77	    filho2 = mae;
78	    for(int i = 0; i < n; i++){
79	        if(mask[i]){
80	            swap(filho1[i], filho2[i]);  
81	        }
82	    }
83	}
84	

Backtrace END
Memory content before bitflip:0xa30x350xf80xff
Fault Model: Single bit-flip
base address to flip value: 0x7fffffffd8c0
address max offset: 4
Memory content after  bitflip:0xe30x350xf80xff
frame name: genetic_algorithm
symbol name: best
symbol filename: knapsackga.cpp
symbol line: 92
value: -510493
value address: 0x7fffffffd8c0
Type: The type is an integer type.
Type sizeof: 4

[INFO -- 2018-09-24 19:14:48]
Fault Injection Successful after 1.8524525165557861s
[INFO -- 2018-09-24 19:14:51]
event type: exit
[INFO -- 2018-09-24 19:14:51]
exit code: 0
