[INFO -- 2018-12-09 08:03:32]
Starting flip_value script
version: 1.1
[INFO -- 2018-12-09 08:03:32]
Initialization strings:
[INFO -- 2018-12-09 08:03:32]
(1) file /tmp/knapsack/ga
[INFO -- 2018-12-09 08:03:32]
initSignal:1
[INFO -- 2018-12-09 08:03:32]
endSignal:8
[INFO -- 2018-12-09 08:03:32]
faultModel:3
[INFO -- 2018-12-09 08:03:34]
Backtrace BEGIN:
#0  0x00005555555586c4 in std::_Vector_base<int, std::allocator<int> >::_Vector_impl::_Vector_impl (this=0x555555776540, __a=...) at /usr/include/c++/7/bits/stl_vector.h:97
#1  0x000055555555728e in std::_Vector_base<int, std::allocator<int> >::_Vector_base (this=0x555555776540, __x=...) at /usr/include/c++/7/bits/stl_vector.h:145
#2  0x0000555555556256 in std::vector<int, std::allocator<int> >::vector (this=0x555555776540, __x=...) at /usr/include/c++/7/bits/stl_vector.h:345
#3  0x00005555555594e9 in chromossome::chromossome (this=0x555555776540) at knapsackga.cpp:63
#4  0x000055555555ad84 in std::_Construct<chromossome, chromossome> (__p=0x555555776540, __args#0=...) at /usr/include/c++/7/bits/stl_construct.h:75
#5  0x000055555555a6c8 in std::__uninitialized_copy<false>::__uninit_copy<std::move_iterator<chromossome*>, chromossome*> (__first=..., __last=..., __result=0x555555776540) at /usr/include/c++/7/bits/stl_uninitialized.h:83
#6  0x0000555555559d49 in std::uninitialized_copy<std::move_iterator<chromossome*>, chromossome*> (__first=..., __last=..., __result=0x555555776540) at /usr/include/c++/7/bits/stl_uninitialized.h:134
#7  0x0000555555559304 in std::__uninitialized_copy_a<std::move_iterator<chromossome*>, chromossome*, chromossome> (__first=..., __last=..., __result=0x555555776540) at /usr/include/c++/7/bits/stl_uninitialized.h:289
#8  0x0000555555558367 in std::__uninitialized_move_if_noexcept_a<chromossome*, chromossome*, std::allocator<chromossome> > (__first=0x555555776420, __last=0x555555776440, __result=0x555555776540, __alloc=...) at /usr/include/c++/7/bits/stl_uninitialized.h:312
#9  0x0000555555556e76 in std::vector<chromossome, std::allocator<chromossome> >::_M_realloc_insert<chromossome const&> (this=0x7fffffffd820, __position={solution = std::vector of length 20, capacity 0 = {<error reading variable>, __args#0=...) at /usr/include/c++/7/bits/vector.tcc:424
#10 0x0000555555556012 in std::vector<chromossome, std::allocator<chromossome> >::push_back (this=0x7fffffffd820, __x=...) at /usr/include/c++/7/bits/stl_vector.h:948
#11 0x0000555555555230 in tournament (pop=std::vector of length 40, capacity 64 = {...}) at knapsackga.cpp:84
#12 0x0000555555555691 in genetic_algorithm () at knapsackga.cpp:129
#13 0x0000555555555b6c in main () at knapsackga.cpp:165

92		_Vector_impl(_Tp_alloc_type const& __a) _GLIBCXX_NOEXCEPT
93		: _Tp_alloc_type(__a), _M_start(), _M_finish(), _M_end_of_storage()
94		{ }
95	
96	#if __cplusplus >= 201103L
97		_Vector_impl(_Tp_alloc_type&& __a) noexcept
98		: _Tp_alloc_type(std::move(__a)),
99		  _M_start(), _M_finish(), _M_end_of_storage()
100		{ }
101	#endif

Backtrace END
Memory content before bitflip:0x310xfb0x080x00
Fault Model: Zero bit-flip
base address to flip value: 0x55555575f0b4 
address max offset: 4
Memory content after  bitflip:0x000x000x000x00
frame name: std::vector<chromossome, std::allocator<chromossome> >::push_back
symbol name: W2
symbol filename: knapsackga.cpp
symbol line: 18
value: 0
value address: 0x55555575f0b4 <W2>
Type: The type is an integer type.
Type sizeof: 4

[INFO -- 2018-12-09 08:03:34]
Fault Injection Successful after 2.1715734004974365s
[INFO -- 2018-12-09 08:03:34]
event type: exit
[INFO -- 2018-12-09 08:03:34]
exit code: 0
