[INFO -- 2018-09-25 04:33:21]
Starting flip_value script
version: 1.1
[INFO -- 2018-09-25 04:33:21]
Initialization strings:
[INFO -- 2018-09-25 04:33:21]
(1) file /tmp/knapsack/ga
[INFO -- 2018-09-25 04:33:21]
initSignal:1
[INFO -- 2018-09-25 04:33:21]
endSignal:3.5
[INFO -- 2018-09-25 04:33:21]
faultModel:0
[INFO -- 2018-09-25 04:33:23]
Backtrace BEGIN:
#0  0x0000555555554f4e in cost (solution=std::vector of length 200, capacity 200 = {...}) at knapsackga.cpp:27
#1  0x0000555555555654 in genetic_algorithm () at knapsackga.cpp:112
#2  0x00005555555558d7 in main () at knapsackga.cpp:137

22	
23	int cost(vector<int> &solution){
24	    int peso=0, valor=0;
25	    for(int i=0; i < n; i++){
26	       peso += solution[i] * wt[i];
27	       valor += solution[i] * val[i];
28	    }
29	
30	    if(peso > W){
31	       return 99999999;

Backtrace END
Memory content before bitflip:0x310xfb0x080x00
Fault Model: Single bit-flip
base address to flip value: 0x55555575f06c 
address max offset: 4
Memory content after  bitflip:0x310xfb0x090x00
frame name: cost
symbol name: W
symbol filename: knapsackga.cpp
symbol line: 16
value: 654129
value address: 0x55555575f06c <W>
Type: The type is an integer type.
Type sizeof: 4

[INFO -- 2018-09-25 04:33:23]
Fault Injection Successful after 2.131495237350464s
[INFO -- 2018-09-25 04:33:25]
event type: exit
[INFO -- 2018-09-25 04:33:25]
exit code: 0
