[INFO -- 2018-12-08 16:01:24]
Starting flip_value script
version: 1.1
[INFO -- 2018-12-08 16:01:24]
Initialization strings:
[INFO -- 2018-12-08 16:01:24]
(1) file /tmp/knapsack/ga
[INFO -- 2018-12-08 16:01:24]
initSignal:1
[INFO -- 2018-12-08 16:01:24]
endSignal:8
[INFO -- 2018-12-08 16:01:24]
faultModel:1
[EXCEPTION -- 2018-12-08 16:01:29]
pythonException: empty range for randrange() (0,0, 0)
[INFO -- 2018-12-08 16:01:30]
Backtrace BEGIN:
#0  0x0000555555555e97 in std::vector<int, std::allocator<int> >::~vector (this=0x7fffffffd980, __in_chrg=<optimized out>) at /usr/include/c++/7/bits/stl_vector.h:433
#1  0x000055555555576e in genetic_algorithm () at knapsackga.cpp:127
#2  0x0000555555555b6c in main () at knapsackga.cpp:165

428	       *  The dtor only erases the elements, and note that if the
429	       *  elements themselves are pointers, the pointed-to memory is
430	       *  not touched in any way.  Managing the pointer is the user's
431	       *  responsibility.
432	       */
433	      ~vector() _GLIBCXX_NOEXCEPT
434	      { std::_Destroy(this->_M_impl._M_start, this->_M_impl._M_finish,
435			      _M_get_Tp_allocator()); }
436	
437	      /**

Backtrace END
Memory content before bitflip:0x310xfb0x080x00
Fault Model: Double bit-flip
base address to flip value: 0x55555575f0b4 
address max offset: 4
Memory content after  bitflip:0x310xfb0x980x00
frame name: std::vector<int, std::allocator<int> >::~vector
symbol name: W2
symbol filename: knapsackga.cpp
symbol line: 18
value: 10025777
value address: 0x55555575f0b4 <W2>
Type: The type is an integer type.
Type sizeof: 4

[INFO -- 2018-12-08 16:01:30]
Fault Injection Successful after 6.20529580116272s
[INFO -- 2018-12-08 16:01:30]
event type: exit
[INFO -- 2018-12-08 16:01:30]
exit code: 0
