[INFO -- 2018-10-19 08:19:51]
Starting flip_value script
version: 1.1
[INFO -- 2018-10-19 08:19:51]
Initialization strings:
[INFO -- 2018-10-19 08:19:51]
(1) file /tmp/knapsack/mf
[INFO -- 2018-10-19 08:19:51]
initSignal:1
[INFO -- 2018-10-19 08:19:51]
endSignal:3
[INFO -- 2018-10-19 08:19:51]
faultModel:2
[EXCEPTION -- 2018-10-19 08:19:53]
pythonException: empty range for randrange() (0,0, 0)
[EXCEPTION -- 2018-10-19 08:19:53]
pythonException: Unable to exit loop in struct fields; Exiting wihtout making a bit flip
[EXCEPTION -- 2018-10-19 08:19:53]
gdbException: Cannot access memory at address 0xb00667adbe8bafc0
[INFO -- 2018-10-19 08:19:53]
event type: exit
[EXCEPTION -- 2018-10-19 08:19:53]
exit code: no exit code available
