[INFO -- 2018-09-25 07:27:12]
Starting flip_value script
version: 1.1
[INFO -- 2018-09-25 07:27:12]
Initialization strings:
[INFO -- 2018-09-25 07:27:12]
(1) file /tmp/knapsack/ga
[INFO -- 2018-09-25 07:27:12]
initSignal:1
[INFO -- 2018-09-25 07:27:12]
endSignal:3.5
[INFO -- 2018-09-25 07:27:12]
faultModel:4
[INFO -- 2018-09-25 07:27:14]
Backtrace BEGIN:
#0  0x0000555555555b8d in std::vector<int, std::allocator<int> >::operator[] (this=0x555555554eb3 <rand_bit()+9>, __n=17) at /usr/include/c++/7/bits/stl_vector.h:795
#1  0x0000555555555147 in crossover (pai=std::vector of length 200, capacity 200 = {...}, mae=std::vector of length 200, capacity 200 = {...}, filho1=std::vector of length 0, capacity 0, filho2=std::vector of length 0, capacity 0) at knapsackga.cpp:74
#2  0x000055555555548d in genetic_algorithm () at knapsackga.cpp:104
#3  0x00005555555558d7 in main () at knapsackga.cpp:137

790	       *  Note that data access with this operator is unchecked and
791	       *  out_of_range lookups are not defined. (For checked lookups
792	       *  see at().)
793	       */
794	      reference
795	      operator[](size_type __n) _GLIBCXX_NOEXCEPT
796	      {
797		__glibcxx_requires_subscript(__n);
798		return *(this->_M_impl._M_start + __n);
799	      }

Backtrace END
Fliping a bit of the pointer
Memory content before bitflip:0xb30x4e0x550x550x550x550x000x00
Fault Model: LSB bit-flip
base address to flip value: 0x7fffffffd828
address max offset: 8
Memory content after  bitflip:0xb30x4e0x550x550x550x550x000x40
frame name: std::vector<int, std::allocator<int> >::operator[]
symbol name: this
symbol filename: knapsackga.cpp
symbol line: 0
value: 0x555555554eb3 <rand_bit()+9>
value address: 0x7fffffffd828
Type: The type is a pointer.
Type sizeof: 8

[INFO -- 2018-09-25 07:27:14]
Fault Injection Successful after 2.501344680786133s
[INFO -- 2018-09-25 07:27:16]
event type: exit
[INFO -- 2018-09-25 07:27:16]
exit code: 0
