[INFO -- 2018-12-09 04:07:21]
Starting flip_value script
version: 1.1
[INFO -- 2018-12-09 04:07:21]
Initialization strings:
[INFO -- 2018-12-09 04:07:21]
(1) file /tmp/knapsack/ga
[INFO -- 2018-12-09 04:07:21]
initSignal:1
[INFO -- 2018-12-09 04:07:21]
endSignal:8
[INFO -- 2018-12-09 04:07:21]
faultModel:4
[INFO -- 2018-12-09 04:07:25]
Backtrace BEGIN:
#0  std::move<int*&> (__t=@0x7fffffffd7e0: 0x0) at /usr/include/c++/7/bits/move.h:99
#1  0x00005555555597c6 in std::swap<int*> (__a=@0x7fffffffd8f0: 0x0, __b=@0x7fffffffd7e0: 0x0) at /usr/include/c++/7/bits/move.h:199
#2  0x0000555555558765 in std::_Vector_base<int, std::allocator<int> >::_Vector_impl::_M_swap_data (this=0x7fffffffd8e0, __x=...) at /usr/include/c++/7/bits/stl_vector.h:107
#3  0x0000555555557719 in std::vector<int, std::allocator<int> >::_M_move_assign (this=0x7fffffffd8e0, __x=...) at /usr/include/c++/7/bits/stl_vector.h:1532
#4  0x000055555555673d in std::vector<int, std::allocator<int> >::operator= (this=0x7fffffffd8e0, __x=...) at /usr/include/c++/7/bits/stl_vector.h:466
#5  0x00005555555556a7 in genetic_algorithm () at knapsackga.cpp:129
#6  0x0000555555555b6c in main () at knapsackga.cpp:165

94	   *  @return The parameter cast to an rvalue-reference to allow moving it.
95	  */
96	  template<typename _Tp>
97	    constexpr typename std::remove_reference<_Tp>::type&&
98	    move(_Tp&& __t) noexcept
99	    { return static_cast<typename std::remove_reference<_Tp>::type&&>(__t); }
100	
101	
102	  template<typename _Tp>
103	    struct __move_if_noexcept_cond

Backtrace END
Memory content before bitflip:0x280x000x000x00
Fault Model: LSB bit-flip
base address to flip value: 0x55555575f014 
address max offset: 4
Memory content after  bitflip:0x280x000x000x04
frame name: std::move<int*&>
symbol name: pop_size2
symbol filename: knapsackga.cpp
symbol line: 20
value: 67108904
value address: 0x55555575f014 <pop_size2>
Type: The type is an integer type.
Type sizeof: 4

[INFO -- 2018-12-09 04:07:25]
Fault Injection Successful after 4.586545467376709s
[INFO -- 2018-12-09 04:07:25]
event type: exit
[INFO -- 2018-12-09 04:07:25]
exit code: 0
