[INFO -- 2018-12-08 18:52:32]
Starting flip_value script
version: 1.1
[INFO -- 2018-12-08 18:52:32]
Initialization strings:
[INFO -- 2018-12-08 18:52:32]
(1) file /tmp/knapsack/sa
[INFO -- 2018-12-08 18:52:32]
initSignal:0
[INFO -- 2018-12-08 18:52:32]
endSignal:9
[INFO -- 2018-12-08 18:52:32]
faultModel:1
[INFO -- 2018-12-08 18:52:33]
Backtrace BEGIN:
#0  0x00005555555550fc in cost (solution=std::vector of length 200, capacity 200 = {...}) at knapsacksa.cpp:57
#1  0x000055555555534c in simulated_annealing () at knapsacksa.cpp:92
#2  0x0000555555555658 in main () at knapsacksa.cpp:146

52	    if(n != n2 || W != W2){
53	        exit_gracefully();
54	    }
55	
56	    int peso=0, peso2=0, valor=0, valor2=0;
57	    for(int i=0; i < n; i++){
58	        peso += solution[i] * wt[i];
59	        valor += solution[i] * val[i];
60	    }
61	    for(int i=0; i < n; i++){

Backtrace END
Memory content before bitflip:0x720x6e0xf80xff
Fault Model: Double bit-flip
base address to flip value: 0x7fffffffd6fc
address max offset: 4
Memory content after  bitflip:0x720x6e0xf80xdd
frame name: simulated_annealing
symbol name: best
symbol filename: knapsacksa.cpp
symbol line: 81
value: -570921358
value address: 0x7fffffffd6fc
Type: The type is an integer type.
Type sizeof: 4

[INFO -- 2018-12-08 18:52:33]
Fault Injection Successful after 1.074390172958374s
[INFO -- 2018-12-08 18:52:33]
event type: exit
[INFO -- 2018-12-08 18:52:33]
exit code: 0
