[INFO -- 2018-09-25 08:32:50]
Starting flip_value script
version: 1.1
[INFO -- 2018-09-25 08:32:50]
Initialization strings:
[INFO -- 2018-09-25 08:32:50]
(1) file /tmp/knapsack/ga
[INFO -- 2018-09-25 08:32:50]
initSignal:1
[INFO -- 2018-09-25 08:32:50]
endSignal:3.5
[INFO -- 2018-09-25 08:32:50]
faultModel:1
[INFO -- 2018-09-25 08:32:52]
Backtrace BEGIN:
#0  0x000055555555685a in std::_Vector_base<int, std::allocator<int> >::_Vector_base (this=0x7fffffffd970) at /usr/include/c++/7/bits/stl_vector.h:127
#1  0x0000555555555b88 in std::vector<int, std::allocator<int> >::vector (this=0x7fffffffd970) at /usr/include/c++/7/bits/stl_vector.h:263
#2  0x00005555555553f0 in genetic_algorithm () at knapsackga.cpp:101
#3  0x00005555555558d7 in main () at knapsackga.cpp:137

122	      allocator_type
123	      get_allocator() const _GLIBCXX_NOEXCEPT
124	      { return allocator_type(_M_get_Tp_allocator()); }
125	
126	      _Vector_base()
127	      : _M_impl() { }
128	
129	      _Vector_base(const allocator_type& __a) _GLIBCXX_NOEXCEPT
130	      : _M_impl(__a) { }
131	

Backtrace END
Memory content before bitflip:0x810x110x000x00
Fault Model: Double bit-flip
base address to flip value: 0x7fffffffd8c4
address max offset: 4
Memory content after  bitflip:0x820x110x000x00
frame name: genetic_algorithm
symbol name: g
symbol filename: knapsackga.cpp
symbol line: 94
value: 4482
value address: 0x7fffffffd8c4
Type: The type is an integer type.
Type sizeof: 4

[INFO -- 2018-09-25 08:32:52]
Fault Injection Successful after 2.4894790649414062s
[INFO -- 2018-09-25 08:32:54]
event type: exit
[INFO -- 2018-09-25 08:32:54]
exit code: 0
