[INFO -- 2018-12-08 20:21:39]
Starting flip_value script
version: 1.1
[INFO -- 2018-12-08 20:21:39]
Initialization strings:
[INFO -- 2018-12-08 20:21:39]
(1) file /tmp/knapsack/ga
[INFO -- 2018-12-08 20:21:39]
initSignal:1
[INFO -- 2018-12-08 20:21:39]
endSignal:8
[INFO -- 2018-12-08 20:21:39]
faultModel:0
[INFO -- 2018-12-08 20:21:40]
Backtrace BEGIN:
#0  0x00005555555550fb in cost (solution=std::vector of length 200, capacity 200 = {...}) at knapsackga.cpp:44
#1  0x000055555555589e in genetic_algorithm () at knapsackga.cpp:138
#2  0x0000555555555b6c in main () at knapsackga.cpp:165

39	    for(int i=0; i < n; i++){
40	        peso += solution[i] * wt[i];
41	        valor += solution[i] * val[i];
42	    }
43	    for(int i=0; i < n; i++){
44	        peso2 += solution[i] * wt2[i];
45	        valor2 += solution[i] * val2[i];
46	    }
47	    if(peso != peso2 || valor != valor2){
48	        exit_gracefully();

Backtrace END
Memory content before bitflip:0x1f0x030x000x00
Fault Model: Single bit-flip
base address to flip value: 0x7fffffffd870
address max offset: 4
Memory content after  bitflip:0x1b0x030x000x00
frame name: genetic_algorithm
symbol name: g2
symbol filename: knapsackga.cpp
symbol line: 115
value: 795
value address: 0x7fffffffd870
Type: The type is an integer type.
Type sizeof: 4

[INFO -- 2018-12-08 20:21:40]
Fault Injection Successful after 1.1087779998779297s
[INFO -- 2018-12-08 20:21:40]
event type: exit
[INFO -- 2018-12-08 20:21:40]
exit code: 0
