[INFO -- 2018-12-09 00:04:59]
Starting flip_value script
version: 1.1
[INFO -- 2018-12-09 00:04:59]
Initialization strings:
[INFO -- 2018-12-09 00:04:59]
(1) file /tmp/knapsack/sa
[INFO -- 2018-12-09 00:04:59]
initSignal:0
[INFO -- 2018-12-09 00:04:59]
endSignal:9
[INFO -- 2018-12-09 00:04:59]
faultModel:2
[EXCEPTION -- 2018-12-09 00:05:03]
pythonException: Unable to exit loop in struct fields; Exiting wihtout making a bit flip
[INFO -- 2018-12-09 00:05:03]
Backtrace BEGIN:
#0  0x0000555555555861 in std::vector<int, std::allocator<int> >::operator[] (this=0x7fffffffd740, __n=161) at /usr/include/c++/7/bits/stl_vector.h:798
#1  0x00005555555551c7 in cost (solution=std::vector of length 200, capacity 200 = {...}) at knapsacksa.cpp:63
#2  0x000055555555534c in simulated_annealing () at knapsacksa.cpp:92
#3  0x0000555555555658 in main () at knapsacksa.cpp:146

793	       */
794	      reference
795	      operator[](size_type __n) _GLIBCXX_NOEXCEPT
796	      {
797		__glibcxx_requires_subscript(__n);
798		return *(this->_M_impl._M_start + __n);
799	      }
800	
801	      /**
802	       *  @brief  Subscript access to the data contained in the %vector.

Backtrace END
Memory content before bitflip:0x1a0x7f0xfd0x05
Fault Model: Random bit-flip
base address to flip value: 0x7fffffffd71c
address max offset: 4
Memory content after  bitflip:0x580x300xff0x5b
frame name: simulated_annealing
symbol name: delta
symbol filename: knapsacksa.cpp
symbol line: 96
value: 1543450712
value address: 0x7fffffffd71c
Type: The type is an integer type.
Type sizeof: 4

[INFO -- 2018-12-09 00:05:03]
Fault Injection Successful after 4.6777613162994385s
[INFO -- 2018-12-09 00:05:09]
event type: exit
[INFO -- 2018-12-09 00:05:09]
exit code: 0
