[INFO -- 2018-12-01 00:34:14]
Starting flip_value script
version: 1.1
[INFO -- 2018-12-01 00:34:14]
Initialization strings:
[INFO -- 2018-12-01 00:34:14]
(1) file /tmp/knapsack/ga
[INFO -- 2018-12-01 00:34:14]
initSignal:0
[INFO -- 2018-12-01 00:34:14]
endSignal:13
[INFO -- 2018-12-01 00:34:14]
faultModel:1
[INFO -- 2018-12-01 00:34:19]
Backtrace BEGIN:
#0  cost (solution=std::vector of length 200, capacity 200 = {...}) at knapsackga.cpp:25
#1  0x000055555555578e in genetic_algorithm () at knapsackga.cpp:112
#2  0x0000555555555a9b in main () at knapsackga.cpp:141

20	    return rand() % 2;
21	}
22	
23	int cost(vector<int> &solution){
24	    int peso=0, valor=0;
25	    for(int i=0; i < n; i++){
26	        peso += solution[i] * wt[i];
27	        valor += solution[i] * val[i];
28	    }
29	

Backtrace END
Memory content before bitflip:0xbc0x0c0xaa0xf7
Fault Model: Double bit-flip
base address to flip value: 0x7fffffffd9d8
address max offset: 4
Memory content after  bitflip:0xbc0x0c0x280xf7
frame name: main
symbol name: result1
symbol filename: knapsackga.cpp
symbol line: 141
value: -148370244
value address: 0x7fffffffd9d8
Type: The type is an integer type.
Type sizeof: 4

[INFO -- 2018-12-01 00:34:19]
Fault Injection Successful after 5.073754787445068s
[INFO -- 2018-12-01 00:34:27]
event type: exit
[INFO -- 2018-12-01 00:34:27]
exit code: 0
