[INFO -- 2018-09-25 00:11:31]
Starting flip_value script
version: 1.1
[INFO -- 2018-09-25 00:11:31]
Initialization strings:
[INFO -- 2018-09-25 00:11:31]
(1) file /tmp/knapsack/ga
[INFO -- 2018-09-25 00:11:31]
initSignal:1
[INFO -- 2018-09-25 00:11:31]
endSignal:3.5
[INFO -- 2018-09-25 00:11:31]
faultModel:3
[INFO -- 2018-09-25 00:11:32]
Backtrace BEGIN:
#0  0x0000555555556bac in std::vector<chromossome, std::allocator<chromossome> >::_M_realloc_insert<chromossome const&> (this=0x7fffffffd870, __position=non-dereferenceable iterator for std::vector, __args#0=...) at /usr/include/c++/7/bits/vector.tcc:433
#1  0x0000555555555d28 in std::vector<chromossome, std::allocator<chromossome> >::push_back (this=0x7fffffffd870, __x=...) at /usr/include/c++/7/bits/stl_vector.h:948
#2  0x000055555555502c in tournament (pop=std::vector of length 40, capacity 64 = {...}) at knapsackga.cpp:63
#3  0x0000555555555409 in genetic_algorithm () at knapsackga.cpp:102
#4  0x00005555555558d7 in main () at knapsackga.cpp:137

428	
429		  ++__new_finish;
430	
431		  __new_finish
432		    = std::__uninitialized_move_if_noexcept_a
433		    (__position.base(), this->_M_impl._M_finish,
434		     __new_finish, _M_get_Tp_allocator());
435		}
436	      __catch(...)
437		{

Backtrace END
Memory content before bitflip:0x000x000x000x00
Fault Model: Zero bit-flip
base address to flip value: 0x7fffffffd868
address max offset: 4
Memory content after  bitflip:0x000x000x000x00
frame name: tournament
symbol name: i
symbol filename: knapsackga.cpp
symbol line: 61
value: 0
value address: 0x7fffffffd868
Type: The type is an integer type.
Type sizeof: 4

[INFO -- 2018-09-25 00:11:32]
Fault Injection Successful after 1.2021362781524658s
[INFO -- 2018-09-25 00:11:34]
event type: exit
[INFO -- 2018-09-25 00:11:34]
exit code: 0
