[INFO -- 2018-12-08 03:01:20]
Starting flip_value script
version: 1.1
[INFO -- 2018-12-08 03:01:20]
Initialization strings:
[INFO -- 2018-12-08 03:01:20]
(1) file /tmp/knapsack/sa
[INFO -- 2018-12-08 03:01:20]
initSignal:0
[INFO -- 2018-12-08 03:01:20]
endSignal:9
[INFO -- 2018-12-08 03:01:20]
faultModel:4
[INFO -- 2018-12-08 03:01:24]
Backtrace BEGIN:
#0  __memmove_avx_unaligned_erms () at ../sysdeps/x86_64/multiarch/memmove-vec-unaligned-erms.S:521
#1  0x000055555555708e in std::__copy_move<false, true, std::random_access_iterator_tag>::__copy_m<int> (__first=0x555555772490, __last=0x5555557727b0, __result=0x5555557727c0) at /usr/include/c++/7/bits/stl_algobase.h:368
#2  0x0000555555556dfc in std::__copy_move_a<false, int const*, int*> (__first=0x555555772490, __last=0x5555557727b0, __result=0x5555557727c0) at /usr/include/c++/7/bits/stl_algobase.h:386
#3  0x0000555555557190 in std::__copy_move_a2<false, __gnu_cxx::__normal_iterator<int const*, std::vector<int, std::allocator<int> > >, int*> (__first=0, __last=0, __result=0x5555557727c0) at /usr/include/c++/7/bits/stl_algobase.h:424
#4  0x0000555555556fe7 in std::copy<__gnu_cxx::__normal_iterator<int const*, std::vector<int, std::allocator<int> > >, int*> (__first=0, __last=0, __result=0x5555557727c0) at /usr/include/c++/7/bits/stl_algobase.h:456
#5  0x0000555555556d44 in std::__uninitialized_copy<true>::__uninit_copy<__gnu_cxx::__normal_iterator<int const*, std::vector<int, std::allocator<int> > >, int*> (__first=0, __last=0, __result=0x5555557727c0) at /usr/include/c++/7/bits/stl_uninitialized.h:101
#6  0x00005555555568a0 in std::uninitialized_copy<__gnu_cxx::__normal_iterator<int const*, std::vector<int, std::allocator<int> > >, int*> (__first=0, __last=0, __result=0x5555557727c0) at /usr/include/c++/7/bits/stl_uninitialized.h:134
#7  0x0000555555556109 in std::__uninitialized_copy_a<__gnu_cxx::__normal_iterator<int const*, std::vector<int, std::allocator<int> > >, int*, int> (__first=0, __last=0, __result=0x5555557727c0) at /usr/include/c++/7/bits/stl_uninitialized.h:289
#8  0x0000555555555a01 in std::vector<int, std::allocator<int> >::vector (this=0x7fffffffd740, __x=std::vector of length 200, capacity 200 = {...}) at /usr/include/c++/7/bits/stl_vector.h:331
#9  0x00005555555552f7 in simulated_annealing () at knapsacksa.cpp:89
#10 0x0000555555555658 in main () at knapsacksa.cpp:146

516	../sysdeps/x86_64/multiarch/memmove-vec-unaligned-erms.S: No such file or directory.

Backtrace END
Memory content before bitflip:0x01
Fault Model: LSB bit-flip
base address to flip value: 0x7fffffffd55f
address max offset: 1
Memory content after  bitflip:0x21
frame name: std::__copy_move_a<false, int const*, int*>
symbol name: __simple
symbol filename: /usr/include/c++/7/bits/stl_algobase.h
symbol line: 380
value: 33
value address: 0x7fffffffd55f
Type: A boolean type.
Type sizeof: 1

[INFO -- 2018-12-08 03:01:24]
Fault Injection Successful after 4.000659704208374s
[INFO -- 2018-12-08 03:01:30]
event type: exit
[INFO -- 2018-12-08 03:01:30]
exit code: 0
