[INFO -- 2018-12-07 22:36:54]
Starting flip_value script
version: 1.1
[INFO -- 2018-12-07 22:36:54]
Initialization strings:
[INFO -- 2018-12-07 22:36:54]
(1) file /tmp/knapsack/ga
[INFO -- 2018-12-07 22:36:54]
initSignal:1
[INFO -- 2018-12-07 22:36:54]
endSignal:8
[INFO -- 2018-12-07 22:36:54]
faultModel:2
[INFO -- 2018-12-07 22:36:56]
Backtrace BEGIN:
#0  0x000055555555512e in cost (solution=std::vector of length 200, capacity 200 = {...}) at knapsackga.cpp:45
#1  0x000055555555589e in genetic_algorithm () at knapsackga.cpp:138
#2  0x0000555555555b6c in main () at knapsackga.cpp:165

40	        peso += solution[i] * wt[i];
41	        valor += solution[i] * val[i];
42	    }
43	    for(int i=0; i < n; i++){
44	        peso2 += solution[i] * wt2[i];
45	        valor2 += solution[i] * val2[i];
46	    }
47	    if(peso != peso2 || valor != valor2){
48	        exit_gracefully();
49	    }

Backtrace END
Memory content before bitflip:0x2f0xfb0x080x00
Fault Model: Random bit-flip
base address to flip value: 0x7fffffffd828
address max offset: 4
Memory content after  bitflip:0xb90x820x4c0x3e
frame name: cost
symbol name: peso
symbol filename: knapsackga.cpp
symbol line: 38
value: 1045201593
value address: 0x7fffffffd828
Type: The type is an integer type.
Type sizeof: 4

[INFO -- 2018-12-07 22:36:56]
Fault Injection Successful after 2.513425588607788s
[INFO -- 2018-12-07 22:36:56]
event type: exit
[INFO -- 2018-12-07 22:36:56]
exit code: 0
