[INFO -- 2018-12-09 06:24:06]
Starting flip_value script
version: 1.1
[INFO -- 2018-12-09 06:24:06]
Initialization strings:
[INFO -- 2018-12-09 06:24:06]
(1) file /tmp/knapsack/ga
[INFO -- 2018-12-09 06:24:06]
initSignal:1
[INFO -- 2018-12-09 06:24:06]
endSignal:8
[INFO -- 2018-12-09 06:24:06]
faultModel:0
[INFO -- 2018-12-09 06:24:08]
Backtrace BEGIN:
#0  0x0000555555556b8e in std::_Vector_base<int, std::allocator<int> >::~_Vector_base (this=0x7fffffffd5a0, __in_chrg=<optimized out>) at /usr/include/c++/7/bits/stl_vector.h:163
#1  0x0000555555555ed7 in std::vector<int, std::allocator<int> >::~vector (this=0x7fffffffd5a0, __in_chrg=<optimized out>) at /usr/include/c++/7/bits/stl_vector.h:435
#2  0x000055555555775e in std::vector<int, std::allocator<int> >::_M_move_assign (this=0x55555578acf0, __x=...) at /usr/include/c++/7/bits/stl_vector.h:1531
#3  0x000055555555673d in std::vector<int, std::allocator<int> >::operator= (this=0x55555578acf0, __x=...) at /usr/include/c++/7/bits/stl_vector.h:466
#4  0x000055555555951d in chromossome::operator= (this=0x55555578acf0) at knapsackga.cpp:63
#5  0x000055555555b053 in std::swap<chromossome> (__a=..., __b=...) at /usr/include/c++/7/bits/move.h:199
#6  0x000055555555aa5b in std::iter_swap<__gnu_cxx::__normal_iterator<chromossome*, std::vector<chromossome, std::allocator<chromossome> > >, __gnu_cxx::__normal_iterator<chromossome*, std::vector<chromossome, std::allocator<chromossome> > > > (__a={solution = std::vector of length 200, capacity 200 = {0, 1, 0, 0, 1, 1, 0, 0, 0, 0, 0, 0, 0, 1, 1, 1, 1, 0, 0, 0, 0, 0, 0, 0, 1, 0, 1, 1, 1, 0, 0, 0, 0, 1, 1, 0, 0, 1, 1, 1, 0, 0, 0, 0, 1, 0, 1, 0, 1, 0, 0, 1, 1, 0, 1, 1, 1, 0, 0, 1, 1, 1, 1, 0, 0, 0, 1, 0, 0, 0, 0, 0, 0, 0, 1, 1, 0, 0, 0, 1, 1, 0, 0, 1, 1, 0, 1, 0, 1, 0, 0, 1, 0, 0, 1, 0, 0, 0, 0, 0, 0, 1, 0, 1, 0, 1, 0, 1, 0, 0, 0, 0, 1, 1, 0, 1, 0, 0, 1, 1, 1, 0, 1, 1, 0, 0, 1, 0, 1, 1, 1, 1, 0, 0, 1, 0, 0, 1, 1, 0, 0, 0, 1, 0, 1, 0, 0, 0, 0, 1, 0, 0, 0, 1, 0, 0, 0, 1, 1, 1, 1, 0, 0, 0, 1, 0, 0, 0, 1, 0, 1, 0, 1, 0, 1, 0, 0, 0, 0, 0, 1, 0, 0, 1, 1, 0, 1, 1, 1, 0, 0, 0, 0, 0, 0, 0, 0, 0, 0, 1...}, fitness = -509587}, __b={solution = std::vector of length 0, capacity 0, fitness = -509587}) at /usr/include/c++/7/bits/stl_algobase.h:148
#7  0x000055555555a06d in std::__unguarded_partition<__gnu_cxx::__normal_iterator<chromossome*, std::vector<chromossome, std::allocator<chromossome> > >, __gnu_cxx::__ops::_Iter_less_iter> (__first={solution = std::vector of length 200, capacity 200 = {0, 1, 0, 0, 1, 1, 0, 0, 0, 0, 0, 0, 0, 1, 1, 1, 1, 0, 0, 0, 0, 0, 0, 0, 1, 0, 1, 1, 1, 0, 0, 0, 0, 1, 1, 0, 0, 1, 1, 1, 0, 0, 0, 0, 1, 0, 1, 0, 1, 0, 0, 1, 1, 0, 1, 1, 1, 0, 0, 1, 1, 1, 1, 0, 0, 0, 1, 0, 0, 0, 0, 0, 0, 0, 1, 1, 0, 0, 0, 1, 1, 0, 0, 1, 1, 0, 1, 0, 1, 0, 0, 1, 0, 0, 1, 0, 0, 0, 0, 0, 0, 1, 0, 1, 0, 1, 0, 1, 0, 0, 0, 0, 1, 1, 0, 1, 0, 0, 1, 1, 1, 0, 1, 1, 0, 0, 1, 0, 1, 1, 1, 1, 0, 0, 1, 0, 0, 1, 1, 0, 0, 0, 1, 0, 1, 0, 0, 0, 0, 1, 0, 0, 0, 1, 0, 0, 0, 1, 1, 1, 1, 0, 0, 0, 1, 0, 0, 0, 1, 0, 1, 0, 1, 0, 1, 0, 0, 0, 0, 0, 1, 0, 0, 1, 1, 0, 1, 1, 1, 0, 0, 0, 0, 0, 0, 0, 0, 0, 0, 1...}, fitness = -509587}, __last={solution = std::vector of length 0, capacity 0, fitness = -509587}, __pivot={solution = std::vector of length 200, capacity 200 = {0, 1, 0, 0, 1, 1, 0, 0, 0, 0, 0, 0, 0, 1, 1, 1, 1, 0, 0, 0, 0, 0, 0, 0, 1, 0, 1, 1, 1, 0, 0, 0, 0, 1, 1, 0, 0, 1, 1, 1, 0, 0, 0, 0, 1, 0, 1, 0, 1, 0, 0, 1, 1, 0, 1, 1, 1, 0, 0, 1, 1, 1, 1, 0, 0, 0, 1, 0, 0, 0, 0, 0, 0, 0, 1, 1, 0, 0, 0, 1, 1, 0, 0, 1, 1, 0, 1, 0, 1, 0, 0, 1, 0, 0, 1, 0, 0, 0, 0, 0, 0, 1, 0, 1, 0, 1, 0, 1, 0, 0, 0, 0, 1, 1, 0, 1, 0, 0, 1, 1, 1, 0, 1, 1, 0, 0, 1, 0, 1, 1, 1, 1, 0, 0, 1, 0, 0, 1, 1, 0, 0, 0, 1, 0, 1, 0, 0, 0, 0, 1, 0, 0, 0, 1, 0, 0, 0, 1, 1, 1, 1, 0, 0, 0, 1, 0, 0, 0, 1, 0, 1, 0, 1, 0, 1, 0, 0, 0, 0, 0, 1, 0, 0, 1, 1, 0, 1, 1, 1, 0, 0, 0, 0, 0, 0, 0, 0, 0, 0, 1...}, fitness = -509587}, __comp=...) at /usr/include/c++/7/bits/stl_algo.h:1909
#8  0x0000555555559440 in std::__unguarded_partition_pivot<__gnu_cxx::__normal_iterator<chromossome*, std::vector<chromossome, std::allocator<chromossome> > >, __gnu_cxx::__ops::_Iter_less_iter> (__first={solution = std::vector of length 200, capacity 200 = {0, 1, 0, 0, 1, 1, 0, 0, 0, 0, 0, 0, 0, 1, 1, 1, 1, 0, 0, 0, 0, 0, 0, 0, 1, 0, 1, 1, 1, 0, 0, 0, 0, 1, 1, 0, 0, 1, 1, 1, 0, 0, 0, 0, 1, 0, 1, 0, 1, 0, 0, 1, 1, 0, 1, 1, 1, 0, 0, 1, 1, 1, 1, 0, 0, 0, 1, 0, 0, 0, 0, 0, 0, 0, 1, 1, 0, 0, 0, 1, 1, 0, 0, 1, 1, 0, 1, 0, 1, 0, 0, 1, 0, 0, 1, 0, 0, 0, 0, 0, 0, 1, 0, 1, 0, 1, 0, 1, 0, 0, 0, 0, 1, 1, 0, 1, 0, 0, 1, 1, 1, 0, 1, 1, 0, 0, 1, 0, 1, 1, 1, 1, 0, 0, 1, 0, 0, 1, 1, 0, 0, 0, 1, 0, 1, 0, 0, 0, 0, 1, 0, 0, 0, 1, 0, 0, 0, 1, 1, 1, 1, 0, 0, 0, 1, 0, 0, 0, 1, 0, 1, 0, 1, 0, 1, 0, 0, 0, 0, 0, 1, 0, 0, 1, 1, 0, 1, 1, 1, 0, 0, 0, 0, 0, 0, 0, 0, 0, 0, 1...}, fitness = -509587}, __last={solution = std::vector of length 0, capacity 1073741824, fitness = 1}, __comp=...) at /usr/include/c++/7/bits/stl_algo.h:1923
#9  0x000055555555845e in std::__introsort_loop<__gnu_cxx::__normal_iterator<chromossome*, std::vector<chromossome, std::allocator<chromossome> > >, long, __gnu_cxx::__ops::_Iter_less_iter> (__first={solution = std::vector of length 200, capacity 200 = {0, 1, 0, 0, 1, 1, 0, 0, 0, 0, 0, 0, 0, 1, 1, 1, 1, 0, 0, 0, 0, 0, 0, 0, 1, 0, 1, 1, 1, 0, 0, 0, 0, 1, 1, 0, 0, 1, 1, 1, 0, 0, 0, 0, 1, 0, 1, 0, 1, 0, 0, 1, 1, 0, 1, 1, 1, 0, 0, 1, 1, 1, 1, 0, 0, 0, 1, 0, 0, 0, 0, 0, 0, 0, 1, 1, 0, 0, 0, 1, 1, 0, 0, 1, 1, 0, 1, 0, 1, 0, 0, 1, 0, 0, 1, 0, 0, 0, 0, 0, 0, 1, 0, 1, 0, 1, 0, 1, 0, 0, 0, 0, 1, 1, 0, 1, 0, 0, 1, 1, 1, 0, 1, 1, 0, 0, 1, 0, 1, 1, 1, 1, 0, 0, 1, 0, 0, 1, 1, 0, 0, 0, 1, 0, 1, 0, 0, 0, 0, 1, 0, 0, 0, 1, 0, 0, 0, 1, 1, 1, 1, 0, 0, 0, 1, 0, 0, 0, 1, 0, 1, 0, 1, 0, 1, 0, 0, 0, 0, 0, 1, 0, 0, 1, 1, 0, 1, 1, 1, 0, 0, 0, 0, 0, 0, 0, 0, 0, 0, 1...}, fitness = -509587}, __last={solution = std::vector of length 0, capacity 1073741824, fitness = 1}, __depth_limit=9, __comp=...) at /usr/include/c++/7/bits/stl_algo.h:1952
#10 0x0000555555557077 in std::__sort<__gnu_cxx::__normal_iterator<chromossome*, std::vector<chromossome, std::allocator<chromossome> > >, __gnu_cxx::__ops::_Iter_less_iter> (__first={solution = std::vector of length 200, capacity 200 = {0, 1, 0, 0, 1, 1, 0, 0, 0, 0, 0, 0, 0, 1, 1, 1, 1, 0, 0, 0, 0, 0, 0, 0, 1, 0, 1, 1, 1, 0, 0, 0, 0, 1, 1, 0, 0, 1, 1, 1, 0, 0, 0, 0, 1, 0, 1, 0, 1, 0, 0, 1, 1, 0, 1, 1, 1, 0, 0, 1, 1, 1, 1, 0, 0, 0, 1, 0, 0, 0, 0, 0, 0, 0, 1, 1, 0, 0, 0, 1, 1, 0, 0, 1, 1, 0, 1, 0, 1, 0, 0, 1, 0, 0, 1, 0, 0, 0, 0, 0, 0, 1, 0, 1, 0, 1, 0, 1, 0, 0, 0, 0, 1, 1, 0, 1, 0, 0, 1, 1, 1, 0, 1, 1, 0, 0, 1, 0, 1, 1, 1, 1, 0, 0, 1, 0, 0, 1, 1, 0, 0, 0, 1, 0, 1, 0, 0, 0, 0, 1, 0, 0, 0, 1, 0, 0, 0, 1, 1, 1, 1, 0, 0, 0, 1, 0, 0, 0, 1, 0, 1, 0, 1, 0, 1, 0, 0, 0, 0, 0, 1, 0, 0, 1, 1, 0, 1, 1, 1, 0, 0, 0, 0, 0, 0, 0, 0, 0, 0, 1...}, fitness = -509587}, __last={solution = std::vector of length 0, capacity 1073741824, fitness = 1}, __comp=...) at /usr/include/c++/7/bits/stl_algo.h:1968
#11 0x00005555555560e7 in std::sort<__gnu_cxx::__normal_iterator<chromossome*, std::vector<chromossome, std::allocator<chromossome> > > > (__first={solution = std::vector of length 200, capacity 200 = {0, 1, 0, 0, 1, 1, 0, 0, 0, 0, 0, 0, 0, 1, 1, 1, 1, 0, 0, 0, 0, 0, 0, 0, 1, 0, 1, 1, 1, 0, 0, 0, 0, 1, 1, 0, 0, 1, 1, 1, 0, 0, 0, 0, 1, 0, 1, 0, 1, 0, 0, 1, 1, 0, 1, 1, 1, 0, 0, 1, 1, 1, 1, 0, 0, 0, 1, 0, 0, 0, 0, 0, 0, 0, 1, 1, 0, 0, 0, 1, 1, 0, 0, 1, 1, 0, 1, 0, 1, 0, 0, 1, 0, 0, 1, 0, 0, 0, 0, 0, 0, 1, 0, 1, 0, 1, 0, 1, 0, 0, 0, 0, 1, 1, 0, 1, 0, 0, 1, 1, 1, 0, 1, 1, 0, 0, 1, 0, 1, 1, 1, 1, 0, 0, 1, 0, 0, 1, 1, 0, 0, 0, 1, 0, 1, 0, 0, 0, 0, 1, 0, 0, 0, 1, 0, 0, 0, 1, 1, 1, 1, 0, 0, 0, 1, 0, 0, 0, 1, 0, 1, 0, 1, 0, 1, 0, 0, 0, 0, 0, 1, 0, 0, 1, 1, 0, 1, 1, 1, 0, 0, 0, 0, 0, 0, 0, 0, 0, 0, 1...}, fitness = -509587}, __last={solution = std::vector of length 0, capacity 1073741824, fitness = 1}) at /usr/include/c++/7/bits/stl_algo.h:4836
#12 0x00005555555558d9 in genetic_algorithm () at knapsackga.cpp:141
#13 0x0000555555555b6c in main () at knapsackga.cpp:165

158	      }
159	#endif
160	
161	      ~_Vector_base() _GLIBCXX_NOEXCEPT
162	      { _M_deallocate(this->_M_impl._M_start, this->_M_impl._M_end_of_storage
163			      - this->_M_impl._M_start); }
164	
165	    public:
166	      _Vector_impl _M_impl;
167	

Backtrace END
Fliping value of field: _M_current
Fliping a bit of the pointer
Memory content before bitflip:0xf00xac0x780x550x550x550x000x00
Fault Model: Single bit-flip
base address to flip value: 0x7fffffffd6a8
address max offset: 8
Memory content after  bitflip:0xf00xbc0x780x550x550x550x000x00
frame name: std::iter_swap<__gnu_cxx::__normal_iterator<chromossome*, std::vector<chromossome, std::allocator<chromossome> > >, __gnu_cxx::__normal_iterator<chromossome*, std::vector<chromossome, std::allocator<chromossome> > > >
symbol name: __a
symbol filename: /usr/include/c++/7/bits/stl_algobase.h
symbol line: 120
value: {solution = std::vector of length 0, capacity 0 = {<error reading variable>
value address: 0x7fffffffd6a8
Type: The type is a structure.
Type sizeof: 8
Field name: _M_current
Field Type: The type is a pointer.
Field Type sizeof: 8

[INFO -- 2018-12-09 06:24:08]
Fault Injection Successful after 2.5239453315734863s
[INFO -- 2018-12-09 06:24:14]
event type: exit
[INFO -- 2018-12-09 06:24:14]
exit code: 0
