[INFO -- 2018-12-08 08:18:58]
Starting flip_value script
version: 1.1
[INFO -- 2018-12-08 08:18:58]
Initialization strings:
[INFO -- 2018-12-08 08:18:58]
(1) file /tmp/knapsack/sa
[INFO -- 2018-12-08 08:18:58]
initSignal:0
[INFO -- 2018-12-08 08:18:58]
endSignal:9
[INFO -- 2018-12-08 08:18:58]
faultModel:2
[INFO -- 2018-12-08 08:19:00]
Backtrace BEGIN:
#0  0x0000555555555161 in cost (solution=std::vector of length 200, capacity 200 = {...}) at knapsacksa.cpp:59
#1  0x000055555555534c in simulated_annealing () at knapsacksa.cpp:92
#2  0x0000555555555658 in main () at knapsacksa.cpp:146

54	    }
55	
56	    int peso=0, peso2=0, valor=0, valor2=0;
57	    for(int i=0; i < n; i++){
58	        peso += solution[i] * wt[i];
59	        valor += solution[i] * val[i];
60	    }
61	    for(int i=0; i < n; i++){
62	        peso2 += solution[i] * wt2[i];
63	        valor2 += solution[i] * val2[i];

Backtrace END
Memory content before bitflip:0xc80x000x000x00
Fault Model: Random bit-flip
base address to flip value: 0x555555759038 
address max offset: 4
Memory content after  bitflip:0x310xb00x9e0xda
frame name: simulated_annealing
symbol name: n
symbol filename: knapsacksa.cpp
symbol line: 13
value: -627134415
value address: 0x555555759038 <n>
Type: The type is an integer type.
Type sizeof: 4

[INFO -- 2018-12-08 08:19:00]
Fault Injection Successful after 2.2491672039031982s
[INFO -- 2018-12-08 08:19:00]
event type: exit
[INFO -- 2018-12-08 08:19:00]
exit code: 0
