[INFO -- 2018-12-02 04:03:01]
Starting flip_value script
version: 1.1
[INFO -- 2018-12-02 04:03:01]
Initialization strings:
[INFO -- 2018-12-02 04:03:01]
(1) file /tmp/knapsack/ga
[INFO -- 2018-12-02 04:03:01]
initSignal:0
[INFO -- 2018-12-02 04:03:01]
endSignal:13
[INFO -- 2018-12-02 04:03:01]
faultModel:2
[INFO -- 2018-12-02 04:03:02]
Backtrace BEGIN:
#0  __GI___libc_malloc (bytes=32) at malloc.c:3057
#1  0x00007ffff7adf458 in operator new(unsigned long) () from /usr/lib/x86_64-linux-gnu/libstdc++.so.6
#2  0x0000555555559ca2 in __gnu_cxx::new_allocator<chromossome>::allocate (this=0x7fffffffd8d0, __n=1) at /usr/include/c++/7/ext/new_allocator.h:111
#3  0x000055555555922f in std::allocator_traits<std::allocator<chromossome> >::allocate (__a=..., __n=1) at /usr/include/c++/7/bits/alloc_traits.h:436
#4  0x00005555555582ec in std::_Vector_base<chromossome, std::allocator<chromossome> >::_M_allocate (this=0x7fffffffd8d0, __n=1) at /usr/include/c++/7/bits/stl_vector.h:172
#5  0x0000555555556dc6 in std::vector<chromossome, std::allocator<chromossome> >::_M_realloc_insert<chromossome const&> (this=0x7fffffffd8d0, __position=non-dereferenceable iterator for std::vector, __args#0=...) at /usr/include/c++/7/bits/vector.tcc:406
#6  0x0000555555555fb8 in std::vector<chromossome, std::allocator<chromossome> >::push_back (this=0x7fffffffd8d0, __x=...) at /usr/include/c++/7/bits/stl_vector.h:948
#7  0x000055555555515c in tournament (pop=std::vector of length 40, capacity 64 = {...}) at knapsackga.cpp:63
#8  0x0000555555555543 in genetic_algorithm () at knapsackga.cpp:102
#9  0x0000555555555a9b in main () at knapsackga.cpp:141

3052	malloc.c: No such file or directory.

Backtrace END
Fliping a bit of the value pointed by a reference
Fliping value of field: fitness
Memory content before bitflip:0x520x410xf80xff
Fault Model: Random bit-flip
base address to flip value: 0x55555577e2d8
address max offset: 4
Memory content after  bitflip:0x680xac0xd30x27
frame name: std::vector<chromossome, std::allocator<chromossome> >::push_back
symbol name: __x
symbol filename: /usr/include/c++/7/bits/stl_vector.h
symbol line: 939
value: @0x55555577e2c0
value address: 0x55555577e2c0
Type: A reference type.
Type sizeof: 8

[INFO -- 2018-12-02 04:03:02]
Fault Injection Successful after 1.1857757568359375s
[INFO -- 2018-12-02 04:03:14]
event type: exit
[INFO -- 2018-12-02 04:03:14]
exit code: 0
