[INFO -- 2018-09-21 21:39:48]
Starting flip_value script
version: 1.1
[INFO -- 2018-09-21 21:39:48]
Initialization strings:
[INFO -- 2018-09-21 21:39:48]
(1) file /tmp/knapsack/dp
[INFO -- 2018-09-21 21:39:48]
initSignal:1
[INFO -- 2018-09-21 21:39:48]
endSignal:3
[INFO -- 2018-09-21 21:39:48]
faultModel:2
[INFO -- 2018-09-21 21:39:49]
Backtrace BEGIN:
#0  0x0000555555554fec in knapSack (W=588593, n=200, val=std::vector of length 200, capacity 256 = {...}, wt=std::vector of length 200, capacity 256 = {...}) at knapsackdp.cpp:23
#1  0x0000555555555375 in main () at knapsackdp.cpp:54

18	        for(int i=0; i <= n; i++){
19	            for(int w=0; w <= W; w++){
20	                if(i == 0 || w == 0)
21	                    V[i][w] = 0;
22	                else if(w >= wt[i-1]){
23	                    if(val[i-1] + V[i-1][w - wt[i-1]] > V[i-1][w]){
24	                        V[i][w] = val[i-1] + V[i-1][w - wt[i-1]];
25	                    }
26	                    else{
27	                        V[i][w] = V[i-1][w];

Backtrace END
Memory content before bitflip:0x880xc30x050x00
Fault Model: Random bit-flip
base address to flip value: 0x7fffffffd97c
address max offset: 4
Memory content after  bitflip:0x070xd50x730x00
frame name: knapSack
symbol name: w
symbol filename: knapsackdp.cpp
symbol line: 19
value: 7591175
value address: 0x7fffffffd97c
Type: The type is an integer type.
Type sizeof: 4

[INFO -- 2018-09-21 21:39:49]
Fault Injection Successful after 1.9146780967712402s
[INFO -- 2018-09-21 21:39:52]
event type: exit
[INFO -- 2018-09-21 21:39:52]
exit code: 0
