[INFO -- 2018-11-30 09:57:05]
Starting flip_value script
version: 1.1
[INFO -- 2018-11-30 09:57:05]
Initialization strings:
[INFO -- 2018-11-30 09:57:05]
(1) file /tmp/knapsack/sa
[INFO -- 2018-11-30 09:57:05]
initSignal:0
[INFO -- 2018-11-30 09:57:05]
endSignal:7
[INFO -- 2018-11-30 09:57:05]
faultModel:1
[EXCEPTION -- 2018-11-30 09:57:07]
pythonException: Unable to exit loop in struct fields; Exiting wihtout making a bit flip
[EXCEPTION -- 2018-11-30 09:57:07]
pythonException: Unable to exit loop in struct fields; Exiting wihtout making a bit flip
[INFO -- 2018-11-30 09:57:07]
Backtrace BEGIN:
#0  cost (solution=std::vector of length 200, capacity 200 = {...}) at knapsacksa.cpp:29
#1  0x0000555555555259 in simulated_annealing () at knapsacksa.cpp:52
#2  0x0000555555555522 in main () at knapsacksa.cpp:85

24	
25	int cost(vector<int> &solution){
26	    int peso=0, valor=0;
27	    for(int i=0; i < n; i++){
28	       peso += solution[i] * wt[i];
29	       valor += solution[i] * val[i];
30	    }
31	    if(peso > W)
32	       return 99999999;
33	    else

Backtrace END
Memory content before bitflip:0xbc0x0c0xaa0xf7
Fault Model: Double bit-flip
base address to flip value: 0x7fffffffd9d8
address max offset: 4
Memory content after  bitflip:0xad0x0c0xaa0xf7
frame name: main
symbol name: result1
symbol filename: knapsacksa.cpp
symbol line: 85
value: -139850579
value address: 0x7fffffffd9d8
Type: The type is an integer type.
Type sizeof: 4

[INFO -- 2018-11-30 09:57:07]
Fault Injection Successful after 2.6855080127716064s
[INFO -- 2018-11-30 09:57:13]
event type: exit
[INFO -- 2018-11-30 09:57:13]
exit code: 0
