[INFO -- 2018-12-09 00:24:04]
Starting flip_value script
version: 1.1
[INFO -- 2018-12-09 00:24:04]
Initialization strings:
[INFO -- 2018-12-09 00:24:04]
(1) file /tmp/knapsack/ga
[INFO -- 2018-12-09 00:24:04]
initSignal:1
[INFO -- 2018-12-09 00:24:04]
endSignal:8
[INFO -- 2018-12-09 00:24:04]
faultModel:4
[INFO -- 2018-12-09 00:24:06]
Backtrace BEGIN:
#0  std::vector<int, std::allocator<int> >::operator[] (this=0x2447a445274a2900, __n=0) at /usr/include/c++/7/bits/stl_vector.h:795
#1  0x00005555555553a8 in crossover (pai=std::vector of length 200, capacity 200 = {...}, mae=std::vector of length 200, capacity 200 = {...}, filho1=std::vector of length 200, capacity 200 = {...}, filho2=std::vector of length 200, capacity 200 = {...}) at knapsackga.cpp:100
#2  0x00005555555556d7 in genetic_algorithm () at knapsackga.cpp:130
#3  0x0000555555555b6c in main () at knapsackga.cpp:165

790	       *  Note that data access with this operator is unchecked and
791	       *  out_of_range lookups are not defined. (For checked lookups
792	       *  see at().)
793	       */
794	      reference
795	      operator[](size_type __n) _GLIBCXX_NOEXCEPT
796	      {
797		__glibcxx_requires_subscript(__n);
798		return *(this->_M_impl._M_start + __n);
799	      }

Backtrace END
Memory content before bitflip:0x0b0x040x000x00
Fault Model: LSB bit-flip
base address to flip value: 0x7fffffffd874
address max offset: 4
Memory content after  bitflip:0x0b0x040x000x40
frame name: genetic_algorithm
symbol name: g
symbol filename: knapsackga.cpp
symbol line: 116
value: 1073742859
value address: 0x7fffffffd874
Type: The type is an integer type.
Type sizeof: 4

[INFO -- 2018-12-09 00:24:06]
Fault Injection Successful after 2.1526520252227783s
[INFO -- 2018-12-09 00:24:06]
event type: exit
[INFO -- 2018-12-09 00:24:06]
exit code: 0
