[INFO -- 2018-12-09 05:48:59]
Starting flip_value script
version: 1.1
[INFO -- 2018-12-09 05:48:59]
Initialization strings:
[INFO -- 2018-12-09 05:48:59]
(1) file /tmp/knapsack/ga
[INFO -- 2018-12-09 05:48:59]
initSignal:1
[INFO -- 2018-12-09 05:48:59]
endSignal:8
[INFO -- 2018-12-09 05:48:59]
faultModel:0
[EXCEPTION -- 2018-12-09 05:49:03]
pythonException: Unable to exit loop in struct fields; Exiting wihtout making a bit flip
[EXCEPTION -- 2018-12-09 05:49:04]
pythonException: empty range for randrange() (0,0, 0)
[INFO -- 2018-12-09 05:49:04]
Backtrace BEGIN:
#0  std::_Destroy_aux<false>::__destroy<chromossome*> (__first=0x555555776440, __last=0x555555776440) at /usr/include/c++/7/bits/stl_construct.h:109
#1  0x00005555555580fc in std::_Destroy<chromossome*> (__first=0x555555776420, __last=0x555555776440) at /usr/include/c++/7/bits/stl_construct.h:137
#2  0x0000555555556d33 in std::_Destroy<chromossome*, chromossome> (__first=0x555555776420, __last=0x555555776440) at /usr/include/c++/7/bits/stl_construct.h:206
#3  0x0000555555556ee4 in std::vector<chromossome, std::allocator<chromossome> >::_M_realloc_insert<chromossome const&> (this=0x7fffffffd8a0, __position={solution = std::vector of length 20, capacity 0 = {<error reading variable>, __args#0=...) at /usr/include/c++/7/bits/vector.tcc:446
#4  0x0000555555556012 in std::vector<chromossome, std::allocator<chromossome> >::push_back (this=0x7fffffffd8a0, __x=...) at /usr/include/c++/7/bits/stl_vector.h:948
#5  0x00005555555555cd in genetic_algorithm () at knapsackga.cpp:124
#6  0x0000555555555b6c in main () at knapsackga.cpp:165

104	        static void
105	        __destroy(_ForwardIterator __first, _ForwardIterator __last)
106		{
107		  for (; __first != __last; ++__first)
108		    std::_Destroy(std::__addressof(*__first));
109		}
110	    };
111	
112	  template<>
113	    struct _Destroy_aux<true>

Backtrace END
Memory content before bitflip:0x310xfb0x080x00
Fault Model: Single bit-flip
base address to flip value: 0x55555575f0b0 
address max offset: 4
Memory content after  bitflip:0x310xdb0x080x00
frame name: main
symbol name: W
symbol filename: knapsackga.cpp
symbol line: 18
value: 580401
value address: 0x55555575f0b0 <W>
Type: The type is an integer type.
Type sizeof: 4

[INFO -- 2018-12-09 05:49:04]
Fault Injection Successful after 5.593842267990112s
[INFO -- 2018-12-09 05:49:04]
event type: exit
[INFO -- 2018-12-09 05:49:04]
exit code: 0
