[INFO -- 2018-12-09 04:19:34]
Starting flip_value script
version: 1.1
[INFO -- 2018-12-09 04:19:34]
Initialization strings:
[INFO -- 2018-12-09 04:19:34]
(1) file /tmp/knapsack/ga
[INFO -- 2018-12-09 04:19:34]
initSignal:1
[INFO -- 2018-12-09 04:19:34]
endSignal:8
[INFO -- 2018-12-09 04:19:34]
faultModel:4
[INFO -- 2018-12-09 04:19:36]
Backtrace BEGIN:
#0  std::__niter_base<int const*, std::vector<int, std::allocator<int> > > (__it=0) at /usr/include/c++/7/bits/stl_iterator.h:984
#1  0x000055555555ab7d in std::__copy_move_a2<false, __gnu_cxx::__normal_iterator<int const*, std::vector<int, std::allocator<int> > >, int*> (__first=0, __last=816, __result=0x555555789930) at /usr/include/c++/7/bits/stl_algobase.h:422
#2  0x000055555555a2c0 in std::copy<__gnu_cxx::__normal_iterator<int const*, std::vector<int, std::allocator<int> > >, int*> (__first=0, __last=816, __result=0x555555789930) at /usr/include/c++/7/bits/stl_algobase.h:456
#3  0x0000555555559778 in std::__uninitialized_copy<true>::__uninit_copy<__gnu_cxx::__normal_iterator<int const*, std::vector<int, std::allocator<int> > >, int*> (__first=0, __last=816, __result=0x555555789930) at /usr/include/c++/7/bits/stl_uninitialized.h:101
#4  0x00005555555586a8 in std::uninitialized_copy<__gnu_cxx::__normal_iterator<int const*, std::vector<int, std::allocator<int> > >, int*> (__first=0, __last=816, __result=0x555555789930) at /usr/include/c++/7/bits/stl_uninitialized.h:134
#5  0x0000555555557257 in std::__uninitialized_copy_a<__gnu_cxx::__normal_iterator<int const*, std::vector<int, std::allocator<int> > >, int*, int> (__first=0, __last=816, __result=0x555555789930) at /usr/include/c++/7/bits/stl_uninitialized.h:289
#6  0x00005555555561bb in std::vector<int, std::allocator<int> >::vector (this=0x5555557878a0, __x=std::vector of length 200, capacity 200 = {...}) at /usr/include/c++/7/bits/stl_vector.h:331
#7  0x0000555555558123 in chromossome::chromossome (this=0x5555557878a0) at knapsackga.cpp:63
#8  0x0000555555558180 in __gnu_cxx::new_allocator<chromossome>::construct<chromossome, chromossome const&> (this=0x7fffffffd8a0, __p=0x5555557878a0, __args#0=...) at /usr/include/c++/7/ext/new_allocator.h:136
#9  0x0000555555556d7a in std::allocator_traits<std::allocator<chromossome> >::construct<chromossome, chromossome const&> (__a=..., __p=0x5555557878a0, __args#0=...) at /usr/include/c++/7/bits/alloc_traits.h:475
#10 0x0000555555555fda in std::vector<chromossome, std::allocator<chromossome> >::push_back (this=0x7fffffffd8a0, __x=...) at /usr/include/c++/7/bits/stl_vector.h:943
#11 0x0000555555555747 in genetic_algorithm () at knapsackga.cpp:133
#12 0x0000555555555b6c in main () at knapsackga.cpp:165

979	_GLIBCXX_BEGIN_NAMESPACE_VERSION
980	
981	  template<typename _Iterator, typename _Container>
982	    _Iterator
983	    __niter_base(__gnu_cxx::__normal_iterator<_Iterator, _Container> __it)
984	    { return __it.base(); }
985	
986	_GLIBCXX_END_NAMESPACE_VERSION
987	} // namespace
988	

Backtrace END
Fliping value of field: _M_current
Fliping a bit of the value pointed by a pointer
Memory content before bitflip:0x300x030x000x00
Fault Model: LSB bit-flip
base address to flip value: 0x555555786540
address max offset: 4
Memory content after  bitflip:0x300x030x000x04
frame name: std::__uninitialized_copy_a<__gnu_cxx::__normal_iterator<int const*, std::vector<int, std::allocator<int> > >, int*, int>
symbol name: __last
symbol filename: /usr/include/c++/7/bits/stl_uninitialized.h
symbol line: 287
value: 67109680
value address: 0x7fffffffd730
Type: The type is a structure.
Type sizeof: 8
Field name: _M_current
Field Type: The type is a pointer.
Field Type sizeof: 8

[INFO -- 2018-12-09 04:19:36]
Fault Injection Successful after 2.0567500591278076s
[INFO -- 2018-12-09 04:19:42]
event type: exit
[INFO -- 2018-12-09 04:19:42]
exit code: 0
