[INFO -- 2018-09-23 21:27:06]
Starting flip_value script
version: 1.1
[INFO -- 2018-09-23 21:27:06]
Initialization strings:
[INFO -- 2018-09-23 21:27:06]
(1) file /tmp/knapsack/sa
[INFO -- 2018-09-23 21:27:06]
initSignal:0
[INFO -- 2018-09-23 21:27:06]
endSignal:2
[INFO -- 2018-09-23 21:27:06]
faultModel:4
[EXCEPTION -- 2018-09-23 21:27:07]
pythonException: Unable to exit loop in struct fields; Exiting wihtout making a bit flip
[INFO -- 2018-09-23 21:27:07]
Backtrace BEGIN:
#0  0x0000555555555626 in std::vector<int, std::allocator<int> >::vector (this=0x7fffffffda00, __x=std::vector of length 200, capacity 200 = {...}) at /usr/include/c++/7/bits/stl_vector.h:328
#1  0x00005555555550ca in simulated_annealing () at knapsacksa.cpp:47
#2  0x000055555555535e in main () at knapsacksa.cpp:84

323	       *  The newly-created %vector uses a copy of the allocator object used
324	       *  by @a __x (unless the allocator traits dictate a different object).
325	       */
326	      vector(const vector& __x)
327	      : _Base(__x.size(),
328		_Alloc_traits::_S_select_on_copy(__x._M_get_Tp_allocator()))
329	      {
330		this->_M_impl._M_finish =
331		  std::__uninitialized_copy_a(__x.begin(), __x.end(),
332					      this->_M_impl._M_start,

Backtrace END
Fliping value of field: std::_Vector_base<int, std::allocator<int> >
Fliping value of field: _M_impl
Fliping value of field: _M_end_of_storage
Fliping a bit of the pointer
Memory content before bitflip:0xf00x160x770x550x550x550x000x00
Fault Model: LSB bit-flip
base address to flip value: 0x7fffffffd9f0
address max offset: 8
Memory content after  bitflip:0xf00x160x770x550x550x550x000x80
frame name: simulated_annealing
symbol name: solution
symbol filename: knapsacksa.cpp
symbol line: 38
value: std::vector of length 200, capacity -2305843009213693752 = {0, 0, 1, 0, 1, 0, 0, 1, 0, 0, 1, 0, 1, 0, 1, 1, 0, 1, 0, 0, 0, 0, 1, 0, 0, 0, 0, 1, 1, 1, 0, 0, 0, 0, 1, 1, 1, 1, 0, 1, 1, 0, 1, 0, 1, 0, 1, 1, 0, 0, 1, 1, 1, 1, 1, 0, 0, 0, 1, 1, 1, 1, 1, 1, 1, 0, 1, 1, 0, 0, 1, 1, 0, 1, 0, 0, 0, 1, 0, 0, 1, 1, 0, 0, 1, 0, 0, 0, 0, 0, 0, 0, 1, 0, 0, 0, 0, 1, 1, 0, 0, 1, 1, 0, 1, 0, 1, 0, 1, 0, 0, 1, 0, 0, 1, 0, 0, 0, 0, 1, 1, 0, 1, 1, 0, 1, 1, 0, 0, 1, 0, 1, 0, 0, 0, 0, 0, 1, 1, 0, 0, 1, 0, 1, 0, 0, 1, 0, 1, 1, 1, 1, 1, 1, 0, 0, 0, 0, 0, 1, 0, 0, 1, 0, 0, 1, 1, 0, 0, 1, 0, 0, 0, 1, 1, 1, 0, 0, 1, 1, 0, 0, 0, 0, 1, 0, 1, 0, 1, 0, 0, 1, 0, 0, 1, 0, 0, 1, 0, 1...}
value address: 0x7fffffffd9e0
Type: The type is a structure.
Type sizeof: 24
Field name: std::_Vector_base<int, std::allocator<int> >
Field Type: The type is a structure.
Field Type sizeof: 24

[INFO -- 2018-09-23 21:27:07]
Fault Injection Successful after 1.0920114517211914s
[INFO -- 2018-09-23 21:27:09]
event type: exit
[INFO -- 2018-09-23 21:27:09]
exit code: 0
