[INFO -- 2018-12-08 12:36:11]
Starting flip_value script
version: 1.1
[INFO -- 2018-12-08 12:36:11]
Initialization strings:
[INFO -- 2018-12-08 12:36:11]
(1) file /tmp/knapsack/mf
[INFO -- 2018-12-08 12:36:11]
initSignal:1
[INFO -- 2018-12-08 12:36:11]
endSignal:3
[INFO -- 2018-12-08 12:36:11]
faultModel:2
[INFO -- 2018-12-08 12:36:12]
Backtrace BEGIN:
#0  0x0000555555555a17 in std::vector<std::vector<int, std::allocator<int> >, std::allocator<std::vector<int, std::allocator<int> > > >::operator[] (this=0x55555575a1d0 <V>, __n=200) at /usr/include/c++/7/bits/stl_vector.h:798
#1  0x000055555555513c in knapSack () at knapsackmf.cpp:48
#2  0x0000555555555578 in main () at knapsackmf.cpp:108

793	       */
794	      reference
795	      operator[](size_type __n) _GLIBCXX_NOEXCEPT
796	      {
797		__glibcxx_requires_subscript(__n);
798		return *(this->_M_impl._M_start + __n);
799	      }
800	
801	      /**
802	       *  @brief  Subscript access to the data contained in the %vector.

Backtrace END
Memory content before bitflip:0xc80x000x000x00
Fault Model: Random bit-flip
base address to flip value: 0x7fffffffd954
address max offset: 4
Memory content after  bitflip:0x2b0x640x090x9d
frame name: knapSack
symbol name: i2
symbol filename: knapsackmf.cpp
symbol line: 40
value: -1660328917
value address: 0x7fffffffd954
Type: The type is an integer type.
Type sizeof: 4

[INFO -- 2018-12-08 12:36:12]
Fault Injection Successful after 1.667069673538208s
[INFO -- 2018-12-08 12:36:12]
event type: exit
[INFO -- 2018-12-08 12:36:12]
exit code: 0
