[INFO -- 2018-09-23 20:19:30]
Starting flip_value script
version: 1.1
[INFO -- 2018-09-23 20:19:30]
Initialization strings:
[INFO -- 2018-09-23 20:19:30]
(1) file /tmp/knapsack/sa
[INFO -- 2018-09-23 20:19:30]
initSignal:0
[INFO -- 2018-09-23 20:19:30]
endSignal:2
[INFO -- 2018-09-23 20:19:30]
faultModel:1
[INFO -- 2018-09-23 20:19:31]
Backtrace BEGIN:
#0  0x0000555555555e02 in std::_Vector_base<int, std::allocator<int> >::_M_deallocate (this=0x7fffffffda00, __p=0x7fffffffd980, __n=93824994449152) at /usr/include/c++/7/bits/stl_vector.h:176
#1  0x0000555555555b63 in std::_Vector_base<int, std::allocator<int> >::~_Vector_base (this=0x7fffffffda00, __in_chrg=<optimized out>) at /usr/include/c++/7/bits/stl_vector.h:162
#2  0x00005555555555fb in std::vector<int, std::allocator<int> >::~vector (this=0x7fffffffda00, __in_chrg=<optimized out>) at /usr/include/c++/7/bits/stl_vector.h:435
#3  0x00005555555551cb in simulated_annealing () at knapsacksa.cpp:47
#4  0x000055555555535e in main () at knapsacksa.cpp:84

171		typedef __gnu_cxx::__alloc_traits<_Tp_alloc_type> _Tr;
172		return __n != 0 ? _Tr::allocate(_M_impl, __n) : pointer();
173	      }
174	
175	      void
176	      _M_deallocate(pointer __p, size_t __n)
177	      {
178		typedef __gnu_cxx::__alloc_traits<_Tp_alloc_type> _Tr;
179		if (__p)
180		  _Tr::deallocate(_M_impl, __p, __n);

Backtrace END
Fliping value of field: std::_Vector_base<int, std::allocator<int> >
Fliping value of field: _M_impl
Fliping value of field: _M_start
Fliping a bit of the value pointed by a pointer
Memory content before bitflip:0x010x000x000x00
Fault Model: Double bit-flip
base address to flip value: 0x5555557713d0
address max offset: 4
Memory content after  bitflip:0x010xa00x000x00
frame name: simulated_annealing
symbol name: solution
symbol filename: knapsacksa.cpp
symbol line: 38
value: std::vector of length 200, capacity 200 = {40961, 0, 0, 1, 1, 1, 0, 1, 1, 0, 0, 0, 1, 1, 0, 0, 1, 1, 1, 0, 1, 0, 0, 0, 0, 0, 0, 1, 0, 1, 0, 0, 1, 0, 1, 1, 0, 0, 1, 1, 0, 0, 0, 0, 0, 0, 1, 1, 1, 1, 0, 0, 1, 1, 0, 1, 1, 0, 1, 1, 1, 0, 0, 1, 0, 1, 0, 1, 0, 1, 1, 1, 0, 0, 1, 0, 1, 1, 1, 0, 0, 0, 0, 0, 1, 0, 1, 1, 0, 1, 0, 1, 0, 0, 1, 1, 0, 1, 1, 0, 1, 0, 0, 0, 0, 0, 0, 0, 0, 0, 0, 1, 0, 0, 1, 1, 0, 0, 1, 1, 1, 0, 1, 0, 1, 0, 0, 0, 0, 0, 1, 1, 0, 1, 1, 1, 0, 0, 0, 0, 1, 0, 0, 0, 1, 1, 0, 1, 0, 1, 0, 0, 1, 1, 1, 1, 0, 1, 0, 0, 1, 0, 1, 0, 0, 1, 0, 1, 1, 0, 0, 1, 1, 0, 0, 1, 1, 0, 1, 1, 0, 0, 0, 0, 1, 1, 1, 1, 0, 1, 1, 1, 1, 1, 0, 0, 1, 1, 1, 1...}
value address: 0x7fffffffd9e0
Type: The type is a structure.
Type sizeof: 24
Field name: std::_Vector_base<int, std::allocator<int> >
Field Type: The type is a structure.
Field Type sizeof: 24

[INFO -- 2018-09-23 20:19:31]
Fault Injection Successful after 1.3308887481689453s
[INFO -- 2018-09-23 20:19:33]
event type: exit
[INFO -- 2018-09-23 20:19:33]
exit code: 0
