[INFO -- 2018-12-09 01:16:00]
Starting flip_value script
version: 1.1
[INFO -- 2018-12-09 01:16:00]
Initialization strings:
[INFO -- 2018-12-09 01:16:00]
(1) file /tmp/knapsack/ga
[INFO -- 2018-12-09 01:16:00]
initSignal:1
[INFO -- 2018-12-09 01:16:00]
endSignal:8
[INFO -- 2018-12-09 01:16:00]
faultModel:3
[INFO -- 2018-12-09 01:16:02]
Backtrace BEGIN:
#0  0x0000555555555e7a in std::vector<int, std::allocator<int> >::operator[] (this=0x55555578adf0, __n=155) at /usr/include/c++/7/bits/stl_vector.h:795
#1  0x00005555555550c4 in cost (solution=std::vector of length 200, capacity 200 = {...}) at knapsackga.cpp:41
#2  0x000055555555589e in genetic_algorithm () at knapsackga.cpp:138
#3  0x0000555555555b6c in main () at knapsackga.cpp:165

790	       *  Note that data access with this operator is unchecked and
791	       *  out_of_range lookups are not defined. (For checked lookups
792	       *  see at().)
793	       */
794	      reference
795	      operator[](size_type __n) _GLIBCXX_NOEXCEPT
796	      {
797		__glibcxx_requires_subscript(__n);
798		return *(this->_M_impl._M_start + __n);
799	      }

Backtrace END
Memory content before bitflip:0x310xfb0x080x00
Fault Model: Zero bit-flip
base address to flip value: 0x55555575f0b0 
address max offset: 4
Memory content after  bitflip:0x000x000x000x00
frame name: genetic_algorithm
symbol name: W
symbol filename: knapsackga.cpp
symbol line: 18
value: 0
value address: 0x55555575f0b0 <W>
Type: The type is an integer type.
Type sizeof: 4

[INFO -- 2018-12-09 01:16:02]
Fault Injection Successful after 2.279078245162964s
[INFO -- 2018-12-09 01:16:02]
event type: exit
[INFO -- 2018-12-09 01:16:02]
exit code: 0
