[INFO -- 2018-11-30 09:37:13]
Starting flip_value script
version: 1.1
[INFO -- 2018-11-30 09:37:13]
Initialization strings:
[INFO -- 2018-11-30 09:37:13]
(1) file /tmp/knapsack/sa
[INFO -- 2018-11-30 09:37:13]
initSignal:0
[INFO -- 2018-11-30 09:37:13]
endSignal:7
[INFO -- 2018-11-30 09:37:13]
faultModel:4
[INFO -- 2018-11-30 09:37:14]
Backtrace BEGIN:
#0  0x00007ffff7add380 in operator delete(void*) () from /usr/lib/x86_64-linux-gnu/libstdc++.so.6
#1  0x0000555555556caa in __gnu_cxx::new_allocator<int>::deallocate (this=0x7fffffffd990, __p=0x55555576e610) at /usr/include/c++/7/ext/new_allocator.h:125
#2  0x0000555555556855 in std::allocator_traits<std::allocator<int> >::deallocate (__a=..., __p=0x55555576e610, __n=200) at /usr/include/c++/7/bits/alloc_traits.h:462
#3  0x00005555555560b8 in std::_Vector_base<int, std::allocator<int> >::_M_deallocate (this=0x7fffffffd990, __p=0x55555576e610, __n=200) at /usr/include/c++/7/bits/stl_vector.h:180
#4  0x0000555555555e19 in std::_Vector_base<int, std::allocator<int> >::~_Vector_base (this=0x7fffffffd990, __in_chrg=<optimized out>) at /usr/include/c++/7/bits/stl_vector.h:162
#5  0x000055555555588b in std::vector<int, std::allocator<int> >::~vector (this=0x7fffffffd990, __in_chrg=<optimized out>) at /usr/include/c++/7/bits/stl_vector.h:435
#6  0x0000555555555305 in simulated_annealing () at knapsacksa.cpp:49
#7  0x0000555555555522 in main () at knapsacksa.cpp:85

78	    file.close();
79	}
80	 
81	int main()
82	{
83	    ofstream outfile("/tmp/knapsack/outputsa");
84	    read_input();
85	    int result1 = simulated_annealing();
86	    read_input();
87	    int result2 = simulated_annealing();

Backtrace END
Fliping a bit of the value pointed by a pointer
Fliping value of field: _M_impl
Fliping value of field: _M_end_of_storage
Fliping a bit of the pointer
Memory content before bitflip:0x300xe90x760x550x550x550x000x00
Fault Model: LSB bit-flip
base address to flip value: 0x7fffffffd9a0
address max offset: 8
Memory content after  bitflip:0x300xe90x760x550x550x550x000x20
frame name: std::_Vector_base<int, std::allocator<int> >::~_Vector_base
symbol name: this
symbol filename: knapsacksa.cpp
symbol line: 0
value: 0x7fffffffd990
value address: 0x7fffffffd908
Type: The type is a pointer.
Type sizeof: 8

[INFO -- 2018-11-30 09:37:14]
Fault Injection Successful after 1.7003352642059326s
[INFO -- 2018-11-30 09:37:21]
event type: exit
[INFO -- 2018-11-30 09:37:21]
exit code: 0
