[INFO -- 2018-09-23 21:15:37]
Starting flip_value script
version: 1.1
[INFO -- 2018-09-23 21:15:37]
Initialization strings:
[INFO -- 2018-09-23 21:15:37]
(1) file /tmp/knapsack/sa
[INFO -- 2018-09-23 21:15:37]
initSignal:0
[INFO -- 2018-09-23 21:15:37]
endSignal:2
[INFO -- 2018-09-23 21:15:37]
faultModel:1
[INFO -- 2018-09-23 21:15:38]
Backtrace BEGIN:
#0  __GI___libc_free (mem=0x555555771700) at malloc.c:3122
#1  0x0000555555556a18 in __gnu_cxx::new_allocator<int>::deallocate (this=0x7fffffffda00, __p=0x555555771700) at /usr/include/c++/7/ext/new_allocator.h:125
#2  0x00005555555565c4 in std::allocator_traits<std::allocator<int> >::deallocate (__a=..., __p=0x555555771700, __n=200) at /usr/include/c++/7/bits/alloc_traits.h:462
#3  0x0000555555555e28 in std::_Vector_base<int, std::allocator<int> >::_M_deallocate (this=0x7fffffffda00, __p=0x555555771700, __n=200) at /usr/include/c++/7/bits/stl_vector.h:180
#4  0x0000555555555b63 in std::_Vector_base<int, std::allocator<int> >::~_Vector_base (this=0x7fffffffda00, __in_chrg=<optimized out>) at /usr/include/c++/7/bits/stl_vector.h:162
#5  0x00005555555555fb in std::vector<int, std::allocator<int> >::~vector (this=0x7fffffffda00, __in_chrg=<optimized out>) at /usr/include/c++/7/bits/stl_vector.h:435
#6  0x00005555555551cb in simulated_annealing () at knapsacksa.cpp:47
#7  0x000055555555535e in main () at knapsacksa.cpp:84

3117	malloc.c: No such file or directory.

Backtrace END
Memory content before bitflip:0x310xfb0x080x00
Fault Model: Double bit-flip
base address to flip value: 0x55555575906c 
address max offset: 4
Memory content after  bitflip:0x310xfb0x080x41
frame name: std::vector<int, std::allocator<int> >::~vector
symbol name: W
symbol filename: knapsacksa.cpp
symbol line: 15
value: 1091107633
value address: 0x55555575906c <W>
Type: The type is an integer type.
Type sizeof: 4

[INFO -- 2018-09-23 21:15:38]
Fault Injection Successful after 1.0113680362701416s
[INFO -- 2018-09-23 21:15:39]
event type: exit
[INFO -- 2018-09-23 21:15:39]
exit code: 0
