[INFO -- 2018-09-25 02:54:33]
Starting flip_value script
version: 1.1
[INFO -- 2018-09-25 02:54:33]
Initialization strings:
[INFO -- 2018-09-25 02:54:33]
(1) file /tmp/knapsack/ga
[INFO -- 2018-09-25 02:54:33]
initSignal:1
[INFO -- 2018-09-25 02:54:33]
endSignal:3.5
[INFO -- 2018-09-25 02:54:33]
faultModel:3
[INFO -- 2018-09-25 02:54:34]
Backtrace BEGIN:
#0  0x00005555555551b2 in crossover (pai=std::vector of length 200, capacity 200 = {...}, mae=std::vector of length 200, capacity 200 = {...}, filho1=std::vector of length 200, capacity 200 = {...}, filho2=std::vector of length 200, capacity 200 = {...}) at knapsackga.cpp:80
#1  0x000055555555548d in genetic_algorithm () at knapsackga.cpp:104
#2  0x00005555555558d7 in main () at knapsackga.cpp:137

75	    }
76	    filho1 = pai;
77	    filho2 = mae;
78	    for(int i = 0; i < n; i++){
79	        if(mask[i]){
80	            swap(filho1[i], filho2[i]);  
81	        }
82	    }
83	}
84	

Backtrace END
Fliping value of field: std::_Vector_base<int, std::allocator<int> >
Fliping value of field: _M_impl
Fliping value of field: _M_end_of_storage
Fliping a bit of the pointer
Memory content before bitflip:0x100x5e0x780x550x550x550x000x00
Fault Model: Zero bit-flip
base address to flip value: 0x7fffffffd880
address max offset: 8
Memory content after  bitflip:0x000x000x000x000x000x000x000x00
frame name: crossover
symbol name: mask
symbol filename: knapsackga.cpp
symbol line: 72
value: std::vector of length 200, capacity -23456248633020 = {1, 0, 0, 0, 0, 1, 0, 0, 1, 1, 1, 0, 1, 0, 0, 1, 1, 0, 0, 1, 0, 1, 1, 1, 0, 1, 1, 1, 0, 1, 0, 1, 1, 1, 0, 1, 0, 0, 1, 1, 1, 1, 0, 0, 1, 0, 0, 0, 0, 0, 1, 0, 1, 0, 0, 0, 1, 1, 1, 0, 1, 0, 1, 0, 1, 1, 0, 1, 1, 1, 0, 0, 0, 0, 1, 1, 0, 1, 1, 1, 1, 0, 1, 0, 1, 1, 0, 0, 1, 0, 0, 0, 0, 0, 0, 1, 1, 0, 0, 1, 0, 0, 1, 0, 1, 0, 0, 1, 1, 1, 0, 0, 0, 0, 1, 1, 1, 1, 1, 0, 1, 0, 0, 1, 0, 1, 0, 1, 1, 0, 0, 1, 1, 0, 0, 0, 0, 0, 1, 0, 1, 0, 0, 1, 0, 1, 0, 1, 1, 0, 0, 0, 0, 0, 0, 0, 1, 0, 1, 1, 1, 0, 0, 0, 0, 0, 0, 0, 0, 1, 0, 0, 1, 1, 1, 1, 0, 0, 1, 1, 0, 1, 0, 0, 1, 0, 0, 1, 0, 1, 0, 1, 1, 0, 1, 1, 1, 1, 0, 1...}
value address: 0x7fffffffd870
Type: The type is a structure.
Type sizeof: 24
Field name: std::_Vector_base<int, std::allocator<int> >
Field Type: The type is a structure.
Field Type sizeof: 24

[INFO -- 2018-09-25 02:54:34]
Fault Injection Successful after 1.960641860961914s
[INFO -- 2018-09-25 02:54:37]
event type: exit
[INFO -- 2018-09-25 02:54:37]
exit code: 0
