[INFO -- 2018-10-19 12:07:28]
Starting flip_value script
version: 1.1
[INFO -- 2018-10-19 12:07:28]
Initialization strings:
[INFO -- 2018-10-19 12:07:28]
(1) file /tmp/knapsack/mf
[INFO -- 2018-10-19 12:07:28]
initSignal:1
[INFO -- 2018-10-19 12:07:28]
endSignal:3
[INFO -- 2018-10-19 12:07:28]
faultModel:3
[EXCEPTION -- 2018-10-19 12:07:29]
pythonException: Unable to exit loop in struct fields; Exiting wihtout making a bit flip
[EXCEPTION -- 2018-10-19 12:07:29]
pythonException: Unable to exit loop in struct fields; Exiting wihtout making a bit flip
[EXCEPTION -- 2018-10-19 12:07:30]
pythonException: empty range for randrange() (0,0, 0)
[EXCEPTION -- 2018-10-19 12:07:30]
gdbException: Cannot access memory at address 0x0
[EXCEPTION -- 2018-10-19 12:07:30]
pythonException: Unable to exit loop in struct fields; Exiting wihtout making a bit flip
[INFO -- 2018-10-19 12:07:30]
event type: exit
[EXCEPTION -- 2018-10-19 12:07:30]
exit code: no exit code available
