[INFO -- 2018-12-08 12:30:13]
Starting flip_value script
version: 1.1
[INFO -- 2018-12-08 12:30:13]
Initialization strings:
[INFO -- 2018-12-08 12:30:13]
(1) file /tmp/knapsack/sa
[INFO -- 2018-12-08 12:30:13]
initSignal:0
[INFO -- 2018-12-08 12:30:13]
endSignal:9
[INFO -- 2018-12-08 12:30:13]
faultModel:2
[EXCEPTION -- 2018-12-08 12:30:14]
gdbException: Attempt to dereference a generic pointer.
[INFO -- 2018-12-08 12:30:19]
Backtrace BEGIN:
#0  std::vector<int, std::allocator<int> >::size (this=0x555555759060 <val2>) at /usr/include/c++/7/bits/stl_vector.h:670
#1  0x0000555555555b89 in std::vector<int, std::allocator<int> >::operator= (this=0x7fffffffd720, __x=std::vector of length 200, capacity 200 = {...}) at /usr/include/c++/7/bits/vector.tcc:203
#2  0x00005555555553e6 in simulated_annealing () at knapsacksa.cpp:108
#3  0x0000555555555658 in main () at knapsacksa.cpp:146

665	#endif
666	
667	      // [23.2.4.2] capacity
668	      /**  Returns the number of elements in the %vector.  */
669	      size_type
670	      size() const _GLIBCXX_NOEXCEPT
671	      { return size_type(this->_M_impl._M_finish - this->_M_impl._M_start); }
672	
673	      /**  Returns the size() of the largest possible %vector.  */
674	      size_type

Backtrace END
Fliping a bit of the value pointed by a reference
Fliping value of field: std::_Vector_base<int, std::allocator<int> >
Fliping value of field: _M_impl
Fliping value of field: _M_end_of_storage
Fliping a bit of the pointer
Memory content before bitflip:0xe00x2a0x770x550x550x550x000x00
Fault Model: Random bit-flip
base address to flip value: 0x7fffffffd750
address max offset: 8
Memory content after  bitflip:0x240x150x3d0xc50xf50xf60xa20x3e
frame name: std::vector<int, std::allocator<int> >::operator=
symbol name: __x
symbol filename: /usr/include/c++/7/bits/vector.tcc
symbol line: 180
value: std::vector of length 200, capacity 1128336871755184985 = {0, 1, 0, 0, 0, 0, 0, 1, 0, 0, 0, 0, 1, 0, 1, 0, 0, 0, 1, 1, 1, 1, 1, 0, 1, 1, 0, 0, 1, 0, 1, 1, 0, 0, 1, 0, 1, 0, 0, 1, 1, 1, 0, 0, 1, 1, 1, 0, 1, 1, 0, 1, 0, 0, 0, 1, 1, 1, 1, 0, 0, 0, 1, 1, 0, 1, 0, 0, 0, 0, 0, 1, 0, 1, 1, 1, 0, 0, 1, 1, 1, 1, 0, 0, 1, 0, 0, 1, 1, 0, 1, 0, 0, 1, 1, 0, 0, 1, 0, 0, 0, 0, 0, 1, 0, 0, 0, 0, 0, 0, 1, 0, 0, 1, 0, 1, 1, 1, 1, 1, 1, 0, 1, 0, 0, 1, 0, 1, 1, 1, 0, 1, 0, 0, 0, 1, 0, 0, 1, 1, 1, 0, 0, 0, 0, 0, 1, 1, 0, 1, 1, 0, 0, 1, 0, 0, 0, 0, 1, 0, 1, 0, 0, 0, 1, 1, 0, 0, 0, 0, 1, 0, 0, 0, 0, 0, 0, 1, 0, 1, 1, 0, 1, 0, 0, 1, 0, 1, 0, 0, 1, 0, 1, 0, 0, 0, 1, 1, 0, 0...}
value address: 0x7fffffffd740
Type: A reference type.
Type sizeof: 8

[INFO -- 2018-12-08 12:30:19]
Fault Injection Successful after 6.195964574813843s
[INFO -- 2018-12-08 12:30:31]
event type: exit
[INFO -- 2018-12-08 12:30:31]
exit code: 0
