[INFO -- 2018-12-08 23:55:03]
Starting flip_value script
version: 1.1
[INFO -- 2018-12-08 23:55:03]
Initialization strings:
[INFO -- 2018-12-08 23:55:03]
(1) file /tmp/knapsack/ga
[INFO -- 2018-12-08 23:55:03]
initSignal:1
[INFO -- 2018-12-08 23:55:03]
endSignal:8
[INFO -- 2018-12-08 23:55:03]
faultModel:2
[INFO -- 2018-12-08 23:55:04]
Backtrace BEGIN:
#0  0x000055555555512e in cost (solution=std::vector of length 200, capacity 200 = {...}) at knapsackga.cpp:45
#1  0x000055555555589e in genetic_algorithm () at knapsackga.cpp:138
#2  0x0000555555555b6c in main () at knapsackga.cpp:165

40	        peso += solution[i] * wt[i];
41	        valor += solution[i] * val[i];
42	    }
43	    for(int i=0; i < n; i++){
44	        peso2 += solution[i] * wt2[i];
45	        valor2 += solution[i] * val2[i];
46	    }
47	    if(peso != peso2 || valor != valor2){
48	        exit_gracefully();
49	    }

Backtrace END
Memory content before bitflip:0x310xfb0x080x00
Fault Model: Random bit-flip
base address to flip value: 0x55555575f0b4 
address max offset: 4
Memory content after  bitflip:0x3b0x740x1d0xc0
frame name: main
symbol name: W2
symbol filename: knapsackga.cpp
symbol line: 18
value: -1071811525
value address: 0x55555575f0b4 <W2>
Type: The type is an integer type.
Type sizeof: 4

[INFO -- 2018-12-08 23:55:04]
Fault Injection Successful after 1.7139348983764648s
[INFO -- 2018-12-08 23:55:04]
event type: exit
[INFO -- 2018-12-08 23:55:04]
exit code: 0
