[INFO -- 2018-12-08 11:49:58]
Starting flip_value script
version: 1.1
[INFO -- 2018-12-08 11:49:58]
Initialization strings:
[INFO -- 2018-12-08 11:49:58]
(1) file /tmp/knapsack/sa
[INFO -- 2018-12-08 11:49:58]
initSignal:0
[INFO -- 2018-12-08 11:49:58]
endSignal:9
[INFO -- 2018-12-08 11:49:58]
faultModel:4
[INFO -- 2018-12-08 11:50:00]
Backtrace BEGIN:
#0  0x0000555555555856 in std::vector<int, std::allocator<int> >::operator[] (this=0x7fffffffd740, __n=198) at /usr/include/c++/7/bits/stl_vector.h:795
#1  0x0000555555555116 in cost (solution=std::vector of length 200, capacity 200 = {...}) at knapsacksa.cpp:58
#2  0x000055555555534c in simulated_annealing () at knapsacksa.cpp:92
#3  0x0000555555555658 in main () at knapsacksa.cpp:146

790	       *  Note that data access with this operator is unchecked and
791	       *  out_of_range lookups are not defined. (For checked lookups
792	       *  see at().)
793	       */
794	      reference
795	      operator[](size_type __n) _GLIBCXX_NOEXCEPT
796	      {
797		__glibcxx_requires_subscript(__n);
798		return *(this->_M_impl._M_start + __n);
799	      }

Backtrace END
Memory content before bitflip:0x830x080x070x00
Fault Model: LSB bit-flip
base address to flip value: 0x7fffffffd6b0
address max offset: 4
Memory content after  bitflip:0x830x080x070x01
frame name: cost
symbol name: valor
symbol filename: knapsacksa.cpp
symbol line: 56
value: 17238147
value address: 0x7fffffffd6b0
Type: The type is an integer type.
Type sizeof: 4

[INFO -- 2018-12-08 11:50:00]
Fault Injection Successful after 2.3491764068603516s
[INFO -- 2018-12-08 11:50:00]
event type: exit
[INFO -- 2018-12-08 11:50:00]
exit code: 0
