[INFO -- 2018-12-01 10:23:25]
Starting flip_value script
version: 1.1
[INFO -- 2018-12-01 10:23:25]
Initialization strings:
[INFO -- 2018-12-01 10:23:25]
(1) file /tmp/knapsack/ga
[INFO -- 2018-12-01 10:23:25]
initSignal:0
[INFO -- 2018-12-01 10:23:25]
endSignal:13
[INFO -- 2018-12-01 10:23:25]
faultModel:4
[INFO -- 2018-12-01 10:23:27]
Backtrace BEGIN:
#0  __memmove_sse2_unaligned_erms () at ../sysdeps/x86_64/multiarch/memmove-vec-unaligned-erms.S:491
#1  0x000055555555a35e in std::__copy_move<false, true, std::random_access_iterator_tag>::__copy_m<int> (__first=0x555555783b50, __last=0x555555783e70, __result=0x555555783820) at /usr/include/c++/7/bits/stl_algobase.h:368
#2  0x0000555555559880 in std::__copy_move_a<false, int const*, int*> (__first=0x555555783b50, __last=0x555555783e70, __result=0x555555783820) at /usr/include/c++/7/bits/stl_algobase.h:386
#3  0x000055555555ab2f in std::__copy_move_a2<false, __gnu_cxx::__normal_iterator<int const*, std::vector<int, std::allocator<int> > >, int*> (__first=0, __last=816, __result=0x555555783820) at /usr/include/c++/7/bits/stl_algobase.h:424
#4  0x000055555555a264 in std::copy<__gnu_cxx::__normal_iterator<int const*, std::vector<int, std::allocator<int> > >, int*> (__first=0, __last=816, __result=0x555555783820) at /usr/include/c++/7/bits/stl_algobase.h:456
#5  0x000055555555971c in std::__uninitialized_copy<true>::__uninit_copy<__gnu_cxx::__normal_iterator<int const*, std::vector<int, std::allocator<int> > >, int*> (__first=0, __last=816, __result=0x555555783820) at /usr/include/c++/7/bits/stl_uninitialized.h:101
#6  0x0000555555558692 in std::uninitialized_copy<__gnu_cxx::__normal_iterator<int const*, std::vector<int, std::allocator<int> > >, int*> (__first=0, __last=816, __result=0x555555783820) at /usr/include/c++/7/bits/stl_uninitialized.h:134
#7  0x0000555555557223 in std::__uninitialized_copy_a<__gnu_cxx::__normal_iterator<int const*, std::vector<int, std::allocator<int> > >, int*, int> (__first=0, __last=816, __result=0x555555783820) at /usr/include/c++/7/bits/stl_uninitialized.h:289
#8  0x0000555555556161 in std::vector<int, std::allocator<int> >::vector (this=0x7fffffffd920, __x=std::vector of length 200, capacity 200 = {...}) at /usr/include/c++/7/bits/stl_vector.h:331
#9  0x00005555555551ab in tournament (pop=std::vector of length 40, capacity 64 = {...}) at knapsackga.cpp:67
#10 0x0000555555555543 in genetic_algorithm () at knapsackga.cpp:102
#11 0x0000555555555a9b in main () at knapsackga.cpp:141

486	../sysdeps/x86_64/multiarch/memmove-vec-unaligned-erms.S: No such file or directory.

Backtrace END
Memory content before bitflip:0x01
Fault Model: LSB bit-flip
base address to flip value: 0x7fffffffd74f
address max offset: 1
Memory content after  bitflip:0x81
frame name: std::uninitialized_copy<__gnu_cxx::__normal_iterator<int const*, std::vector<int, std::allocator<int> > >, int*>
symbol name: __assignable
symbol filename: /usr/include/c++/7/bits/stl_uninitialized.h
symbol line: 128
value: 129
value address: 0x7fffffffd74f
Type: A boolean type.
Type sizeof: 1

[INFO -- 2018-12-01 10:23:27]
Fault Injection Successful after 2.417558431625366s
[INFO -- 2018-12-01 10:23:38]
event type: exit
[INFO -- 2018-12-01 10:23:38]
exit code: 0
