[INFO -- 2018-11-24 22:14:44]
Starting flip_value script
version: 1.1
[INFO -- 2018-11-24 22:14:44]
Initialization strings:
[INFO -- 2018-11-24 22:14:44]
(1) file /tmp/quicksort-fulldup/quicksort-fulldup
[INFO -- 2018-11-24 22:14:44]
(2) set args 5000000 4 /tmp/quicksort-fulldup/inputsort_134217728 /tmp/quicksort-fulldup/output_5000000 /tmp/quick-fulldup-detection.log
[INFO -- 2018-11-24 22:14:44]
initSignal:0
[INFO -- 2018-11-24 22:14:44]
endSignal:5
[INFO -- 2018-11-24 22:14:44]
faultModel:2
[EXCEPTION -- 2018-11-24 22:14:45]
pythonException: invalid frame
[INFO -- 2018-11-24 22:14:45]
Backtrace BEGIN:
#0  0x00007ffff7bbf481 in ?? () from /usr/lib/x86_64-linux-gnu/libgomp.so.1
#1  0x00007ffff7bb9027 in GOMP_task () from /usr/lib/x86_64-linux-gnu/libgomp.so.1
#2  0x0000555555554d56 in qsort_parallel (a=0x7ffff6090010, l=2364857, r=2364859) at quicksort-fulldup.c:25
#3  0x0000555555555178 in qsort_parallel._omp_fn.1 () at quicksort-fulldup.c:26
#4  0x00007ffff7bb733d in GOMP_taskwait () from /usr/lib/x86_64-linux-gnu/libgomp.so.1
#5  0x0000555555554d5f in qsort_parallel (a=0x7ffff6090010, l=2364856, r=2364859) at quicksort-fulldup.c:27
#6  0x0000555555555134 in qsort_parallel._omp_fn.0 () at quicksort-fulldup.c:24
#7  0x00007ffff7bb733d in GOMP_taskwait () from /usr/lib/x86_64-linux-gnu/libgomp.so.1
#8  0x0000555555554d5f in qsort_parallel (a=0x7ffff6090010, l=2364856, r=2364862) at quicksort-fulldup.c:27
#9  0x0000555555555178 in qsort_parallel._omp_fn.1 () at quicksort-fulldup.c:26
#10 0x00007ffff7bb733d in GOMP_taskwait () from /usr/lib/x86_64-linux-gnu/libgomp.so.1
#11 0x0000555555554d5f in qsort_parallel (a=0x7ffff6090010, l=2364854, r=2364862) at quicksort-fulldup.c:27
#12 0x0000555555555134 in qsort_parallel._omp_fn.0 () at quicksort-fulldup.c:24
#13 0x00007ffff7bb733d in GOMP_taskwait () from /usr/lib/x86_64-linux-gnu/libgomp.so.1
#14 0x0000555555554d5f in qsort_parallel (a=0x7ffff6090010, l=2364854, r=2364869) at quicksort-fulldup.c:27
#15 0x0000555555555134 in qsort_parallel._omp_fn.0 () at quicksort-fulldup.c:24
#16 0x00007ffff7bb733d in GOMP_taskwait () from /usr/lib/x86_64-linux-gnu/libgomp.so.1
#17 0x0000555555554d5f in qsort_parallel (a=0x7ffff6090010, l=2364854, r=2364882) at quicksort-fulldup.c:27
#18 0x0000555555555134 in qsort_parallel._omp_fn.0 () at quicksort-fulldup.c:24
#19 0x00007ffff7bb733d in GOMP_taskwait () from /usr/lib/x86_64-linux-gnu/libgomp.so.1
#20 0x0000555555554d5f in qsort_parallel (a=0x7ffff6090010, l=2364854, r=2364892) at quicksort-fulldup.c:27
#21 0x0000555555555134 in qsort_parallel._omp_fn.0 () at quicksort-fulldup.c:24
#22 0x00007ffff7bb733d in GOMP_taskwait () from /usr/lib/x86_64-linux-gnu/libgomp.so.1
#23 0x0000555555554d5f in qsort_parallel (a=0x7ffff6090010, l=2364854, r=2364893) at quicksort-fulldup.c:27
#24 0x0000555555555134 in qsort_parallel._omp_fn.0 () at quicksort-fulldup.c:24
#25 0x00007ffff7bb733d in GOMP_taskwait () from /usr/lib/x86_64-linux-gnu/libgomp.so.1
#26 0x0000555555554d5f in qsort_parallel (a=0x7ffff6090010, l=2364854, r=2364937) at quicksort-fulldup.c:27
#27 0x0000555555555178 in qsort_parallel._omp_fn.1 () at quicksort-fulldup.c:26
#28 0x00007ffff7bb733d in GOMP_taskwait () from /usr/lib/x86_64-linux-gnu/libgomp.so.1
#29 0x0000555555554d5f in qsort_parallel (a=0x7ffff6090010, l=2364829, r=2364937) at quicksort-fulldup.c:27
#30 0x0000555555555134 in qsort_parallel._omp_fn.0 () at quicksort-fulldup.c:24
#31 0x00007ffff7bb733d in GOMP_taskwait () from /usr/lib/x86_64-linux-gnu/libgomp.so.1
#32 0x0000555555554d5f in qsort_parallel (a=0x7ffff6090010, l=2364829, r=2365157) at quicksort-fulldup.c:27
#33 0x0000555555555178 in qsort_parallel._omp_fn.1 () at quicksort-fulldup.c:26
#34 0x00007ffff7bb733d in GOMP_taskwait () from /usr/lib/x86_64-linux-gnu/libgomp.so.1
#35 0x0000555555554d5f in qsort_parallel (a=0x7ffff6090010, l=2364809, r=2365157) at quicksort-fulldup.c:27
#36 0x0000555555555178 in qsort_parallel._omp_fn.1 () at quicksort-fulldup.c:26
#37 0x00007ffff7bb733d in GOMP_taskwait () from /usr/lib/x86_64-linux-gnu/libgomp.so.1
#38 0x0000555555554d5f in qsort_parallel (a=0x7ffff6090010, l=2364744, r=2365157) at quicksort-fulldup.c:27
#39 0x0000555555555134 in qsort_parallel._omp_fn.0 () at quicksort-fulldup.c:24
#40 0x00007ffff7bb733d in GOMP_taskwait () from /usr/lib/x86_64-linux-gnu/libgomp.so.1
#41 0x0000555555554d5f in qsort_parallel (a=0x7ffff6090010, l=2364744, r=2365310) at quicksort-fulldup.c:27
#42 0x0000555555555134 in qsort_parallel._omp_fn.0 () at quicksort-fulldup.c:24
#43 0x00007ffff7bb733d in GOMP_taskwait () from /usr/lib/x86_64-linux-gnu/libgomp.so.1
#44 0x0000555555554d5f in qsort_parallel (a=0x7ffff6090010, l=2364744, r=2365461) at quicksort-fulldup.c:27
#45 0x0000555555555178 in qsort_parallel._omp_fn.1 () at quicksort-fulldup.c:26
#46 0x00007ffff7bb733d in GOMP_taskwait () from /usr/lib/x86_64-linux-gnu/libgomp.so.1
#47 0x0000555555554d5f in qsort_parallel (a=0x7ffff6090010, l=2364570, r=2365461) at quicksort-fulldup.c:27
#48 0x0000555555555178 in qsort_parallel._omp_fn.1 () at quicksort-fulldup.c:26
#49 0x00007ffff7bb733d in GOMP_taskwait () from /usr/lib/x86_64-linux-gnu/libgomp.so.1
#50 0x0000555555554d5f in qsort_parallel (a=0x7ffff6090010, l=2364494, r=2365461) at quicksort-fulldup.c:27
#51 0x0000555555555134 in qsort_parallel._omp_fn.0 () at quicksort-fulldup.c:24
#52 0x00007ffff7bb733d in GOMP_taskwait () from /usr/lib/x86_64-linux-gnu/libgomp.so.1
#53 0x0000555555554d5f in qsort_parallel (a=0x7ffff6090010, l=2364494, r=2365587) at quicksort-fulldup.c:27
#54 0x0000555555555178 in qsort_parallel._omp_fn.1 () at quicksort-fulldup.c:26
#55 0x00007ffff7bb733d in GOMP_taskwait () from /usr/lib/x86_64-linux-gnu/libgomp.so.1
#56 0x0000555555554d5f in qsort_parallel (a=0x7ffff6090010, l=2364225, r=2365587) at quicksort-fulldup.c:27
#57 0x0000555555555134 in qsort_parallel._omp_fn.0 () at quicksort-fulldup.c:24
#58 0x00007ffff7bb733d in GOMP_taskwait () from /usr/lib/x86_64-linux-gnu/libgomp.so.1
#59 0x0000555555554d5f in qsort_parallel (a=0x7ffff6090010, l=2364225, r=2366914) at quicksort-fulldup.c:27
#60 0x0000555555555134 in qsort_parallel._omp_fn.0 () at quicksort-fulldup.c:24
#61 0x00007ffff7bb733d in GOMP_taskwait () from /usr/lib/x86_64-linux-gnu/libgomp.so.1
#62 0x0000555555554d5f in qsort_parallel (a=0x7ffff6090010, l=2364225, r=2371753) at quicksort-fulldup.c:27
#63 0x0000555555555178 in qsort_parallel._omp_fn.1 () at quicksort-fulldup.c:26
#64 0x00007ffff7bb733d in GOMP_taskwait () from /usr/lib/x86_64-linux-gnu/libgomp.so.1
#65 0x0000555555554d5f in qsort_parallel (a=0x7ffff6090010, l=2361752, r=2371753) at quicksort-fulldup.c:27
#66 0x0000555555555178 in qsort_parallel._omp_fn.1 () at quicksort-fulldup.c:26
#67 0x00007ffff7bb733d in GOMP_taskwait () from /usr/lib/x86_64-linux-gnu/libgomp.so.1
#68 0x0000555555554d5f in qsort_parallel (a=0x7ffff6090010, l=2360959, r=2371753) at quicksort-fulldup.c:27
#69 0x0000555555555178 in qsort_parallel._omp_fn.1 () at quicksort-fulldup.c:26
#70 0x00007ffff7bb733d in GOMP_taskwait () from /usr/lib/x86_64-linux-gnu/libgomp.so.1
#71 0x0000555555554d5f in qsort_parallel (a=0x7ffff6090010, l=2351918, r=2371753) at quicksort-fulldup.c:27
#72 0x0000555555555178 in qsort_parallel._omp_fn.1 () at quicksort-fulldup.c:26
#73 0x00007ffff7bb733d in GOMP_taskwait () from /usr/lib/x86_64-linux-gnu/libgomp.so.1
#74 0x0000555555554d5f in qsort_parallel (a=0x7ffff6090010, l=2345826, r=2371753) at quicksort-fulldup.c:27
#75 0x0000555555555134 in qsort_parallel._omp_fn.0 () at quicksort-fulldup.c:24
#76 0x00007ffff7bb733d in GOMP_taskwait () from /usr/lib/x86_64-linux-gnu/libgomp.so.1
#77 0x0000555555554d5f in qsort_parallel (a=0x7ffff6090010, l=2345826, r=2371847) at quicksort-fulldup.c:27
#78 0x0000555555555134 in qsort_parallel._omp_fn.0 () at quicksort-fulldup.c:24
#79 0x00007ffff7bb733d in GOMP_taskwait () from /usr/lib/x86_64-linux-gnu/libgomp.so.1
#80 0x0000555555554d5f in qsort_parallel (a=0x7ffff6090010, l=2345826, r=2390667) at quicksort-fulldup.c:27
#81 0x0000555555555178 in qsort_parallel._omp_fn.1 () at quicksort-fulldup.c:26
#82 0x00007ffff7bb733d in GOMP_taskwait () from /usr/lib/x86_64-linux-gnu/libgomp.so.1
#83 0x0000555555554d5f in qsort_parallel (a=0x7ffff6090010, l=2338399, r=2390667) at quicksort-fulldup.c:27
#84 0x0000555555555178 in qsort_parallel._omp_fn.1 () at quicksort-fulldup.c:26
#85 0x00007ffff7bb733d in GOMP_taskwait () from /usr/lib/x86_64-linux-gnu/libgomp.so.1
#86 0x0000555555554d5f in qsort_parallel (a=0x7ffff6090010, l=2319843, r=2390667) at quicksort-fulldup.c:27
#87 0x0000555555555178 in qsort_parallel._omp_fn.1 () at quicksort-fulldup.c:26
#88 0x00007ffff7bb733d in GOMP_taskwait () from /usr/lib/x86_64-linux-gnu/libgomp.so.1
#89 0x0000555555554d5f in qsort_parallel (a=0x7ffff6090010, l=2217045, r=2390667) at quicksort-fulldup.c:27
#90 0x0000555555555134 in qsort_parallel._omp_fn.0 () at quicksort-fulldup.c:24
#91 0x00007ffff7bb733d in GOMP_taskwait () from /usr/lib/x86_64-linux-gnu/libgomp.so.1
#92 0x0000555555554d5f in qsort_parallel (a=0x7ffff6090010, l=2217045, r=2485406) at quicksort-fulldup.c:27
#93 0x0000555555555134 in qsort_parallel._omp_fn.0 () at quicksort-fulldup.c:24
#94 0x00007ffff7bb733d in GOMP_taskwait () from /usr/lib/x86_64-linux-gnu/libgomp.so.1
#95 0x0000555555554d5f in qsort_parallel (a=0x7ffff6090010, l=2217045, r=2531932) at quicksort-fulldup.c:27
#96 0x0000555555555178 in qsort_parallel._omp_fn.1 () at quicksort-fulldup.c:26
#97 0x00007ffff7bb733d in GOMP_taskwait () from /usr/lib/x86_64-linux-gnu/libgomp.so.1
#98 0x0000555555554d5f in qsort_parallel (a=0x7ffff6090010, l=0, r=2531932) at quicksort-fulldup.c:27
#99 0x0000555555555134 in qsort_parallel._omp_fn.0 () at quicksort-fulldup.c:24
#100 0x00007ffff7bb679a in ?? () from /usr/lib/x86_64-linux-gnu/libgomp.so.1
#101 0x00007ffff7bbf58c in ?? () from /usr/lib/x86_64-linux-gnu/libgomp.so.1
#102 0x00007ffff7bbe1f9 in ?? () from /usr/lib/x86_64-linux-gnu/libgomp.so.1
#103 0x0000555555554e5f in quick_wrapper (size=5000000, inputFile=0x7fffffffe1fe "/tmp/quicksort-fulldup/inputsort_134217728") at quicksort-fulldup.c:47
#104 0x0000555555555083 in main (argc=6, argv=0x7fffffffde18) at quicksort-fulldup.c:100

72	                fprintf(fp, "[%d]: %u %u\n",i,data1[i],data2[i]);
73	                fclose(fp);
74	            }
75	
76	        }
77	    }
78	}
79	
80	int main(int argc, char** argv)
81	{

Backtrace END
Fliping a bit of the value pointed by a pointer
Memory content before bitflip:0x050xef0xf70x00
Fault Model: Random bit-flip
base address to flip value: 0x7ffff6090010
address max offset: 4
Memory content after  bitflip:0x0d0xf10x700x95
frame name: qsort_parallel
symbol name: a
symbol filename: quicksort-fulldup.c
symbol line: 10
value: 0x7ffff6090010
value address: 0x7fffffffcd28
Type: The type is a pointer.
Type sizeof: 8

[INFO -- 2018-11-24 22:14:45]
Fault Injection Successful after 1.254150390625s
[INFO -- 2018-11-24 22:14:51]
event type: exit
[INFO -- 2018-11-24 22:14:51]
exit code: 0
