[INFO -- 2018-12-08 09:50:52]
Starting flip_value script
version: 1.1
[INFO -- 2018-12-08 09:50:52]
Initialization strings:
[INFO -- 2018-12-08 09:50:52]
(1) file /tmp/knapsack/sa
[INFO -- 2018-12-08 09:50:52]
initSignal:0
[INFO -- 2018-12-08 09:50:52]
endSignal:9
[INFO -- 2018-12-08 09:50:52]
faultModel:2
[EXCEPTION -- 2018-12-08 09:50:54]
pythonException: empty range for randrange() (0,0, 0)
[INFO -- 2018-12-08 09:50:55]
Backtrace BEGIN:
#0  0x0000555555555861 in std::vector<int, std::allocator<int> >::operator[] (this=0x555555759060 <val2>, __n=60) at /usr/include/c++/7/bits/stl_vector.h:798
#1  0x00005555555551dd in cost (solution=std::vector of length 200, capacity 200 = {...}) at knapsacksa.cpp:63
#2  0x000055555555534c in simulated_annealing () at knapsacksa.cpp:92
#3  0x0000555555555658 in main () at knapsacksa.cpp:146

793	       */
794	      reference
795	      operator[](size_type __n) _GLIBCXX_NOEXCEPT
796	      {
797		__glibcxx_requires_subscript(__n);
798		return *(this->_M_impl._M_start + __n);
799	      }
800	
801	      /**
802	       *  @brief  Subscript access to the data contained in the %vector.

Backtrace END
Fliping value of field: std::_Vector_base<int, std::allocator<int> >
Fliping value of field: _M_impl
Fliping value of field: _M_end_of_storage
Fliping a bit of the pointer
Memory content before bitflip:0xe00x2a0x770x550x550x550x000x00
Fault Model: Random bit-flip
base address to flip value: 0x7fffffffd750
address max offset: 8
Memory content after  bitflip:0x2d0x4a0x530x370x3c0x210x9b0xb1
frame name: simulated_annealing
symbol name: s
symbol filename: knapsacksa.cpp
symbol line: 89
value: std::vector of length 200, capacity -1412244647522662244 = {1, 0, 0, 1, 0, 0, 1, 0, 1, 0, 0, 0, 0, 1, 0, 1, 0, 0, 1, 0, 1, 0, 1, 1, 0, 0, 1, 1, 0, 0, 1, 1, 1, 1, 0, 0, 0, 1, 0, 1, 0, 0, 0, 1, 0, 1, 1, 1, 1, 1, 1, 1, 0, 1, 1, 1, 1, 0, 1, 1, 0, 0, 1, 1, 1, 1, 1, 0, 0, 0, 0, 0, 0, 0, 0, 0, 0, 0, 0, 0, 0, 1, 1, 0, 0, 0, 0, 1, 0, 1, 1, 1, 1, 0, 1, 1, 0, 0, 1, 1, 1, 0, 0, 0, 0, 0, 0, 1, 1, 1, 0, 0, 1, 0, 1, 1, 1, 0, 1, 1, 1, 0, 1, 0, 1, 1, 1, 0, 0, 1, 1, 1, 1, 0, 1, 1, 1, 0, 0, 1, 1, 1, 1, 1, 0, 1, 0, 1, 1, 0, 1, 1, 0, 1, 0, 1, 0, 0, 0, 1, 1, 0, 0, 0, 0, 0, 1, 1, 1, 0, 1, 0, 0, 1, 1, 0, 1, 0, 1, 1, 0, 1, 0, 1, 1, 1, 0, 1, 0, 1, 0, 1, 0, 1, 0, 0, 1, 1, 0, 1...}
value address: 0x7fffffffd740
Type: The type is a structure.
Type sizeof: 24
Field name: std::_Vector_base<int, std::allocator<int> >
Field Type: The type is a structure.
Field Type sizeof: 24

[INFO -- 2018-12-08 09:50:55]
Fault Injection Successful after 3.064117908477783s
[INFO -- 2018-12-08 09:51:03]
event type: exit
[INFO -- 2018-12-08 09:51:03]
exit code: 0
