[INFO -- 2018-12-01 08:41:13]
Starting flip_value script
version: 1.1
[INFO -- 2018-12-01 08:41:13]
Initialization strings:
[INFO -- 2018-12-01 08:41:13]
(1) file /tmp/knapsack/ga
[INFO -- 2018-12-01 08:41:13]
initSignal:0
[INFO -- 2018-12-01 08:41:13]
endSignal:13
[INFO -- 2018-12-01 08:41:13]
faultModel:2
[INFO -- 2018-12-01 08:41:16]
Backtrace BEGIN:
#0  std::vector<int, std::allocator<int> >::operator[] (this=0x7fffffffd800, __n=9) at /usr/include/c++/7/bits/stl_vector.h:799
#1  0x00005555555552d4 in crossover (pai=std::vector of length 200, capacity 200 = {...}, mae=std::vector of length 200, capacity 200 = {...}, filho1=std::vector of length 200, capacity 200 = {...}, filho2=std::vector of length 200, capacity 200 = {...}) at knapsackga.cpp:79
#2  0x00005555555555c7 in genetic_algorithm () at knapsackga.cpp:104
#3  0x0000555555555a9b in main () at knapsackga.cpp:141

794	      reference
795	      operator[](size_type __n) _GLIBCXX_NOEXCEPT
796	      {
797		__glibcxx_requires_subscript(__n);
798		return *(this->_M_impl._M_start + __n);
799	      }
800	
801	      /**
802	       *  @brief  Subscript access to the data contained in the %vector.
803	       *  @param __n The index of the element for which data should be

Backtrace END
Memory content before bitflip:0x090x000x000x000x000x000x000x00
Fault Model: Random bit-flip
base address to flip value: 0x7fffffffd7b0
address max offset: 8
Memory content after  bitflip:0x840x350xe40xf00xf80xa00xb80x19
frame name: std::vector<int, std::allocator<int> >::operator[]
symbol name: __n
symbol filename: /usr/include/c++/7/bits/stl_vector.h
symbol line: 795
value: 1853408237716780420
value address: 0x7fffffffd7b0
Type: The type is an integer type.
Type sizeof: 8

[INFO -- 2018-12-01 08:41:16]
Fault Injection Successful after 3.630727529525757s
[INFO -- 2018-12-01 08:41:25]
event type: exit
[INFO -- 2018-12-01 08:41:25]
exit code: 0
