[INFO -- 2018-09-23 16:43:00]
Starting flip_value script
version: 1.1
[INFO -- 2018-09-23 16:43:00]
Initialization strings:
[INFO -- 2018-09-23 16:43:00]
(1) file /tmp/knapsack/sa
[INFO -- 2018-09-23 16:43:00]
initSignal:0
[INFO -- 2018-09-23 16:43:00]
endSignal:2
[INFO -- 2018-09-23 16:43:00]
faultModel:0
[INFO -- 2018-09-23 16:43:02]
Backtrace BEGIN:
#0  0x000055555555650a in __gnu_cxx::__normal_iterator<int const*, std::vector<int, std::allocator<int> > >::__normal_iterator (this=0x7fffffffda30, __i=<error reading variable>) at /usr/include/c++/7/bits/stl_iterator.h:779
#1  0x0000555555555d72 in std::vector<int, std::allocator<int> >::end (this=0x7fffffffda10) at /usr/include/c++/7/bits/stl_vector.h:591
#2  0x0000555555555693 in std::vector<int, std::allocator<int> >::vector (this=0x7fffffffda30, __x=std::vector of length 200, capacity 200 = {...}) at /usr/include/c++/7/bits/stl_vector.h:331
#3  0x00005555555550ca in simulated_annealing () at knapsacksa.cpp:47
#4  0x000055555555535e in main () at knapsacksa.cpp:84

774	
775	      _GLIBCXX_CONSTEXPR __normal_iterator() _GLIBCXX_NOEXCEPT
776	      : _M_current(_Iterator()) { }
777	
778	      explicit
779	      __normal_iterator(const _Iterator& __i) _GLIBCXX_NOEXCEPT
780	      : _M_current(__i) { }
781	
782	      // Allow iterator to const_iterator conversion
783	      template<typename _Iter>

Backtrace END
Memory content before bitflip:0x8c0x710x070x00
Fault Model: Single bit-flip
base address to flip value: 0x7fffffffda04
address max offset: 4
Memory content after  bitflip:0x8c0x710x050x00
frame name: simulated_annealing
symbol name: t
symbol filename: knapsacksa.cpp
symbol line: 46
value: 356748
value address: 0x7fffffffda04
Type: The type is an integer type.
Type sizeof: 4

[INFO -- 2018-09-23 16:43:02]
Fault Injection Successful after 2.383866548538208s
[INFO -- 2018-09-23 16:43:03]
event type: exit
[INFO -- 2018-09-23 16:43:03]
exit code: 0
