[INFO -- 2018-12-09 02:28:01]
Starting flip_value script
version: 1.1
[INFO -- 2018-12-09 02:28:01]
Initialization strings:
[INFO -- 2018-12-09 02:28:01]
(1) file /tmp/knapsack/ga
[INFO -- 2018-12-09 02:28:01]
initSignal:1
[INFO -- 2018-12-09 02:28:01]
endSignal:8
[INFO -- 2018-12-09 02:28:01]
faultModel:4
[INFO -- 2018-12-09 02:28:04]
Backtrace BEGIN:
#0  0x00005555555585b7 in std::allocator<int>::allocator (this=0x7fffffffd7cf, __a=...) at /usr/include/c++/7/bits/allocator.h:134
#1  0x0000555555558ca8 in std::_Vector_base<int, std::allocator<int> >::get_allocator (this=0x7fffffffd8e0) at /usr/include/c++/7/bits/stl_vector.h:124
#2  0x00005555555576e7 in std::vector<int, std::allocator<int> >::_M_move_assign (this=0x7fffffffd8e0, __x=...) at /usr/include/c++/7/bits/stl_vector.h:1531
#3  0x000055555555673d in std::vector<int, std::allocator<int> >::operator= (this=0x7fffffffd8e0, __x=...) at /usr/include/c++/7/bits/stl_vector.h:466
#4  0x00005555555556a7 in genetic_algorithm () at knapsackga.cpp:129
#5  0x0000555555555b6c in main () at knapsackga.cpp:165

129	#endif
130	
131	      allocator() throw() { }
132	
133	      allocator(const allocator& __a) throw()
134	      : __allocator_base<_Tp>(__a) { }
135	
136	      template<typename _Tp1>
137		allocator(const allocator<_Tp1>&) throw() { }
138	

Backtrace END
Fliping a bit of the pointer
Memory content before bitflip:0xe00xd80xff0xff0xff0x7f0x000x00
Fault Model: LSB bit-flip
base address to flip value: 0x7fffffffd790
address max offset: 8
Memory content after  bitflip:0xe00xd80xff0xff0xff0x7f0x000x04
frame name: std::_Vector_base<int, std::allocator<int> >::get_allocator
symbol name: this
symbol filename: knapsackga.cpp
symbol line: 0
value: 0x7fffffffd8e0
value address: 0x7fffffffd790
Type: The type is a pointer.
Type sizeof: 8

[INFO -- 2018-12-09 02:28:04]
Fault Injection Successful after 3.631446361541748s
[INFO -- 2018-12-09 02:28:09]
event type: exit
[INFO -- 2018-12-09 02:28:09]
exit code: 0
