[INFO -- 2018-09-23 20:49:40]
Starting flip_value script
version: 1.1
[INFO -- 2018-09-23 20:49:40]
Initialization strings:
[INFO -- 2018-09-23 20:49:40]
(1) file /tmp/knapsack/sa
[INFO -- 2018-09-23 20:49:40]
initSignal:0
[INFO -- 2018-09-23 20:49:40]
endSignal:2
[INFO -- 2018-09-23 20:49:40]
faultModel:1
[INFO -- 2018-09-23 20:49:41]
Backtrace BEGIN:
#0  std::vector<int, std::allocator<int> >::~vector (this=0x7fffffffda00, __in_chrg=<optimized out>) at /usr/include/c++/7/bits/stl_vector.h:435
#1  0x00005555555551cb in simulated_annealing () at knapsacksa.cpp:47
#2  0x000055555555535e in main () at knapsacksa.cpp:84

430	       *  not touched in any way.  Managing the pointer is the user's
431	       *  responsibility.
432	       */
433	      ~vector() _GLIBCXX_NOEXCEPT
434	      { std::_Destroy(this->_M_impl._M_start, this->_M_impl._M_finish,
435			      _M_get_Tp_allocator()); }
436	
437	      /**
438	       *  @brief  %Vector assignment operator.
439	       *  @param  __x  A %vector of identical element and allocator types.

Backtrace END
Memory content before bitflip:0x310xfb0x080x00
Fault Model: Double bit-flip
base address to flip value: 0x55555575906c 
address max offset: 4
Memory content after  bitflip:0x310xfb0x8c0x00
frame name: main
symbol name: W
symbol filename: knapsacksa.cpp
symbol line: 15
value: 9239345
value address: 0x55555575906c <W>
Type: The type is an integer type.
Type sizeof: 4

[INFO -- 2018-09-23 20:49:41]
Fault Injection Successful after 1.1155035495758057s
[INFO -- 2018-09-23 20:49:42]
event type: exit
[INFO -- 2018-09-23 20:49:42]
exit code: 0
