[INFO -- 2018-09-25 06:47:25]
Starting flip_value script
version: 1.1
[INFO -- 2018-09-25 06:47:25]
Initialization strings:
[INFO -- 2018-09-25 06:47:25]
(1) file /tmp/knapsack/ga
[INFO -- 2018-09-25 06:47:25]
initSignal:1
[INFO -- 2018-09-25 06:47:25]
endSignal:3.5
[INFO -- 2018-09-25 06:47:25]
faultModel:4
[INFO -- 2018-09-25 06:47:26]
Backtrace BEGIN:
#0  0x0000555555557126 in std::vector<int, std::allocator<int> >::_M_allocate_and_copy<__gnu_cxx::__normal_iterator<int const*, std::vector<int, std::allocator<int> > > > (this=0x7fffffffd970, __n=200, __first=0, __last=816) at /usr/include/c++/7/bits/stl_vector.h:1260
#1  0x000055555555617b in std::vector<int, std::allocator<int> >::operator= (this=0x7fffffffd970, __x=std::vector of length 200, capacity 200 = {...}) at /usr/include/c++/7/bits/vector.tcc:206
#2  0x000055555555517d in crossover (pai=std::vector of length 200, capacity 200 = {...}, mae=std::vector of length 200, capacity 200 = {...}, filho1=std::vector of length 200, capacity 200 = {...}, filho2=std::vector of length 0, capacity 0) at knapsackga.cpp:77
#3  0x000055555555548d in genetic_algorithm () at knapsackga.cpp:104
#4  0x00005555555558d7 in main () at knapsackga.cpp:137

1255	      template<typename _ForwardIterator>
1256		pointer
1257		_M_allocate_and_copy(size_type __n,
1258				     _ForwardIterator __first, _ForwardIterator __last)
1259		{
1260		  pointer __result = this->_M_allocate(__n);
1261		  __try
1262		    {
1263		      std::__uninitialized_copy_a(__first, __last, __result,
1264						  _M_get_Tp_allocator());

Backtrace END
Fliping a bit of the value pointed by a pointer
Memory content before bitflip:0x000x000x000x00
Fault Model: LSB bit-flip
base address to flip value: 0x555555782190
address max offset: 4
Memory content after  bitflip:0x000x000x000x80
frame name: std::vector<int, std::allocator<int> >::_M_allocate_and_copy<__gnu_cxx::__normal_iterator<int const*, std::vector<int, std::allocator<int> > > >
symbol name: __result
symbol filename: /usr/include/c++/7/bits/stl_vector.h
symbol line: 1260
value: 0x555555782190
value address: 0x7fffffffd7c8
Type: The type is a pointer.
Type sizeof: 8

[INFO -- 2018-09-25 06:47:26]
Fault Injection Successful after 1.843470573425293s
[INFO -- 2018-09-25 06:47:29]
event type: exit
[INFO -- 2018-09-25 06:47:29]
exit code: 0
