[INFO -- 2018-09-24 19:53:57]
Starting flip_value script
version: 1.1
[INFO -- 2018-09-24 19:53:57]
Initialization strings:
[INFO -- 2018-09-24 19:53:57]
(1) file /tmp/knapsack/ga
[INFO -- 2018-09-24 19:53:57]
initSignal:1
[INFO -- 2018-09-24 19:53:57]
endSignal:3.5
[INFO -- 2018-09-24 19:53:57]
faultModel:3
[INFO -- 2018-09-24 19:53:58]
Backtrace BEGIN:
#0  std::vector<chromossome, std::allocator<chromossome> >::_M_realloc_insert<chromossome const&> (this=0x7fffffffd8f0, __position={solution = std::vector of length 36, capacity 0 = {<error reading variable>, __args#0=...) at /usr/include/c++/7/bits/vector.tcc:450
#1  0x0000555555555d28 in std::vector<chromossome, std::allocator<chromossome> >::push_back (this=0x7fffffffd8f0, __x=...) at /usr/include/c++/7/bits/stl_vector.h:948
#2  0x00005555555554e7 in genetic_algorithm () at knapsackga.cpp:106
#3  0x00005555555558d7 in main () at knapsackga.cpp:137

445		}
446	      std::_Destroy(this->_M_impl._M_start, this->_M_impl._M_finish,
447			    _M_get_Tp_allocator());
448	      _M_deallocate(this->_M_impl._M_start,
449			    this->_M_impl._M_end_of_storage
450			    - this->_M_impl._M_start);
451	      this->_M_impl._M_start = __new_start;
452	      this->_M_impl._M_finish = __new_finish;
453	      this->_M_impl._M_end_of_storage = __new_start + __len;
454	    }

Backtrace END
Fliping a bit of the value pointed by a pointer
Fliping value of field: std::_Vector_base<chromossome, std::allocator<chromossome> >
Fliping value of field: _M_impl
Fliping value of field: _M_finish
Fliping a bit of the value pointed by a pointer
Fliping value of field: fitness
Memory content before bitflip:0x800x540x780x55
Fault Model: Zero bit-flip
base address to flip value: 0x555555776458
address max offset: 4
Memory content after  bitflip:0x000x000x000x00
frame name: std::vector<chromossome, std::allocator<chromossome> >::push_back
symbol name: this
symbol filename: knapsackga.cpp
symbol line: 0
value: 0x7fffffffd8f0
value address: 0x7fffffffd898
Type: The type is a pointer.
Type sizeof: 8

[INFO -- 2018-09-24 19:53:58]
Fault Injection Successful after 1.459254264831543s
[INFO -- 2018-09-24 19:54:01]
event type: exit
[INFO -- 2018-09-24 19:54:01]
exit code: 0
