[INFO -- 2018-11-30 09:51:27]
Starting flip_value script
version: 1.1
[INFO -- 2018-11-30 09:51:27]
Initialization strings:
[INFO -- 2018-11-30 09:51:27]
(1) file /tmp/knapsack/sa
[INFO -- 2018-11-30 09:51:27]
initSignal:0
[INFO -- 2018-11-30 09:51:27]
endSignal:7
[INFO -- 2018-11-30 09:51:27]
faultModel:0
[INFO -- 2018-11-30 09:51:27]
Backtrace BEGIN:
#0  0x0000555555555110 in cost (solution=std::vector of length 200, capacity 200 = {...}) at knapsacksa.cpp:29
#1  0x0000555555555259 in simulated_annealing () at knapsacksa.cpp:52
#2  0x0000555555555522 in main () at knapsacksa.cpp:85

24	
25	int cost(vector<int> &solution){
26	    int peso=0, valor=0;
27	    for(int i=0; i < n; i++){
28	       peso += solution[i] * wt[i];
29	       valor += solution[i] * val[i];
30	    }
31	    if(peso > W)
32	       return 99999999;
33	    else

Backtrace END
Memory content before bitflip:0xbc0x0c0xaa0xf7
Fault Model: Single bit-flip
base address to flip value: 0x7fffffffd9d8
address max offset: 4
Memory content after  bitflip:0xb40x0c0xaa0xf7
frame name: main
symbol name: result1
symbol filename: knapsacksa.cpp
symbol line: 85
value: -139850572
value address: 0x7fffffffd9d8
Type: The type is an integer type.
Type sizeof: 4

[INFO -- 2018-11-30 09:51:27]
Fault Injection Successful after 0.5131864547729492s
[INFO -- 2018-11-30 09:51:34]
event type: exit
[INFO -- 2018-11-30 09:51:34]
exit code: 0
