[INFO -- 2018-12-01 10:30:03]
Starting flip_value script
version: 1.1
[INFO -- 2018-12-01 10:30:03]
Initialization strings:
[INFO -- 2018-12-01 10:30:03]
(1) file /tmp/knapsack/mf
[INFO -- 2018-12-01 10:30:03]
initSignal:0
[INFO -- 2018-12-01 10:30:03]
endSignal:12
[INFO -- 2018-12-01 10:30:03]
faultModel:1
[EXCEPTION -- 2018-12-01 10:30:03]
gdbException: Cannot access memory at address 0x55554776e2e0
[EXCEPTION -- 2018-12-01 10:30:04]
pythonException: empty range for randrange() (0,0, 0)
[EXCEPTION -- 2018-12-01 10:30:04]
pythonException: Unable to exit loop in struct fields; Exiting wihtout making a bit flip
[EXCEPTION -- 2018-12-01 10:30:04]
gdbException: Cannot access memory at address 0x55774776e2e0
[INFO -- 2018-12-01 10:30:04]
event type: exit
[EXCEPTION -- 2018-12-01 10:30:04]
exit code: no exit code available
