[INFO -- 2018-09-23 14:58:33]
Starting flip_value script
version: 1.1
[INFO -- 2018-09-23 14:58:33]
Initialization strings:
[INFO -- 2018-09-23 14:58:33]
(1) file /tmp/knapsack/sa
[INFO -- 2018-09-23 14:58:33]
initSignal:0
[INFO -- 2018-09-23 14:58:33]
endSignal:2
[INFO -- 2018-09-23 14:58:33]
faultModel:0
[INFO -- 2018-09-23 14:58:33]
Backtrace BEGIN:
#0  0x0000555555554f97 in cost (solution=std::vector of length 200, capacity 200 = {...}) at knapsacksa.cpp:28
#1  0x000055555555511f in simulated_annealing () at knapsacksa.cpp:50
#2  0x000055555555535e in main () at knapsacksa.cpp:84

23	}
24	
25	int cost(vector<int> &solution){
26	    int peso=0, valor=0;
27	    for(int i=0; i < n; i++){
28	       peso += solution[i] * wt[i];
29	       valor += solution[i] * val[i];
30	    }
31	    if(peso > W)
32	       return 99999999;

Backtrace END
Memory content before bitflip:0x310xfb0x080x00
Fault Model: Single bit-flip
base address to flip value: 0x55555575906c 
address max offset: 4
Memory content after  bitflip:0x310xfb0x090x00
frame name: simulated_annealing
symbol name: W
symbol filename: knapsacksa.cpp
symbol line: 15
value: 654129
value address: 0x55555575906c <W>
Type: The type is an integer type.
Type sizeof: 4

[INFO -- 2018-09-23 14:58:33]
Fault Injection Successful after 0.563427209854126s
[INFO -- 2018-09-23 14:58:35]
event type: exit
[INFO -- 2018-09-23 14:58:35]
exit code: 0
