[INFO -- 2018-09-25 20:41:28]
Starting flip_value script
version: 1.1
[INFO -- 2018-09-25 20:41:28]
Initialization strings:
[INFO -- 2018-09-25 20:41:28]
(1) file /tmp/knapsack/ga
[INFO -- 2018-09-25 20:41:28]
initSignal:1
[INFO -- 2018-09-25 20:41:28]
endSignal:3.5
[INFO -- 2018-09-25 20:41:28]
faultModel:1
[INFO -- 2018-09-25 20:41:30]
Backtrace BEGIN:
#0  std::_Vector_base<int, std::allocator<int> >::_M_allocate (this=0x7fffffffd800, __n=200) at /usr/include/c++/5/bits/stl_vector.h:170
#1  0x0000000000402fb0 in std::vector<int, std::allocator<int> >::_M_allocate_and_copy<__gnu_cxx::__normal_iterator<int const*, std::vector<int, std::allocator<int> > > > (this=0x7fffffffd800, __n=200, __first=0, __last=816) at /usr/include/c++/5/bits/stl_vector.h:1224
#2  0x00000000004020b6 in std::vector<int, std::allocator<int> >::operator= (this=0x7fffffffd800, __x=std::vector of length 200, capacity 200 = {...}) at /usr/include/c++/5/bits/vector.tcc:195
#3  0x0000000000401437 in genetic_algorithm () at knapsackga.cpp:105
#4  0x0000000000401844 in main () at knapsackga.cpp:137

165	
166	      pointer
167	      _M_allocate(size_t __n)
168	      {
169		typedef __gnu_cxx::__alloc_traits<_Tp_alloc_type> _Tr;
170		return __n != 0 ? _Tr::allocate(_M_impl, __n) : pointer();
171	      }
172	
173	      void
174	      _M_deallocate(pointer __p, size_t __n)

Backtrace END
Memory content before bitflip:0x690x390xf80xff
Fault Model: Double bit-flip
base address to flip value: 0x7fffffffd6f0
address max offset: 4
Memory content after  bitflip:0xeb0x390xf80xff
frame name: genetic_algorithm
symbol name: best
symbol filename: knapsackga.cpp
symbol line: 92
value: -509461
value address: 0x7fffffffd6f0
Type: The type is an integer type.
Type sizeof: 4

[INFO -- 2018-09-25 20:41:30]
Fault Injection Successful after 2.46736216545105s
[INFO -- 2018-09-25 20:41:36]
event type: exit
[INFO -- 2018-09-25 20:41:36]
exit code: 0
