[INFO -- 2018-12-01 00:31:11]
Starting flip_value script
version: 1.1
[INFO -- 2018-12-01 00:31:11]
Initialization strings:
[INFO -- 2018-12-01 00:31:11]
(1) file /tmp/knapsack/mf
[INFO -- 2018-12-01 00:31:11]
initSignal:0
[INFO -- 2018-12-01 00:31:11]
endSignal:12
[INFO -- 2018-12-01 00:31:11]
faultModel:4
[EXCEPTION -- 2018-12-01 00:31:17]
pythonException: Unable to exit loop in struct fields; Exiting wihtout making a bit flip
[EXCEPTION -- 2018-12-01 00:31:17]
pythonException: Unable to exit loop in struct fields; Exiting wihtout making a bit flip
[EXCEPTION -- 2018-12-01 00:31:20]
pythonException: Unable to exit loop in struct fields; Exiting wihtout making a bit flip
[EXCEPTION -- 2018-12-01 00:31:20]
pythonException: empty range for randrange() (0,0, 0)
[EXCEPTION -- 2018-12-01 00:31:20]
pythonException: Unable to exit loop in struct fields; Exiting wihtout making a bit flip
[INFO -- 2018-12-01 00:31:20]
event type: exit
[EXCEPTION -- 2018-12-01 00:31:20]
exit code: no exit code available
