[INFO -- 2018-12-08 21:42:00]
Starting flip_value script
version: 1.1
[INFO -- 2018-12-08 21:42:00]
Initialization strings:
[INFO -- 2018-12-08 21:42:00]
(1) file /tmp/knapsack/ga
[INFO -- 2018-12-08 21:42:00]
initSignal:1
[INFO -- 2018-12-08 21:42:00]
endSignal:8
[INFO -- 2018-12-08 21:42:00]
faultModel:0
[INFO -- 2018-12-08 21:42:04]
Backtrace BEGIN:
#0  crossover (pai=std::vector of length 200, capacity 200 = {...}, mae=std::vector of length 200, capacity 200 = {...}, filho1=std::vector of length 0, capacity 0, filho2=std::vector of length 0, capacity 0) at knapsackga.cpp:94
#1  0x00005555555556d7 in genetic_algorithm () at knapsackga.cpp:130
#2  0x0000555555555b6c in main () at knapsackga.cpp:165

89	    return tournamentWinner;
90	}
91	
92	void crossover(vector<int> &pai, vector<int> &mae, vector<int> &filho1, vector<int> &filho2){
93	    vector<int> mask(n);
94	    for(int i = 0; i < n; i++){
95	        mask[i] = rand_bit();
96	    }
97	    filho1 = pai;
98	    filho2 = mae;

Backtrace END
Fliping value of field: std::_Vector_base<int, std::allocator<int> >
Fliping value of field: _M_impl
Fliping value of field: _M_end_of_storage
Fliping a bit of the pointer
Memory content before bitflip:0xd00x820x780x550x550x550x000x00
Fault Model: Single bit-flip
base address to flip value: 0x7fffffffd830
address max offset: 8
Memory content after  bitflip:0xd00x820x780x550x550x550x200x00
frame name: crossover
symbol name: mask
symbol filename: knapsackga.cpp
symbol line: 93
value: std::vector of length 200, capacity 2251799813685448 = {0, 1, 0, 1, 1, 1, 0, 0, 0, 0, 1, 1, 1, 1, 0, 1, 1, 0, 1, 0, 0, 0, 0, 1, 1, 0, 0, 0, 1, 1, 0, 1, 1, 0, 0, 0, 1, 0, 1, 0, 0, 0, 1, 0, 1, 0, 1, 1, 0, 1, 1, 0, 1, 1, 1, 1, 1, 0, 1, 0, 1, 0, 1, 0, 0, 0, 1, 0, 0, 0, 0, 1, 0, 1, 1, 1, 1, 0, 0, 0, 1, 1, 0, 1, 0, 0, 0, 1, 0, 1, 1, 1, 1, 1, 0, 0, 1, 1, 0, 1, 1, 0, 0, 1, 1, 1, 0, 1, 0, 1, 1, 1, 0, 1, 0, 1, 1, 0, 0, 1, 0, 0, 1, 0, 0, 0, 0, 0, 0, 0, 0, 0, 0, 0, 0, 0, 0, 0, 0, 0, 0, 0, 0, 0, 0, 0, 0, 0, 0, 0, 0, 0, 0, 0, 0, 0, 0, 0, 0, 0, 0, 0, 0, 0, 0, 0, 0, 0, 0, 0, 0, 0, 0, 0, 0, 0, 0, 0, 0, 0, 0, 0, 0, 0, 0, 0, 0, 0, 0, 0, 0, 0, 0, 0, 0, 0, 0, 0, 0, 0...}
value address: 0x7fffffffd820
Type: The type is a structure.
Type sizeof: 24
Field name: std::_Vector_base<int, std::allocator<int> >
Field Type: The type is a structure.
Field Type sizeof: 24

[INFO -- 2018-12-08 21:42:04]
Fault Injection Successful after 4.073883056640625s
[INFO -- 2018-12-08 21:42:08]
event type: exit
[INFO -- 2018-12-08 21:42:08]
exit code: 0
