[INFO -- 2018-11-30 03:04:15]
Starting flip_value script
version: 1.1
[INFO -- 2018-11-30 03:04:15]
Initialization strings:
[INFO -- 2018-11-30 03:04:15]
(1) file /tmp/knapsack/sa
[INFO -- 2018-11-30 03:04:15]
initSignal:0
[INFO -- 2018-11-30 03:04:15]
endSignal:7
[INFO -- 2018-11-30 03:04:15]
faultModel:1
[EXCEPTION -- 2018-11-30 03:04:16]
pythonException: Unable to exit loop in struct fields; Exiting wihtout making a bit flip
[INFO -- 2018-11-30 03:04:16]
Backtrace BEGIN:
#0  0x00005555555550e0 in cost (solution=std::vector of length 200, capacity 200 = {...}) at knapsacksa.cpp:28
#1  0x0000555555555259 in simulated_annealing () at knapsacksa.cpp:52
#2  0x0000555555555522 in main () at knapsacksa.cpp:85

23	}
24	
25	int cost(vector<int> &solution){
26	    int peso=0, valor=0;
27	    for(int i=0; i < n; i++){
28	       peso += solution[i] * wt[i];
29	       valor += solution[i] * val[i];
30	    }
31	    if(peso > W)
32	       return 99999999;

Backtrace END
Memory content before bitflip:0x9e0xbd0x040x00
Fault Model: Double bit-flip
base address to flip value: 0x7fffffffd914
address max offset: 4
Memory content after  bitflip:0xba0xbd0x040x00
frame name: cost
symbol name: peso
symbol filename: knapsacksa.cpp
symbol line: 26
value: 310714
value address: 0x7fffffffd914
Type: The type is an integer type.
Type sizeof: 4

[INFO -- 2018-11-30 03:04:16]
Fault Injection Successful after 1.5164833068847656s
[INFO -- 2018-11-30 03:04:22]
event type: exit
[INFO -- 2018-11-30 03:04:22]
exit code: 0
