[INFO -- 2018-09-21 20:49:42]
Starting flip_value script
version: 1.1
[INFO -- 2018-09-21 20:49:42]
Initialization strings:
[INFO -- 2018-09-21 20:49:42]
(1) file /tmp/knapsack/dp
[INFO -- 2018-09-21 20:49:42]
initSignal:1
[INFO -- 2018-09-21 20:49:42]
endSignal:3
[INFO -- 2018-09-21 20:49:42]
faultModel:2
[INFO -- 2018-09-21 20:49:44]
Backtrace BEGIN:
#0  0x00005555555555ce in std::vector<std::vector<int, std::allocator<int> >, std::allocator<std::vector<int, std::allocator<int> > > >::operator[] (this=0x7fffffffd980, __n=45) at /usr/include/c++/7/bits/stl_vector.h:798
#1  0x0000555555554fdf in knapSack (W=588593, n=200, val=std::vector of length 200, capacity 256 = {...}, wt=std::vector of length 200, capacity 256 = {...}) at knapsackdp.cpp:23
#2  0x0000555555555375 in main () at knapsackdp.cpp:54

793	       */
794	      reference
795	      operator[](size_type __n) _GLIBCXX_NOEXCEPT
796	      {
797		__glibcxx_requires_subscript(__n);
798		return *(this->_M_impl._M_start + __n);
799	      }
800	
801	      /**
802	       *  @brief  Subscript access to the data contained in the %vector.

Backtrace END
Memory content before bitflip:0x2d0x000x000x000x000x000x000x00
Fault Model: Random bit-flip
base address to flip value: 0x7fffffffd930
address max offset: 8
Memory content after  bitflip:0xf10xfd0xe80xc50x710xdc0xa50x8b
frame name: std::vector<std::vector<int, std::allocator<int> >, std::allocator<std::vector<int, std::allocator<int> > > >::operator[]
symbol name: __n
symbol filename: /usr/include/c++/7/bits/stl_vector.h
symbol line: 795
value: 10062691323639037425
value address: 0x7fffffffd930
Type: The type is an integer type.
Type sizeof: 8

[INFO -- 2018-09-21 20:49:44]
Fault Injection Successful after 2.1553285121917725s
[INFO -- 2018-09-21 20:49:46]
event type: exit
[INFO -- 2018-09-21 20:49:46]
exit code: 0
