[INFO -- 2018-12-08 11:01:49]
Starting flip_value script
version: 1.1
[INFO -- 2018-12-08 11:01:49]
Initialization strings:
[INFO -- 2018-12-08 11:01:49]
(1) file /tmp/knapsack/sa
[INFO -- 2018-12-08 11:01:49]
initSignal:0
[INFO -- 2018-12-08 11:01:49]
endSignal:9
[INFO -- 2018-12-08 11:01:49]
faultModel:1
[INFO -- 2018-12-08 11:01:54]
Backtrace BEGIN:
#0  std::_Vector_base<int, std::allocator<int> >::_M_create_storage (this=0x7fffffffd740, __n=200) at /usr/include/c++/7/bits/stl_vector.h:188
#1  0x0000555555555f13 in std::_Vector_base<int, std::allocator<int> >::_Vector_base (this=0x7fffffffd740, __n=200, __a=...) at /usr/include/c++/7/bits/stl_vector.h:138
#2  0x00005555555559b3 in std::vector<int, std::allocator<int> >::vector (this=0x7fffffffd740, __x=std::vector of length 200, capacity 200 = {...}) at /usr/include/c++/7/bits/stl_vector.h:328
#3  0x00005555555552f7 in simulated_annealing () at knapsacksa.cpp:89
#4  0x0000555555555658 in main () at knapsacksa.cpp:146

183	    private:
184	      void
185	      _M_create_storage(size_t __n)
186	      {
187		this->_M_impl._M_start = this->_M_allocate(__n);
188		this->_M_impl._M_finish = this->_M_impl._M_start;
189		this->_M_impl._M_end_of_storage = this->_M_impl._M_start + __n;
190	      }
191	    };
192	

Backtrace END
Fliping a bit of the value pointed by a pointer
Fliping value of field: _M_impl
Fliping value of field: _M_end_of_storage
Fliping a bit of the pointer
Memory content before bitflip:0x000x000x000x000x000x000x000x00
Fault Model: Double bit-flip
base address to flip value: 0x7fffffffd750
address max offset: 8
Memory content after  bitflip:0x000x000x0c0x000x000x000x000x00
frame name: std::_Vector_base<int, std::allocator<int> >::_Vector_base
symbol name: this
symbol filename: knapsacksa.cpp
symbol line: 0
value: 0x7fffffffd740
value address: 0x7fffffffd668
Type: The type is a pointer.
Type sizeof: 8

[INFO -- 2018-12-08 11:01:54]
Fault Injection Successful after 5.393311500549316s
[INFO -- 2018-12-08 11:02:01]
event type: exit
[INFO -- 2018-12-08 11:02:01]
exit code: 0
