[INFO -- 2018-09-25 05:20:24]
Starting flip_value script
version: 1.1
[INFO -- 2018-09-25 05:20:24]
Initialization strings:
[INFO -- 2018-09-25 05:20:24]
(1) file /tmp/knapsack/ga
[INFO -- 2018-09-25 05:20:24]
initSignal:1
[INFO -- 2018-09-25 05:20:24]
endSignal:3.5
[INFO -- 2018-09-25 05:20:24]
faultModel:4
[INFO -- 2018-09-25 05:20:26]
Backtrace BEGIN:
#0  0x00005555555582b4 in std::allocator<int>::allocator (this=0x7fffffffd81f, __a=...) at /usr/include/c++/7/bits/allocator.h:133
#1  0x00005555555589be in std::_Vector_base<int, std::allocator<int> >::get_allocator (this=0x7fffffffd910) at /usr/include/c++/7/bits/stl_vector.h:124
#2  0x00005555555573fd in std::vector<int, std::allocator<int> >::_M_move_assign (this=0x7fffffffd910, __x=...) at /usr/include/c++/7/bits/stl_vector.h:1531
#3  0x0000555555556453 in std::vector<int, std::allocator<int> >::operator= (this=0x7fffffffd910, __x=...) at /usr/include/c++/7/bits/stl_vector.h:466
#4  0x0000555555555422 in genetic_algorithm () at knapsackga.cpp:102
#5  0x00005555555558d7 in main () at knapsackga.cpp:137

128	      typedef true_type is_always_equal;
129	#endif
130	
131	      allocator() throw() { }
132	
133	      allocator(const allocator& __a) throw()
134	      : __allocator_base<_Tp>(__a) { }
135	
136	      template<typename _Tp1>
137		allocator(const allocator<_Tp1>&) throw() { }

Backtrace END
Memory content before bitflip:0x310xfb0x080x00
Fault Model: LSB bit-flip
base address to flip value: 0x55555575f06c 
address max offset: 4
Memory content after  bitflip:0x310xfb0x080x04
frame name: std::vector<int, std::allocator<int> >::_M_move_assign
symbol name: W
symbol filename: knapsackga.cpp
symbol line: 16
value: 67697457
value address: 0x55555575f06c <W>
Type: The type is an integer type.
Type sizeof: 4

[INFO -- 2018-09-25 05:20:26]
Fault Injection Successful after 2.124824285507202s
[INFO -- 2018-09-25 05:20:28]
event type: exit
[INFO -- 2018-09-25 05:20:28]
exit code: 0
