[INFO -- 2018-12-08 15:19:05]
Starting flip_value script
version: 1.1
[INFO -- 2018-12-08 15:19:05]
Initialization strings:
[INFO -- 2018-12-08 15:19:05]
(1) file /tmp/knapsack/mf
[INFO -- 2018-12-08 15:19:05]
initSignal:1
[INFO -- 2018-12-08 15:19:05]
endSignal:3
[INFO -- 2018-12-08 15:19:05]
faultModel:0
[INFO -- 2018-12-08 15:19:06]
Backtrace BEGIN:
#0  0x0000555555555147 in knapSack () at knapsackmf.cpp:48
#1  0x0000555555555578 in main () at knapsackmf.cpp:108

43	
44	        while(w <= W && w == w2) {
45	            if (i == 0 || w == 0) {
46	                V[i][w] = 0;
47	            } else {
48	                V[i][w] = -1;
49	            }
50	            w++; w2++;
51	        }
52	

Backtrace END
Memory content before bitflip:0x310xfb0x080x00
Fault Model: Single bit-flip
base address to flip value: 0x55555575a140 
address max offset: 4
Memory content after  bitflip:0x300xfb0x080x00
frame name: main
symbol name: W
symbol filename: knapsackmf.cpp
symbol line: 12
value: 588592
value address: 0x55555575a140 <W>
Type: The type is an integer type.
Type sizeof: 4

[INFO -- 2018-12-08 15:19:06]
Fault Injection Successful after 1.8561952114105225s
[INFO -- 2018-12-08 15:19:06]
event type: exit
[INFO -- 2018-12-08 15:19:06]
exit code: 0
