[INFO -- 2018-12-09 05:49:06]
Starting flip_value script
version: 1.1
[INFO -- 2018-12-09 05:49:06]
Initialization strings:
[INFO -- 2018-12-09 05:49:06]
(1) file /tmp/knapsack/ga
[INFO -- 2018-12-09 05:49:06]
initSignal:1
[INFO -- 2018-12-09 05:49:06]
endSignal:8
[INFO -- 2018-12-09 05:49:06]
faultModel:1
[INFO -- 2018-12-09 05:49:08]
Backtrace BEGIN:
#0  0x00005555555553ef in crossover (pai=std::vector of length 200, capacity 200 = {...}, mae=std::vector of length 200, capacity 200 = {...}, filho1=std::vector of length 200, capacity 200 = {...}, filho2=std::vector of length 200, capacity 200 = {...}) at knapsackga.cpp:99
#1  0x00005555555556d7 in genetic_algorithm () at knapsackga.cpp:130
#2  0x0000555555555b6c in main () at knapsackga.cpp:165

94	    for(int i = 0; i < n; i++){
95	        mask[i] = rand_bit();
96	    }
97	    filho1 = pai;
98	    filho2 = mae;
99	    for(int i = 0; i < n; i++){
100	        if(mask[i]){
101	            swap(filho1[i], filho2[i]);
102	        }
103	    }

Backtrace END
Memory content before bitflip:0x690x390xf80xff
Fault Model: Double bit-flip
base address to flip value: 0x7fffffffd86c
address max offset: 4
Memory content after  bitflip:0x4b0x390xf80xff
frame name: genetic_algorithm
symbol name: best
symbol filename: knapsackga.cpp
symbol line: 113
value: -509621
value address: 0x7fffffffd86c
Type: The type is an integer type.
Type sizeof: 4

[INFO -- 2018-12-09 05:49:08]
Fault Injection Successful after 2.569314479827881s
[INFO -- 2018-12-09 05:49:14]
event type: exit
[INFO -- 2018-12-09 05:49:14]
exit code: 0
