[INFO -- 2018-09-23 19:27:41]
Starting flip_value script
version: 1.1
[INFO -- 2018-09-23 19:27:41]
Initialization strings:
[INFO -- 2018-09-23 19:27:41]
(1) file /tmp/knapsack/sa
[INFO -- 2018-09-23 19:27:41]
initSignal:0
[INFO -- 2018-09-23 19:27:41]
endSignal:2
[INFO -- 2018-09-23 19:27:41]
faultModel:0
[EXCEPTION -- 2018-09-23 19:27:41]
pythonException: Unable to exit loop in struct fields; Exiting wihtout making a bit flip
[INFO -- 2018-09-23 19:27:42]
Backtrace BEGIN:
#0  std::vector<int, std::allocator<int> >::operator[] (this=0x555555759030 <val>, __n=83) at /usr/include/c++/7/bits/stl_vector.h:799
#1  0x0000555555554fde in cost (solution=std::vector of length 200, capacity 200 = {...}) at knapsacksa.cpp:29
#2  0x000055555555511f in simulated_annealing () at knapsacksa.cpp:50
#3  0x000055555555535e in main () at knapsacksa.cpp:84

794	      reference
795	      operator[](size_type __n) _GLIBCXX_NOEXCEPT
796	      {
797		__glibcxx_requires_subscript(__n);
798		return *(this->_M_impl._M_start + __n);
799	      }
800	
801	      /**
802	       *  @brief  Subscript access to the data contained in the %vector.
803	       *  @param __n The index of the element for which data should be

Backtrace END
Memory content before bitflip:0x530x000x000x00
Fault Model: Single bit-flip
base address to flip value: 0x7fffffffd98c
address max offset: 4
Memory content after  bitflip:0x530x000x100x00
frame name: cost
symbol name: i
symbol filename: knapsacksa.cpp
symbol line: 27
value: 1048659
value address: 0x7fffffffd98c
Type: The type is an integer type.
Type sizeof: 4

[INFO -- 2018-09-23 19:27:42]
Fault Injection Successful after 1.0110936164855957s
[INFO -- 2018-09-23 19:27:43]
event type: exit
[INFO -- 2018-09-23 19:27:43]
exit code: 0
