[INFO -- 2018-12-09 08:23:45]
Starting flip_value script
version: 1.1
[INFO -- 2018-12-09 08:23:45]
Initialization strings:
[INFO -- 2018-12-09 08:23:45]
(1) file /tmp/knapsack/ga
[INFO -- 2018-12-09 08:23:45]
initSignal:1
[INFO -- 2018-12-09 08:23:45]
endSignal:8
[INFO -- 2018-12-09 08:23:45]
faultModel:0
[INFO -- 2018-12-09 08:23:47]
Backtrace BEGIN:
#0  0x00005555555571f7 in std::vector<int, std::allocator<int> >::end (this=0x7fffffffd920) at /usr/include/c++/7/bits/stl_vector.h:591
#1  0x0000555555556440 in std::vector<int, std::allocator<int> >::operator= (this=0x7fffffffd9a0, __x=std::vector of length 200, capacity 200 = {...}) at /usr/include/c++/7/bits/vector.tcc:206
#2  0x000055555555571b in genetic_algorithm () at knapsackga.cpp:131
#3  0x0000555555555b6c in main () at knapsackga.cpp:165

586	       *  the last element in the %vector.  Iteration is done in
587	       *  ordinary element order.
588	       */
589	      const_iterator
590	      end() const _GLIBCXX_NOEXCEPT
591	      { return const_iterator(this->_M_impl._M_finish); }
592	
593	      /**
594	       *  Returns a read/write reverse iterator that points to the
595	       *  last element in the %vector.  Iteration is done in reverse

Backtrace END
Memory content before bitflip:0x280x000x000x00
Fault Model: Single bit-flip
base address to flip value: 0x55555575f014 
address max offset: 4
Memory content after  bitflip:0x080x000x000x00
frame name: genetic_algorithm
symbol name: pop_size2
symbol filename: knapsackga.cpp
symbol line: 20
value: 8
value address: 0x55555575f014 <pop_size2>
Type: The type is an integer type.
Type sizeof: 4

[INFO -- 2018-12-09 08:23:47]
Fault Injection Successful after 2.251688241958618s
[INFO -- 2018-12-09 08:23:47]
event type: exit
[INFO -- 2018-12-09 08:23:47]
exit code: 0
