[INFO -- 2018-09-23 15:48:01]
Starting flip_value script
version: 1.1
[INFO -- 2018-09-23 15:48:01]
Initialization strings:
[INFO -- 2018-09-23 15:48:01]
(1) file /tmp/knapsack/sa
[INFO -- 2018-09-23 15:48:01]
initSignal:0
[INFO -- 2018-09-23 15:48:01]
endSignal:2
[INFO -- 2018-09-23 15:48:01]
faultModel:2
[EXCEPTION -- 2018-09-23 15:48:01]
pythonException: Unable to exit loop in struct fields; Exiting wihtout making a bit flip
[INFO -- 2018-09-23 15:48:01]
Backtrace BEGIN:
#0  0x0000555555555504 in std::vector<int, std::allocator<int> >::operator[] (this=0x7fffffffda30, __n=94) at /usr/include/c++/7/bits/stl_vector.h:795
#1  0x0000555555554fab in cost (solution=std::vector of length 200, capacity 200 = {...}) at knapsacksa.cpp:28
#2  0x000055555555511f in simulated_annealing () at knapsacksa.cpp:50
#3  0x000055555555535e in main () at knapsacksa.cpp:84

790	       *  Note that data access with this operator is unchecked and
791	       *  out_of_range lookups are not defined. (For checked lookups
792	       *  see at().)
793	       */
794	      reference
795	      operator[](size_type __n) _GLIBCXX_NOEXCEPT
796	      {
797		__glibcxx_requires_subscript(__n);
798		return *(this->_M_impl._M_start + __n);
799	      }

Backtrace END
Memory content before bitflip:0x700x000x000x00
Fault Model: Random bit-flip
base address to flip value: 0x7fffffffda08
address max offset: 4
Memory content after  bitflip:0x310x450xc20xe0
frame name: simulated_annealing
symbol name: i
symbol filename: knapsacksa.cpp
symbol line: 48
value: -524139215
value address: 0x7fffffffda08
Type: The type is an integer type.
Type sizeof: 4

[INFO -- 2018-09-23 15:48:01]
Fault Injection Successful after 0.7236282825469971s
[INFO -- 2018-09-23 15:48:04]
event type: exit
[INFO -- 2018-09-23 15:48:04]
exit code: 0
