[INFO -- 2018-12-08 19:06:10]
Starting flip_value script
version: 1.1
[INFO -- 2018-12-08 19:06:10]
Initialization strings:
[INFO -- 2018-12-08 19:06:11]
(1) file /tmp/knapsack/ga
[INFO -- 2018-12-08 19:06:11]
initSignal:1
[INFO -- 2018-12-08 19:06:11]
endSignal:8
[INFO -- 2018-12-08 19:06:11]
faultModel:1
[EXCEPTION -- 2018-12-08 19:06:16]
gdbException: Cannot access memory at address 0xc000000000000
[INFO -- 2018-12-08 19:06:17]
Backtrace BEGIN:
#0  0x00005555555570fa in __gnu_cxx::__alloc_traits<std::allocator<int> >::_S_select_on_copy (__a=...) at /usr/include/c++/7/ext/alloc_traits.h:95
#1  0x000055555555614c in std::vector<int, std::allocator<int> >::vector (this=0x7fffffffd960, __x=std::vector of length 200, capacity 200 = {...}) at /usr/include/c++/7/bits/stl_vector.h:328
#2  0x000055555555527f in tournament (pop=std::vector of length 40, capacity 64 = {...}) at knapsackga.cpp:88
#3  0x0000555555555691 in genetic_algorithm () at knapsackga.cpp:129
#4  0x0000555555555b6c in main () at knapsackga.cpp:165

90	      static typename std::enable_if<__is_custom_pointer<_Ptr>::value>::type
91	      destroy(_Alloc& __a, _Ptr __p)
92	      { _Base_type::destroy(__a, std::addressof(*__p)); }
93	
94	    static _Alloc _S_select_on_copy(const _Alloc& __a)
95	    { return _Base_type::select_on_container_copy_construction(__a); }
96	
97	    static void _S_on_swap(_Alloc& __a, _Alloc& __b)
98	    { std::__alloc_on_swap(__a, __b); }
99	

Backtrace END
Memory content before bitflip:0x310xfb0x080x00
Fault Model: Double bit-flip
base address to flip value: 0x55555575f0b0 
address max offset: 4
Memory content after  bitflip:0x310xfb0x2a0x00
frame name: __gnu_cxx::__alloc_traits<std::allocator<int> >::_S_select_on_copy
symbol name: W
symbol filename: knapsackga.cpp
symbol line: 18
value: 2816817
value address: 0x55555575f0b0 <W>
Type: The type is an integer type.
Type sizeof: 4

[INFO -- 2018-12-08 19:06:17]
Fault Injection Successful after 6.102759599685669s
[INFO -- 2018-12-08 19:06:17]
event type: exit
[INFO -- 2018-12-08 19:06:17]
exit code: 0
