[INFO -- 2018-09-25 02:59:54]
Starting flip_value script
version: 1.1
[INFO -- 2018-09-25 02:59:54]
Initialization strings:
[INFO -- 2018-09-25 02:59:54]
(1) file /tmp/knapsack/ga
[INFO -- 2018-09-25 02:59:54]
initSignal:1
[INFO -- 2018-09-25 02:59:54]
endSignal:3.5
[INFO -- 2018-09-25 02:59:54]
faultModel:2
[INFO -- 2018-09-25 02:59:56]
Backtrace BEGIN:
#0  0x0000555555558a1c in std::__alloc_on_move<std::allocator<int> > (__one=..., __two=...) at /usr/include/c++/7/bits/alloc_traits.h:547
#1  0x0000555555557468 in std::vector<int, std::allocator<int> >::_M_move_assign (this=0x7fffffffd910, __x=...) at /usr/include/c++/7/bits/stl_vector.h:1534
#2  0x0000555555556453 in std::vector<int, std::allocator<int> >::operator= (this=0x7fffffffd910, __x=...) at /usr/include/c++/7/bits/stl_vector.h:466
#3  0x0000555555555422 in genetic_algorithm () at knapsackga.cpp:102
#4  0x00005555555558d7 in main () at knapsackga.cpp:137

542	  template<typename _Alloc>
543	    inline void __alloc_on_move(_Alloc& __one, _Alloc& __two)
544	    {
545	      typedef allocator_traits<_Alloc> __traits;
546	      typedef typename __traits::propagate_on_container_move_assignment __pocma;
547	      __do_alloc_on_move(__one, __two, __pocma());
548	    }
549	
550	  template<typename _Alloc>
551	    inline void __do_alloc_on_swap(_Alloc& __one, _Alloc& __two, true_type)

Backtrace END
Fliping a bit of the pointer
Memory content before bitflip:0x100xd90xff0xff0xff0x7f0x000x00
Fault Model: Random bit-flip
base address to flip value: 0x7fffffffd878
address max offset: 8
Memory content after  bitflip:0xa40xf20x760x7c0xbc0xe40x9b0x26
frame name: std::vector<int, std::allocator<int> >::operator=
symbol name: this
symbol filename: knapsackga.cpp
symbol line: 0
value: 0x7fffffffd910
value address: 0x7fffffffd878
Type: The type is a pointer.
Type sizeof: 8

[INFO -- 2018-09-25 02:59:56]
Fault Injection Successful after 2.145624876022339s
[INFO -- 2018-09-25 02:59:58]
event type: exit
[INFO -- 2018-09-25 02:59:58]
exit code: 0
