[INFO -- 2018-09-24 18:41:28]
Starting flip_value script
version: 1.1
[INFO -- 2018-09-24 18:41:28]
Initialization strings:
[INFO -- 2018-09-24 18:41:28]
(1) file /tmp/knapsack/ga
[INFO -- 2018-09-24 18:41:28]
initSignal:1
[INFO -- 2018-09-24 18:41:28]
endSignal:3.5
[INFO -- 2018-09-24 18:41:28]
faultModel:2
[EXCEPTION -- 2018-09-24 18:41:30]
pythonException: Unable to exit loop in struct fields; Exiting wihtout making a bit flip
[INFO -- 2018-09-24 18:41:30]
Backtrace BEGIN:
#0  0x000055555555a85d in std::__copy_move_a2<false, __gnu_cxx::__normal_iterator<int const*, std::vector<int, std::allocator<int> > >, int*> (__first=0, __last=816, __result=0x555555782190) at /usr/include/c++/7/bits/stl_algobase.h:420
#1  0x0000555555559fd6 in std::copy<__gnu_cxx::__normal_iterator<int const*, std::vector<int, std::allocator<int> > >, int*> (__first=0, __last=816, __result=0x555555781e60) at /usr/include/c++/7/bits/stl_algobase.h:456
#2  0x000055555555948e in std::__uninitialized_copy<true>::__uninit_copy<__gnu_cxx::__normal_iterator<int const*, std::vector<int, std::allocator<int> > >, int*> (__first=0, __last=816, __result=0x555555781e60) at /usr/include/c++/7/bits/stl_uninitialized.h:101
#3  0x00005555555583be in std::uninitialized_copy<__gnu_cxx::__normal_iterator<int const*, std::vector<int, std::allocator<int> > >, int*> (__first=0, __last=816, __result=0x555555781e60) at /usr/include/c++/7/bits/stl_uninitialized.h:134
#4  0x0000555555556f6d in std::__uninitialized_copy_a<__gnu_cxx::__normal_iterator<int const*, std::vector<int, std::allocator<int> > >, int*, int> (__first=0, __last=816, __result=0x555555781e60) at /usr/include/c++/7/bits/stl_uninitialized.h:289
#5  0x0000555555557155 in std::vector<int, std::allocator<int> >::_M_allocate_and_copy<__gnu_cxx::__normal_iterator<int const*, std::vector<int, std::allocator<int> > > > (this=0x7fffffffd9f0, __n=200, __first=0, __last=816) at /usr/include/c++/7/bits/stl_vector.h:1263
#6  0x000055555555617b in std::vector<int, std::allocator<int> >::operator= (this=0x7fffffffd9f0, __x=std::vector of length 200, capacity 200 = {...}) at /usr/include/c++/7/bits/vector.tcc:206
#7  0x00005555555554d1 in genetic_algorithm () at knapsackga.cpp:105
#8  0x00005555555558d7 in main () at knapsackga.cpp:137

415	    __copy_move_a2(istreambuf_iterator<_CharT, char_traits<_CharT> >,
416			   istreambuf_iterator<_CharT, char_traits<_CharT> >, _CharT*);
417	
418	  template<bool _IsMove, typename _II, typename _OI>
419	    inline _OI
420	    __copy_move_a2(_II __first, _II __last, _OI __result)
421	    {
422	      return _OI(std::__copy_move_a<_IsMove>(std::__niter_base(__first),
423						     std::__niter_base(__last),
424						     std::__niter_base(__result)));

Backtrace END
Fliping a bit of the value pointed by a pointer
Fliping value of field: std::_Vector_base<int, std::allocator<int> >
Fliping value of field: _M_impl
Fliping value of field: _M_finish
Fliping a bit of the pointer
Memory content before bitflip:0x000x000x000x000x000x000x000x00
Fault Model: Random bit-flip
base address to flip value: 0x7fffffffd9f8
address max offset: 8
Memory content after  bitflip:0x040xbf0x070x370x130x0c0x5e0x0b
frame name: std::vector<int, std::allocator<int> >::_M_allocate_and_copy<__gnu_cxx::__normal_iterator<int const*, std::vector<int, std::allocator<int> > > >
symbol name: this
symbol filename: knapsackga.cpp
symbol line: 0
value: 0x7fffffffd9f0
value address: 0x7fffffffd828
Type: The type is a pointer.
Type sizeof: 8

[INFO -- 2018-09-24 18:41:30]
Fault Injection Successful after 2.093970537185669s
[INFO -- 2018-09-24 18:41:32]
event type: exit
[INFO -- 2018-09-24 18:41:32]
exit code: 0
