[INFO -- 2018-12-02 05:54:03]
Starting flip_value script
version: 1.1
[INFO -- 2018-12-02 05:54:03]
Initialization strings:
[INFO -- 2018-12-02 05:54:03]
(1) file /tmp/knapsack/ga
[INFO -- 2018-12-02 05:54:03]
initSignal:0
[INFO -- 2018-12-02 05:54:03]
endSignal:13
[INFO -- 2018-12-02 05:54:03]
faultModel:3
[INFO -- 2018-12-02 05:54:03]
Backtrace BEGIN:
#0  0x0000555555557273 in std::_Vector_base<int, std::allocator<int> >::_Vector_base (this=0x555555787f90, __x=...) at /usr/include/c++/7/bits/stl_vector.h:146
#1  0x00005555555561fc in std::vector<int, std::allocator<int> >::vector (this=0x555555787f90, __x=...) at /usr/include/c++/7/bits/stl_vector.h:345
#2  0x000055555555948d in chromossome::chromossome (this=0x555555787f90) at knapsackga.cpp:42
#3  0x000055555555ad28 in std::_Construct<chromossome, chromossome> (__p=0x555555787f90, __args#0=...) at /usr/include/c++/7/bits/stl_construct.h:75
#4  0x000055555555a66c in std::__uninitialized_copy<false>::__uninit_copy<std::move_iterator<chromossome*>, chromossome*> (__first=..., __last=..., __result=0x555555787bf0) at /usr/include/c++/7/bits/stl_uninitialized.h:83
#5  0x0000555555559ced in std::uninitialized_copy<std::move_iterator<chromossome*>, chromossome*> (__first=..., __last=..., __result=0x555555787bf0) at /usr/include/c++/7/bits/stl_uninitialized.h:134
#6  0x00005555555592a8 in std::__uninitialized_copy_a<std::move_iterator<chromossome*>, chromossome*, chromossome> (__first=..., __last=..., __result=0x555555787bf0) at /usr/include/c++/7/bits/stl_uninitialized.h:289
#7  0x0000555555558351 in std::__uninitialized_move_if_noexcept_a<chromossome*, chromossome*, std::allocator<chromossome> > (__first=0x5555557844e0, __last=0x5555557848e0, __result=0x555555787bf0, __alloc=...) at /usr/include/c++/7/bits/stl_uninitialized.h:312
#8  0x0000555555556e42 in std::vector<chromossome, std::allocator<chromossome> >::_M_realloc_insert<chromossome const&> (this=0x7fffffffd950, __position={solution = std::vector of length 204, capacity 1073741824 = {<error reading variable>, __args#0=...) at /usr/include/c++/7/bits/vector.tcc:424
#9  0x0000555555555fb8 in std::vector<chromossome, std::allocator<chromossome> >::push_back (this=0x7fffffffd950, __x=...) at /usr/include/c++/7/bits/stl_vector.h:948
#10 0x0000555555555621 in genetic_algorithm () at knapsackga.cpp:106
#11 0x0000555555555a9b in main () at knapsackga.cpp:141

141	      _Vector_base(_Tp_alloc_type&& __a) noexcept
142	      : _M_impl(std::move(__a)) { }
143	
144	      _Vector_base(_Vector_base&& __x) noexcept
145	      : _M_impl(std::move(__x._M_get_Tp_allocator()))
146	      { this->_M_impl._M_swap_data(__x._M_impl); }
147	
148	      _Vector_base(_Vector_base&& __x, const allocator_type& __a)
149	      : _M_impl(__a)
150	      {

Backtrace END
Memory content before bitflip:0x310xfb0x080x00
Fault Model: Zero bit-flip
base address to flip value: 0x55555575f17c 
address max offset: 4
Memory content after  bitflip:0x000x000x000x00
frame name: std::__uninitialized_copy_a<std::move_iterator<chromossome*>, chromossome*, chromossome>
symbol name: W
symbol filename: knapsackga.cpp
symbol line: 16
value: 0
value address: 0x55555575f17c <W>
Type: The type is an integer type.
Type sizeof: 4

[INFO -- 2018-12-02 05:54:03]
Fault Injection Successful after 0.7556493282318115s
[INFO -- 2018-12-02 05:54:16]
event type: exit
[INFO -- 2018-12-02 05:54:16]
exit code: 0
