[INFO -- 2018-12-08 18:22:40]
Starting flip_value script
version: 1.1
[INFO -- 2018-12-08 18:22:40]
Initialization strings:
[INFO -- 2018-12-08 18:22:40]
(1) file /tmp/knapsack/ga
[INFO -- 2018-12-08 18:22:40]
initSignal:1
[INFO -- 2018-12-08 18:22:40]
endSignal:8
[INFO -- 2018-12-08 18:22:40]
faultModel:4
[INFO -- 2018-12-08 18:22:44]
Backtrace BEGIN:
#0  0x0000555555555093 in cost (solution=std::vector of length 200, capacity 200 = {...}) at knapsackga.cpp:40
#1  0x000055555555589e in genetic_algorithm () at knapsackga.cpp:138
#2  0x0000555555555b6c in main () at knapsackga.cpp:165

35	        exit_gracefully();
36	    }
37	
38	    int peso=0, peso2=0, valor=0, valor2=0;
39	    for(int i=0; i < n; i++){
40	        peso += solution[i] * wt[i];
41	        valor += solution[i] * val[i];
42	    }
43	    for(int i=0; i < n; i++){
44	        peso2 += solution[i] * wt2[i];

Backtrace END
Memory content before bitflip:0x8b0x090x060x00
Fault Model: LSB bit-flip
base address to flip value: 0x7fffffffd828
address max offset: 4
Memory content after  bitflip:0x8b0x090x060x01
frame name: cost
symbol name: peso
symbol filename: knapsackga.cpp
symbol line: 38
value: 17172875
value address: 0x7fffffffd828
Type: The type is an integer type.
Type sizeof: 4

[INFO -- 2018-12-08 18:22:44]
Fault Injection Successful after 4.341237545013428s
[INFO -- 2018-12-08 18:22:44]
event type: exit
[INFO -- 2018-12-08 18:22:44]
exit code: 0
