[INFO -- 2018-12-08 01:20:02]
Starting flip_value script
version: 1.1
[INFO -- 2018-12-08 01:20:02]
Initialization strings:
[INFO -- 2018-12-08 01:20:02]
(1) file /tmp/knapsack/sa
[INFO -- 2018-12-08 01:20:02]
initSignal:0
[INFO -- 2018-12-08 01:20:02]
endSignal:9
[INFO -- 2018-12-08 01:20:02]
faultModel:3
[INFO -- 2018-12-08 01:20:07]
Backtrace BEGIN:
#0  0x00007ffff6ee1e4d in __random () at random.c:298
#1  0x00007ffff6ee23a9 in rand () at rand.c:27
#2  0x000055555555508f in random01 () at knapsacksa.cpp:48
#3  0x00005555555553a6 in simulated_annealing () at knapsacksa.cpp:104
#4  0x0000555555555658 in main () at knapsacksa.cpp:146

293	random.c: No such file or directory.

Backtrace END
Fliping value of field: rand_type
Memory content before bitflip:0x030x000x000x00
Fault Model: Zero bit-flip
base address to flip value: 0x7ffff7289758 
address max offset: 4
Memory content after  bitflip:0x000x000x000x00
frame name: __random
symbol name: unsafe_state
symbol filename: random.c
symbol line: 160
value: {fptr = 0x7ffff7289218 <randtbl+88>, rptr = 0x7ffff728920c <randtbl+76>, state = 0x7ffff72891c4 <randtbl+4>, rand_type = 0, rand_deg = 31, rand_sep = 3, end_ptr = 0x7ffff7289240 <pa_next_type>}
value address: 0x7ffff7289740 <unsafe_state>
Type: The type is a structure.
Type sizeof: 48
Field name: fptr
Field Type: The type is a pointer.
Field Type sizeof: 8
Field name: rptr
Field Type: The type is a pointer.
Field Type sizeof: 8
Field name: state
Field Type: The type is a pointer.
Field Type sizeof: 8
Field name: rand_type
Field Type: The type is an integer type.
Field Type sizeof: 4
Field name: rand_deg
Field Type: The type is an integer type.
Field Type sizeof: 4
Field name: rand_sep
Field Type: The type is an integer type.
Field Type sizeof: 4
Field name: end_ptr
Field Type: The type is a pointer.
Field Type sizeof: 8

[INFO -- 2018-12-08 01:20:07]
Fault Injection Successful after 5.138195514678955s
[INFO -- 2018-12-08 01:20:13]
event type: exit
[INFO -- 2018-12-08 01:20:13]
exit code: 0
