[INFO -- 2018-12-02 04:03:52]
Starting flip_value script
version: 1.1
[INFO -- 2018-12-02 04:03:52]
Initialization strings:
[INFO -- 2018-12-02 04:03:52]
(1) file /tmp/knapsack/ga
[INFO -- 2018-12-02 04:03:52]
initSignal:0
[INFO -- 2018-12-02 04:03:52]
endSignal:13
[INFO -- 2018-12-02 04:03:52]
faultModel:1
[INFO -- 2018-12-02 04:03:54]
Backtrace BEGIN:
#0  std::allocator_traits<std::allocator<int> >::select_on_container_copy_construction (__rhs=...) at /usr/include/c++/7/bits/alloc_traits.h:504
#1  0x00005555555570c6 in __gnu_cxx::__alloc_traits<std::allocator<int> >::_S_select_on_copy (__a=...) at /usr/include/c++/7/ext/alloc_traits.h:95
#2  0x00005555555560f2 in std::vector<int, std::allocator<int> >::vector (this=0x555555776760, __x=std::vector of length 200, capacity 200 = {...}) at /usr/include/c++/7/bits/stl_vector.h:328
#3  0x000055555555810d in chromossome::chromossome (this=0x555555776760) at knapsackga.cpp:42
#4  0x000055555555816a in __gnu_cxx::new_allocator<chromossome>::construct<chromossome, chromossome const&> (this=0x7fffffffd950, __p=0x555555776760, __args#0=...) at /usr/include/c++/7/ext/new_allocator.h:136
#5  0x0000555555556d46 in std::allocator_traits<std::allocator<chromossome> >::construct<chromossome, chromossome const&> (__a=..., __p=0x555555776760, __args#0=...) at /usr/include/c++/7/bits/alloc_traits.h:475
#6  0x0000555555555f80 in std::vector<chromossome, std::allocator<chromossome> >::push_back (this=0x7fffffffd950, __x=...) at /usr/include/c++/7/bits/stl_vector.h:943
#7  0x0000555555555637 in genetic_algorithm () at knapsackga.cpp:107
#8  0x0000555555555a9b in main () at knapsackga.cpp:141

499	       *  @brief  Obtain an allocator to use when copying a container.
500	       *  @param  __rhs  An allocator.
501	       *  @return @c __rhs
502	      */
503	      static allocator_type
504	      select_on_container_copy_construction(const allocator_type& __rhs)
505	      { return __rhs; }
506	    };
507	
508	

Backtrace END
Fliping a bit of the pointer
Memory content before bitflip:0x600x670x770x550x550x550x000x00
Fault Model: Double bit-flip
base address to flip value: 0x7fffffffd8d0
address max offset: 8
Memory content after  bitflip:0x600x670x770x550x550x550x000x21
frame name: std::allocator_traits<std::allocator<chromossome> >::construct<chromossome, chromossome const&>
symbol name: __p
symbol filename: /usr/include/c++/7/bits/alloc_traits.h
symbol line: 474
value: 0x555555776760
value address: 0x7fffffffd8d0
Type: The type is a pointer.
Type sizeof: 8

[INFO -- 2018-12-02 04:03:54]
Fault Injection Successful after 2.739292621612549s
[INFO -- 2018-12-02 04:04:05]
event type: exit
[INFO -- 2018-12-02 04:04:05]
exit code: 0
