[INFO -- 2018-12-09 05:00:30]
Starting flip_value script
version: 1.1
[INFO -- 2018-12-09 05:00:30]
Initialization strings:
[INFO -- 2018-12-09 05:00:30]
(1) file /tmp/knapsack/ga
[INFO -- 2018-12-09 05:00:30]
initSignal:1
[INFO -- 2018-12-09 05:00:30]
endSignal:8
[INFO -- 2018-12-09 05:00:30]
faultModel:4
[INFO -- 2018-12-09 05:00:32]
Backtrace BEGIN:
#0  0x0000555555555e86 in std::vector<int, std::allocator<int> >::operator[] (this=0x55555575f050 <val2>, __n=147) at /usr/include/c++/7/bits/stl_vector.h:798
#1  0x0000555555555142 in cost (solution=std::vector of length 200, capacity 200 = {...}) at knapsackga.cpp:45
#2  0x000055555555589e in genetic_algorithm () at knapsackga.cpp:138
#3  0x0000555555555b6c in main () at knapsackga.cpp:165

793	       */
794	      reference
795	      operator[](size_type __n) _GLIBCXX_NOEXCEPT
796	      {
797		__glibcxx_requires_subscript(__n);
798		return *(this->_M_impl._M_start + __n);
799	      }
800	
801	      /**
802	       *  @brief  Subscript access to the data contained in the %vector.

Backtrace END
Memory content before bitflip:0x240x000x000x00
Fault Model: LSB bit-flip
base address to flip value: 0x7fffffffd87c
address max offset: 4
Memory content after  bitflip:0x240x000x000x20
frame name: genetic_algorithm
symbol name: i
symbol filename: knapsackga.cpp
symbol line: 135
value: 536870948
value address: 0x7fffffffd87c
Type: The type is an integer type.
Type sizeof: 4

[INFO -- 2018-12-09 05:00:32]
Fault Injection Successful after 2.2434191703796387s
[INFO -- 2018-12-09 05:00:39]
event type: exit
[INFO -- 2018-12-09 05:00:39]
exit code: 0
