[INFO -- 2018-12-08 12:13:13]
Starting flip_value script
version: 1.1
[INFO -- 2018-12-08 12:13:13]
Initialization strings:
[INFO -- 2018-12-08 12:13:13]
(1) file /tmp/knapsack/sa
[INFO -- 2018-12-08 12:13:13]
initSignal:0
[INFO -- 2018-12-08 12:13:13]
endSignal:9
[INFO -- 2018-12-08 12:13:13]
faultModel:4
[EXCEPTION -- 2018-12-08 12:13:16]
gdbException: Cannot access memory at address 0x4000555555772080
[EXCEPTION -- 2018-12-08 12:13:16]
gdbException: Cannot access memory at address 0x100555555771450
[EXCEPTION -- 2018-12-08 12:13:16]
gdbException: Cannot access memory at address 0x100555555771450
[INFO -- 2018-12-08 12:13:17]
event type: exit
[EXCEPTION -- 2018-12-08 12:13:17]
exit code: no exit code available
