[INFO -- 2018-11-30 05:59:26]
Starting flip_value script
version: 1.1
[INFO -- 2018-11-30 05:59:26]
Initialization strings:
[INFO -- 2018-11-30 05:59:26]
(1) file /tmp/knapsack/sa
[INFO -- 2018-11-30 05:59:26]
initSignal:0
[INFO -- 2018-11-30 05:59:26]
endSignal:7
[INFO -- 2018-11-30 05:59:26]
faultModel:4
[INFO -- 2018-11-30 05:59:29]
Backtrace BEGIN:
#0  0x0000555555555772 in std::exp (__x=-inf) at /usr/include/c++/7/cmath:223
#1  0x00005555555552ab in simulated_annealing () at knapsacksa.cpp:58
#2  0x0000555555555522 in main () at knapsacksa.cpp:85

218	  using ::exp;
219	
220	#ifndef __CORRECT_ISO_CPP_MATH_H_PROTO
221	  inline _GLIBCXX_CONSTEXPR float
222	  exp(float __x)
223	  { return __builtin_expf(__x); }
224	
225	  inline _GLIBCXX_CONSTEXPR long double
226	  exp(long double __x)
227	  { return __builtin_expl(__x); }

Backtrace END
Memory content before bitflip:0x7c0xa90x0c0x00
Fault Model: LSB bit-flip
base address to flip value: 0x7fffffffd964
address max offset: 4
Memory content after  bitflip:0x7c0xa90x0c0x04
frame name: simulated_annealing
symbol name: t
symbol filename: knapsacksa.cpp
symbol line: 48
value: 67938684
value address: 0x7fffffffd964
Type: The type is an integer type.
Type sizeof: 4

[INFO -- 2018-11-30 05:59:29]
Fault Injection Successful after 3.8194568157196045s
[INFO -- 2018-11-30 05:59:33]
event type: exit
[INFO -- 2018-11-30 05:59:33]
exit code: 0
