[INFO -- 2018-12-09 08:48:08]
Starting flip_value script
version: 1.1
[INFO -- 2018-12-09 08:48:08]
Initialization strings:
[INFO -- 2018-12-09 08:48:08]
(1) file /tmp/knapsack/ga
[INFO -- 2018-12-09 08:48:08]
initSignal:1
[INFO -- 2018-12-09 08:48:08]
endSignal:8
[INFO -- 2018-12-09 08:48:08]
faultModel:0
[EXCEPTION -- 2018-12-09 08:48:11]
pythonException: empty range for randrange() (0,0, 0)
[EXCEPTION -- 2018-12-09 08:48:11]
pythonException: Unable to exit loop in struct fields; Exiting wihtout making a bit flip
[INFO -- 2018-12-09 08:48:12]
Backtrace BEGIN:
#0  0x0000555555556ba2 in std::_Vector_base<int, std::allocator<int> >::_M_get_Tp_allocator (this=0x555555777260) at /usr/include/c++/7/bits/stl_vector.h:116
#1  0x000055555555727b in std::_Vector_base<int, std::allocator<int> >::_Vector_base (this=0x555555787560, __x=...) at /usr/include/c++/7/bits/stl_vector.h:145
#2  0x0000555555556256 in std::vector<int, std::allocator<int> >::vector (this=0x555555787560, __x=...) at /usr/include/c++/7/bits/stl_vector.h:345
#3  0x00005555555594e9 in chromossome::chromossome (this=0x555555787560) at knapsackga.cpp:63
#4  0x000055555555ad84 in std::_Construct<chromossome, chromossome> (__p=0x555555787560, __args#0=...) at /usr/include/c++/7/bits/stl_construct.h:75
#5  0x000055555555a6c8 in std::__uninitialized_copy<false>::__uninit_copy<std::move_iterator<chromossome*>, chromossome*> (__first=..., __last=..., __result=0x555555787540) at /usr/include/c++/7/bits/stl_uninitialized.h:83
#6  0x0000555555559d49 in std::uninitialized_copy<std::move_iterator<chromossome*>, chromossome*> (__first=..., __last=..., __result=0x555555787540) at /usr/include/c++/7/bits/stl_uninitialized.h:134
#7  0x0000555555559304 in std::__uninitialized_copy_a<std::move_iterator<chromossome*>, chromossome*, chromossome> (__first=..., __last=..., __result=0x555555787540) at /usr/include/c++/7/bits/stl_uninitialized.h:289
#8  0x0000555555558367 in std::__uninitialized_move_if_noexcept_a<chromossome*, chromossome*, std::allocator<chromossome> > (__first=0x555555777240, __last=0x555555777440, __result=0x555555787540, __alloc=...) at /usr/include/c++/7/bits/stl_uninitialized.h:312
#9  0x0000555555556e76 in std::vector<chromossome, std::allocator<chromossome> >::_M_realloc_insert<chromossome const&> (this=0x7fffffffd8a0, __position={solution = std::vector of length 260, capacity 10177998752086 = {<error reading variable>, __args#0=...) at /usr/include/c++/7/bits/vector.tcc:424
#10 0x0000555555556012 in std::vector<chromossome, std::allocator<chromossome> >::push_back (this=0x7fffffffd8a0, __x=...) at /usr/include/c++/7/bits/stl_vector.h:948
#11 0x0000555555555731 in genetic_algorithm () at knapsackga.cpp:132
#12 0x0000555555555b6c in main () at knapsackga.cpp:165

111	    public:
112	      typedef _Alloc allocator_type;
113	
114	      _Tp_alloc_type&
115	      _M_get_Tp_allocator() _GLIBCXX_NOEXCEPT
116	      { return *static_cast<_Tp_alloc_type*>(&this->_M_impl); }
117	
118	      const _Tp_alloc_type&
119	      _M_get_Tp_allocator() const _GLIBCXX_NOEXCEPT
120	      { return *static_cast<const _Tp_alloc_type*>(&this->_M_impl); }

Backtrace END
Memory content before bitflip:0xc80x000x000x00
Fault Model: Single bit-flip
base address to flip value: 0x55555575f0ac 
address max offset: 4
Memory content after  bitflip:0xc80x000x000x08
frame name: std::vector<chromossome, std::allocator<chromossome> >::_M_realloc_insert<chromossome const&>
symbol name: n2
symbol filename: knapsackga.cpp
symbol line: 18
value: 134217928
value address: 0x55555575f0ac <n2>
Type: The type is an integer type.
Type sizeof: 4

[INFO -- 2018-12-09 08:48:12]
Fault Injection Successful after 4.9573655128479s
[INFO -- 2018-12-09 08:48:12]
event type: exit
[INFO -- 2018-12-09 08:48:12]
exit code: 0
