[INFO -- 2018-11-30 23:44:33]
Starting flip_value script
version: 1.1
[INFO -- 2018-11-30 23:44:33]
Initialization strings:
[INFO -- 2018-11-30 23:44:33]
(1) file /tmp/knapsack/mf
[INFO -- 2018-11-30 23:44:33]
initSignal:0
[INFO -- 2018-11-30 23:44:33]
endSignal:12
[INFO -- 2018-11-30 23:44:33]
faultModel:0
[INFO -- 2018-11-30 23:44:34]
Backtrace BEGIN:
#0  0x00005555555558ea in std::vector<std::vector<int, std::allocator<int> >, std::allocator<std::vector<int, std::allocator<int> > > >::operator[] (this=0x7fffffffd6d0, __n=173) at /usr/include/c++/7/bits/stl_vector.h:799
#1  0x00005555555550ba in knapSack (W=588593, n=200, values=std::vector of length 200, capacity 256 = {...}, weights=std::vector of length 200, capacity 256 = {...}, V=std::vector of length 201, capacity 201 = {...}) at knapsackmf.cpp:28
#2  0x0000555555555494 in executeAlgorithm () at knapsackmf.cpp:75
#3  0x000055555555558a in main () at knapsackmf.cpp:81

794	      reference
795	      operator[](size_type __n) _GLIBCXX_NOEXCEPT
796	      {
797		__glibcxx_requires_subscript(__n);
798		return *(this->_M_impl._M_start + __n);
799	      }
800	
801	      /**
802	       *  @brief  Subscript access to the data contained in the %vector.
803	       *  @param __n The index of the element for which data should be

Backtrace END
Memory content before bitflip:0x400x300xdd0xf7
Fault Model: Single bit-flip
base address to flip value: 0x7fffffffd928
address max offset: 4
Memory content after  bitflip:0x400x300xdd0xb7
frame name: main
symbol name: result1
symbol filename: knapsackmf.cpp
symbol line: 81
value: -1210240960
value address: 0x7fffffffd928
Type: The type is an integer type.
Type sizeof: 4

[INFO -- 2018-11-30 23:44:34]
Fault Injection Successful after 1.0671172142028809s
[INFO -- 2018-11-30 23:44:42]
event type: exit
[INFO -- 2018-11-30 23:44:42]
exit code: 0
