[INFO -- 2018-12-01 02:53:17]
Starting flip_value script
version: 1.1
[INFO -- 2018-12-01 02:53:17]
Initialization strings:
[INFO -- 2018-12-01 02:53:17]
(1) file /tmp/knapsack/ga
[INFO -- 2018-12-01 02:53:17]
initSignal:0
[INFO -- 2018-12-01 02:53:17]
endSignal:13
[INFO -- 2018-12-01 02:53:17]
faultModel:3
[INFO -- 2018-12-01 02:53:20]
Backtrace BEGIN:
#0  0x0000555555555e2f in std::vector<int, std::allocator<int> >::operator[] (this=0x55555575f140 <val>, __n=169) at /usr/include/c++/7/bits/stl_vector.h:798
#1  0x0000555555555083 in cost (solution=std::vector of length 200, capacity 200 = {...}) at knapsackga.cpp:27
#2  0x000055555555578e in genetic_algorithm () at knapsackga.cpp:112
#3  0x0000555555555a9b in main () at knapsackga.cpp:141

793	       */
794	      reference
795	      operator[](size_type __n) _GLIBCXX_NOEXCEPT
796	      {
797		__glibcxx_requires_subscript(__n);
798		return *(this->_M_impl._M_start + __n);
799	      }
800	
801	      /**
802	       *  @brief  Subscript access to the data contained in the %vector.

Backtrace END
Memory content before bitflip:0xb90x260xf80xff
Fault Model: Zero bit-flip
base address to flip value: 0x7fffffffd850
address max offset: 4
Memory content after  bitflip:0x000x000x000x00
frame name: genetic_algorithm
symbol name: best
symbol filename: knapsackga.cpp
symbol line: 92
value: 0
value address: 0x7fffffffd850
Type: The type is an integer type.
Type sizeof: 4

[INFO -- 2018-12-01 02:53:20]
Fault Injection Successful after 3.5995092391967773s
[INFO -- 2018-12-01 02:53:30]
event type: exit
[INFO -- 2018-12-01 02:53:30]
exit code: 0
