[INFO -- 2018-12-09 06:44:36]
Starting flip_value script
version: 1.1
[INFO -- 2018-12-09 06:44:36]
Initialization strings:
[INFO -- 2018-12-09 06:44:36]
(1) file /tmp/knapsack/ga
[INFO -- 2018-12-09 06:44:36]
initSignal:1
[INFO -- 2018-12-09 06:44:36]
endSignal:8
[INFO -- 2018-12-09 06:44:36]
faultModel:2
[INFO -- 2018-12-09 06:44:39]
Backtrace BEGIN:
#0  0x0000555555555e7e in std::vector<int, std::allocator<int> >::operator[] (this=0x7fffffffd900, __n=124) at /usr/include/c++/7/bits/stl_vector.h:795
#1  0x00005555555553e0 in crossover (pai=std::vector of length 200, capacity 200 = {...}, mae=std::vector of length 200, capacity 200 = {...}, filho1=std::vector of length 200, capacity 200 = {...}, filho2=std::vector of length 200, capacity 200 = {...}) at knapsackga.cpp:101
#2  0x00005555555556d7 in genetic_algorithm () at knapsackga.cpp:130
#3  0x0000555555555b6c in main () at knapsackga.cpp:165

790	       *  Note that data access with this operator is unchecked and
791	       *  out_of_range lookups are not defined. (For checked lookups
792	       *  see at().)
793	       */
794	      reference
795	      operator[](size_type __n) _GLIBCXX_NOEXCEPT
796	      {
797		__glibcxx_requires_subscript(__n);
798		return *(this->_M_impl._M_start + __n);
799	      }

Backtrace END
Memory content before bitflip:0x310xfb0x080x00
Fault Model: Random bit-flip
base address to flip value: 0x55555575f0b0 
address max offset: 4
Memory content after  bitflip:0x6e0x7b0x520x39
frame name: genetic_algorithm
symbol name: W
symbol filename: knapsackga.cpp
symbol line: 18
value: 961706862
value address: 0x55555575f0b0 <W>
Type: The type is an integer type.
Type sizeof: 4

[INFO -- 2018-12-09 06:44:39]
Fault Injection Successful after 3.537338972091675s
[INFO -- 2018-12-09 06:44:39]
event type: exit
[INFO -- 2018-12-09 06:44:39]
exit code: 0
