[INFO -- 2018-12-08 15:12:35]
Starting flip_value script
version: 1.1
[INFO -- 2018-12-08 15:12:35]
Initialization strings:
[INFO -- 2018-12-08 15:12:35]
(1) file /tmp/knapsack/ga
[INFO -- 2018-12-08 15:12:35]
initSignal:1
[INFO -- 2018-12-08 15:12:35]
endSignal:8
[INFO -- 2018-12-08 15:12:35]
faultModel:0
[EXCEPTION -- 2018-12-08 15:12:37]
gdbException: Cannot access memory at address 0x575555778080
[EXCEPTION -- 2018-12-08 15:12:37]
pythonException: empty range for randrange() (0,0, 0)
[EXCEPTION -- 2018-12-08 15:12:37]
pythonException: Unable to exit loop in struct fields; Exiting wihtout making a bit flip
[INFO -- 2018-12-08 15:12:37]
event type: exit
[EXCEPTION -- 2018-12-08 15:12:37]
exit code: no exit code available
