[INFO -- 2018-12-08 07:53:26]
Starting flip_value script
version: 1.1
[INFO -- 2018-12-08 07:53:26]
Initialization strings:
[INFO -- 2018-12-08 07:53:26]
(1) file /tmp/knapsack/sa
[INFO -- 2018-12-08 07:53:26]
initSignal:0
[INFO -- 2018-12-08 07:53:26]
endSignal:9
[INFO -- 2018-12-08 07:53:26]
faultModel:4
[INFO -- 2018-12-08 07:53:29]
Backtrace BEGIN:
#0  0x00007ffff6ee1dd5 in __random () at random.c:291
#1  0x00007ffff6ee23a9 in rand () at rand.c:27
#2  0x00005555555552fc in simulated_annealing () at knapsacksa.cpp:90
#3  0x0000555555555658 in main () at knapsacksa.cpp:146

286	random.c: No such file or directory.

Backtrace END
Memory content before bitflip:0xff0x7f0x000x00
Fault Model: LSB bit-flip
base address to flip value: 0x7fffffffd6b4
address max offset: 4
Memory content after  bitflip:0xff0x7f0x000x80
frame name: __random
symbol name: retval
symbol filename: random.c
symbol line: 289
value: -2147450881
value address: 0x7fffffffd6b4
Type: The type is an integer type.
Type sizeof: 4

[INFO -- 2018-12-08 07:53:29]
Fault Injection Successful after 3.368483543395996s
[INFO -- 2018-12-08 07:53:37]
event type: exit
[INFO -- 2018-12-08 07:53:37]
exit code: 0
