[INFO -- 2018-11-30 09:32:54]
Starting flip_value script
version: 1.1
[INFO -- 2018-11-30 09:32:54]
Initialization strings:
[INFO -- 2018-11-30 09:32:54]
(1) file /tmp/knapsack/sa
[INFO -- 2018-11-30 09:32:54]
initSignal:0
[INFO -- 2018-11-30 09:32:54]
endSignal:7
[INFO -- 2018-11-30 09:32:54]
faultModel:2
[INFO -- 2018-11-30 09:32:56]
Backtrace BEGIN:
#0  0x0000555555555e03 in std::_Vector_base<int, std::allocator<int> >::~_Vector_base (this=0x7fffffffd990, __in_chrg=<optimized out>) at /usr/include/c++/7/bits/stl_vector.h:162
#1  0x000055555555588b in std::vector<int, std::allocator<int> >::~vector (this=0x7fffffffd990, __in_chrg=<optimized out>) at /usr/include/c++/7/bits/stl_vector.h:435
#2  0x0000555555555305 in simulated_annealing () at knapsacksa.cpp:49
#3  0x0000555555555522 in main () at knapsacksa.cpp:85

157		  }
158	      }
159	#endif
160	
161	      ~_Vector_base() _GLIBCXX_NOEXCEPT
162	      { _M_deallocate(this->_M_impl._M_start, this->_M_impl._M_end_of_storage
163			      - this->_M_impl._M_start); }
164	
165	    public:
166	      _Vector_impl _M_impl;

Backtrace END
Fliping value of field: std::_Vector_base<int, std::allocator<int> >
Fliping value of field: _M_impl
Fliping value of field: _M_finish
Fliping a bit of the value pointed by a pointer
Memory content before bitflip:0x310x310x390x20
Fault Model: Random bit-flip
base address to flip value: 0x55555576e600
address max offset: 4
Memory content after  bitflip:0x1a0x610x4a0xa3
frame name: simulated_annealing
symbol name: solution
symbol filename: knapsacksa.cpp
symbol line: 40
value: std::vector of length 200, capacity 200 = {0, 0, 1, 0, 0, 1, 1, 1, 1, 0, 0, 0, 1, 1, 1, 0, 1, 1, 0, 0, 1, 1, 1, 0, 0, 0, 0, 0, 0, 0, 1, 1, 0, 0, 1, 1, 1, 1, 0, 0, 1, 0, 1, 1, 1, 1, 0, 1, 0, 1, 1, 1, 0, 0, 0, 0, 0, 1, 1, 0, 1, 0, 0, 0, 0, 0, 0, 0, 1, 1, 1, 1, 0, 1, 0, 0, 1, 0, 1, 0, 0, 1, 1, 1, 0, 1, 0, 0, 1, 0, 0, 1, 1, 0, 0, 1, 0, 0, 0, 1, 1, 0, 1, 1, 0, 0, 1, 1, 0, 0, 1, 1, 1, 1, 0, 1, 1, 1, 0, 0, 0, 1, 0, 1, 1, 0, 0, 0, 1, 0, 0, 0, 0, 0, 0, 1, 0, 1, 1, 0, 1, 0, 1, 0, 1, 1, 0, 0, 1, 1, 1, 0, 0, 0, 0, 1, 1, 1, 1, 1, 1, 0, 0, 0, 0, 1, 1, 0, 0, 0, 0, 1, 0, 0, 0, 1, 0, 0, 0, 1, 0, 1, 0, 0, 1, 0, 0, 0, 1, 0, 0, 1, 0, 0, 0, 1, 0, 1, 1, 0...}
value address: 0x7fffffffd970
Type: The type is a structure.
Type sizeof: 24
Field name: std::_Vector_base<int, std::allocator<int> >
Field Type: The type is a structure.
Field Type sizeof: 24

[INFO -- 2018-11-30 09:32:56]
Fault Injection Successful after 2.0865283012390137s
[INFO -- 2018-11-30 09:33:02]
event type: exit
[INFO -- 2018-11-30 09:33:02]
exit code: 0
