[INFO -- 2018-12-08 18:16:19]
Starting flip_value script
version: 1.1
[INFO -- 2018-12-08 18:16:19]
Initialization strings:
[INFO -- 2018-12-08 18:16:19]
(1) file /tmp/knapsack/ga
[INFO -- 2018-12-08 18:16:19]
initSignal:1
[INFO -- 2018-12-08 18:16:19]
endSignal:8
[INFO -- 2018-12-08 18:16:19]
faultModel:1
[INFO -- 2018-12-08 18:16:21]
Backtrace BEGIN:
#0  std::vector<int, std::allocator<int> >::operator[] (this=0x55555578adf0, __n=142) at /usr/include/c++/7/bits/stl_vector.h:799
#1  0x000055555555507b in cost (solution=std::vector of length 200, capacity 200 = {...}) at knapsackga.cpp:40
#2  0x000055555555589e in genetic_algorithm () at knapsackga.cpp:138
#3  0x0000555555555b6c in main () at knapsackga.cpp:165

794	      reference
795	      operator[](size_type __n) _GLIBCXX_NOEXCEPT
796	      {
797		__glibcxx_requires_subscript(__n);
798		return *(this->_M_impl._M_start + __n);
799	      }
800	
801	      /**
802	       *  @brief  Subscript access to the data contained in the %vector.
803	       *  @param __n The index of the element for which data should be

Backtrace END
Memory content before bitflip:0xf40xc10x060x00
Fault Model: Double bit-flip
base address to flip value: 0x7fffffffd828
address max offset: 4
Memory content after  bitflip:0xf80xc10x060x00
frame name: cost
symbol name: peso
symbol filename: knapsackga.cpp
symbol line: 38
value: 442872
value address: 0x7fffffffd828
Type: The type is an integer type.
Type sizeof: 4

[INFO -- 2018-12-08 18:16:21]
Fault Injection Successful after 2.844477653503418s
[INFO -- 2018-12-08 18:16:21]
event type: exit
[INFO -- 2018-12-08 18:16:21]
exit code: 0
