[INFO -- 2018-09-25 02:09:20]
Starting flip_value script
version: 1.1
[INFO -- 2018-09-25 02:09:20]
Initialization strings:
[INFO -- 2018-09-25 02:09:20]
(1) file /tmp/knapsack/ga
[INFO -- 2018-09-25 02:09:20]
initSignal:1
[INFO -- 2018-09-25 02:09:20]
endSignal:3.5
[INFO -- 2018-09-25 02:09:20]
faultModel:2
[INFO -- 2018-09-25 02:09:23]
Backtrace BEGIN:
#0  0x0000555555556363 in std::swap<int> (__a=@0x555555785950: 0, __b=@0x5555557862e0: 0) at /usr/include/c++/7/bits/move.h:198
#1  0x00005555555551e7 in crossover (pai=std::vector of length 200, capacity 200 = {...}, mae=std::vector of length 200, capacity 200 = {...}, filho1=std::vector of length 200, capacity 200 = {...}, filho2=std::vector of length 200, capacity 200 = {...}) at knapsackga.cpp:80
#2  0x000055555555548d in genetic_algorithm () at knapsackga.cpp:104
#3  0x00005555555558d7 in main () at knapsackga.cpp:137

193	#endif
194	    {
195	      // concept requirements
196	      __glibcxx_function_requires(_SGIAssignableConcept<_Tp>)
197	
198	      _Tp __tmp = _GLIBCXX_MOVE(__a);
199	      __a = _GLIBCXX_MOVE(__b);
200	      __b = _GLIBCXX_MOVE(__tmp);
201	    }
202	

Backtrace END
Fliping a bit of the value pointed by a reference
Fliping value of field: std::_Vector_base<int, std::allocator<int> >
Fliping value of field: _M_impl
Fliping value of field: _M_start
Fliping a bit of the value pointed by a pointer
Memory content before bitflip:0x000x000x000x00
Fault Model: Random bit-flip
base address to flip value: 0x555555785490
address max offset: 4
Memory content after  bitflip:0xe70x570x9c0xa9
frame name: crossover
symbol name: mae
symbol filename: knapsackga.cpp
symbol line: 71
value: std::vector of length 200, capacity 200 = {-1449371673, 1, 0, 0, 1, 1, 1, 0, 0, 0, 0, 0, 0, 1, 1, 1, 1, 0, 1, 1, 0, 0, 0, 0, 1, 0, 0, 0, 1, 0, 0, 0, 0, 1, 1, 0, 0, 1, 1, 1, 0, 1, 0, 0, 1, 0, 1, 0, 0, 0, 0, 1, 0, 0, 1, 1, 1, 0, 1, 1, 1, 0, 0, 0, 0, 0, 1, 0, 0, 0, 1, 1, 1, 1, 0, 1, 0, 0, 0, 1, 1, 0, 0, 1, 1, 0, 1, 0, 1, 0, 0, 1, 0, 0, 1, 0, 0, 0, 0, 0, 0, 0, 0, 1, 0, 1, 1, 1, 0, 0, 1, 0, 0, 1, 0, 1, 0, 0, 0, 1, 1, 0, 1, 0, 0, 0, 0, 1, 1, 1, 1, 0, 1, 0, 1, 0, 0, 0, 1, 0, 0, 0, 1, 0, 1, 0, 0, 0, 0, 1, 0, 0, 0, 0, 0, 0, 0, 1, 1, 1, 0, 0, 0, 0, 1, 0, 1, 0, 0, 1, 0, 0, 1, 0, 1, 0, 0, 0, 1, 0, 1, 0, 0, 1, 0, 0, 1, 0, 0, 0, 0, 0, 0, 0, 0, 0, 0, 0, 0, 1...}
value address: 0x7fffffffd930
Type: A reference type.
Type sizeof: 8

[INFO -- 2018-09-25 02:09:23]
Fault Injection Successful after 3.8541078567504883s
[INFO -- 2018-09-25 02:09:24]
event type: exit
[INFO -- 2018-09-25 02:09:24]
exit code: 0
