[INFO -- 2018-12-09 08:43:07]
Starting flip_value script
version: 1.1
[INFO -- 2018-12-09 08:43:07]
Initialization strings:
[INFO -- 2018-12-09 08:43:07]
(1) file /tmp/knapsack/ga
[INFO -- 2018-12-09 08:43:07]
initSignal:1
[INFO -- 2018-12-09 08:43:07]
endSignal:8
[INFO -- 2018-12-09 08:43:07]
faultModel:3
[INFO -- 2018-12-09 08:43:09]
Backtrace BEGIN:
#0  malloc (n=14) at dl-minimal.c:50
#1  <function called from gdb>
#2  __GI___libc_malloc (bytes=128) at malloc.c:3062
#3  0x00007ffff7adf458 in operator new(unsigned long) () from /usr/lib/x86_64-linux-gnu/libstdc++.so.6
#4  0x0000555555559cfe in __gnu_cxx::new_allocator<chromossome>::allocate (this=0x7fffffffd820, __n=4) at /usr/include/c++/7/ext/new_allocator.h:111
#5  0x000055555555928b in std::allocator_traits<std::allocator<chromossome> >::allocate (__a=..., __n=4) at /usr/include/c++/7/bits/alloc_traits.h:436
#6  0x0000555555558302 in std::_Vector_base<chromossome, std::allocator<chromossome> >::_M_allocate (this=0x7fffffffd820, __n=4) at /usr/include/c++/7/bits/stl_vector.h:172
#7  0x0000555555556dfa in std::vector<chromossome, std::allocator<chromossome> >::_M_realloc_insert<chromossome const&> (this=0x7fffffffd820, __position={solution = std::vector of length 36, capacity 0 = {<error reading variable>, __args#0=...) at /usr/include/c++/7/bits/vector.tcc:406
#8  0x0000555555556012 in std::vector<chromossome, std::allocator<chromossome> >::push_back (this=0x7fffffffd820, __x=...) at /usr/include/c++/7/bits/stl_vector.h:948
#9  0x0000555555555230 in tournament (pop=std::vector of length 40, capacity 64 = {...}) at knapsackga.cpp:84
#10 0x0000555555555653 in genetic_algorithm () at knapsackga.cpp:128
#11 0x0000555555555b6c in main () at knapsackga.cpp:165

45	dl-minimal.c: No such file or directory.

Backtrace END
Fliping value of field: std::_Vector_base<int, std::allocator<int> >
Fliping value of field: _M_impl
Fliping value of field: _M_finish
Fliping a bit of the pointer
Memory content before bitflip:0x000x000x000x000x000x000x000x00
Fault Model: Zero bit-flip
base address to flip value: 0x7fffffffd908
address max offset: 8
Memory content after  bitflip:0x000x000x000x000x000x000x000x00
frame name: genetic_algorithm
symbol name: filho1
symbol filename: knapsackga.cpp
symbol line: 127
value: std::vector of length 0, capacity 0
value address: 0x7fffffffd900
Type: The type is a structure.
Type sizeof: 24
Field name: std::_Vector_base<int, std::allocator<int> >
Field Type: The type is a structure.
Field Type sizeof: 24

[INFO -- 2018-12-09 08:43:09]
Fault Injection Successful after 2.8811392784118652s
[INFO -- 2018-12-09 08:43:15]
event type: exit
[INFO -- 2018-12-09 08:43:15]
exit code: 0
