[INFO -- 2018-12-08 09:41:04]
Starting flip_value script
version: 1.1
[INFO -- 2018-12-08 09:41:04]
Initialization strings:
[INFO -- 2018-12-08 09:41:04]
(1) file /tmp/knapsack/sa
[INFO -- 2018-12-08 09:41:04]
initSignal:0
[INFO -- 2018-12-08 09:41:04]
endSignal:9
[INFO -- 2018-12-08 09:41:04]
faultModel:4
[INFO -- 2018-12-08 09:41:08]
Backtrace BEGIN:
#0  0x0000555555555210 in cost (solution=std::vector of length 200, capacity 200 = {...}) at knapsacksa.cpp:70
#1  0x000055555555534c in simulated_annealing () at knapsacksa.cpp:92
#2  0x0000555555555658 in main () at knapsacksa.cpp:146

65	    if(peso != peso2 || valor != valor2){
66	        exit_gracefully();
67	    }
68	
69	    if(peso > W){
70	        return 99999999;
71	    }
72	    else{
73	        return -valor;
74	    }

Backtrace END
Memory content before bitflip:0x310xfb0x080x00
Fault Model: LSB bit-flip
base address to flip value: 0x555555759030 
address max offset: 4
Memory content after  bitflip:0x310xfb0x080x20
frame name: main
symbol name: W
symbol filename: knapsacksa.cpp
symbol line: 13
value: 537459505
value address: 0x555555759030 <W>
Type: The type is an integer type.
Type sizeof: 4

[INFO -- 2018-12-08 09:41:08]
Fault Injection Successful after 4.322494029998779s
[INFO -- 2018-12-08 09:41:08]
event type: exit
[INFO -- 2018-12-08 09:41:08]
exit code: 0
