[INFO -- 2018-12-01 02:24:15]
Starting flip_value script
version: 1.1
[INFO -- 2018-12-01 02:24:15]
Initialization strings:
[INFO -- 2018-12-01 02:24:15]
(1) file /tmp/knapsack/ga
[INFO -- 2018-12-01 02:24:15]
initSignal:0
[INFO -- 2018-12-01 02:24:15]
endSignal:13
[INFO -- 2018-12-01 02:24:15]
faultModel:1
[EXCEPTION -- 2018-12-01 02:24:16]
pythonException: Unable to exit loop in struct fields; Exiting wihtout making a bit flip
[INFO -- 2018-12-01 02:24:16]
Backtrace BEGIN:
#0  0x0000555555555052 in cost (solution=std::vector of length 200, capacity 200 = {...}) at knapsackga.cpp:26
#1  0x000055555555578e in genetic_algorithm () at knapsackga.cpp:112
#2  0x0000555555555a9b in main () at knapsackga.cpp:141

21	}
22	
23	int cost(vector<int> &solution){
24	    int peso=0, valor=0;
25	    for(int i=0; i < n; i++){
26	        peso += solution[i] * wt[i];
27	        valor += solution[i] * val[i];
28	    }
29	
30	    if(peso > W){

Backtrace END
Memory content before bitflip:0x310xfb0x080x00
Fault Model: Double bit-flip
base address to flip value: 0x55555575f17c 
address max offset: 4
Memory content after  bitflip:0x310xfb0x080x0c
frame name: main
symbol name: W
symbol filename: knapsackga.cpp
symbol line: 16
value: 201915185
value address: 0x55555575f17c <W>
Type: The type is an integer type.
Type sizeof: 4

[INFO -- 2018-12-01 02:24:16]
Fault Injection Successful after 1.9055824279785156s
[INFO -- 2018-12-01 02:24:27]
event type: exit
[INFO -- 2018-12-01 02:24:27]
exit code: 0
