[INFO -- 2018-12-02 02:08:40]
Starting flip_value script
version: 1.1
[INFO -- 2018-12-02 02:08:40]
Initialization strings:
[INFO -- 2018-12-02 02:08:40]
(1) file /tmp/knapsack/ga
[INFO -- 2018-12-02 02:08:40]
initSignal:0
[INFO -- 2018-12-02 02:08:40]
endSignal:13
[INFO -- 2018-12-02 02:08:40]
faultModel:3
[INFO -- 2018-12-02 02:08:46]
Backtrace BEGIN:
#0  0x000055555555976d in std::swap<int*> (__a=@0x555555776410: 0x0, __b=@0x555555776390: 0x555555780510) at /usr/include/c++/7/bits/move.h:199
#1  0x000055555555874f in std::_Vector_base<int, std::allocator<int> >::_Vector_impl::_M_swap_data (this=0x555555776400, __x=...) at /usr/include/c++/7/bits/stl_vector.h:107
#2  0x000055555555726d in std::_Vector_base<int, std::allocator<int> >::_Vector_base (this=0x555555776400, __x=...) at /usr/include/c++/7/bits/stl_vector.h:146
#3  0x00005555555561fc in std::vector<int, std::allocator<int> >::vector (this=0x555555776400, __x=...) at /usr/include/c++/7/bits/stl_vector.h:345
#4  0x000055555555948d in chromossome::chromossome (this=0x555555776400) at knapsackga.cpp:42
#5  0x000055555555ad28 in std::_Construct<chromossome, chromossome> (__p=0x555555776400, __args#0=...) at /usr/include/c++/7/bits/stl_construct.h:75
#6  0x000055555555a66c in std::__uninitialized_copy<false>::__uninit_copy<std::move_iterator<chromossome*>, chromossome*> (__first=..., __last=..., __result=0x555555776400) at /usr/include/c++/7/bits/stl_uninitialized.h:83
#7  0x0000555555559ced in std::uninitialized_copy<std::move_iterator<chromossome*>, chromossome*> (__first=..., __last=..., __result=0x555555776400) at /usr/include/c++/7/bits/stl_uninitialized.h:134
#8  0x00005555555592a8 in std::__uninitialized_copy_a<std::move_iterator<chromossome*>, chromossome*, chromossome> (__first=..., __last=..., __result=0x555555776400) at /usr/include/c++/7/bits/stl_uninitialized.h:289
#9  0x0000555555558351 in std::__uninitialized_move_if_noexcept_a<chromossome*, chromossome*, std::allocator<chromossome> > (__first=0x555555776380, __last=0x5555557763a0, __result=0x555555776400, __alloc=...) at /usr/include/c++/7/bits/stl_uninitialized.h:312
#10 0x0000555555556e42 in std::vector<chromossome, std::allocator<chromossome> >::_M_realloc_insert<chromossome const&> (this=0x7fffffffd8d0, __position={solution = std::vector of length 20, capacity 0 = {<error reading variable>, __args#0=...) at /usr/include/c++/7/bits/vector.tcc:424
#11 0x0000555555555fb8 in std::vector<chromossome, std::allocator<chromossome> >::push_back (this=0x7fffffffd8d0, __x=...) at /usr/include/c++/7/bits/stl_vector.h:948
#12 0x000055555555515c in tournament (pop=std::vector of length 40, capacity 64 = {...}) at knapsackga.cpp:63
#13 0x0000555555555543 in genetic_algorithm () at knapsackga.cpp:102
#14 0x0000555555555a9b in main () at knapsackga.cpp:141

194	    {
195	      // concept requirements
196	      __glibcxx_function_requires(_SGIAssignableConcept<_Tp>)
197	
198	      _Tp __tmp = _GLIBCXX_MOVE(__a);
199	      __a = _GLIBCXX_MOVE(__b);
200	      __b = _GLIBCXX_MOVE(__tmp);
201	    }
202	
203	  // _GLIBCXX_RESOLVE_LIB_DEFECTS

Backtrace END
Fliping a bit of the pointer
Memory content before bitflip:0x000x000x000x000x000x000x000x00
Fault Model: Zero bit-flip
base address to flip value: 0x7fffffffd630
address max offset: 8
Memory content after  bitflip:0x000x000x000x000x000x000x000x00
frame name: std::swap<int*>
symbol name: __tmp
symbol filename: /usr/include/c++/7/bits/move.h
symbol line: 198
value: 0x0
value address: 0x7fffffffd630
Type: The type is a pointer.
Type sizeof: 8

[INFO -- 2018-12-02 02:08:46]
Fault Injection Successful after 6.226844787597656s
[INFO -- 2018-12-02 02:08:52]
event type: exit
[INFO -- 2018-12-02 02:08:52]
exit code: 0
