[INFO -- 2018-12-08 09:27:07]
Starting flip_value script
version: 1.1
[INFO -- 2018-12-08 09:27:07]
Initialization strings:
[INFO -- 2018-12-08 09:27:07]
(1) file /tmp/knapsack/sa
[INFO -- 2018-12-08 09:27:07]
initSignal:0
[INFO -- 2018-12-08 09:27:07]
endSignal:9
[INFO -- 2018-12-08 09:27:07]
faultModel:2
[INFO -- 2018-12-08 09:27:11]
Backtrace BEGIN:
#0  0x00005555555551df in cost (solution=std::vector of length 200, capacity 200 = {...}) at knapsacksa.cpp:63
#1  0x000055555555534c in simulated_annealing () at knapsacksa.cpp:92
#2  0x0000555555555658 in main () at knapsacksa.cpp:146

58	        peso += solution[i] * wt[i];
59	        valor += solution[i] * val[i];
60	    }
61	    for(int i=0; i < n; i++){
62	        peso2 += solution[i] * wt2[i];
63	        valor2 += solution[i] * val2[i];
64	    }
65	    if(peso != peso2 || valor != valor2){
66	        exit_gracefully();
67	    }

Backtrace END
Memory content before bitflip:0x310xfb0x080x00
Fault Model: Random bit-flip
base address to flip value: 0x555555759034 
address max offset: 4
Memory content after  bitflip:0xb70xc70x780x18
frame name: cost
symbol name: W2
symbol filename: knapsacksa.cpp
symbol line: 13
value: 410568631
value address: 0x555555759034 <W2>
Type: The type is an integer type.
Type sizeof: 4

[INFO -- 2018-12-08 09:27:11]
Fault Injection Successful after 4.695047378540039s
[INFO -- 2018-12-08 09:27:11]
event type: exit
[INFO -- 2018-12-08 09:27:11]
exit code: 0
