[INFO -- 2018-09-23 15:58:26]
Starting flip_value script
version: 1.1
[INFO -- 2018-09-23 15:58:26]
Initialization strings:
[INFO -- 2018-09-23 15:58:26]
(1) file /tmp/knapsack/sa
[INFO -- 2018-09-23 15:58:26]
initSignal:0
[INFO -- 2018-09-23 15:58:26]
endSignal:2
[INFO -- 2018-09-23 15:58:26]
faultModel:2
[EXCEPTION -- 2018-09-23 15:58:27]
pythonException: empty range for randrange() (0,0, 0)
[INFO -- 2018-09-23 15:58:27]
Backtrace BEGIN:
#0  std::vector<int, std::allocator<int> >::operator[] (this=0x555555759030 <val>, __n=136) at /usr/include/c++/7/bits/stl_vector.h:799
#1  0x0000555555554fde in cost (solution=std::vector of length 200, capacity 200 = {...}) at knapsacksa.cpp:29
#2  0x000055555555511f in simulated_annealing () at knapsacksa.cpp:50
#3  0x000055555555535e in main () at knapsacksa.cpp:84

794	      reference
795	      operator[](size_type __n) _GLIBCXX_NOEXCEPT
796	      {
797		__glibcxx_requires_subscript(__n);
798		return *(this->_M_impl._M_start + __n);
799	      }
800	
801	      /**
802	       *  @brief  Subscript access to the data contained in the %vector.
803	       *  @param __n The index of the element for which data should be

Backtrace END
Fliping value of field: std::_Vector_base<int, std::allocator<int> >
Fliping value of field: _M_impl
Fliping value of field: _M_end_of_storage
Fliping a bit of the pointer
Memory content before bitflip:0x200x1a0x770x550x550x550x000x00
Fault Model: Random bit-flip
base address to flip value: 0x7fffffffda40
address max offset: 8
Memory content after  bitflip:0xcd0x280x830x670x3d0x690x760x3c
frame name: simulated_annealing
symbol name: s
symbol filename: knapsacksa.cpp
symbol line: 47
value: std::vector of length 200, capacity 1089172894245913715 = {0, 0, 0, 0, 1, 1, 1, 1, 0, 1, 1, 0, 0, 0, 1, 1, 1, 1, 1, 0, 1, 1, 0, 0, 1, 0, 0, 0, 0, 1, 0, 1, 1, 0, 1, 0, 1, 0, 1, 1, 1, 0, 1, 0, 1, 1, 0, 0, 1, 1, 0, 1, 1, 1, 1, 1, 0, 1, 1, 0, 1, 0, 1, 0, 1, 1, 1, 0, 0, 0, 1, 1, 0, 0, 0, 1, 1, 1, 1, 0, 0, 1, 0, 0, 0, 1, 1, 0, 0, 0, 0, 1, 1, 0, 0, 0, 0, 1, 1, 1, 0, 0, 1, 1, 0, 0, 1, 1, 1, 1, 0, 0, 0, 0, 1, 1, 1, 1, 0, 1, 0, 0, 1, 0, 1, 0, 0, 1, 1, 0, 0, 1, 0, 0, 1, 1, 0, 1, 0, 0, 0, 0, 0, 0, 1, 1, 0, 0, 1, 0, 0, 0, 1, 1, 0, 0, 1, 1, 0, 1, 0, 1, 1, 1, 0, 1, 0, 0, 1, 1, 0, 0, 0, 1, 1, 0, 0, 0, 0, 1, 1, 0, 0, 1, 1, 0, 0, 0, 0, 0, 0, 0, 1, 1, 1, 1, 0, 1, 0, 1...}
value address: 0x7fffffffda30
Type: The type is a structure.
Type sizeof: 24
Field name: std::_Vector_base<int, std::allocator<int> >
Field Type: The type is a structure.
Field Type sizeof: 24

[INFO -- 2018-09-23 15:58:27]
Fault Injection Successful after 1.6418242454528809s
[INFO -- 2018-09-23 15:58:29]
event type: exit
[INFO -- 2018-09-23 15:58:29]
exit code: 0
