[INFO -- 2018-12-08 18:50:45]
Starting flip_value script
version: 1.1
[INFO -- 2018-12-08 18:50:45]
Initialization strings:
[INFO -- 2018-12-08 18:50:45]
(1) file /tmp/knapsack/ga
[INFO -- 2018-12-08 18:50:45]
initSignal:1
[INFO -- 2018-12-08 18:50:45]
endSignal:8
[INFO -- 2018-12-08 18:50:45]
faultModel:1
[INFO -- 2018-12-08 18:50:46]
Backtrace BEGIN:
#0  std::vector<int, std::allocator<int> >::operator[] (this=0x55555578aed0, __n=158) at /usr/include/c++/7/bits/stl_vector.h:798
#1  0x000055555555512c in cost (solution=std::vector of length 200, capacity 200 = {...}) at knapsackga.cpp:45
#2  0x000055555555589e in genetic_algorithm () at knapsackga.cpp:138
#3  0x0000555555555b6c in main () at knapsackga.cpp:165

793	       */
794	      reference
795	      operator[](size_type __n) _GLIBCXX_NOEXCEPT
796	      {
797		__glibcxx_requires_subscript(__n);
798		return *(this->_M_impl._M_start + __n);
799	      }
800	
801	      /**
802	       *  @brief  Subscript access to the data contained in the %vector.

Backtrace END
Memory content before bitflip:0x2b0xfb0x080x00
Fault Model: Double bit-flip
base address to flip value: 0x7fffffffd828
address max offset: 4
Memory content after  bitflip:0x2b0xfb0x0d0x00
frame name: cost
symbol name: peso
symbol filename: knapsackga.cpp
symbol line: 38
value: 916267
value address: 0x7fffffffd828
Type: The type is an integer type.
Type sizeof: 4

[INFO -- 2018-12-08 18:50:46]
Fault Injection Successful after 1.8800289630889893s
[INFO -- 2018-12-08 18:50:46]
event type: exit
[INFO -- 2018-12-08 18:50:46]
exit code: 0
