[INFO -- 2018-09-23 13:48:41]
Starting flip_value script
version: 1.1
[INFO -- 2018-09-23 13:48:41]
Initialization strings:
[INFO -- 2018-09-23 13:48:41]
(1) file /tmp/knapsack/sa
[INFO -- 2018-09-23 13:48:41]
initSignal:0
[INFO -- 2018-09-23 13:48:41]
endSignal:2
[INFO -- 2018-09-23 13:48:41]
faultModel:3
[INFO -- 2018-09-23 13:48:42]
Backtrace BEGIN:
#0  std::vector<int, std::allocator<int> >::operator[] (this=0x555555759050 <wt>, __n=17) at /usr/include/c++/7/bits/stl_vector.h:795
#1  0x0000555555554fc8 in cost (solution=std::vector of length 200, capacity 200 = {...}) at knapsacksa.cpp:29
#2  0x000055555555511f in simulated_annealing () at knapsacksa.cpp:50
#3  0x000055555555535e in main () at knapsacksa.cpp:84

790	       *  Note that data access with this operator is unchecked and
791	       *  out_of_range lookups are not defined. (For checked lookups
792	       *  see at().)
793	       */
794	      reference
795	      operator[](size_type __n) _GLIBCXX_NOEXCEPT
796	      {
797		__glibcxx_requires_subscript(__n);
798		return *(this->_M_impl._M_start + __n);
799	      }

Backtrace END
Fliping a bit of the pointer
Memory content before bitflip:0x500x900x750x550x550x550x000x00
Fault Model: Zero bit-flip
base address to flip value: 0x7fffffffd988
address max offset: 8
Memory content after  bitflip:0x000x000x000x000x000x000x000x00
frame name: std::vector<int, std::allocator<int> >::operator[]
symbol name: this
symbol filename: knapsacksa.cpp
symbol line: 0
value: 0x555555759050 <wt>
value address: 0x7fffffffd988
Type: The type is a pointer.
Type sizeof: 8

[INFO -- 2018-09-23 13:48:42]
Fault Injection Successful after 1.261854887008667s
[INFO -- 2018-09-23 13:48:44]
event type: exit
[INFO -- 2018-09-23 13:48:44]
exit code: 0
