[INFO -- 2018-12-08 22:07:56]
Starting flip_value script
version: 1.1
[INFO -- 2018-12-08 22:07:56]
Initialization strings:
[INFO -- 2018-12-08 22:07:56]
(1) file /tmp/knapsack/ga
[INFO -- 2018-12-08 22:07:56]
initSignal:1
[INFO -- 2018-12-08 22:07:56]
endSignal:8
[INFO -- 2018-12-08 22:07:56]
faultModel:1
[INFO -- 2018-12-08 22:07:58]
Backtrace BEGIN:
#0  0x00005555555550b0 in cost (solution=std::vector of length 200, capacity 200 = {...}) at knapsackga.cpp:41
#1  0x000055555555589e in genetic_algorithm () at knapsackga.cpp:138
#2  0x0000555555555b6c in main () at knapsackga.cpp:165

36	    }
37	
38	    int peso=0, peso2=0, valor=0, valor2=0;
39	    for(int i=0; i < n; i++){
40	        peso += solution[i] * wt[i];
41	        valor += solution[i] * val[i];
42	    }
43	    for(int i=0; i < n; i++){
44	        peso2 += solution[i] * wt2[i];
45	        valor2 += solution[i] * val2[i];

Backtrace END
Fliping a bit of the reference
Memory content before bitflip:0x000x4f0x780x550x550x550x000x00
Fault Model: Double bit-flip
base address to flip value: 0x55555578adf0
address max offset: 8
Memory content after  bitflip:0x000x7f0x780x550x550x550x000x00
frame name: cost
symbol name: solution
symbol filename: knapsackga.cpp
symbol line: 33
value: std::vector of length -2872, capacity -2872 = {1, 0, 0, 0, 1, 0, 0, 0, 1, 1, 1, 0, 1, 0, 1, 0, 0, 0, 0, 0, 1, 0, 0, 1, 1, 0, 1, 1, 1, 0, 0, 0, 0, 0, 0, 0, 0, 0, 0, 1, 816, 0, 817, 0, 1433963632, 21845, 0, 0, 1, 1, 0, 0, 0, 0, 0, 0, 0, 1, 1, 1, 1, 0, 0, 0, 0, 0, 0, 0, 1, 0, 0, 1, 1, 0, 0, 0, 0, 1, 1, 0, 0, 1, 1, 1, 0, 0, 0, 0, 1, 0, 1, 0, 1, 0, 0, 1, 1, 0, 1, 1, 1, 0, 0, 1, 1, 1, 1, 0, 0, 0, 1, 0, 0, 0, 0, 0, 0, 0, 1, 1, 0, 0, 0, 1, 1, 0, 0, 1, 1, 0, 1, 0, 1, 0, 0, 1, 0, 0, 1, 0, 0, 0, 0, 0, 0, 1, 0, 1, 0, 1, 0, 1, 0, 0, 0, 0, 1, 1, 0, 1, 0, 0, 1, 1, 1, 0, 1, 1, 0, 0, 1, 0, 1, 1, 1, 1, 0, 0, 1, 0, 0, 1, 1, 0, 0, 0, 1, 0, 1, 0, 0, 0, 0, 1, 0, 0, 0, 1, 0, 0...}
value address: 0x55555578adf0
Type: A reference type.
Type sizeof: 8

[INFO -- 2018-12-08 22:07:58]
Fault Injection Successful after 2.580315589904785s
[INFO -- 2018-12-08 22:07:58]
event type: exit
[INFO -- 2018-12-08 22:07:58]
exit code: 0
