[INFO -- 2018-12-09 02:54:51]
Starting flip_value script
version: 1.1
[INFO -- 2018-12-09 02:54:51]
Initialization strings:
[INFO -- 2018-12-09 02:54:51]
(1) file /tmp/knapsack/ga
[INFO -- 2018-12-09 02:54:51]
initSignal:1
[INFO -- 2018-12-09 02:54:51]
endSignal:8
[INFO -- 2018-12-09 02:54:51]
faultModel:2
[EXCEPTION -- 2018-12-09 02:54:54]
pythonException: Unable to exit loop in struct fields; Exiting wihtout making a bit flip
[INFO -- 2018-12-09 02:54:55]
Backtrace BEGIN:
#0  std::vector<int, std::allocator<int> >::operator[] (this=0x55555575f050 <val2>, __n=181) at /usr/include/c++/7/bits/stl_vector.h:795
#1  0x00005555555550f9 in cost (solution=std::vector of length 200, capacity 200 = {...}) at knapsackga.cpp:44
#2  0x000055555555589e in genetic_algorithm () at knapsackga.cpp:138
#3  0x0000555555555b6c in main () at knapsackga.cpp:165

790	       *  Note that data access with this operator is unchecked and
791	       *  out_of_range lookups are not defined. (For checked lookups
792	       *  see at().)
793	       */
794	      reference
795	      operator[](size_type __n) _GLIBCXX_NOEXCEPT
796	      {
797		__glibcxx_requires_subscript(__n);
798		return *(this->_M_impl._M_start + __n);
799	      }

Backtrace END
Memory content before bitflip:0x7f0xca0x070x00
Fault Model: Random bit-flip
base address to flip value: 0x7fffffffd830
address max offset: 4
Memory content after  bitflip:0xe60x600xe60x45
frame name: cost
symbol name: valor
symbol filename: knapsackga.cpp
symbol line: 38
value: 1172725990
value address: 0x7fffffffd830
Type: The type is an integer type.
Type sizeof: 4

[INFO -- 2018-12-09 02:54:55]
Fault Injection Successful after 4.069257974624634s
[INFO -- 2018-12-09 02:54:55]
event type: exit
[INFO -- 2018-12-09 02:54:55]
exit code: 0
