[INFO -- 2018-12-02 03:55:26]
Starting flip_value script
version: 1.1
[INFO -- 2018-12-02 03:55:26]
Initialization strings:
[INFO -- 2018-12-02 03:55:26]
(1) file /tmp/knapsack/ga
[INFO -- 2018-12-02 03:55:26]
initSignal:0
[INFO -- 2018-12-02 03:55:26]
endSignal:13
[INFO -- 2018-12-02 03:55:26]
faultModel:1
[INFO -- 2018-12-02 03:55:33]
Backtrace BEGIN:
#0  std::allocator<int>::~allocator (this=0x7fffffffd8c7, __in_chrg=<optimized out>) at /usr/include/c++/7/bits/allocator.h:139
#1  0x0000555555555250 in crossover (pai=std::vector of length 200, capacity 200 = {...}, mae=std::vector of length 200, capacity 200 = {...}, filho1=std::vector of length 0, capacity 0, filho2=std::vector of length 0, capacity 0) at knapsackga.cpp:72
#2  0x00005555555555c7 in genetic_algorithm () at knapsackga.cpp:104
#3  0x0000555555555aab in main () at knapsackga.cpp:143

134	      : __allocator_base<_Tp>(__a) { }
135	
136	      template<typename _Tp1>
137		allocator(const allocator<_Tp1>&) throw() { }
138	
139	      ~allocator() throw() { }
140	
141	      // Inherit everything else.
142	    };
143	

Backtrace END
Memory content before bitflip:0x310xfb0x080x00
Fault Model: Double bit-flip
base address to flip value: 0x55555575f17c 
address max offset: 4
Memory content after  bitflip:0x310x7f0x080x00
frame name: main
symbol name: W
symbol filename: knapsackga.cpp
symbol line: 16
value: 556849
value address: 0x55555575f17c <W>
Type: The type is an integer type.
Type sizeof: 4

[INFO -- 2018-12-02 03:55:33]
Fault Injection Successful after 7.359100580215454s
[INFO -- 2018-12-02 03:55:39]
event type: exit
[INFO -- 2018-12-02 03:55:39]
exit code: 0
