[INFO -- 2018-12-08 20:50:22]
Starting flip_value script
version: 1.1
[INFO -- 2018-12-08 20:50:22]
Initialization strings:
[INFO -- 2018-12-08 20:50:22]
(1) file /tmp/knapsack/ga
[INFO -- 2018-12-08 20:50:22]
initSignal:1
[INFO -- 2018-12-08 20:50:22]
endSignal:8
[INFO -- 2018-12-08 20:50:22]
faultModel:4
[INFO -- 2018-12-08 20:50:27]
Backtrace BEGIN:
#0  0x0000555555555e86 in std::vector<int, std::allocator<int> >::operator[] (this=0x7fffffffd920, __n=121) at /usr/include/c++/7/bits/stl_vector.h:798
#1  0x00005555555553c8 in crossover (pai=std::vector of length 200, capacity 200 = {...}, mae=std::vector of length 200, capacity 200 = {...}, filho1=std::vector of length 200, capacity 200 = {...}, filho2=std::vector of length 200, capacity 200 = {...}) at knapsackga.cpp:101
#2  0x00005555555556d7 in genetic_algorithm () at knapsackga.cpp:130
#3  0x0000555555555b6c in main () at knapsackga.cpp:165

793	       */
794	      reference
795	      operator[](size_type __n) _GLIBCXX_NOEXCEPT
796	      {
797		__glibcxx_requires_subscript(__n);
798		return *(this->_M_impl._M_start + __n);
799	      }
800	
801	      /**
802	       *  @brief  Subscript access to the data contained in the %vector.

Backtrace END
Memory content before bitflip:0x310xfb0x080x00
Fault Model: LSB bit-flip
base address to flip value: 0x55555575f0b4 
address max offset: 4
Memory content after  bitflip:0x310xfb0x080x08
frame name: std::vector<int, std::allocator<int> >::operator[]
symbol name: W2
symbol filename: knapsackga.cpp
symbol line: 18
value: 134806321
value address: 0x55555575f0b4 <W2>
Type: The type is an integer type.
Type sizeof: 4

[INFO -- 2018-12-08 20:50:27]
Fault Injection Successful after 5.9201788902282715s
[INFO -- 2018-12-08 20:50:27]
event type: exit
[INFO -- 2018-12-08 20:50:27]
exit code: 0
