[INFO -- 2018-09-25 20:40:45]
Starting flip_value script
version: 1.1
[INFO -- 2018-09-25 20:40:45]
Initialization strings:
[INFO -- 2018-09-25 20:40:45]
(1) file /tmp/knapsack/ga
[INFO -- 2018-09-25 20:40:45]
initSignal:1
[INFO -- 2018-09-25 20:40:45]
endSignal:3.5
[INFO -- 2018-09-25 20:40:45]
faultModel:4
[INFO -- 2018-09-25 20:40:46]
Backtrace BEGIN:
#0  std::vector<int, std::allocator<int> >::operator[] (this=0x400e2f <rand_bit()+9>, __n=96) at /usr/include/c++/5/bits/stl_vector.h:779
#1  0x00000000004010c3 in crossover (pai=std::vector of length 200, capacity 200 = {...}, mae=std::vector of length 200, capacity 200 = {...}, filho1=std::vector of length 0, capacity 0, filho2=std::vector of length 0, capacity 0) at knapsackga.cpp:74
#2  0x0000000000401409 in genetic_algorithm () at knapsackga.cpp:104
#3  0x0000000000401844 in main () at knapsackga.cpp:137

774	       *  Note that data access with this operator is unchecked and
775	       *  out_of_range lookups are not defined. (For checked lookups
776	       *  see at().)
777	       */
778	      reference
779	      operator[](size_type __n) _GLIBCXX_NOEXCEPT
780	      { return *(this->_M_impl._M_start + __n); }
781	
782	      /**
783	       *  @brief  Subscript access to the data contained in the %vector.

Backtrace END
Memory content before bitflip:0x310xfb0x080x00
Fault Model: LSB bit-flip
base address to flip value: 0x60b13c 
address max offset: 4
Memory content after  bitflip:0x310xfb0x080x02
frame name: main
symbol name: W
symbol filename: knapsackga.cpp
symbol line: 16
value: 34143025
value address: 0x60b13c <W>
Type: The type is an integer type.
Type sizeof: 4

[INFO -- 2018-09-25 20:40:46]
Fault Injection Successful after 1.426579475402832s
[INFO -- 2018-09-25 20:40:52]
event type: exit
[INFO -- 2018-09-25 20:40:52]
exit code: 0
