[INFO -- 2018-11-30 06:41:37]
Starting flip_value script
version: 1.1
[INFO -- 2018-11-30 06:41:37]
Initialization strings:
[INFO -- 2018-11-30 06:41:37]
(1) file /tmp/knapsack/sa
[INFO -- 2018-11-30 06:41:37]
initSignal:0
[INFO -- 2018-11-30 06:41:37]
endSignal:7
[INFO -- 2018-11-30 06:41:37]
faultModel:0
[INFO -- 2018-11-30 06:41:40]
Backtrace BEGIN:
#0  0x0000555555556829 in std::uninitialized_copy<__gnu_cxx::__normal_iterator<int const*, std::vector<int, std::allocator<int> > >, int*> (__first=1, __last=540619057, __result=0x55555576e610) at /usr/include/c++/7/bits/stl_uninitialized.h:135
#1  0x0000555555556071 in std::__uninitialized_copy_a<__gnu_cxx::__normal_iterator<int const*, std::vector<int, std::allocator<int> > >, int*, int> (__first=1, __last=540619057, __result=0x55555576e610) at /usr/include/c++/7/bits/stl_uninitialized.h:289
#2  0x0000555555555943 in std::vector<int, std::allocator<int> >::vector (this=0x7fffffffd990, __x=std::vector of length 200, capacity 200 = {...}) at /usr/include/c++/7/bits/stl_vector.h:331
#3  0x0000555555555204 in simulated_annealing () at knapsacksa.cpp:49
#4  0x0000555555555522 in main () at knapsacksa.cpp:85

130	
131	      return std::__uninitialized_copy<__is_trivial(_ValueType1)
132					       && __is_trivial(_ValueType2)
133					       && __assignable>::
134		__uninit_copy(__first, __last, __result);
135	    }
136	
137	
138	  template<bool _TrivialValueType>
139	    struct __uninitialized_fill

Backtrace END
Memory content before bitflip:0x3b0x850xfd0x05
Fault Model: Single bit-flip
base address to flip value: 0x7fffffffd96c
address max offset: 4
Memory content after  bitflip:0x3b0x850xff0x05
frame name: simulated_annealing
symbol name: delta
symbol filename: knapsacksa.cpp
symbol line: 53
value: 100631867
value address: 0x7fffffffd96c
Type: The type is an integer type.
Type sizeof: 4

[INFO -- 2018-11-30 06:41:40]
Fault Injection Successful after 3.0875892639160156s
[INFO -- 2018-11-30 06:41:45]
event type: exit
[INFO -- 2018-11-30 06:41:45]
exit code: 0
