[INFO -- 2018-12-08 13:55:14]
sending 5 signals using command: 'killall -2 mf' after 1.48816798929s
[INFO -- 2018-12-08 13:55:14]
sending 5 signals using command: 'killall -2 mf' after 1.50295544023s
[INFO -- 2018-12-08 13:55:15]
sending 5 signals using command: 'killall -2 mf' after 2.63152256233s
[INFO -- 2018-12-08 13:55:15]
Starting GDB script
[INFO -- 2018-12-08 13:55:15]
initSignal:1.0
[INFO -- 2018-12-08 13:55:15]
endSignal:3.0
[INFO -- 2018-12-08 13:55:17]
sending 5 signals using command: 'killall -2 mf' after 2.01425960331s
[INFO -- 2018-12-08 13:55:17]
sending 5 signals using command: 'killall -2 mf' after 2.1589124604s
[INFO -- 2018-12-08 13:55:18]
sending 5 signals using command: 'killall -2 mf' after 2.5414271238s
[INFO -- 2018-12-08 13:55:21]
Execution finished before waitTime
