[INFO -- 2018-12-09 06:31:31]
Starting flip_value script
version: 1.1
[INFO -- 2018-12-09 06:31:31]
Initialization strings:
[INFO -- 2018-12-09 06:31:31]
(1) file /tmp/knapsack/ga
[INFO -- 2018-12-09 06:31:31]
initSignal:1
[INFO -- 2018-12-09 06:31:31]
endSignal:8
[INFO -- 2018-12-09 06:31:31]
faultModel:3
[INFO -- 2018-12-09 06:31:37]
Backtrace BEGIN:
#0  crossover (pai=std::vector of length 200, capacity 200 = {...}, mae=std::vector of length 200, capacity 200 = {...}, filho1=std::vector of length 0, capacity 0, filho2=std::vector of length 0, capacity 0) at knapsackga.cpp:95
#1  0x00005555555556d7 in genetic_algorithm () at knapsackga.cpp:130
#2  0x0000555555555b6c in main () at knapsackga.cpp:165

90	}
91	
92	void crossover(vector<int> &pai, vector<int> &mae, vector<int> &filho1, vector<int> &filho2){
93	    vector<int> mask(n);
94	    for(int i = 0; i < n; i++){
95	        mask[i] = rand_bit();
96	    }
97	    filho1 = pai;
98	    filho2 = mae;
99	    for(int i = 0; i < n; i++){

Backtrace END
Memory content before bitflip:0x310xfb0x080x00
Fault Model: Zero bit-flip
base address to flip value: 0x55555575f0b4 
address max offset: 4
Memory content after  bitflip:0x000x000x000x00
frame name: genetic_algorithm
symbol name: W2
symbol filename: knapsackga.cpp
symbol line: 18
value: 0
value address: 0x55555575f0b4 <W2>
Type: The type is an integer type.
Type sizeof: 4

[INFO -- 2018-12-09 06:31:37]
Fault Injection Successful after 6.73901629447937s
[INFO -- 2018-12-09 06:31:37]
event type: exit
[INFO -- 2018-12-09 06:31:37]
exit code: 0
