[INFO -- 2018-12-07 22:25:25]
Starting flip_value script
version: 1.1
[INFO -- 2018-12-07 22:25:25]
Initialization strings:
[INFO -- 2018-12-07 22:25:25]
(1) file /tmp/knapsack/ga
[INFO -- 2018-12-07 22:25:25]
initSignal:1
[INFO -- 2018-12-07 22:25:25]
endSignal:8
[INFO -- 2018-12-07 22:25:25]
faultModel:1
[EXCEPTION -- 2018-12-07 22:25:27]
pythonException: empty range for randrange() (0,0, 0)
[EXCEPTION -- 2018-12-07 22:25:27]
pythonException: empty range for randrange() (0,0, 0)
[EXCEPTION -- 2018-12-07 22:25:27]
pythonException: empty range for randrange() (0,0, 0)
[INFO -- 2018-12-07 22:25:27]
event type: exit
[EXCEPTION -- 2018-12-07 22:25:27]
exit code: no exit code available
