[INFO -- 2018-12-02 06:47:58]
Starting flip_value script
version: 1.1
[INFO -- 2018-12-02 06:47:58]
Initialization strings:
[INFO -- 2018-12-02 06:47:58]
(1) file /tmp/knapsack/ga
[INFO -- 2018-12-02 06:47:58]
initSignal:0
[INFO -- 2018-12-02 06:47:58]
endSignal:13
[INFO -- 2018-12-02 06:47:58]
faultModel:1
[EXCEPTION -- 2018-12-02 06:48:05]
pythonException: Unable to exit loop in struct fields; Exiting wihtout making a bit flip
[INFO -- 2018-12-02 06:48:06]
Backtrace BEGIN:
#0  std::vector<int, std::allocator<int> >::operator= (this=0x7fffffffd9b0, __x=std::vector of length 200, capacity 200 = {...}) at /usr/include/c++/7/bits/vector.tcc:211
#1  0x000055555555529a in crossover (pai=std::vector of length 200, capacity 200 = {...}, mae=std::vector of length 200, capacity 200 = {...}, filho1=std::vector of length 0, capacity 0, filho2=std::vector of length 0, capacity 0) at knapsackga.cpp:76
#2  0x00005555555555c7 in genetic_algorithm () at knapsackga.cpp:104
#3  0x0000555555555aab in main () at knapsackga.cpp:143

206		      pointer __tmp = _M_allocate_and_copy(__xlen, __x.begin(),
207							   __x.end());
208		      std::_Destroy(this->_M_impl._M_start, this->_M_impl._M_finish,
209				    _M_get_Tp_allocator());
210		      _M_deallocate(this->_M_impl._M_start,
211				    this->_M_impl._M_end_of_storage
212				    - this->_M_impl._M_start);
213		      this->_M_impl._M_start = __tmp;
214		      this->_M_impl._M_end_of_storage = this->_M_impl._M_start + __xlen;
215		    }

Backtrace END
Memory content before bitflip:0x310xfb0x080x00
Fault Model: Double bit-flip
base address to flip value: 0x55555575f17c 
address max offset: 4
Memory content after  bitflip:0x310xfb0x080x60
frame name: crossover
symbol name: W
symbol filename: knapsackga.cpp
symbol line: 16
value: 1611201329
value address: 0x55555575f17c <W>
Type: The type is an integer type.
Type sizeof: 4

[INFO -- 2018-12-02 06:48:06]
Fault Injection Successful after 8.040654420852661s
[INFO -- 2018-12-02 06:48:11]
event type: exit
[INFO -- 2018-12-02 06:48:11]
exit code: 0
