[INFO -- 2018-12-01 02:29:16]
Starting flip_value script
version: 1.1
[INFO -- 2018-12-01 02:29:16]
Initialization strings:
[INFO -- 2018-12-01 02:29:16]
(1) file /tmp/knapsack/ga
[INFO -- 2018-12-01 02:29:16]
initSignal:0
[INFO -- 2018-12-01 02:29:16]
endSignal:13
[INFO -- 2018-12-01 02:29:16]
faultModel:0
[INFO -- 2018-12-01 02:29:17]
Backtrace BEGIN:
#0  0x0000555555556686 in std::vector<chromossome, std::allocator<chromossome> >::size (this=0x7fffffffd800) at /usr/include/c++/7/bits/stl_vector.h:671
#1  0x00005555555581fd in std::vector<chromossome, std::allocator<chromossome> >::_M_check_len (this=0x7fffffffd800, __n=1, __s=0x55555555b55c "vector::_M_realloc_insert") at /usr/include/c++/7/bits/stl_vector.h:1502
#2  0x0000555555556d88 in std::vector<chromossome, std::allocator<chromossome> >::_M_realloc_insert<chromossome const&> (this=0x7fffffffd800, __position={solution = std::vector of length 36, capacity 0 = {<error reading variable>, __args#0=...) at /usr/include/c++/7/bits/vector.tcc:403
#3  0x0000555555555fb8 in std::vector<chromossome, std::allocator<chromossome> >::push_back (this=0x7fffffffd800, __x=...) at /usr/include/c++/7/bits/stl_vector.h:948
#4  0x000055555555515c in tournament (pop=std::vector of length 40, capacity 64 = {...}) at knapsackga.cpp:63
#5  0x0000555555555581 in genetic_algorithm () at knapsackga.cpp:103
#6  0x0000555555555a9b in main () at knapsackga.cpp:141

666	
667	      // [23.2.4.2] capacity
668	      /**  Returns the number of elements in the %vector.  */
669	      size_type
670	      size() const _GLIBCXX_NOEXCEPT
671	      { return size_type(this->_M_impl._M_finish - this->_M_impl._M_start); }
672	
673	      /**  Returns the size() of the largest possible %vector.  */
674	      size_type
675	      max_size() const _GLIBCXX_NOEXCEPT

Backtrace END
Memory content before bitflip:0xff0x7f0x000x00
Fault Model: Single bit-flip
base address to flip value: 0x7fffffffd9dc
address max offset: 4
Memory content after  bitflip:0xfe0x7f0x000x00
frame name: main
symbol name: result2
symbol filename: knapsackga.cpp
symbol line: 143
value: 32766
value address: 0x7fffffffd9dc
Type: The type is an integer type.
Type sizeof: 4

[INFO -- 2018-12-01 02:29:17]
Fault Injection Successful after 1.841146469116211s
[INFO -- 2018-12-01 02:29:29]
event type: exit
[INFO -- 2018-12-01 02:29:29]
exit code: 0
