[INFO -- 2018-12-01 02:20:06]
Starting flip_value script
version: 1.1
[INFO -- 2018-12-01 02:20:06]
Initialization strings:
[INFO -- 2018-12-01 02:20:06]
(1) file /tmp/knapsack/mf
[INFO -- 2018-12-01 02:20:06]
initSignal:0
[INFO -- 2018-12-01 02:20:06]
endSignal:12
[INFO -- 2018-12-01 02:20:06]
faultModel:2
[INFO -- 2018-12-01 02:20:11]
Backtrace BEGIN:
#0  0x00005555555550b5 in knapSack (W=588593, n=200, values=std::vector of length 200, capacity 256 = {...}, weights=std::vector of length 200, capacity 256 = {...}, V=std::vector of length 201, capacity 201 = {...}) at knapsackmf.cpp:28
#1  0x0000555555555494 in executeAlgorithm () at knapsackmf.cpp:75
#2  0x0000555555555595 in main () at knapsackmf.cpp:82

23	    for (int i = 0; i <= n; i++) {
24	        for (int w = 0; w <= W; w++) {
25	            if (i == 0 || w == 0) {
26	                V[i][w] = 0;
27	            } else {
28	                V[i][w] = -1;
29	            }
30	        }
31	    }
32	

Backtrace END
Memory content before bitflip:0x310xfb0x080x00
Fault Model: Random bit-flip
base address to flip value: 0x7fffffffd67c
address max offset: 4
Memory content after  bitflip:0x6f0x770xa00x0d
frame name: executeAlgorithm
symbol name: W
symbol filename: knapsackmf.cpp
symbol line: 56
value: 228620143
value address: 0x7fffffffd67c
Type: The type is an integer type.
Type sizeof: 4

[INFO -- 2018-12-01 02:20:11]
Fault Injection Successful after 5.682211875915527s
[INFO -- 2018-12-01 02:20:15]
event type: exit
[INFO -- 2018-12-01 02:20:15]
exit code: 0
