[INFO -- 2018-12-08 16:06:05]
Starting flip_value script
version: 1.1
[INFO -- 2018-12-08 16:06:05]
Initialization strings:
[INFO -- 2018-12-08 16:06:05]
(1) file /tmp/knapsack/ga
[INFO -- 2018-12-08 16:06:05]
initSignal:1
[INFO -- 2018-12-08 16:06:05]
endSignal:8
[INFO -- 2018-12-08 16:06:05]
faultModel:3
[INFO -- 2018-12-08 16:06:07]
Backtrace BEGIN:
#0  0x0000555555556b97 in std::_Vector_base<int, std::allocator<int> >::_M_get_Tp_allocator (this=0x555555780f50) at /usr/include/c++/7/bits/stl_vector.h:115
#1  0x0000555555556517 in std::vector<int, std::allocator<int> >::operator= (this=0x555555780f50, __x=std::vector of length 200, capacity 200 = {...}) at /usr/include/c++/7/bits/vector.tcc:219
#2  0x000055555555a4ad in chromossome::operator= (this=0x555555780f50) at knapsackga.cpp:63
#3  0x000055555555a505 in std::__copy_move<false, false, std::random_access_iterator_tag>::__copy_m<chromossome const*, chromossome*> (__first=0x55555578acf0, __last=0x55555578b150, __result=0x555555780f50) at /usr/include/c++/7/bits/stl_algobase.h:324
#4  0x0000555555559aab in std::__copy_move_a<false, chromossome const*, chromossome*> (__first=0x55555578ac50, __last=0x55555578b150, __result=0x555555780eb0) at /usr/include/c++/7/bits/stl_algobase.h:386
#5  0x0000555555558e62 in std::__copy_move_a2<false, __gnu_cxx::__normal_iterator<chromossome const*, std::vector<chromossome, std::allocator<chromossome> > >, __gnu_cxx::__normal_iterator<chromossome*, std::vector<chromossome, std::allocator<chromossome> > > > (__first={solution = std::vector of length 200, capacity 200 = {0, 1, 0, 0, 1, 1, 1, 0, 0, 0, 0, 0, 0, 0, 1, 1, 1, 0, 0, 0, 0, 0, 0, 1, 1, 0, 1, 1, 1, 0, 0, 0, 0, 1, 0, 0, 0, 1, 1, 1, 0, 0, 0, 0, 1, 0, 1, 0, 1, 0, 0, 1, 1, 0, 1, 1, 1, 0, 0, 1, 1, 1, 1, 0, 0, 0, 1, 0, 0, 0, 1, 0, 0, 0, 1, 1, 0, 0, 1, 1, 1, 0, 0, 1, 1, 0, 1, 0, 1, 0, 0, 1, 0, 0, 1, 0, 0, 0, 0, 0, 1, 1, 0, 1, 0, 1, 0, 1, 0, 0, 0, 0, 1, 1, 0, 1, 0, 0, 0, 1, 1, 0, 1, 1, 0, 0, 1, 0, 1, 1, 1, 1, 0, 0, 1, 0, 0, 1, 1, 0, 0, 1, 1, 0, 0, 0, 1, 0, 0, 1, 0, 0, 1, 1, 0, 0, 0, 1, 0, 1, 1, 0, 0, 0, 1, 0, 0, 0, 1, 0, 1, 0, 1, 0, 0, 0, 0, 0, 0, 0, 1, 0, 0, 1, 1, 0, 1, 1, 1, 0, 0, 0, 0, 0, 0, 0, 0, 0, 0, 1...}, fitness = -507587}, __last={solution = std::vector of length 0, capacity 0, fitness = 1}, __result={solution = std::vector of length 200, capacity 256 = {0, 1, 0, 0, 1, 1, 1, 0, 0, 0, 0, 0, 0, 0, 1, 1, 1, 0, 0, 0, 0, 0, 0, 1, 1, 0, 1, 1, 1, 0, 0, 0, 0, 1, 0, 0, 0, 1, 1, 1, 0, 0, 0, 0, 1, 0, 1, 0, 1, 0, 0, 1, 1, 0, 1, 1, 1, 0, 0, 1, 1, 1, 1, 0, 0, 0, 1, 0, 0, 0, 1, 0, 0, 0, 1, 1, 0, 0, 1, 1, 1, 0, 0, 1, 1, 0, 1, 0, 1, 0, 0, 1, 0, 0, 1, 0, 0, 0, 0, 0, 1, 1, 0, 1, 0, 1, 0, 1, 0, 0, 0, 0, 1, 1, 0, 1, 0, 0, 0, 1, 1, 0, 1, 1, 0, 0, 1, 0, 1, 1, 1, 1, 0, 0, 1, 0, 0, 1, 1, 0, 0, 1, 1, 0, 0, 0, 1, 0, 0, 1, 0, 0, 1, 1, 0, 0, 0, 1, 0, 1, 1, 0, 0, 0, 1, 0, 0, 0, 1, 0, 1, 0, 1, 0, 0, 0, 0, 0, 0, 0, 1, 0, 0, 1, 1, 0, 1, 1, 1, 0, 0, 0, 0, 0, 0, 0, 0, 0, 0, 1...}, fitness = -507587}) at /usr/include/c++/7/bits/stl_algobase.h:422
#6  0x00005555555579f4 in std::copy<__gnu_cxx::__normal_iterator<chromossome const*, std::vector<chromossome, std::allocator<chromossome> > >, __gnu_cxx::__normal_iterator<chromossome*, std::vector<chromossome, std::allocator<chromossome> > > > (__first={solution = std::vector of length 200, capacity 200 = {0, 1, 0, 0, 1, 1, 1, 0, 0, 0, 0, 0, 0, 0, 1, 1, 1, 0, 0, 0, 0, 0, 0, 1, 1, 0, 1, 1, 1, 0, 0, 0, 0, 1, 0, 0, 0, 1, 1, 1, 0, 0, 0, 0, 1, 0, 1, 0, 1, 0, 0, 1, 1, 0, 1, 1, 1, 0, 0, 1, 1, 1, 1, 0, 0, 0, 1, 0, 0, 0, 1, 0, 0, 0, 1, 1, 0, 0, 1, 1, 1, 0, 0, 1, 1, 0, 1, 0, 1, 0, 0, 1, 0, 0, 1, 0, 0, 0, 0, 0, 1, 1, 0, 1, 0, 1, 0, 1, 0, 0, 0, 0, 1, 1, 0, 1, 0, 0, 0, 1, 1, 0, 1, 1, 0, 0, 1, 0, 1, 1, 1, 1, 0, 0, 1, 0, 0, 1, 1, 0, 0, 1, 1, 0, 0, 0, 1, 0, 0, 1, 0, 0, 1, 1, 0, 0, 0, 1, 0, 1, 1, 0, 0, 0, 1, 0, 0, 0, 1, 0, 1, 0, 1, 0, 0, 0, 0, 0, 0, 0, 1, 0, 0, 1, 1, 0, 1, 1, 1, 0, 0, 0, 0, 0, 0, 0, 0, 0, 0, 1...}, fitness = -507587}, __last={solution = std::vector of length 0, capacity 0, fitness = 1}, __result={solution = std::vector of length 200, capacity 256 = {0, 1, 0, 0, 1, 1, 1, 0, 0, 0, 0, 0, 0, 0, 1, 1, 1, 0, 0, 0, 0, 0, 0, 1, 1, 0, 1, 1, 1, 0, 0, 0, 0, 1, 0, 0, 0, 1, 1, 1, 0, 0, 0, 0, 1, 0, 1, 0, 1, 0, 0, 1, 1, 0, 1, 1, 1, 0, 0, 1, 1, 1, 1, 0, 0, 0, 1, 0, 0, 0, 1, 0, 0, 0, 1, 1, 0, 0, 1, 1, 1, 0, 0, 1, 1, 0, 1, 0, 1, 0, 0, 1, 0, 0, 1, 0, 0, 0, 0, 0, 1, 1, 0, 1, 0, 1, 0, 1, 0, 0, 0, 0, 1, 1, 0, 1, 0, 0, 0, 1, 1, 0, 1, 1, 0, 0, 1, 0, 1, 1, 1, 1, 0, 0, 1, 0, 0, 1, 1, 0, 0, 1, 1, 0, 0, 0, 1, 0, 0, 1, 0, 0, 1, 1, 0, 0, 0, 1, 0, 1, 1, 0, 0, 0, 1, 0, 0, 0, 1, 0, 1, 0, 1, 0, 0, 0, 0, 0, 0, 0, 1, 0, 0, 1, 1, 0, 1, 1, 1, 0, 0, 0, 0, 0, 0, 0, 0, 0, 0, 1...}, fitness = -507587}) at /usr/include/c++/7/bits/stl_algobase.h:456
#7  0x00005555555569d3 in std::vector<chromossome, std::allocator<chromossome> >::operator= (this=0x7fffffffd880, __x=std::vector of length 40, capacity 64 = {...}) at /usr/include/c++/7/bits/vector.tcc:218
#8  0x000055555555590f in genetic_algorithm () at knapsackga.cpp:143
#9  0x0000555555555b6c in main () at knapsackga.cpp:165

110	
111	    public:
112	      typedef _Alloc allocator_type;
113	
114	      _Tp_alloc_type&
115	      _M_get_Tp_allocator() _GLIBCXX_NOEXCEPT
116	      { return *static_cast<_Tp_alloc_type*>(&this->_M_impl); }
117	
118	      const _Tp_alloc_type&
119	      _M_get_Tp_allocator() const _GLIBCXX_NOEXCEPT

Backtrace END
Memory content before bitflip:0x310xfb0x080x00
Fault Model: Zero bit-flip
base address to flip value: 0x55555575f0b4 
address max offset: 4
Memory content after  bitflip:0x000x000x000x00
frame name: main
symbol name: W2
symbol filename: knapsackga.cpp
symbol line: 18
value: 0
value address: 0x55555575f0b4 <W2>
Type: The type is an integer type.
Type sizeof: 4

[INFO -- 2018-12-08 16:06:07]
Fault Injection Successful after 2.1148953437805176s
[INFO -- 2018-12-08 16:06:07]
event type: exit
[INFO -- 2018-12-08 16:06:07]
exit code: 0
