[INFO -- 2018-11-30 23:27:16]
Starting flip_value script
version: 1.1
[INFO -- 2018-11-30 23:27:16]
Initialization strings:
[INFO -- 2018-11-30 23:27:16]
(1) file /tmp/knapsack/mf
[INFO -- 2018-11-30 23:27:16]
initSignal:0
[INFO -- 2018-11-30 23:27:16]
endSignal:12
[INFO -- 2018-11-30 23:27:16]
faultModel:1
[INFO -- 2018-11-30 23:27:17]
Backtrace BEGIN:
#0  0x00005555555558c6 in std::vector<std::vector<int, std::allocator<int> >, std::allocator<std::vector<int, std::allocator<int> > > >::operator[] (this=0x55555576f360, __n=77972) at /usr/include/c++/7/bits/stl_vector.h:795
#1  0x00005555555550ba in knapSack (W=588593, n=200, values=std::vector of length 200, capacity 256 = {...}, weights=std::vector of length 200, capacity 256 = {...}, V=std::vector of length 201, capacity 201 = {...}) at knapsackmf.cpp:28
#2  0x0000555555555494 in executeAlgorithm () at knapsackmf.cpp:75
#3  0x000055555555558a in main () at knapsackmf.cpp:81

790	       *  Note that data access with this operator is unchecked and
791	       *  out_of_range lookups are not defined. (For checked lookups
792	       *  see at().)
793	       */
794	      reference
795	      operator[](size_type __n) _GLIBCXX_NOEXCEPT
796	      {
797		__glibcxx_requires_subscript(__n);
798		return *(this->_M_impl._M_start + __n);
799	      }

Backtrace END
Memory content before bitflip:0x940x300x010x000x000x000x000x00
Fault Model: Double bit-flip
base address to flip value: 0x7fffffffd5e0
address max offset: 8
Memory content after  bitflip:0x940x300x010x000x000x000x000x84
frame name: std::vector<std::vector<int, std::allocator<int> >, std::allocator<std::vector<int, std::allocator<int> > > >::operator[]
symbol name: __n
symbol filename: /usr/include/c++/7/bits/stl_vector.h
symbol line: 795
value: 9511602413006565524
value address: 0x7fffffffd5e0
Type: The type is an integer type.
Type sizeof: 8

[INFO -- 2018-11-30 23:27:17]
Fault Injection Successful after 1.6539816856384277s
[INFO -- 2018-11-30 23:27:26]
event type: exit
[INFO -- 2018-11-30 23:27:26]
exit code: 0
