[INFO -- 2018-09-24 17:54:48]
Starting flip_value script
version: 1.1
[INFO -- 2018-09-24 17:54:48]
Initialization strings:
[INFO -- 2018-09-24 17:54:48]
(1) file /tmp/knapsack/ga
[INFO -- 2018-09-24 17:54:48]
initSignal:1
[INFO -- 2018-09-24 17:54:48]
endSignal:3.5
[INFO -- 2018-09-24 17:54:48]
faultModel:1
[INFO -- 2018-09-24 17:54:49]
Backtrace BEGIN:
#0  0x0000555555555b90 in std::vector<int, std::allocator<int> >::operator[] (this=0x555555554eb3 <rand_bit()+9>, __n=156) at /usr/include/c++/7/bits/stl_vector.h:795
#1  0x0000555555555147 in crossover (pai=std::vector of length 200, capacity 200 = {...}, mae=std::vector of length 200, capacity 200 = {...}, filho1=std::vector of length 0, capacity 0, filho2=std::vector of length 0, capacity 0) at knapsackga.cpp:74
#2  0x000055555555548d in genetic_algorithm () at knapsackga.cpp:104
#3  0x00005555555558d7 in main () at knapsackga.cpp:137

790	       *  Note that data access with this operator is unchecked and
791	       *  out_of_range lookups are not defined. (For checked lookups
792	       *  see at().)
793	       */
794	      reference
795	      operator[](size_type __n) _GLIBCXX_NOEXCEPT
796	      {
797		__glibcxx_requires_subscript(__n);
798		return *(this->_M_impl._M_start + __n);
799	      }

Backtrace END
Memory content before bitflip:0x9c0x000x000x000x000x000x000x00
Fault Model: Double bit-flip
base address to flip value: 0x7fffffffd820
address max offset: 8
Memory content after  bitflip:0xfc0x000x000x000x000x000x000x00
frame name: std::vector<int, std::allocator<int> >::operator[]
symbol name: __n
symbol filename: /usr/include/c++/7/bits/stl_vector.h
symbol line: 795
value: 252
value address: 0x7fffffffd820
Type: The type is an integer type.
Type sizeof: 8

[INFO -- 2018-09-24 17:54:49]
Fault Injection Successful after 1.5152480602264404s
[INFO -- 2018-09-24 17:54:52]
event type: exit
[INFO -- 2018-09-24 17:54:52]
exit code: 0
