[INFO -- 2018-09-25 06:50:43]
Starting flip_value script
version: 1.1
[INFO -- 2018-09-25 06:50:43]
Initialization strings:
[INFO -- 2018-09-25 06:50:43]
(1) file /tmp/knapsack/ga
[INFO -- 2018-09-25 06:50:43]
initSignal:1
[INFO -- 2018-09-25 06:50:43]
endSignal:3.5
[INFO -- 2018-09-25 06:50:43]
faultModel:1
[INFO -- 2018-09-25 06:50:44]
Backtrace BEGIN:
#0  0x000055555555ae0a in std::__fill_n_a<int*, unsigned long, int> (__first=0x555555785708, __n=200, __value=@0x7fffffffd764: 0) at /usr/include/c++/7/bits/stl_algobase.h:754
#1  0x000055555555a8e0 in std::fill_n<int*, unsigned long, int> (__first=0x555555785490, __n=200, __value=@0x7fffffffd764: 0) at /usr/include/c++/7/bits/stl_algobase.h:789
#2  0x000055555555a01a in std::__uninitialized_default_n_1<true>::__uninit_default_n<int*, unsigned long> (__first=0x555555785490, __n=200) at /usr/include/c++/7/bits/stl_uninitialized.h:548
#3  0x000055555555953a in std::__uninitialized_default_n<int*, unsigned long> (__first=0x555555785490, __n=200) at /usr/include/c++/7/bits/stl_uninitialized.h:583
#4  0x00005555555584a5 in std::__uninitialized_default_n_a<int*, unsigned long, int> (__first=0x555555785490, __n=200) at /usr/include/c++/7/bits/stl_uninitialized.h:645
#5  0x000055555555700d in std::vector<int, std::allocator<int> >::_M_default_initialize (this=0x7fffffffd870, __n=200) at /usr/include/c++/7/bits/stl_vector.h:1347
#6  0x0000555555555feb in std::vector<int, std::allocator<int> >::vector (this=0x7fffffffd870, __n=200, __a=...) at /usr/include/c++/7/bits/stl_vector.h:285
#7  0x0000555555555114 in crossover (pai=std::vector of length 200, capacity 200 = {...}, mae=std::vector of length 200, capacity 200 = {...}, filho1=std::vector of length 0, capacity 0, filho2=std::vector of length 0, capacity 0) at knapsackga.cpp:72
#8  0x000055555555548d in genetic_algorithm () at knapsackga.cpp:104
#9  0x00005555555558d7 in main () at knapsackga.cpp:137

749	    __fill_n_a(_OutputIterator __first, _Size __n, const _Tp& __value)
750	    {
751	      const _Tp __tmp = __value;
752	      for (__decltype(__n + 0) __niter = __n;
753		   __niter > 0; --__niter, ++__first)
754		*__first = __tmp;
755	      return __first;
756	    }
757	
758	  template<typename _Size, typename _Tp>

Backtrace END
Memory content before bitflip:0x310xfb0x080x00
Fault Model: Double bit-flip
base address to flip value: 0x55555575f06c 
address max offset: 4
Memory content after  bitflip:0x310xe90x080x00
frame name: std::__uninitialized_default_n_a<int*, unsigned long, int>
symbol name: W
symbol filename: knapsackga.cpp
symbol line: 16
value: 583985
value address: 0x55555575f06c <W>
Type: The type is an integer type.
Type sizeof: 4

[INFO -- 2018-09-25 06:50:44]
Fault Injection Successful after 1.8745012283325195s
[INFO -- 2018-09-25 06:50:47]
event type: exit
[INFO -- 2018-09-25 06:50:47]
exit code: 0
