[INFO -- 2018-12-08 23:58:54]
Starting flip_value script
version: 1.1
[INFO -- 2018-12-08 23:58:54]
Initialization strings:
[INFO -- 2018-12-08 23:58:54]
(1) file /tmp/knapsack/sa
[INFO -- 2018-12-08 23:58:54]
initSignal:0
[INFO -- 2018-12-08 23:58:54]
endSignal:9
[INFO -- 2018-12-08 23:58:54]
faultModel:1
[INFO -- 2018-12-08 23:59:01]
Backtrace BEGIN:
#0  0x0000555555555eb5 in std::_Vector_base<int, std::allocator<int> >::~_Vector_base (this=0x7fffffffd740, __in_chrg=<optimized out>) at /usr/include/c++/7/bits/stl_vector.h:163
#1  0x0000555555555949 in std::vector<int, std::allocator<int> >::~vector (this=0x7fffffffd740, __in_chrg=<optimized out>) at /usr/include/c++/7/bits/stl_vector.h:435
#2  0x0000555555555468 in simulated_annealing () at knapsacksa.cpp:89
#3  0x0000555555555658 in main () at knapsacksa.cpp:146

158	      }
159	#endif
160	
161	      ~_Vector_base() _GLIBCXX_NOEXCEPT
162	      { _M_deallocate(this->_M_impl._M_start, this->_M_impl._M_end_of_storage
163			      - this->_M_impl._M_start); }
164	
165	    public:
166	      _Vector_impl _M_impl;
167	

Backtrace END
Memory content before bitflip:0x2c0xa30xf80xff
Fault Model: Double bit-flip
base address to flip value: 0x7fffffffd704
address max offset: 4
Memory content after  bitflip:0x2c0xa30xf80xb7
frame name: simulated_annealing
symbol name: c
symbol filename: knapsacksa.cpp
symbol line: 92
value: -1208442068
value address: 0x7fffffffd704
Type: The type is an integer type.
Type sizeof: 4

[INFO -- 2018-12-08 23:59:01]
Fault Injection Successful after 7.28049373626709s
[INFO -- 2018-12-08 23:59:03]
event type: exit
[INFO -- 2018-12-08 23:59:03]
exit code: 0
