[INFO -- 2018-11-30 07:27:28]
Starting flip_value script
version: 1.1
[INFO -- 2018-11-30 07:27:28]
Initialization strings:
[INFO -- 2018-11-30 07:27:28]
(1) file /tmp/knapsack/sa
[INFO -- 2018-11-30 07:27:28]
initSignal:0
[INFO -- 2018-11-30 07:27:28]
endSignal:7
[INFO -- 2018-11-30 07:27:28]
faultModel:2
[INFO -- 2018-11-30 07:27:29]
Backtrace BEGIN:
#0  std::__niter_base<int const*, std::vector<int, std::allocator<int> > > (__it=0) at /usr/include/c++/7/bits/stl_iterator.h:984
#1  0x0000555555556917 in std::__copy_move_a2<false, __gnu_cxx::__normal_iterator<int const*, std::vector<int, std::allocator<int> > >, __gnu_cxx::__normal_iterator<int*, std::vector<int, std::allocator<int> > > > (__first=0, __last=540357171, __result=0) at /usr/include/c++/7/bits/stl_algobase.h:422
#2  0x0000555555556259 in std::copy<__gnu_cxx::__normal_iterator<int const*, std::vector<int, std::allocator<int> > >, __gnu_cxx::__normal_iterator<int*, std::vector<int, std::allocator<int> > > > (__first=0, __last=540357171, __result=0) at /usr/include/c++/7/bits/stl_algobase.h:456
#3  0x0000555555555c17 in std::vector<int, std::allocator<int> >::operator= (this=0x7fffffffd970, __x=std::vector of length 200, capacity 200 = {...}) at /usr/include/c++/7/bits/vector.tcc:218
#4  0x00005555555552c9 in simulated_annealing () at knapsacksa.cpp:60
#5  0x0000555555555522 in main () at knapsacksa.cpp:85

979	_GLIBCXX_BEGIN_NAMESPACE_VERSION
980	
981	  template<typename _Iterator, typename _Container>
982	    _Iterator
983	    __niter_base(__gnu_cxx::__normal_iterator<_Iterator, _Container> __it)
984	    { return __it.base(); }
985	
986	_GLIBCXX_END_NAMESPACE_VERSION
987	} // namespace
988	

Backtrace END
Memory content before bitflip:0x310xfb0x080x00
Fault Model: Random bit-flip
base address to flip value: 0x55555575917c 
address max offset: 4
Memory content after  bitflip:0x240x8f0x670x7b
frame name: std::__niter_base<int const*, std::vector<int, std::allocator<int> > >
symbol name: W
symbol filename: knapsacksa.cpp
symbol line: 15
value: 2070384420
value address: 0x55555575917c <W>
Type: The type is an integer type.
Type sizeof: 4

[INFO -- 2018-11-30 07:27:29]
Fault Injection Successful after 1.6851887702941895s
[INFO -- 2018-11-30 07:27:36]
event type: exit
[INFO -- 2018-11-30 07:27:36]
exit code: 0
