[INFO -- 2018-09-25 00:55:52]
Starting flip_value script
version: 1.1
[INFO -- 2018-09-25 00:55:52]
Initialization strings:
[INFO -- 2018-09-25 00:55:52]
(1) file /tmp/knapsack/ga
[INFO -- 2018-09-25 00:55:52]
initSignal:1
[INFO -- 2018-09-25 00:55:52]
endSignal:3.5
[INFO -- 2018-09-25 00:55:52]
faultModel:4
[INFO -- 2018-09-25 00:55:54]
Backtrace BEGIN:
#0  0x0000555555558e72 in std::_Destroy_aux<true>::__destroy<int*> () at /usr/include/c++/7/bits/stl_construct.h:117
#1  0x0000555555557add in std::_Destroy<int*> (__first=0x0, __last=0x0) at /usr/include/c++/7/bits/stl_construct.h:137
#2  0x00005555555568e1 in std::_Destroy<int*, int> (__first=0x0, __last=0x0) at /usr/include/c++/7/bits/stl_construct.h:206
#3  0x0000555555555be1 in std::vector<int, std::allocator<int> >::~vector (this=0x555555776380, __in_chrg=<optimized out>) at /usr/include/c++/7/bits/stl_vector.h:434
#4  0x0000555555555b62 in chromossome::~chromossome (this=0x555555776380, __in_chrg=<optimized out>) at knapsackga.cpp:42
#5  0x00005555555599b7 in std::_Destroy<chromossome> (__pointer=0x555555776380) at /usr/include/c++/7/bits/stl_construct.h:98
#6  0x0000555555558f21 in std::_Destroy_aux<false>::__destroy<chromossome*> (__first=0x555555776380, __last=0x5555557763a0) at /usr/include/c++/7/bits/stl_construct.h:108
#7  0x0000555555557e12 in std::_Destroy<chromossome*> (__first=0x555555776380, __last=0x5555557763a0) at /usr/include/c++/7/bits/stl_construct.h:137
#8  0x0000555555556a49 in std::_Destroy<chromossome*, chromossome> (__first=0x555555776380, __last=0x5555557763a0) at /usr/include/c++/7/bits/stl_construct.h:206
#9  0x0000555555556bfa in std::vector<chromossome, std::allocator<chromossome> >::_M_realloc_insert<chromossome const&> (this=0x7fffffffd870, __position={solution = std::vector of length 20, capacity 0 = {<error reading variable>, __args#0=...) at /usr/include/c++/7/bits/vector.tcc:446
#10 0x0000555555555d28 in std::vector<chromossome, std::allocator<chromossome> >::push_back (this=0x7fffffffd870, __x=...) at /usr/include/c++/7/bits/stl_vector.h:948
#11 0x000055555555502c in tournament (pop=std::vector of length 40, capacity 64 = {...}) at knapsackga.cpp:63
#12 0x0000555555555447 in genetic_algorithm () at knapsackga.cpp:103
#13 0x00005555555558d7 in main () at knapsackga.cpp:137

112	  template<>
113	    struct _Destroy_aux<true>
114	    {
115	      template<typename _ForwardIterator>
116	        static void
117	        __destroy(_ForwardIterator, _ForwardIterator) { }
118	    };
119	
120	  /**
121	   * Destroy a range of objects.  If the value_type of the object has

Backtrace END
Fliping a bit of the value pointed by a pointer
Fliping value of field: solution
Fliping value of field: std::_Vector_base<int, std::allocator<int> >
Fliping value of field: _M_impl
Fliping value of field: _M_end_of_storage
Fliping a bit of the pointer
Memory content before bitflip:0x000x000x000x000x000x000x000x00
Fault Model: LSB bit-flip
base address to flip value: 0x5555557763b0
address max offset: 8
Memory content after  bitflip:0x000x000x000x000x000x000x000x02
frame name: std::_Destroy<chromossome*>
symbol name: __last
symbol filename: /usr/include/c++/7/bits/stl_construct.h
symbol line: 127
value: 0x5555557763a0
value address: 0x7fffffffd770
Type: The type is a pointer.
Type sizeof: 8

[INFO -- 2018-09-25 00:55:54]
Fault Injection Successful after 2.475088357925415s
[INFO -- 2018-09-25 00:55:56]
event type: exit
[INFO -- 2018-09-25 00:55:56]
exit code: 0
