[INFO -- 2018-09-25 00:33:20]
Starting flip_value script
version: 1.1
[INFO -- 2018-09-25 00:33:20]
Initialization strings:
[INFO -- 2018-09-25 00:33:20]
(1) file /tmp/knapsack/ga
[INFO -- 2018-09-25 00:33:20]
initSignal:1
[INFO -- 2018-09-25 00:33:20]
endSignal:3.5
[INFO -- 2018-09-25 00:33:20]
faultModel:4
[EXCEPTION -- 2018-09-25 00:33:22]
pythonException: empty range for randrange() (0,0, 0)
[INFO -- 2018-09-25 00:33:22]
Backtrace BEGIN:
#0  std::vector<int, std::allocator<int> >::operator[] (this=0x555555789e90, __n=135) at /usr/include/c++/7/bits/stl_vector.h:798
#1  0x0000555555554f3d in cost (solution=std::vector of length 200, capacity 200 = {...}) at knapsackga.cpp:27
#2  0x0000555555555654 in genetic_algorithm () at knapsackga.cpp:112
#3  0x00005555555558d7 in main () at knapsackga.cpp:137

793	       */
794	      reference
795	      operator[](size_type __n) _GLIBCXX_NOEXCEPT
796	      {
797		__glibcxx_requires_subscript(__n);
798		return *(this->_M_impl._M_start + __n);
799	      }
800	
801	      /**
802	       *  @brief  Subscript access to the data contained in the %vector.

Backtrace END
Memory content before bitflip:0x310xfb0x080x00
Fault Model: LSB bit-flip
base address to flip value: 0x55555575f06c 
address max offset: 4
Memory content after  bitflip:0x310xfb0x080x80
frame name: main
symbol name: W
symbol filename: knapsackga.cpp
symbol line: 16
value: -2146895055
value address: 0x55555575f06c <W>
Type: The type is an integer type.
Type sizeof: 4

[INFO -- 2018-09-25 00:33:22]
Fault Injection Successful after 2.1296215057373047s
[INFO -- 2018-09-25 00:33:24]
event type: exit
[INFO -- 2018-09-25 00:33:24]
exit code: 0
