[INFO -- 2018-12-08 19:26:07]
Starting flip_value script
version: 1.1
[INFO -- 2018-12-08 19:26:07]
Initialization strings:
[INFO -- 2018-12-08 19:26:07]
(1) file /tmp/knapsack/ga
[INFO -- 2018-12-08 19:26:07]
initSignal:1
[INFO -- 2018-12-08 19:26:07]
endSignal:8
[INFO -- 2018-12-08 19:26:07]
faultModel:0
[INFO -- 2018-12-08 19:26:10]
Backtrace BEGIN:
#0  0x000055555555664d in std::swap<int> (__a=@0x55555578810c: 0, __b=@0x555555787aac: 0) at /usr/include/c++/7/bits/move.h:198
#1  0x00005555555553eb in crossover (pai=std::vector of length 200, capacity 200 = {...}, mae=std::vector of length 200, capacity 200 = {...}, filho1=std::vector of length 200, capacity 200 = {...}, filho2=std::vector of length 200, capacity 200 = {...}) at knapsackga.cpp:101
#2  0x00005555555556d7 in genetic_algorithm () at knapsackga.cpp:130
#3  0x0000555555555b6c in main () at knapsackga.cpp:165

193	#endif
194	    {
195	      // concept requirements
196	      __glibcxx_function_requires(_SGIAssignableConcept<_Tp>)
197	
198	      _Tp __tmp = _GLIBCXX_MOVE(__a);
199	      __a = _GLIBCXX_MOVE(__b);
200	      __b = _GLIBCXX_MOVE(__tmp);
201	    }
202	

Backtrace END
Memory content before bitflip:0x280x000x000x00
Fault Model: Single bit-flip
base address to flip value: 0x55555575f014 
address max offset: 4
Memory content after  bitflip:0x280x000x000x10
frame name: crossover
symbol name: pop_size2
symbol filename: knapsackga.cpp
symbol line: 20
value: 268435496
value address: 0x55555575f014 <pop_size2>
Type: The type is an integer type.
Type sizeof: 4

[INFO -- 2018-12-08 19:26:10]
Fault Injection Successful after 3.1942269802093506s
[INFO -- 2018-12-08 19:26:10]
event type: exit
[INFO -- 2018-12-08 19:26:10]
exit code: 0
