[INFO -- 2018-12-08 23:23:37]
Starting flip_value script
version: 1.1
[INFO -- 2018-12-08 23:23:37]
Initialization strings:
[INFO -- 2018-12-08 23:23:37]
(1) file /tmp/knapsack/ga
[INFO -- 2018-12-08 23:23:37]
initSignal:1
[INFO -- 2018-12-08 23:23:37]
endSignal:8
[INFO -- 2018-12-08 23:23:37]
faultModel:2
[EXCEPTION -- 2018-12-08 23:23:41]
pythonException: empty range for randrange() (0,0, 0)
[EXCEPTION -- 2018-12-08 23:23:41]
pythonException: empty range for randrange() (0,0, 0)
[INFO -- 2018-12-08 23:23:45]
Backtrace BEGIN:
#0  0x0000555555555e7e in std::vector<int, std::allocator<int> >::operator[] (this=0x55555578aef0, __n=95) at /usr/include/c++/7/bits/stl_vector.h:795
#1  0x000055555555507b in cost (solution=std::vector of length 200, capacity 200 = {...}) at knapsackga.cpp:40
#2  0x000055555555589e in genetic_algorithm () at knapsackga.cpp:138
#3  0x0000555555555b6c in main () at knapsackga.cpp:165

790	       *  Note that data access with this operator is unchecked and
791	       *  out_of_range lookups are not defined. (For checked lookups
792	       *  see at().)
793	       */
794	      reference
795	      operator[](size_type __n) _GLIBCXX_NOEXCEPT
796	      {
797		__glibcxx_requires_subscript(__n);
798		return *(this->_M_impl._M_start + __n);
799	      }

Backtrace END
Memory content before bitflip:0x6e0x200x000x00
Fault Model: Random bit-flip
base address to flip value: 0x7fffffffd870
address max offset: 4
Memory content after  bitflip:0xc60x420x270x32
frame name: genetic_algorithm
symbol name: g2
symbol filename: knapsackga.cpp
symbol line: 115
value: 841433798
value address: 0x7fffffffd870
Type: The type is an integer type.
Type sizeof: 4

[INFO -- 2018-12-08 23:23:45]
Fault Injection Successful after 8.255735158920288s
[INFO -- 2018-12-08 23:23:45]
event type: exit
[INFO -- 2018-12-08 23:23:45]
exit code: 0
