[INFO -- 2018-12-08 10:17:19]
Starting flip_value script
version: 1.1
[INFO -- 2018-12-08 10:17:19]
Initialization strings:
[INFO -- 2018-12-08 10:17:19]
(1) file /tmp/knapsack/sa
[INFO -- 2018-12-08 10:17:19]
initSignal:0
[INFO -- 2018-12-08 10:17:19]
endSignal:9
[INFO -- 2018-12-08 10:17:19]
faultModel:0
[INFO -- 2018-12-08 10:17:21]
Backtrace BEGIN:
#0  0x0000555555555852 in std::vector<int, std::allocator<int> >::operator[] (this=0x7fffffffd740, __n=153) at /usr/include/c++/7/bits/stl_vector.h:795
#1  0x00005555555551aa in cost (solution=std::vector of length 200, capacity 200 = {...}) at knapsacksa.cpp:62
#2  0x000055555555534c in simulated_annealing () at knapsacksa.cpp:92
#3  0x0000555555555658 in main () at knapsacksa.cpp:146

790	       *  Note that data access with this operator is unchecked and
791	       *  out_of_range lookups are not defined. (For checked lookups
792	       *  see at().)
793	       */
794	      reference
795	      operator[](size_type __n) _GLIBCXX_NOEXCEPT
796	      {
797		__glibcxx_requires_subscript(__n);
798		return *(this->_M_impl._M_start + __n);
799	      }

Backtrace END
Memory content before bitflip:0x8d0xfe0x050x00
Fault Model: Single bit-flip
base address to flip value: 0x7fffffffd6ac
address max offset: 4
Memory content after  bitflip:0x8d0xfe0x050x80
frame name: cost
symbol name: peso2
symbol filename: knapsacksa.cpp
symbol line: 56
value: -2147090803
value address: 0x7fffffffd6ac
Type: The type is an integer type.
Type sizeof: 4

[INFO -- 2018-12-08 10:17:21]
Fault Injection Successful after 2.3057570457458496s
[INFO -- 2018-12-08 10:17:21]
event type: exit
[INFO -- 2018-12-08 10:17:21]
exit code: 0
