[INFO -- 2018-09-24 19:13:09]
Starting flip_value script
version: 1.1
[INFO -- 2018-09-24 19:13:09]
Initialization strings:
[INFO -- 2018-09-24 19:13:09]
(1) file /tmp/knapsack/ga
[INFO -- 2018-09-24 19:13:09]
initSignal:1
[INFO -- 2018-09-24 19:13:09]
endSignal:3.5
[INFO -- 2018-09-24 19:13:09]
faultModel:2
[INFO -- 2018-09-24 19:13:10]
Backtrace BEGIN:
#0  0x00005555555568ab in std::_Vector_base<int, std::allocator<int> >::~_Vector_base (this=0x7fffffffd9d0, __in_chrg=<optimized out>) at /usr/include/c++/7/bits/stl_vector.h:163
#1  0x0000555555555bed in std::vector<int, std::allocator<int> >::~vector (this=0x7fffffffd9d0, __in_chrg=<optimized out>) at /usr/include/c++/7/bits/stl_vector.h:435
#2  0x0000555555555b62 in chromossome::~chromossome (this=0x7fffffffd9d0, __in_chrg=<optimized out>) at knapsackga.cpp:42
#3  0x0000555555555515 in genetic_algorithm () at knapsackga.cpp:105
#4  0x00005555555558d7 in main () at knapsackga.cpp:137

158	      }
159	#endif
160	
161	      ~_Vector_base() _GLIBCXX_NOEXCEPT
162	      { _M_deallocate(this->_M_impl._M_start, this->_M_impl._M_end_of_storage
163			      - this->_M_impl._M_start); }
164	
165	    public:
166	      _Vector_impl _M_impl;
167	

Backtrace END
Memory content before bitflip:0x310xfb0x080x00
Fault Model: Random bit-flip
base address to flip value: 0x55555575f06c 
address max offset: 4
Memory content after  bitflip:0x190xf60xc20x67
frame name: std::vector<int, std::allocator<int> >::~vector
symbol name: W
symbol filename: knapsackga.cpp
symbol line: 16
value: 1740830233
value address: 0x55555575f06c <W>
Type: The type is an integer type.
Type sizeof: 4

[INFO -- 2018-09-24 19:13:10]
Fault Injection Successful after 1.9671130180358887s
[INFO -- 2018-09-24 19:13:13]
event type: exit
[INFO -- 2018-09-24 19:13:13]
exit code: 0
