[INFO -- 2018-09-23 19:32:59]
Starting flip_value script
version: 1.1
[INFO -- 2018-09-23 19:32:59]
Initialization strings:
[INFO -- 2018-09-23 19:32:59]
(1) file /tmp/knapsack/sa
[INFO -- 2018-09-23 19:32:59]
initSignal:0
[INFO -- 2018-09-23 19:32:59]
endSignal:2
[INFO -- 2018-09-23 19:32:59]
faultModel:2
[INFO -- 2018-09-23 19:33:00]
Backtrace BEGIN:
#0  __expf_finite () at ../sysdeps/x86_64/fpu/e_expf.S:95
#1  0x00007ffff770738f in __GI___expf (x=-0.0450240187) at ../sysdeps/ieee754/flt-32/w_expf_compat.c:26
#2  0x00005555555554e1 in std::exp (__x=-0.0450240187) at /usr/include/c++/7/cmath:223
#3  0x0000555555555171 in simulated_annealing () at knapsacksa.cpp:56
#4  0x000055555555535e in main () at knapsacksa.cpp:84

90	../sysdeps/x86_64/fpu/e_expf.S: No such file or directory.

Backtrace END
Memory content before bitflip:0x310xfb0x080x00
Fault Model: Random bit-flip
base address to flip value: 0x55555575906c 
address max offset: 4
Memory content after  bitflip:0x3d0xa40x390xfe
frame name: main
symbol name: W
symbol filename: knapsacksa.cpp
symbol line: 15
value: -29776835
value address: 0x55555575906c <W>
Type: The type is an integer type.
Type sizeof: 4

[INFO -- 2018-09-23 19:33:00]
Fault Injection Successful after 1.1128222942352295s
[INFO -- 2018-09-23 19:33:01]
event type: exit
[INFO -- 2018-09-23 19:33:01]
exit code: 0
