[INFO -- 2018-12-01 08:22:58]
Starting flip_value script
version: 1.1
[INFO -- 2018-12-01 08:22:58]
Initialization strings:
[INFO -- 2018-12-01 08:22:58]
(1) file /tmp/knapsack/mf
[INFO -- 2018-12-01 08:22:58]
initSignal:0
[INFO -- 2018-12-01 08:22:58]
endSignal:12
[INFO -- 2018-12-01 08:22:58]
faultModel:4
[INFO -- 2018-12-01 08:22:58]
Backtrace BEGIN:
#0  dl_main (phdr=<optimized out>, phnum=<optimized out>, user_entry=<optimized out>, auxv=<optimized out>) at rtld.c:2289
#1  0x00007ffff7defdd0 in _dl_sysdep_start (start_argptr=start_argptr@entry=0x7fffffffde30, dl_main=dl_main@entry=0x7ffff7dd7660 <dl_main>) at ../elf/dl-sysdep.c:253
#2  0x00007ffff7dd7128 in _dl_start_final (arg=0x7fffffffde30) at rtld.c:414
#3  _dl_start (arg=0x7fffffffde30) at rtld.c:521
#4  0x00007ffff7dd6098 in _start () from /lib64/ld-linux-x86-64.so.2
#5  0x0000000000000001 in ?? ()
#6  0x00007fffffffe0d9 in ?? ()
#7  0x0000000000000000 in ?? ()

2284	rtld.c: No such file or directory.

Backtrace END
Memory content before bitflip:0x910xb10xa20xff0x030xce0x1f0x31
Fault Model: LSB bit-flip
base address to flip value: 0x7ffff7ffc730 
address max offset: 8
Memory content after  bitflip:0x910xb10xa20xff0x030xce0x1f0x35
frame name: _dl_start_final
symbol name: __pointer_chk_guard_local
symbol filename: rtld.c
symbol line: 96
value: 3828004724857287057
value address: 0x7ffff7ffc730 <__pointer_chk_guard_local>
Type: The type is an integer type.
Type sizeof: 8

[INFO -- 2018-12-01 08:22:58]
Fault Injection Successful after 0.630211353302002s
[INFO -- 2018-12-01 08:23:08]
event type: exit
[INFO -- 2018-12-01 08:23:08]
exit code: 0
