[INFO -- 2018-12-08 15:14:14]
Starting flip_value script
version: 1.1
[INFO -- 2018-12-08 15:14:14]
Initialization strings:
[INFO -- 2018-12-08 15:14:14]
(1) file /tmp/knapsack/sa
[INFO -- 2018-12-08 15:14:14]
initSignal:0
[INFO -- 2018-12-08 15:14:14]
endSignal:9
[INFO -- 2018-12-08 15:14:14]
faultModel:3
[EXCEPTION -- 2018-12-08 15:14:18]
pythonException: empty range for randrange() (0,0, 0)
[INFO -- 2018-12-08 15:14:18]
Backtrace BEGIN:
#0  0x0000555555555852 in std::vector<int, std::allocator<int> >::operator[] (this=0x7fffffffd740, __n=153) at /usr/include/c++/7/bits/stl_vector.h:795
#1  0x000055555555515f in cost (solution=std::vector of length 200, capacity 200 = {...}) at knapsacksa.cpp:59
#2  0x000055555555534c in simulated_annealing () at knapsacksa.cpp:92
#3  0x0000555555555658 in main () at knapsacksa.cpp:146

790	       *  Note that data access with this operator is unchecked and
791	       *  out_of_range lookups are not defined. (For checked lookups
792	       *  see at().)
793	       */
794	      reference
795	      operator[](size_type __n) _GLIBCXX_NOEXCEPT
796	      {
797		__glibcxx_requires_subscript(__n);
798		return *(this->_M_impl._M_start + __n);
799	      }

Backtrace END
Memory content before bitflip:0x310xfb0x080x00
Fault Model: Zero bit-flip
base address to flip value: 0x555555759034 
address max offset: 4
Memory content after  bitflip:0x000x000x000x00
frame name: simulated_annealing
symbol name: W2
symbol filename: knapsacksa.cpp
symbol line: 13
value: 0
value address: 0x555555759034 <W2>
Type: The type is an integer type.
Type sizeof: 4

[INFO -- 2018-12-08 15:14:18]
Fault Injection Successful after 4.85970401763916s
[INFO -- 2018-12-08 15:14:18]
event type: exit
[INFO -- 2018-12-08 15:14:18]
exit code: 0
