[INFO -- 2018-12-02 04:06:41]
Starting flip_value script
version: 1.1
[INFO -- 2018-12-02 04:06:41]
Initialization strings:
[INFO -- 2018-12-02 04:06:41]
(1) file /tmp/knapsack/ga
[INFO -- 2018-12-02 04:06:41]
initSignal:0
[INFO -- 2018-12-02 04:06:41]
endSignal:13
[INFO -- 2018-12-02 04:06:41]
faultModel:4
[INFO -- 2018-12-02 04:06:44]
Backtrace BEGIN:
#0  0x0000555555555085 in cost (solution=std::vector of length 200, capacity 200 = {...}) at knapsackga.cpp:27
#1  0x000055555555578e in genetic_algorithm () at knapsackga.cpp:112
#2  0x0000555555555a9b in main () at knapsackga.cpp:141

22	
23	int cost(vector<int> &solution){
24	    int peso=0, valor=0;
25	    for(int i=0; i < n; i++){
26	        peso += solution[i] * wt[i];
27	        valor += solution[i] * val[i];
28	    }
29	
30	    if(peso > W){
31	        return 99999999;

Backtrace END
Memory content before bitflip:0x700x120x010x00
Fault Model: LSB bit-flip
base address to flip value: 0x7fffffffd8e8
address max offset: 4
Memory content after  bitflip:0x700x120x010x20
frame name: cost
symbol name: valor
symbol filename: knapsackga.cpp
symbol line: 24
value: 536941168
value address: 0x7fffffffd8e8
Type: The type is an integer type.
Type sizeof: 4

[INFO -- 2018-12-02 04:06:44]
Fault Injection Successful after 3.2281453609466553s
[INFO -- 2018-12-02 04:06:54]
event type: exit
[INFO -- 2018-12-02 04:06:54]
exit code: 0
