[INFO -- 2018-12-09 06:01:01]
Starting flip_value script
version: 1.1
[INFO -- 2018-12-09 06:01:01]
Initialization strings:
[INFO -- 2018-12-09 06:01:01]
(1) file /tmp/knapsack/ga
[INFO -- 2018-12-09 06:01:01]
initSignal:1
[INFO -- 2018-12-09 06:01:01]
endSignal:8
[INFO -- 2018-12-09 06:01:01]
faultModel:1
[INFO -- 2018-12-09 06:01:04]
Backtrace BEGIN:
#0  std::move<int&> (__t=@0x5555557836e4: 0) at /usr/include/c++/7/bits/move.h:99
#1  0x000055555555665c in std::swap<int> (__a=@0x555555784074: 0, __b=@0x5555557836e4: 0) at /usr/include/c++/7/bits/move.h:199
#2  0x00005555555553eb in crossover (pai=std::vector of length 200, capacity 200 = {...}, mae=std::vector of length 200, capacity 200 = {...}, filho1=std::vector of length 200, capacity 200 = {...}, filho2=std::vector of length 200, capacity 200 = {...}) at knapsackga.cpp:101
#3  0x00005555555556d7 in genetic_algorithm () at knapsackga.cpp:130
#4  0x0000555555555b6c in main () at knapsackga.cpp:165

94	   *  @return The parameter cast to an rvalue-reference to allow moving it.
95	  */
96	  template<typename _Tp>
97	    constexpr typename std::remove_reference<_Tp>::type&&
98	    move(_Tp&& __t) noexcept
99	    { return static_cast<typename std::remove_reference<_Tp>::type&&>(__t); }
100	
101	
102	  template<typename _Tp>
103	    struct __move_if_noexcept_cond

Backtrace END
Fliping a bit of the value pointed by a reference
Fliping value of field: std::_Vector_base<int, std::allocator<int> >
Fliping value of field: _M_impl
Fliping value of field: _M_finish
Fliping a bit of the value pointed by a pointer
Memory content before bitflip:0x300x030x000x00
Fault Model: Double bit-flip
base address to flip value: 0x555555784560
address max offset: 4
Memory content after  bitflip:0x300x030x000x0c
frame name: crossover
symbol name: pai
symbol filename: knapsackga.cpp
symbol line: 92
value: std::vector of length 200, capacity 200 = {0, 1, 0, 0, 1, 1, 0, 0, 0, 0, 0, 0, 0, 1, 1, 1, 1, 0, 0, 0, 0, 0, 0, 0, 1, 0, 0, 1, 1, 0, 0, 0, 0, 1, 1, 0, 0, 1, 1, 1, 0, 0, 0, 0, 1, 0, 1, 0, 1, 0, 0, 1, 1, 0, 1, 1, 1, 0, 0, 1, 1, 1, 1, 0, 0, 0, 1, 0, 0, 0, 0, 0, 0, 0, 1, 1, 0, 0, 0, 1, 1, 0, 0, 1, 1, 0, 1, 0, 1, 0, 0, 1, 0, 0, 1, 0, 0, 0, 0, 0, 0, 1, 0, 1, 0, 1, 0, 1, 0, 0, 0, 0, 1, 1, 0, 1, 0, 0, 1, 1, 1, 0, 1, 1, 0, 0, 1, 0, 1, 1, 1, 1, 0, 0, 1, 0, 0, 1, 1, 0, 0, 0, 1, 0, 1, 0, 0, 0, 0, 1, 0, 0, 0, 1, 0, 0, 0, 1, 1, 1, 1, 0, 0, 0, 1, 0, 0, 0, 1, 1, 1, 0, 1, 0, 1, 0, 0, 0, 0, 0, 1, 0, 0, 1, 1, 0, 1, 1, 1, 0, 0, 0, 0, 0, 0, 0, 0, 0, 0, 1...}
value address: 0x7fffffffd8c0
Type: A reference type.
Type sizeof: 8

[INFO -- 2018-12-09 06:01:04]
Fault Injection Successful after 3.4716708660125732s
[INFO -- 2018-12-09 06:01:10]
event type: exit
[INFO -- 2018-12-09 06:01:10]
exit code: 0
