[INFO -- 2018-09-23 12:53:50]
Starting flip_value script
version: 1.1
[INFO -- 2018-09-23 12:53:50]
Initialization strings:
[INFO -- 2018-09-23 12:53:50]
(1) file /tmp/knapsack/sa
[INFO -- 2018-09-23 12:53:50]
initSignal:0
[INFO -- 2018-09-23 12:53:50]
endSignal:2
[INFO -- 2018-09-23 12:53:50]
faultModel:0
[INFO -- 2018-09-23 12:53:50]
Backtrace BEGIN:
#0  std::vector<int, std::allocator<int> >::operator= (this=0x7fffffffda10, __x=std::vector of length 200, capacity 200 = {...}) at /usr/include/c++/7/bits/vector.tcc:232
#1  0x000055555555518f in simulated_annealing () at knapsacksa.cpp:60
#2  0x000055555555535e in main () at knapsacksa.cpp:84

227						  this->_M_impl._M_finish,
228						  _M_get_Tp_allocator());
229		    }
230		  this->_M_impl._M_finish = this->_M_impl._M_start + __xlen;
231		}
232	      return *this;
233	    }
234	
235	  template<typename _Tp, typename _Alloc>
236	    void

Backtrace END
Memory content before bitflip:0x310xfb0x080x00
Fault Model: Single bit-flip
base address to flip value: 0x55555575906c 
address max offset: 4
Memory content after  bitflip:0x310xff0x080x00
frame name: main
symbol name: W
symbol filename: knapsacksa.cpp
symbol line: 15
value: 589617
value address: 0x55555575906c <W>
Type: The type is an integer type.
Type sizeof: 4

[INFO -- 2018-09-23 12:53:50]
Fault Injection Successful after 0.8859682083129883s
[INFO -- 2018-09-23 12:53:52]
event type: exit
[INFO -- 2018-09-23 12:53:52]
exit code: 0
