[INFO -- 2018-12-08 08:55:48]
Starting flip_value script
version: 1.1
[INFO -- 2018-12-08 08:55:48]
Initialization strings:
[INFO -- 2018-12-08 08:55:48]
(1) file /tmp/knapsack/sa
[INFO -- 2018-12-08 08:55:48]
initSignal:0
[INFO -- 2018-12-08 08:55:48]
endSignal:9
[INFO -- 2018-12-08 08:55:48]
faultModel:4
[INFO -- 2018-12-08 08:55:49]
Backtrace BEGIN:
#0  cost (solution=std::vector of length 200, capacity 200 = {...}) at knapsacksa.cpp:58
#1  0x000055555555534c in simulated_annealing () at knapsacksa.cpp:92
#2  0x0000555555555658 in main () at knapsacksa.cpp:146

53	        exit_gracefully();
54	    }
55	
56	    int peso=0, peso2=0, valor=0, valor2=0;
57	    for(int i=0; i < n; i++){
58	        peso += solution[i] * wt[i];
59	        valor += solution[i] * val[i];
60	    }
61	    for(int i=0; i < n; i++){
62	        peso2 += solution[i] * wt2[i];

Backtrace END
Memory content before bitflip:0x4d0x330x0a0x00
Fault Model: LSB bit-flip
base address to flip value: 0x7fffffffd70c
address max offset: 4
Memory content after  bitflip:0x4d0x330x0a0x40
frame name: simulated_annealing
symbol name: temp
symbol filename: knapsacksa.cpp
symbol line: 83
value: 1074410317
value address: 0x7fffffffd70c
Type: The type is an integer type.
Type sizeof: 4

[INFO -- 2018-12-08 08:55:49]
Fault Injection Successful after 1.9801063537597656s
[INFO -- 2018-12-08 08:55:49]
event type: exit
[INFO -- 2018-12-08 08:55:49]
exit code: 0
