[INFO -- 2018-12-09 06:23:27]
Starting flip_value script
version: 1.1
[INFO -- 2018-12-09 06:23:27]
Initialization strings:
[INFO -- 2018-12-09 06:23:27]
(1) file /tmp/knapsack/ga
[INFO -- 2018-12-09 06:23:27]
initSignal:1
[INFO -- 2018-12-09 06:23:27]
endSignal:8
[INFO -- 2018-12-09 06:23:27]
faultModel:0
[INFO -- 2018-12-09 06:23:32]
Backtrace BEGIN:
#0  crossover (pai=std::vector of length 200, capacity 200 = {...}, mae=std::vector of length 200, capacity 200 = {...}, filho1=std::vector of length 0, capacity 0, filho2=std::vector of length 0, capacity 0) at knapsackga.cpp:94
#1  0x00005555555556d7 in genetic_algorithm () at knapsackga.cpp:130
#2  0x0000555555555b6c in main () at knapsackga.cpp:165

89	    return tournamentWinner;
90	}
91	
92	void crossover(vector<int> &pai, vector<int> &mae, vector<int> &filho1, vector<int> &filho2){
93	    vector<int> mask(n);
94	    for(int i = 0; i < n; i++){
95	        mask[i] = rand_bit();
96	    }
97	    filho1 = pai;
98	    filho2 = mae;

Backtrace END
Memory content before bitflip:0xc80x000x000x00
Fault Model: Single bit-flip
base address to flip value: 0x55555575f0ac 
address max offset: 4
Memory content after  bitflip:0xc80x000x800x00
frame name: crossover
symbol name: n2
symbol filename: knapsackga.cpp
symbol line: 18
value: 8388808
value address: 0x55555575f0ac <n2>
Type: The type is an integer type.
Type sizeof: 4

[INFO -- 2018-12-09 06:23:32]
Fault Injection Successful after 5.814435243606567s
[INFO -- 2018-12-09 06:23:32]
event type: exit
[INFO -- 2018-12-09 06:23:32]
exit code: 0
