[INFO -- 2018-12-09 07:51:41]
Starting flip_value script
version: 1.1
[INFO -- 2018-12-09 07:51:41]
Initialization strings:
[INFO -- 2018-12-09 07:51:41]
(1) file /tmp/knapsack/ga
[INFO -- 2018-12-09 07:51:41]
initSignal:1
[INFO -- 2018-12-09 07:51:41]
endSignal:8
[INFO -- 2018-12-09 07:51:41]
faultModel:2
[INFO -- 2018-12-09 07:51:43]
Backtrace BEGIN:
#0  0x00005555555572a6 in std::_Vector_base<int, std::allocator<int> >::_Vector_base (this=0x55555578af70, __x=...) at /usr/include/c++/7/bits/stl_vector.h:146
#1  0x0000555555556256 in std::vector<int, std::allocator<int> >::vector (this=0x55555578af70, __x=...) at /usr/include/c++/7/bits/stl_vector.h:345
#2  0x00005555555594e9 in chromossome::chromossome (this=0x55555578af70) at knapsackga.cpp:63
#3  0x000055555555ad84 in std::_Construct<chromossome, chromossome> (__p=0x55555578af70, __args#0=...) at /usr/include/c++/7/bits/stl_construct.h:75
#4  0x000055555555a6c8 in std::__uninitialized_copy<false>::__uninit_copy<std::move_iterator<chromossome*>, chromossome*> (__first=..., __last=..., __result=0x55555578ac50) at /usr/include/c++/7/bits/stl_uninitialized.h:83
#5  0x0000555555559d49 in std::uninitialized_copy<std::move_iterator<chromossome*>, chromossome*> (__first=..., __last=..., __result=0x55555578ac50) at /usr/include/c++/7/bits/stl_uninitialized.h:134
#6  0x0000555555559304 in std::__uninitialized_copy_a<std::move_iterator<chromossome*>, chromossome*, chromossome> (__first=..., __last=..., __result=0x55555578ac50) at /usr/include/c++/7/bits/stl_uninitialized.h:289
#7  0x0000555555558367 in std::__uninitialized_move_if_noexcept_a<chromossome*, chromossome*, std::allocator<chromossome> > (__first=0x555555787540, __last=0x555555787940, __result=0x55555578ac50, __alloc=...) at /usr/include/c++/7/bits/stl_uninitialized.h:312
#8  0x0000555555556e76 in std::vector<chromossome, std::allocator<chromossome> >::_M_realloc_insert<chromossome const&> (this=0x7fffffffd8a0, __position={solution = std::vector of length 204, capacity 1073741824 = {<error reading variable>, __args#0=...) at /usr/include/c++/7/bits/vector.tcc:424
#9  0x0000555555556012 in std::vector<chromossome, std::allocator<chromossome> >::push_back (this=0x7fffffffd8a0, __x=...) at /usr/include/c++/7/bits/stl_vector.h:948
#10 0x0000555555555731 in genetic_algorithm () at knapsackga.cpp:132
#11 0x0000555555555b6c in main () at knapsackga.cpp:165

141	      _Vector_base(_Tp_alloc_type&& __a) noexcept
142	      : _M_impl(std::move(__a)) { }
143	
144	      _Vector_base(_Vector_base&& __x) noexcept
145	      : _M_impl(std::move(__x._M_get_Tp_allocator()))
146	      { this->_M_impl._M_swap_data(__x._M_impl); }
147	
148	      _Vector_base(_Vector_base&& __x, const allocator_type& __a)
149	      : _M_impl(__a)
150	      {

Backtrace END
Memory content before bitflip:0x310xfb0x080x00
Fault Model: Random bit-flip
base address to flip value: 0x55555575f0b4 
address max offset: 4
Memory content after  bitflip:0x820x3d0x070x17
frame name: std::uninitialized_copy<std::move_iterator<chromossome*>, chromossome*>
symbol name: W2
symbol filename: knapsackga.cpp
symbol line: 18
value: 386350466
value address: 0x55555575f0b4 <W2>
Type: The type is an integer type.
Type sizeof: 4

[INFO -- 2018-12-09 07:51:43]
Fault Injection Successful after 2.4992072582244873s
[INFO -- 2018-12-09 07:51:43]
event type: exit
[INFO -- 2018-12-09 07:51:43]
exit code: 0
