[INFO -- 2018-09-25 07:59:05]
Starting flip_value script
version: 1.1
[INFO -- 2018-09-25 07:59:05]
Initialization strings:
[INFO -- 2018-09-25 07:59:05]
(1) file /tmp/knapsack/ga
[INFO -- 2018-09-25 07:59:05]
initSignal:1
[INFO -- 2018-09-25 07:59:05]
endSignal:3.5
[INFO -- 2018-09-25 07:59:05]
faultModel:2
[INFO -- 2018-09-25 07:59:06]
Backtrace BEGIN:
#0  0x000055555555705c in std::_Vector_base<int, std::allocator<int> >::_M_deallocate (this=0x5555555568e1 <std::_Destroy<int*, int>(int*, int*, std::allocator<int>&)+39>, __p=0x7fffffffd740, __n=0) at /usr/include/c++/7/bits/stl_vector.h:176
#1  0x000055555555689d in std::_Vector_base<int, std::allocator<int> >::~_Vector_base (this=0x555555786760, __in_chrg=<optimized out>) at /usr/include/c++/7/bits/stl_vector.h:162
#2  0x0000555555555bed in std::vector<int, std::allocator<int> >::~vector (this=0x555555786760, __in_chrg=<optimized out>) at /usr/include/c++/7/bits/stl_vector.h:435
#3  0x0000555555555b62 in chromossome::~chromossome (this=0x555555786760, __in_chrg=<optimized out>) at knapsackga.cpp:42
#4  0x00005555555599b7 in std::_Destroy<chromossome> (__pointer=0x555555786760) at /usr/include/c++/7/bits/stl_construct.h:98
#5  0x0000555555558f21 in std::_Destroy_aux<false>::__destroy<chromossome*> (__first=0x555555786760, __last=0x555555786880) at /usr/include/c++/7/bits/stl_construct.h:108
#6  0x0000555555557e12 in std::_Destroy<chromossome*> (__first=0x555555786480, __last=0x555555786880) at /usr/include/c++/7/bits/stl_construct.h:137
#7  0x0000555555556a49 in std::_Destroy<chromossome*, chromossome> (__first=0x555555786480, __last=0x555555786880) at /usr/include/c++/7/bits/stl_construct.h:206
#8  0x0000555555556bfa in std::vector<chromossome, std::allocator<chromossome> >::_M_realloc_insert<chromossome const&> (this=0x7fffffffd8f0, __position={solution = std::vector of length 204, capacity 1073741824 = {<error reading variable>, __args#0=...) at /usr/include/c++/7/bits/vector.tcc:446
#9  0x0000555555555d28 in std::vector<chromossome, std::allocator<chromossome> >::push_back (this=0x7fffffffd8f0, __x=...) at /usr/include/c++/7/bits/stl_vector.h:948
#10 0x00005555555554e7 in genetic_algorithm () at knapsackga.cpp:106
#11 0x00005555555558d7 in main () at knapsackga.cpp:137

171		typedef __gnu_cxx::__alloc_traits<_Tp_alloc_type> _Tr;
172		return __n != 0 ? _Tr::allocate(_M_impl, __n) : pointer();
173	      }
174	
175	      void
176	      _M_deallocate(pointer __p, size_t __n)
177	      {
178		typedef __gnu_cxx::__alloc_traits<_Tp_alloc_type> _Tr;
179		if (__p)
180		  _Tr::deallocate(_M_impl, __p, __n);

Backtrace END
Fliping value of field: std::_Vector_base<int, std::allocator<int> >
Fliping value of field: _M_impl
Fliping value of field: _M_finish
Fliping a bit of the value pointed by a pointer
Memory content before bitflip:0x000x000x000x00
Fault Model: Random bit-flip
base address to flip value: 0x555555776ed0
address max offset: 4
Memory content after  bitflip:0xcb0x250x380x31
frame name: std::_Destroy<chromossome*>
symbol name: val
symbol filename: knapsackga.cpp
symbol line: 14
value: std::vector of length 200, capacity 256 = {9561, 9479, 566, 849, 8355, 7360, 6698, 3082, 6060, 6069, 5813, 1584, 4307, 3936, 7231, 9949, 9494, 5442, 4449, 2683, 360, 275, 4649, 3185, 3801, 8918, 5258, 5606, 2362, 239, 3252, 1367, 5103, 9987, 6745, 1819, 8936, 7968, 7345, 9066, 7629, 7898, 3538, 9810, 9620, 1612, 7541, 7152, 4615, 5304, 4901, 9249, 5009, 8316, 3540, 8829, 8998, 4611, 5678, 9204, 7238, 4867, 2219, 3247, 6996, 1661, 9080, 2682, 9114, 3096, 9574, 7063, 5043, 5178, 6515, 5880, 3119, 2079, 5119, 9342, 6233, 754, 8204, 7260, 9077, 1915, 7448, 588, 6530, 2731, 2267, 8755, 1063, 5224, 8540, 2449, 2105, 8806, 4230, 7170, 319, 3624, 1719, 6728, 830, 9546, 254, 7295, 212, 2557, 8134, 1572, 1838, 6915, 3856, 432, 9901, 1515, 363, 3443, 6153, 7425, 1132, 3373, 309, 4487, 7660, 7400, 9021, 7557, 8625, 7054, 4728, 2256, 6609, 3164, 1021, 4479, 8748, 1276, 5850, 3930, 5149, 1439, 9598, 2591, 6061, 4198, 181, 5580, 1406, 568, 336, 1612, 959, 6351, 5083, 9835, 9342, 9946, 2325, 4447, 2508, 5913, 6242, 8003, 7095, 2567, 4231, 5262, 49, 355, 4088, 1112, 7238, 2409, 998, 1818, 2316, 2174, 5208, 4645, 3098, 6418, 2125, 9066, 9632, 7290, 4338, 5116, 5811, 513, 4181, 5251, 1813, 938, 8027, 3662, 5193, 9215...}
value address: 0x55555575f030 <val>
Type: The type is a structure.
Type sizeof: 24
Field name: std::_Vector_base<int, std::allocator<int> >
Field Type: The type is a structure.
Field Type sizeof: 24

[INFO -- 2018-09-25 07:59:06]
Fault Injection Successful after 1.7278883457183838s
[INFO -- 2018-09-25 07:59:09]
event type: exit
[INFO -- 2018-09-25 07:59:09]
exit code: 0
