[INFO -- 2018-09-25 03:53:13]
Starting flip_value script
version: 1.1
[INFO -- 2018-09-25 03:53:13]
Initialization strings:
[INFO -- 2018-09-25 03:53:13]
(1) file /tmp/knapsack/ga
[INFO -- 2018-09-25 03:53:13]
initSignal:1
[INFO -- 2018-09-25 03:53:13]
endSignal:3.5
[INFO -- 2018-09-25 03:53:13]
faultModel:3
[INFO -- 2018-09-25 03:53:15]
Backtrace BEGIN:
#0  0x000055555555854f in std::_Vector_base<int, std::allocator<int> >::_M_allocate (this=0x7fffffffd970, __n=200) at /usr/include/c++/7/bits/stl_vector.h:172
#1  0x000055555555712e in std::vector<int, std::allocator<int> >::_M_allocate_and_copy<__gnu_cxx::__normal_iterator<int const*, std::vector<int, std::allocator<int> > > > (this=0x7fffffffd970, __n=200, __first=0, __last=816) at /usr/include/c++/7/bits/stl_vector.h:1260
#2  0x000055555555617b in std::vector<int, std::allocator<int> >::operator= (this=0x7fffffffd970, __x=std::vector of length 200, capacity 200 = {...}) at /usr/include/c++/7/bits/vector.tcc:206
#3  0x000055555555517d in crossover (pai=std::vector of length 200, capacity 200 = {...}, mae=std::vector of length 200, capacity 200 = {...}, filho1=std::vector of length 200, capacity 200 = {...}, filho2=std::vector of length 0, capacity 0) at knapsackga.cpp:77
#4  0x000055555555548d in genetic_algorithm () at knapsackga.cpp:104
#5  0x00005555555558d7 in main () at knapsackga.cpp:137

167	
168	      pointer
169	      _M_allocate(size_t __n)
170	      {
171		typedef __gnu_cxx::__alloc_traits<_Tp_alloc_type> _Tr;
172		return __n != 0 ? _Tr::allocate(_M_impl, __n) : pointer();
173	      }
174	
175	      void
176	      _M_deallocate(pointer __p, size_t __n)

Backtrace END
Memory content before bitflip:0x310xfb0x080x00
Fault Model: Zero bit-flip
base address to flip value: 0x55555575f06c 
address max offset: 4
Memory content after  bitflip:0x000x000x000x00
frame name: main
symbol name: W
symbol filename: knapsackga.cpp
symbol line: 16
value: 0
value address: 0x55555575f06c <W>
Type: The type is an integer type.
Type sizeof: 4

[INFO -- 2018-09-25 03:53:15]
Fault Injection Successful after 2.4881973266601562s
[INFO -- 2018-09-25 03:53:17]
event type: exit
[INFO -- 2018-09-25 03:53:17]
exit code: 0
