[INFO -- 2018-12-09 06:33:49]
Starting flip_value script
version: 1.1
[INFO -- 2018-12-09 06:33:49]
Initialization strings:
[INFO -- 2018-12-09 06:33:49]
(1) file /tmp/knapsack/ga
[INFO -- 2018-12-09 06:33:49]
initSignal:1
[INFO -- 2018-12-09 06:33:49]
endSignal:8
[INFO -- 2018-12-09 06:33:49]
faultModel:1
[INFO -- 2018-12-09 06:33:52]
Backtrace BEGIN:
#0  0x0000555555555e86 in std::vector<int, std::allocator<int> >::operator[] (this=0x55555575f090 <wt2>, __n=71) at /usr/include/c++/7/bits/stl_vector.h:798
#1  0x000055555555510f in cost (solution=std::vector of length 200, capacity 200 = {...}) at knapsackga.cpp:44
#2  0x000055555555589e in genetic_algorithm () at knapsackga.cpp:138
#3  0x0000555555555b6c in main () at knapsackga.cpp:165

793	       */
794	      reference
795	      operator[](size_type __n) _GLIBCXX_NOEXCEPT
796	      {
797		__glibcxx_requires_subscript(__n);
798		return *(this->_M_impl._M_start + __n);
799	      }
800	
801	      /**
802	       *  @brief  Subscript access to the data contained in the %vector.

Backtrace END
Memory content before bitflip:0x310xfb0x080x00
Fault Model: Double bit-flip
base address to flip value: 0x55555575f0b0 
address max offset: 4
Memory content after  bitflip:0x310xfb0x080x60
frame name: main
symbol name: W
symbol filename: knapsackga.cpp
symbol line: 18
value: 1611201329
value address: 0x55555575f0b0 <W>
Type: The type is an integer type.
Type sizeof: 4

[INFO -- 2018-12-09 06:33:52]
Fault Injection Successful after 3.2488908767700195s
[INFO -- 2018-12-09 06:33:52]
event type: exit
[INFO -- 2018-12-09 06:33:52]
exit code: 0
