[INFO -- 2018-12-02 06:12:10]
Starting flip_value script
version: 1.1
[INFO -- 2018-12-02 06:12:10]
Initialization strings:
[INFO -- 2018-12-02 06:12:10]
(1) file /tmp/knapsack/ga
[INFO -- 2018-12-02 06:12:10]
initSignal:0
[INFO -- 2018-12-02 06:12:10]
endSignal:13
[INFO -- 2018-12-02 06:12:10]
faultModel:3
[INFO -- 2018-12-02 06:12:10]
Backtrace BEGIN:
#0  dl_main (phdr=<optimized out>, phnum=<optimized out>, user_entry=<optimized out>, auxv=<optimized out>) at rtld.c:2286
#1  0x00007ffff7df015a in _dl_sysdep_start (start_argptr=start_argptr@entry=0x7fffffffdfb0, dl_main=dl_main@entry=0x7ffff7dd73d0 <dl_main>) at ../elf/dl-sysdep.c:253
#2  0x00007ffff7dd6e88 in _dl_start_final (arg=0x7fffffffdfb0) at rtld.c:414
#3  _dl_start (arg=0x7fffffffdfb0) at rtld.c:520
#4  0x00007ffff7dd5ea8 in _start () from /lib64/ld-linux-x86-64.so.2
#5  0x0000000000000001 in ?? ()
#6  0x00007fffffffe317 in ?? ()
#7  0x0000000000000000 in ?? ()

2281	rtld.c: No such file or directory.

Backtrace END
Memory content before bitflip:0x010x000x000x00
Fault Model: Zero bit-flip
base address to flip value: 0x7ffff7ffc8c8 
address max offset: 4
Memory content after  bitflip:0x000x000x000x00
frame name: _dl_start
symbol name: _dl_argc
symbol filename: rtld.c
symbol line: 82
value: 0
value address: 0x7ffff7ffc8c8 <_dl_argc>
Type: The type is an integer type.
Type sizeof: 4

[INFO -- 2018-12-02 06:12:10]
Fault Injection Successful after 0.8420109748840332s
[INFO -- 2018-12-02 06:12:23]
event type: exit
[INFO -- 2018-12-02 06:12:23]
exit code: 0
