[INFO -- 2018-12-01 11:39:15]
Starting flip_value script
version: 1.1
[INFO -- 2018-12-01 11:39:15]
Initialization strings:
[INFO -- 2018-12-01 11:39:15]
(1) file /tmp/knapsack/mf
[INFO -- 2018-12-01 11:39:15]
initSignal:0
[INFO -- 2018-12-01 11:39:15]
endSignal:12
[INFO -- 2018-12-01 11:39:15]
faultModel:0
[EXCEPTION -- 2018-12-01 11:39:16]
pythonException: Unable to exit loop in struct fields; Exiting wihtout making a bit flip
[INFO -- 2018-12-01 11:39:16]
Backtrace BEGIN:
#0  0x0000555555555a55 in std::vector<int, std::allocator<int> >::operator[] (this=0x55555576e808, __n=247521) at /usr/include/c++/7/bits/stl_vector.h:798
#1  0x00005555555550c5 in knapSack (W=588593, n=200, values=std::vector of length 200, capacity 256 = {...}, weights=std::vector of length 200, capacity 256 = {...}, V=std::vector of length 201, capacity 201 = {...}) at knapsackmf.cpp:28
#2  0x0000555555555494 in executeAlgorithm () at knapsackmf.cpp:75
#3  0x000055555555558a in main () at knapsackmf.cpp:81

793	       */
794	      reference
795	      operator[](size_type __n) _GLIBCXX_NOEXCEPT
796	      {
797		__glibcxx_requires_subscript(__n);
798		return *(this->_M_impl._M_start + __n);
799	      }
800	
801	      /**
802	       *  @brief  Subscript access to the data contained in the %vector.

Backtrace END
Memory content before bitflip:0x310xfb0x080x00
Fault Model: Single bit-flip
base address to flip value: 0x7fffffffd67c
address max offset: 4
Memory content after  bitflip:0x310xfb0x080x10
frame name: executeAlgorithm
symbol name: W
symbol filename: knapsackmf.cpp
symbol line: 56
value: 269024049
value address: 0x7fffffffd67c
Type: The type is an integer type.
Type sizeof: 4

[INFO -- 2018-12-01 11:39:16]
Fault Injection Successful after 1.3569045066833496s
[INFO -- 2018-12-01 11:39:25]
event type: exit
[INFO -- 2018-12-01 11:39:25]
exit code: 0
