[INFO -- 2018-12-09 01:42:00]
Starting flip_value script
version: 1.1
[INFO -- 2018-12-09 01:42:00]
Initialization strings:
[INFO -- 2018-12-09 01:42:00]
(1) file /tmp/knapsack/ga
[INFO -- 2018-12-09 01:42:00]
initSignal:1
[INFO -- 2018-12-09 01:42:00]
endSignal:8
[INFO -- 2018-12-09 01:42:00]
faultModel:4
[INFO -- 2018-12-09 01:42:02]
Backtrace BEGIN:
#0  0x00005555555572b7 in __gnu_cxx::new_allocator<int>::~new_allocator (this=0x7fffffffd688, __in_chrg=<optimized out>) at /usr/include/c++/7/ext/new_allocator.h:86
#1  0x0000555555556292 in std::allocator<int>::~allocator (this=0x555555776540, __in_chrg=<optimized out>) at /usr/include/c++/7/bits/allocator.h:139
#2  0x0000555555556b26 in std::_Vector_base<int, std::allocator<int> >::_Vector_impl::~_Vector_impl (this=0x555555776540, __in_chrg=<optimized out>) at /usr/include/c++/7/bits/stl_vector.h:81
#3  0x0000555555556b93 in std::_Vector_base<int, std::allocator<int> >::~_Vector_base (this=0x555555776540, __in_chrg=<optimized out>) at /usr/include/c++/7/bits/stl_vector.h:163
#4  0x0000555555555ed7 in std::vector<int, std::allocator<int> >::~vector (this=0x555555776540, __in_chrg=<optimized out>) at /usr/include/c++/7/bits/stl_vector.h:435
#5  0x0000555555555e4c in chromossome::~chromossome (this=0x555555776540, __in_chrg=<optimized out>) at knapsackga.cpp:63
#6  0x0000555555559ca1 in std::_Destroy<chromossome> (__pointer=0x555555776540) at /usr/include/c++/7/bits/stl_construct.h:98
#7  0x000055555555920b in std::_Destroy_aux<false>::__destroy<chromossome*> (__first=0x555555776540, __last=0x555555776580) at /usr/include/c++/7/bits/stl_construct.h:108
#8  0x00005555555580fc in std::_Destroy<chromossome*> (__first=0x555555776540, __last=0x555555776580) at /usr/include/c++/7/bits/stl_construct.h:137
#9  0x0000555555556d33 in std::_Destroy<chromossome*, chromossome> (__first=0x555555776540, __last=0x555555776580) at /usr/include/c++/7/bits/stl_construct.h:206
#10 0x0000555555556ee4 in std::vector<chromossome, std::allocator<chromossome> >::_M_realloc_insert<chromossome const&> (this=0x7fffffffd820, __position={solution = std::vector of length 36, capacity 0 = {<error reading variable>, __args#0=...) at /usr/include/c++/7/bits/vector.tcc:446
#11 0x0000555555556012 in std::vector<chromossome, std::allocator<chromossome> >::push_back (this=0x7fffffffd820, __x=...) at /usr/include/c++/7/bits/stl_vector.h:948
#12 0x0000555555555230 in tournament (pop=std::vector of length 40, capacity 64 = {...}) at knapsackga.cpp:84
#13 0x0000555555555653 in genetic_algorithm () at knapsackga.cpp:128
#14 0x0000555555555b6c in main () at knapsackga.cpp:165

81	      new_allocator(const new_allocator&) _GLIBCXX_USE_NOEXCEPT { }
82	
83	      template<typename _Tp1>
84		new_allocator(const new_allocator<_Tp1>&) _GLIBCXX_USE_NOEXCEPT { }
85	
86	      ~new_allocator() _GLIBCXX_USE_NOEXCEPT { }
87	
88	      pointer
89	      address(reference __x) const _GLIBCXX_NOEXCEPT
90	      { return std::__addressof(__x); }

Backtrace END
Memory content before bitflip:0x310xfb0x080x00
Fault Model: LSB bit-flip
base address to flip value: 0x55555575f0b0 
address max offset: 4
Memory content after  bitflip:0x310xfb0x080x01
frame name: std::_Destroy<chromossome*>
symbol name: W
symbol filename: knapsackga.cpp
symbol line: 18
value: 17365809
value address: 0x55555575f0b0 <W>
Type: The type is an integer type.
Type sizeof: 4

[INFO -- 2018-12-09 01:42:02]
Fault Injection Successful after 2.4355828762054443s
[INFO -- 2018-12-09 01:42:02]
event type: exit
[INFO -- 2018-12-09 01:42:02]
exit code: 0
