[INFO -- 2018-12-08 15:54:16]
Starting flip_value script
version: 1.1
[INFO -- 2018-12-08 15:54:16]
Initialization strings:
[INFO -- 2018-12-08 15:54:16]
(1) file /tmp/knapsack/ga
[INFO -- 2018-12-08 15:54:16]
initSignal:1
[INFO -- 2018-12-08 15:54:16]
endSignal:8
[INFO -- 2018-12-08 15:54:16]
faultModel:2
[INFO -- 2018-12-08 15:54:19]
Backtrace BEGIN:
#0  0x00007ffff7494a3c in __random () at random.c:295
#1  0x00007ffff7494ea9 in rand () at rand.c:27
#2  0x0000555555554ff1 in rand_bit () at knapsackga.cpp:30
#3  0x0000555555555353 in crossover (pai=std::vector of length 200, capacity 200 = {...}, mae=std::vector of length 200, capacity 200 = {...}, filho1=std::vector of length 0, capacity 0, filho2=std::vector of length 0, capacity 0) at knapsackga.cpp:95
#4  0x00005555555556d7 in genetic_algorithm () at knapsackga.cpp:130
#5  0x0000555555555b6c in main () at knapsackga.cpp:165

290	random.c: No such file or directory.

Backtrace END
Fliping array at pos: 12
Memory content before bitflip:0xe00x910x6c0x1c
Fault Model: Random bit-flip
base address to flip value: 0x7ffff78321d0 
address max offset: 4
Memory content after  bitflip:0x800x080x690x7c
frame name: __random
symbol name: randtbl
symbol filename: random.c
symbol line: 146
value: {3, -1136758206, 1480519505, 1237200604, 950326773, 2005698048, -1815356770, -691498877, -780077586, 663733728, -1793105379, 775204437, 2087258240, 2127645931, 2047309018, 151710451, -1469607266, 2003879524, -324626956, -1610423171, 355734937, 1177732986, -1312485644, -1747304749, -776590035, 1129851573, -2107446567, 1037625139, -1772350280, 1694659474, 270840255, 118909863}
value address: 0x7ffff78321a0 <randtbl>
Type: The type is an array.
Type sizeof: 128
Field name: None
Field Type: A range type, that is, an integer type with bounds.
Field Type sizeof: 8
Field Type range: (0, 31)

[INFO -- 2018-12-08 15:54:19]
Fault Injection Successful after 3.7815158367156982s
[INFO -- 2018-12-08 15:54:24]
event type: exit
[INFO -- 2018-12-08 15:54:24]
exit code: 0
