[INFO -- 2018-11-30 07:16:37]
Starting flip_value script
version: 1.1
[INFO -- 2018-11-30 07:16:37]
Initialization strings:
[INFO -- 2018-11-30 07:16:37]
(1) file /tmp/knapsack/sa
[INFO -- 2018-11-30 07:16:37]
initSignal:0
[INFO -- 2018-11-30 07:16:37]
endSignal:7
[INFO -- 2018-11-30 07:16:37]
faultModel:2
[INFO -- 2018-11-30 07:16:39]
Backtrace BEGIN:
#0  0x00005555555550fa in cost (solution=std::vector of length 200, capacity 200 = {...}) at knapsacksa.cpp:29
#1  0x0000555555555259 in simulated_annealing () at knapsacksa.cpp:52
#2  0x0000555555555522 in main () at knapsacksa.cpp:85

24	
25	int cost(vector<int> &solution){
26	    int peso=0, valor=0;
27	    for(int i=0; i < n; i++){
28	       peso += solution[i] * wt[i];
29	       valor += solution[i] * val[i];
30	    }
31	    if(peso > W)
32	       return 99999999;
33	    else

Backtrace END
Fliping value of field: std::_Vector_base<int, std::allocator<int> >
Fliping value of field: _M_impl
Fliping value of field: _M_end_of_storage
Fliping a bit of the value pointed by a pointer
Memory content before bitflip:0x310x310x390x20
Fault Model: Random bit-flip
base address to flip value: 0x55555576e600
address max offset: 4
Memory content after  bitflip:0xe40xf20x1b0x60
frame name: simulated_annealing
symbol name: solution
symbol filename: knapsacksa.cpp
symbol line: 40
value: std::vector of length 200, capacity 200 = {0, 0, 0, 1, 0, 0, 0, 0, 0, 0, 1, 0, 1, 1, 0, 1, 1, 0, 0, 1, 1, 0, 0, 1, 1, 0, 1, 1, 0, 1, 1, 1, 0, 0, 1, 0, 0, 1, 0, 0, 1, 0, 1, 1, 0, 0, 1, 0, 0, 1, 0, 1, 0, 1, 1, 0, 0, 0, 0, 1, 1, 0, 1, 0, 1, 1, 0, 0, 1, 0, 1, 0, 1, 0, 1, 0, 1, 1, 1, 1, 1, 0, 1, 0, 1, 0, 1, 0, 0, 1, 0, 1, 1, 0, 0, 0, 0, 1, 0, 0, 1, 0, 1, 0, 0, 0, 0, 0, 1, 1, 0, 0, 0, 1, 0, 1, 0, 0, 1, 1, 1, 1, 1, 0, 0, 0, 1, 1, 0, 1, 0, 0, 0, 0, 1, 0, 0, 0, 0, 0, 0, 1, 1, 0, 1, 0, 1, 1, 0, 0, 1, 1, 0, 1, 0, 1, 1, 1, 1, 1, 0, 0, 0, 0, 0, 0, 1, 1, 0, 0, 0, 1, 1, 0, 1, 0, 1, 1, 0, 1, 1, 1, 1, 0, 0, 1, 1, 0, 1, 0, 0, 0, 0, 0, 1, 1, 0, 1, 1, 1...}
value address: 0x7fffffffd970
Type: The type is a structure.
Type sizeof: 24
Field name: std::_Vector_base<int, std::allocator<int> >
Field Type: The type is a structure.
Field Type sizeof: 24

[INFO -- 2018-11-30 07:16:39]
Fault Injection Successful after 2.351151943206787s
[INFO -- 2018-11-30 07:16:45]
event type: exit
[INFO -- 2018-11-30 07:16:45]
exit code: 0
