[INFO -- 2018-12-08 22:55:53]
Starting flip_value script
version: 1.1
[INFO -- 2018-12-08 22:55:53]
Initialization strings:
[INFO -- 2018-12-08 22:55:53]
(1) file /tmp/knapsack/sa
[INFO -- 2018-12-08 22:55:53]
initSignal:0
[INFO -- 2018-12-08 22:55:53]
endSignal:9
[INFO -- 2018-12-08 22:55:53]
faultModel:1
[INFO -- 2018-12-08 22:55:54]
Backtrace BEGIN:
#0  cost (solution=std::vector of length 200, capacity 200 = {...}) at knapsacksa.cpp:57
#1  0x000055555555534c in simulated_annealing () at knapsacksa.cpp:92
#2  0x0000555555555658 in main () at knapsacksa.cpp:146

52	    if(n != n2 || W != W2){
53	        exit_gracefully();
54	    }
55	
56	    int peso=0, peso2=0, valor=0, valor2=0;
57	    for(int i=0; i < n; i++){
58	        peso += solution[i] * wt[i];
59	        valor += solution[i] * val[i];
60	    }
61	    for(int i=0; i < n; i++){

Backtrace END
Memory content before bitflip:0x1b0x000x000x00
Fault Model: Double bit-flip
base address to flip value: 0x7fffffffd718
address max offset: 4
Memory content after  bitflip:0x1b0x060x000x00
frame name: simulated_annealing
symbol name: i
symbol filename: knapsacksa.cpp
symbol line: 90
value: 1563
value address: 0x7fffffffd718
Type: The type is an integer type.
Type sizeof: 4

[INFO -- 2018-12-08 22:55:54]
Fault Injection Successful after 1.8484079837799072s
[INFO -- 2018-12-08 22:56:02]
event type: exit
[INFO -- 2018-12-08 22:56:02]
exit code: 0
