[INFO -- 2018-12-08 18:12:56]
Starting flip_value script
version: 1.1
[INFO -- 2018-12-08 18:12:56]
Initialization strings:
[INFO -- 2018-12-08 18:12:56]
(1) file /tmp/knapsack/sa
[INFO -- 2018-12-08 18:12:56]
initSignal:0
[INFO -- 2018-12-08 18:12:56]
endSignal:9
[INFO -- 2018-12-08 18:12:56]
faultModel:0
[INFO -- 2018-12-08 18:12:59]
Backtrace BEGIN:
#0  0x00007ffff78d62e0 in operator delete(void*) () from /usr/lib/x86_64-linux-gnu/libstdc++.so.6
#1  0x0000555555556d66 in __gnu_cxx::new_allocator<int>::deallocate (this=0x7fffffffd740, __p=0x5555557727c0) at /usr/include/c++/7/ext/new_allocator.h:125
#2  0x0000555555556912 in std::allocator_traits<std::allocator<int> >::deallocate (__a=..., __p=0x5555557727c0, __n=200) at /usr/include/c++/7/bits/alloc_traits.h:462
#3  0x0000555555556176 in std::_Vector_base<int, std::allocator<int> >::_M_deallocate (this=0x7fffffffd740, __p=0x5555557727c0, __n=200) at /usr/include/c++/7/bits/stl_vector.h:180
#4  0x0000555555555eb1 in std::_Vector_base<int, std::allocator<int> >::~_Vector_base (this=0x7fffffffd740, __in_chrg=<optimized out>) at /usr/include/c++/7/bits/stl_vector.h:162
#5  0x0000555555555949 in std::vector<int, std::allocator<int> >::~vector (this=0x7fffffffd740, __in_chrg=<optimized out>) at /usr/include/c++/7/bits/stl_vector.h:435
#6  0x0000555555555468 in simulated_annealing () at knapsacksa.cpp:89
#7  0x0000555555555658 in main () at knapsacksa.cpp:146

117	                exit_gracefully();
118	            }
119	        } 
120	        temp *= 0.99999;
121	        temp2 *= 0.99999;
122	    }
123	    //cout << co << endl;
124	    if(best != best2){
125	        exit_gracefully();
126	    }

Backtrace END
Memory content before bitflip:0xc80x000x000x00
Fault Model: Single bit-flip
base address to flip value: 0x55555575903c 
address max offset: 4
Memory content after  bitflip:0xc80x000x800x00
frame name: std::allocator_traits<std::allocator<int> >::deallocate
symbol name: n2
symbol filename: knapsacksa.cpp
symbol line: 13
value: 8388808
value address: 0x55555575903c <n2>
Type: The type is an integer type.
Type sizeof: 4

[INFO -- 2018-12-08 18:12:59]
Fault Injection Successful after 3.768662214279175s
[INFO -- 2018-12-08 18:12:59]
event type: exit
[INFO -- 2018-12-08 18:12:59]
exit code: 0
