[INFO -- 2018-12-08 18:54:53]
Starting flip_value script
version: 1.1
[INFO -- 2018-12-08 18:54:53]
Initialization strings:
[INFO -- 2018-12-08 18:54:53]
(1) file /tmp/knapsack/ga
[INFO -- 2018-12-08 18:54:53]
initSignal:1
[INFO -- 2018-12-08 18:54:53]
endSignal:8
[INFO -- 2018-12-08 18:54:53]
faultModel:2
[EXCEPTION -- 2018-12-08 18:54:57]
pythonException: Unable to exit loop in struct fields; Exiting wihtout making a bit flip
[EXCEPTION -- 2018-12-08 18:54:57]
gdbException: Cannot access memory at address 0xcc074b5c42e21dc4
[EXCEPTION -- 2018-12-08 18:54:57]
pythonException: Unable to exit loop in struct fields; Exiting wihtout making a bit flip
[INFO -- 2018-12-08 18:54:57]
event type: exit
[EXCEPTION -- 2018-12-08 18:54:57]
exit code: no exit code available
