[INFO -- 2018-09-25 09:27:10]
Starting flip_value script
version: 1.1
[INFO -- 2018-09-25 09:27:10]
Initialization strings:
[INFO -- 2018-09-25 09:27:10]
(1) file /tmp/knapsack/ga
[INFO -- 2018-09-25 09:27:10]
initSignal:1
[INFO -- 2018-09-25 09:27:10]
endSignal:3.5
[INFO -- 2018-09-25 09:27:10]
faultModel:0
[INFO -- 2018-09-25 09:27:11]
Backtrace BEGIN:
#0  std::vector<chromossome, std::allocator<chromossome> >::_M_realloc_insert<chromossome const&> (this=0x7fffffffd870, __position={solution = std::vector of length 20, capacity 0 = {<error reading variable>, __args#0=...) at /usr/include/c++/7/bits/vector.tcc:447
#1  0x0000555555555d28 in std::vector<chromossome, std::allocator<chromossome> >::push_back (this=0x7fffffffd870, __x=...) at /usr/include/c++/7/bits/stl_vector.h:948
#2  0x000055555555502c in tournament (pop=std::vector of length 40, capacity 64 = {...}) at knapsackga.cpp:63
#3  0x0000555555555409 in genetic_algorithm () at knapsackga.cpp:102
#4  0x00005555555558d7 in main () at knapsackga.cpp:137

442		    std::_Destroy(__new_start, __new_finish, _M_get_Tp_allocator());
443		  _M_deallocate(__new_start, __len);
444		  __throw_exception_again;
445		}
446	      std::_Destroy(this->_M_impl._M_start, this->_M_impl._M_finish,
447			    _M_get_Tp_allocator());
448	      _M_deallocate(this->_M_impl._M_start,
449			    this->_M_impl._M_end_of_storage
450			    - this->_M_impl._M_start);
451	      this->_M_impl._M_start = __new_start;

Backtrace END
Memory content before bitflip:0x310xfb0x080x00
Fault Model: Single bit-flip
base address to flip value: 0x55555575f06c 
address max offset: 4
Memory content after  bitflip:0x310xfb0x000x00
frame name: std::vector<chromossome, std::allocator<chromossome> >::_M_realloc_insert<chromossome const&>
symbol name: W
symbol filename: knapsackga.cpp
symbol line: 16
value: 64305
value address: 0x55555575f06c <W>
Type: The type is an integer type.
Type sizeof: 4

[INFO -- 2018-09-25 09:27:11]
Fault Injection Successful after 1.1779530048370361s
[INFO -- 2018-09-25 09:27:14]
event type: exit
[INFO -- 2018-09-25 09:27:14]
exit code: 0
