[INFO -- 2018-09-21 20:45:30]
Starting flip_value script
version: 1.1
[INFO -- 2018-09-21 20:45:30]
Initialization strings:
[INFO -- 2018-09-21 20:45:30]
(1) file /tmp/knapsack/dp
[INFO -- 2018-09-21 20:45:30]
initSignal:1
[INFO -- 2018-09-21 20:45:30]
endSignal:3
[INFO -- 2018-09-21 20:45:30]
faultModel:2
[EXCEPTION -- 2018-09-21 20:45:32]
gdbException: Cannot access memory at address 0x8961
[EXCEPTION -- 2018-09-21 20:45:32]
pythonException: Unable to exit loop in struct fields; Exiting wihtout making a bit flip
[INFO -- 2018-09-21 20:45:32]
Backtrace BEGIN:
#0  0x0000555555554fa0 in knapSack (W=588593, n=200, val=std::vector of length 200, capacity 256 = {...}, wt=std::vector of length 200, capacity 256 = {...}) at knapsackdp.cpp:23
#1  0x0000555555555375 in main () at knapsackdp.cpp:54

18	        for(int i=0; i <= n; i++){
19	            for(int w=0; w <= W; w++){
20	                if(i == 0 || w == 0)
21	                    V[i][w] = 0;
22	                else if(w >= wt[i-1]){
23	                    if(val[i-1] + V[i-1][w - wt[i-1]] > V[i-1][w]){
24	                        V[i][w] = val[i-1] + V[i-1][w - wt[i-1]];
25	                    }
26	                    else{
27	                        V[i][w] = V[i-1][w];

Backtrace END
Memory content before bitflip:0x310xfb0x080x00
Fault Model: Random bit-flip
base address to flip value: 0x7fffffffda00
address max offset: 4
Memory content after  bitflip:0x720x7e0x6d0x57
frame name: main
symbol name: W
symbol filename: knapsackdp.cpp
symbol line: 45
value: 1466793586
value address: 0x7fffffffda00
Type: The type is an integer type.
Type sizeof: 4

[INFO -- 2018-09-21 20:45:32]
Fault Injection Successful after 2.4067485332489014s
[INFO -- 2018-09-21 20:45:33]
event type: exit
[INFO -- 2018-09-21 20:45:33]
exit code: 0
