[INFO -- 2018-12-08 15:47:25]
Starting flip_value script
version: 1.1
[INFO -- 2018-12-08 15:47:25]
Initialization strings:
[INFO -- 2018-12-08 15:47:25]
(1) file /tmp/knapsack/sa
[INFO -- 2018-12-08 15:47:25]
initSignal:0
[INFO -- 2018-12-08 15:47:25]
endSignal:9
[INFO -- 2018-12-08 15:47:25]
faultModel:1
[INFO -- 2018-12-08 15:47:29]
Backtrace BEGIN:
#0  0x00005555555551ac in cost (solution=std::vector of length 200, capacity 200 = {...}) at knapsacksa.cpp:62
#1  0x000055555555534c in simulated_annealing () at knapsacksa.cpp:92
#2  0x0000555555555658 in main () at knapsacksa.cpp:146

57	    for(int i=0; i < n; i++){
58	        peso += solution[i] * wt[i];
59	        valor += solution[i] * val[i];
60	    }
61	    for(int i=0; i < n; i++){
62	        peso2 += solution[i] * wt2[i];
63	        valor2 += solution[i] * val2[i];
64	    }
65	    if(peso != peso2 || valor != valor2){
66	        exit_gracefully();

Backtrace END
Memory content before bitflip:0xc80x000x000x00
Fault Model: Double bit-flip
base address to flip value: 0x555555759038 
address max offset: 4
Memory content after  bitflip:0x400x000x000x00
frame name: cost
symbol name: n
symbol filename: knapsacksa.cpp
symbol line: 13
value: 64
value address: 0x555555759038 <n>
Type: The type is an integer type.
Type sizeof: 4

[INFO -- 2018-12-08 15:47:29]
Fault Injection Successful after 4.412012338638306s
[INFO -- 2018-12-08 15:47:29]
event type: exit
[INFO -- 2018-12-08 15:47:29]
exit code: 0
