[INFO -- 2018-09-25 03:14:41]
Starting flip_value script
version: 1.1
[INFO -- 2018-09-25 03:14:41]
Initialization strings:
[INFO -- 2018-09-25 03:14:41]
(1) file /tmp/knapsack/ga
[INFO -- 2018-09-25 03:14:41]
initSignal:1
[INFO -- 2018-09-25 03:14:41]
endSignal:3.5
[INFO -- 2018-09-25 03:14:41]
faultModel:4
[INFO -- 2018-09-25 03:14:43]
Backtrace BEGIN:
#0  std::_Vector_base<chromossome, std::allocator<chromossome> >::_M_deallocate (this=0x555555786480, __p=0x555555786880, __n=140737488345328) at /usr/include/c++/7/bits/stl_vector.h:176
#1  0x0000555555556c32 in std::vector<chromossome, std::allocator<chromossome> >::_M_realloc_insert<chromossome const&> (this=0x7fffffffd8f0, __position={solution = std::vector of length 204, capacity 1073741824 = {<error reading variable>, __args#0=...) at /usr/include/c++/7/bits/vector.tcc:448
#2  0x0000555555555d28 in std::vector<chromossome, std::allocator<chromossome> >::push_back (this=0x7fffffffd8f0, __x=...) at /usr/include/c++/7/bits/stl_vector.h:948
#3  0x00005555555554e7 in genetic_algorithm () at knapsackga.cpp:106
#4  0x00005555555558d7 in main () at knapsackga.cpp:137

171		typedef __gnu_cxx::__alloc_traits<_Tp_alloc_type> _Tr;
172		return __n != 0 ? _Tr::allocate(_M_impl, __n) : pointer();
173	      }
174	
175	      void
176	      _M_deallocate(pointer __p, size_t __n)
177	      {
178		typedef __gnu_cxx::__alloc_traits<_Tp_alloc_type> _Tr;
179		if (__p)
180		  _Tr::deallocate(_M_impl, __p, __n);

Backtrace END
Fliping value of field: std::_Vector_base<chromossome, std::allocator<chromossome> >
Fliping value of field: _M_impl
Fliping value of field: _M_start
Fliping a bit of the value pointed by a pointer
Fliping value of field: solution
Fliping value of field: std::_Vector_base<int, std::allocator<int> >
Fliping value of field: _M_impl
Fliping value of field: _M_finish
Fliping a bit of the pointer
Memory content before bitflip:0x000x000x000x000x000x000x000x00
Fault Model: LSB bit-flip
base address to flip value: 0x555555786488
address max offset: 8
Memory content after  bitflip:0x000x000x000x000x000x000x000x20
frame name: genetic_algorithm
symbol name: new_pop
symbol filename: knapsackga.cpp
symbol line: 95
value: std::vector of length 32, capacity 32 = {{solution = std::vector of length 576460752303423488, capacity 0 = {<error reading variable>, {solution = std::vector of length 0, capacity 0, fitness = -512589}, {solution = std::vector of length 0, capacity 0, fitness = 1431664636}, {solution = std::vector of length 0, capacity 0, fitness = 99999999}, {solution = std::vector of length 0, capacity 0, fitness = 1431664636}, {solution = std::vector of length 0, capacity 0, fitness = 99999999}, {solution = std::vector of length 0, capacity 0, fitness = 1431664636}, {solution = std::vector of length 0, capacity 0, fitness = 99999999}, {solution = std::vector of length 0, capacity 0, fitness = 1431664636}, {solution = std::vector of length 0, capacity 0, fitness = 99999999}, {solution = std::vector of length 0, capacity 0, fitness = 1431664636}, {solution = std::vector of length 0, capacity 0, fitness = 99999999}, {solution = std::vector of length 0, capacity 0, fitness = 1431664636}, {solution = std::vector of length 0, capacity 0, fitness = 99999999}, {solution = std::vector of length 0, capacity 0, fitness = 1431664636}, {solution = std::vector of length 0, capacity 0, fitness = 99999999}, {solution = std::vector of length 0, capacity 0, fitness = 1431664636}, {solution = std::vector of length 0, capacity 0, fitness = 99999999}, {solution = std::vector of length 0, capacity 0, fitness = 1431664636}, {solution = std::vector of length 0, capacity 0, fitness = 99999999}, {solution = std::vector of length 0, capacity 0, fitness = 1431664636}, {solution = std::vector of length 0, capacity 0, fitness = 99999999}, {solution = std::vector of length 0, capacity 0, fitness = 1431664636}, {solution = std::vector of length 0, capacity 0, fitness = 99999999}, {solution = std::vector of length 0, capacity 0, fitness = 1431664636}, {solution = std::vector of length 0, capacity 0, fitness = 99999999}, {solution = std::vector of length 0, capacity 0, fitness = 1431664636}, {solution = std::vector of length 0, capacity 0, fitness = 99999999}, {solution = std::vector of length 0, capacity 0, fitness = 1431664636}, {solution = std::vector of length 0, capacity 0, fitness = 99999999}, {solution = std::vector of length 0, capacity 0, fitness = 1431664636}, {solution = std::vector of length 0, capacity 0, fitness = 99999999}}
value address: 0x7fffffffd8f0
Type: The type is a structure.
Type sizeof: 24
Field name: std::_Vector_base<chromossome, std::allocator<chromossome> >
Field Type: The type is a structure.
Field Type sizeof: 24

[INFO -- 2018-09-25 03:14:43]
Fault Injection Successful after 2.452852487564087s
[INFO -- 2018-09-25 03:14:45]
event type: exit
[INFO -- 2018-09-25 03:14:45]
exit code: 0
