[INFO -- 2018-11-30 09:20:05]
Starting flip_value script
version: 1.1
[INFO -- 2018-11-30 09:20:05]
Initialization strings:
[INFO -- 2018-11-30 09:20:05]
(1) file /tmp/knapsack/sa
[INFO -- 2018-11-30 09:20:05]
initSignal:0
[INFO -- 2018-11-30 09:20:05]
endSignal:7
[INFO -- 2018-11-30 09:20:05]
faultModel:0
[INFO -- 2018-11-30 09:20:06]
Backtrace BEGIN:
#0  0x00005555555557a3 in std::vector<int, std::allocator<int> >::operator[] (this=0x555555759140 <val>, __n=3) at /usr/include/c++/7/bits/stl_vector.h:798
#1  0x000055555555510e in cost (solution=std::vector of length 200, capacity 200 = {...}) at knapsacksa.cpp:29
#2  0x0000555555555259 in simulated_annealing () at knapsacksa.cpp:52
#3  0x0000555555555522 in main () at knapsacksa.cpp:85

793	       */
794	      reference
795	      operator[](size_type __n) _GLIBCXX_NOEXCEPT
796	      {
797		__glibcxx_requires_subscript(__n);
798		return *(this->_M_impl._M_start + __n);
799	      }
800	
801	      /**
802	       *  @brief  Subscript access to the data contained in the %vector.

Backtrace END
Memory content before bitflip:0x310xfb0x080x00
Fault Model: Single bit-flip
base address to flip value: 0x55555575917c 
address max offset: 4
Memory content after  bitflip:0x310xfb0x880x00
frame name: std::vector<int, std::allocator<int> >::operator[]
symbol name: W
symbol filename: knapsacksa.cpp
symbol line: 15
value: 8977201
value address: 0x55555575917c <W>
Type: The type is an integer type.
Type sizeof: 4

[INFO -- 2018-11-30 09:20:06]
Fault Injection Successful after 1.6454336643218994s
[INFO -- 2018-11-30 09:20:13]
event type: exit
[INFO -- 2018-11-30 09:20:13]
exit code: 0
