[INFO -- 2018-12-08 16:42:50]
Starting flip_value script
version: 1.1
[INFO -- 2018-12-08 16:42:50]
Initialization strings:
[INFO -- 2018-12-08 16:42:50]
(1) file /tmp/knapsack/ga
[INFO -- 2018-12-08 16:42:50]
initSignal:1
[INFO -- 2018-12-08 16:42:50]
endSignal:8
[INFO -- 2018-12-08 16:42:50]
faultModel:1
[INFO -- 2018-12-08 16:42:54]
Backtrace BEGIN:
#0  crossover (pai=std::vector of length 200, capacity 200 = {...}, mae=std::vector of length 200, capacity 200 = {...}, filho1=std::vector of length 0, capacity 0, filho2=std::vector of length 0, capacity 0) at knapsackga.cpp:95
#1  0x00005555555556d7 in genetic_algorithm () at knapsackga.cpp:130
#2  0x0000555555555b6c in main () at knapsackga.cpp:165

90	}
91	
92	void crossover(vector<int> &pai, vector<int> &mae, vector<int> &filho1, vector<int> &filho2){
93	    vector<int> mask(n);
94	    for(int i = 0; i < n; i++){
95	        mask[i] = rand_bit();
96	    }
97	    filho1 = pai;
98	    filho2 = mae;
99	    for(int i = 0; i < n; i++){

Backtrace END
Memory content before bitflip:0x280x000x000x00
Fault Model: Double bit-flip
base address to flip value: 0x55555575f014 
address max offset: 4
Memory content after  bitflip:0x280x000x000x0c
frame name: main
symbol name: pop_size2
symbol filename: knapsackga.cpp
symbol line: 20
value: 201326632
value address: 0x55555575f014 <pop_size2>
Type: The type is an integer type.
Type sizeof: 4

[INFO -- 2018-12-08 16:42:54]
Fault Injection Successful after 4.106341123580933s
[INFO -- 2018-12-08 16:42:54]
event type: exit
[INFO -- 2018-12-08 16:42:54]
exit code: 0
