[INFO -- 2018-09-23 14:01:10]
Starting flip_value script
version: 1.1
[INFO -- 2018-09-23 14:01:10]
Initialization strings:
[INFO -- 2018-09-23 14:01:10]
(1) file /tmp/knapsack/sa
[INFO -- 2018-09-23 14:01:10]
initSignal:0
[INFO -- 2018-09-23 14:01:10]
endSignal:2
[INFO -- 2018-09-23 14:01:10]
faultModel:0
[INFO -- 2018-09-23 14:01:11]
Backtrace BEGIN:
#0  0x0000555555555504 in std::vector<int, std::allocator<int> >::operator[] (this=0x7fffffffda30, __n=166) at /usr/include/c++/7/bits/stl_vector.h:795
#1  0x0000555555554fde in cost (solution=std::vector of length 200, capacity 200 = {...}) at knapsacksa.cpp:29
#2  0x000055555555511f in simulated_annealing () at knapsacksa.cpp:50
#3  0x000055555555535e in main () at knapsacksa.cpp:84

790	       *  Note that data access with this operator is unchecked and
791	       *  out_of_range lookups are not defined. (For checked lookups
792	       *  see at().)
793	       */
794	      reference
795	      operator[](size_type __n) _GLIBCXX_NOEXCEPT
796	      {
797		__glibcxx_requires_subscript(__n);
798		return *(this->_M_impl._M_start + __n);
799	      }

Backtrace END
Fliping a bit of the value pointed by a reference
Fliping value of field: std::_Vector_base<int, std::allocator<int> >
Fliping value of field: _M_impl
Fliping value of field: _M_end_of_storage
Fliping a bit of the value pointed by a pointer
Memory content before bitflip:0x000x000x000x00
Fault Model: Single bit-flip
base address to flip value: 0x555555771a20
address max offset: 4
Memory content after  bitflip:0x000x000x100x00
frame name: cost
symbol name: solution
symbol filename: knapsacksa.cpp
symbol line: 25
value: std::vector of length 200, capacity 200 = {0, 0, 0, 1, 1, 1, 1, 0, 0, 1, 1, 0, 1, 0, 0, 1, 0, 0, 0, 1, 0, 0, 0, 1, 1, 1, 0, 1, 0, 1, 1, 0, 1, 0, 1, 0, 0, 0, 0, 0, 0, 0, 1, 1, 0, 0, 1, 0, 1, 1, 0, 0, 0, 1, 1, 0, 0, 0, 1, 1, 1, 1, 1, 1, 0, 0, 0, 1, 0, 1, 1, 0, 0, 0, 1, 1, 0, 1, 0, 0, 1, 0, 0, 0, 1, 0, 1, 1, 1, 0, 0, 1, 1, 0, 1, 0, 1, 0, 1, 1, 1, 1, 1, 0, 0, 0, 0, 0, 0, 0, 1, 0, 1, 0, 1, 0, 1, 0, 1, 1, 1, 1, 0, 1, 1, 1, 0, 0, 1, 0, 1, 0, 0, 0, 0, 0, 1, 1, 0, 1, 1, 0, 0, 0, 1, 0, 0, 0, 0, 1, 1, 1, 1, 1, 1, 0, 0, 0, 0, 1, 0, 1, 0, 1, 0, 1, 0, 1, 1, 1, 0, 1, 1, 0, 1, 0, 1, 0, 1, 0, 1, 1, 0, 1, 0, 1, 0, 1, 1, 1, 1, 1, 0, 0, 1, 0, 0, 0, 1, 0...}
value address: 0x7fffffffda30
Type: A reference type.
Type sizeof: 8

[INFO -- 2018-09-23 14:01:11]
Fault Injection Successful after 1.520667314529419s
[INFO -- 2018-09-23 14:01:13]
event type: exit
[INFO -- 2018-09-23 14:01:13]
exit code: 0
