[INFO -- 2018-12-01 02:06:49]
Starting flip_value script
version: 1.1
[INFO -- 2018-12-01 02:06:49]
Initialization strings:
[INFO -- 2018-12-01 02:06:49]
(1) file /tmp/knapsack/mf
[INFO -- 2018-12-01 02:06:49]
initSignal:0
[INFO -- 2018-12-01 02:06:49]
endSignal:12
[INFO -- 2018-12-01 02:06:49]
faultModel:3
[EXCEPTION -- 2018-12-01 02:06:49]
gdbException: Cannot access memory at address 0x0
[EXCEPTION -- 2018-12-01 02:06:49]
pythonException: Unable to exit loop in struct fields; Exiting wihtout making a bit flip
[EXCEPTION -- 2018-12-01 02:06:49]
pythonException: Unable to exit loop in struct fields; Exiting wihtout making a bit flip
[INFO -- 2018-12-01 02:06:49]
event type: exit
[EXCEPTION -- 2018-12-01 02:06:49]
exit code: no exit code available
