[INFO -- 2018-12-02 04:00:34]
Starting flip_value script
version: 1.1
[INFO -- 2018-12-02 04:00:34]
Initialization strings:
[INFO -- 2018-12-02 04:00:34]
(1) file /tmp/knapsack/ga
[INFO -- 2018-12-02 04:00:34]
initSignal:0
[INFO -- 2018-12-02 04:00:34]
endSignal:13
[INFO -- 2018-12-02 04:00:34]
faultModel:1
[EXCEPTION -- 2018-12-02 04:00:38]
pythonException: Unable to exit loop in struct fields; Exiting wihtout making a bit flip
[INFO -- 2018-12-02 04:00:38]
Backtrace BEGIN:
#0  rand () at rand.c:26
#1  0x0000555555554fe3 in rand_bit () at knapsackga.cpp:20
#2  0x000055555555527f in crossover (pai=std::vector of length 200, capacity 200 = {...}, mae=std::vector of length 200, capacity 200 = {...}, filho1=std::vector of length 0, capacity 0, filho2=std::vector of length 0, capacity 0) at knapsackga.cpp:74
#3  0x00005555555555c7 in genetic_algorithm () at knapsackga.cpp:104
#4  0x0000555555555a9b in main () at knapsackga.cpp:141

21	in rand.c

Backtrace END
Memory content before bitflip:0x310xfb0x080x00
Fault Model: Double bit-flip
base address to flip value: 0x55555575f17c 
address max offset: 4
Memory content after  bitflip:0x310xfb0x100x00
frame name: rand_bit
symbol name: W
symbol filename: knapsackga.cpp
symbol line: 16
value: 1112881
value address: 0x55555575f17c <W>
Type: The type is an integer type.
Type sizeof: 4

[INFO -- 2018-12-02 04:00:38]
Fault Injection Successful after 4.653697729110718s
[INFO -- 2018-12-02 04:00:47]
event type: exit
[INFO -- 2018-12-02 04:00:47]
exit code: 0
