[INFO -- 2018-09-24 18:05:37]
Starting flip_value script
version: 1.1
[INFO -- 2018-09-24 18:05:37]
Initialization strings:
[INFO -- 2018-09-24 18:05:37]
(1) file /tmp/knapsack/ga
[INFO -- 2018-09-24 18:05:37]
initSignal:1
[INFO -- 2018-09-24 18:05:37]
endSignal:3.5
[INFO -- 2018-09-24 18:05:37]
faultModel:2
[INFO -- 2018-09-24 18:05:38]
Backtrace BEGIN:
#0  cost (solution=std::vector of length 200, capacity 200 = {...}) at knapsackga.cpp:25
#1  0x0000555555555654 in genetic_algorithm () at knapsackga.cpp:112
#2  0x00005555555558d7 in main () at knapsackga.cpp:137

20	    return rand() % 2;
21	}
22	
23	int cost(vector<int> &solution){
24	    int peso=0, valor=0;
25	    for(int i=0; i < n; i++){
26	       peso += solution[i] * wt[i];
27	       valor += solution[i] * val[i];
28	    }
29	

Backtrace END
Memory content before bitflip:0x390x000x000x00
Fault Model: Random bit-flip
base address to flip value: 0x7fffffffd88c
address max offset: 4
Memory content after  bitflip:0xba0xc20x630x24
frame name: cost
symbol name: i
symbol filename: knapsackga.cpp
symbol line: 25
value: 610517690
value address: 0x7fffffffd88c
Type: The type is an integer type.
Type sizeof: 4

[INFO -- 2018-09-24 18:05:38]
Fault Injection Successful after 1.908778429031372s
[INFO -- 2018-09-24 18:05:41]
event type: exit
[INFO -- 2018-09-24 18:05:41]
exit code: 0
