[INFO -- 2018-09-25 02:53:46]
Starting flip_value script
version: 1.1
[INFO -- 2018-09-25 02:53:46]
Initialization strings:
[INFO -- 2018-09-25 02:53:46]
(1) file /tmp/knapsack/ga
[INFO -- 2018-09-25 02:53:46]
initSignal:1
[INFO -- 2018-09-25 02:53:46]
endSignal:3.5
[INFO -- 2018-09-25 02:53:46]
faultModel:1
[EXCEPTION -- 2018-09-25 02:53:48]
pythonException: Unable to exit loop in struct fields; Exiting wihtout making a bit flip
[INFO -- 2018-09-25 02:53:48]
Backtrace BEGIN:
#0  0x000055555555a098 in std::__copy_move<false, true, std::random_access_iterator_tag>::__copy_m<int> (__first=0x555555782190, __last=0x5555557824b0, __result=0x555555788ba0) at /usr/include/c++/7/bits/stl_algobase.h:366
#1  0x00005555555595f2 in std::__copy_move_a<false, int const*, int*> (__first=0x555555782190, __last=0x5555557824b0, __result=0x555555788ba0) at /usr/include/c++/7/bits/stl_algobase.h:386
#2  0x000055555555a8a1 in std::__copy_move_a2<false, __gnu_cxx::__normal_iterator<int const*, std::vector<int, std::allocator<int> > >, int*> (__first=0, __last=816, __result=0x555555788ba0) at /usr/include/c++/7/bits/stl_algobase.h:424
#3  0x0000555555559fd6 in std::copy<__gnu_cxx::__normal_iterator<int const*, std::vector<int, std::allocator<int> > >, int*> (__first=0, __last=816, __result=0x555555788ba0) at /usr/include/c++/7/bits/stl_algobase.h:456
#4  0x000055555555948e in std::__uninitialized_copy<true>::__uninit_copy<__gnu_cxx::__normal_iterator<int const*, std::vector<int, std::allocator<int> > >, int*> (__first=0, __last=816, __result=0x555555788ba0) at /usr/include/c++/7/bits/stl_uninitialized.h:101
#5  0x00005555555583be in std::uninitialized_copy<__gnu_cxx::__normal_iterator<int const*, std::vector<int, std::allocator<int> > >, int*> (__first=0, __last=816, __result=0x555555788ba0) at /usr/include/c++/7/bits/stl_uninitialized.h:134
#6  0x0000555555556f6d in std::__uninitialized_copy_a<__gnu_cxx::__normal_iterator<int const*, std::vector<int, std::allocator<int> > >, int*, int> (__first=0, __last=816, __result=0x555555788ba0) at /usr/include/c++/7/bits/stl_uninitialized.h:289
#7  0x0000555555555ed1 in std::vector<int, std::allocator<int> >::vector (this=0x555555776b40, __x=std::vector of length 200, capacity 200 = {...}) at /usr/include/c++/7/bits/stl_vector.h:331
#8  0x0000555555557e39 in chromossome::chromossome (this=0x555555776b40) at knapsackga.cpp:42
#9  0x0000555555557e96 in __gnu_cxx::new_allocator<chromossome>::construct<chromossome, chromossome const&> (this=0x7fffffffd8f0, __p=0x555555776b40, __args#0=...) at /usr/include/c++/7/ext/new_allocator.h:136
#10 0x0000555555556a90 in std::allocator_traits<std::allocator<chromossome> >::construct<chromossome, chromossome const&> (__a=..., __p=0x555555776b40, __args#0=...) at /usr/include/c++/7/bits/alloc_traits.h:475
#11 0x0000555555555cf0 in std::vector<chromossome, std::allocator<chromossome> >::push_back (this=0x7fffffffd8f0, __x=...) at /usr/include/c++/7/bits/stl_vector.h:943
#12 0x00005555555554fd in genetic_algorithm () at knapsackga.cpp:107
#13 0x00005555555558d7 in main () at knapsackga.cpp:137

361						   is_move_assignable<_Tp>,
362						   is_copy_assignable<_Tp>>;
363		  // trivial types can have deleted assignment
364		  static_assert( __assignable::type::value, "type is not assignable" );
365	#endif
366		  const ptrdiff_t _Num = __last - __first;
367		  if (_Num)
368		    __builtin_memmove(__result, __first, sizeof(_Tp) * _Num);
369		  return __result + _Num;
370		}

Backtrace END
Memory content before bitflip:0x310xfb0x080x00
Fault Model: Double bit-flip
base address to flip value: 0x55555575f06c 
address max offset: 4
Memory content after  bitflip:0x310xfb0x080x0c
frame name: std::allocator_traits<std::allocator<chromossome> >::construct<chromossome, chromossome const&>
symbol name: W
symbol filename: knapsackga.cpp
symbol line: 16
value: 201915185
value address: 0x55555575f06c <W>
Type: The type is an integer type.
Type sizeof: 4

[INFO -- 2018-09-25 02:53:48]
Fault Injection Successful after 2.9476318359375s
[INFO -- 2018-09-25 02:53:50]
event type: exit
[INFO -- 2018-09-25 02:53:50]
exit code: 0
