[INFO -- 2018-12-08 09:38:31]
Starting flip_value script
version: 1.1
[INFO -- 2018-12-08 09:38:31]
Initialization strings:
[INFO -- 2018-12-08 09:38:31]
(1) file /tmp/knapsack/sa
[INFO -- 2018-12-08 09:38:31]
initSignal:0
[INFO -- 2018-12-08 09:38:31]
endSignal:9
[INFO -- 2018-12-08 09:38:31]
faultModel:1
[INFO -- 2018-12-08 09:38:35]
Backtrace BEGIN:
#0  0x00005555555551d8 in cost (solution=std::vector of length 200, capacity 200 = {...}) at knapsacksa.cpp:63
#1  0x000055555555534c in simulated_annealing () at knapsacksa.cpp:92
#2  0x0000555555555658 in main () at knapsacksa.cpp:146

58	        peso += solution[i] * wt[i];
59	        valor += solution[i] * val[i];
60	    }
61	    for(int i=0; i < n; i++){
62	        peso2 += solution[i] * wt2[i];
63	        valor2 += solution[i] * val2[i];
64	    }
65	    if(peso != peso2 || valor != valor2){
66	        exit_gracefully();
67	    }

Backtrace END
Memory content before bitflip:0xe50x610xf80xff
Fault Model: Double bit-flip
base address to flip value: 0x7fffffffd6fc
address max offset: 4
Memory content after  bitflip:0xe50x290xf80xff
frame name: simulated_annealing
symbol name: best
symbol filename: knapsacksa.cpp
symbol line: 81
value: -513563
value address: 0x7fffffffd6fc
Type: The type is an integer type.
Type sizeof: 4

[INFO -- 2018-12-08 09:38:35]
Fault Injection Successful after 4.593034029006958s
[INFO -- 2018-12-08 09:38:35]
event type: exit
[INFO -- 2018-12-08 09:38:35]
exit code: 0
