[INFO -- 2018-12-01 03:45:21]
Starting flip_value script
version: 1.1
[INFO -- 2018-12-01 03:45:21]
Initialization strings:
[INFO -- 2018-12-01 03:45:21]
(1) file /tmp/knapsack/mf
[INFO -- 2018-12-01 03:45:21]
initSignal:0
[INFO -- 2018-12-01 03:45:21]
endSignal:12
[INFO -- 2018-12-01 03:45:21]
faultModel:2
[EXCEPTION -- 2018-12-01 03:45:23]
gdbException: Cannot access memory at address 0x454e932340d5065d
[EXCEPTION -- 2018-12-01 03:45:23]
gdbException: Cannot access memory at address 0xeff7796a26ba91a3
[EXCEPTION -- 2018-12-01 03:45:23]
gdbException: Cannot access memory at address 0x992b0ca4d7c113a2
[INFO -- 2018-12-01 03:45:23]
event type: exit
[EXCEPTION -- 2018-12-01 03:45:23]
exit code: no exit code available
