[INFO -- 2018-12-01 07:03:54]
Starting flip_value script
version: 1.1
[INFO -- 2018-12-01 07:03:54]
Initialization strings:
[INFO -- 2018-12-01 07:03:54]
(1) file /tmp/knapsack/ga
[INFO -- 2018-12-01 07:03:54]
initSignal:0
[INFO -- 2018-12-01 07:03:54]
endSignal:13
[INFO -- 2018-12-01 07:03:54]
faultModel:3
[EXCEPTION -- 2018-12-01 07:03:56]
pythonException: Unable to exit loop in struct fields; Exiting wihtout making a bit flip
[INFO -- 2018-12-01 07:03:56]
Backtrace BEGIN:
#0  0x0000555555556fde in __gnu_cxx::__normal_iterator<chromossome*, std::vector<chromossome, std::allocator<chromossome> > >::__normal_iterator (this=0x7fffffffd730, __i=@0x7fffffffd800: 0x555555776400) at /usr/include/c++/7/bits/stl_iterator.h:780
#1  0x0000555555555fea in std::vector<chromossome, std::allocator<chromossome> >::begin (this=0x7fffffffd800) at /usr/include/c++/7/bits/stl_vector.h:564
#2  0x0000555555556d98 in std::vector<chromossome, std::allocator<chromossome> >::_M_realloc_insert<chromossome const&> (this=0x7fffffffd800, __position={solution = std::vector of length 36, capacity 0 = {<error reading variable>, __args#0=...) at /usr/include/c++/7/bits/vector.tcc:405
#3  0x0000555555555fb8 in std::vector<chromossome, std::allocator<chromossome> >::push_back (this=0x7fffffffd800, __x=...) at /usr/include/c++/7/bits/stl_vector.h:948
#4  0x000055555555515c in tournament (pop=std::vector of length 40, capacity 64 = {...}) at knapsackga.cpp:63
#5  0x0000555555555543 in genetic_algorithm () at knapsackga.cpp:102
#6  0x0000555555555a9b in main () at knapsackga.cpp:141

775	      _GLIBCXX_CONSTEXPR __normal_iterator() _GLIBCXX_NOEXCEPT
776	      : _M_current(_Iterator()) { }
777	
778	      explicit
779	      __normal_iterator(const _Iterator& __i) _GLIBCXX_NOEXCEPT
780	      : _M_current(__i) { }
781	
782	      // Allow iterator to const_iterator conversion
783	      template<typename _Iter>
784	        __normal_iterator(const __normal_iterator<_Iter,

Backtrace END
Fliping a bit of the value pointed by a reference
Fliping value of field: fitness
Memory content before bitflip:0xff0xe00xf50x05
Fault Model: Zero bit-flip
base address to flip value: 0x55555577e638
address max offset: 4
Memory content after  bitflip:0x000x000x000x00
frame name: std::vector<chromossome, std::allocator<chromossome> >::push_back
symbol name: __x
symbol filename: /usr/include/c++/7/bits/stl_vector.h
symbol line: 939
value: @0x55555577e620
value address: 0x55555577e620
Type: A reference type.
Type sizeof: 8

[INFO -- 2018-12-01 07:03:56]
Fault Injection Successful after 2.147440195083618s
[INFO -- 2018-12-01 07:04:07]
event type: exit
[INFO -- 2018-12-01 07:04:07]
exit code: 0
