[INFO -- 2018-11-30 05:12:36]
Starting flip_value script
version: 1.1
[INFO -- 2018-11-30 05:12:36]
Initialization strings:
[INFO -- 2018-11-30 05:12:36]
(1) file /tmp/knapsack/sa
[INFO -- 2018-11-30 05:12:36]
initSignal:0
[INFO -- 2018-11-30 05:12:36]
endSignal:7
[INFO -- 2018-11-30 05:12:36]
faultModel:0
[INFO -- 2018-11-30 05:12:40]
Backtrace BEGIN:
#0  cost (solution=std::vector of length 200, capacity 200 = {...}) at knapsacksa.cpp:27
#1  0x0000555555555259 in simulated_annealing () at knapsacksa.cpp:52
#2  0x0000555555555532 in main () at knapsacksa.cpp:87

22	   return static_cast <float> (rand()) / static_cast <float> (RAND_MAX);
23	}
24	
25	int cost(vector<int> &solution){
26	    int peso=0, valor=0;
27	    for(int i=0; i < n; i++){
28	       peso += solution[i] * wt[i];
29	       valor += solution[i] * val[i];
30	    }
31	    if(peso > W)

Backtrace END
Memory content before bitflip:0x310xfb0x080x00
Fault Model: Single bit-flip
base address to flip value: 0x55555575917c 
address max offset: 4
Memory content after  bitflip:0x310xfb0x000x00
frame name: cost
symbol name: W
symbol filename: knapsacksa.cpp
symbol line: 15
value: 64305
value address: 0x55555575917c <W>
Type: The type is an integer type.
Type sizeof: 4

[INFO -- 2018-11-30 05:12:40]
Fault Injection Successful after 4.757916450500488s
[INFO -- 2018-11-30 05:12:44]
event type: exit
[INFO -- 2018-11-30 05:12:44]
exit code: 0
