[INFO -- 2018-10-19 07:35:40]
Starting flip_value script
version: 1.1
[INFO -- 2018-10-19 07:35:40]
Initialization strings:
[INFO -- 2018-10-19 07:35:40]
(1) file /tmp/knapsack/mf
[INFO -- 2018-10-19 07:35:40]
initSignal:1
[INFO -- 2018-10-19 07:35:40]
endSignal:3
[INFO -- 2018-10-19 07:35:40]
faultModel:1
[INFO -- 2018-10-19 07:35:41]
Backtrace BEGIN:
#0  0x0000555555555899 in std::vector<int, std::allocator<int> >::operator[] (this=0x5555557725b8, __n=55415) at /usr/include/c++/7/bits/stl_vector.h:798
#1  0x0000555555555053 in knapSack () at knapsackmf.cpp:34
#2  0x00005555555553a4 in main () at knapsackmf.cpp:75

793	       */
794	      reference
795	      operator[](size_type __n) _GLIBCXX_NOEXCEPT
796	      {
797		__glibcxx_requires_subscript(__n);
798		return *(this->_M_impl._M_start + __n);
799	      }
800	
801	      /**
802	       *  @brief  Subscript access to the data contained in the %vector.

Backtrace END
Memory content before bitflip:0x310xfb0x080x00
Fault Model: Double bit-flip
base address to flip value: 0x555555759140 
address max offset: 4
Memory content after  bitflip:0x610xfb0x080x00
frame name: std::vector<int, std::allocator<int> >::operator[]
symbol name: W
symbol filename: knapsackmf.cpp
symbol line: 12
value: 588641
value address: 0x555555759140 <W>
Type: The type is an integer type.
Type sizeof: 4

[INFO -- 2018-10-19 07:35:41]
Fault Injection Successful after 1.8833632469177246s
[INFO -- 2018-10-19 07:35:45]
event type: exit
[INFO -- 2018-10-19 07:35:45]
exit code: 0
