[INFO -- 2018-11-30 06:58:16]
Starting flip_value script
version: 1.1
[INFO -- 2018-11-30 06:58:16]
Initialization strings:
[INFO -- 2018-11-30 06:58:16]
(1) file /tmp/knapsack/sa
[INFO -- 2018-11-30 06:58:16]
initSignal:0
[INFO -- 2018-11-30 06:58:16]
endSignal:7
[INFO -- 2018-11-30 06:58:16]
faultModel:1
[INFO -- 2018-11-30 06:58:21]
Backtrace BEGIN:
#0  0x0000555555555794 in std::vector<int, std::allocator<int> >::operator[] (this=0x7fffffffd990, __n=156) at /usr/include/c++/7/bits/stl_vector.h:795
#1  0x000055555555510e in cost (solution=std::vector of length 200, capacity 200 = {...}) at knapsacksa.cpp:29
#2  0x0000555555555259 in simulated_annealing () at knapsacksa.cpp:52
#3  0x0000555555555532 in main () at knapsacksa.cpp:87

790	       *  Note that data access with this operator is unchecked and
791	       *  out_of_range lookups are not defined. (For checked lookups
792	       *  see at().)
793	       */
794	      reference
795	      operator[](size_type __n) _GLIBCXX_NOEXCEPT
796	      {
797		__glibcxx_requires_subscript(__n);
798		return *(this->_M_impl._M_start + __n);
799	      }

Backtrace END
Memory content before bitflip:0xf10xf70x060x00
Fault Model: Double bit-flip
base address to flip value: 0x7fffffffd914
address max offset: 4
Memory content after  bitflip:0xf10xf70x060xa0
frame name: cost
symbol name: peso
symbol filename: knapsacksa.cpp
symbol line: 26
value: -1610156047
value address: 0x7fffffffd914
Type: The type is an integer type.
Type sizeof: 4

[INFO -- 2018-11-30 06:58:21]
Fault Injection Successful after 5.273887395858765s
[INFO -- 2018-11-30 06:58:24]
event type: exit
[INFO -- 2018-11-30 06:58:24]
exit code: 0
