[INFO -- 2018-12-09 05:41:38]
Starting flip_value script
version: 1.1
[INFO -- 2018-12-09 05:41:38]
Initialization strings:
[INFO -- 2018-12-09 05:41:38]
(1) file /tmp/knapsack/ga
[INFO -- 2018-12-09 05:41:38]
initSignal:1
[INFO -- 2018-12-09 05:41:38]
endSignal:8
[INFO -- 2018-12-09 05:41:38]
faultModel:0
[INFO -- 2018-12-09 05:41:40]
Backtrace BEGIN:
#0  0x00007ffff7494ead in rand () at rand.c:28
#1  0x0000555555554ff1 in rand_bit () at knapsackga.cpp:30
#2  0x0000555555555353 in crossover (pai=std::vector of length 200, capacity 200 = {...}, mae=std::vector of length 200, capacity 200 = {...}, filho1=std::vector of length 0, capacity 0, filho2=std::vector of length 0, capacity 0) at knapsackga.cpp:95
#3  0x00005555555556d7 in genetic_algorithm () at knapsackga.cpp:130
#4  0x0000555555555b6c in main () at knapsackga.cpp:165

23	rand.c: No such file or directory.

Backtrace END
Memory content before bitflip:0x310xfb0x080x00
Fault Model: Single bit-flip
base address to flip value: 0x55555575f0b4 
address max offset: 4
Memory content after  bitflip:0x710xfb0x080x00
frame name: main
symbol name: W2
symbol filename: knapsackga.cpp
symbol line: 18
value: 588657
value address: 0x55555575f0b4 <W2>
Type: The type is an integer type.
Type sizeof: 4

[INFO -- 2018-12-09 05:41:40]
Fault Injection Successful after 2.232729434967041s
[INFO -- 2018-12-09 05:41:40]
event type: exit
[INFO -- 2018-12-09 05:41:40]
exit code: 0
