[INFO -- 2018-12-01 12:08:31]
Starting flip_value script
version: 1.1
[INFO -- 2018-12-01 12:08:31]
Initialization strings:
[INFO -- 2018-12-01 12:08:31]
(1) file /tmp/knapsack/ga
[INFO -- 2018-12-01 12:08:31]
initSignal:0
[INFO -- 2018-12-01 12:08:31]
endSignal:13
[INFO -- 2018-12-01 12:08:31]
faultModel:3
[INFO -- 2018-12-01 12:08:34]
Backtrace BEGIN:
#0  0x0000555555559832 in std::__niter_base<int const*, std::vector<int, std::allocator<int> > > (__it=0) at /usr/include/c++/7/bits/stl_iterator.h:984
#1  0x000055555555ab21 in std::__copy_move_a2<false, __gnu_cxx::__normal_iterator<int const*, std::vector<int, std::allocator<int> > >, int*> (__first=0, __last=816, __result=0x555555780520) at /usr/include/c++/7/bits/stl_algobase.h:422
#2  0x000055555555a264 in std::copy<__gnu_cxx::__normal_iterator<int const*, std::vector<int, std::allocator<int> > >, int*> (__first=0, __last=816, __result=0x555555780520) at /usr/include/c++/7/bits/stl_algobase.h:456
#3  0x000055555555971c in std::__uninitialized_copy<true>::__uninit_copy<__gnu_cxx::__normal_iterator<int const*, std::vector<int, std::allocator<int> > >, int*> (__first=0, __last=816, __result=0x555555780520) at /usr/include/c++/7/bits/stl_uninitialized.h:101
#4  0x0000555555558692 in std::uninitialized_copy<__gnu_cxx::__normal_iterator<int const*, std::vector<int, std::allocator<int> > >, int*> (__first=0, __last=816, __result=0x555555780520) at /usr/include/c++/7/bits/stl_uninitialized.h:134
#5  0x0000555555557223 in std::__uninitialized_copy_a<__gnu_cxx::__normal_iterator<int const*, std::vector<int, std::allocator<int> > >, int*, int> (__first=0, __last=816, __result=0x555555780520) at /usr/include/c++/7/bits/stl_uninitialized.h:289
#6  0x0000555555556161 in std::vector<int, std::allocator<int> >::vector (this=0x7fffffffd920, __x=std::vector of length 200, capacity 200 = {...}) at /usr/include/c++/7/bits/stl_vector.h:331
#7  0x00005555555551ab in tournament (pop=std::vector of length 40, capacity 64 = {...}) at knapsackga.cpp:67
#8  0x0000555555555543 in genetic_algorithm () at knapsackga.cpp:102
#9  0x0000555555555a9b in main () at knapsackga.cpp:141

979	_GLIBCXX_BEGIN_NAMESPACE_VERSION
980	
981	  template<typename _Iterator, typename _Container>
982	    _Iterator
983	    __niter_base(__gnu_cxx::__normal_iterator<_Iterator, _Container> __it)
984	    { return __it.base(); }
985	
986	_GLIBCXX_END_NAMESPACE_VERSION
987	} // namespace
988	

Backtrace END
Memory content before bitflip:0xea0x0d0x000x00
Fault Model: Zero bit-flip
base address to flip value: 0x7fffffffd854
address max offset: 4
Memory content after  bitflip:0x000x000x000x00
frame name: genetic_algorithm
symbol name: g
symbol filename: knapsackga.cpp
symbol line: 94
value: 0
value address: 0x7fffffffd854
Type: The type is an integer type.
Type sizeof: 4

[INFO -- 2018-12-01 12:08:34]
Fault Injection Successful after 3.514348030090332s
[INFO -- 2018-12-01 12:08:46]
event type: exit
[INFO -- 2018-12-01 12:08:46]
exit code: 0
