[INFO -- 2018-12-09 05:46:20]
Starting flip_value script
version: 1.1
[INFO -- 2018-12-09 05:46:20]
Initialization strings:
[INFO -- 2018-12-09 05:46:20]
(1) file /tmp/knapsack/ga
[INFO -- 2018-12-09 05:46:20]
initSignal:1
[INFO -- 2018-12-09 05:46:20]
endSignal:8
[INFO -- 2018-12-09 05:46:20]
faultModel:3
[INFO -- 2018-12-09 05:46:25]
Backtrace BEGIN:
#0  0x00005555555571dc in std::vector<int, std::allocator<int> >::end (this=0x7fffffffd7c7) at /usr/include/c++/7/bits/stl_vector.h:590
#1  0x000055555555619b in std::vector<int, std::allocator<int> >::vector (this=0x7fffffffd960, __x=std::vector of length 200, capacity 200 = {...}) at /usr/include/c++/7/bits/stl_vector.h:331
#2  0x000055555555527f in tournament (pop=std::vector of length 40, capacity 64 = {...}) at knapsackga.cpp:88
#3  0x0000555555555691 in genetic_algorithm () at knapsackga.cpp:129
#4  0x0000555555555b6c in main () at knapsackga.cpp:165

585	       *  Returns a read-only (constant) iterator that points one past
586	       *  the last element in the %vector.  Iteration is done in
587	       *  ordinary element order.
588	       */
589	      const_iterator
590	      end() const _GLIBCXX_NOEXCEPT
591	      { return const_iterator(this->_M_impl._M_finish); }
592	
593	      /**
594	       *  Returns a read/write reverse iterator that points to the

Backtrace END
Memory content before bitflip:0x310xfb0x080x00
Fault Model: Zero bit-flip
base address to flip value: 0x55555575f0b4 
address max offset: 4
Memory content after  bitflip:0x000x000x000x00
frame name: std::vector<int, std::allocator<int> >::vector
symbol name: W2
symbol filename: knapsackga.cpp
symbol line: 18
value: 0
value address: 0x55555575f0b4 <W2>
Type: The type is an integer type.
Type sizeof: 4

[INFO -- 2018-12-09 05:46:25]
Fault Injection Successful after 5.1100242137908936s
[INFO -- 2018-12-09 05:46:25]
event type: exit
[INFO -- 2018-12-09 05:46:25]
exit code: 0
