[INFO -- 2018-12-02 04:31:04]
Starting flip_value script
version: 1.1
[INFO -- 2018-12-02 04:31:04]
Initialization strings:
[INFO -- 2018-12-02 04:31:04]
(1) file /tmp/knapsack/ga
[INFO -- 2018-12-02 04:31:04]
initSignal:0
[INFO -- 2018-12-02 04:31:04]
endSignal:13
[INFO -- 2018-12-02 04:31:04]
faultModel:4
[INFO -- 2018-12-02 04:31:07]
Backtrace BEGIN:
#0  0x0000555555556633 in std::swap<int> (__a=@0x555555783f1c: 1, __b=@0x55555578028c: 1) at /usr/include/c++/7/bits/move.h:201
#1  0x0000555555555317 in crossover (pai=std::vector of length 200, capacity 200 = {...}, mae=std::vector of length 200, capacity 200 = {...}, filho1=std::vector of length 200, capacity 200 = {...}, filho2=std::vector of length 200, capacity 200 = {...}) at knapsackga.cpp:80
#2  0x00005555555555c7 in genetic_algorithm () at knapsackga.cpp:104
#3  0x0000555555555a9b in main () at knapsackga.cpp:141

196	      __glibcxx_function_requires(_SGIAssignableConcept<_Tp>)
197	
198	      _Tp __tmp = _GLIBCXX_MOVE(__a);
199	      __a = _GLIBCXX_MOVE(__b);
200	      __b = _GLIBCXX_MOVE(__tmp);
201	    }
202	
203	  // _GLIBCXX_RESOLVE_LIB_DEFECTS
204	  // DR 809. std::swap should be overloaded for array types.
205	  /// Swap the contents of two arrays.

Backtrace END
Fliping a bit of the reference
Memory content before bitflip:0x010x000x000x000x000x000x000x00
Fault Model: LSB bit-flip
base address to flip value: 0x55555578028c
address max offset: 8
Memory content after  bitflip:0x010x000x000x000x000x000x000x02
frame name: std::swap<int>
symbol name: __b
symbol filename: /usr/include/c++/7/bits/move.h
symbol line: 187
value: @0x55555578028c
value address: 0x55555578028c
Type: A reference type.
Type sizeof: 8

[INFO -- 2018-12-02 04:31:07]
Fault Injection Successful after 3.6467697620391846s
[INFO -- 2018-12-02 04:31:17]
event type: exit
[INFO -- 2018-12-02 04:31:17]
exit code: 0
