[INFO -- 2018-09-24 19:14:36]
Starting flip_value script
version: 1.1
[INFO -- 2018-09-24 19:14:36]
Initialization strings:
[INFO -- 2018-09-24 19:14:36]
(1) file /tmp/knapsack/ga
[INFO -- 2018-09-24 19:14:36]
initSignal:1
[INFO -- 2018-09-24 19:14:36]
endSignal:3.5
[INFO -- 2018-09-24 19:14:36]
faultModel:3
[INFO -- 2018-09-24 19:14:38]
Backtrace BEGIN:
#0  0x0000555555555127 in crossover (pai=std::vector of length 200, capacity 200 = {...}, mae=std::vector of length 200, capacity 200 = {...}, filho1=std::vector of length 0, capacity 0, filho2=std::vector of length 0, capacity 0) at knapsackga.cpp:73
#1  0x000055555555548d in genetic_algorithm () at knapsackga.cpp:104
#2  0x00005555555558d7 in main () at knapsackga.cpp:137

68	    return tournamentWinner;
69	}
70	
71	void crossover(vector<int> &pai, vector<int> &mae, vector<int> &filho1, vector<int> &filho2){
72	    vector<int> mask(n);
73	    for(int i = 0; i < n; i++){
74	        mask[i] = rand_bit();
75	    }
76	    filho1 = pai;
77	    filho2 = mae;

Backtrace END
Memory content before bitflip:0xe80x0d0x000x00
Fault Model: Zero bit-flip
base address to flip value: 0x7fffffffd8c4
address max offset: 4
Memory content after  bitflip:0x000x000x000x00
frame name: genetic_algorithm
symbol name: g
symbol filename: knapsackga.cpp
symbol line: 94
value: 0
value address: 0x7fffffffd8c4
Type: The type is an integer type.
Type sizeof: 4

[INFO -- 2018-09-24 19:14:38]
Fault Injection Successful after 2.0211706161499023s
[INFO -- 2018-09-24 19:14:41]
event type: exit
[INFO -- 2018-09-24 19:14:41]
exit code: 0
