[INFO -- 2018-09-25 01:34:10]
Starting flip_value script
version: 1.1
[INFO -- 2018-09-25 01:34:10]
Initialization strings:
[INFO -- 2018-09-25 01:34:10]
(1) file /tmp/knapsack/ga
[INFO -- 2018-09-25 01:34:10]
initSignal:1
[INFO -- 2018-09-25 01:34:10]
endSignal:3.5
[INFO -- 2018-09-25 01:34:10]
faultModel:0
[INFO -- 2018-09-25 01:34:11]
Backtrace BEGIN:
#0  0x0000555555556374 in std::swap<int> (__a=@0x555555785390: 0, __b=@0x555555784a00: 0) at /usr/include/c++/7/bits/move.h:199
#1  0x00005555555551e7 in crossover (pai=std::vector of length 200, capacity 200 = {...}, mae=std::vector of length 200, capacity 200 = {...}, filho1=std::vector of length 200, capacity 200 = {...}, filho2=std::vector of length 200, capacity 200 = {...}) at knapsackga.cpp:80
#2  0x000055555555548d in genetic_algorithm () at knapsackga.cpp:104
#3  0x00005555555558d7 in main () at knapsackga.cpp:137

194	    {
195	      // concept requirements
196	      __glibcxx_function_requires(_SGIAssignableConcept<_Tp>)
197	
198	      _Tp __tmp = _GLIBCXX_MOVE(__a);
199	      __a = _GLIBCXX_MOVE(__b);
200	      __b = _GLIBCXX_MOVE(__tmp);
201	    }
202	
203	  // _GLIBCXX_RESOLVE_LIB_DEFECTS

Backtrace END
Fliping value of field: fitness
Memory content before bitflip:0xfc0x770x550x55
Fault Model: Single bit-flip
base address to flip value: 0x7fffffffd9e8
address max offset: 4
Memory content after  bitflip:0xfc0x770x550x54
frame name: genetic_algorithm
symbol name: f1
symbol filename: knapsackga.cpp
symbol line: 105
value: {solution = std::vector of length 200, capacity 200 = {0, 1, 0, 0, 1, 1, 0, 0, 0, 0, 0, 0, 0, 1, 1, 1, 1, 0, 0, 0, 0, 0, 0, 0, 1, 0, 0, 1, 1, 0, 0, 0, 0, 1, 1, 0, 0, 1, 1, 1, 0, 0, 0, 0, 1, 0, 1, 0, 1, 0, 0, 1, 1, 0, 1, 1, 1, 0, 0, 1, 1, 1, 1, 0, 0, 0, 1, 0, 0, 0, 0, 0, 0, 0, 1, 1, 0, 0, 0, 1, 1, 0, 0, 1, 1, 0, 1, 0, 1, 0, 0, 1, 0, 0, 1, 0, 0, 0, 0, 0, 0, 1, 0, 1, 0, 1, 0, 1, 0, 0, 0, 0, 1, 1, 0, 1, 0, 0, 1, 1, 1, 0, 1, 1, 0, 0, 1, 0, 1, 1, 1, 1, 0, 0, 1, 0, 0, 1, 1, 0, 0, 0, 1, 0, 1, 0, 0, 0, 0, 1, 0, 0, 0, 1, 0, 0, 0, 1, 1, 1, 1, 0, 0, 0, 1, 0, 0, 0, 1, 1, 1, 0, 1, 0, 1, 0, 0, 0, 0, 0, 1, 0, 0, 1, 1, 0, 1, 1, 1, 0, 0, 0, 0, 0, 0, 0, 0, 0, 0, 1...}, fitness = 1414887420}
value address: 0x7fffffffd9d0
Type: The type is a structure.
Type sizeof: 32
Field name: solution
Field Type: The type is a structure.
Field Type sizeof: 24
Field name: fitness
Field Type: The type is an integer type.
Field Type sizeof: 4

[INFO -- 2018-09-25 01:34:11]
Fault Injection Successful after 1.6217172145843506s
[INFO -- 2018-09-25 01:34:14]
event type: exit
[INFO -- 2018-09-25 01:34:14]
exit code: 0
