[INFO -- 2018-12-02 06:23:07]
Starting flip_value script
version: 1.1
[INFO -- 2018-12-02 06:23:07]
Initialization strings:
[INFO -- 2018-12-02 06:23:07]
(1) file /tmp/knapsack/ga
[INFO -- 2018-12-02 06:23:07]
initSignal:0
[INFO -- 2018-12-02 06:23:07]
endSignal:13
[INFO -- 2018-12-02 06:23:07]
faultModel:0
[INFO -- 2018-12-02 06:23:09]
Backtrace BEGIN:
#0  0x000055555555a61b in std::__uninitialized_copy<false>::__uninit_copy<std::move_iterator<chromossome*>, chromossome*> (__first=..., __last=..., __result=0x555555556161 <std::vector<int, std::allocator<int> >::vector(std::vector<int, std::allocator<int> > const&)+181>) at /usr/include/c++/7/bits/stl_uninitialized.h:76
#1  0x0000555555559ced in std::uninitialized_copy<std::move_iterator<chromossome*>, chromossome*> (__first=..., __last=..., __result=0x555555776400) at /usr/include/c++/7/bits/stl_uninitialized.h:134
#2  0x00005555555592a8 in std::__uninitialized_copy_a<std::move_iterator<chromossome*>, chromossome*, chromossome> (__first=..., __last=..., __result=0x555555776400) at /usr/include/c++/7/bits/stl_uninitialized.h:289
#3  0x0000555555558351 in std::__uninitialized_move_if_noexcept_a<chromossome*, chromossome*, std::allocator<chromossome> > (__first=0x555555776380, __last=0x5555557763a0, __result=0x555555776400, __alloc=...) at /usr/include/c++/7/bits/stl_uninitialized.h:312
#4  0x0000555555556e42 in std::vector<chromossome, std::allocator<chromossome> >::_M_realloc_insert<chromossome const&> (this=0x7fffffffd8d0, __position={solution = std::vector of length 20, capacity 0 = {<error reading variable>, __args#0=...) at /usr/include/c++/7/bits/vector.tcc:424
#5  0x0000555555555fb8 in std::vector<chromossome, std::allocator<chromossome> >::push_back (this=0x7fffffffd8d0, __x=...) at /usr/include/c++/7/bits/stl_vector.h:948
#6  0x000055555555515c in tournament (pop=std::vector of length 40, capacity 64 = {...}) at knapsackga.cpp:63
#7  0x0000555555555581 in genetic_algorithm () at knapsackga.cpp:103
#8  0x0000555555555a9b in main () at knapsackga.cpp:141

71	  template<bool _TrivialValueTypes>
72	    struct __uninitialized_copy
73	    {
74	      template<typename _InputIterator, typename _ForwardIterator>
75	        static _ForwardIterator
76	        __uninit_copy(_InputIterator __first, _InputIterator __last,
77			      _ForwardIterator __result)
78	        {
79		  _ForwardIterator __cur = __result;
80		  __try

Backtrace END
Fliping a bit of the value pointed by a pointer
Fliping value of field: fitness
Memory content before bitflip:0x810x350xf80xff
Fault Model: Single bit-flip
base address to flip value: 0x555555776418
address max offset: 4
Memory content after  bitflip:0x010x350xf80xff
frame name: std::vector<chromossome, std::allocator<chromossome> >::_M_realloc_insert<chromossome const&>
symbol name: __new_start
symbol filename: /usr/include/c++/7/bits/vector.tcc
symbol line: 406
value: 0x555555776400
value address: 0x7fffffffd860
Type: The type is a pointer.
Type sizeof: 8

[INFO -- 2018-12-02 06:23:09]
Fault Injection Successful after 2.943525791168213s
[INFO -- 2018-12-02 06:23:20]
event type: exit
[INFO -- 2018-12-02 06:23:20]
exit code: 0
