[INFO -- 2018-12-08 23:00:17]
Starting flip_value script
version: 1.1
[INFO -- 2018-12-08 23:00:17]
Initialization strings:
[INFO -- 2018-12-08 23:00:17]
(1) file /tmp/knapsack/sa
[INFO -- 2018-12-08 23:00:17]
initSignal:0
[INFO -- 2018-12-08 23:00:17]
endSignal:9
[INFO -- 2018-12-08 23:00:17]
faultModel:2
[EXCEPTION -- 2018-12-08 23:00:19]
gdbException: Cannot access memory at address 0xd781f62b824b98ba
[EXCEPTION -- 2018-12-08 23:00:19]
gdbException: Cannot access memory at address 0xd781f62b824b98ba
[EXCEPTION -- 2018-12-08 23:00:19]
pythonException: empty range for randrange() (0,0, 0)
[INFO -- 2018-12-08 23:00:20]
event type: exit
[EXCEPTION -- 2018-12-08 23:00:20]
exit code: no exit code available
