[INFO -- 2018-12-08 16:08:09]
Starting flip_value script
version: 1.1
[INFO -- 2018-12-08 16:08:09]
Initialization strings:
[INFO -- 2018-12-08 16:08:09]
(1) file /tmp/knapsack/ga
[INFO -- 2018-12-08 16:08:09]
initSignal:1
[INFO -- 2018-12-08 16:08:09]
endSignal:8
[INFO -- 2018-12-08 16:08:09]
faultModel:3
[INFO -- 2018-12-08 16:08:11]
Backtrace BEGIN:
#0  __memmove_sse2_unaligned_erms () at ../sysdeps/x86_64/multiarch/memmove-vec-unaligned-erms.S:524
#1  0x000055555555a3ba in std::__copy_move<false, true, std::random_access_iterator_tag>::__copy_m<int> (__first=0x555555782f20, __last=0x555555783240, __result=0x555555787210) at /usr/include/c++/7/bits/stl_algobase.h:368
#2  0x00005555555598dc in std::__copy_move_a<false, int const*, int*> (__first=0x555555782f20, __last=0x555555783240, __result=0x555555787210) at /usr/include/c++/7/bits/stl_algobase.h:386
#3  0x000055555555ab8b in std::__copy_move_a2<false, __gnu_cxx::__normal_iterator<int const*, std::vector<int, std::allocator<int> > >, int*> (__first=0, __last=816, __result=0x555555787210) at /usr/include/c++/7/bits/stl_algobase.h:424
#4  0x000055555555a2c0 in std::copy<__gnu_cxx::__normal_iterator<int const*, std::vector<int, std::allocator<int> > >, int*> (__first=0, __last=816, __result=0x555555787210) at /usr/include/c++/7/bits/stl_algobase.h:456
#5  0x0000555555559778 in std::__uninitialized_copy<true>::__uninit_copy<__gnu_cxx::__normal_iterator<int const*, std::vector<int, std::allocator<int> > >, int*> (__first=0, __last=816, __result=0x555555787210) at /usr/include/c++/7/bits/stl_uninitialized.h:101
#6  0x00005555555586a8 in std::uninitialized_copy<__gnu_cxx::__normal_iterator<int const*, std::vector<int, std::allocator<int> > >, int*> (__first=0, __last=816, __result=0x555555787210) at /usr/include/c++/7/bits/stl_uninitialized.h:134
#7  0x0000555555557257 in std::__uninitialized_copy_a<__gnu_cxx::__normal_iterator<int const*, std::vector<int, std::allocator<int> > >, int*, int> (__first=0, __last=816, __result=0x555555787210) at /usr/include/c++/7/bits/stl_uninitialized.h:289
#8  0x00005555555561bb in std::vector<int, std::allocator<int> >::vector (this=0x7fffffffd960, __x=std::vector of length 200, capacity 200 = {...}) at /usr/include/c++/7/bits/stl_vector.h:331
#9  0x000055555555527f in tournament (pop=std::vector of length 40, capacity 64 = {...}) at knapsackga.cpp:88
#10 0x0000555555555691 in genetic_algorithm () at knapsackga.cpp:129
#11 0x0000555555555b6c in main () at knapsackga.cpp:165

519	../sysdeps/x86_64/multiarch/memmove-vec-unaligned-erms.S: No such file or directory.

Backtrace END
Fliping a bit of the value pointed by a pointer
Memory content before bitflip:0xe00x6e0x780x55
Fault Model: Zero bit-flip
base address to flip value: 0x555555787210
address max offset: 4
Memory content after  bitflip:0x000x000x000x00
frame name: std::copy<__gnu_cxx::__normal_iterator<int const*, std::vector<int, std::allocator<int> > >, int*>
symbol name: __result
symbol filename: /usr/include/c++/7/bits/stl_algobase.h
symbol line: 446
value: 0x555555787210
value address: 0x7fffffffd6d8
Type: The type is a pointer.
Type sizeof: 8

[INFO -- 2018-12-08 16:08:11]
Fault Injection Successful after 2.5298967361450195s
[INFO -- 2018-12-08 16:08:17]
event type: exit
[INFO -- 2018-12-08 16:08:17]
exit code: 0
