[INFO -- 2018-11-30 12:01:48]
Starting flip_value script
version: 1.1
[INFO -- 2018-11-30 12:01:48]
Initialization strings:
[INFO -- 2018-11-30 12:01:48]
(1) file /tmp/knapsack/sa
[INFO -- 2018-11-30 12:01:48]
initSignal:0
[INFO -- 2018-11-30 12:01:48]
endSignal:7
[INFO -- 2018-11-30 12:01:48]
faultModel:4
[INFO -- 2018-11-30 12:01:51]
Backtrace BEGIN:
#0  0x00005555555557a3 in std::vector<int, std::allocator<int> >::operator[] (this=0x7fffffffd990, __n=156) at /usr/include/c++/7/bits/stl_vector.h:798
#1  0x00005555555550f8 in cost (solution=std::vector of length 200, capacity 200 = {...}) at knapsacksa.cpp:29
#2  0x0000555555555259 in simulated_annealing () at knapsacksa.cpp:52
#3  0x0000555555555522 in main () at knapsacksa.cpp:85

793	       */
794	      reference
795	      operator[](size_type __n) _GLIBCXX_NOEXCEPT
796	      {
797		__glibcxx_requires_subscript(__n);
798		return *(this->_M_impl._M_start + __n);
799	      }
800	
801	      /**
802	       *  @brief  Subscript access to the data contained in the %vector.

Backtrace END
Memory content before bitflip:0xff0xe00xf50x05
Fault Model: LSB bit-flip
base address to flip value: 0x7fffffffd958
address max offset: 4
Memory content after  bitflip:0xff0xe00xf50x07
frame name: simulated_annealing
symbol name: c
symbol filename: knapsacksa.cpp
symbol line: 52
value: 133554431
value address: 0x7fffffffd958
Type: The type is an integer type.
Type sizeof: 4

[INFO -- 2018-11-30 12:01:51]
Fault Injection Successful after 3.5767228603363037s
[INFO -- 2018-11-30 12:01:56]
event type: exit
[INFO -- 2018-11-30 12:01:56]
exit code: 0
