[INFO -- 2018-12-01 07:26:14]
Starting flip_value script
version: 1.1
[INFO -- 2018-12-01 07:26:14]
Initialization strings:
[INFO -- 2018-12-01 07:26:14]
(1) file /tmp/knapsack/mf
[INFO -- 2018-12-01 07:26:14]
initSignal:0
[INFO -- 2018-12-01 07:26:14]
endSignal:12
[INFO -- 2018-12-01 07:26:14]
faultModel:3
[EXCEPTION -- 2018-12-01 07:26:16]
gdbException: Cannot access memory at address 0x0
[EXCEPTION -- 2018-12-01 07:26:16]
gdbException: Cannot access memory at address 0x0
[EXCEPTION -- 2018-12-01 07:26:16]
gdbException: Cannot access memory at address 0x0
[INFO -- 2018-12-01 07:26:16]
event type: exit
[EXCEPTION -- 2018-12-01 07:26:16]
exit code: no exit code available
