[INFO -- 2018-09-23 14:59:06]
Starting flip_value script
version: 1.1
[INFO -- 2018-09-23 14:59:06]
Initialization strings:
[INFO -- 2018-09-23 14:59:06]
(1) file /tmp/knapsack/sa
[INFO -- 2018-09-23 14:59:06]
initSignal:0
[INFO -- 2018-09-23 14:59:06]
endSignal:2
[INFO -- 2018-09-23 14:59:06]
faultModel:2
[EXCEPTION -- 2018-09-23 14:59:08]
pythonException: Unable to exit loop in struct fields; Exiting wihtout making a bit flip
[INFO -- 2018-09-23 14:59:08]
Backtrace BEGIN:
#0  std::vector<int, std::allocator<int> >::operator[] (this=0x7fffffffda30, __n=123) at /usr/include/c++/7/bits/stl_vector.h:799
#1  0x0000555555554fc8 in cost (solution=std::vector of length 200, capacity 200 = {...}) at knapsacksa.cpp:29
#2  0x000055555555511f in simulated_annealing () at knapsacksa.cpp:50
#3  0x000055555555535e in main () at knapsacksa.cpp:84

794	      reference
795	      operator[](size_type __n) _GLIBCXX_NOEXCEPT
796	      {
797		__glibcxx_requires_subscript(__n);
798		return *(this->_M_impl._M_start + __n);
799	      }
800	
801	      /**
802	       *  @brief  Subscript access to the data contained in the %vector.
803	       *  @param __n The index of the element for which data should be

Backtrace END
Memory content before bitflip:0x7b0x000x000x000x000x000x000x00
Fault Model: Random bit-flip
base address to flip value: 0x7fffffffd980
address max offset: 8
Memory content after  bitflip:0x8e0xa70x7a0x630x060xfd0xed0xfc
frame name: std::vector<int, std::allocator<int> >::operator[]
symbol name: __n
symbol filename: /usr/include/c++/7/bits/stl_vector.h
symbol line: 795
value: 18225501470918879118
value address: 0x7fffffffd980
Type: The type is an integer type.
Type sizeof: 8

[INFO -- 2018-09-23 14:59:08]
Fault Injection Successful after 2.1666276454925537s
[INFO -- 2018-09-23 14:59:09]
event type: exit
[INFO -- 2018-09-23 14:59:09]
exit code: 0
