[INFO -- 2018-12-08 23:43:01]
Starting flip_value script
version: 1.1
[INFO -- 2018-12-08 23:43:01]
Initialization strings:
[INFO -- 2018-12-08 23:43:01]
(1) file /tmp/knapsack/ga
[INFO -- 2018-12-08 23:43:01]
initSignal:1
[INFO -- 2018-12-08 23:43:01]
endSignal:8
[INFO -- 2018-12-08 23:43:01]
faultModel:4
[INFO -- 2018-12-08 23:43:04]
Backtrace BEGIN:
#0  0x0000555555555147 in cost (solution=std::vector of length 200, capacity 200 = {...}) at knapsackga.cpp:45
#1  0x000055555555589e in genetic_algorithm () at knapsackga.cpp:138
#2  0x0000555555555b6c in main () at knapsackga.cpp:165

40	        peso += solution[i] * wt[i];
41	        valor += solution[i] * val[i];
42	    }
43	    for(int i=0; i < n; i++){
44	        peso2 += solution[i] * wt2[i];
45	        valor2 += solution[i] * val2[i];
46	    }
47	    if(peso != peso2 || valor != valor2){
48	        exit_gracefully();
49	    }

Backtrace END
Memory content before bitflip:0xc80x000x000x00
Fault Model: LSB bit-flip
base address to flip value: 0x55555575f0ac 
address max offset: 4
Memory content after  bitflip:0xc80x000x000x10
frame name: cost
symbol name: n2
symbol filename: knapsackga.cpp
symbol line: 18
value: 268435656
value address: 0x55555575f0ac <n2>
Type: The type is an integer type.
Type sizeof: 4

[INFO -- 2018-12-08 23:43:04]
Fault Injection Successful after 3.2060272693634033s
[INFO -- 2018-12-08 23:43:04]
event type: exit
[INFO -- 2018-12-08 23:43:04]
exit code: 0
