[INFO -- 2018-12-08 23:06:25]
Starting flip_value script
version: 1.1
[INFO -- 2018-12-08 23:06:25]
Initialization strings:
[INFO -- 2018-12-08 23:06:25]
(1) file /tmp/knapsack/ga
[INFO -- 2018-12-08 23:06:25]
initSignal:1
[INFO -- 2018-12-08 23:06:25]
endSignal:8
[INFO -- 2018-12-08 23:06:25]
faultModel:1
[INFO -- 2018-12-08 23:06:27]
Backtrace BEGIN:
#0  0x00007ffff74949d7 in __random () at random.c:288
#1  0x00007ffff7494ea9 in rand () at rand.c:27
#2  0x0000555555554ff1 in rand_bit () at knapsackga.cpp:30
#3  0x0000555555555353 in crossover (pai=std::vector of length 200, capacity 200 = {...}, mae=std::vector of length 200, capacity 200 = {...}, filho1=std::vector of length 0, capacity 0, filho2=std::vector of length 0, capacity 0) at knapsackga.cpp:95
#4  0x00005555555556d7 in genetic_algorithm () at knapsackga.cpp:130
#5  0x0000555555555b6c in main () at knapsackga.cpp:165

283	random.c: No such file or directory.

Backtrace END
Memory content before bitflip:0xa50x660xc90x23
Fault Model: Double bit-flip
base address to flip value: 0x7fffffffd7b4
address max offset: 4
Memory content after  bitflip:0xa50x660xcc0x23
frame name: __random
symbol name: retval
symbol filename: random.c
symbol line: 289
value: 600598181
value address: 0x7fffffffd7b4
Type: The type is an integer type.
Type sizeof: 4

[INFO -- 2018-12-08 23:06:27]
Fault Injection Successful after 2.1774349212646484s
[INFO -- 2018-12-08 23:06:33]
event type: exit
[INFO -- 2018-12-08 23:06:33]
exit code: 0
