[INFO -- 2018-09-24 18:59:27]
Starting flip_value script
version: 1.1
[INFO -- 2018-09-24 18:59:27]
Initialization strings:
[INFO -- 2018-09-24 18:59:27]
(1) file /tmp/knapsack/ga
[INFO -- 2018-09-24 18:59:27]
initSignal:1
[INFO -- 2018-09-24 18:59:27]
endSignal:3.5
[INFO -- 2018-09-24 18:59:27]
faultModel:1
[EXCEPTION -- 2018-09-24 18:59:28]
pythonException: Unable to exit loop in struct fields; Exiting wihtout making a bit flip
[INFO -- 2018-09-24 18:59:28]
Backtrace BEGIN:
#0  std::swap<int> (__a=@0x555555785c84: 1, __b=@0x555555785fb4: 1) at /usr/include/c++/7/bits/move.h:199
#1  0x00005555555551e7 in crossover (pai=std::vector of length 200, capacity 200 = {...}, mae=std::vector of length 200, capacity 200 = {...}, filho1=std::vector of length 200, capacity 200 = {...}, filho2=std::vector of length 200, capacity 200 = {...}) at knapsackga.cpp:80
#2  0x000055555555548d in genetic_algorithm () at knapsackga.cpp:104
#3  0x00005555555558d7 in main () at knapsackga.cpp:137

194	    {
195	      // concept requirements
196	      __glibcxx_function_requires(_SGIAssignableConcept<_Tp>)
197	
198	      _Tp __tmp = _GLIBCXX_MOVE(__a);
199	      __a = _GLIBCXX_MOVE(__b);
200	      __b = _GLIBCXX_MOVE(__tmp);
201	    }
202	
203	  // _GLIBCXX_RESOLVE_LIB_DEFECTS

Backtrace END
Fliping a bit of the value pointed by a reference
Fliping value of field: std::_Vector_base<int, std::allocator<int> >
Fliping value of field: _M_impl
Fliping value of field: _M_end_of_storage
Fliping a bit of the pointer
Memory content before bitflip:0x100x5e0x780x550x550x550x000x00
Fault Model: Double bit-flip
base address to flip value: 0x7fffffffd960
address max offset: 8
Memory content after  bitflip:0x100x5e0x780x550xd70x550x000x00
frame name: crossover
symbol name: filho1
symbol filename: knapsackga.cpp
symbol line: 71
value: std::vector of length 200, capacity 139586437320 = {0, 1, 0, 0, 1, 1, 0, 0, 0, 0, 0, 0, 0, 1, 1, 1, 1, 0, 0, 0, 0, 0, 0, 0, 1, 0, 0, 1, 1, 0, 0, 0, 0, 1, 1, 0, 0, 1, 1, 1, 0, 0, 0, 0, 1, 0, 1, 0, 1, 0, 0, 1, 1, 0, 1, 1, 1, 0, 0, 1, 1, 1, 1, 0, 0, 0, 1, 0, 0, 0, 0, 0, 0, 0, 1, 1, 0, 0, 0, 1, 1, 0, 0, 1, 1, 0, 1, 0, 1, 0, 0, 1, 0, 0, 1, 0, 0, 0, 0, 0, 0, 1, 0, 1, 0, 1, 0, 1, 0, 0, 0, 0, 1, 1, 0, 1, 0, 0, 1, 1, 1, 0, 1, 1, 0, 0, 1, 0, 1, 1, 1, 1, 0, 0, 1, 0, 0, 1, 1, 0, 0, 0, 1, 0, 1, 0, 0, 0, 0, 1, 0, 0, 0, 1, 0, 0, 0, 1, 1, 1, 1, 0, 0, 0, 1, 0, 0, 0, 1, 1, 1, 0, 1, 0, 1, 0, 0, 0, 0, 0, 1, 0, 0, 1, 1, 0, 1, 1, 1, 0, 0, 0, 0, 0, 0, 0, 0, 0, 0, 1...}
value address: 0x7fffffffd950
Type: A reference type.
Type sizeof: 8

[INFO -- 2018-09-24 18:59:28]
Fault Injection Successful after 1.257399320602417s
[INFO -- 2018-09-24 18:59:31]
event type: exit
[INFO -- 2018-09-24 18:59:31]
exit code: 0
