[INFO -- 2018-09-23 12:48:09]
Starting flip_value script
version: 1.1
[INFO -- 2018-09-23 12:48:09]
Initialization strings:
[INFO -- 2018-09-23 12:48:09]
(1) file /tmp/knapsack/sa
[INFO -- 2018-09-23 12:48:09]
initSignal:0
[INFO -- 2018-09-23 12:48:09]
endSignal:2
[INFO -- 2018-09-23 12:48:09]
faultModel:2
[INFO -- 2018-09-23 12:48:10]
Backtrace BEGIN:
#0  simulated_annealing () at knapsacksa.cpp:63
#1  0x000055555555535e in main () at knapsacksa.cpp:84

58	             //co++;
59	
60	             solution = s;
61	             best = min(c, best);
62	         }
63	         temp *= 0.99999;
64	    }
65	    //cout << co << endl;
66	    
67	    return -best;

Backtrace END
Memory content before bitflip:0xa70xb30xf80xff
Fault Model: Random bit-flip
base address to flip value: 0x7fffffffd9f8
address max offset: 4
Memory content after  bitflip:0xa80x390x750xd4
frame name: simulated_annealing
symbol name: c
symbol filename: knapsacksa.cpp
symbol line: 50
value: -730515032
value address: 0x7fffffffd9f8
Type: The type is an integer type.
Type sizeof: 4

[INFO -- 2018-09-23 12:48:10]
Fault Injection Successful after 1.2348074913024902s
[INFO -- 2018-09-23 12:48:11]
event type: exit
[INFO -- 2018-09-23 12:48:11]
exit code: 0
