[INFO -- 2018-12-02 05:28:33]
Starting flip_value script
version: 1.1
[INFO -- 2018-12-02 05:28:33]
Initialization strings:
[INFO -- 2018-12-02 05:28:33]
(1) file /tmp/knapsack/ga
[INFO -- 2018-12-02 05:28:33]
initSignal:0
[INFO -- 2018-12-02 05:28:33]
endSignal:13
[INFO -- 2018-12-02 05:28:33]
faultModel:0
[INFO -- 2018-12-02 05:28:36]
Backtrace BEGIN:
#0  0x0000555555555055 in cost (solution=std::vector of length 200, capacity 200 = {...}) at knapsackga.cpp:26
#1  0x000055555555578e in genetic_algorithm () at knapsackga.cpp:112
#2  0x0000555555555a9b in main () at knapsackga.cpp:141

21	}
22	
23	int cost(vector<int> &solution){
24	    int peso=0, valor=0;
25	    for(int i=0; i < n; i++){
26	        peso += solution[i] * wt[i];
27	        valor += solution[i] * val[i];
28	    }
29	
30	    if(peso > W){

Backtrace END
Memory content before bitflip:0x310xfb0x080x00
Fault Model: Single bit-flip
base address to flip value: 0x55555575f17c 
address max offset: 4
Memory content after  bitflip:0x330xfb0x080x00
frame name: genetic_algorithm
symbol name: W
symbol filename: knapsackga.cpp
symbol line: 16
value: 588595
value address: 0x55555575f17c <W>
Type: The type is an integer type.
Type sizeof: 4

[INFO -- 2018-12-02 05:28:36]
Fault Injection Successful after 3.7769103050231934s
[INFO -- 2018-12-02 05:28:46]
event type: exit
[INFO -- 2018-12-02 05:28:46]
exit code: 0
