[INFO -- 2018-09-25 02:36:37]
Starting flip_value script
version: 1.1
[INFO -- 2018-09-25 02:36:37]
Initialization strings:
[INFO -- 2018-09-25 02:36:37]
(1) file /tmp/knapsack/ga
[INFO -- 2018-09-25 02:36:37]
initSignal:1
[INFO -- 2018-09-25 02:36:37]
endSignal:3.5
[INFO -- 2018-09-25 02:36:37]
faultModel:0
[INFO -- 2018-09-25 02:36:39]
Backtrace BEGIN:
#0  0x0000555555558554 in std::_Vector_base<int, std::allocator<int> >::_M_allocate (this=0x555555776520, __n=200) at /usr/include/c++/7/bits/stl_vector.h:172
#1  0x000055555555833b in std::_Vector_base<int, std::allocator<int> >::_M_create_storage (this=0x555555776520, __n=200) at /usr/include/c++/7/bits/stl_vector.h:187
#2  0x0000555555556e73 in std::_Vector_base<int, std::allocator<int> >::_Vector_base (this=0x555555776520, __n=200, __a=...) at /usr/include/c++/7/bits/stl_vector.h:138
#3  0x0000555555555e83 in std::vector<int, std::allocator<int> >::vector (this=0x555555776520, __x=std::vector of length 200, capacity 256 = {...}) at /usr/include/c++/7/bits/stl_vector.h:328
#4  0x0000555555557e39 in chromossome::chromossome (this=0x555555776520) at knapsackga.cpp:42
#5  0x0000555555557e96 in __gnu_cxx::new_allocator<chromossome>::construct<chromossome, chromossome const&> (this=0x7fffffffd870, __p=0x555555776520, __args#0=...) at /usr/include/c++/7/ext/new_allocator.h:136
#6  0x0000555555556a90 in std::allocator_traits<std::allocator<chromossome> >::construct<chromossome, chromossome const&> (__a=..., __p=0x555555776520, __args#0=...) at /usr/include/c++/7/bits/alloc_traits.h:475
#7  0x0000555555556b50 in std::vector<chromossome, std::allocator<chromossome> >::_M_realloc_insert<chromossome const&> (this=0x7fffffffd870, __position={solution = std::vector of length 36, capacity 0 = {<error reading variable>, __args#0=...) at /usr/include/c++/7/bits/vector.tcc:415
#8  0x0000555555555d28 in std::vector<chromossome, std::allocator<chromossome> >::push_back (this=0x7fffffffd870, __x=...) at /usr/include/c++/7/bits/stl_vector.h:948
#9  0x000055555555502c in tournament (pop=std::vector of length 40, capacity 64 = {...}) at knapsackga.cpp:63
#10 0x0000555555555447 in genetic_algorithm () at knapsackga.cpp:103
#11 0x00005555555558d7 in main () at knapsackga.cpp:137

167	
168	      pointer
169	      _M_allocate(size_t __n)
170	      {
171		typedef __gnu_cxx::__alloc_traits<_Tp_alloc_type> _Tr;
172		return __n != 0 ? _Tr::allocate(_M_impl, __n) : pointer();
173	      }
174	
175	      void
176	      _M_deallocate(pointer __p, size_t __n)

Backtrace END
Memory content before bitflip:0x310xfb0x080x00
Fault Model: Single bit-flip
base address to flip value: 0x55555575f06c 
address max offset: 4
Memory content after  bitflip:0x310xfb0x080x04
frame name: tournament
symbol name: W
symbol filename: knapsackga.cpp
symbol line: 16
value: 67697457
value address: 0x55555575f06c <W>
Type: The type is an integer type.
Type sizeof: 4

[INFO -- 2018-09-25 02:36:39]
Fault Injection Successful after 2.7672410011291504s
[INFO -- 2018-09-25 02:36:41]
event type: exit
[INFO -- 2018-09-25 02:36:41]
exit code: 0
