[INFO -- 2018-12-08 12:36:36]
Starting flip_value script
version: 1.1
[INFO -- 2018-12-08 12:36:36]
Initialization strings:
[INFO -- 2018-12-08 12:36:36]
(1) file /tmp/knapsack/sa
[INFO -- 2018-12-08 12:36:36]
initSignal:0
[INFO -- 2018-12-08 12:36:36]
endSignal:9
[INFO -- 2018-12-08 12:36:36]
faultModel:0
[INFO -- 2018-12-08 12:36:41]
Backtrace BEGIN:
#0  0x00005555555551ac in cost (solution=std::vector of length 200, capacity 200 = {...}) at knapsacksa.cpp:62
#1  0x000055555555534c in simulated_annealing () at knapsacksa.cpp:92
#2  0x0000555555555658 in main () at knapsacksa.cpp:146

57	    for(int i=0; i < n; i++){
58	        peso += solution[i] * wt[i];
59	        valor += solution[i] * val[i];
60	    }
61	    for(int i=0; i < n; i++){
62	        peso2 += solution[i] * wt2[i];
63	        valor2 += solution[i] * val2[i];
64	    }
65	    if(peso != peso2 || valor != valor2){
66	        exit_gracefully();

Backtrace END
Fliping a bit of the reference
Memory content before bitflip:0xc00x270x770x550x550x550x000x00
Fault Model: Single bit-flip
base address to flip value: 0x7fffffffd740
address max offset: 8
Memory content after  bitflip:0xc00x2f0x770x550x550x550x000x00
frame name: cost
symbol name: solution
symbol filename: knapsacksa.cpp
symbol line: 51
value: std::vector of length -312, capacity -312 = {0, 0, 0, 0, 0, 0, 0, 0, 0, 0, 0, 0, 0, 0, 0, 0, 0, 0, 0, 0, 0, 0, 0, 0, 0, 0, 0, 0, 0, 0, 0, 0, 0, 0, 0, 0, 0, 0, 0, 0, 0, 0, 0, 0, 0, 0, 0, 0, 0, 0, 0, 0, 0, 0, 0, 0, 0, 0, 0, 0, 0, 0, 0, 0, 0, 0, 0, 0, 0, 0, 0, 0, 0, 0, 0, 0, 0, 0, 0, 0, 0, 0, 0, 0, 0, 0, 0, 0, 0, 0, 0, 0, 0, 0, 0, 0, 0, 0, 0, 0, 0, 0, 0, 0, 0, 0, 0, 0, 0, 0, 0, 0, 0, 0, 0, 0, 0, 0, 0, 0, 0, 0, 0, 0, 0, 0, 0, 0, 0, 0, 0, 0, 0, 0, 0, 0, 0, 0, 0, 0, 0, 0, 0, 0, 0, 0, 0, 0, 0, 0, 0, 0, 0, 0, 0, 0, 0, 0, 0, 0, 0, 0, 0, 0, 0, 0, 0, 0, 0, 0, 0, 0, 0, 0, 0, 0, 0, 0, 0, 0, 0, 0, 0, 0, 0, 0, 0, 0, 0, 0, 0, 0, 0, 0, 0, 0, 0, 0, 0, 0...}
value address: 0x7fffffffd740
Type: A reference type.
Type sizeof: 8

[INFO -- 2018-12-08 12:36:41]
Fault Injection Successful after 5.444361686706543s
[INFO -- 2018-12-08 12:36:41]
event type: exit
[INFO -- 2018-12-08 12:36:41]
exit code: 0
