[INFO -- 2018-09-25 08:43:43]
Starting flip_value script
version: 1.1
[INFO -- 2018-09-25 08:43:43]
Initialization strings:
[INFO -- 2018-09-25 08:43:43]
(1) file /tmp/knapsack/ga
[INFO -- 2018-09-25 08:43:43]
initSignal:1
[INFO -- 2018-09-25 08:43:43]
endSignal:3.5
[INFO -- 2018-09-25 08:43:43]
faultModel:3
[EXCEPTION -- 2018-09-25 08:43:44]
pythonException: Unable to exit loop in struct fields; Exiting wihtout making a bit flip
[INFO -- 2018-09-25 08:43:45]
Backtrace BEGIN:
#0  0x00005555555551ab in crossover (pai=std::vector of length 200, capacity 200 = {...}, mae=std::vector of length 200, capacity 200 = {...}, filho1=std::vector of length 200, capacity 200 = {...}, filho2=std::vector of length 200, capacity 200 = {...}) at knapsackga.cpp:79
#1  0x000055555555548d in genetic_algorithm () at knapsackga.cpp:104
#2  0x00005555555558d7 in main () at knapsackga.cpp:137

74	        mask[i] = rand_bit();
75	    }
76	    filho1 = pai;
77	    filho2 = mae;
78	    for(int i = 0; i < n; i++){
79	        if(mask[i]){
80	            swap(filho1[i], filho2[i]);  
81	        }
82	    }
83	}

Backtrace END
Memory content before bitflip:0x310xfb0x080x00
Fault Model: Zero bit-flip
base address to flip value: 0x55555575f06c 
address max offset: 4
Memory content after  bitflip:0x000x000x000x00
frame name: genetic_algorithm
symbol name: W
symbol filename: knapsackga.cpp
symbol line: 16
value: 0
value address: 0x55555575f06c <W>
Type: The type is an integer type.
Type sizeof: 4

[INFO -- 2018-09-25 08:43:45]
Fault Injection Successful after 2.0087854862213135s
[INFO -- 2018-09-25 08:43:47]
event type: exit
[INFO -- 2018-09-25 08:43:47]
exit code: 0
