[INFO -- 2018-12-01 05:49:55]
Starting flip_value script
version: 1.1
[INFO -- 2018-12-01 05:49:55]
Initialization strings:
[INFO -- 2018-12-01 05:49:55]
(1) file /tmp/knapsack/mf
[INFO -- 2018-12-01 05:49:55]
initSignal:0
[INFO -- 2018-12-01 05:49:55]
endSignal:12
[INFO -- 2018-12-01 05:49:55]
faultModel:0
[EXCEPTION -- 2018-12-01 05:49:57]
gdbException: Cannot access memory at address 0x10555555770bb0
[EXCEPTION -- 2018-12-01 05:49:57]
gdbException: Cannot access memory at address 0x1055555d770bb0
[EXCEPTION -- 2018-12-01 05:49:57]
gdbException: Cannot access memory at address 0x55555536e2e0
[INFO -- 2018-12-01 05:49:57]
event type: exit
[EXCEPTION -- 2018-12-01 05:49:57]
exit code: no exit code available
