[INFO -- 2018-12-08 06:57:48]
Starting flip_value script
version: 1.1
[INFO -- 2018-12-08 06:57:48]
Initialization strings:
[INFO -- 2018-12-08 06:57:48]
(1) file /tmp/knapsack/sa
[INFO -- 2018-12-08 06:57:48]
initSignal:0
[INFO -- 2018-12-08 06:57:48]
endSignal:9
[INFO -- 2018-12-08 06:57:48]
faultModel:3
[INFO -- 2018-12-08 06:57:49]
Backtrace BEGIN:
#0  0x000055555555585e in std::vector<int, std::allocator<int> >::operator[] (this=0x555555759040 <val>, __n=121) at /usr/include/c++/7/bits/stl_vector.h:798
#1  0x000055555555515f in cost (solution=std::vector of length 200, capacity 200 = {...}) at knapsacksa.cpp:59
#2  0x000055555555534c in simulated_annealing () at knapsacksa.cpp:92
#3  0x0000555555555658 in main () at knapsacksa.cpp:146

793	       */
794	      reference
795	      operator[](size_type __n) _GLIBCXX_NOEXCEPT
796	      {
797		__glibcxx_requires_subscript(__n);
798		return *(this->_M_impl._M_start + __n);
799	      }
800	
801	      /**
802	       *  @brief  Subscript access to the data contained in the %vector.

Backtrace END
Memory content before bitflip:0x790x000x000x00
Fault Model: Zero bit-flip
base address to flip value: 0x7fffffffd6b8
address max offset: 4
Memory content after  bitflip:0x000x000x000x00
frame name: cost
symbol name: i
symbol filename: knapsacksa.cpp
symbol line: 57
value: 0
value address: 0x7fffffffd6b8
Type: The type is an integer type.
Type sizeof: 4

[INFO -- 2018-12-08 06:57:49]
Fault Injection Successful after 1.6703894138336182s
[INFO -- 2018-12-08 06:57:49]
event type: exit
[INFO -- 2018-12-08 06:57:49]
exit code: 0
