[INFO -- 2018-12-08 14:51:34]
Starting flip_value script
version: 1.1
[INFO -- 2018-12-08 14:51:34]
Initialization strings:
[INFO -- 2018-12-08 14:51:34]
(1) file /tmp/knapsack/sa
[INFO -- 2018-12-08 14:51:34]
initSignal:0
[INFO -- 2018-12-08 14:51:34]
endSignal:9
[INFO -- 2018-12-08 14:51:34]
faultModel:1
[INFO -- 2018-12-08 14:51:36]
Backtrace BEGIN:
#0  0x00005555555561e9 in std::vector<int, std::allocator<int> >::capacity (this=0x7fffffffd720) at /usr/include/c++/7/bits/stl_vector.h:752
#1  0x0000555555555b99 in std::vector<int, std::allocator<int> >::operator= (this=0x7fffffffd720, __x=std::vector of length 200, capacity 200 = {...}) at /usr/include/c++/7/bits/vector.tcc:204
#2  0x00005555555553e6 in simulated_annealing () at knapsacksa.cpp:108
#3  0x0000555555555658 in main () at knapsacksa.cpp:146

747	       *  hold before needing to allocate more memory.
748	       */
749	      size_type
750	      capacity() const _GLIBCXX_NOEXCEPT
751	      { return size_type(this->_M_impl._M_end_of_storage
752				 - this->_M_impl._M_start); }
753	
754	      /**
755	       *  Returns true if the %vector is empty.  (Thus begin() would
756	       *  equal end().)

Backtrace END
Memory content before bitflip:0x790xa50x0d0x00
Fault Model: Double bit-flip
base address to flip value: 0x7fffffffd710
address max offset: 4
Memory content after  bitflip:0x790xa50xad0x00
frame name: simulated_annealing
symbol name: temp2
symbol filename: knapsacksa.cpp
symbol line: 84
value: 11380089
value address: 0x7fffffffd710
Type: The type is an integer type.
Type sizeof: 4

[INFO -- 2018-12-08 14:51:36]
Fault Injection Successful after 2.0106639862060547s
[INFO -- 2018-12-08 14:51:36]
event type: exit
[INFO -- 2018-12-08 14:51:36]
exit code: 0
