[INFO -- 2018-12-08 22:33:01]
Starting flip_value script
version: 1.1
[INFO -- 2018-12-08 22:33:01]
Initialization strings:
[INFO -- 2018-12-08 22:33:01]
(1) file /tmp/knapsack/ga
[INFO -- 2018-12-08 22:33:01]
initSignal:1
[INFO -- 2018-12-08 22:33:01]
endSignal:8
[INFO -- 2018-12-08 22:33:01]
faultModel:4
[INFO -- 2018-12-08 22:33:03]
Backtrace BEGIN:
#0  0x000055555555a677 in std::__uninitialized_copy<false>::__uninit_copy<std::move_iterator<chromossome*>, chromossome*> (__first=..., __last=..., __result=0x5555555561bb <std::vector<int, std::allocator<int> >::vector(std::vector<int, std::allocator<int> > const&)+181>) at /usr/include/c++/7/bits/stl_uninitialized.h:76
#1  0x0000555555559d49 in std::uninitialized_copy<std::move_iterator<chromossome*>, chromossome*> (__first=..., __last=..., __result=0x555555776420) at /usr/include/c++/7/bits/stl_uninitialized.h:134
#2  0x0000555555559304 in std::__uninitialized_copy_a<std::move_iterator<chromossome*>, chromossome*, chromossome> (__first=..., __last=..., __result=0x555555776420) at /usr/include/c++/7/bits/stl_uninitialized.h:289
#3  0x0000555555558367 in std::__uninitialized_move_if_noexcept_a<chromossome*, chromossome*, std::allocator<chromossome> > (__first=0x0, __last=0x0, __result=0x555555776420, __alloc=...) at /usr/include/c++/7/bits/stl_uninitialized.h:312
#4  0x0000555555556e76 in std::vector<chromossome, std::allocator<chromossome> >::_M_realloc_insert<chromossome const&> (this=0x7fffffffd820, __position=non-dereferenceable iterator for std::vector, __args#0=...) at /usr/include/c++/7/bits/vector.tcc:424
#5  0x0000555555556012 in std::vector<chromossome, std::allocator<chromossome> >::push_back (this=0x7fffffffd820, __x=...) at /usr/include/c++/7/bits/stl_vector.h:948
#6  0x0000555555555230 in tournament (pop=std::vector of length 40, capacity 64 = {...}) at knapsackga.cpp:84
#7  0x0000555555555691 in genetic_algorithm () at knapsackga.cpp:129
#8  0x0000555555555b6c in main () at knapsackga.cpp:165

71	  template<bool _TrivialValueTypes>
72	    struct __uninitialized_copy
73	    {
74	      template<typename _InputIterator, typename _ForwardIterator>
75	        static _ForwardIterator
76	        __uninit_copy(_InputIterator __first, _InputIterator __last,
77			      _ForwardIterator __result)
78	        {
79		  _ForwardIterator __cur = __result;
80		  __try

Backtrace END
Memory content before bitflip:0x280x000x000x00
Fault Model: LSB bit-flip
base address to flip value: 0x55555575f014 
address max offset: 4
Memory content after  bitflip:0x280x000x000x80
frame name: std::vector<chromossome, std::allocator<chromossome> >::push_back
symbol name: pop_size2
symbol filename: knapsackga.cpp
symbol line: 20
value: -2147483608
value address: 0x55555575f014 <pop_size2>
Type: The type is an integer type.
Type sizeof: 4

[INFO -- 2018-12-08 22:33:03]
Fault Injection Successful after 2.894151449203491s
[INFO -- 2018-12-08 22:33:03]
event type: exit
[INFO -- 2018-12-08 22:33:03]
exit code: 0
