[INFO -- 2018-09-21 21:50:35]
Starting flip_value script
version: 1.1
[INFO -- 2018-09-21 21:50:35]
Initialization strings:
[INFO -- 2018-09-21 21:50:35]
(1) file /tmp/knapsack/dp
[INFO -- 2018-09-21 21:50:35]
initSignal:1
[INFO -- 2018-09-21 21:50:35]
endSignal:3
[INFO -- 2018-09-21 21:50:35]
faultModel:2
[EXCEPTION -- 2018-09-21 21:50:36]
pythonException: Unable to exit loop in struct fields; Exiting wihtout making a bit flip
[EXCEPTION -- 2018-09-21 21:50:36]
pythonException: Unable to exit loop in struct fields; Exiting wihtout making a bit flip
[EXCEPTION -- 2018-09-21 21:50:37]
pythonException: empty range for randrange() (0,0, 0)
[EXCEPTION -- 2018-09-21 21:50:37]
pythonException: Unable to exit loop in struct fields; Exiting wihtout making a bit flip
[EXCEPTION -- 2018-09-21 21:50:38]
pythonException: Unable to exit loop in struct fields; Exiting wihtout making a bit flip
[INFO -- 2018-09-21 21:50:38]
Backtrace BEGIN:
#0  0x000055555555573a in std::vector<int, std::allocator<int> >::operator[] (this=0x555555772030, __n=22828) at /usr/include/c++/7/bits/stl_vector.h:798
#1  0x0000555555555117 in knapSack (W=588593, n=200, val=std::vector of length 200, capacity 256 = {...}, wt=std::vector of length 200, capacity 256 = {...}) at knapsackdp.cpp:27
#2  0x0000555555555375 in main () at knapsackdp.cpp:54

793	       */
794	      reference
795	      operator[](size_type __n) _GLIBCXX_NOEXCEPT
796	      {
797		__glibcxx_requires_subscript(__n);
798		return *(this->_M_impl._M_start + __n);
799	      }
800	
801	      /**
802	       *  @brief  Subscript access to the data contained in the %vector.

Backtrace END
Memory content before bitflip:0x310xfb0x080x00
Fault Model: Random bit-flip
base address to flip value: 0x7fffffffda00
address max offset: 4
Memory content after  bitflip:0x910xf10x5a0x7c
frame name: main
symbol name: W
symbol filename: knapsackdp.cpp
symbol line: 45
value: 2086334865
value address: 0x7fffffffda00
Type: The type is an integer type.
Type sizeof: 4

[INFO -- 2018-09-21 21:50:38]
Fault Injection Successful after 3.200404644012451s
[INFO -- 2018-09-21 21:50:39]
event type: exit
[INFO -- 2018-09-21 21:50:39]
exit code: 0
