[INFO -- 2018-09-23 14:14:39]
Starting flip_value script
version: 1.1
[INFO -- 2018-09-23 14:14:39]
Initialization strings:
[INFO -- 2018-09-23 14:14:39]
(1) file /tmp/knapsack/sa
[INFO -- 2018-09-23 14:14:39]
initSignal:0
[INFO -- 2018-09-23 14:14:39]
endSignal:2
[INFO -- 2018-09-23 14:14:39]
faultModel:0
[INFO -- 2018-09-23 14:14:40]
Backtrace BEGIN:
#0  0x0000555555554ff2 in cost (solution=std::vector of length 200, capacity 200 = {...}) at knapsacksa.cpp:31
#1  0x000055555555511f in simulated_annealing () at knapsacksa.cpp:50
#2  0x000055555555535e in main () at knapsacksa.cpp:84

26	    int peso=0, valor=0;
27	    for(int i=0; i < n; i++){
28	       peso += solution[i] * wt[i];
29	       valor += solution[i] * val[i];
30	    }
31	    if(peso > W)
32	       return 99999999;
33	    else
34	       return -valor;
35	}

Backtrace END
Memory content before bitflip:0xd80x760x070x00
Fault Model: Single bit-flip
base address to flip value: 0x7fffffffd9b8
address max offset: 4
Memory content after  bitflip:0xd80x560x070x00
frame name: cost
symbol name: valor
symbol filename: knapsacksa.cpp
symbol line: 26
value: 480984
value address: 0x7fffffffd9b8
Type: The type is an integer type.
Type sizeof: 4

[INFO -- 2018-09-23 14:14:40]
Fault Injection Successful after 1.9187891483306885s
[INFO -- 2018-09-23 14:14:41]
event type: exit
[INFO -- 2018-09-23 14:14:41]
exit code: 0
