[INFO -- 2018-12-08 14:38:41]
Starting flip_value script
version: 1.1
[INFO -- 2018-12-08 14:38:41]
Initialization strings:
[INFO -- 2018-12-08 14:38:41]
(1) file /tmp/knapsack/sa
[INFO -- 2018-12-08 14:38:41]
initSignal:0
[INFO -- 2018-12-08 14:38:41]
endSignal:9
[INFO -- 2018-12-08 14:38:41]
faultModel:0
[INFO -- 2018-12-08 14:38:42]
Backtrace BEGIN:
#0  0x0000555555555196 in cost (solution=std::vector of length 200, capacity 200 = {...}) at knapsacksa.cpp:62
#1  0x000055555555534c in simulated_annealing () at knapsacksa.cpp:92
#2  0x0000555555555658 in main () at knapsacksa.cpp:146

57	    for(int i=0; i < n; i++){
58	        peso += solution[i] * wt[i];
59	        valor += solution[i] * val[i];
60	    }
61	    for(int i=0; i < n; i++){
62	        peso2 += solution[i] * wt2[i];
63	        valor2 += solution[i] * val2[i];
64	    }
65	    if(peso != peso2 || valor != valor2){
66	        exit_gracefully();

Backtrace END
Memory content before bitflip:0x310xfb0x080x00
Fault Model: Single bit-flip
base address to flip value: 0x555555759030 
address max offset: 4
Memory content after  bitflip:0x310xfb0x080x01
frame name: cost
symbol name: W
symbol filename: knapsacksa.cpp
symbol line: 13
value: 17365809
value address: 0x555555759030 <W>
Type: The type is an integer type.
Type sizeof: 4

[INFO -- 2018-12-08 14:38:42]
Fault Injection Successful after 1.7821991443634033s
[INFO -- 2018-12-08 14:38:42]
event type: exit
[INFO -- 2018-12-08 14:38:42]
exit code: 0
