[INFO -- 2018-09-23 17:23:02]
Starting flip_value script
version: 1.1
[INFO -- 2018-09-23 17:23:02]
Initialization strings:
[INFO -- 2018-09-23 17:23:02]
(1) file /tmp/knapsack/sa
[INFO -- 2018-09-23 17:23:02]
initSignal:0
[INFO -- 2018-09-23 17:23:02]
endSignal:2
[INFO -- 2018-09-23 17:23:02]
faultModel:0
[INFO -- 2018-09-23 17:23:03]
Backtrace BEGIN:
#0  0x0000555555554fe3 in cost (solution=std::vector of length 200, capacity 200 = {...}) at knapsacksa.cpp:29
#1  0x000055555555511f in simulated_annealing () at knapsacksa.cpp:50
#2  0x000055555555535e in main () at knapsacksa.cpp:84

24	
25	int cost(vector<int> &solution){
26	    int peso=0, valor=0;
27	    for(int i=0; i < n; i++){
28	       peso += solution[i] * wt[i];
29	       valor += solution[i] * val[i];
30	    }
31	    if(peso > W)
32	       return 99999999;
33	    else

Backtrace END
Memory content before bitflip:0x160x000x000x00
Fault Model: Single bit-flip
base address to flip value: 0x7fffffffd9bc
address max offset: 4
Memory content after  bitflip:0x160x000x040x00
frame name: cost
symbol name: i
symbol filename: knapsacksa.cpp
symbol line: 27
value: 262166
value address: 0x7fffffffd9bc
Type: The type is an integer type.
Type sizeof: 4

[INFO -- 2018-09-23 17:23:03]
Fault Injection Successful after 1.940676212310791s
[INFO -- 2018-09-23 17:23:05]
event type: exit
[INFO -- 2018-09-23 17:23:05]
exit code: 0
