[INFO -- 2018-09-21 21:35:52]
Starting flip_value script
version: 1.1
[INFO -- 2018-09-21 21:35:53]
Initialization strings:
[INFO -- 2018-09-21 21:35:53]
(1) file /tmp/knapsack/dp
[INFO -- 2018-09-21 21:35:53]
initSignal:1
[INFO -- 2018-09-21 21:35:53]
endSignal:3
[INFO -- 2018-09-21 21:35:53]
faultModel:2
[EXCEPTION -- 2018-09-21 21:35:54]
pythonException: empty range for randrange() (0,0, 0)
[INFO -- 2018-09-21 21:35:54]
Backtrace BEGIN:
#0  0x0000555555555101 in knapSack (W=588593, n=200, val=std::vector of length 200, capacity 256 = {...}, wt=std::vector of length 200, capacity 256 = {...}) at knapsackdp.cpp:27
#1  0x0000555555555375 in main () at knapsackdp.cpp:54

22	                else if(w >= wt[i-1]){
23	                    if(val[i-1] + V[i-1][w - wt[i-1]] > V[i-1][w]){
24	                        V[i][w] = val[i-1] + V[i-1][w - wt[i-1]];
25	                    }
26	                    else{
27	                        V[i][w] = V[i-1][w];
28	                    }
29	                }
30	                else
31	                    V[i][w] = V[i-1][w];

Backtrace END
Memory content before bitflip:0xf70x320x020x00
Fault Model: Random bit-flip
base address to flip value: 0x7fffffffd97c
address max offset: 4
Memory content after  bitflip:0x330xf20x850x76
frame name: knapSack
symbol name: w
symbol filename: knapsackdp.cpp
symbol line: 19
value: 1988489779
value address: 0x7fffffffd97c
Type: The type is an integer type.
Type sizeof: 4

[INFO -- 2018-09-21 21:35:54]
Fault Injection Successful after 1.5340712070465088s
[INFO -- 2018-09-21 21:35:56]
event type: exit
[INFO -- 2018-09-21 21:35:56]
exit code: 0
