[INFO -- 2018-12-01 07:27:57]
Starting flip_value script
version: 1.1
[INFO -- 2018-12-01 07:27:57]
Initialization strings:
[INFO -- 2018-12-01 07:27:57]
(1) file /tmp/knapsack/ga
[INFO -- 2018-12-01 07:27:57]
initSignal:0
[INFO -- 2018-12-01 07:27:57]
endSignal:13
[INFO -- 2018-12-01 07:27:57]
faultModel:0
[INFO -- 2018-12-01 07:27:59]
Backtrace BEGIN:
#0  0x0000555555558815 in std::__miter_base<__gnu_cxx::__normal_iterator<int const*, std::vector<int, std::allocator<int> > > > (__it=0) at /usr/include/c++/7/bits/cpp_type_traits.h:409
#1  0x000055555555a24f in std::copy<__gnu_cxx::__normal_iterator<int const*, std::vector<int, std::allocator<int> > >, int*> (__first=0, __last=816, __result=0x5555557858e0) at /usr/include/c++/7/bits/stl_algobase.h:455
#2  0x000055555555971c in std::__uninitialized_copy<true>::__uninit_copy<__gnu_cxx::__normal_iterator<int const*, std::vector<int, std::allocator<int> > >, int*> (__first=0, __last=816, __result=0x5555557858e0) at /usr/include/c++/7/bits/stl_uninitialized.h:101
#3  0x0000555555558692 in std::uninitialized_copy<__gnu_cxx::__normal_iterator<int const*, std::vector<int, std::allocator<int> > >, int*> (__first=0, __last=816, __result=0x5555557858e0) at /usr/include/c++/7/bits/stl_uninitialized.h:134
#4  0x0000555555557223 in std::__uninitialized_copy_a<__gnu_cxx::__normal_iterator<int const*, std::vector<int, std::allocator<int> > >, int*, int> (__first=0, __last=816, __result=0x5555557858e0) at /usr/include/c++/7/bits/stl_uninitialized.h:289
#5  0x0000555555556161 in std::vector<int, std::allocator<int> >::vector (this=0x555555784780, __x=std::vector of length 200, capacity 200 = {...}) at /usr/include/c++/7/bits/stl_vector.h:331
#6  0x000055555555810d in chromossome::chromossome (this=0x555555784780) at knapsackga.cpp:42
#7  0x000055555555816a in __gnu_cxx::new_allocator<chromossome>::construct<chromossome, chromossome const&> (this=0x7fffffffd880, __p=0x555555784780, __args#0=...) at /usr/include/c++/7/ext/new_allocator.h:136
#8  0x0000555555556d46 in std::allocator_traits<std::allocator<chromossome> >::construct<chromossome, chromossome const&> (__a=..., __p=0x555555784780, __args#0=...) at /usr/include/c++/7/bits/alloc_traits.h:475
#9  0x0000555555555f80 in std::vector<chromossome, std::allocator<chromossome> >::push_back (this=0x7fffffffd880, __x=...) at /usr/include/c++/7/bits/stl_vector.h:943
#10 0x0000555555555637 in genetic_algorithm () at knapsackga.cpp:107
#11 0x0000555555555a9b in main () at knapsackga.cpp:141

404	  // Fallback implementation of the function in bits/stl_iterator.h used to
405	  // remove the move_iterator wrapper.
406	  template<typename _Iterator>
407	    inline _Iterator
408	    __miter_base(_Iterator __it)
409	    { return __it; }
410	
411	_GLIBCXX_END_NAMESPACE_VERSION
412	} // namespace
413	} // extern "C++"

Backtrace END
Memory content before bitflip:0x280x000x000x00
Fault Model: Single bit-flip
base address to flip value: 0x55555575f010 
address max offset: 4
Memory content after  bitflip:0x200x000x000x00
frame name: std::__uninitialized_copy<true>::__uninit_copy<__gnu_cxx::__normal_iterator<int const*, std::vector<int, std::allocator<int> > >, int*>
symbol name: pop_size
symbol filename: knapsackga.cpp
symbol line: 17
value: 32
value address: 0x55555575f010 <pop_size>
Type: The type is an integer type.
Type sizeof: 4

[INFO -- 2018-12-01 07:27:59]
Fault Injection Successful after 2.2259716987609863s
[INFO -- 2018-12-01 07:28:07]
event type: exit
[INFO -- 2018-12-01 07:28:07]
exit code: 0
