[INFO -- 2018-12-07 23:31:30]
Starting flip_value script
version: 1.1
[INFO -- 2018-12-07 23:31:30]
Initialization strings:
[INFO -- 2018-12-07 23:31:30]
(1) file /tmp/knapsack/sa
[INFO -- 2018-12-07 23:31:30]
initSignal:0
[INFO -- 2018-12-07 23:31:30]
endSignal:9
[INFO -- 2018-12-07 23:31:30]
faultModel:4
[INFO -- 2018-12-07 23:31:31]
Backtrace BEGIN:
#0  std::vector<int, std::allocator<int> >::operator[] (this=0x555555759060 <val2>, __n=125) at /usr/include/c++/7/bits/stl_vector.h:799
#1  0x00005555555551dd in cost (solution=std::vector of length 200, capacity 200 = {...}) at knapsacksa.cpp:63
#2  0x000055555555534c in simulated_annealing () at knapsacksa.cpp:92
#3  0x0000555555555658 in main () at knapsacksa.cpp:146

794	      reference
795	      operator[](size_type __n) _GLIBCXX_NOEXCEPT
796	      {
797		__glibcxx_requires_subscript(__n);
798		return *(this->_M_impl._M_start + __n);
799	      }
800	
801	      /**
802	       *  @brief  Subscript access to the data contained in the %vector.
803	       *  @param __n The index of the element for which data should be

Backtrace END
Memory content before bitflip:0xa50x300x000x00
Fault Model: LSB bit-flip
base address to flip value: 0x7fffffffd714
address max offset: 4
Memory content after  bitflip:0xa50x300x000x04
frame name: simulated_annealing
symbol name: t
symbol filename: knapsacksa.cpp
symbol line: 88
value: 67121317
value address: 0x7fffffffd714
Type: The type is an integer type.
Type sizeof: 4

[INFO -- 2018-12-07 23:31:31]
Fault Injection Successful after 1.6150710582733154s
[INFO -- 2018-12-07 23:31:31]
event type: exit
[INFO -- 2018-12-07 23:31:31]
exit code: 0
