[INFO -- 2018-09-24 19:29:14]
Starting flip_value script
version: 1.1
[INFO -- 2018-09-24 19:29:14]
Initialization strings:
[INFO -- 2018-09-24 19:29:14]
(1) file /tmp/knapsack/ga
[INFO -- 2018-09-24 19:29:14]
initSignal:1
[INFO -- 2018-09-24 19:29:14]
endSignal:3.5
[INFO -- 2018-09-24 19:29:14]
faultModel:3
[INFO -- 2018-09-24 19:29:16]
Backtrace BEGIN:
#0  0x0000555555555bab in std::vector<int, std::allocator<int> >::operator[] (this=0x555555789d70, __n=182) at /usr/include/c++/7/bits/stl_vector.h:799
#1  0x0000555555554f0a in cost (solution=std::vector of length 200, capacity 200 = {...}) at knapsackga.cpp:26
#2  0x0000555555555654 in genetic_algorithm () at knapsackga.cpp:112
#3  0x00005555555558d7 in main () at knapsackga.cpp:137

794	      reference
795	      operator[](size_type __n) _GLIBCXX_NOEXCEPT
796	      {
797		__glibcxx_requires_subscript(__n);
798		return *(this->_M_impl._M_start + __n);
799	      }
800	
801	      /**
802	       *  @brief  Subscript access to the data contained in the %vector.
803	       *  @param __n The index of the element for which data should be

Backtrace END
Memory content before bitflip:0x330x4b0x080x00
Fault Model: Zero bit-flip
base address to flip value: 0x7fffffffd884
address max offset: 4
Memory content after  bitflip:0x000x000x000x00
frame name: cost
symbol name: peso
symbol filename: knapsackga.cpp
symbol line: 24
value: 0
value address: 0x7fffffffd884
Type: The type is an integer type.
Type sizeof: 4

[INFO -- 2018-09-24 19:29:16]
Fault Injection Successful after 2.1716651916503906s
[INFO -- 2018-09-24 19:29:18]
event type: exit
[INFO -- 2018-09-24 19:29:18]
exit code: 0
