[INFO -- 2018-12-08 20:05:37]
Starting flip_value script
version: 1.1
[INFO -- 2018-12-08 20:05:37]
Initialization strings:
[INFO -- 2018-12-08 20:05:37]
(1) file /tmp/knapsack/ga
[INFO -- 2018-12-08 20:05:37]
initSignal:1
[INFO -- 2018-12-08 20:05:37]
endSignal:8
[INFO -- 2018-12-08 20:05:37]
faultModel:2
[EXCEPTION -- 2018-12-08 20:05:39]
pythonException: Unable to exit loop in struct fields; Exiting wihtout making a bit flip
[INFO -- 2018-12-08 20:05:39]
Backtrace BEGIN:
#0  0x00005555555597b6 in std::swap<int*> (__a=@0x55555578af70: 0x0, __b=@0x555555787860: 0x555555784f00) at /usr/include/c++/7/bits/move.h:198
#1  0x000055555555872f in std::_Vector_base<int, std::allocator<int> >::_Vector_impl::_M_swap_data (this=0x55555578af70, __x=...) at /usr/include/c++/7/bits/stl_vector.h:105
#2  0x00005555555572a1 in std::_Vector_base<int, std::allocator<int> >::_Vector_base (this=0x55555578af70, __x=...) at /usr/include/c++/7/bits/stl_vector.h:146
#3  0x0000555555556256 in std::vector<int, std::allocator<int> >::vector (this=0x55555578af70, __x=...) at /usr/include/c++/7/bits/stl_vector.h:345
#4  0x00005555555594e9 in chromossome::chromossome (this=0x55555578af70) at knapsackga.cpp:63
#5  0x000055555555ad84 in std::_Construct<chromossome, chromossome> (__p=0x55555578af70, __args#0=...) at /usr/include/c++/7/bits/stl_construct.h:75
#6  0x000055555555a6c8 in std::__uninitialized_copy<false>::__uninit_copy<std::move_iterator<chromossome*>, chromossome*> (__first=..., __last=..., __result=0x55555578ac50) at /usr/include/c++/7/bits/stl_uninitialized.h:83
#7  0x0000555555559d49 in std::uninitialized_copy<std::move_iterator<chromossome*>, chromossome*> (__first=..., __last=..., __result=0x55555578ac50) at /usr/include/c++/7/bits/stl_uninitialized.h:134
#8  0x0000555555559304 in std::__uninitialized_copy_a<std::move_iterator<chromossome*>, chromossome*, chromossome> (__first=..., __last=..., __result=0x55555578ac50) at /usr/include/c++/7/bits/stl_uninitialized.h:289
#9  0x0000555555558367 in std::__uninitialized_move_if_noexcept_a<chromossome*, chromossome*, std::allocator<chromossome> > (__first=0x555555787540, __last=0x555555787940, __result=0x55555578ac50, __alloc=...) at /usr/include/c++/7/bits/stl_uninitialized.h:312
#10 0x0000555555556e76 in std::vector<chromossome, std::allocator<chromossome> >::_M_realloc_insert<chromossome const&> (this=0x7fffffffd8a0, __position={solution = std::vector of length 204, capacity 1073741824 = {<error reading variable>, __args#0=...) at /usr/include/c++/7/bits/vector.tcc:424
#11 0x0000555555556012 in std::vector<chromossome, std::allocator<chromossome> >::push_back (this=0x7fffffffd8a0, __x=...) at /usr/include/c++/7/bits/stl_vector.h:948
#12 0x0000555555555731 in genetic_algorithm () at knapsackga.cpp:132
#13 0x0000555555555b6c in main () at knapsackga.cpp:165

193	#endif
194	    {
195	      // concept requirements
196	      __glibcxx_function_requires(_SGIAssignableConcept<_Tp>)
197	
198	      _Tp __tmp = _GLIBCXX_MOVE(__a);
199	      __a = _GLIBCXX_MOVE(__b);
200	      __b = _GLIBCXX_MOVE(__tmp);
201	    }
202	

Backtrace END
Memory content before bitflip:0x310xfb0x080x00
Fault Model: Random bit-flip
base address to flip value: 0x55555575f0b0 
address max offset: 4
Memory content after  bitflip:0x2c0x1f0xee0x80
frame name: std::vector<chromossome, std::allocator<chromossome> >::push_back
symbol name: W
symbol filename: knapsackga.cpp
symbol line: 18
value: -2131878100
value address: 0x55555575f0b0 <W>
Type: The type is an integer type.
Type sizeof: 4

[INFO -- 2018-12-08 20:05:39]
Fault Injection Successful after 2.8996219635009766s
[INFO -- 2018-12-08 20:05:39]
event type: exit
[INFO -- 2018-12-08 20:05:39]
exit code: 0
