[INFO -- 2018-09-23 19:29:30]
Starting flip_value script
version: 1.1
[INFO -- 2018-09-23 19:29:30]
Initialization strings:
[INFO -- 2018-09-23 19:29:30]
(1) file /tmp/knapsack/sa
[INFO -- 2018-09-23 19:29:30]
initSignal:0
[INFO -- 2018-09-23 19:29:30]
endSignal:2
[INFO -- 2018-09-23 19:29:30]
faultModel:3
[INFO -- 2018-09-23 19:29:31]
Backtrace BEGIN:
#0  0x00005555555550f2 in simulated_annealing () at knapsacksa.cpp:49
#1  0x000055555555535e in main () at knapsacksa.cpp:84

44	    //int co=0;
45	
46	    for(int t = 0; t < 1000000; t++){
47	         vector<int> s(solution);
48	         int i = rand() % n;
49	         s[i] = 1 - s[i];
50	         int c = cost(s);
51	         int delta = c - best;
52	         if(delta <= 0){
53	             solution = s;

Backtrace END
Memory content before bitflip:0x9d0x240x010x00
Fault Model: Zero bit-flip
base address to flip value: 0x7fffffffd9d4
address max offset: 4
Memory content after  bitflip:0x000x000x000x00
frame name: simulated_annealing
symbol name: t
symbol filename: knapsacksa.cpp
symbol line: 46
value: 0
value address: 0x7fffffffd9d4
Type: The type is an integer type.
Type sizeof: 4

[INFO -- 2018-09-23 19:29:31]
Fault Injection Successful after 1.2689313888549805s
[INFO -- 2018-09-23 19:29:33]
event type: exit
[INFO -- 2018-09-23 19:29:33]
exit code: 0
