[INFO -- 2018-09-25 04:02:50]
Starting flip_value script
version: 1.1
[INFO -- 2018-09-25 04:02:50]
Initialization strings:
[INFO -- 2018-09-25 04:02:50]
(1) file /tmp/knapsack/ga
[INFO -- 2018-09-25 04:02:50]
initSignal:1
[INFO -- 2018-09-25 04:02:50]
endSignal:3.5
[INFO -- 2018-09-25 04:02:50]
faultModel:4
[INFO -- 2018-09-25 04:02:52]
Backtrace BEGIN:
#0  0x00005555555551eb in crossover (pai=std::vector of length 200, capacity 200 = {...}, mae=std::vector of length 200, capacity 200 = {...}, filho1=std::vector of length 200, capacity 200 = {...}, filho2=std::vector of length 200, capacity 200 = {...}) at knapsackga.cpp:78
#1  0x000055555555548d in genetic_algorithm () at knapsackga.cpp:104
#2  0x00005555555558d7 in main () at knapsackga.cpp:137

73	    for(int i = 0; i < n; i++){
74	        mask[i] = rand_bit();
75	    }
76	    filho1 = pai;
77	    filho2 = mae;
78	    for(int i = 0; i < n; i++){
79	        if(mask[i]){
80	            swap(filho1[i], filho2[i]);  
81	        }
82	    }

Backtrace END
Fliping value of field: fitness
Memory content before bitflip:0xff0xe00xf50x05
Fault Model: LSB bit-flip
base address to flip value: 0x7fffffffda08
address max offset: 4
Memory content after  bitflip:0xff0xe00xf50x01
frame name: genetic_algorithm
symbol name: f2
symbol filename: knapsackga.cpp
symbol line: 105
value: {solution = std::vector of length 200, capacity 200 = {0, 1, 0, 0, 1, 1, 0, 0, 0, 0, 0, 0, 0, 1, 1, 1, 1, 0, 0, 1, 0, 0, 0, 0, 1, 0, 0, 1, 1, 0, 0, 0, 0, 1, 1, 0, 0, 1, 1, 1, 0, 0, 0, 0, 1, 0, 1, 0, 1, 0, 1, 1, 1, 0, 1, 1, 1, 0, 0, 1, 1, 0, 0, 0, 0, 0, 1, 0, 0, 0, 1, 0, 0, 0, 0, 1, 0, 0, 0, 1, 1, 0, 0, 1, 1, 0, 1, 0, 1, 0, 0, 1, 0, 0, 1, 0, 0, 0, 0, 0, 0, 1, 0, 1, 0, 1, 1, 1, 0, 0, 1, 0, 0, 1, 0, 1, 0, 0, 0, 1, 1, 0, 1, 0, 0, 0, 0, 0, 1, 1, 1, 1, 0, 1, 1, 0, 0, 0, 1, 0, 0, 0, 1, 0, 1, 0, 0, 0, 0, 1, 0, 0, 0, 0, 0, 0, 0, 1, 1, 1, 1, 0, 0, 0, 1, 0, 1, 0, 0, 1, 0, 0, 1, 0, 1, 0, 0, 0, 1, 0, 1, 0, 0, 1, 0, 0, 1, 1, 1, 1, 0, 0, 0, 0, 0, 0, 0, 0, 0, 1...}, fitness = 32891135}
value address: 0x7fffffffd9f0
Type: The type is a structure.
Type sizeof: 32
Field name: solution
Field Type: The type is a structure.
Field Type sizeof: 24
Field name: fitness
Field Type: The type is an integer type.
Field Type sizeof: 4

[INFO -- 2018-09-25 04:02:52]
Fault Injection Successful after 2.255739450454712s
[INFO -- 2018-09-25 04:02:54]
event type: exit
[INFO -- 2018-09-25 04:02:54]
exit code: 0
