[INFO -- 2018-12-02 06:42:19]
Starting flip_value script
version: 1.1
[INFO -- 2018-12-02 06:42:19]
Initialization strings:
[INFO -- 2018-12-02 06:42:19]
(1) file /tmp/knapsack/ga
[INFO -- 2018-12-02 06:42:19]
initSignal:0
[INFO -- 2018-12-02 06:42:19]
endSignal:13
[INFO -- 2018-12-02 06:42:19]
faultModel:4
[EXCEPTION -- 2018-12-02 06:42:23]
pythonException: Unable to exit loop in struct fields; Exiting wihtout making a bit flip
[EXCEPTION -- 2018-12-02 06:42:23]
pythonException: Unable to exit loop in struct fields; Exiting wihtout making a bit flip
[INFO -- 2018-12-02 06:42:27]
Backtrace BEGIN:
#0  0x00007ffff7494b82 in __random_r (buf=buf@entry=0x7ffff7832720 <unsafe_state>, result=result@entry=0x7fffffffd8e4) at random_r.c:376
#1  0x00007ffff7494a22 in __random () at random.c:293
#2  0x00007ffff7494ea9 in rand () at rand.c:27
#3  0x00005555555556cf in genetic_algorithm () at knapsackga.cpp:111
#4  0x0000555555555aab in main () at knapsackga.cpp:143

371	random_r.c: No such file or directory.

Backtrace END
Memory content before bitflip:0x370x410xf80xff
Fault Model: LSB bit-flip
base address to flip value: 0x7fffffffd920
address max offset: 4
Memory content after  bitflip:0x370x410xf80xbf
frame name: genetic_algorithm
symbol name: best
symbol filename: knapsackga.cpp
symbol line: 92
value: -1074249417
value address: 0x7fffffffd920
Type: The type is an integer type.
Type sizeof: 4

[INFO -- 2018-12-02 06:42:27]
Fault Injection Successful after 8.360557556152344s
[INFO -- 2018-12-02 06:42:32]
event type: exit
[INFO -- 2018-12-02 06:42:32]
exit code: 0
