[INFO -- 2018-12-01 13:08:35]
Starting flip_value script
version: 1.1
[INFO -- 2018-12-01 13:08:35]
Initialization strings:
[INFO -- 2018-12-01 13:08:35]
(1) file /tmp/knapsack/ga
[INFO -- 2018-12-01 13:08:35]
initSignal:0
[INFO -- 2018-12-01 13:08:35]
endSignal:13
[INFO -- 2018-12-01 13:08:35]
faultModel:3
[INFO -- 2018-12-01 13:08:37]
Backtrace BEGIN:
#0  __memmove_sse2_unaligned_erms () at ../sysdeps/x86_64/multiarch/memmove-vec-unaligned-erms.S:524
#1  0x000055555555a35e in std::__copy_move<false, true, std::random_access_iterator_tag>::__copy_m<int> (__first=0x555555780520, __last=0x555555780840, __result=0x555555780eb0) at /usr/include/c++/7/bits/stl_algobase.h:368
#2  0x0000555555559880 in std::__copy_move_a<false, int const*, int*> (__first=0x555555780520, __last=0x555555780840, __result=0x555555780eb0) at /usr/include/c++/7/bits/stl_algobase.h:386
#3  0x000055555555ab2f in std::__copy_move_a2<false, __gnu_cxx::__normal_iterator<int const*, std::vector<int, std::allocator<int> > >, int*> (__first=0, __last=816, __result=0x555555780eb0) at /usr/include/c++/7/bits/stl_algobase.h:424
#4  0x000055555555a264 in std::copy<__gnu_cxx::__normal_iterator<int const*, std::vector<int, std::allocator<int> > >, int*> (__first=0, __last=816, __result=0x555555780eb0) at /usr/include/c++/7/bits/stl_algobase.h:456
#5  0x000055555555971c in std::__uninitialized_copy<true>::__uninit_copy<__gnu_cxx::__normal_iterator<int const*, std::vector<int, std::allocator<int> > >, int*> (__first=0, __last=816, __result=0x555555780eb0) at /usr/include/c++/7/bits/stl_uninitialized.h:101
#6  0x0000555555558692 in std::uninitialized_copy<__gnu_cxx::__normal_iterator<int const*, std::vector<int, std::allocator<int> > >, int*> (__first=0, __last=816, __result=0x555555780eb0) at /usr/include/c++/7/bits/stl_uninitialized.h:134
#7  0x0000555555557223 in std::__uninitialized_copy_a<__gnu_cxx::__normal_iterator<int const*, std::vector<int, std::allocator<int> > >, int*, int> (__first=0, __last=816, __result=0x555555780eb0) at /usr/include/c++/7/bits/stl_uninitialized.h:289
#8  0x0000555555556161 in std::vector<int, std::allocator<int> >::vector (this=0x7fffffffd940, __x=std::vector of length 200, capacity 200 = {...}) at /usr/include/c++/7/bits/stl_vector.h:331
#9  0x00005555555551ab in tournament (pop=std::vector of length 40, capacity 64 = {...}) at knapsackga.cpp:67
#10 0x0000555555555581 in genetic_algorithm () at knapsackga.cpp:103
#11 0x0000555555555a9b in main () at knapsackga.cpp:141

519	../sysdeps/x86_64/multiarch/memmove-vec-unaligned-erms.S: No such file or directory.

Backtrace END
Memory content before bitflip:0x310xfb0x080x00
Fault Model: Zero bit-flip
base address to flip value: 0x55555575f17c 
address max offset: 4
Memory content after  bitflip:0x000x000x000x00
frame name: std::__copy_move_a<false, int const*, int*>
symbol name: W
symbol filename: knapsackga.cpp
symbol line: 16
value: 0
value address: 0x55555575f17c <W>
Type: The type is an integer type.
Type sizeof: 4

[INFO -- 2018-12-01 13:08:37]
Fault Injection Successful after 2.327129602432251s
[INFO -- 2018-12-01 13:08:48]
event type: exit
[INFO -- 2018-12-01 13:08:48]
exit code: 0
