[INFO -- 2018-12-08 17:29:08]
Starting flip_value script
version: 1.1
[INFO -- 2018-12-08 17:29:08]
Initialization strings:
[INFO -- 2018-12-08 17:29:08]
(1) file /tmp/knapsack/sa
[INFO -- 2018-12-08 17:29:08]
initSignal:0
[INFO -- 2018-12-08 17:29:08]
endSignal:9
[INFO -- 2018-12-08 17:29:08]
faultModel:0
[INFO -- 2018-12-08 17:29:10]
Backtrace BEGIN:
#0  0x0000555555555861 in std::vector<int, std::allocator<int> >::operator[] (this=0x555555759060 <val2>, __n=149) at /usr/include/c++/7/bits/stl_vector.h:798
#1  0x00005555555551dd in cost (solution=std::vector of length 200, capacity 200 = {...}) at knapsacksa.cpp:63
#2  0x000055555555534c in simulated_annealing () at knapsacksa.cpp:92
#3  0x0000555555555658 in main () at knapsacksa.cpp:146

793	       */
794	      reference
795	      operator[](size_type __n) _GLIBCXX_NOEXCEPT
796	      {
797		__glibcxx_requires_subscript(__n);
798		return *(this->_M_impl._M_start + __n);
799	      }
800	
801	      /**
802	       *  @brief  Subscript access to the data contained in the %vector.

Backtrace END
Fliping value of field: std::_Vector_base<int, std::allocator<int> >
Fliping value of field: _M_impl
Fliping value of field: _M_end_of_storage
Fliping a bit of the pointer
Memory content before bitflip:0xe00x2a0x770x550x550x550x000x00
Fault Model: Single bit-flip
base address to flip value: 0x7fffffffd750
address max offset: 8
Memory content after  bitflip:0xe00x2a0x7f0x550x550x550x000x00
frame name: simulated_annealing
symbol name: s
symbol filename: knapsacksa.cpp
symbol line: 89
value: std::vector of length 200, capacity 131272 = {0, 0, 1, 0, 0, 1, 0, 0, 0, 1, 0, 1, 0, 0, 0, 1, 0, 0, 0, 0, 0, 0, 1, 0, 1, 0, 1, 0, 1, 1, 0, 0, 1, 0, 0, 0, 1, 1, 0, 0, 1, 0, 0, 1, 1, 1, 1, 0, 1, 0, 1, 1, 1, 1, 1, 1, 1, 0, 0, 1, 0, 0, 0, 0, 1, 0, 1, 0, 0, 1, 1, 1, 1, 1, 0, 1, 1, 0, 1, 1, 0, 1, 0, 1, 1, 1, 0, 0, 0, 1, 1, 1, 1, 1, 0, 0, 1, 0, 0, 1, 0, 0, 0, 0, 1, 1, 0, 1, 0, 0, 0, 1, 1, 1, 0, 0, 0, 1, 0, 0, 0, 0, 0, 1, 1, 1, 1, 0, 0, 1, 0, 0, 1, 0, 0, 0, 0, 1, 1, 1, 1, 1, 1, 1, 0, 0, 1, 1, 0, 0, 0, 0, 1, 1, 1, 1, 0, 1, 0, 0, 1, 0, 1, 1, 1, 0, 1, 0, 0, 0, 0, 0, 1, 0, 1, 0, 0, 0, 0, 1, 0, 0, 1, 0, 0, 0, 0, 1, 1, 1, 1, 1, 1, 0, 1, 1, 0, 0, 0, 0...}
value address: 0x7fffffffd740
Type: The type is a structure.
Type sizeof: 24
Field name: std::_Vector_base<int, std::allocator<int> >
Field Type: The type is a structure.
Field Type sizeof: 24

[INFO -- 2018-12-08 17:29:10]
Fault Injection Successful after 2.522968053817749s
[INFO -- 2018-12-08 17:29:18]
event type: exit
[INFO -- 2018-12-08 17:29:18]
exit code: 0
