[INFO -- 2018-09-23 15:02:38]
Starting flip_value script
version: 1.1
[INFO -- 2018-09-23 15:02:38]
Initialization strings:
[INFO -- 2018-09-23 15:02:38]
(1) file /tmp/knapsack/sa
[INFO -- 2018-09-23 15:02:38]
initSignal:0
[INFO -- 2018-09-23 15:02:38]
endSignal:2
[INFO -- 2018-09-23 15:02:38]
faultModel:0
[INFO -- 2018-09-23 15:02:38]
Backtrace BEGIN:
#0  dl_main (phdr=<optimized out>, phnum=<optimized out>, user_entry=<optimized out>, auxv=<optimized out>) at rtld.c:2286
#1  0x00007ffff7df015a in _dl_sysdep_start (start_argptr=start_argptr@entry=0x7fffffffdf80, dl_main=dl_main@entry=0x7ffff7dd73d0 <dl_main>) at ../elf/dl-sysdep.c:253
#2  0x00007ffff7dd6e88 in _dl_start_final (arg=0x7fffffffdf80) at rtld.c:414
#3  _dl_start (arg=0x7fffffffdf80) at rtld.c:520
#4  0x00007ffff7dd5ea8 in _start () from /lib64/ld-linux-x86-64.so.2
#5  0x0000000000000001 in ?? ()
#6  0x00007fffffffe2f7 in ?? ()
#7  0x0000000000000000 in ?? ()

2281	rtld.c: No such file or directory.

Backtrace END
Fliping array at pos: 11
Memory content before bitflip:0x70
Fault Model: Single bit-flip
base address to flip value: 0x7ffff7df922b  
address max offset: 1
Memory content after  bitflip:0x30
frame name: dl_main
symbol name: preload_file
symbol filename: rtld.c
symbol line: 1629
value: "/etc/ld.so.0reload"
value address: 0x7ffff7df9220 <preload_file>
Type: The type is an array.
Type sizeof: 19
Field name: None
Field Type: A range type, that is, an integer type with bounds.
Field Type sizeof: 8
Field Type range: (0, 18)

[INFO -- 2018-09-23 15:02:38]
Fault Injection Successful after 0.3760838508605957s
[INFO -- 2018-09-23 15:02:40]
event type: exit
[INFO -- 2018-09-23 15:02:40]
exit code: 0
