[INFO -- 2018-12-07 22:29:09]
Starting flip_value script
version: 1.1
[INFO -- 2018-12-07 22:29:09]
Initialization strings:
[INFO -- 2018-12-07 22:29:09]
(1) file /tmp/knapsack/ga
[INFO -- 2018-12-07 22:29:09]
initSignal:1
[INFO -- 2018-12-07 22:29:09]
endSignal:8
[INFO -- 2018-12-07 22:29:09]
faultModel:2
[EXCEPTION -- 2018-12-07 22:29:13]
pythonException: empty range for randrange() (0,0, 0)
[EXCEPTION -- 2018-12-07 22:29:13]
pythonException: empty range for randrange() (0,0, 0)
[EXCEPTION -- 2018-12-07 22:29:13]
pythonException: empty range for randrange() (0,0, 0)
[INFO -- 2018-12-07 22:29:13]
event type: exit
[EXCEPTION -- 2018-12-07 22:29:13]
exit code: no exit code available
