[INFO -- 2018-12-08 12:57:30]
Starting flip_value script
version: 1.1
[INFO -- 2018-12-08 12:57:30]
Initialization strings:
[INFO -- 2018-12-08 12:57:30]
(1) file /tmp/knapsack/sa
[INFO -- 2018-12-08 12:57:30]
initSignal:0
[INFO -- 2018-12-08 12:57:30]
endSignal:9
[INFO -- 2018-12-08 12:57:30]
faultModel:4
[INFO -- 2018-12-08 12:57:32]
Backtrace BEGIN:
#0  0x0000555555555861 in std::vector<int, std::allocator<int> >::operator[] (this=0x555555759060 <val2>, __n=163) at /usr/include/c++/7/bits/stl_vector.h:798
#1  0x00005555555551dd in cost (solution=std::vector of length 200, capacity 200 = {...}) at knapsacksa.cpp:63
#2  0x000055555555534c in simulated_annealing () at knapsacksa.cpp:92
#3  0x0000555555555658 in main () at knapsacksa.cpp:146

793	       */
794	      reference
795	      operator[](size_type __n) _GLIBCXX_NOEXCEPT
796	      {
797		__glibcxx_requires_subscript(__n);
798		return *(this->_M_impl._M_start + __n);
799	      }
800	
801	      /**
802	       *  @brief  Subscript access to the data contained in the %vector.

Backtrace END
Fliping a bit of the pointer
Memory content before bitflip:0x600x900x750x550x550x550x000x00
Fault Model: LSB bit-flip
base address to flip value: 0x7fffffffd678
address max offset: 8
Memory content after  bitflip:0x600x900x750x550x550x550x000x04
frame name: std::vector<int, std::allocator<int> >::operator[]
symbol name: this
symbol filename: knapsacksa.cpp
symbol line: 0
value: 0x555555759060 <val2>
value address: 0x7fffffffd678
Type: The type is a pointer.
Type sizeof: 8

[INFO -- 2018-12-08 12:57:32]
Fault Injection Successful after 2.197391986846924s
[INFO -- 2018-12-08 12:57:40]
event type: exit
[INFO -- 2018-12-08 12:57:40]
exit code: 0
