[INFO -- 2018-12-08 09:37:34]
sending 5 signals using command: 'killall -2 mf' after 1.89957452103s
[INFO -- 2018-12-08 09:37:34]
sending 5 signals using command: 'killall -2 mf' after 1.99614586528s
[INFO -- 2018-12-08 09:37:35]
sending 5 signals using command: 'killall -2 mf' after 2.65293653411s
[INFO -- 2018-12-08 09:37:35]
Starting GDB script
[INFO -- 2018-12-08 09:37:35]
initSignal:1.0
[INFO -- 2018-12-08 09:37:35]
endSignal:3.0
[INFO -- 2018-12-08 09:37:36]
sending 5 signals using command: 'killall -2 mf' after 1.24101637723s
[INFO -- 2018-12-08 09:37:36]
sending 5 signals using command: 'killall -2 mf' after 1.65653200197s
[INFO -- 2018-12-08 09:37:37]
sending 5 signals using command: 'killall -2 mf' after 2.45005632952s
[INFO -- 2018-12-08 09:37:41]
Execution finished before waitTime
