[INFO -- 2018-12-01 10:40:47]
Starting flip_value script
version: 1.1
[INFO -- 2018-12-01 10:40:47]
Initialization strings:
[INFO -- 2018-12-01 10:40:47]
(1) file /tmp/knapsack/ga
[INFO -- 2018-12-01 10:40:47]
initSignal:0
[INFO -- 2018-12-01 10:40:47]
endSignal:13
[INFO -- 2018-12-01 10:40:47]
faultModel:4
[INFO -- 2018-12-01 10:40:51]
Backtrace BEGIN:
#0  0x0000555555556221 in std::allocator<int>::~allocator (this=0x555555557316 <std::_Vector_base<int, std::allocator<int> >::_M_deallocate(int*, unsigned long)+50>, __in_chrg=<optimized out>) at /usr/include/c++/7/bits/allocator.h:139
#1  0x0000555555556af2 in std::_Vector_base<int, std::allocator<int> >::_Vector_impl::~_Vector_impl (this=0x7fffffffd900, __in_chrg=<optimized out>) at /usr/include/c++/7/bits/stl_vector.h:81
#2  0x0000555555556b5f in std::_Vector_base<int, std::allocator<int> >::~_Vector_base (this=0x7fffffffd900, __in_chrg=<optimized out>) at /usr/include/c++/7/bits/stl_vector.h:163
#3  0x0000555555555e7d in std::vector<int, std::allocator<int> >::~vector (this=0x7fffffffd900, __in_chrg=<optimized out>) at /usr/include/c++/7/bits/stl_vector.h:435
#4  0x000055555555565e in genetic_algorithm () at knapsackga.cpp:101
#5  0x0000555555555a9b in main () at knapsackga.cpp:141

134	      : __allocator_base<_Tp>(__a) { }
135	
136	      template<typename _Tp1>
137		allocator(const allocator<_Tp1>&) throw() { }
138	
139	      ~allocator() throw() { }
140	
141	      // Inherit everything else.
142	    };
143	

Backtrace END
Memory content before bitflip:0xbc0x0c0xaa0xf7
Fault Model: LSB bit-flip
base address to flip value: 0x7fffffffd9d8
address max offset: 4
Memory content after  bitflip:0xbc0x0c0xaa0xb7
frame name: main
symbol name: result1
symbol filename: knapsackga.cpp
symbol line: 141
value: -1213592388
value address: 0x7fffffffd9d8
Type: The type is an integer type.
Type sizeof: 4

[INFO -- 2018-12-01 10:40:51]
Fault Injection Successful after 4.995499849319458s
[INFO -- 2018-12-01 10:40:59]
event type: exit
[INFO -- 2018-12-01 10:40:59]
exit code: 0
