[INFO -- 2018-12-08 20:23:07]
Starting flip_value script
version: 1.1
[INFO -- 2018-12-08 20:23:07]
Initialization strings:
[INFO -- 2018-12-08 20:23:07]
(1) file /tmp/knapsack/ga
[INFO -- 2018-12-08 20:23:07]
initSignal:1
[INFO -- 2018-12-08 20:23:07]
endSignal:8
[INFO -- 2018-12-08 20:23:07]
faultModel:2
[EXCEPTION -- 2018-12-08 20:23:09]
pythonException: Unable to exit loop in struct fields; Exiting wihtout making a bit flip
[INFO -- 2018-12-08 20:23:09]
Backtrace BEGIN:
#0  0x0000555555555e7a in std::vector<int, std::allocator<int> >::operator[] (this=0x55555578adf0, __n=89) at /usr/include/c++/7/bits/stl_vector.h:795
#1  0x0000555555555091 in cost (solution=std::vector of length 200, capacity 200 = {...}) at knapsackga.cpp:40
#2  0x000055555555589e in genetic_algorithm () at knapsackga.cpp:138
#3  0x0000555555555b6c in main () at knapsackga.cpp:165

790	       *  Note that data access with this operator is unchecked and
791	       *  out_of_range lookups are not defined. (For checked lookups
792	       *  see at().)
793	       */
794	      reference
795	      operator[](size_type __n) _GLIBCXX_NOEXCEPT
796	      {
797		__glibcxx_requires_subscript(__n);
798		return *(this->_M_impl._M_start + __n);
799	      }

Backtrace END
Memory content before bitflip:0x6a0x060x000x00
Fault Model: Random bit-flip
base address to flip value: 0x7fffffffd874
address max offset: 4
Memory content after  bitflip:0xa60xbc0x610x6a
frame name: genetic_algorithm
symbol name: g
symbol filename: knapsackga.cpp
symbol line: 116
value: 1784790182
value address: 0x7fffffffd874
Type: The type is an integer type.
Type sizeof: 4

[INFO -- 2018-12-08 20:23:09]
Fault Injection Successful after 2.6969001293182373s
[INFO -- 2018-12-08 20:23:09]
event type: exit
[INFO -- 2018-12-08 20:23:09]
exit code: 0
