[INFO -- 2018-09-21 20:46:06]
Starting flip_value script
version: 1.1
[INFO -- 2018-09-21 20:46:06]
Initialization strings:
[INFO -- 2018-09-21 20:46:06]
(1) file /tmp/knapsack/dp
[INFO -- 2018-09-21 20:46:06]
initSignal:1
[INFO -- 2018-09-21 20:46:06]
endSignal:3
[INFO -- 2018-09-21 20:46:06]
faultModel:2
[INFO -- 2018-09-21 20:46:07]
Backtrace BEGIN:
#0  0x0000555555555745 in std::vector<int, std::allocator<int> >::operator[] (this=0x7fffffffda30, __n=29) at /usr/include/c++/7/bits/stl_vector.h:798
#1  0x000055555555505e in knapSack (W=588593, n=200, val=std::vector of length 200, capacity 256 = {...}, wt=std::vector of length 200, capacity 256 = {...}) at knapsackdp.cpp:24
#2  0x0000555555555375 in main () at knapsackdp.cpp:54

793	       */
794	      reference
795	      operator[](size_type __n) _GLIBCXX_NOEXCEPT
796	      {
797		__glibcxx_requires_subscript(__n);
798		return *(this->_M_impl._M_start + __n);
799	      }
800	
801	      /**
802	       *  @brief  Subscript access to the data contained in the %vector.

Backtrace END
Memory content before bitflip:0x1d0x000x000x000x000x000x000x00
Fault Model: Random bit-flip
base address to flip value: 0x7fffffffd930
address max offset: 8
Memory content after  bitflip:0x530x9e0x320xb70xd90x430x480x04
frame name: std::vector<int, std::allocator<int> >::operator[]
symbol name: __n
symbol filename: /usr/include/c++/7/bits/stl_vector.h
symbol line: 795
value: 308571176835391059
value address: 0x7fffffffd930
Type: The type is an integer type.
Type sizeof: 8

[INFO -- 2018-09-21 20:46:07]
Fault Injection Successful after 1.7891616821289062s
[INFO -- 2018-09-21 20:46:10]
event type: exit
[INFO -- 2018-09-21 20:46:10]
exit code: 0
