[INFO -- 2018-12-01 09:06:40]
Starting flip_value script
version: 1.1
[INFO -- 2018-12-01 09:06:40]
Initialization strings:
[INFO -- 2018-12-01 09:06:40]
(1) file /tmp/knapsack/mf
[INFO -- 2018-12-01 09:06:40]
initSignal:0
[INFO -- 2018-12-01 09:06:40]
endSignal:12
[INFO -- 2018-12-01 09:06:40]
faultModel:1
[EXCEPTION -- 2018-12-01 09:06:46]
pythonException: empty range for randrange() (0,0, 0)
[EXCEPTION -- 2018-12-01 09:06:46]
gdbException: Cannot access memory at address 0x5555553ee220
[EXCEPTION -- 2018-12-01 09:06:46]
gdbException: Cannot access memory at address 0x5c5555770fc0
[INFO -- 2018-12-01 09:06:46]
event type: exit
[EXCEPTION -- 2018-12-01 09:06:46]
exit code: no exit code available
