[INFO -- 2018-09-23 22:28:08]
Starting flip_value script
version: 1.1
[INFO -- 2018-09-23 22:28:08]
Initialization strings:
[INFO -- 2018-09-23 22:28:08]
(1) file /tmp/knapsack/ga
[INFO -- 2018-09-23 22:28:08]
initSignal:1
[INFO -- 2018-09-23 22:28:08]
endSignal:3.5
[INFO -- 2018-09-23 22:28:08]
faultModel:4
[INFO -- 2018-09-23 22:28:09]
Backtrace BEGIN:
#0  0x0000555555557e6a in __gnu_cxx::new_allocator<chromossome>::construct<chromossome, chromossome const&> (this=0x7fffffffd870, __p=0x555555776490, __args#0=...) at /usr/include/c++/7/ext/new_allocator.h:136
#1  0x0000555555556a90 in std::allocator_traits<std::allocator<chromossome> >::construct<chromossome, chromossome const&> (__a=..., __p=0x555555776490, __args#0=...) at /usr/include/c++/7/bits/alloc_traits.h:475
#2  0x0000555555556b50 in std::vector<chromossome, std::allocator<chromossome> >::_M_realloc_insert<chromossome const&> (this=0x7fffffffd870, __position={solution = std::vector of length 36, capacity 0 = {<error reading variable>, __args#0=...) at /usr/include/c++/7/bits/vector.tcc:415
#3  0x0000555555555d28 in std::vector<chromossome, std::allocator<chromossome> >::push_back (this=0x7fffffffd870, __x=...) at /usr/include/c++/7/bits/stl_vector.h:948
#4  0x000055555555502c in tournament (pop=std::vector of length 40, capacity 64 = {...}) at knapsackga.cpp:63
#5  0x0000555555555409 in genetic_algorithm () at knapsackga.cpp:102
#6  0x00005555555558d7 in main () at knapsackga.cpp:137

131	
132	#if __cplusplus >= 201103L
133	      template<typename _Up, typename... _Args>
134		void
135		construct(_Up* __p, _Args&&... __args)
136		{ ::new((void *)__p) _Up(std::forward<_Args>(__args)...); }
137	
138	      template<typename _Up>
139		void
140		destroy(_Up* __p) { __p->~_Up(); }

Backtrace END
Memory content before bitflip:0x020x000x000x000x000x000x000x00
Fault Model: LSB bit-flip
base address to flip value: 0x7fffffffd7f8
address max offset: 8
Memory content after  bitflip:0x020x000x000x000x000x000x000x08
frame name: std::vector<chromossome, std::allocator<chromossome> >::_M_realloc_insert<chromossome const&>
symbol name: __elems_before
symbol filename: /usr/include/c++/7/bits/vector.tcc
symbol line: 405
value: 576460752303423490
value address: 0x7fffffffd7f8
Type: The type is an integer type.
Type sizeof: 8

[INFO -- 2018-09-23 22:28:09]
Fault Injection Successful after 1.7187609672546387s
[INFO -- 2018-09-23 22:28:12]
event type: exit
[INFO -- 2018-09-23 22:28:12]
exit code: 0
