[INFO -- 2018-09-23 15:29:36]
Starting flip_value script
version: 1.1
[INFO -- 2018-09-23 15:29:36]
Initialization strings:
[INFO -- 2018-09-23 15:29:36]
(1) file /tmp/knapsack/sa
[INFO -- 2018-09-23 15:29:36]
initSignal:0
[INFO -- 2018-09-23 15:29:36]
endSignal:2
[INFO -- 2018-09-23 15:29:36]
faultModel:2
[EXCEPTION -- 2018-09-23 15:29:36]
pythonException: Unable to exit loop in struct fields; Exiting wihtout making a bit flip
[INFO -- 2018-09-23 15:29:36]
Backtrace BEGIN:
#0  0x0000555555554f9a in cost (solution=std::vector of length 200, capacity 200 = {...}) at knapsacksa.cpp:28
#1  0x000055555555511f in simulated_annealing () at knapsacksa.cpp:50
#2  0x000055555555535e in main () at knapsacksa.cpp:84

23	}
24	
25	int cost(vector<int> &solution){
26	    int peso=0, valor=0;
27	    for(int i=0; i < n; i++){
28	       peso += solution[i] * wt[i];
29	       valor += solution[i] * val[i];
30	    }
31	    if(peso > W)
32	       return 99999999;

Backtrace END
Memory content before bitflip:0x310xfb0x080x00
Fault Model: Random bit-flip
base address to flip value: 0x55555575906c 
address max offset: 4
Memory content after  bitflip:0x920xa80x6f0x7d
frame name: simulated_annealing
symbol name: W
symbol filename: knapsacksa.cpp
symbol line: 15
value: 2104469650
value address: 0x55555575906c <W>
Type: The type is an integer type.
Type sizeof: 4

[INFO -- 2018-09-23 15:29:36]
Fault Injection Successful after 0.7558660507202148s
[INFO -- 2018-09-23 15:29:38]
event type: exit
[INFO -- 2018-09-23 15:29:38]
exit code: 0
