[INFO -- 2018-09-23 14:51:40]
Starting flip_value script
version: 1.1
[INFO -- 2018-09-23 14:51:40]
Initialization strings:
[INFO -- 2018-09-23 14:51:40]
(1) file /tmp/knapsack/sa
[INFO -- 2018-09-23 14:51:40]
initSignal:0
[INFO -- 2018-09-23 14:51:40]
endSignal:2
[INFO -- 2018-09-23 14:51:40]
faultModel:0
[INFO -- 2018-09-23 14:51:41]
Backtrace BEGIN:
#0  0x00005555555550f2 in simulated_annealing () at knapsacksa.cpp:49
#1  0x000055555555535e in main () at knapsacksa.cpp:84

44	    //int co=0;
45	
46	    for(int t = 0; t < 1000000; t++){
47	         vector<int> s(solution);
48	         int i = rand() % n;
49	         s[i] = 1 - s[i];
50	         int c = cost(s);
51	         int delta = c - best;
52	         if(delta <= 0){
53	             solution = s;

Backtrace END
Fliping value of field: std::_Vector_base<int, std::allocator<int> >
Fliping value of field: _M_impl
Fliping value of field: _M_start
Fliping a bit of the value pointed by a pointer
Memory content before bitflip:0x000x000x000x00
Fault Model: Single bit-flip
base address to flip value: 0x5555557713d0
address max offset: 4
Memory content after  bitflip:0x000x000x000x04
frame name: simulated_annealing
symbol name: solution
symbol filename: knapsacksa.cpp
symbol line: 38
value: std::vector of length 200, capacity 200 = {67108864, 0, 0, 0, 1, 0, 0, 1, 1, 1, 0, 0, 1, 1, 1, 1, 0, 1, 1, 0, 1, 0, 0, 0, 0, 1, 1, 1, 1, 0, 0, 1, 0, 0, 1, 0, 0, 1, 0, 0, 1, 1, 1, 1, 0, 0, 0, 0, 0, 0, 0, 0, 1, 1, 0, 0, 1, 1, 1, 1, 0, 0, 0, 0, 0, 1, 1, 0, 0, 0, 0, 0, 1, 0, 0, 1, 1, 0, 0, 0, 0, 0, 1, 0, 1, 0, 0, 1, 0, 1, 1, 1, 0, 0, 0, 1, 1, 0, 1, 1, 1, 1, 0, 1, 1, 1, 0, 1, 0, 0, 0, 1, 1, 1, 1, 1, 1, 1, 0, 0, 0, 1, 1, 1, 1, 1, 1, 0, 1, 0, 1, 0, 0, 1, 1, 0, 0, 0, 0, 0, 1, 1, 1, 1, 1, 0, 0, 0, 0, 0, 1, 0, 0, 0, 0, 1, 0, 1, 1, 1, 0, 1, 0, 1, 1, 1, 1, 1, 1, 1, 1, 0, 1, 1, 0, 1, 0, 1, 0, 1, 0, 0, 1, 0, 0, 0, 0, 1, 1, 0, 0, 1, 0, 1, 1, 0, 0, 0, 0, 0...}
value address: 0x7fffffffda10
Type: The type is a structure.
Type sizeof: 24
Field name: std::_Vector_base<int, std::allocator<int> >
Field Type: The type is a structure.
Field Type sizeof: 24

[INFO -- 2018-09-23 14:51:41]
Fault Injection Successful after 1.2087571620941162s
[INFO -- 2018-09-23 14:51:42]
event type: exit
[INFO -- 2018-09-23 14:51:42]
exit code: 0
