[INFO -- 2018-11-30 02:53:48]
Starting flip_value script
version: 1.1
[INFO -- 2018-11-30 02:53:48]
Initialization strings:
[INFO -- 2018-11-30 02:53:48]
(1) file /tmp/knapsack/sa
[INFO -- 2018-11-30 02:53:48]
initSignal:0
[INFO -- 2018-11-30 02:53:48]
endSignal:7
[INFO -- 2018-11-30 02:53:48]
faultModel:0
[INFO -- 2018-11-30 02:53:51]
Backtrace BEGIN:
#0  0x00005555555550c7 in cost (solution=std::vector of length 200, capacity 200 = {...}) at knapsacksa.cpp:28
#1  0x0000555555555259 in simulated_annealing () at knapsacksa.cpp:52
#2  0x0000555555555522 in main () at knapsacksa.cpp:85

23	}
24	
25	int cost(vector<int> &solution){
26	    int peso=0, valor=0;
27	    for(int i=0; i < n; i++){
28	       peso += solution[i] * wt[i];
29	       valor += solution[i] * val[i];
30	    }
31	    if(peso > W)
32	       return 99999999;

Backtrace END
Fliping value of field: std::_Vector_base<int, std::allocator<int> >
Fliping value of field: _M_impl
Fliping value of field: _M_start
Fliping a bit of the value pointed by a pointer
Memory content before bitflip:0x010x000x000x00
Fault Model: Single bit-flip
base address to flip value: 0x55555576e610
address max offset: 4
Memory content after  bitflip:0x010x000x000x10
frame name: simulated_annealing
symbol name: s
symbol filename: knapsacksa.cpp
symbol line: 49
value: std::vector of length 200, capacity 200 = {268435457, 0, 0, 1, 0, 0, 0, 1, 0, 1, 1, 1, 0, 1, 1, 1, 1, 1, 1, 0, 1, 1, 1, 1, 0, 0, 0, 1, 1, 1, 0, 0, 0, 0, 0, 1, 0, 1, 0, 0, 1, 1, 0, 0, 1, 0, 0, 0, 1, 1, 0, 1, 0, 1, 0, 1, 1, 0, 1, 1, 0, 0, 1, 1, 0, 1, 0, 0, 0, 1, 1, 1, 0, 1, 0, 1, 1, 0, 0, 0, 1, 1, 0, 0, 0, 1, 1, 0, 1, 1, 1, 0, 0, 0, 0, 0, 1, 1, 0, 1, 1, 0, 0, 0, 0, 1, 0, 0, 1, 0, 0, 0, 0, 1, 1, 1, 1, 0, 1, 1, 0, 1, 1, 1, 1, 1, 1, 0, 0, 1, 0, 1, 0, 1, 1, 1, 0, 0, 0, 1, 1, 1, 0, 0, 1, 1, 1, 0, 1, 0, 1, 1, 1, 0, 1, 0, 0, 0, 0, 0, 0, 1, 1, 0, 0, 1, 1, 1, 0, 1, 1, 1, 0, 1, 1, 1, 0, 1, 1, 1, 1, 0, 1, 1, 0, 0, 1, 0, 0, 0, 0, 1, 0, 1, 0, 1, 1, 0, 1, 1...}
value address: 0x7fffffffd990
Type: The type is a structure.
Type sizeof: 24
Field name: std::_Vector_base<int, std::allocator<int> >
Field Type: The type is a structure.
Field Type sizeof: 24

[INFO -- 2018-11-30 02:53:51]
Fault Injection Successful after 3.1966769695281982s
[INFO -- 2018-11-30 02:53:56]
event type: exit
[INFO -- 2018-11-30 02:53:56]
exit code: 0
