[INFO -- 2018-09-24 18:22:30]
Starting flip_value script
version: 1.1
[INFO -- 2018-09-24 18:22:30]
Initialization strings:
[INFO -- 2018-09-24 18:22:30]
(1) file /tmp/knapsack/ga
[INFO -- 2018-09-24 18:22:30]
initSignal:1
[INFO -- 2018-09-24 18:22:30]
endSignal:3.5
[INFO -- 2018-09-24 18:22:30]
faultModel:4
[INFO -- 2018-09-24 18:22:31]
Backtrace BEGIN:
#0  0x00005555555582a7 in std::allocator_traits<std::allocator<int> >::select_on_container_copy_construction (__rhs=...) at /usr/include/c++/7/bits/alloc_traits.h:505
#1  0x0000555555556e10 in __gnu_cxx::__alloc_traits<std::allocator<int> >::_S_select_on_copy (__a=...) at /usr/include/c++/7/ext/alloc_traits.h:95
#2  0x0000555555555e62 in std::vector<int, std::allocator<int> >::vector (this=0x7fffffffd9b0, __x=std::vector of length 200, capacity 200 = {...}) at /usr/include/c++/7/bits/stl_vector.h:328
#3  0x000055555555507b in tournament (pop=std::vector of length 40, capacity 64 = {...}) at knapsackga.cpp:67
#4  0x0000555555555447 in genetic_algorithm () at knapsackga.cpp:103
#5  0x00005555555558d7 in main () at knapsackga.cpp:137

500	       *  @param  __rhs  An allocator.
501	       *  @return @c __rhs
502	      */
503	      static allocator_type
504	      select_on_container_copy_construction(const allocator_type& __rhs)
505	      { return __rhs; }
506	    };
507	
508	
509	  template<typename _Alloc>

Backtrace END
Memory content before bitflip:0x310xfb0x080x00
Fault Model: LSB bit-flip
base address to flip value: 0x55555575f06c 
address max offset: 4
Memory content after  bitflip:0x310xfb0x080x10
frame name: main
symbol name: W
symbol filename: knapsackga.cpp
symbol line: 16
value: 269024049
value address: 0x55555575f06c <W>
Type: The type is an integer type.
Type sizeof: 4

[INFO -- 2018-09-24 18:22:31]
Fault Injection Successful after 1.5961415767669678s
[INFO -- 2018-09-24 18:22:34]
event type: exit
[INFO -- 2018-09-24 18:22:34]
exit code: 0
