[INFO -- 2018-12-08 16:37:02]
Starting flip_value script
version: 1.1
[INFO -- 2018-12-08 16:37:02]
Initialization strings:
[INFO -- 2018-12-08 16:37:02]
(1) file /tmp/knapsack/ga
[INFO -- 2018-12-08 16:37:02]
initSignal:1
[INFO -- 2018-12-08 16:37:02]
endSignal:8
[INFO -- 2018-12-08 16:37:02]
faultModel:2
[INFO -- 2018-12-08 16:37:07]
Backtrace BEGIN:
#0  0x0000555555555e77 in std::vector<int, std::allocator<int> >::operator[] (this=0x55555575f090 <wt2>, __n=82) at /usr/include/c++/7/bits/stl_vector.h:795
#1  0x000055555555512c in cost (solution=std::vector of length 200, capacity 200 = {...}) at knapsackga.cpp:45
#2  0x000055555555589e in genetic_algorithm () at knapsackga.cpp:138
#3  0x0000555555555b6c in main () at knapsackga.cpp:165

790	       *  Note that data access with this operator is unchecked and
791	       *  out_of_range lookups are not defined. (For checked lookups
792	       *  see at().)
793	       */
794	      reference
795	      operator[](size_type __n) _GLIBCXX_NOEXCEPT
796	      {
797		__glibcxx_requires_subscript(__n);
798		return *(this->_M_impl._M_start + __n);
799	      }

Backtrace END
Memory content before bitflip:0x280x000x000x00
Fault Model: Random bit-flip
base address to flip value: 0x55555575f010 
address max offset: 4
Memory content after  bitflip:0x140x360x7b0xc7
frame name: main
symbol name: pop_size
symbol filename: knapsackga.cpp
symbol line: 19
value: -948226540
value address: 0x55555575f010 <pop_size>
Type: The type is an integer type.
Type sizeof: 4

[INFO -- 2018-12-08 16:37:07]
Fault Injection Successful after 5.059088230133057s
[INFO -- 2018-12-08 16:37:07]
event type: exit
[INFO -- 2018-12-08 16:37:07]
exit code: 0
