[INFO -- 2018-12-07 22:44:29]
Starting flip_value script
version: 1.1
[INFO -- 2018-12-07 22:44:29]
Initialization strings:
[INFO -- 2018-12-07 22:44:29]
(1) file /tmp/knapsack/ga
[INFO -- 2018-12-07 22:44:29]
initSignal:1
[INFO -- 2018-12-07 22:44:29]
endSignal:8
[INFO -- 2018-12-07 22:44:29]
faultModel:2
[INFO -- 2018-12-07 22:44:30]
Backtrace BEGIN:
#0  0x000055555555988e in std::__niter_base<int const*, std::vector<int, std::allocator<int> > > (__it=0) at /usr/include/c++/7/bits/stl_iterator.h:984
#1  0x000055555555ab7d in std::__copy_move_a2<false, __gnu_cxx::__normal_iterator<int const*, std::vector<int, std::allocator<int> > >, int*> (__first=0, __last=816, __result=0x555555786550) at /usr/include/c++/7/bits/stl_algobase.h:422
#2  0x000055555555a2c0 in std::copy<__gnu_cxx::__normal_iterator<int const*, std::vector<int, std::allocator<int> > >, int*> (__first=0, __last=816, __result=0x555555786550) at /usr/include/c++/7/bits/stl_algobase.h:456
#3  0x0000555555559778 in std::__uninitialized_copy<true>::__uninit_copy<__gnu_cxx::__normal_iterator<int const*, std::vector<int, std::allocator<int> > >, int*> (__first=0, __last=816, __result=0x555555786550) at /usr/include/c++/7/bits/stl_uninitialized.h:101
#4  0x00005555555586a8 in std::uninitialized_copy<__gnu_cxx::__normal_iterator<int const*, std::vector<int, std::allocator<int> > >, int*> (__first=0, __last=816, __result=0x555555786550) at /usr/include/c++/7/bits/stl_uninitialized.h:134
#5  0x0000555555557257 in std::__uninitialized_copy_a<__gnu_cxx::__normal_iterator<int const*, std::vector<int, std::allocator<int> > >, int*, int> (__first=0, __last=816, __result=0x555555786550) at /usr/include/c++/7/bits/stl_uninitialized.h:289
#6  0x000055555555743f in std::vector<int, std::allocator<int> >::_M_allocate_and_copy<__gnu_cxx::__normal_iterator<int const*, std::vector<int, std::allocator<int> > > > (this=0x7fffffffd980, __n=200, __first=0, __last=816) at /usr/include/c++/7/bits/stl_vector.h:1263
#7  0x0000555555556465 in std::vector<int, std::allocator<int> >::operator= (this=0x7fffffffd980, __x=std::vector of length 200, capacity 200 = {...}) at /usr/include/c++/7/bits/vector.tcc:206
#8  0x0000555555555705 in genetic_algorithm () at knapsackga.cpp:131
#9  0x0000555555555b6c in main () at knapsackga.cpp:165

979	_GLIBCXX_BEGIN_NAMESPACE_VERSION
980	
981	  template<typename _Iterator, typename _Container>
982	    _Iterator
983	    __niter_base(__gnu_cxx::__normal_iterator<_Iterator, _Container> __it)
984	    { return __it.base(); }
985	
986	_GLIBCXX_END_NAMESPACE_VERSION
987	} // namespace
988	

Backtrace END
Memory content before bitflip:0x310xfb0x080x00
Fault Model: Random bit-flip
base address to flip value: 0x55555575f0b4 
address max offset: 4
Memory content after  bitflip:0x440x130xc50x21
frame name: std::__copy_move_a2<false, __gnu_cxx::__normal_iterator<int const*, std::vector<int, std::allocator<int> > >, int*>
symbol name: W2
symbol filename: knapsackga.cpp
symbol line: 18
value: 566563652
value address: 0x55555575f0b4 <W2>
Type: The type is an integer type.
Type sizeof: 4

[INFO -- 2018-12-07 22:44:30]
Fault Injection Successful after 1.9418749809265137s
[INFO -- 2018-12-07 22:44:30]
event type: exit
[INFO -- 2018-12-07 22:44:30]
exit code: 0
