[INFO -- 2018-12-08 21:15:08]
Starting flip_value script
version: 1.1
[INFO -- 2018-12-08 21:15:08]
Initialization strings:
[INFO -- 2018-12-08 21:15:08]
(1) file /tmp/knapsack/ga
[INFO -- 2018-12-08 21:15:08]
initSignal:1
[INFO -- 2018-12-08 21:15:08]
endSignal:8
[INFO -- 2018-12-08 21:15:08]
faultModel:3
[INFO -- 2018-12-08 21:15:11]
Backtrace BEGIN:
#0  std::_Vector_base<int, std::allocator<int> >::_M_deallocate (this=0x555555776780, __p=0x555555783580, __n=200) at /usr/include/c++/7/bits/stl_vector.h:181
#1  0x0000555555556b87 in std::_Vector_base<int, std::allocator<int> >::~_Vector_base (this=0x555555776780, __in_chrg=<optimized out>) at /usr/include/c++/7/bits/stl_vector.h:162
#2  0x0000555555555ed7 in std::vector<int, std::allocator<int> >::~vector (this=0x555555776780, __in_chrg=<optimized out>) at /usr/include/c++/7/bits/stl_vector.h:435
#3  0x0000555555555e4c in chromossome::~chromossome (this=0x555555776780, __in_chrg=<optimized out>) at knapsackga.cpp:63
#4  0x0000555555559ca1 in std::_Destroy<chromossome> (__pointer=0x555555776780) at /usr/include/c++/7/bits/stl_construct.h:98
#5  0x000055555555920b in std::_Destroy_aux<false>::__destroy<chromossome*> (__first=0x555555776780, __last=0x5555557767a0) at /usr/include/c++/7/bits/stl_construct.h:108
#6  0x00005555555580fc in std::_Destroy<chromossome*> (__first=0x555555776740, __last=0x5555557767a0) at /usr/include/c++/7/bits/stl_construct.h:137
#7  0x0000555555556d33 in std::_Destroy<chromossome*, chromossome> (__first=0x555555776740, __last=0x5555557767a0) at /usr/include/c++/7/bits/stl_construct.h:206
#8  0x0000555555555f6b in std::vector<chromossome, std::allocator<chromossome> >::~vector (this=0x7fffffffd820, __in_chrg=<optimized out>) at /usr/include/c++/7/bits/stl_vector.h:434
#9  0x000055555555528c in tournament (pop=std::vector of length 40, capacity 64 = {...}) at knapsackga.cpp:80
#10 0x0000555555555691 in genetic_algorithm () at knapsackga.cpp:129
#11 0x0000555555555b6c in main () at knapsackga.cpp:165

176	      _M_deallocate(pointer __p, size_t __n)
177	      {
178		typedef __gnu_cxx::__alloc_traits<_Tp_alloc_type> _Tr;
179		if (__p)
180		  _Tr::deallocate(_M_impl, __p, __n);
181	      }
182	
183	    private:
184	      void
185	      _M_create_storage(size_t __n)

Backtrace END
Fliping value of field: std::_Vector_base<int, std::allocator<int> >
Fliping value of field: _M_impl
Fliping value of field: _M_end_of_storage
Fliping a bit of the value pointed by a pointer
Memory content before bitflip:0x300x030x000x00
Fault Model: Zero bit-flip
base address to flip value: 0x555555783f00
address max offset: 4
Memory content after  bitflip:0x000x000x000x00
frame name: genetic_algorithm
symbol name: pai
symbol filename: knapsackga.cpp
symbol line: 127
value: std::vector of length 200, capacity 200 = {0, 1, 0, 0, 1, 1, 0, 0, 0, 0, 0, 0, 0, 1, 1, 1, 1, 0, 0, 0, 0, 0, 0, 0, 1, 0, 0, 1, 1, 0, 0, 0, 0, 1, 1, 0, 0, 1, 1, 1, 0, 0, 0, 0, 1, 0, 1, 0, 1, 0, 1, 1, 1, 0, 1, 1, 1, 0, 0, 1, 1, 0, 1, 0, 0, 0, 1, 0, 1, 0, 0, 0, 0, 0, 0, 1, 0, 0, 0, 1, 1, 0, 0, 1, 1, 0, 1, 0, 1, 0, 0, 1, 0, 0, 1, 0, 0, 0, 0, 0, 0, 1, 0, 1, 0, 1, 1, 1, 0, 0, 0, 0, 0, 1, 0, 1, 0, 0, 1, 1, 1, 0, 1, 1, 0, 0, 1, 0, 1, 1, 1, 1, 0, 0, 1, 0, 0, 1, 1, 0, 0, 0, 1, 0, 1, 0, 0, 0, 0, 1, 0, 0, 0, 1, 0, 0, 0, 1, 1, 1, 1, 0, 0, 0, 1, 0, 0, 0, 1, 1, 0, 0, 1, 0, 1, 0, 0, 0, 0, 0, 1, 0, 0, 1, 1, 0, 1, 1, 1, 0, 0, 0, 0, 0, 0, 0, 0, 0, 0, 1...}
value address: 0x7fffffffd8c0
Type: The type is a structure.
Type sizeof: 24
Field name: std::_Vector_base<int, std::allocator<int> >
Field Type: The type is a structure.
Field Type sizeof: 24

[INFO -- 2018-12-08 21:15:11]
Fault Injection Successful after 3.7378129959106445s
[INFO -- 2018-12-08 21:15:16]
event type: exit
[INFO -- 2018-12-08 21:15:16]
exit code: 0
