[INFO -- 2018-12-08 09:57:56]
Starting flip_value script
version: 1.1
[INFO -- 2018-12-08 09:57:56]
Initialization strings:
[INFO -- 2018-12-08 09:57:56]
(1) file /tmp/knapsack/sa
[INFO -- 2018-12-08 09:57:56]
initSignal:0
[INFO -- 2018-12-08 09:57:56]
endSignal:9
[INFO -- 2018-12-08 09:57:56]
faultModel:2
[INFO -- 2018-12-08 09:58:02]
Backtrace BEGIN:
#0  0x00005555555551af in cost (solution=std::vector of length 200, capacity 200 = {...}) at knapsacksa.cpp:62
#1  0x000055555555534c in simulated_annealing () at knapsacksa.cpp:92
#2  0x0000555555555658 in main () at knapsacksa.cpp:146

57	    for(int i=0; i < n; i++){
58	        peso += solution[i] * wt[i];
59	        valor += solution[i] * val[i];
60	    }
61	    for(int i=0; i < n; i++){
62	        peso2 += solution[i] * wt2[i];
63	        valor2 += solution[i] * val2[i];
64	    }
65	    if(peso != peso2 || valor != valor2){
66	        exit_gracefully();

Backtrace END
Memory content before bitflip:0xc80x000x000x00
Fault Model: Random bit-flip
base address to flip value: 0x55555575903c 
address max offset: 4
Memory content after  bitflip:0xa40x900x910x67
frame name: main
symbol name: n2
symbol filename: knapsacksa.cpp
symbol line: 13
value: 1737592996
value address: 0x55555575903c <n2>
Type: The type is an integer type.
Type sizeof: 4

[INFO -- 2018-12-08 09:58:02]
Fault Injection Successful after 6.8289220333099365s
[INFO -- 2018-12-08 09:58:02]
event type: exit
[INFO -- 2018-12-08 09:58:02]
exit code: 0
