[INFO -- 2018-12-01 09:08:59]
Starting flip_value script
version: 1.1
[INFO -- 2018-12-01 09:08:59]
Initialization strings:
[INFO -- 2018-12-01 09:08:59]
(1) file /tmp/knapsack/mf
[INFO -- 2018-12-01 09:08:59]
initSignal:0
[INFO -- 2018-12-01 09:08:59]
endSignal:12
[INFO -- 2018-12-01 09:08:59]
faultModel:0
[INFO -- 2018-12-01 09:09:02]
Backtrace BEGIN:
#0  std::max<int> (__a=<error reading variable>, __b=<error reading variable>) at /usr/include/c++/7/bits/stl_algobase.h:219
#1  0x00005555555552ce in knapSackAuxRec (i=153, j=403923, values=std::vector of length 200, capacity 256 = {...}, weights=std::vector of length 200, capacity 256 = {...}, V=std::vector of length 201, capacity 201 = {...}) at knapsackmf.cpp:45
#2  0x0000555555555294 in knapSackAuxRec (i=154, j=405882, values=std::vector of length 200, capacity 256 = {...}, weights=std::vector of length 200, capacity 256 = {...}, V=std::vector of length 201, capacity 201 = {...}) at knapsackmf.cpp:45
#3  0x00005555555552b8 in knapSackAuxRec (i=155, j=405882, values=std::vector of length 200, capacity 256 = {...}, weights=std::vector of length 200, capacity 256 = {...}, V=std::vector of length 201, capacity 201 = {...}) at knapsackmf.cpp:45
#4  0x00005555555552b8 in knapSackAuxRec (i=156, j=405882, values=std::vector of length 200, capacity 256 = {...}, weights=std::vector of length 200, capacity 256 = {...}, V=std::vector of length 201, capacity 201 = {...}) at knapsackmf.cpp:45
#5  0x0000555555555294 in knapSackAuxRec (i=157, j=416717, values=std::vector of length 200, capacity 256 = {...}, weights=std::vector of length 200, capacity 256 = {...}, V=std::vector of length 201, capacity 201 = {...}) at knapsackmf.cpp:45
#6  0x00005555555552b8 in knapSackAuxRec (i=158, j=416717, values=std::vector of length 200, capacity 256 = {...}, weights=std::vector of length 200, capacity 256 = {...}, V=std::vector of length 201, capacity 201 = {...}) at knapsackmf.cpp:45
#7  0x0000555555555294 in knapSackAuxRec (i=159, j=427663, values=std::vector of length 200, capacity 256 = {...}, weights=std::vector of length 200, capacity 256 = {...}, V=std::vector of length 201, capacity 201 = {...}) at knapsackmf.cpp:45
#8  0x0000555555555294 in knapSackAuxRec (i=160, j=430988, values=std::vector of length 200, capacity 256 = {...}, weights=std::vector of length 200, capacity 256 = {...}, V=std::vector of length 201, capacity 201 = {...}) at knapsackmf.cpp:45
#9  0x00005555555552b8 in knapSackAuxRec (i=161, j=430988, values=std::vector of length 200, capacity 256 = {...}, weights=std::vector of length 200, capacity 256 = {...}, V=std::vector of length 201, capacity 201 = {...}) at knapsackmf.cpp:45
#10 0x0000555555555294 in knapSackAuxRec (i=162, j=434496, values=std::vector of length 200, capacity 256 = {...}, weights=std::vector of length 200, capacity 256 = {...}, V=std::vector of length 201, capacity 201 = {...}) at knapsackmf.cpp:45
#11 0x00005555555552b8 in knapSackAuxRec (i=163, j=434496, values=std::vector of length 200, capacity 256 = {...}, weights=std::vector of length 200, capacity 256 = {...}, V=std::vector of length 201, capacity 201 = {...}) at knapsackmf.cpp:45
#12 0x00005555555552b8 in knapSackAuxRec (i=164, j=434496, values=std::vector of length 200, capacity 256 = {...}, weights=std::vector of length 200, capacity 256 = {...}, V=std::vector of length 201, capacity 201 = {...}) at knapsackmf.cpp:45
#13 0x00005555555552b8 in knapSackAuxRec (i=165, j=434496, values=std::vector of length 200, capacity 256 = {...}, weights=std::vector of length 200, capacity 256 = {...}, V=std::vector of length 201, capacity 201 = {...}) at knapsackmf.cpp:45
#14 0x00005555555552b8 in knapSackAuxRec (i=166, j=434496, values=std::vector of length 200, capacity 256 = {...}, weights=std::vector of length 200, capacity 256 = {...}, V=std::vector of length 201, capacity 201 = {...}) at knapsackmf.cpp:45
#15 0x00005555555552b8 in knapSackAuxRec (i=167, j=434496, values=std::vector of length 200, capacity 256 = {...}, weights=std::vector of length 200, capacity 256 = {...}, V=std::vector of length 201, capacity 201 = {...}) at knapsackmf.cpp:45
#16 0x00005555555552b8 in knapSackAuxRec (i=168, j=434496, values=std::vector of length 200, capacity 256 = {...}, weights=std::vector of length 200, capacity 256 = {...}, V=std::vector of length 201, capacity 201 = {...}) at knapsackmf.cpp:45
#17 0x00005555555552b8 in knapSackAuxRec (i=169, j=434496, values=std::vector of length 200, capacity 256 = {...}, weights=std::vector of length 200, capacity 256 = {...}, V=std::vector of length 201, capacity 201 = {...}) at knapsackmf.cpp:45
#18 0x0000555555555294 in knapSackAuxRec (i=170, j=435545, values=std::vector of length 200, capacity 256 = {...}, weights=std::vector of length 200, capacity 256 = {...}, V=std::vector of length 201, capacity 201 = {...}) at knapsackmf.cpp:45
#19 0x0000555555555294 in knapSackAuxRec (i=171, j=436900, values=std::vector of length 200, capacity 256 = {...}, weights=std::vector of length 200, capacity 256 = {...}, V=std::vector of length 201, capacity 201 = {...}) at knapsackmf.cpp:45
#20 0x0000555555555294 in knapSackAuxRec (i=172, j=441988, values=std::vector of length 200, capacity 256 = {...}, weights=std::vector of length 200, capacity 256 = {...}, V=std::vector of length 201, capacity 201 = {...}) at knapsackmf.cpp:45
#21 0x0000555555555294 in knapSackAuxRec (i=173, j=444100, values=std::vector of length 200, capacity 256 = {...}, weights=std::vector of length 200, capacity 256 = {...}, V=std::vector of length 201, capacity 201 = {...}) at knapsackmf.cpp:45
#22 0x0000555555555294 in knapSackAuxRec (i=174, j=452338, values=std::vector of length 200, capacity 256 = {...}, weights=std::vector of length 200, capacity 256 = {...}, V=std::vector of length 201, capacity 201 = {...}) at knapsackmf.cpp:45
#23 0x0000555555555294 in knapSackAuxRec (i=175, j=455747, values=std::vector of length 200, capacity 256 = {...}, weights=std::vector of length 200, capacity 256 = {...}, V=std::vector of length 201, capacity 201 = {...}) at knapsackmf.cpp:45
#24 0x0000555555555294 in knapSackAuxRec (i=176, j=457745, values=std::vector of length 200, capacity 256 = {...}, weights=std::vector of length 200, capacity 256 = {...}, V=std::vector of length 201, capacity 201 = {...}) at knapsackmf.cpp:45
#25 0x0000555555555294 in knapSackAuxRec (i=177, j=460563, values=std::vector of length 200, capacity 256 = {...}, weights=std::vector of length 200, capacity 256 = {...}, V=std::vector of length 201, capacity 201 = {...}) at knapsackmf.cpp:45
#26 0x0000555555555294 in knapSackAuxRec (i=178, j=463879, values=std::vector of length 200, capacity 256 = {...}, weights=std::vector of length 200, capacity 256 = {...}, V=std::vector of length 201, capacity 201 = {...}) at knapsackmf.cpp:45
#27 0x0000555555555294 in knapSackAuxRec (i=179, j=467053, values=std::vector of length 200, capacity 256 = {...}, weights=std::vector of length 200, capacity 256 = {...}, V=std::vector of length 201, capacity 201 = {...}) at knapsackmf.cpp:45
#28 0x0000555555555294 in knapSackAuxRec (i=180, j=473261, values=std::vector of length 200, capacity 256 = {...}, weights=std::vector of length 200, capacity 256 = {...}, V=std::vector of length 201, capacity 201 = {...}) at knapsackmf.cpp:45
#29 0x0000555555555294 in knapSackAuxRec (i=181, j=478906, values=std::vector of length 200, capacity 256 = {...}, weights=std::vector of length 200, capacity 256 = {...}, V=std::vector of length 201, capacity 201 = {...}) at knapsackmf.cpp:45
#30 0x0000555555555294 in knapSackAuxRec (i=182, j=483004, values=std::vector of length 200, capacity 256 = {...}, weights=std::vector of length 200, capacity 256 = {...}, V=std::vector of length 201, capacity 201 = {...}) at knapsackmf.cpp:45
#31 0x0000555555555294 in knapSackAuxRec (i=183, j=490422, values=std::vector of length 200, capacity 256 = {...}, weights=std::vector of length 200, capacity 256 = {...}, V=std::vector of length 201, capacity 201 = {...}) at knapsackmf.cpp:45
#32 0x0000555555555294 in knapSackAuxRec (i=184, j=493547, values=std::vector of length 200, capacity 256 = {...}, weights=std::vector of length 200, capacity 256 = {...}, V=std::vector of length 201, capacity 201 = {...}) at knapsackmf.cpp:45
#33 0x0000555555555294 in knapSackAuxRec (i=185, j=503613, values=std::vector of length 200, capacity 256 = {...}, weights=std::vector of length 200, capacity 256 = {...}, V=std::vector of length 201, capacity 201 = {...}) at knapsackmf.cpp:45
#34 0x0000555555555294 in knapSackAuxRec (i=186, j=514245, values=std::vector of length 200, capacity 256 = {...}, weights=std::vector of length 200, capacity 256 = {...}, V=std::vector of length 201, capacity 201 = {...}) at knapsackmf.cpp:45
#35 0x0000555555555294 in knapSackAuxRec (i=187, j=522535, values=std::vector of length 200, capacity 256 = {...}, weights=std::vector of length 200, capacity 256 = {...}, V=std::vector of length 201, capacity 201 = {...}) at knapsackmf.cpp:45
#36 0x0000555555555294 in knapSackAuxRec (i=188, j=527873, values=std::vector of length 200, capacity 256 = {...}, weights=std::vector of length 200, capacity 256 = {...}, V=std::vector of length 201, capacity 201 = {...}) at knapsackmf.cpp:45
#37 0x0000555555555294 in knapSackAuxRec (i=189, j=533989, values=std::vector of length 200, capacity 256 = {...}, weights=std::vector of length 200, capacity 256 = {...}, V=std::vector of length 201, capacity 201 = {...}) at knapsackmf.cpp:45
#38 0x0000555555555294 in knapSackAuxRec (i=190, j=540800, values=std::vector of length 200, capacity 256 = {...}, weights=std::vector of length 200, capacity 256 = {...}, V=std::vector of length 201, capacity 201 = {...}) at knapsackmf.cpp:45
#39 0x0000555555555294 in knapSackAuxRec (i=191, j=542313, values=std::vector of length 200, capacity 256 = {...}, weights=std::vector of length 200, capacity 256 = {...}, V=std::vector of length 201, capacity 201 = {...}) at knapsackmf.cpp:45
#40 0x0000555555555294 in knapSackAuxRec (i=192, j=547494, values=std::vector of length 200, capacity 256 = {...}, weights=std::vector of length 200, capacity 256 = {...}, V=std::vector of length 201, capacity 201 = {...}) at knapsackmf.cpp:45
#41 0x0000555555555294 in knapSackAuxRec (i=193, j=553745, values=std::vector of length 200, capacity 256 = {...}, weights=std::vector of length 200, capacity 256 = {...}, V=std::vector of length 201, capacity 201 = {...}) at knapsackmf.cpp:45
#42 0x0000555555555294 in knapSackAuxRec (i=194, j=556558, values=std::vector of length 200, capacity 256 = {...}, weights=std::vector of length 200, capacity 256 = {...}, V=std::vector of length 201, capacity 201 = {...}) at knapsackmf.cpp:45
#43 0x0000555555555294 in knapSackAuxRec (i=195, j=558496, values=std::vector of length 200, capacity 256 = {...}, weights=std::vector of length 200, capacity 256 = {...}, V=std::vector of length 201, capacity 201 = {...}) at knapsackmf.cpp:45
#44 0x0000555555555294 in knapSackAuxRec (i=196, j=567523, values=std::vector of length 200, capacity 256 = {...}, weights=std::vector of length 200, capacity 256 = {...}, V=std::vector of length 201, capacity 201 = {...}) at knapsackmf.cpp:45
#45 0x0000555555555294 in knapSackAuxRec (i=197, j=572185, values=std::vector of length 200, capacity 256 = {...}, weights=std::vector of length 200, capacity 256 = {...}, V=std::vector of length 201, capacity 201 = {...}) at knapsackmf.cpp:45
#46 0x0000555555555294 in knapSackAuxRec (i=198, j=578378, values=std::vector of length 200, capacity 256 = {...}, weights=std::vector of length 200, capacity 256 = {...}, V=std::vector of length 201, capacity 201 = {...}) at knapsackmf.cpp:45
#47 0x0000555555555294 in knapSackAuxRec (i=199, j=588593, values=std::vector of length 200, capacity 256 = {...}, weights=std::vector of length 200, capacity 256 = {...}, V=std::vector of length 201, capacity 201 = {...}) at knapsackmf.cpp:45
#48 0x0000555555555294 in knapSackAuxRec (i=200, j=588593, values=std::vector of length 200, capacity 256 = {...}, weights=std::vector of length 200, capacity 256 = {...}, V=std::vector of length 201, capacity 201 = {...}) at knapsackmf.cpp:45
#49 0x000055555555511f in knapSack (W=588593, n=200, values=std::vector of length 200, capacity 256 = {...}, weights=std::vector of length 200, capacity 256 = {...}, V=std::vector of length 201, capacity 201 = {...}) at knapsackmf.cpp:33
#50 0x0000555555555494 in executeAlgorithm () at knapsackmf.cpp:75
#51 0x000055555555558a in main () at knapsackmf.cpp:81

214	   *  preprocessor macro.
215	  */
216	  template<typename _Tp>
217	    _GLIBCXX14_CONSTEXPR
218	    inline const _Tp&
219	    max(const _Tp& __a, const _Tp& __b)
220	    {
221	      // concept requirements
222	      __glibcxx_function_requires(_LessThanComparableConcept<_Tp>)
223	      //return  __a < __b ? __b : __a;

Backtrace END
Memory content before bitflip:0x710xe70x050x00
Fault Model: Single bit-flip
base address to flip value: 0x7fffffffc914
address max offset: 4
Memory content after  bitflip:0x710xe70x010x00
frame name: knapSackAuxRec
symbol name: value
symbol filename: knapsackmf.cpp
symbol line: 39
value: 124785
value address: 0x7fffffffc914
Type: The type is an integer type.
Type sizeof: 4

[INFO -- 2018-12-01 09:09:02]
Fault Injection Successful after 3.888927936553955s
[INFO -- 2018-12-01 09:09:09]
event type: exit
[INFO -- 2018-12-01 09:09:09]
exit code: 0
