[INFO -- 2018-09-24 18:09:23]
Starting flip_value script
version: 1.1
[INFO -- 2018-09-24 18:09:23]
Initialization strings:
[INFO -- 2018-09-24 18:09:23]
(1) file /tmp/knapsack/ga
[INFO -- 2018-09-24 18:09:23]
initSignal:1
[INFO -- 2018-09-24 18:09:23]
endSignal:3.5
[INFO -- 2018-09-24 18:09:23]
faultModel:0
[INFO -- 2018-09-24 18:09:26]
Backtrace BEGIN:
#0  0x0000555555555f49 in std::vector<int, std::allocator<int> >::vector (this=0x55555577d140, __x=...) at /usr/include/c++/7/bits/stl_vector.h:344
#1  0x00005555555591ff in chromossome::chromossome (this=0x5555557764e0) at knapsackga.cpp:42
#2  0x000055555555aa9a in std::_Construct<chromossome, chromossome> (__p=0x5555557764e0, __args#0=...) at /usr/include/c++/7/bits/stl_construct.h:75
#3  0x000055555555a3de in std::__uninitialized_copy<false>::__uninit_copy<std::move_iterator<chromossome*>, chromossome*> (__first=..., __last=..., __result=0x5555557764e0) at /usr/include/c++/7/bits/stl_uninitialized.h:83
#4  0x0000555555559a5f in std::uninitialized_copy<std::move_iterator<chromossome*>, chromossome*> (__first=..., __last=..., __result=0x5555557764e0) at /usr/include/c++/7/bits/stl_uninitialized.h:134
#5  0x000055555555901a in std::__uninitialized_copy_a<std::move_iterator<chromossome*>, chromossome*, chromossome> (__first=..., __last=..., __result=0x5555557764e0) at /usr/include/c++/7/bits/stl_uninitialized.h:289
#6  0x000055555555807d in std::__uninitialized_move_if_noexcept_a<chromossome*, chromossome*, std::allocator<chromossome> > (__first=0x555555776400, __last=0x555555776440, __result=0x5555557764e0, __alloc=...) at /usr/include/c++/7/bits/stl_uninitialized.h:312
#7  0x0000555555556b8c in std::vector<chromossome, std::allocator<chromossome> >::_M_realloc_insert<chromossome const&> (this=0x7fffffffd870, __position={solution = std::vector of length 36, capacity 0 = {<error reading variable>, __args#0=...) at /usr/include/c++/7/bits/vector.tcc:424
#8  0x0000555555555d28 in std::vector<chromossome, std::allocator<chromossome> >::push_back (this=0x7fffffffd870, __x=...) at /usr/include/c++/7/bits/stl_vector.h:948
#9  0x000055555555502c in tournament (pop=std::vector of length 40, capacity 64 = {...}) at knapsackga.cpp:63
#10 0x0000555555555447 in genetic_algorithm () at knapsackga.cpp:103
#11 0x00005555555558d7 in main () at knapsackga.cpp:137

339	       *  @param  __x  A %vector of identical element and allocator types.
340	       *
341	       *  The newly-created %vector contains the exact contents of @a __x.
342	       *  The contents of @a __x are a valid, but unspecified %vector.
343	       */
344	      vector(vector&& __x) noexcept
345	      : _Base(std::move(__x)) { }
346	
347	      /// Copy constructor with alternative allocator
348	      vector(const vector& __x, const allocator_type& __a)

Backtrace END
Fliping a bit of the value pointed by a reference
Fliping value of field: solution
Fliping value of field: std::_Vector_base<int, std::allocator<int> >
Fliping value of field: _M_impl
Fliping value of field: _M_end_of_storage
Fliping a bit of the value pointed by a pointer
Memory content before bitflip:0x000x000x000x00
Fault Model: Single bit-flip
base address to flip value: 0x55555577d540
address max offset: 4
Memory content after  bitflip:0x000x000x080x00
frame name: std::vector<chromossome, std::allocator<chromossome> >::_M_realloc_insert<chromossome const&>
symbol name: __args#0
symbol filename: /usr/include/c++/7/bits/vector.tcc
symbol line: 395
value: @0x555555780110
value address: 0x555555780110
Type: A reference type.
Type sizeof: 8

[INFO -- 2018-09-24 18:09:26]
Fault Injection Successful after 3.147982120513916s
[INFO -- 2018-09-24 18:09:27]
event type: exit
[INFO -- 2018-09-24 18:09:27]
exit code: 0
