[INFO -- 2018-11-30 11:47:00]
Starting flip_value script
version: 1.1
[INFO -- 2018-11-30 11:47:00]
Initialization strings:
[INFO -- 2018-11-30 11:47:00]
(1) file /tmp/knapsack/sa
[INFO -- 2018-11-30 11:47:00]
initSignal:0
[INFO -- 2018-11-30 11:47:00]
endSignal:7
[INFO -- 2018-11-30 11:47:00]
faultModel:3
[INFO -- 2018-11-30 11:47:03]
Backtrace BEGIN:
#0  cost (solution=std::vector of length 200, capacity 200 = {...}) at knapsacksa.cpp:27
#1  0x0000555555555259 in simulated_annealing () at knapsacksa.cpp:52
#2  0x0000555555555522 in main () at knapsacksa.cpp:85

22	   return static_cast <float> (rand()) / static_cast <float> (RAND_MAX);
23	}
24	
25	int cost(vector<int> &solution){
26	    int peso=0, valor=0;
27	    for(int i=0; i < n; i++){
28	       peso += solution[i] * wt[i];
29	       valor += solution[i] * val[i];
30	    }
31	    if(peso > W)

Backtrace END
Memory content before bitflip:0xe30x310x0a0x00
Fault Model: Zero bit-flip
base address to flip value: 0x7fffffffd964
address max offset: 4
Memory content after  bitflip:0x000x000x000x00
frame name: simulated_annealing
symbol name: t
symbol filename: knapsacksa.cpp
symbol line: 48
value: 0
value address: 0x7fffffffd964
Type: The type is an integer type.
Type sizeof: 4

[INFO -- 2018-11-30 11:47:03]
Fault Injection Successful after 3.4827637672424316s
[INFO -- 2018-11-30 11:47:11]
event type: exit
[INFO -- 2018-11-30 11:47:11]
exit code: 0
