[INFO -- 2018-12-01 01:15:41]
Starting flip_value script
version: 1.1
[INFO -- 2018-12-01 01:15:41]
Initialization strings:
[INFO -- 2018-12-01 01:15:41]
(1) file /tmp/knapsack/mf
[INFO -- 2018-12-01 01:15:41]
initSignal:0
[INFO -- 2018-12-01 01:15:41]
endSignal:12
[INFO -- 2018-12-01 01:15:41]
faultModel:3
[INFO -- 2018-12-01 01:15:47]
Backtrace BEGIN:
#0  0x0000555555555060 in knapSack (W=588593, n=200, values=std::vector of length 200, capacity 256 = {...}, weights=std::vector of length 200, capacity 256 = {...}, V=std::vector of length 201, capacity 201 = {...}) at knapsackmf.cpp:24
#1  0x0000555555555494 in executeAlgorithm () at knapsackmf.cpp:75
#2  0x0000555555555595 in main () at knapsackmf.cpp:82

19	
20	    for (int i = 0; i <= n; i++)
21	        V[i] = vector<int>(W + 1);
22	
23	    for (int i = 0; i <= n; i++) {
24	        for (int w = 0; w <= W; w++) {
25	            if (i == 0 || w == 0) {
26	                V[i][w] = 0;
27	            } else {
28	                V[i][w] = -1;

Backtrace END
Memory content before bitflip:0xc80x000x000x00
Fault Model: Zero bit-flip
base address to flip value: 0x7fffffffd680
address max offset: 4
Memory content after  bitflip:0x000x000x000x00
frame name: executeAlgorithm
symbol name: n
symbol filename: knapsackmf.cpp
symbol line: 57
value: 0
value address: 0x7fffffffd680
Type: The type is an integer type.
Type sizeof: 4

[INFO -- 2018-12-01 01:15:47]
Fault Injection Successful after 6.239556550979614s
[INFO -- 2018-12-01 01:15:51]
event type: exit
[INFO -- 2018-12-01 01:15:51]
exit code: 0
