[INFO -- 2018-09-23 20:53:54]
Starting flip_value script
version: 1.1
[INFO -- 2018-09-23 20:53:54]
Initialization strings:
[INFO -- 2018-09-23 20:53:54]
(1) file /tmp/knapsack/sa
[INFO -- 2018-09-23 20:53:54]
initSignal:0
[INFO -- 2018-09-23 20:53:54]
endSignal:2
[INFO -- 2018-09-23 20:53:54]
faultModel:2
[EXCEPTION -- 2018-09-23 20:53:55]
pythonException: Unable to exit loop in struct fields; Exiting wihtout making a bit flip
[INFO -- 2018-09-23 20:53:55]
Backtrace BEGIN:
#0  0x0000555555555510 in std::vector<int, std::allocator<int> >::operator[] (this=0x555555759030 <val>, __n=29) at /usr/include/c++/7/bits/stl_vector.h:798
#1  0x0000555555554fde in cost (solution=std::vector of length 200, capacity 200 = {...}) at knapsacksa.cpp:29
#2  0x000055555555511f in simulated_annealing () at knapsacksa.cpp:50
#3  0x000055555555535e in main () at knapsacksa.cpp:84

793	       */
794	      reference
795	      operator[](size_type __n) _GLIBCXX_NOEXCEPT
796	      {
797		__glibcxx_requires_subscript(__n);
798		return *(this->_M_impl._M_start + __n);
799	      }
800	
801	      /**
802	       *  @brief  Subscript access to the data contained in the %vector.

Backtrace END
Memory content before bitflip:0xc40xd70x010x00
Fault Model: Random bit-flip
base address to flip value: 0x7fffffffd9dc
address max offset: 4
Memory content after  bitflip:0x8c0xd50x0c0x48
frame name: simulated_annealing
symbol name: delta
symbol filename: knapsacksa.cpp
symbol line: 51
value: 1208800652
value address: 0x7fffffffd9dc
Type: The type is an integer type.
Type sizeof: 4

[INFO -- 2018-09-23 20:53:55]
Fault Injection Successful after 1.2443039417266846s
[INFO -- 2018-09-23 20:53:57]
event type: exit
[INFO -- 2018-09-23 20:53:57]
exit code: 0
