[INFO -- 2018-12-08 20:13:19]
Starting flip_value script
version: 1.1
[INFO -- 2018-12-08 20:13:19]
Initialization strings:
[INFO -- 2018-12-08 20:13:19]
(1) file /tmp/knapsack/ga
[INFO -- 2018-12-08 20:13:19]
initSignal:1
[INFO -- 2018-12-08 20:13:19]
endSignal:8
[INFO -- 2018-12-08 20:13:19]
faultModel:2
[INFO -- 2018-12-08 20:13:23]
Backtrace BEGIN:
#0  std::_Vector_base<chromossome, std::allocator<chromossome> >::_M_deallocate (this=0x7fffffffd820, __p=0x555555776540, __n=2) at /usr/include/c++/7/bits/stl_vector.h:181
#1  0x0000555555556f1c in std::vector<chromossome, std::allocator<chromossome> >::_M_realloc_insert<chromossome const&> (this=0x7fffffffd820, __position={solution = std::vector of length 36, capacity 0 = {<error reading variable>, __args#0=...) at /usr/include/c++/7/bits/vector.tcc:448
#2  0x0000555555556012 in std::vector<chromossome, std::allocator<chromossome> >::push_back (this=0x7fffffffd820, __x=...) at /usr/include/c++/7/bits/stl_vector.h:948
#3  0x0000555555555230 in tournament (pop=std::vector of length 40, capacity 64 = {...}) at knapsackga.cpp:84
#4  0x0000555555555653 in genetic_algorithm () at knapsackga.cpp:128
#5  0x0000555555555b6c in main () at knapsackga.cpp:165

176	      _M_deallocate(pointer __p, size_t __n)
177	      {
178		typedef __gnu_cxx::__alloc_traits<_Tp_alloc_type> _Tr;
179		if (__p)
180		  _Tr::deallocate(_M_impl, __p, __n);
181	      }
182	
183	    private:
184	      void
185	      _M_create_storage(size_t __n)

Backtrace END
Memory content before bitflip:0x310xfb0x080x00
Fault Model: Random bit-flip
base address to flip value: 0x55555575f0b4 
address max offset: 4
Memory content after  bitflip:0xf30xa40x210x02
frame name: std::vector<chromossome, std::allocator<chromossome> >::_M_realloc_insert<chromossome const&>
symbol name: W2
symbol filename: knapsackga.cpp
symbol line: 18
value: 35759347
value address: 0x55555575f0b4 <W2>
Type: The type is an integer type.
Type sizeof: 4

[INFO -- 2018-12-08 20:13:23]
Fault Injection Successful after 4.203756093978882s
[INFO -- 2018-12-08 20:13:23]
event type: exit
[INFO -- 2018-12-08 20:13:23]
exit code: 0
