[INFO -- 2018-12-08 01:37:03]
Starting flip_value script
version: 1.1
[INFO -- 2018-12-08 01:37:03]
Initialization strings:
[INFO -- 2018-12-08 01:37:03]
(1) file /tmp/knapsack/sa
[INFO -- 2018-12-08 01:37:03]
initSignal:0
[INFO -- 2018-12-08 01:37:03]
endSignal:9
[INFO -- 2018-12-08 01:37:03]
faultModel:0
[INFO -- 2018-12-08 01:37:08]
Backtrace BEGIN:
#0  0x000055555555585e in std::vector<int, std::allocator<int> >::operator[] (this=0x555555759080 <wt>, __n=167) at /usr/include/c++/7/bits/stl_vector.h:798
#1  0x000055555555512c in cost (solution=std::vector of length 200, capacity 200 = {...}) at knapsacksa.cpp:58
#2  0x000055555555534c in simulated_annealing () at knapsacksa.cpp:92
#3  0x0000555555555658 in main () at knapsacksa.cpp:146

793	       */
794	      reference
795	      operator[](size_type __n) _GLIBCXX_NOEXCEPT
796	      {
797		__glibcxx_requires_subscript(__n);
798		return *(this->_M_impl._M_start + __n);
799	      }
800	
801	      /**
802	       *  @brief  Subscript access to the data contained in the %vector.

Backtrace END
Memory content before bitflip:0x390x470x070x00
Fault Model: Single bit-flip
base address to flip value: 0x7fffffffd714
address max offset: 4
Memory content after  bitflip:0xb90x470x070x00
frame name: simulated_annealing
symbol name: t
symbol filename: knapsacksa.cpp
symbol line: 88
value: 477113
value address: 0x7fffffffd714
Type: The type is an integer type.
Type sizeof: 4

[INFO -- 2018-12-08 01:37:08]
Fault Injection Successful after 5.8533408641815186s
[INFO -- 2018-12-08 01:37:13]
event type: exit
[INFO -- 2018-12-08 01:37:13]
exit code: 0
