[INFO -- 2018-12-07 22:46:52]
Starting flip_value script
version: 1.1
[INFO -- 2018-12-07 22:46:52]
Initialization strings:
[INFO -- 2018-12-07 22:46:52]
(1) file /tmp/knapsack/ga
[INFO -- 2018-12-07 22:46:52]
initSignal:1
[INFO -- 2018-12-07 22:46:52]
endSignal:8
[INFO -- 2018-12-07 22:46:52]
faultModel:2
[INFO -- 2018-12-07 22:46:56]
Backtrace BEGIN:
#0  0x0000555555556ff9 in __gnu_cxx::__normal_iterator<chromossome*, std::vector<chromossome, std::allocator<chromossome> > >::__normal_iterator (this=0x7fffffffd820, __i=<error reading variable>) at /usr/include/c++/7/bits/stl_iterator.h:779
#1  0x0000555555556044 in std::vector<chromossome, std::allocator<chromossome> >::begin (this=0x7fffffffd820) at /usr/include/c++/7/bits/stl_vector.h:564
#2  0x0000555555556dcc in std::vector<chromossome, std::allocator<chromossome> >::_M_realloc_insert<chromossome const&> (this=0x7fffffffd820, __position=non-dereferenceable iterator for std::vector, __args#0=...) at /usr/include/c++/7/bits/vector.tcc:405
#3  0x0000555555556012 in std::vector<chromossome, std::allocator<chromossome> >::push_back (this=0x7fffffffd820, __x=...) at /usr/include/c++/7/bits/stl_vector.h:948
#4  0x0000555555555230 in tournament (pop=std::vector of length 40, capacity 64 = {...}) at knapsackga.cpp:84
#5  0x0000555555555653 in genetic_algorithm () at knapsackga.cpp:128
#6  0x0000555555555b6c in main () at knapsackga.cpp:165

774	
775	      _GLIBCXX_CONSTEXPR __normal_iterator() _GLIBCXX_NOEXCEPT
776	      : _M_current(_Iterator()) { }
777	
778	      explicit
779	      __normal_iterator(const _Iterator& __i) _GLIBCXX_NOEXCEPT
780	      : _M_current(__i) { }
781	
782	      // Allow iterator to const_iterator conversion
783	      template<typename _Iter>

Backtrace END
Memory content before bitflip:0x310xfb0x080x00
Fault Model: Random bit-flip
base address to flip value: 0x55555575f0b4 
address max offset: 4
Memory content after  bitflip:0x8f0x3b0xb20xfc
frame name: genetic_algorithm
symbol name: W2
symbol filename: knapsackga.cpp
symbol line: 18
value: -55428209
value address: 0x55555575f0b4 <W2>
Type: The type is an integer type.
Type sizeof: 4

[INFO -- 2018-12-07 22:46:56]
Fault Injection Successful after 4.587098836898804s
[INFO -- 2018-12-07 22:46:56]
event type: exit
[INFO -- 2018-12-07 22:46:56]
exit code: 0
