[INFO -- 2018-12-08 18:53:11]
Starting flip_value script
version: 1.1
[INFO -- 2018-12-08 18:53:11]
Initialization strings:
[INFO -- 2018-12-08 18:53:11]
(1) file /tmp/knapsack/ga
[INFO -- 2018-12-08 18:53:11]
initSignal:1
[INFO -- 2018-12-08 18:53:11]
endSignal:8
[INFO -- 2018-12-08 18:53:11]
faultModel:2
[EXCEPTION -- 2018-12-08 18:53:13]
gdbException: Cannot access memory at address 0x0
[EXCEPTION -- 2018-12-08 18:53:13]
pythonException: Unable to exit loop in struct fields; Exiting wihtout making a bit flip
[INFO -- 2018-12-08 18:53:14]
Backtrace BEGIN:
#0  0x0000555555555e89 in std::vector<int, std::allocator<int> >::operator[] (this=0x55555578af10, __n=132) at /usr/include/c++/7/bits/stl_vector.h:798
#1  0x00005555555550f9 in cost (solution=std::vector of length 200, capacity 200 = {...}) at knapsackga.cpp:44
#2  0x000055555555589e in genetic_algorithm () at knapsackga.cpp:138
#3  0x0000555555555b6c in main () at knapsackga.cpp:165

793	       */
794	      reference
795	      operator[](size_type __n) _GLIBCXX_NOEXCEPT
796	      {
797		__glibcxx_requires_subscript(__n);
798		return *(this->_M_impl._M_start + __n);
799	      }
800	
801	      /**
802	       *  @brief  Subscript access to the data contained in the %vector.

Backtrace END
Memory content before bitflip:0x690x390xf80xff
Fault Model: Random bit-flip
base address to flip value: 0x7fffffffd86c
address max offset: 4
Memory content after  bitflip:0x890x0d0xf60xd1
frame name: genetic_algorithm
symbol name: best
symbol filename: knapsackga.cpp
symbol line: 113
value: -772403831
value address: 0x7fffffffd86c
Type: The type is an integer type.
Type sizeof: 4

[INFO -- 2018-12-08 18:53:14]
Fault Injection Successful after 3.8828892707824707s
[INFO -- 2018-12-08 18:53:20]
event type: exit
[INFO -- 2018-12-08 18:53:20]
exit code: 0
