[INFO -- 2018-09-25 06:08:47]
Starting flip_value script
version: 1.1
[INFO -- 2018-09-25 06:08:47]
Initialization strings:
[INFO -- 2018-09-25 06:08:47]
(1) file /tmp/knapsack/ga
[INFO -- 2018-09-25 06:08:47]
initSignal:1
[INFO -- 2018-09-25 06:08:47]
endSignal:3.5
[INFO -- 2018-09-25 06:08:47]
faultModel:2
[EXCEPTION -- 2018-09-25 06:08:49]
pythonException: Unable to exit loop in struct fields; Exiting wihtout making a bit flip
[INFO -- 2018-09-25 06:08:49]
Backtrace BEGIN:
#0  0x00005555555583bf in std::uninitialized_copy<__gnu_cxx::__normal_iterator<int const*, std::vector<int, std::allocator<int> > >, int*> (__first=0, __last=0, __result=0x555555782190) at /usr/include/c++/7/bits/stl_uninitialized.h:135
#1  0x0000555555556f6d in std::__uninitialized_copy_a<__gnu_cxx::__normal_iterator<int const*, std::vector<int, std::allocator<int> > >, int*, int> (__first=0, __last=0, __result=0x555555782190) at /usr/include/c++/7/bits/stl_uninitialized.h:289
#2  0x0000555555555ed1 in std::vector<int, std::allocator<int> >::vector (this=0x555555776520, __x=std::vector of length 200, capacity 256 = {...}) at /usr/include/c++/7/bits/stl_vector.h:331
#3  0x0000555555557e39 in chromossome::chromossome (this=0x555555776520) at knapsackga.cpp:42
#4  0x0000555555557e96 in __gnu_cxx::new_allocator<chromossome>::construct<chromossome, chromossome const&> (this=0x7fffffffd870, __p=0x555555776520, __args#0=...) at /usr/include/c++/7/ext/new_allocator.h:136
#5  0x0000555555556a90 in std::allocator_traits<std::allocator<chromossome> >::construct<chromossome, chromossome const&> (__a=..., __p=0x555555776520, __args#0=...) at /usr/include/c++/7/bits/alloc_traits.h:475
#6  0x0000555555556b50 in std::vector<chromossome, std::allocator<chromossome> >::_M_realloc_insert<chromossome const&> (this=0x7fffffffd870, __position={solution = std::vector of length 36, capacity 0 = {<error reading variable>, __args#0=...) at /usr/include/c++/7/bits/vector.tcc:415
#7  0x0000555555555d28 in std::vector<chromossome, std::allocator<chromossome> >::push_back (this=0x7fffffffd870, __x=...) at /usr/include/c++/7/bits/stl_vector.h:948
#8  0x000055555555502c in tournament (pop=std::vector of length 40, capacity 64 = {...}) at knapsackga.cpp:63
#9  0x0000555555555447 in genetic_algorithm () at knapsackga.cpp:103
#10 0x00005555555558d7 in main () at knapsackga.cpp:137

130	
131	      return std::__uninitialized_copy<__is_trivial(_ValueType1)
132					       && __is_trivial(_ValueType2)
133					       && __assignable>::
134		__uninit_copy(__first, __last, __result);
135	    }
136	
137	
138	  template<bool _TrivialValueType>
139	    struct __uninitialized_fill

Backtrace END
Memory content before bitflip:0x710x260xf80xff
Fault Model: Random bit-flip
base address to flip value: 0x7fffffffd8c0
address max offset: 4
Memory content after  bitflip:0xd30xee0x800x57
frame name: genetic_algorithm
symbol name: best
symbol filename: knapsackga.cpp
symbol line: 92
value: 1468067539
value address: 0x7fffffffd8c0
Type: The type is an integer type.
Type sizeof: 4

[INFO -- 2018-09-25 06:08:49]
Fault Injection Successful after 2.559276580810547s
[INFO -- 2018-09-25 06:08:50]
event type: exit
[INFO -- 2018-09-25 06:08:50]
exit code: 0
