[INFO -- 2018-11-30 03:32:06]
Starting flip_value script
version: 1.1
[INFO -- 2018-11-30 03:32:06]
Initialization strings:
[INFO -- 2018-11-30 03:32:06]
(1) file /tmp/knapsack/sa
[INFO -- 2018-11-30 03:32:06]
initSignal:0
[INFO -- 2018-11-30 03:32:06]
endSignal:7
[INFO -- 2018-11-30 03:32:06]
faultModel:4
[EXCEPTION -- 2018-11-30 03:32:07]
pythonException: Unable to exit loop in struct fields; Exiting wihtout making a bit flip
[INFO -- 2018-11-30 03:32:07]
Backtrace BEGIN:
#0  std::vector<int, std::allocator<int> >::~vector (this=0x7fffffffd990, __in_chrg=<optimized out>) at /usr/include/c++/7/bits/stl_vector.h:435
#1  0x0000555555555305 in simulated_annealing () at knapsacksa.cpp:49
#2  0x0000555555555522 in main () at knapsacksa.cpp:85

430	       *  not touched in any way.  Managing the pointer is the user's
431	       *  responsibility.
432	       */
433	      ~vector() _GLIBCXX_NOEXCEPT
434	      { std::_Destroy(this->_M_impl._M_start, this->_M_impl._M_finish,
435			      _M_get_Tp_allocator()); }
436	
437	      /**
438	       *  @brief  %Vector assignment operator.
439	       *  @param  __x  A %vector of identical element and allocator types.

Backtrace END
Memory content before bitflip:0x310xfb0x080x00
Fault Model: LSB bit-flip
base address to flip value: 0x55555575917c 
address max offset: 4
Memory content after  bitflip:0x310xfb0x080x08
frame name: main
symbol name: W
symbol filename: knapsacksa.cpp
symbol line: 15
value: 134806321
value address: 0x55555575917c <W>
Type: The type is an integer type.
Type sizeof: 4

[INFO -- 2018-11-30 03:32:07]
Fault Injection Successful after 1.3574705123901367s
[INFO -- 2018-11-30 03:32:14]
event type: exit
[INFO -- 2018-11-30 03:32:14]
exit code: 0
