[INFO -- 2018-12-08 21:40:29]
Starting flip_value script
version: 1.1
[INFO -- 2018-12-08 21:40:29]
Initialization strings:
[INFO -- 2018-12-08 21:40:29]
(1) file /tmp/knapsack/sa
[INFO -- 2018-12-08 21:40:29]
initSignal:0
[INFO -- 2018-12-08 21:40:29]
endSignal:9
[INFO -- 2018-12-08 21:40:29]
faultModel:1
[INFO -- 2018-12-08 21:40:34]
Backtrace BEGIN:
#0  0x000055555555546c in simulated_annealing () at knapsacksa.cpp:88
#1  0x0000555555555658 in main () at knapsacksa.cpp:146

83	    int temp = 2000000;
84	    int temp2 = 2000000;
85	
86	    //int co=0;
87	
88	    for(int t = 0; t < 1000000; t++){
89	        vector<int> s(solution);
90	        int i = rand() % n;
91	        s[i] = 1 - s[i];
92	        int c = cost(s);

Backtrace END
Memory content before bitflip:0x000x000x000x00
Fault Model: Double bit-flip
base address to flip value: 0x7fffffffd710
address max offset: 4
Memory content after  bitflip:0x000x240x000x00
frame name: simulated_annealing
symbol name: temp2
symbol filename: knapsacksa.cpp
symbol line: 84
value: 9216
value address: 0x7fffffffd710
Type: The type is an integer type.
Type sizeof: 4

[INFO -- 2018-12-08 21:40:34]
Fault Injection Successful after 5.8559653759002686s
[INFO -- 2018-12-08 21:40:34]
event type: exit
[INFO -- 2018-12-08 21:40:34]
exit code: 0
