[INFO -- 2018-09-25 02:21:58]
Starting flip_value script
version: 1.1
[INFO -- 2018-09-25 02:21:58]
Initialization strings:
[INFO -- 2018-09-25 02:21:58]
(1) file /tmp/knapsack/ga
[INFO -- 2018-09-25 02:21:58]
initSignal:1
[INFO -- 2018-09-25 02:21:58]
endSignal:3.5
[INFO -- 2018-09-25 02:21:58]
faultModel:0
[INFO -- 2018-09-25 02:21:59]
Backtrace BEGIN:
#0  std::vector<int, std::allocator<int> >::operator[] (this=0x555555789bd0, __n=28) at /usr/include/c++/7/bits/stl_vector.h:798
#1  0x0000555555554f3d in cost (solution=std::vector of length 200, capacity 200 = {...}) at knapsackga.cpp:27
#2  0x0000555555555654 in genetic_algorithm () at knapsackga.cpp:112
#3  0x00005555555558d7 in main () at knapsackga.cpp:137

793	       */
794	      reference
795	      operator[](size_type __n) _GLIBCXX_NOEXCEPT
796	      {
797		__glibcxx_requires_subscript(__n);
798		return *(this->_M_impl._M_start + __n);
799	      }
800	
801	      /**
802	       *  @brief  Subscript access to the data contained in the %vector.

Backtrace END
Fliping a bit of the value pointed by a pointer
Fliping value of field: std::_Vector_base<int, std::allocator<int> >
Fliping value of field: _M_impl
Fliping value of field: _M_finish
Fliping a bit of the value pointed by a pointer
Memory content before bitflip:0x300x030x000x00
Fault Model: Single bit-flip
base address to flip value: 0x555555787210
address max offset: 4
Memory content after  bitflip:0x300x230x000x00
frame name: std::vector<int, std::allocator<int> >::operator[]
symbol name: this
symbol filename: knapsackga.cpp
symbol line: 0
value: 0x555555789bd0
value address: 0x7fffffffd858
Type: The type is a pointer.
Type sizeof: 8

[INFO -- 2018-09-25 02:21:59]
Fault Injection Successful after 1.3572590351104736s
[INFO -- 2018-09-25 02:22:02]
event type: exit
[INFO -- 2018-09-25 02:22:02]
exit code: 0
