[INFO -- 2018-12-01 06:26:09]
Starting flip_value script
version: 1.1
[INFO -- 2018-12-01 06:26:09]
Initialization strings:
[INFO -- 2018-12-01 06:26:09]
(1) file /tmp/knapsack/ga
[INFO -- 2018-12-01 06:26:09]
initSignal:0
[INFO -- 2018-12-01 06:26:09]
endSignal:13
[INFO -- 2018-12-01 06:26:09]
faultModel:0
[EXCEPTION -- 2018-12-01 06:26:11]
gdbException: Cannot access memory at address 0x200555555776bb0
[EXCEPTION -- 2018-12-01 06:26:11]
gdbException: Cannot access memory at address 0x155555780eb0
[EXCEPTION -- 2018-12-01 06:26:11]
pythonException: empty range for randrange() (0,0, 0)
[EXCEPTION -- 2018-12-01 06:26:12]
pythonException: Unable to exit loop in struct fields; Exiting wihtout making a bit flip
[INFO -- 2018-12-01 06:26:12]
event type: exit
[EXCEPTION -- 2018-12-01 06:26:12]
exit code: no exit code available
