[INFO -- 2018-11-30 08:46:31]
Starting flip_value script
version: 1.1
[INFO -- 2018-11-30 08:46:31]
Initialization strings:
[INFO -- 2018-11-30 08:46:31]
(1) file /tmp/knapsack/sa
[INFO -- 2018-11-30 08:46:31]
initSignal:0
[INFO -- 2018-11-30 08:46:31]
endSignal:7
[INFO -- 2018-11-30 08:46:31]
faultModel:1
[EXCEPTION -- 2018-11-30 08:46:31]
gdbException: Attempt to dereference a generic pointer.
[INFO -- 2018-11-30 08:46:34]
Backtrace BEGIN:
#0  0x0000555555556f30 in std::copy<__gnu_cxx::__normal_iterator<int const*, std::vector<int, std::allocator<int> > >, int*> (__first=1, __last=540619057, __result=0x55555576e610) at /usr/include/c++/7/bits/stl_algobase.h:457
#1  0x0000555555556c88 in std::__uninitialized_copy<true>::__uninit_copy<__gnu_cxx::__normal_iterator<int const*, std::vector<int, std::allocator<int> > >, int*> (__first=1, __last=540619057, __result=0x55555576e610) at /usr/include/c++/7/bits/stl_uninitialized.h:101
#2  0x0000555555556828 in std::uninitialized_copy<__gnu_cxx::__normal_iterator<int const*, std::vector<int, std::allocator<int> > >, int*> (__first=1, __last=540619057, __result=0x55555576e610) at /usr/include/c++/7/bits/stl_uninitialized.h:134
#3  0x0000555555556071 in std::__uninitialized_copy_a<__gnu_cxx::__normal_iterator<int const*, std::vector<int, std::allocator<int> > >, int*, int> (__first=1, __last=540619057, __result=0x55555576e610) at /usr/include/c++/7/bits/stl_uninitialized.h:289
#4  0x0000555555555943 in std::vector<int, std::allocator<int> >::vector (this=0x7fffffffd990, __x=std::vector of length 200, capacity 200 = {...}) at /usr/include/c++/7/bits/stl_vector.h:331
#5  0x0000555555555204 in simulated_annealing () at knapsacksa.cpp:49
#6  0x0000555555555522 in main () at knapsacksa.cpp:85

452	      __glibcxx_requires_valid_range(__first, __last);
453	
454	      return (std::__copy_move_a2<__is_move_iterator<_II>::__value>
455		      (std::__miter_base(__first), std::__miter_base(__last),
456		       __result));
457	    }
458	
459	#if __cplusplus >= 201103L
460	  /**
461	   *  @brief Moves the range [first,last) into result.

Backtrace END
Memory content before bitflip:0xff0x7f0x000x00
Fault Model: Double bit-flip
base address to flip value: 0x7fffffffd9dc
address max offset: 4
Memory content after  bitflip:0xff0x7f0x820x00
frame name: main
symbol name: result2
symbol filename: knapsacksa.cpp
symbol line: 87
value: 8552447
value address: 0x7fffffffd9dc
Type: The type is an integer type.
Type sizeof: 4

[INFO -- 2018-11-30 08:46:34]
Fault Injection Successful after 3.518728017807007s
[INFO -- 2018-11-30 08:46:39]
event type: exit
[INFO -- 2018-11-30 08:46:39]
exit code: 0
