[INFO -- 2018-12-01 03:37:51]
Starting flip_value script
version: 1.1
[INFO -- 2018-12-01 03:37:51]
Initialization strings:
[INFO -- 2018-12-01 03:37:51]
(1) file /tmp/knapsack/ga
[INFO -- 2018-12-01 03:37:51]
initSignal:0
[INFO -- 2018-12-01 03:37:51]
endSignal:13
[INFO -- 2018-12-01 03:37:51]
faultModel:0
[INFO -- 2018-12-01 03:37:51]
Backtrace BEGIN:
#0  dl_main (phdr=<optimized out>, phnum=<optimized out>, user_entry=<optimized out>, auxv=<optimized out>) at rtld.c:2286
#1  0x00007ffff7df015a in _dl_sysdep_start (start_argptr=start_argptr@entry=0x7fffffffdee0, dl_main=dl_main@entry=0x7ffff7dd73d0 <dl_main>) at ../elf/dl-sysdep.c:253
#2  0x00007ffff7dd6e88 in _dl_start_final (arg=0x7fffffffdee0) at rtld.c:414
#3  _dl_start (arg=0x7fffffffdee0) at rtld.c:520
#4  0x00007ffff7dd5ea8 in _start () from /lib64/ld-linux-x86-64.so.2
#5  0x0000000000000001 in ?? ()
#6  0x00007fffffffe268 in ?? ()
#7  0x0000000000000000 in ?? ()

2281	rtld.c: No such file or directory.

Backtrace END
Memory content before bitflip:0x270x540xe60x8d0x800x250x000x00
Fault Model: Single bit-flip
base address to flip value: 0x7ffff7ffc8a0 
address max offset: 8
Memory content after  bitflip:0x270x560xe60x8d0x800x250x000x00
frame name: dl_main
symbol name: start_time
symbol filename: rtld.c
symbol line: 308
value: 41234066724391
value address: 0x7ffff7ffc8a0 <start_time>
Type: The type is an integer type.
Type sizeof: 8

[INFO -- 2018-12-01 03:37:51]
Fault Injection Successful after 0.8360722064971924s
[INFO -- 2018-12-01 03:38:04]
event type: exit
[INFO -- 2018-12-01 03:38:04]
exit code: 0
