[INFO -- 2018-12-08 22:33:33]
Starting flip_value script
version: 1.1
[INFO -- 2018-12-08 22:33:33]
Initialization strings:
[INFO -- 2018-12-08 22:33:33]
(1) file /tmp/knapsack/ga
[INFO -- 2018-12-08 22:33:33]
initSignal:1
[INFO -- 2018-12-08 22:33:33]
endSignal:8
[INFO -- 2018-12-08 22:33:33]
faultModel:3
[INFO -- 2018-12-08 22:33:38]
Backtrace BEGIN:
#0  chromossome::chromossome (this=0x55555578ae20) at knapsackga.cpp:71
#1  0x00005555555556e3 in genetic_algorithm () at knapsackga.cpp:131
#2  0x0000555555555b6c in main () at knapsackga.cpp:165

66	    chromossome(int size){
67	        for(int i = 0; i < size; i++)
68	            solution.push_back(rand_bit());
69	        fitness = cost(solution);
70	    }
71	    chromossome(){};
72	};
73	
74	bool operator<(const chromossome& a, const chromossome& b)
75	{

Backtrace END
Memory content before bitflip:0x280x000x000x00
Fault Model: Zero bit-flip
base address to flip value: 0x55555575f014 
address max offset: 4
Memory content after  bitflip:0x000x000x000x00
frame name: chromossome::chromossome
symbol name: pop_size2
symbol filename: knapsackga.cpp
symbol line: 20
value: 0
value address: 0x55555575f014 <pop_size2>
Type: The type is an integer type.
Type sizeof: 4

[INFO -- 2018-12-08 22:33:38]
Fault Injection Successful after 5.49160099029541s
[INFO -- 2018-12-08 22:33:38]
event type: exit
[INFO -- 2018-12-08 22:33:38]
exit code: 0
