[INFO -- 2018-09-25 03:29:26]
Starting flip_value script
version: 1.1
[INFO -- 2018-09-25 03:29:26]
Initialization strings:
[INFO -- 2018-09-25 03:29:26]
(1) file /tmp/knapsack/ga
[INFO -- 2018-09-25 03:29:26]
initSignal:1
[INFO -- 2018-09-25 03:29:26]
endSignal:3.5
[INFO -- 2018-09-25 03:29:26]
faultModel:0
[INFO -- 2018-09-25 03:29:29]
Backtrace BEGIN:
#0  rand () at rand.c:28
#1  0x0000555555554eb3 in rand_bit () at knapsackga.cpp:20
#2  0x000055555555514f in crossover (pai=std::vector of length 200, capacity 200 = {...}, mae=std::vector of length 200, capacity 200 = {...}, filho1=std::vector of length 0, capacity 0, filho2=std::vector of length 0, capacity 0) at knapsackga.cpp:74
#3  0x000055555555548d in genetic_algorithm () at knapsackga.cpp:104
#4  0x00005555555558d7 in main () at knapsackga.cpp:137

23	rand.c: No such file or directory.

Backtrace END
Memory content before bitflip:0x2f0x000x000x00
Fault Model: Single bit-flip
base address to flip value: 0x7fffffffd868
address max offset: 4
Memory content after  bitflip:0x2f0x000x040x00
frame name: crossover
symbol name: i
symbol filename: knapsackga.cpp
symbol line: 73
value: 262191
value address: 0x7fffffffd868
Type: The type is an integer type.
Type sizeof: 4

[INFO -- 2018-09-25 03:29:29]
Fault Injection Successful after 3.2028017044067383s
[INFO -- 2018-09-25 03:29:29]
event type: exit
[INFO -- 2018-09-25 03:29:29]
exit code: 0
