[INFO -- 2018-09-25 02:09:25]
Starting flip_value script
version: 1.1
[INFO -- 2018-09-25 02:09:25]
Initialization strings:
[INFO -- 2018-09-25 02:09:25]
(1) file /tmp/knapsack/ga
[INFO -- 2018-09-25 02:09:25]
initSignal:1
[INFO -- 2018-09-25 02:09:25]
endSignal:3.5
[INFO -- 2018-09-25 02:09:25]
faultModel:3
[INFO -- 2018-09-25 02:09:28]
Backtrace BEGIN:
#0  0x00007ffff7494a18 in __random () at random.c:293
#1  0x00007ffff7494ea9 in rand () at rand.c:27
#2  0x0000555555554eb3 in rand_bit () at knapsackga.cpp:20
#3  0x000055555555514f in crossover (pai=std::vector of length 200, capacity 200 = {...}, mae=std::vector of length 200, capacity 200 = {...}, filho1=std::vector of length 0, capacity 0, filho2=std::vector of length 0, capacity 0) at knapsackga.cpp:74
#4  0x000055555555548d in genetic_algorithm () at knapsackga.cpp:104
#5  0x00005555555558d7 in main () at knapsackga.cpp:137

288	random.c: No such file or directory.

Backtrace END
Fliping value of field: std::_Vector_base<int, std::allocator<int> >
Fliping value of field: _M_impl
Fliping value of field: _M_end_of_storage
Fliping a bit of the pointer
Memory content before bitflip:0x000x000x000x000x000x000x000x00
Fault Model: Zero bit-flip
base address to flip value: 0x7fffffffd980
address max offset: 8
Memory content after  bitflip:0x000x000x000x000x000x000x000x00
frame name: genetic_algorithm
symbol name: filho2
symbol filename: knapsackga.cpp
symbol line: 101
value: std::vector of length 0, capacity 0
value address: 0x7fffffffd970
Type: The type is a structure.
Type sizeof: 24
Field name: std::_Vector_base<int, std::allocator<int> >
Field Type: The type is a structure.
Field Type sizeof: 24

[INFO -- 2018-09-25 02:09:28]
Fault Injection Successful after 3.1649739742279053s
[INFO -- 2018-09-25 02:09:29]
event type: exit
[INFO -- 2018-09-25 02:09:29]
exit code: 0
