[INFO -- 2018-12-09 02:15:02]
Starting flip_value script
version: 1.1
[INFO -- 2018-12-09 02:15:02]
Initialization strings:
[INFO -- 2018-12-09 02:15:02]
(1) file /tmp/knapsack/ga
[INFO -- 2018-12-09 02:15:02]
initSignal:1
[INFO -- 2018-12-09 02:15:02]
endSignal:8
[INFO -- 2018-12-09 02:15:02]
faultModel:1
[INFO -- 2018-12-09 02:15:04]
Backtrace BEGIN:
#0  __random () at random.c:295
#1  0x00007ffff7494ea9 in rand () at rand.c:27
#2  0x0000555555554ff1 in rand_bit () at knapsackga.cpp:30
#3  0x0000555555555353 in crossover (pai=std::vector of length 200, capacity 200 = {...}, mae=std::vector of length 200, capacity 200 = {...}, filho1=std::vector of length 0, capacity 0, filho2=std::vector of length 0, capacity 0) at knapsackga.cpp:95
#4  0x00005555555556d7 in genetic_algorithm () at knapsackga.cpp:130
#5  0x0000555555555b6c in main () at knapsackga.cpp:165

290	random.c: No such file or directory.

Backtrace END
Fliping value of field: std::_Vector_base<int, std::allocator<int> >
Fliping value of field: _M_impl
Fliping value of field: _M_end_of_storage
Fliping a bit of the pointer
Memory content before bitflip:0x000x000x000x000x000x000x000x00
Fault Model: Double bit-flip
base address to flip value: 0x7fffffffd930
address max offset: 8
Memory content after  bitflip:0x280x000x000x000x000x000x000x00
frame name: genetic_algorithm
symbol name: filho2
symbol filename: knapsackga.cpp
symbol line: 127
value: std::vector of length 0, capacity 10
value address: 0x7fffffffd920
Type: The type is a structure.
Type sizeof: 24
Field name: std::_Vector_base<int, std::allocator<int> >
Field Type: The type is a structure.
Field Type sizeof: 24

[INFO -- 2018-12-09 02:15:04]
Fault Injection Successful after 2.306657075881958s
[INFO -- 2018-12-09 02:15:10]
event type: exit
[INFO -- 2018-12-09 02:15:10]
exit code: 0
