[INFO -- 2018-12-08 16:20:21]
Starting flip_value script
version: 1.1
[INFO -- 2018-12-08 16:20:21]
Initialization strings:
[INFO -- 2018-12-08 16:20:21]
(1) file /tmp/knapsack/ga
[INFO -- 2018-12-08 16:20:21]
initSignal:1
[INFO -- 2018-12-08 16:20:21]
endSignal:8
[INFO -- 2018-12-08 16:20:21]
faultModel:3
[INFO -- 2018-12-08 16:20:22]
Backtrace BEGIN:
#0  0x0000555555555093 in cost (solution=std::vector of length 200, capacity 200 = {...}) at knapsackga.cpp:40
#1  0x000055555555589e in genetic_algorithm () at knapsackga.cpp:138
#2  0x0000555555555b6c in main () at knapsackga.cpp:165

35	        exit_gracefully();
36	    }
37	
38	    int peso=0, peso2=0, valor=0, valor2=0;
39	    for(int i=0; i < n; i++){
40	        peso += solution[i] * wt[i];
41	        valor += solution[i] * val[i];
42	    }
43	    for(int i=0; i < n; i++){
44	        peso2 += solution[i] * wt2[i];

Backtrace END
Memory content before bitflip:0x020x000x000x00
Fault Model: Zero bit-flip
base address to flip value: 0x7fffffffd87c
address max offset: 4
Memory content after  bitflip:0x000x000x000x00
frame name: genetic_algorithm
symbol name: i
symbol filename: knapsackga.cpp
symbol line: 135
value: 0
value address: 0x7fffffffd87c
Type: The type is an integer type.
Type sizeof: 4

[INFO -- 2018-12-08 16:20:22]
Fault Injection Successful after 1.9530010223388672s
[INFO -- 2018-12-08 16:20:29]
event type: exit
[INFO -- 2018-12-08 16:20:29]
exit code: 0
