[INFO -- 2018-09-23 22:37:19]
Starting flip_value script
version: 1.1
[INFO -- 2018-09-23 22:37:19]
Initialization strings:
[INFO -- 2018-09-23 22:37:19]
(1) file /tmp/knapsack/ga
[INFO -- 2018-09-23 22:37:19]
initSignal:1
[INFO -- 2018-09-23 22:37:19]
endSignal:3.5
[INFO -- 2018-09-23 22:37:19]
faultModel:4
[INFO -- 2018-09-23 22:37:20]
Backtrace BEGIN:
#0  0x00005555555595c7 in std::__copy_move_a<false, int const*, int*> (__first=0x5555555595a1 <std::__niter_base<int const*, std::vector<int, std::allocator<int> > >(__gnu_cxx::__normal_iterator<int const*, std::vector<int, std::allocator<int> > >)+24>, __last=0x7fffffffd5a0, __result=0x7fffffffd598) at /usr/include/c++/7/bits/stl_algobase.h:375
#1  0x000055555555a8a1 in std::__copy_move_a2<false, __gnu_cxx::__normal_iterator<int const*, std::vector<int, std::allocator<int> > >, int*> (__first=0, __last=0, __result=0x555555786bc0) at /usr/include/c++/7/bits/stl_algobase.h:424
#2  0x0000555555559fd6 in std::copy<__gnu_cxx::__normal_iterator<int const*, std::vector<int, std::allocator<int> > >, int*> (__first=0, __last=0, __result=0x555555786bc0) at /usr/include/c++/7/bits/stl_algobase.h:456
#3  0x000055555555948e in std::__uninitialized_copy<true>::__uninit_copy<__gnu_cxx::__normal_iterator<int const*, std::vector<int, std::allocator<int> > >, int*> (__first=0, __last=0, __result=0x555555786bc0) at /usr/include/c++/7/bits/stl_uninitialized.h:101
#4  0x00005555555583be in std::uninitialized_copy<__gnu_cxx::__normal_iterator<int const*, std::vector<int, std::allocator<int> > >, int*> (__first=0, __last=0, __result=0x555555786bc0) at /usr/include/c++/7/bits/stl_uninitialized.h:134
#5  0x0000555555556f6d in std::__uninitialized_copy_a<__gnu_cxx::__normal_iterator<int const*, std::vector<int, std::allocator<int> > >, int*, int> (__first=0, __last=0, __result=0x555555786bc0) at /usr/include/c++/7/bits/stl_uninitialized.h:289
#6  0x0000555555555ed1 in std::vector<int, std::allocator<int> >::vector (this=0x555555776420, __x=std::vector of length 200, capacity 256 = {...}) at /usr/include/c++/7/bits/stl_vector.h:331
#7  0x0000555555557e39 in chromossome::chromossome (this=0x555555776420) at knapsackga.cpp:42
#8  0x0000555555557e96 in __gnu_cxx::new_allocator<chromossome>::construct<chromossome, chromossome const&> (this=0x7fffffffd870, __p=0x555555776420, __args#0=...) at /usr/include/c++/7/ext/new_allocator.h:136
#9  0x0000555555556a90 in std::allocator_traits<std::allocator<chromossome> >::construct<chromossome, chromossome const&> (__a=..., __p=0x555555776420, __args#0=...) at /usr/include/c++/7/bits/alloc_traits.h:475
#10 0x0000555555556b50 in std::vector<chromossome, std::allocator<chromossome> >::_M_realloc_insert<chromossome const&> (this=0x7fffffffd870, __position={solution = std::vector of length 20, capacity 0 = {<error reading variable>, __args#0=...) at /usr/include/c++/7/bits/vector.tcc:415
#11 0x0000555555555d28 in std::vector<chromossome, std::allocator<chromossome> >::push_back (this=0x7fffffffd870, __x=...) at /usr/include/c++/7/bits/stl_vector.h:948
#12 0x000055555555502c in tournament (pop=std::vector of length 40, capacity 64 = {...}) at knapsackga.cpp:63
#13 0x0000555555555409 in genetic_algorithm () at knapsackga.cpp:102
#14 0x00005555555558d7 in main () at knapsackga.cpp:137

370		}
371	    };
372	
373	  template<bool _IsMove, typename _II, typename _OI>
374	    inline _OI
375	    __copy_move_a(_II __first, _II __last, _OI __result)
376	    {
377	      typedef typename iterator_traits<_II>::value_type _ValueTypeI;
378	      typedef typename iterator_traits<_OI>::value_type _ValueTypeO;
379	      typedef typename iterator_traits<_II>::iterator_category _Category;

Backtrace END
Fliping a bit of the value pointed by a reference
Fliping value of field: solution
Fliping value of field: std::_Vector_base<int, std::allocator<int> >
Fliping value of field: _M_impl
Fliping value of field: _M_end_of_storage
Fliping a bit of the pointer
Memory content before bitflip:0xc00xb40x770x550x550x550x000x00
Fault Model: LSB bit-flip
base address to flip value: 0x555555780000
address max offset: 8
Memory content after  bitflip:0xc00xb40x770x550x550x550x000x04
frame name: std::vector<chromossome, std::allocator<chromossome> >::_M_realloc_insert<chromossome const&>
symbol name: __args#0
symbol filename: /usr/include/c++/7/bits/vector.tcc
symbol line: 395
value: @0x55555577fff0
value address: 0x55555577fff0
Type: A reference type.
Type sizeof: 8

[INFO -- 2018-09-23 22:37:20]
Fault Injection Successful after 1.8026251792907715s
[INFO -- 2018-09-23 22:37:23]
event type: exit
[INFO -- 2018-09-23 22:37:23]
exit code: 0
