[INFO -- 2018-09-23 19:08:34]
Starting flip_value script
version: 1.1
[INFO -- 2018-09-23 19:08:34]
Initialization strings:
[INFO -- 2018-09-23 19:08:34]
(1) file /tmp/knapsack/sa
[INFO -- 2018-09-23 19:08:34]
initSignal:0
[INFO -- 2018-09-23 19:08:34]
endSignal:2
[INFO -- 2018-09-23 19:08:34]
faultModel:0
[INFO -- 2018-09-23 19:08:35]
Backtrace BEGIN:
#0  0x0000555555554fb0 in cost (solution=std::vector of length 200, capacity 200 = {...}) at knapsacksa.cpp:28
#1  0x000055555555511f in simulated_annealing () at knapsacksa.cpp:50
#2  0x000055555555535e in main () at knapsacksa.cpp:84

23	}
24	
25	int cost(vector<int> &solution){
26	    int peso=0, valor=0;
27	    for(int i=0; i < n; i++){
28	       peso += solution[i] * wt[i];
29	       valor += solution[i] * val[i];
30	    }
31	    if(peso > W)
32	       return 99999999;

Backtrace END
Memory content before bitflip:0xc80x000x000x00
Fault Model: Single bit-flip
base address to flip value: 0x555555759068 
address max offset: 4
Memory content after  bitflip:0x480x000x000x00
frame name: simulated_annealing
symbol name: n
symbol filename: knapsacksa.cpp
symbol line: 15
value: 72
value address: 0x555555759068 <n>
Type: The type is an integer type.
Type sizeof: 4

[INFO -- 2018-09-23 19:08:35]
Fault Injection Successful after 1.0707173347473145s
[INFO -- 2018-09-23 19:08:35]
event type: exit
[INFO -- 2018-09-23 19:08:35]
exit code: 0
