[INFO -- 2018-12-01 09:55:09]
Starting flip_value script
version: 1.1
[INFO -- 2018-12-01 09:55:09]
Initialization strings:
[INFO -- 2018-12-01 09:55:09]
(1) file /tmp/knapsack/mf
[INFO -- 2018-12-01 09:55:09]
initSignal:0
[INFO -- 2018-12-01 09:55:09]
endSignal:12
[INFO -- 2018-12-01 09:55:09]
faultModel:4
[EXCEPTION -- 2018-12-01 09:55:19]
pythonException: Unable to exit loop in struct fields; Exiting wihtout making a bit flip
[INFO -- 2018-12-01 09:55:19]
Backtrace BEGIN:
#0  0x00005555555551ec in knapSackAuxRec (i=178, j=514856, values=std::vector of length 200, capacity 256 = {...}, weights=std::vector of length 200, capacity 256 = {...}, V=std::vector of length 201, capacity 201 = {...}) at knapsackmf.cpp:40
#1  0x0000555555555294 in knapSackAuxRec (i=179, j=518030, values=std::vector of length 200, capacity 256 = {...}, weights=std::vector of length 200, capacity 256 = {...}, V=std::vector of length 201, capacity 201 = {...}) at knapsackmf.cpp:45
#2  0x00005555555552b8 in knapSackAuxRec (i=180, j=518030, values=std::vector of length 200, capacity 256 = {...}, weights=std::vector of length 200, capacity 256 = {...}, V=std::vector of length 201, capacity 201 = {...}) at knapsackmf.cpp:45
#3  0x0000555555555294 in knapSackAuxRec (i=181, j=523675, values=std::vector of length 200, capacity 256 = {...}, weights=std::vector of length 200, capacity 256 = {...}, V=std::vector of length 201, capacity 201 = {...}) at knapsackmf.cpp:45
#4  0x0000555555555294 in knapSackAuxRec (i=182, j=527773, values=std::vector of length 200, capacity 256 = {...}, weights=std::vector of length 200, capacity 256 = {...}, V=std::vector of length 201, capacity 201 = {...}) at knapsackmf.cpp:45
#5  0x00005555555552b8 in knapSackAuxRec (i=183, j=527773, values=std::vector of length 200, capacity 256 = {...}, weights=std::vector of length 200, capacity 256 = {...}, V=std::vector of length 201, capacity 201 = {...}) at knapsackmf.cpp:45
#6  0x00005555555552b8 in knapSackAuxRec (i=184, j=527773, values=std::vector of length 200, capacity 256 = {...}, weights=std::vector of length 200, capacity 256 = {...}, V=std::vector of length 201, capacity 201 = {...}) at knapsackmf.cpp:45
#7  0x0000555555555294 in knapSackAuxRec (i=185, j=537839, values=std::vector of length 200, capacity 256 = {...}, weights=std::vector of length 200, capacity 256 = {...}, V=std::vector of length 201, capacity 201 = {...}) at knapsackmf.cpp:45
#8  0x00005555555552b8 in knapSackAuxRec (i=186, j=537839, values=std::vector of length 200, capacity 256 = {...}, weights=std::vector of length 200, capacity 256 = {...}, V=std::vector of length 201, capacity 201 = {...}) at knapsackmf.cpp:45
#9  0x0000555555555294 in knapSackAuxRec (i=187, j=546129, values=std::vector of length 200, capacity 256 = {...}, weights=std::vector of length 200, capacity 256 = {...}, V=std::vector of length 201, capacity 201 = {...}) at knapsackmf.cpp:45
#10 0x00005555555552b8 in knapSackAuxRec (i=188, j=546129, values=std::vector of length 200, capacity 256 = {...}, weights=std::vector of length 200, capacity 256 = {...}, V=std::vector of length 201, capacity 201 = {...}) at knapsackmf.cpp:45
#11 0x0000555555555294 in knapSackAuxRec (i=189, j=552245, values=std::vector of length 200, capacity 256 = {...}, weights=std::vector of length 200, capacity 256 = {...}, V=std::vector of length 201, capacity 201 = {...}) at knapsackmf.cpp:45
#12 0x00005555555552b8 in knapSackAuxRec (i=190, j=552245, values=std::vector of length 200, capacity 256 = {...}, weights=std::vector of length 200, capacity 256 = {...}, V=std::vector of length 201, capacity 201 = {...}) at knapsackmf.cpp:45
#13 0x00005555555552b8 in knapSackAuxRec (i=191, j=552245, values=std::vector of length 200, capacity 256 = {...}, weights=std::vector of length 200, capacity 256 = {...}, V=std::vector of length 201, capacity 201 = {...}) at knapsackmf.cpp:45
#14 0x00005555555552b8 in knapSackAuxRec (i=192, j=552245, values=std::vector of length 200, capacity 256 = {...}, weights=std::vector of length 200, capacity 256 = {...}, V=std::vector of length 201, capacity 201 = {...}) at knapsackmf.cpp:45
#15 0x0000555555555294 in knapSackAuxRec (i=193, j=558496, values=std::vector of length 200, capacity 256 = {...}, weights=std::vector of length 200, capacity 256 = {...}, V=std::vector of length 201, capacity 201 = {...}) at knapsackmf.cpp:45
#16 0x00005555555552b8 in knapSackAuxRec (i=194, j=558496, values=std::vector of length 200, capacity 256 = {...}, weights=std::vector of length 200, capacity 256 = {...}, V=std::vector of length 201, capacity 201 = {...}) at knapsackmf.cpp:45
#17 0x00005555555552b8 in knapSackAuxRec (i=195, j=558496, values=std::vector of length 200, capacity 256 = {...}, weights=std::vector of length 200, capacity 256 = {...}, V=std::vector of length 201, capacity 201 = {...}) at knapsackmf.cpp:45
#18 0x0000555555555294 in knapSackAuxRec (i=196, j=567523, values=std::vector of length 200, capacity 256 = {...}, weights=std::vector of length 200, capacity 256 = {...}, V=std::vector of length 201, capacity 201 = {...}) at knapsackmf.cpp:45
#19 0x0000555555555294 in knapSackAuxRec (i=197, j=572185, values=std::vector of length 200, capacity 256 = {...}, weights=std::vector of length 200, capacity 256 = {...}, V=std::vector of length 201, capacity 201 = {...}) at knapsackmf.cpp:45
#20 0x0000555555555294 in knapSackAuxRec (i=198, j=578378, values=std::vector of length 200, capacity 256 = {...}, weights=std::vector of length 200, capacity 256 = {...}, V=std::vector of length 201, capacity 201 = {...}) at knapsackmf.cpp:45
#21 0x0000555555555294 in knapSackAuxRec (i=199, j=588593, values=std::vector of length 200, capacity 256 = {...}, weights=std::vector of length 200, capacity 256 = {...}, V=std::vector of length 201, capacity 201 = {...}) at knapsackmf.cpp:45
#22 0x0000555555555294 in knapSackAuxRec (i=200, j=588593, values=std::vector of length 200, capacity 256 = {...}, weights=std::vector of length 200, capacity 256 = {...}, V=std::vector of length 201, capacity 201 = {...}) at knapsackmf.cpp:45
#23 0x000055555555511f in knapSack (W=588593, n=200, values=std::vector of length 200, capacity 256 = {...}, weights=std::vector of length 200, capacity 256 = {...}, V=std::vector of length 201, capacity 201 = {...}) at knapsackmf.cpp:33
#24 0x0000555555555494 in executeAlgorithm () at knapsackmf.cpp:75
#25 0x0000555555555595 in main () at knapsackmf.cpp:82

35	    return V[n][W];
36	}
37	
38	int knapSackAuxRec(int i, int j, vector<int>& values, vector<int>& weights, vector<vector<int>>& V) { // i = n, j = w
39	    int value;
40	    if (V[i][j] < 0) { // meaning not already calculated
41	
42	        if (j < weights[i]) {
43	            value = knapSackAuxRec(i - 1, j, values, weights, V);
44	        } else {

Backtrace END
Fliping a bit of the value pointed by a reference
Fliping value of field: std::_Vector_base<int, std::allocator<int> >
Fliping value of field: _M_impl
Fliping value of field: _M_finish
Fliping a bit of the pointer
Memory content before bitflip:0xe00x120x770x550x550x550x000x00
Fault Model: LSB bit-flip
base address to flip value: 0x7fffffffd6b8
address max offset: 8
Memory content after  bitflip:0xe00x120x770x550x550x550x000x08
frame name: knapSack
symbol name: weights
symbol filename: knapsackmf.cpp
symbol line: 16
value: std::vector of length 144115188075856072, capacity 256 = {10561, 10479, 1566, 1849, 9355, 8360, 7698, 4082, 7060, 7069, 6813, 2584, 5307, 4936, 8231, 10949, 10494, 6442, 5449, 3683, 1360, 1275, 5649, 4185, 4801, 9918, 6258, 6606, 3362, 1239, 4252, 2367, 6103, 10987, 7745, 2819, 9936, 8968, 8345, 10066, 8629, 8898, 4538, 10810, 10620, 2612, 8541, 8152, 5615, 6304, 5901, 10249, 6009, 9316, 4540, 9829, 9998, 5611, 6678, 10204, 8238, 5867, 3219, 4247, 7996, 2661, 10080, 3682, 10114, 4096, 10574, 8063, 6043, 6178, 7515, 6880, 4119, 3079, 6119, 10342, 7233, 1754, 9204, 8260, 10077, 2915, 8448, 1588, 7530, 3731, 3267, 9755, 2063, 6224, 9540, 3449, 3105, 9806, 5230, 8170, 1319, 4624, 2719, 7728, 1830, 10546, 1254, 8295, 1212, 3557, 9134, 2572, 2838, 7915, 4856, 1432, 10901, 2515, 1363, 4443, 7153, 8425, 2132, 4373, 1309, 5487, 8660, 8400, 10021, 8557, 9625, 8054, 5728, 3256, 7609, 4164, 2021, 5479, 9748, 2276, 6850, 4930, 6149, 2439, 10598, 3591, 7061, 5198, 1181, 6580, 2406, 1568, 1336, 2612, 1959, 7351, 6083, 10835, 10342, 10946, 3325, 5447, 3508, 6913, 7242, 9003, 8095, 3567, 5231, 6262, 1049, 1355, 5088, 2112, 8238, 3409, 1998, 2818, 3316, 3174, 6208, 5645, 4098, 7418, 3125, 10066, 10632, 8290, 5338, 6116, 6811, 1513, 5181, 6251, 2813, 1938, 9027, 4662, 6193, 10215...}
value address: 0x7fffffffd6b0
Type: A reference type.
Type sizeof: 8

[INFO -- 2018-12-01 09:55:19]
Fault Injection Successful after 10.245100259780884s
[INFO -- 2018-12-01 09:55:19]
event type: exit
[INFO -- 2018-12-01 09:55:19]
exit code: 0
