[INFO -- 2018-09-24 18:50:45]
Starting flip_value script
version: 1.1
[INFO -- 2018-09-24 18:50:45]
Initialization strings:
[INFO -- 2018-09-24 18:50:45]
(1) file /tmp/knapsack/ga
[INFO -- 2018-09-24 18:50:45]
initSignal:1
[INFO -- 2018-09-24 18:50:45]
endSignal:3.5
[INFO -- 2018-09-24 18:50:45]
faultModel:0
[INFO -- 2018-09-24 18:50:46]
Backtrace BEGIN:
#0  std::__uninitialized_move_if_noexcept_a<chromossome*, chromossome*, std::allocator<chromossome> > (__first=0x555555776400, __last=0x555555776440, __result=0x5555557764e0, __alloc=...) at /usr/include/c++/7/bits/stl_uninitialized.h:305
#1  0x0000555555556bcd in std::vector<chromossome, std::allocator<chromossome> >::_M_realloc_insert<chromossome const&> (this=0x7fffffffd870, __position={solution = std::vector of length 36, capacity 0 = {<error reading variable>, __args#0=...) at /usr/include/c++/7/bits/vector.tcc:431
#2  0x0000555555555d28 in std::vector<chromossome, std::allocator<chromossome> >::push_back (this=0x7fffffffd870, __x=...) at /usr/include/c++/7/bits/stl_vector.h:948
#3  0x000055555555502c in tournament (pop=std::vector of length 40, capacity 64 = {...}) at knapsackga.cpp:63
#4  0x0000555555555447 in genetic_algorithm () at knapsackga.cpp:103
#5  0x00005555555558d7 in main () at knapsackga.cpp:137

300	    }
301	
302	  template<typename _InputIterator, typename _ForwardIterator,
303		   typename _Allocator>
304	    inline _ForwardIterator
305	    __uninitialized_move_if_noexcept_a(_InputIterator __first,
306					       _InputIterator __last,
307					       _ForwardIterator __result,
308					       _Allocator& __alloc)
309	    {

Backtrace END
Memory content before bitflip:0x5e0x0d0x000x00
Fault Model: Single bit-flip
base address to flip value: 0x7fffffffd8c4
address max offset: 4
Memory content after  bitflip:0x5e0x0d0x000x04
frame name: genetic_algorithm
symbol name: g
symbol filename: knapsackga.cpp
symbol line: 94
value: 67112286
value address: 0x7fffffffd8c4
Type: The type is an integer type.
Type sizeof: 4

[INFO -- 2018-09-24 18:50:46]
Fault Injection Successful after 1.9047117233276367s
[INFO -- 2018-09-24 18:50:46]
event type: exit
[INFO -- 2018-09-24 18:50:46]
exit code: 0
