[INFO -- 2018-09-23 15:44:32]
Starting flip_value script
version: 1.1
[INFO -- 2018-09-23 15:44:32]
Initialization strings:
[INFO -- 2018-09-23 15:44:32]
(1) file /tmp/knapsack/sa
[INFO -- 2018-09-23 15:44:32]
initSignal:0
[INFO -- 2018-09-23 15:44:32]
endSignal:2
[INFO -- 2018-09-23 15:44:32]
faultModel:2
[EXCEPTION -- 2018-09-23 15:44:32]
gdbException: Attempt to dereference a generic pointer.
[INFO -- 2018-09-23 15:44:33]
Backtrace BEGIN:
#0  0x0000555555554f7b in cost (solution=std::vector of length 200, capacity 200 = {...}) at knapsacksa.cpp:27
#1  0x000055555555511f in simulated_annealing () at knapsacksa.cpp:50
#2  0x000055555555535e in main () at knapsacksa.cpp:84

22	   return static_cast <float> (rand()) / static_cast <float> (RAND_MAX);
23	}
24	
25	int cost(vector<int> &solution){
26	    int peso=0, valor=0;
27	    for(int i=0; i < n; i++){
28	       peso += solution[i] * wt[i];
29	       valor += solution[i] * val[i];
30	    }
31	    if(peso > W)

Backtrace END
Memory content before bitflip:0x310xfb0x080x00
Fault Model: Random bit-flip
base address to flip value: 0x55555575906c 
address max offset: 4
Memory content after  bitflip:0x240xa70xd00x9c
frame name: main
symbol name: W
symbol filename: knapsacksa.cpp
symbol line: 15
value: -1664047324
value address: 0x55555575906c <W>
Type: The type is an integer type.
Type sizeof: 4

[INFO -- 2018-09-23 15:44:33]
Fault Injection Successful after 1.2439606189727783s
[INFO -- 2018-09-23 15:44:35]
event type: exit
[INFO -- 2018-09-23 15:44:35]
exit code: 0
