[INFO -- 2018-09-23 16:55:21]
Starting flip_value script
version: 1.1
[INFO -- 2018-09-23 16:55:21]
Initialization strings:
[INFO -- 2018-09-23 16:55:21]
(1) file /tmp/knapsack/sa
[INFO -- 2018-09-23 16:55:21]
initSignal:0
[INFO -- 2018-09-23 16:55:21]
endSignal:2
[INFO -- 2018-09-23 16:55:21]
faultModel:3
[INFO -- 2018-09-23 16:55:22]
Backtrace BEGIN:
#0  std::vector<int, std::allocator<int> >::operator[] (this=0x7fffffffda30, __n=146) at /usr/include/c++/7/bits/stl_vector.h:798
#1  0x0000555555554fc8 in cost (solution=std::vector of length 200, capacity 200 = {...}) at knapsacksa.cpp:29
#2  0x000055555555511f in simulated_annealing () at knapsacksa.cpp:50
#3  0x000055555555535e in main () at knapsacksa.cpp:84

793	       */
794	      reference
795	      operator[](size_type __n) _GLIBCXX_NOEXCEPT
796	      {
797		__glibcxx_requires_subscript(__n);
798		return *(this->_M_impl._M_start + __n);
799	      }
800	
801	      /**
802	       *  @brief  Subscript access to the data contained in the %vector.

Backtrace END
Memory content before bitflip:0x9d0x240x060x00
Fault Model: Zero bit-flip
base address to flip value: 0x7fffffffd9b4
address max offset: 4
Memory content after  bitflip:0x000x000x000x00
frame name: cost
symbol name: peso
symbol filename: knapsacksa.cpp
symbol line: 26
value: 0
value address: 0x7fffffffd9b4
Type: The type is an integer type.
Type sizeof: 4

[INFO -- 2018-09-23 16:55:22]
Fault Injection Successful after 1.5214259624481201s
[INFO -- 2018-09-23 16:55:24]
event type: exit
[INFO -- 2018-09-23 16:55:24]
exit code: 0
