[INFO -- 2018-09-25 01:07:52]
Starting flip_value script
version: 1.1
[INFO -- 2018-09-25 01:07:52]
Initialization strings:
[INFO -- 2018-09-25 01:07:52]
(1) file /tmp/knapsack/ga
[INFO -- 2018-09-25 01:07:52]
initSignal:1
[INFO -- 2018-09-25 01:07:52]
endSignal:3.5
[INFO -- 2018-09-25 01:07:52]
faultModel:0
[INFO -- 2018-09-25 01:07:54]
Backtrace BEGIN:
#0  0x000055555555949c in std::move<int*&> (__t=@0x555555776530: 0x0) at /usr/include/c++/7/bits/move.h:99
#1  0x00005555555594c9 in std::swap<int*> (__a=@0x555555776530: 0x0, __b=@0x7fffffffd5d0: 0x0) at /usr/include/c++/7/bits/move.h:198
#2  0x000055555555847b in std::_Vector_base<int, std::allocator<int> >::_Vector_impl::_M_swap_data (this=0x555555776520, __x=...) at /usr/include/c++/7/bits/stl_vector.h:107
#3  0x000055555555742f in std::vector<int, std::allocator<int> >::_M_move_assign (this=0x555555776520, __x=...) at /usr/include/c++/7/bits/stl_vector.h:1532
#4  0x0000555555556453 in std::vector<int, std::allocator<int> >::operator= (this=0x555555776520, __x=...) at /usr/include/c++/7/bits/stl_vector.h:466
#5  0x0000555555559233 in chromossome::operator= (this=0x555555776520) at knapsackga.cpp:42
#6  0x0000555555559f2d in std::__unguarded_linear_insert<__gnu_cxx::__normal_iterator<chromossome*, std::vector<chromossome, std::allocator<chromossome> > >, __gnu_cxx::__ops::_Val_less_iter> (__last={solution = std::vector of length 0, capacity 0, fitness = -513587}, __comp=...) at /usr/include/c++/7/bits/stl_algo.h:1830
#7  0x0000555555559374 in std::__insertion_sort<__gnu_cxx::__normal_iterator<chromossome*, std::vector<chromossome, std::allocator<chromossome> > >, __gnu_cxx::__ops::_Iter_less_iter> (__first={solution = std::vector of length 200, capacity 200 = {0, 1, 0, 0, 1, 1, 1, 0, 0, 0, 0, 0, 0, 1, 1, 1, 1, 0, 0, 1, 0, 0, 0, 0, 1, 0, 0, 1, 1, 0, 0, 0, 0, 1, 1, 0, 0, 1, 1, 1, 0, 0, 0, 0, 1, 0, 1, 0, 1, 0, 1, 1, 0, 0, 1, 1, 1, 0, 0, 1, 1, 0, 0, 0, 0, 0, 1, 0, 0, 0, 1, 1, 1, 1, 0, 1, 0, 0, 1, 1, 1, 0, 0, 1, 1, 0, 1, 0, 1, 0, 0, 1, 0, 0, 1, 0, 0, 0, 0, 0, 0, 0, 0, 1, 0, 1, 1, 0, 0, 0, 1, 0, 0, 1, 0, 1, 0, 0, 0, 1, 1, 0, 1, 0, 0, 0, 0, 1, 1, 1, 1, 0, 0, 0, 1, 0, 0, 0, 1, 0, 0, 0, 0, 0, 1, 0, 0, 0, 0, 1, 0, 0, 0, 0, 0, 0, 0, 1, 1, 1, 1, 0, 0, 0, 1, 0, 1, 0, 0, 1, 0, 0, 1, 0, 1, 0, 0, 0, 1, 0, 1, 0, 0, 1, 0, 0, 1, 1, 1, 0, 0, 0, 0, 0, 0, 0, 0, 0, 0, 1...}, fitness = -513587}, __last={solution = std::vector of length 0, capacity 0, fitness = 99999999}, __comp=...) at /usr/include/c++/7/bits/stl_algo.h:1855
#8  0x000055555555826f in std::__final_insertion_sort<__gnu_cxx::__normal_iterator<chromossome*, std::vector<chromossome, std::allocator<chromossome> > >, __gnu_cxx::__ops::_Iter_less_iter> (__first={solution = std::vector of length 200, capacity 200 = {0, 1, 0, 0, 1, 1, 1, 0, 0, 0, 0, 0, 0, 1, 1, 1, 1, 0, 0, 1, 0, 0, 0, 0, 1, 0, 0, 1, 1, 0, 0, 0, 0, 1, 1, 0, 0, 1, 1, 1, 0, 0, 0, 0, 1, 0, 1, 0, 1, 0, 1, 1, 0, 0, 1, 1, 1, 0, 0, 1, 1, 0, 0, 0, 0, 0, 1, 0, 0, 0, 1, 1, 1, 1, 0, 1, 0, 0, 1, 1, 1, 0, 0, 1, 1, 0, 1, 0, 1, 0, 0, 1, 0, 0, 1, 0, 0, 0, 0, 0, 0, 0, 0, 1, 0, 1, 1, 0, 0, 0, 1, 0, 0, 1, 0, 1, 0, 0, 0, 1, 1, 0, 1, 0, 0, 0, 0, 1, 1, 1, 1, 0, 0, 0, 1, 0, 0, 0, 1, 0, 0, 0, 0, 0, 1, 0, 0, 0, 0, 1, 0, 0, 0, 0, 0, 0, 0, 1, 1, 1, 1, 0, 0, 0, 1, 0, 1, 0, 0, 1, 0, 0, 1, 0, 1, 0, 0, 0, 1, 0, 1, 0, 0, 1, 0, 0, 1, 1, 1, 0, 0, 0, 0, 0, 0, 0, 0, 0, 0, 1...}, fitness = -513587}, __last={solution = std::vector of length 0, capacity 0, fitness = 99999999}, __comp=...) at /usr/include/c++/7/bits/stl_algo.h:1890
#9  0x0000555555556da9 in std::__sort<__gnu_cxx::__normal_iterator<chromossome*, std::vector<chromossome, std::allocator<chromossome> > >, __gnu_cxx::__ops::_Iter_less_iter> (__first={solution = std::vector of length 200, capacity 200 = {0, 1, 0, 0, 1, 1, 1, 0, 0, 0, 0, 0, 0, 1, 1, 1, 1, 0, 0, 1, 0, 0, 0, 0, 1, 0, 0, 1, 1, 0, 0, 0, 0, 1, 1, 0, 0, 1, 1, 1, 0, 0, 0, 0, 1, 0, 1, 0, 1, 0, 1, 1, 0, 0, 1, 1, 1, 0, 0, 1, 1, 0, 0, 0, 0, 0, 1, 0, 0, 0, 1, 1, 1, 1, 0, 1, 0, 0, 1, 1, 1, 0, 0, 1, 1, 0, 1, 0, 1, 0, 0, 1, 0, 0, 1, 0, 0, 0, 0, 0, 0, 0, 0, 1, 0, 1, 1, 0, 0, 0, 1, 0, 0, 1, 0, 1, 0, 0, 0, 1, 1, 0, 1, 0, 0, 0, 0, 1, 1, 1, 1, 0, 0, 0, 1, 0, 0, 0, 1, 0, 0, 0, 0, 0, 1, 0, 0, 0, 0, 1, 0, 0, 0, 0, 0, 0, 0, 1, 1, 1, 1, 0, 0, 0, 1, 0, 1, 0, 0, 1, 0, 0, 1, 0, 1, 0, 0, 0, 1, 0, 1, 0, 0, 1, 0, 0, 1, 1, 1, 0, 0, 0, 0, 0, 0, 0, 0, 0, 0, 1...}, fitness = -513587}, __last={solution = std::vector of length 0, capacity 0, fitness = 99999999}, __comp=...) at /usr/include/c++/7/bits/stl_algo.h:1971
#10 0x0000555555555dfd in std::sort<__gnu_cxx::__normal_iterator<chromossome*, std::vector<chromossome, std::allocator<chromossome> > > > (__first={solution = std::vector of length 200, capacity 200 = {0, 1, 0, 0, 1, 1, 1, 0, 0, 0, 0, 0, 0, 1, 1, 1, 1, 0, 0, 1, 0, 0, 0, 0, 1, 0, 0, 1, 1, 0, 0, 0, 0, 1, 1, 0, 0, 1, 1, 1, 0, 0, 0, 0, 1, 0, 1, 0, 1, 0, 1, 1, 0, 0, 1, 1, 1, 0, 0, 1, 1, 0, 0, 0, 0, 0, 1, 0, 0, 0, 1, 1, 1, 1, 0, 1, 0, 0, 1, 1, 1, 0, 0, 1, 1, 0, 1, 0, 1, 0, 0, 1, 0, 0, 1, 0, 0, 0, 0, 0, 0, 0, 0, 1, 0, 1, 1, 0, 0, 0, 1, 0, 0, 1, 0, 1, 0, 0, 0, 1, 1, 0, 1, 0, 0, 0, 0, 1, 1, 1, 1, 0, 0, 0, 1, 0, 0, 0, 1, 0, 0, 0, 0, 0, 1, 0, 0, 0, 0, 1, 0, 0, 0, 0, 0, 0, 0, 1, 1, 1, 1, 0, 0, 0, 1, 0, 1, 0, 0, 1, 0, 0, 1, 0, 1, 0, 0, 0, 1, 0, 1, 0, 0, 1, 0, 0, 1, 1, 1, 0, 0, 0, 0, 0, 0, 0, 0, 0, 0, 1...}, fitness = -513587}, __last={solution = std::vector of length 0, capacity 0, fitness = 99999999}) at /usr/include/c++/7/bits/stl_algo.h:4836
#11 0x0000555555555058 in tournament (pop=std::vector of length 40, capacity 64 = {...}) at knapsackga.cpp:66
#12 0x0000555555555447 in genetic_algorithm () at knapsackga.cpp:103
#13 0x00005555555558d7 in main () at knapsackga.cpp:137

94	   *  @return The parameter cast to an rvalue-reference to allow moving it.
95	  */
96	  template<typename _Tp>
97	    constexpr typename std::remove_reference<_Tp>::type&&
98	    move(_Tp&& __t) noexcept
99	    { return static_cast<typename std::remove_reference<_Tp>::type&&>(__t); }
100	
101	
102	  template<typename _Tp>
103	    struct __move_if_noexcept_cond

Backtrace END
Fliping value of field: std::_Vector_base<int, std::allocator<int> >
Fliping value of field: _M_impl
Fliping value of field: _M_end_of_storage
Fliping a bit of the pointer
Memory content before bitflip:0xb00x6b0x780x550x550x550x000x00
Fault Model: Single bit-flip
base address to flip value: 0x7fffffffd920
address max offset: 8
Memory content after  bitflip:0xb00x6b0x780x550x550x550x000x20
frame name: genetic_algorithm
symbol name: pai
symbol filename: knapsackga.cpp
symbol line: 101
value: std::vector of length 200, capacity 576460752303423688 = {0, 1, 0, 0, 1, 1, 1, 0, 0, 0, 0, 0, 0, 1, 1, 1, 1, 0, 0, 1, 0, 0, 0, 0, 1, 0, 0, 1, 1, 0, 0, 0, 0, 1, 1, 0, 0, 1, 1, 1, 0, 0, 0, 0, 1, 0, 1, 0, 1, 0, 1, 1, 0, 0, 1, 1, 1, 0, 0, 1, 1, 0, 0, 0, 0, 0, 1, 0, 0, 0, 1, 1, 1, 1, 0, 1, 0, 0, 1, 1, 1, 0, 0, 1, 1, 0, 1, 0, 1, 0, 0, 1, 0, 0, 1, 0, 0, 0, 0, 0, 0, 0, 0, 1, 0, 1, 1, 0, 0, 0, 1, 0, 0, 1, 0, 1, 0, 0, 0, 1, 1, 0, 1, 0, 0, 0, 0, 1, 1, 1, 1, 0, 0, 0, 1, 0, 0, 0, 1, 0, 0, 0, 0, 0, 1, 0, 0, 0, 0, 1, 0, 0, 0, 0, 0, 0, 0, 1, 1, 1, 1, 0, 0, 0, 1, 0, 1, 0, 0, 1, 0, 0, 1, 0, 1, 0, 0, 0, 1, 0, 1, 0, 0, 1, 0, 0, 1, 1, 1, 0, 0, 0, 0, 0, 0, 0, 0, 0, 0, 1...}
value address: 0x7fffffffd910
Type: The type is a structure.
Type sizeof: 24
Field name: std::_Vector_base<int, std::allocator<int> >
Field Type: The type is a structure.
Field Type sizeof: 24

[INFO -- 2018-09-25 01:07:54]
Fault Injection Successful after 2.1133534908294678s
[INFO -- 2018-09-25 01:07:55]
event type: exit
[INFO -- 2018-09-25 01:07:55]
exit code: 0
