[INFO -- 2018-12-09 01:48:38]
Starting flip_value script
version: 1.1
[INFO -- 2018-12-09 01:48:38]
Initialization strings:
[INFO -- 2018-12-09 01:48:38]
(1) file /tmp/knapsack/ga
[INFO -- 2018-12-09 01:48:38]
initSignal:1
[INFO -- 2018-12-09 01:48:38]
endSignal:8
[INFO -- 2018-12-09 01:48:38]
faultModel:0
[INFO -- 2018-12-09 01:48:40]
Backtrace BEGIN:
#0  0x000055555555560d in genetic_algorithm () at knapsackga.cpp:127
#1  0x0000555555555b6c in main () at knapsackga.cpp:165

122	
123	        for(int i=0; i < 2; i++)
124	            new_pop.push_back(pop[i]);
125	
126	        while(new_pop.size() != pop_size){
127	            vector<int> pai, mae, filho1, filho2;
128	            pai = tournament(pop);
129	            mae = tournament(pop);
130	            crossover(pai, mae, filho1, filho2);
131	            chromossome f1, f2; f1.solution = filho1; f2.solution = filho2;

Backtrace END
Fliping value of field: fitness
Memory content before bitflip:0xe60x7a0x550x55
Fault Model: Single bit-flip
base address to flip value: 0x7fffffffd998
address max offset: 4
Memory content after  bitflip:0xe60x7a0x550xd5
frame name: genetic_algorithm
symbol name: f1
symbol filename: knapsackga.cpp
symbol line: 131
value: {solution = std::vector of length 200, capacity 200 = {1433954432, 21845, 0, 0, 1, 1, 1, 0, 0, 0, 0, 0, 0, 0, 1, 1, 1, 0, 0, 0, 0, 0, 0, 1, 1, 0, 1, 1, 1, 0, 0, 0, 0, 1, 0, 0, 0, 1, 1, 1, 0, 0, 0, 0, 1, 0, 1, 0, 1, 0, 0, 1, 1, 0, 1, 1, 1, 0, 0, 1, 1, 1, 1, 0, 0, 0, 1, 0, 0, 0, 1, 0, 0, 0, 1, 1, 0, 0, 1, 1, 1, 0, 0, 1, 1, 0, 1, 0, 1, 0, 0, 1, 0, 0, 1, 0, 0, 0, 0, 0, 1, 1, 0, 1, 0, 1, 0, 1, 0, 0, 0, 0, 1, 1, 0, 1, 0, 0, 0, 1, 1, 0, 1, 1, 0, 0, 1, 0, 1, 1, 1, 1, 0, 0, 1, 0, 0, 1, 1, 0, 0, 1, 1, 0, 0, 0, 1, 0, 0, 1, 0, 0, 1, 1, 0, 0, 0, 1, 0, 1, 1, 0, 0, 0, 1, 0, 0, 0, 1, 0, 1, 0, 1, 0, 0, 0, 0, 0, 0, 0, 1, 0, 0, 1, 1, 0, 1, 1, 1, 0, 0, 0, 0, 0, 0, 0, 0, 0, 0, 1...}, fitness = -715818266}
value address: 0x7fffffffd980
Type: The type is a structure.
Type sizeof: 32
Field name: solution
Field Type: The type is a structure.
Field Type sizeof: 24
Field name: fitness
Field Type: The type is an integer type.
Field Type sizeof: 4

[INFO -- 2018-12-09 01:48:40]
Fault Injection Successful after 2.0797605514526367s
[INFO -- 2018-12-09 01:48:46]
event type: exit
[INFO -- 2018-12-09 01:48:46]
exit code: 0
