[INFO -- 2018-11-30 11:45:50]
Starting flip_value script
version: 1.1
[INFO -- 2018-11-30 11:45:50]
Initialization strings:
[INFO -- 2018-11-30 11:45:50]
(1) file /tmp/knapsack/sa
[INFO -- 2018-11-30 11:45:50]
initSignal:0
[INFO -- 2018-11-30 11:45:50]
endSignal:7
[INFO -- 2018-11-30 11:45:50]
faultModel:0
[INFO -- 2018-11-30 11:45:55]
Backtrace BEGIN:
#0  0x00005555555550fa in cost (solution=std::vector of length 200, capacity 200 = {...}) at knapsacksa.cpp:29
#1  0x0000555555555259 in simulated_annealing () at knapsacksa.cpp:52
#2  0x0000555555555532 in main () at knapsacksa.cpp:87

24	
25	int cost(vector<int> &solution){
26	    int peso=0, valor=0;
27	    for(int i=0; i < n; i++){
28	       peso += solution[i] * wt[i];
29	       valor += solution[i] * val[i];
30	    }
31	    if(peso > W)
32	       return 99999999;
33	    else

Backtrace END
Memory content before bitflip:0x520xe40x040x00
Fault Model: Single bit-flip
base address to flip value: 0x7fffffffd918
address max offset: 4
Memory content after  bitflip:0x520xe40x040x04
frame name: cost
symbol name: valor
symbol filename: knapsacksa.cpp
symbol line: 26
value: 67429458
value address: 0x7fffffffd918
Type: The type is an integer type.
Type sizeof: 4

[INFO -- 2018-11-30 11:45:55]
Fault Injection Successful after 5.828892946243286s
[INFO -- 2018-11-30 11:45:59]
event type: exit
[INFO -- 2018-11-30 11:45:59]
exit code: 0
