[INFO -- 2018-12-01 12:12:34]
Starting flip_value script
version: 1.1
[INFO -- 2018-12-01 12:12:34]
Initialization strings:
[INFO -- 2018-12-01 12:12:34]
(1) file /tmp/knapsack/ga
[INFO -- 2018-12-01 12:12:34]
initSignal:0
[INFO -- 2018-12-01 12:12:34]
endSignal:13
[INFO -- 2018-12-01 12:12:34]
faultModel:3
[INFO -- 2018-12-01 12:12:40]
Backtrace BEGIN:
#0  crossover (pai=std::vector of length 200, capacity 200 = {...}, mae=std::vector of length 200, capacity 200 = {...}, filho1=std::vector of length 200, capacity 200 = {...}, filho2=std::vector of length 200, capacity 200 = {...}) at knapsackga.cpp:72
#1  0x00005555555555c7 in genetic_algorithm () at knapsackga.cpp:104
#2  0x0000555555555a9b in main () at knapsackga.cpp:141

67	    vector<int> tournamentWinner = competitors[0].solution;
68	    return tournamentWinner;
69	}
70	
71	void crossover(vector<int> &pai, vector<int> &mae, vector<int> &filho1, vector<int> &filho2){
72	    vector<int> mask(n);
73	    for(int i = 0; i < n; i++){
74	        mask[i] = rand_bit();
75	    }
76	    filho1 = pai;

Backtrace END
Memory content before bitflip:0xff0x7f0x000x00
Fault Model: Zero bit-flip
base address to flip value: 0x7fffffffd9dc
address max offset: 4
Memory content after  bitflip:0x000x000x000x00
frame name: main
symbol name: result2
symbol filename: knapsackga.cpp
symbol line: 143
value: 0
value address: 0x7fffffffd9dc
Type: The type is an integer type.
Type sizeof: 4

[INFO -- 2018-12-01 12:12:40]
Fault Injection Successful after 6.092297792434692s
[INFO -- 2018-12-01 12:12:47]
event type: exit
[INFO -- 2018-12-01 12:12:47]
exit code: 0
