[INFO -- 2018-12-08 19:04:53]
Starting flip_value script
version: 1.1
[INFO -- 2018-12-08 19:04:53]
Initialization strings:
[INFO -- 2018-12-08 19:04:53]
(1) file /tmp/knapsack/ga
[INFO -- 2018-12-08 19:04:53]
initSignal:1
[INFO -- 2018-12-08 19:04:53]
endSignal:8
[INFO -- 2018-12-08 19:04:53]
faultModel:0
[INFO -- 2018-12-08 19:04:55]
Backtrace BEGIN:
#0  std::vector<int, std::allocator<int> >::operator[] (this=0x7fffffffd820, __n=95) at /usr/include/c++/7/bits/stl_vector.h:799
#1  0x000055555555534b in crossover (pai=std::vector of length 200, capacity 200 = {...}, mae=std::vector of length 200, capacity 200 = {...}, filho1=std::vector of length 0, capacity 0, filho2=std::vector of length 0, capacity 0) at knapsackga.cpp:95
#2  0x00005555555556d7 in genetic_algorithm () at knapsackga.cpp:130
#3  0x0000555555555b6c in main () at knapsackga.cpp:165

794	      reference
795	      operator[](size_type __n) _GLIBCXX_NOEXCEPT
796	      {
797		__glibcxx_requires_subscript(__n);
798		return *(this->_M_impl._M_start + __n);
799	      }
800	
801	      /**
802	       *  @brief  Subscript access to the data contained in the %vector.
803	       *  @param __n The index of the element for which data should be

Backtrace END
Memory content before bitflip:0x310xfb0x080x00
Fault Model: Single bit-flip
base address to flip value: 0x55555575f0b0 
address max offset: 4
Memory content after  bitflip:0x350xfb0x080x00
frame name: std::vector<int, std::allocator<int> >::operator[]
symbol name: W
symbol filename: knapsackga.cpp
symbol line: 18
value: 588597
value address: 0x55555575f0b0 <W>
Type: The type is an integer type.
Type sizeof: 4

[INFO -- 2018-12-08 19:04:55]
Fault Injection Successful after 2.194362163543701s
[INFO -- 2018-12-08 19:04:55]
event type: exit
[INFO -- 2018-12-08 19:04:55]
exit code: 0
