[INFO -- 2018-09-25 00:52:57]
Starting flip_value script
version: 1.1
[INFO -- 2018-09-25 00:52:57]
Initialization strings:
[INFO -- 2018-09-25 00:52:57]
(1) file /tmp/knapsack/ga
[INFO -- 2018-09-25 00:52:57]
initSignal:1
[INFO -- 2018-09-25 00:52:57]
endSignal:3.5
[INFO -- 2018-09-25 00:52:57]
faultModel:1
[INFO -- 2018-09-25 00:53:00]
Backtrace BEGIN:
#0  __gnu_cxx::__normal_iterator<int const*, std::vector<int, std::allocator<int> > >::base (this=0x7fffffffd598) at /usr/include/c++/7/bits/stl_iterator.h:845
#1  0x00005555555595a1 in std::__niter_base<int const*, std::vector<int, std::allocator<int> > > (__it=0) at /usr/include/c++/7/bits/stl_iterator.h:984
#2  0x000055555555a884 in std::__copy_move_a2<false, __gnu_cxx::__normal_iterator<int const*, std::vector<int, std::allocator<int> > >, int*> (__first=0, __last=0, __result=0x555555785af0) at /usr/include/c++/7/bits/stl_algobase.h:422
#3  0x0000555555559fd6 in std::copy<__gnu_cxx::__normal_iterator<int const*, std::vector<int, std::allocator<int> > >, int*> (__first=0, __last=0, __result=0x555555785af0) at /usr/include/c++/7/bits/stl_algobase.h:456
#4  0x000055555555948e in std::__uninitialized_copy<true>::__uninit_copy<__gnu_cxx::__normal_iterator<int const*, std::vector<int, std::allocator<int> > >, int*> (__first=0, __last=0, __result=0x555555785af0) at /usr/include/c++/7/bits/stl_uninitialized.h:101
#5  0x00005555555583be in std::uninitialized_copy<__gnu_cxx::__normal_iterator<int const*, std::vector<int, std::allocator<int> > >, int*> (__first=0, __last=0, __result=0x555555785af0) at /usr/include/c++/7/bits/stl_uninitialized.h:134
#6  0x0000555555556f6d in std::__uninitialized_copy_a<__gnu_cxx::__normal_iterator<int const*, std::vector<int, std::allocator<int> > >, int*, int> (__first=0, __last=0, __result=0x555555785af0) at /usr/include/c++/7/bits/stl_uninitialized.h:289
#7  0x0000555555555ed1 in std::vector<int, std::allocator<int> >::vector (this=0x555555776420, __x=std::vector of length 200, capacity 256 = {...}) at /usr/include/c++/7/bits/stl_vector.h:331
#8  0x0000555555557e39 in chromossome::chromossome (this=0x555555776420) at knapsackga.cpp:42
#9  0x0000555555557e96 in __gnu_cxx::new_allocator<chromossome>::construct<chromossome, chromossome const&> (this=0x7fffffffd870, __p=0x555555776420, __args#0=...) at /usr/include/c++/7/ext/new_allocator.h:136
#10 0x0000555555556a90 in std::allocator_traits<std::allocator<chromossome> >::construct<chromossome, chromossome const&> (__a=..., __p=0x555555776420, __args#0=...) at /usr/include/c++/7/bits/alloc_traits.h:475
#11 0x0000555555556b50 in std::vector<chromossome, std::allocator<chromossome> >::_M_realloc_insert<chromossome const&> (this=0x7fffffffd870, __position={solution = std::vector of length 20, capacity 0 = {<error reading variable>, __args#0=...) at /usr/include/c++/7/bits/vector.tcc:415
#12 0x0000555555555d28 in std::vector<chromossome, std::allocator<chromossome> >::push_back (this=0x7fffffffd870, __x=...) at /usr/include/c++/7/bits/stl_vector.h:948
#13 0x000055555555502c in tournament (pop=std::vector of length 40, capacity 64 = {...}) at knapsackga.cpp:63
#14 0x0000555555555447 in genetic_algorithm () at knapsackga.cpp:103
#15 0x00005555555558d7 in main () at knapsackga.cpp:137

840	      operator-(difference_type __n) const _GLIBCXX_NOEXCEPT
841	      { return __normal_iterator(_M_current - __n); }
842	
843	      const _Iterator&
844	      base() const _GLIBCXX_NOEXCEPT
845	      { return _M_current; }
846	    };
847	
848	  // Note: In what follows, the left- and right-hand-side iterators are
849	  // allowed to vary in types (conceptually in cv-qualification) so that

Backtrace END
Fliping a bit of the value pointed by a reference
Fliping value of field: fitness
Memory content before bitflip:0xe20x250xf80xff
Fault Model: Double bit-flip
base address to flip value: 0x55555577fe68
address max offset: 4
Memory content after  bitflip:0xe70x250xf80xff
frame name: std::vector<chromossome, std::allocator<chromossome> >::_M_realloc_insert<chromossome const&>
symbol name: __args#0
symbol filename: /usr/include/c++/7/bits/vector.tcc
symbol line: 395
value: @0x55555577fe50
value address: 0x55555577fe50
Type: A reference type.
Type sizeof: 8

[INFO -- 2018-09-25 00:53:00]
Fault Injection Successful after 3.4200453758239746s
[INFO -- 2018-09-25 00:53:01]
event type: exit
[INFO -- 2018-09-25 00:53:01]
exit code: 0
