[INFO -- 2018-09-25 08:26:02]
Starting flip_value script
version: 1.1
[INFO -- 2018-09-25 08:26:02]
Initialization strings:
[INFO -- 2018-09-25 08:26:02]
(1) file /tmp/knapsack/ga
[INFO -- 2018-09-25 08:26:02]
initSignal:1
[INFO -- 2018-09-25 08:26:02]
endSignal:3.5
[INFO -- 2018-09-25 08:26:02]
faultModel:2
[INFO -- 2018-09-25 08:26:03]
Backtrace BEGIN:
#0  0x0000555555555faa in std::allocator<int>::~allocator (this=0x7fffffffd5bf, __in_chrg=<optimized out>) at /usr/include/c++/7/bits/allocator.h:139
#1  0x000055555555741c in std::vector<int, std::allocator<int> >::_M_move_assign (this=0x555555776500, __x=...) at /usr/include/c++/7/bits/stl_vector.h:1531
#2  0x0000555555556453 in std::vector<int, std::allocator<int> >::operator= (this=0x555555776500, __x=...) at /usr/include/c++/7/bits/stl_vector.h:466
#3  0x0000555555559233 in chromossome::operator= (this=0x555555776500) at knapsackga.cpp:42
#4  0x0000555555559f69 in std::__unguarded_linear_insert<__gnu_cxx::__normal_iterator<chromossome*, std::vector<chromossome, std::allocator<chromossome> > >, __gnu_cxx::__ops::_Val_less_iter> (__last={solution = std::vector of length 0, capacity 0, fitness = -509591}, __comp=...) at /usr/include/c++/7/bits/stl_algo.h:1834
#5  0x0000555555559374 in std::__insertion_sort<__gnu_cxx::__normal_iterator<chromossome*, std::vector<chromossome, std::allocator<chromossome> > >, __gnu_cxx::__ops::_Iter_less_iter> (__first={solution = std::vector of length 200, capacity 200 = {0, 1, 0, 0, 1, 1, 0, 0, 0, 0, 0, 0, 0, 1, 1, 1, 1, 0, 0, 0, 0, 0, 0, 0, 1, 0, 0, 1, 1, 0, 0, 0, 0, 1, 1, 0, 0, 1, 1, 1, 0, 0, 0, 0, 1, 0, 1, 0, 1, 0, 0, 1, 1, 0, 1, 1, 1, 0, 0, 1, 1, 1, 1, 0, 0, 0, 1, 0, 0, 0, 0, 0, 0, 0, 1, 1, 0, 0, 0, 1, 1, 0, 0, 1, 1, 0, 1, 0, 1, 0, 0, 1, 0, 0, 1, 0, 0, 0, 0, 0, 0, 1, 0, 1, 0, 1, 0, 1, 0, 0, 0, 0, 1, 1, 0, 1, 0, 0, 1, 1, 1, 0, 1, 1, 0, 0, 1, 0, 1, 1, 1, 1, 0, 0, 1, 0, 0, 1, 1, 0, 0, 0, 1, 0, 1, 0, 0, 0, 0, 1, 0, 0, 0, 1, 0, 0, 0, 1, 1, 1, 1, 0, 0, 0, 1, 0, 0, 0, 1, 1, 1, 0, 1, 0, 1, 0, 0, 0, 0, 0, 1, 0, 0, 1, 1, 0, 1, 1, 1, 0, 0, 0, 0, 0, 0, 0, 0, 0, 0, 1...}, fitness = -509591}, __last={solution = std::vector of length 0, capacity 0, fitness = 99999999}, __comp=...) at /usr/include/c++/7/bits/stl_algo.h:1855
#6  0x000055555555826f in std::__final_insertion_sort<__gnu_cxx::__normal_iterator<chromossome*, std::vector<chromossome, std::allocator<chromossome> > >, __gnu_cxx::__ops::_Iter_less_iter> (__first={solution = std::vector of length 200, capacity 200 = {0, 1, 0, 0, 1, 1, 0, 0, 0, 0, 0, 0, 0, 1, 1, 1, 1, 0, 0, 0, 0, 0, 0, 0, 1, 0, 0, 1, 1, 0, 0, 0, 0, 1, 1, 0, 0, 1, 1, 1, 0, 0, 0, 0, 1, 0, 1, 0, 1, 0, 0, 1, 1, 0, 1, 1, 1, 0, 0, 1, 1, 1, 1, 0, 0, 0, 1, 0, 0, 0, 0, 0, 0, 0, 1, 1, 0, 0, 0, 1, 1, 0, 0, 1, 1, 0, 1, 0, 1, 0, 0, 1, 0, 0, 1, 0, 0, 0, 0, 0, 0, 1, 0, 1, 0, 1, 0, 1, 0, 0, 0, 0, 1, 1, 0, 1, 0, 0, 1, 1, 1, 0, 1, 1, 0, 0, 1, 0, 1, 1, 1, 1, 0, 0, 1, 0, 0, 1, 1, 0, 0, 0, 1, 0, 1, 0, 0, 0, 0, 1, 0, 0, 0, 1, 0, 0, 0, 1, 1, 1, 1, 0, 0, 0, 1, 0, 0, 0, 1, 1, 1, 0, 1, 0, 1, 0, 0, 0, 0, 0, 1, 0, 0, 1, 1, 0, 1, 1, 1, 0, 0, 0, 0, 0, 0, 0, 0, 0, 0, 1...}, fitness = -509591}, __last={solution = std::vector of length 0, capacity 0, fitness = 99999999}, __comp=...) at /usr/include/c++/7/bits/stl_algo.h:1890
#7  0x0000555555556da9 in std::__sort<__gnu_cxx::__normal_iterator<chromossome*, std::vector<chromossome, std::allocator<chromossome> > >, __gnu_cxx::__ops::_Iter_less_iter> (__first={solution = std::vector of length 200, capacity 200 = {0, 1, 0, 0, 1, 1, 0, 0, 0, 0, 0, 0, 0, 1, 1, 1, 1, 0, 0, 0, 0, 0, 0, 0, 1, 0, 0, 1, 1, 0, 0, 0, 0, 1, 1, 0, 0, 1, 1, 1, 0, 0, 0, 0, 1, 0, 1, 0, 1, 0, 0, 1, 1, 0, 1, 1, 1, 0, 0, 1, 1, 1, 1, 0, 0, 0, 1, 0, 0, 0, 0, 0, 0, 0, 1, 1, 0, 0, 0, 1, 1, 0, 0, 1, 1, 0, 1, 0, 1, 0, 0, 1, 0, 0, 1, 0, 0, 0, 0, 0, 0, 1, 0, 1, 0, 1, 0, 1, 0, 0, 0, 0, 1, 1, 0, 1, 0, 0, 1, 1, 1, 0, 1, 1, 0, 0, 1, 0, 1, 1, 1, 1, 0, 0, 1, 0, 0, 1, 1, 0, 0, 0, 1, 0, 1, 0, 0, 0, 0, 1, 0, 0, 0, 1, 0, 0, 0, 1, 1, 1, 1, 0, 0, 0, 1, 0, 0, 0, 1, 1, 1, 0, 1, 0, 1, 0, 0, 0, 0, 0, 1, 0, 0, 1, 1, 0, 1, 1, 1, 0, 0, 0, 0, 0, 0, 0, 0, 0, 0, 1...}, fitness = -509591}, __last={solution = std::vector of length 0, capacity 0, fitness = 99999999}, __comp=...) at /usr/include/c++/7/bits/stl_algo.h:1971
#8  0x0000555555555dfd in std::sort<__gnu_cxx::__normal_iterator<chromossome*, std::vector<chromossome, std::allocator<chromossome> > > > (__first={solution = std::vector of length 200, capacity 200 = {0, 1, 0, 0, 1, 1, 0, 0, 0, 0, 0, 0, 0, 1, 1, 1, 1, 0, 0, 0, 0, 0, 0, 0, 1, 0, 0, 1, 1, 0, 0, 0, 0, 1, 1, 0, 0, 1, 1, 1, 0, 0, 0, 0, 1, 0, 1, 0, 1, 0, 0, 1, 1, 0, 1, 1, 1, 0, 0, 1, 1, 1, 1, 0, 0, 0, 1, 0, 0, 0, 0, 0, 0, 0, 1, 1, 0, 0, 0, 1, 1, 0, 0, 1, 1, 0, 1, 0, 1, 0, 0, 1, 0, 0, 1, 0, 0, 0, 0, 0, 0, 1, 0, 1, 0, 1, 0, 1, 0, 0, 0, 0, 1, 1, 0, 1, 0, 0, 1, 1, 1, 0, 1, 1, 0, 0, 1, 0, 1, 1, 1, 1, 0, 0, 1, 0, 0, 1, 1, 0, 0, 0, 1, 0, 1, 0, 0, 0, 0, 1, 0, 0, 0, 1, 0, 0, 0, 1, 1, 1, 1, 0, 0, 0, 1, 0, 0, 0, 1, 1, 1, 0, 1, 0, 1, 0, 0, 0, 0, 0, 1, 0, 0, 1, 1, 0, 1, 1, 1, 0, 0, 0, 0, 0, 0, 0, 0, 0, 0, 1...}, fitness = -509591}, __last={solution = std::vector of length 0, capacity 0, fitness = 99999999}) at /usr/include/c++/7/bits/stl_algo.h:4836
#9  0x0000555555555058 in tournament (pop=std::vector of length 40, capacity 64 = {...}) at knapsackga.cpp:66
#10 0x0000555555555447 in genetic_algorithm () at knapsackga.cpp:103
#11 0x00005555555558d7 in main () at knapsackga.cpp:137

134	      : __allocator_base<_Tp>(__a) { }
135	
136	      template<typename _Tp1>
137		allocator(const allocator<_Tp1>&) throw() { }
138	
139	      ~allocator() throw() { }
140	
141	      // Inherit everything else.
142	    };
143	

Backtrace END
Memory content before bitflip:0x310xfb0x080x00
Fault Model: Random bit-flip
base address to flip value: 0x55555575f06c 
address max offset: 4
Memory content after  bitflip:0xd70x8e0xdf0x13
frame name: std::allocator<int>::~allocator
symbol name: W
symbol filename: knapsackga.cpp
symbol line: 16
value: 333418199
value address: 0x55555575f06c <W>
Type: The type is an integer type.
Type sizeof: 4

[INFO -- 2018-09-25 08:26:03]
Fault Injection Successful after 1.1057186126708984s
[INFO -- 2018-09-25 08:26:05]
event type: exit
[INFO -- 2018-09-25 08:26:05]
exit code: 0
