[INFO -- 2018-12-01 10:03:23]
Starting flip_value script
version: 1.1
[INFO -- 2018-12-01 10:03:23]
Initialization strings:
[INFO -- 2018-12-01 10:03:23]
(1) file /tmp/knapsack/ga
[INFO -- 2018-12-01 10:03:23]
initSignal:0
[INFO -- 2018-12-01 10:03:23]
endSignal:13
[INFO -- 2018-12-01 10:03:23]
faultModel:2
[INFO -- 2018-12-01 10:03:28]
Backtrace BEGIN:
#0  0x00007ffff7add380 in operator delete(void*) () from /usr/lib/x86_64-linux-gnu/libstdc++.so.6
#1  0x00005555555597ea in __gnu_cxx::new_allocator<int>::deallocate (this=0x7fffffffd8e0, __p=0x555555775f50) at /usr/include/c++/7/ext/new_allocator.h:125
#2  0x00005555555587a6 in std::allocator_traits<std::allocator<int> >::deallocate (__a=..., __p=0x555555775f50, __n=200) at /usr/include/c++/7/bits/alloc_traits.h:462
#3  0x0000555555557316 in std::_Vector_base<int, std::allocator<int> >::_M_deallocate (this=0x7fffffffd8e0, __p=0x555555775f50, __n=200) at /usr/include/c++/7/bits/stl_vector.h:180
#4  0x0000555555556b53 in std::_Vector_base<int, std::allocator<int> >::~_Vector_base (this=0x7fffffffd8e0, __in_chrg=<optimized out>) at /usr/include/c++/7/bits/stl_vector.h:162
#5  0x0000555555555e7d in std::vector<int, std::allocator<int> >::~vector (this=0x7fffffffd8e0, __in_chrg=<optimized out>) at /usr/include/c++/7/bits/stl_vector.h:435
#6  0x000055555555566d in genetic_algorithm () at knapsackga.cpp:101
#7  0x0000555555555a9b in main () at knapsackga.cpp:141

123	
124	void read_input(){
125	    ifstream file("/tmp/knapsack/instance.txt");
126	    val.clear(); wt.clear();
127	    file >> n; file >> W;
128	    for(int i = 0; i < n; i++){
129	        int x, y; file >> x >> y;
130	        val.push_back(x);
131	        wt.push_back(y);
132	    }

Backtrace END
Fliping value of field: fitness
Memory content before bitflip:0x000x000x000x00
Fault Model: Random bit-flip
base address to flip value: 0x7fffffffd978
address max offset: 4
Memory content after  bitflip:0x920x8a0xd40x92
frame name: genetic_algorithm
symbol name: f1
symbol filename: knapsackga.cpp
symbol line: 105
value: {solution = std::vector of length 200, capacity 200 = {1433928992, 21845, 0, 0, 1, 1, 1, 0, 0, 0, 0, 0, 0, 1, 1, 1, 1, 0, 1, 1, 0, 0, 0, 0, 1, 0, 0, 0, 1, 0, 0, 0, 0, 1, 1, 0, 0, 1, 1, 1, 0, 1, 0, 0, 1, 0, 1, 0, 0, 0, 0, 1, 0, 0, 1, 1, 1, 0, 1, 1, 1, 0, 0, 0, 0, 0, 1, 0, 0, 0, 1, 1, 1, 1, 0, 1, 0, 0, 0, 1, 1, 0, 0, 1, 1, 0, 1, 0, 1, 0, 0, 1, 0, 0, 1, 0, 0, 0, 0, 0, 0, 0, 0, 1, 0, 1, 1, 1, 0, 0, 1, 0, 0, 1, 0, 1, 0, 0, 0, 1, 1, 0, 1, 0, 0, 0, 0, 1, 1, 1, 1, 0, 1, 0, 1, 0, 0, 0, 1, 0, 0, 0, 1, 0, 1, 0, 0, 0, 0, 1, 0, 0, 0, 0, 0, 0, 0, 1, 1, 1, 0, 0, 0, 0, 1, 0, 1, 0, 0, 1, 0, 0, 1, 0, 1, 0, 0, 0, 1, 0, 1, 0, 0, 1, 0, 0, 1, 0, 0, 0, 0, 0, 0, 0, 0, 0, 0, 0, 0, 1...}, fitness = -1831564654}
value address: 0x7fffffffd960
Type: The type is a structure.
Type sizeof: 32
Field name: solution
Field Type: The type is a structure.
Field Type sizeof: 24
Field name: fitness
Field Type: The type is an integer type.
Field Type sizeof: 4

[INFO -- 2018-12-01 10:03:28]
Fault Injection Successful after 5.691751480102539s
[INFO -- 2018-12-01 10:03:36]
event type: exit
[INFO -- 2018-12-01 10:03:36]
exit code: 0
