[INFO -- 2018-12-01 09:28:20]
Starting flip_value script
version: 1.1
[INFO -- 2018-12-01 09:28:20]
Initialization strings:
[INFO -- 2018-12-01 09:28:20]
(1) file /tmp/knapsack/ga
[INFO -- 2018-12-01 09:28:20]
initSignal:0
[INFO -- 2018-12-01 09:28:20]
endSignal:13
[INFO -- 2018-12-01 09:28:20]
faultModel:0
[INFO -- 2018-12-01 09:28:27]
Backtrace BEGIN:
#0  0x0000555555555e2c in std::vector<int, std::allocator<int> >::operator[] (this=0x7fffffffd800, __n=118) at /usr/include/c++/7/bits/stl_vector.h:798
#1  0x00005555555552d4 in crossover (pai=std::vector of length 200, capacity 200 = {...}, mae=std::vector of length 200, capacity 200 = {...}, filho1=std::vector of length 200, capacity 200 = {...}, filho2=std::vector of length 200, capacity 200 = {...}) at knapsackga.cpp:79
#2  0x00005555555555c7 in genetic_algorithm () at knapsackga.cpp:104
#3  0x0000555555555aab in main () at knapsackga.cpp:143

793	       */
794	      reference
795	      operator[](size_type __n) _GLIBCXX_NOEXCEPT
796	      {
797		__glibcxx_requires_subscript(__n);
798		return *(this->_M_impl._M_start + __n);
799	      }
800	
801	      /**
802	       *  @brief  Subscript access to the data contained in the %vector.

Backtrace END
Memory content before bitflip:0x310xfb0x080x00
Fault Model: Single bit-flip
base address to flip value: 0x55555575f17c 
address max offset: 4
Memory content after  bitflip:0x310xf90x080x00
frame name: crossover
symbol name: W
symbol filename: knapsackga.cpp
symbol line: 16
value: 588081
value address: 0x55555575f17c <W>
Type: The type is an integer type.
Type sizeof: 4

[INFO -- 2018-12-01 09:28:27]
Fault Injection Successful after 7.724916696548462s
[INFO -- 2018-12-01 09:28:33]
event type: exit
[INFO -- 2018-12-01 09:28:33]
exit code: 0
