[INFO -- 2018-09-25 08:09:43]
Starting flip_value script
version: 1.1
[INFO -- 2018-09-25 08:09:43]
Initialization strings:
[INFO -- 2018-09-25 08:09:43]
(1) file /tmp/knapsack/ga
[INFO -- 2018-09-25 08:09:43]
initSignal:1
[INFO -- 2018-09-25 08:09:43]
endSignal:3.5
[INFO -- 2018-09-25 08:09:43]
faultModel:4
[INFO -- 2018-09-25 08:09:44]
Backtrace BEGIN:
#0  0x0000555555556f1f in std::vector<int, std::allocator<int> >::end (this=0x5555557800d0) at /usr/include/c++/7/bits/stl_vector.h:591
#1  0x0000555555555eb1 in std::vector<int, std::allocator<int> >::vector (this=0x555555776520, __x=std::vector of length 200, capacity 256 = {...}) at /usr/include/c++/7/bits/stl_vector.h:331
#2  0x0000555555557e39 in chromossome::chromossome (this=0x555555776520) at knapsackga.cpp:42
#3  0x0000555555557e96 in __gnu_cxx::new_allocator<chromossome>::construct<chromossome, chromossome const&> (this=0x7fffffffd870, __p=0x555555776520, __args#0=...) at /usr/include/c++/7/ext/new_allocator.h:136
#4  0x0000555555556a90 in std::allocator_traits<std::allocator<chromossome> >::construct<chromossome, chromossome const&> (__a=..., __p=0x555555776520, __args#0=...) at /usr/include/c++/7/bits/alloc_traits.h:475
#5  0x0000555555556b50 in std::vector<chromossome, std::allocator<chromossome> >::_M_realloc_insert<chromossome const&> (this=0x7fffffffd870, __position={solution = std::vector of length 36, capacity 0 = {<error reading variable>, __args#0=...) at /usr/include/c++/7/bits/vector.tcc:415
#6  0x0000555555555d28 in std::vector<chromossome, std::allocator<chromossome> >::push_back (this=0x7fffffffd870, __x=...) at /usr/include/c++/7/bits/stl_vector.h:948
#7  0x000055555555502c in tournament (pop=std::vector of length 40, capacity 64 = {...}) at knapsackga.cpp:63
#8  0x0000555555555409 in genetic_algorithm () at knapsackga.cpp:102
#9  0x00005555555558d7 in main () at knapsackga.cpp:137

586	       *  the last element in the %vector.  Iteration is done in
587	       *  ordinary element order.
588	       */
589	      const_iterator
590	      end() const _GLIBCXX_NOEXCEPT
591	      { return const_iterator(this->_M_impl._M_finish); }
592	
593	      /**
594	       *  Returns a read/write reverse iterator that points to the
595	       *  last element in the %vector.  Iteration is done in reverse

Backtrace END
Memory content before bitflip:0x690x390xf80xff
Fault Model: LSB bit-flip
base address to flip value: 0x7fffffffd8c0
address max offset: 4
Memory content after  bitflip:0x690x390xf80xfd
frame name: genetic_algorithm
symbol name: best
symbol filename: knapsackga.cpp
symbol line: 92
value: -34064023
value address: 0x7fffffffd8c0
Type: The type is an integer type.
Type sizeof: 4

[INFO -- 2018-09-25 08:09:44]
Fault Injection Successful after 1.2864398956298828s
[INFO -- 2018-09-25 08:09:46]
event type: exit
[INFO -- 2018-09-25 08:09:46]
exit code: 0
