[INFO -- 2018-12-09 00:11:55]
Starting flip_value script
version: 1.1
[INFO -- 2018-12-09 00:11:55]
Initialization strings:
[INFO -- 2018-12-09 00:11:55]
(1) file /tmp/knapsack/ga
[INFO -- 2018-12-09 00:11:55]
initSignal:1
[INFO -- 2018-12-09 00:11:55]
endSignal:8
[INFO -- 2018-12-09 00:11:55]
faultModel:1
[INFO -- 2018-12-09 00:12:00]
Backtrace BEGIN:
#0  0x0000555555555e91 in std::vector<int, std::allocator<int> >::operator[] (this=0x55555578ae50, __n=103) at /usr/include/c++/7/bits/stl_vector.h:798
#1  0x000055555555507b in cost (solution=std::vector of length 200, capacity 200 = {...}) at knapsackga.cpp:40
#2  0x000055555555589e in genetic_algorithm () at knapsackga.cpp:138
#3  0x0000555555555b6c in main () at knapsackga.cpp:165

793	       */
794	      reference
795	      operator[](size_type __n) _GLIBCXX_NOEXCEPT
796	      {
797		__glibcxx_requires_subscript(__n);
798		return *(this->_M_impl._M_start + __n);
799	      }
800	
801	      /**
802	       *  @brief  Subscript access to the data contained in the %vector.

Backtrace END
Memory content before bitflip:0x1a0x120x000x00
Fault Model: Double bit-flip
base address to flip value: 0x7fffffffd870
address max offset: 4
Memory content after  bitflip:0x1a0x330x000x00
frame name: genetic_algorithm
symbol name: g2
symbol filename: knapsackga.cpp
symbol line: 115
value: 13082
value address: 0x7fffffffd870
Type: The type is an integer type.
Type sizeof: 4

[INFO -- 2018-12-09 00:12:00]
Fault Injection Successful after 5.032334327697754s
[INFO -- 2018-12-09 00:12:00]
event type: exit
[INFO -- 2018-12-09 00:12:00]
exit code: 0
