[INFO -- 2018-11-30 03:26:08]
Starting flip_value script
version: 1.1
[INFO -- 2018-11-30 03:26:08]
Initialization strings:
[INFO -- 2018-11-30 03:26:08]
(1) file /tmp/knapsack/sa
[INFO -- 2018-11-30 03:26:08]
initSignal:0
[INFO -- 2018-11-30 03:26:08]
endSignal:7
[INFO -- 2018-11-30 03:26:08]
faultModel:3
[INFO -- 2018-11-30 03:26:09]
Backtrace BEGIN:
#0  0x00005555555557a3 in std::vector<int, std::allocator<int> >::operator[] (this=0x555555759140 <val>, __n=129) at /usr/include/c++/7/bits/stl_vector.h:798
#1  0x000055555555510e in cost (solution=std::vector of length 200, capacity 200 = {...}) at knapsacksa.cpp:29
#2  0x0000555555555259 in simulated_annealing () at knapsacksa.cpp:52
#3  0x0000555555555522 in main () at knapsacksa.cpp:85

793	       */
794	      reference
795	      operator[](size_type __n) _GLIBCXX_NOEXCEPT
796	      {
797		__glibcxx_requires_subscript(__n);
798		return *(this->_M_impl._M_start + __n);
799	      }
800	
801	      /**
802	       *  @brief  Subscript access to the data contained in the %vector.

Backtrace END
Memory content before bitflip:0x150x350x040x00
Fault Model: Zero bit-flip
base address to flip value: 0x7fffffffd918
address max offset: 4
Memory content after  bitflip:0x000x000x000x00
frame name: cost
symbol name: valor
symbol filename: knapsacksa.cpp
symbol line: 26
value: 0
value address: 0x7fffffffd918
Type: The type is an integer type.
Type sizeof: 4

[INFO -- 2018-11-30 03:26:09]
Fault Injection Successful after 1.1048235893249512s
[INFO -- 2018-11-30 03:26:16]
event type: exit
[INFO -- 2018-11-30 03:26:16]
exit code: 0
