[INFO -- 2018-12-01 07:22:18]
Starting flip_value script
version: 1.1
[INFO -- 2018-12-01 07:22:18]
Initialization strings:
[INFO -- 2018-12-01 07:22:18]
(1) file /tmp/knapsack/ga
[INFO -- 2018-12-01 07:22:18]
initSignal:0
[INFO -- 2018-12-01 07:22:18]
endSignal:13
[INFO -- 2018-12-01 07:22:18]
faultModel:2
[INFO -- 2018-12-01 07:22:26]
Backtrace BEGIN:
#0  __random_r (buf=buf@entry=0x7ffff7832720 <unsafe_state>, result=result@entry=0x7fffffffd814) at random_r.c:378
#1  0x00007ffff7494a22 in __random () at random.c:293
#2  0x00007ffff7494ea9 in rand () at rand.c:27
#3  0x000055555555570b in genetic_algorithm () at knapsackga.cpp:111
#4  0x0000555555555aab in main () at knapsackga.cpp:143

373	random_r.c: No such file or directory.

Backtrace END
Memory content before bitflip:0x570xcf0x580x28
Fault Model: Random bit-flip
base address to flip value: 0x7fffffffd814
address max offset: 4
Memory content after  bitflip:0x800x090x740xc6
frame name: __random
symbol name: retval
symbol filename: random.c
symbol line: 289
value: -965473920
value address: 0x7fffffffd814
Type: The type is an integer type.
Type sizeof: 4

[INFO -- 2018-12-01 07:22:26]
Fault Injection Successful after 8.021360635757446s
[INFO -- 2018-12-01 07:22:30]
event type: exit
[INFO -- 2018-12-01 07:22:30]
exit code: 0
