[INFO -- 2018-12-01 05:29:57]
Starting flip_value script
version: 1.1
[INFO -- 2018-12-01 05:29:57]
Initialization strings:
[INFO -- 2018-12-01 05:29:57]
(1) file /tmp/knapsack/ga
[INFO -- 2018-12-01 05:29:57]
initSignal:0
[INFO -- 2018-12-01 05:29:57]
endSignal:13
[INFO -- 2018-12-01 05:29:57]
faultModel:0
[INFO -- 2018-12-01 05:30:05]
Backtrace BEGIN:
#0  std::vector<chromossome, std::allocator<chromossome> >::_M_realloc_insert<chromossome const&> (this=0x7fffffffd800, __position={solution = std::vector of length 36, capacity 0 = {<error reading variable>, __args#0=...) at /usr/include/c++/7/bits/vector.tcc:452
#1  0x0000555555555fb8 in std::vector<chromossome, std::allocator<chromossome> >::push_back (this=0x7fffffffd800, __x=...) at /usr/include/c++/7/bits/stl_vector.h:948
#2  0x000055555555515c in tournament (pop=std::vector of length 40, capacity 64 = {...}) at knapsackga.cpp:63
#3  0x0000555555555581 in genetic_algorithm () at knapsackga.cpp:103
#4  0x0000555555555aab in main () at knapsackga.cpp:143

447			    _M_get_Tp_allocator());
448	      _M_deallocate(this->_M_impl._M_start,
449			    this->_M_impl._M_end_of_storage
450			    - this->_M_impl._M_start);
451	      this->_M_impl._M_start = __new_start;
452	      this->_M_impl._M_finish = __new_finish;
453	      this->_M_impl._M_end_of_storage = __new_start + __len;
454	    }
455	
456	  template<typename _Tp, typename _Alloc>

Backtrace END
Memory content before bitflip:0x020x000x000x000x000x000x000x00
Fault Model: Single bit-flip
base address to flip value: 0x7fffffffd788
address max offset: 8
Memory content after  bitflip:0x020x000x000x100x000x000x000x00
frame name: std::vector<chromossome, std::allocator<chromossome> >::_M_realloc_insert<chromossome const&>
symbol name: __elems_before
symbol filename: /usr/include/c++/7/bits/vector.tcc
symbol line: 405
value: 268435458
value address: 0x7fffffffd788
Type: The type is an integer type.
Type sizeof: 8

[INFO -- 2018-12-01 05:30:05]
Fault Injection Successful after 8.628767490386963s
[INFO -- 2018-12-01 05:30:10]
event type: exit
[INFO -- 2018-12-01 05:30:10]
exit code: 0
