[INFO -- 2018-11-30 05:38:41]
Starting flip_value script
version: 1.1
[INFO -- 2018-11-30 05:38:41]
Initialization strings:
[INFO -- 2018-11-30 05:38:41]
(1) file /tmp/knapsack/sa
[INFO -- 2018-11-30 05:38:41]
initSignal:0
[INFO -- 2018-11-30 05:38:41]
endSignal:7
[INFO -- 2018-11-30 05:38:41]
faultModel:0
[EXCEPTION -- 2018-11-30 05:38:41]
pythonException: Unable to exit loop in struct fields; Exiting wihtout making a bit flip
[INFO -- 2018-11-30 05:38:42]
Backtrace BEGIN:
#0  0x00005555555557a7 in std::vector<int, std::allocator<int> >::operator[] (this=0x7fffffffd990, __n=121) at /usr/include/c++/7/bits/stl_vector.h:798
#1  0x00005555555550c5 in cost (solution=std::vector of length 200, capacity 200 = {...}) at knapsacksa.cpp:28
#2  0x0000555555555259 in simulated_annealing () at knapsacksa.cpp:52
#3  0x0000555555555522 in main () at knapsacksa.cpp:85

793	       */
794	      reference
795	      operator[](size_type __n) _GLIBCXX_NOEXCEPT
796	      {
797		__glibcxx_requires_subscript(__n);
798		return *(this->_M_impl._M_start + __n);
799	      }
800	
801	      /**
802	       *  @brief  Subscript access to the data contained in the %vector.

Backtrace END
Fliping value of field: std::_Vector_base<int, std::allocator<int> >
Fliping value of field: _M_impl
Fliping value of field: _M_finish
Fliping a bit of the pointer
Memory content before bitflip:0x000xe60x760x550x550x550x000x00
Fault Model: Single bit-flip
base address to flip value: 0x7fffffffd978
address max offset: 8
Memory content after  bitflip:0x000xe60x760x550x550x550x000x02
frame name: simulated_annealing
symbol name: solution
symbol filename: knapsacksa.cpp
symbol line: 40
value: std::vector of length 36028797018964168, capacity 200 = {1, 0, 0, 1, 1, 0, 0, 0, 0, 0, 0, 1, 0, 1, 1, 0, 0, 1, 0, 1, 0, 1, 1, 1, 0, 1, 1, 0, 1, 0, 0, 1, 1, 1, 0, 1, 0, 1, 1, 0, 0, 1, 1, 0, 0, 1, 0, 0, 1, 0, 1, 1, 1, 0, 0, 1, 0, 0, 1, 1, 1, 1, 1, 0, 1, 0, 1, 0, 1, 0, 0, 1, 0, 1, 0, 0, 0, 1, 0, 1, 1, 1, 0, 0, 1, 0, 0, 0, 0, 1, 1, 0, 0, 1, 1, 0, 0, 0, 0, 0, 0, 1, 0, 0, 1, 0, 1, 1, 0, 0, 0, 0, 0, 1, 1, 0, 0, 0, 0, 1, 0, 1, 1, 0, 1, 0, 0, 0, 0, 0, 1, 0, 0, 1, 0, 0, 1, 0, 1, 0, 1, 1, 1, 0, 1, 1, 1, 0, 0, 0, 1, 0, 0, 0, 0, 0, 0, 1, 0, 0, 0, 1, 1, 1, 1, 1, 1, 1, 1, 0, 0, 0, 1, 1, 0, 0, 1, 1, 0, 1, 0, 1, 1, 0, 1, 1, 1, 1, 1, 0, 0, 0, 1, 1, 0, 1, 0, 1, 0, 0...}
value address: 0x7fffffffd970
Type: The type is a structure.
Type sizeof: 24
Field name: std::_Vector_base<int, std::allocator<int> >
Field Type: The type is a structure.
Field Type sizeof: 24

[INFO -- 2018-11-30 05:38:42]
Fault Injection Successful after 1.0800426006317139s
[INFO -- 2018-11-30 05:38:49]
event type: exit
[INFO -- 2018-11-30 05:38:49]
exit code: 0
