[INFO -- 2018-11-30 11:51:25]
Starting flip_value script
version: 1.1
[INFO -- 2018-11-30 11:51:25]
Initialization strings:
[INFO -- 2018-11-30 11:51:25]
(1) file /tmp/knapsack/sa
[INFO -- 2018-11-30 11:51:25]
initSignal:0
[INFO -- 2018-11-30 11:51:25]
endSignal:7
[INFO -- 2018-11-30 11:51:25]
faultModel:0
[INFO -- 2018-11-30 11:51:29]
Backtrace BEGIN:
#0  0x00005555555550d6 in cost (solution=std::vector of length 200, capacity 200 = {...}) at knapsacksa.cpp:28
#1  0x0000555555555259 in simulated_annealing () at knapsacksa.cpp:52
#2  0x0000555555555522 in main () at knapsacksa.cpp:85

23	}
24	
25	int cost(vector<int> &solution){
26	    int peso=0, valor=0;
27	    for(int i=0; i < n; i++){
28	       peso += solution[i] * wt[i];
29	       valor += solution[i] * val[i];
30	    }
31	    if(peso > W)
32	       return 99999999;

Backtrace END
Memory content before bitflip:0x0c0x400x070x00
Fault Model: Single bit-flip
base address to flip value: 0x7fffffffd918
address max offset: 4
Memory content after  bitflip:0x2c0x400x070x00
frame name: cost
symbol name: valor
symbol filename: knapsacksa.cpp
symbol line: 26
value: 475180
value address: 0x7fffffffd918
Type: The type is an integer type.
Type sizeof: 4

[INFO -- 2018-11-30 11:51:29]
Fault Injection Successful after 4.962373733520508s
[INFO -- 2018-11-30 11:51:33]
event type: exit
[INFO -- 2018-11-30 11:51:33]
exit code: 0
