[INFO -- 2018-09-21 21:54:55]
Starting flip_value script
version: 1.1
[INFO -- 2018-09-21 21:54:55]
Initialization strings:
[INFO -- 2018-09-21 21:54:55]
(1) file /tmp/knapsack/dp
[INFO -- 2018-09-21 21:54:55]
initSignal:1
[INFO -- 2018-09-21 21:54:55]
endSignal:3
[INFO -- 2018-09-21 21:54:55]
faultModel:2
[INFO -- 2018-09-21 21:54:57]
Backtrace BEGIN:
#0  0x000055555555573a in std::vector<int, std::allocator<int> >::operator[] (this=0x7fffffffda30, __n=55) at /usr/include/c++/7/bits/stl_vector.h:798
#1  0x000055555555505e in knapSack (W=588593, n=200, val=std::vector of length 200, capacity 256 = {...}, wt=std::vector of length 200, capacity 256 = {...}) at knapsackdp.cpp:24
#2  0x0000555555555375 in main () at knapsackdp.cpp:54

793	       */
794	      reference
795	      operator[](size_type __n) _GLIBCXX_NOEXCEPT
796	      {
797		__glibcxx_requires_subscript(__n);
798		return *(this->_M_impl._M_start + __n);
799	      }
800	
801	      /**
802	       *  @brief  Subscript access to the data contained in the %vector.

Backtrace END
Memory content before bitflip:0xc80x000x000x00
Fault Model: Random bit-flip
base address to flip value: 0x7fffffffd9fc
address max offset: 4
Memory content after  bitflip:0xf80x900xec0x22
frame name: main
symbol name: n
symbol filename: knapsackdp.cpp
symbol line: 45
value: 585928952
value address: 0x7fffffffd9fc
Type: The type is an integer type.
Type sizeof: 4

[INFO -- 2018-09-21 21:54:57]
Fault Injection Successful after 2.1996705532073975s
[INFO -- 2018-09-21 21:54:59]
event type: exit
[INFO -- 2018-09-21 21:54:59]
exit code: 0
