[INFO -- 2018-09-23 15:45:48]
Starting flip_value script
version: 1.1
[INFO -- 2018-09-23 15:45:48]
Initialization strings:
[INFO -- 2018-09-23 15:45:48]
(1) file /tmp/knapsack/sa
[INFO -- 2018-09-23 15:45:48]
initSignal:0
[INFO -- 2018-09-23 15:45:48]
endSignal:2
[INFO -- 2018-09-23 15:45:48]
faultModel:3
[EXCEPTION -- 2018-09-23 15:45:49]
pythonException: empty range for randrange() (0,0, 0)
[EXCEPTION -- 2018-09-23 15:45:49]
pythonException: empty range for randrange() (0,0, 0)
[INFO -- 2018-09-23 15:45:49]
Backtrace BEGIN:
#0  random01 () at knapsacksa.cpp:23
#1  0x0000555555555155 in simulated_annealing () at knapsacksa.cpp:56
#2  0x000055555555535e in main () at knapsacksa.cpp:84

18	    return rand() % 2;
19	}
20	
21	float random01(){
22	   return static_cast <float> (rand()) / static_cast <float> (RAND_MAX);
23	}
24	
25	int cost(vector<int> &solution){
26	    int peso=0, valor=0;
27	    for(int i=0; i < n; i++){

Backtrace END
Memory content before bitflip:0xd40x600x010x00
Fault Model: Zero bit-flip
base address to flip value: 0x7fffffffda04
address max offset: 4
Memory content after  bitflip:0x000x000x000x00
frame name: simulated_annealing
symbol name: t
symbol filename: knapsacksa.cpp
symbol line: 46
value: 0
value address: 0x7fffffffda04
Type: The type is an integer type.
Type sizeof: 4

[INFO -- 2018-09-23 15:45:49]
Fault Injection Successful after 1.4248104095458984s
[INFO -- 2018-09-23 15:45:51]
event type: exit
[INFO -- 2018-09-23 15:45:51]
exit code: 0
