[INFO -- 2018-12-09 06:12:21]
Starting flip_value script
version: 1.1
[INFO -- 2018-12-09 06:12:21]
Initialization strings:
[INFO -- 2018-12-09 06:12:21]
(1) file /tmp/knapsack/ga
[INFO -- 2018-12-09 06:12:21]
initSignal:1
[INFO -- 2018-12-09 06:12:21]
endSignal:8
[INFO -- 2018-12-09 06:12:21]
faultModel:4
[INFO -- 2018-12-09 06:12:24]
Backtrace BEGIN:
#0  0x00007ffff7ad9110 in free@plt () from /usr/lib/x86_64-linux-gnu/libstdc++.so.6
#1  0x0000555555559846 in __gnu_cxx::new_allocator<int>::deallocate (this=0x55555578ac50, __p=0x55555578a5f0) at /usr/include/c++/7/ext/new_allocator.h:125
#2  0x0000555555558802 in std::allocator_traits<std::allocator<int> >::deallocate (__a=..., __p=0x55555578a5f0, __n=200) at /usr/include/c++/7/bits/alloc_traits.h:462
#3  0x0000555555557370 in std::_Vector_base<int, std::allocator<int> >::_M_deallocate (this=0x55555578ac50, __p=0x55555578a5f0, __n=200) at /usr/include/c++/7/bits/stl_vector.h:180
#4  0x0000555555556b87 in std::_Vector_base<int, std::allocator<int> >::~_Vector_base (this=0x55555578ac50, __in_chrg=<optimized out>) at /usr/include/c++/7/bits/stl_vector.h:162
#5  0x0000555555555ed7 in std::vector<int, std::allocator<int> >::~vector (this=0x55555578ac50, __in_chrg=<optimized out>) at /usr/include/c++/7/bits/stl_vector.h:435
#6  0x0000555555555e4c in chromossome::~chromossome (this=0x55555578ac50, __in_chrg=<optimized out>) at knapsackga.cpp:63
#7  0x0000555555559ca1 in std::_Destroy<chromossome> (__pointer=0x55555578ac50) at /usr/include/c++/7/bits/stl_construct.h:98
#8  0x000055555555920b in std::_Destroy_aux<false>::__destroy<chromossome*> (__first=0x55555578ac50, __last=0x55555578b150) at /usr/include/c++/7/bits/stl_construct.h:108
#9  0x00005555555580fc in std::_Destroy<chromossome*> (__first=0x55555578ac50, __last=0x55555578b150) at /usr/include/c++/7/bits/stl_construct.h:137
#10 0x0000555555556d33 in std::_Destroy<chromossome*, chromossome> (__first=0x55555578ac50, __last=0x55555578b150) at /usr/include/c++/7/bits/stl_construct.h:206
#11 0x0000555555555f6b in std::vector<chromossome, std::allocator<chromossome> >::~vector (this=0x7fffffffd8a0, __in_chrg=<optimized out>) at /usr/include/c++/7/bits/stl_vector.h:434
#12 0x000055555555591e in genetic_algorithm () at knapsackga.cpp:121
#13 0x0000555555555b6c in main () at knapsackga.cpp:165

137	                swap(new_pop[i].solution[rand() % n], new_pop[i].solution[rand() % n]);
138	            new_pop[i].fitness = cost(new_pop[i].solution);
139	        }
140	
141	        sort(new_pop.begin(), new_pop.end());
142	        best = new_pop[0].fitness;
143	        pop = new_pop;
144	        //cout << g << " " << -best << endl;
145	    }
146	

Backtrace END
Memory content before bitflip:0x310xfb0x080x00
Fault Model: LSB bit-flip
base address to flip value: 0x55555575f0b4 
address max offset: 4
Memory content after  bitflip:0x310xfb0x080x02
frame name: std::vector<int, std::allocator<int> >::~vector
symbol name: W2
symbol filename: knapsackga.cpp
symbol line: 18
value: 34143025
value address: 0x55555575f0b4 <W2>
Type: The type is an integer type.
Type sizeof: 4

[INFO -- 2018-12-09 06:12:24]
Fault Injection Successful after 3.222954034805298s
[INFO -- 2018-12-09 06:12:24]
event type: exit
[INFO -- 2018-12-09 06:12:24]
exit code: 0
