[INFO -- 2018-09-25 03:00:32]
Starting flip_value script
version: 1.1
[INFO -- 2018-09-25 03:00:32]
Initialization strings:
[INFO -- 2018-09-25 03:00:32]
(1) file /tmp/knapsack/ga
[INFO -- 2018-09-25 03:00:32]
initSignal:1
[INFO -- 2018-09-25 03:00:32]
endSignal:3.5
[INFO -- 2018-09-25 03:00:32]
faultModel:0
[INFO -- 2018-09-25 03:00:35]
Backtrace BEGIN:
#0  0x000055555555857c in std::__miter_base<__gnu_cxx::__normal_iterator<int const*, std::vector<int, std::allocator<int> > > > (__it=-10576) at /usr/include/c++/7/bits/cpp_type_traits.h:408
#1  0x0000555555559fb2 in std::copy<__gnu_cxx::__normal_iterator<int const*, std::vector<int, std::allocator<int> > >, int*> (__first=0, __last=0, __result=0x555555786bc0) at /usr/include/c++/7/bits/stl_algobase.h:455
#2  0x000055555555948e in std::__uninitialized_copy<true>::__uninit_copy<__gnu_cxx::__normal_iterator<int const*, std::vector<int, std::allocator<int> > >, int*> (__first=0, __last=0, __result=0x555555786bc0) at /usr/include/c++/7/bits/stl_uninitialized.h:101
#3  0x00005555555583be in std::uninitialized_copy<__gnu_cxx::__normal_iterator<int const*, std::vector<int, std::allocator<int> > >, int*> (__first=0, __last=0, __result=0x555555786bc0) at /usr/include/c++/7/bits/stl_uninitialized.h:134
#4  0x0000555555556f6d in std::__uninitialized_copy_a<__gnu_cxx::__normal_iterator<int const*, std::vector<int, std::allocator<int> > >, int*, int> (__first=0, __last=0, __result=0x555555786bc0) at /usr/include/c++/7/bits/stl_uninitialized.h:289
#5  0x0000555555555ed1 in std::vector<int, std::allocator<int> >::vector (this=0x555555776380, __x=std::vector of length 200, capacity 256 = {...}) at /usr/include/c++/7/bits/stl_vector.h:331
#6  0x0000555555557e39 in chromossome::chromossome (this=0x555555776380) at knapsackga.cpp:42
#7  0x0000555555557e96 in __gnu_cxx::new_allocator<chromossome>::construct<chromossome, chromossome const&> (this=0x7fffffffd8f0, __p=0x555555776380, __args#0=...) at /usr/include/c++/7/ext/new_allocator.h:136
#8  0x0000555555556a90 in std::allocator_traits<std::allocator<chromossome> >::construct<chromossome, chromossome const&> (__a=..., __p=0x555555776380, __args#0=...) at /usr/include/c++/7/bits/alloc_traits.h:475
#9  0x0000555555556b50 in std::vector<chromossome, std::allocator<chromossome> >::_M_realloc_insert<chromossome const&> (this=0x7fffffffd8f0, __position=non-dereferenceable iterator for std::vector, __args#0=...) at /usr/include/c++/7/bits/vector.tcc:415
#10 0x0000555555555d28 in std::vector<chromossome, std::allocator<chromossome> >::push_back (this=0x7fffffffd8f0, __x=...) at /usr/include/c++/7/bits/stl_vector.h:948
#11 0x0000555555555383 in genetic_algorithm () at knapsackga.cpp:98
#12 0x00005555555558d7 in main () at knapsackga.cpp:137

403	
404	  // Fallback implementation of the function in bits/stl_iterator.h used to
405	  // remove the move_iterator wrapper.
406	  template<typename _Iterator>
407	    inline _Iterator
408	    __miter_base(_Iterator __it)
409	    { return __it; }
410	
411	_GLIBCXX_END_NAMESPACE_VERSION
412	} // namespace

Backtrace END
Memory content before bitflip:0x310xfb0x080x00
Fault Model: Single bit-flip
base address to flip value: 0x55555575f06c 
address max offset: 4
Memory content after  bitflip:0x310xfb0x080x01
frame name: chromossome::chromossome
symbol name: W
symbol filename: knapsackga.cpp
symbol line: 16
value: 17365809
value address: 0x55555575f06c <W>
Type: The type is an integer type.
Type sizeof: 4

[INFO -- 2018-09-25 03:00:35]
Fault Injection Successful after 3.0099356174468994s
[INFO -- 2018-09-25 03:00:36]
event type: exit
[INFO -- 2018-09-25 03:00:36]
exit code: 0
