[INFO -- 2018-12-08 21:39:15]
Starting flip_value script
version: 1.1
[INFO -- 2018-12-08 21:39:15]
Initialization strings:
[INFO -- 2018-12-08 21:39:15]
(1) file /tmp/knapsack/ga
[INFO -- 2018-12-08 21:39:15]
initSignal:1
[INFO -- 2018-12-08 21:39:15]
endSignal:8
[INFO -- 2018-12-08 21:39:15]
faultModel:1
[INFO -- 2018-12-08 21:39:19]
Backtrace BEGIN:
#0  0x00005555555550c9 in cost (solution=std::vector of length 200, capacity 200 = {...}) at knapsackga.cpp:41
#1  0x000055555555589e in genetic_algorithm () at knapsackga.cpp:138
#2  0x0000555555555b6c in main () at knapsackga.cpp:165

36	    }
37	
38	    int peso=0, peso2=0, valor=0, valor2=0;
39	    for(int i=0; i < n; i++){
40	        peso += solution[i] * wt[i];
41	        valor += solution[i] * val[i];
42	    }
43	    for(int i=0; i < n; i++){
44	        peso2 += solution[i] * wt2[i];
45	        valor2 += solution[i] * val2[i];

Backtrace END
Memory content before bitflip:0x1d0x130x000x00
Fault Model: Double bit-flip
base address to flip value: 0x7fffffffd874
address max offset: 4
Memory content after  bitflip:0x1d0x430x000x00
frame name: genetic_algorithm
symbol name: g
symbol filename: knapsackga.cpp
symbol line: 116
value: 17181
value address: 0x7fffffffd874
Type: The type is an integer type.
Type sizeof: 4

[INFO -- 2018-12-08 21:39:19]
Fault Injection Successful after 4.594944715499878s
[INFO -- 2018-12-08 21:39:19]
event type: exit
[INFO -- 2018-12-08 21:39:19]
exit code: 0
