[INFO -- 2018-09-25 09:14:29]
Starting flip_value script
version: 1.1
[INFO -- 2018-09-25 09:14:29]
Initialization strings:
[INFO -- 2018-09-25 09:14:29]
(1) file /tmp/knapsack/ga
[INFO -- 2018-09-25 09:14:29]
initSignal:1
[INFO -- 2018-09-25 09:14:29]
endSignal:3.5
[INFO -- 2018-09-25 09:14:29]
faultModel:1
[INFO -- 2018-09-25 09:14:31]
Backtrace BEGIN:
#0  0x0000555555555f8e in std::allocator<int>::allocator (this=0x7fffffffd867) at /usr/include/c++/7/bits/allocator.h:131
#1  0x00005555555550f8 in crossover (pai=std::vector of length 200, capacity 200 = {...}, mae=std::vector of length 200, capacity 200 = {...}, filho1=std::vector of length 0, capacity 0, filho2=std::vector of length 0, capacity 0) at knapsackga.cpp:72
#2  0x000055555555548d in genetic_algorithm () at knapsackga.cpp:104
#3  0x00005555555558d7 in main () at knapsackga.cpp:137

126	      typedef true_type propagate_on_container_move_assignment;
127	
128	      typedef true_type is_always_equal;
129	#endif
130	
131	      allocator() throw() { }
132	
133	      allocator(const allocator& __a) throw()
134	      : __allocator_base<_Tp>(__a) { }
135	

Backtrace END
Memory content before bitflip:0x310xfb0x080x00
Fault Model: Double bit-flip
base address to flip value: 0x55555575f06c 
address max offset: 4
Memory content after  bitflip:0x310xfb0x980x00
frame name: main
symbol name: W
symbol filename: knapsackga.cpp
symbol line: 16
value: 10025777
value address: 0x55555575f06c <W>
Type: The type is an integer type.
Type sizeof: 4

[INFO -- 2018-09-25 09:14:31]
Fault Injection Successful after 2.2902274131774902s
[INFO -- 2018-09-25 09:14:33]
event type: exit
[INFO -- 2018-09-25 09:14:33]
exit code: 0
