[INFO -- 2018-12-09 02:49:54]
Starting flip_value script
version: 1.1
[INFO -- 2018-12-09 02:49:54]
Initialization strings:
[INFO -- 2018-12-09 02:49:54]
(1) file /tmp/knapsack/ga
[INFO -- 2018-12-09 02:49:54]
initSignal:1
[INFO -- 2018-12-09 02:49:54]
endSignal:8
[INFO -- 2018-12-09 02:49:54]
faultModel:0
[INFO -- 2018-12-09 02:49:55]
Backtrace BEGIN:
#0  0x0000555555557368 in std::_Vector_base<int, std::allocator<int> >::_M_deallocate (this=0x5555557766b0, __p=0x555555785ef0, __n=200) at /usr/include/c++/7/bits/stl_vector.h:180
#1  0x0000555555556b87 in std::_Vector_base<int, std::allocator<int> >::~_Vector_base (this=0x5555557766b0, __in_chrg=<optimized out>) at /usr/include/c++/7/bits/stl_vector.h:162
#2  0x0000555555555ed7 in std::vector<int, std::allocator<int> >::~vector (this=0x5555557766b0, __in_chrg=<optimized out>) at /usr/include/c++/7/bits/stl_vector.h:435
#3  0x0000555555555e4c in chromossome::~chromossome (this=0x5555557766b0, __in_chrg=<optimized out>) at knapsackga.cpp:63
#4  0x0000555555559ca1 in std::_Destroy<chromossome> (__pointer=0x5555557766b0) at /usr/include/c++/7/bits/stl_construct.h:98
#5  0x000055555555920b in std::_Destroy_aux<false>::__destroy<chromossome*> (__first=0x5555557766b0, __last=0x555555776710) at /usr/include/c++/7/bits/stl_construct.h:108
#6  0x00005555555580fc in std::_Destroy<chromossome*> (__first=0x5555557766b0, __last=0x555555776710) at /usr/include/c++/7/bits/stl_construct.h:137
#7  0x0000555555556d33 in std::_Destroy<chromossome*, chromossome> (__first=0x5555557766b0, __last=0x555555776710) at /usr/include/c++/7/bits/stl_construct.h:206
#8  0x0000555555555f6b in std::vector<chromossome, std::allocator<chromossome> >::~vector (this=0x7fffffffd820, __in_chrg=<optimized out>) at /usr/include/c++/7/bits/stl_vector.h:434
#9  0x000055555555528c in tournament (pop=std::vector of length 40, capacity 64 = {...}) at knapsackga.cpp:80
#10 0x0000555555555691 in genetic_algorithm () at knapsackga.cpp:129
#11 0x0000555555555b6c in main () at knapsackga.cpp:165

175	      void
176	      _M_deallocate(pointer __p, size_t __n)
177	      {
178		typedef __gnu_cxx::__alloc_traits<_Tp_alloc_type> _Tr;
179		if (__p)
180		  _Tr::deallocate(_M_impl, __p, __n);
181	      }
182	
183	    private:
184	      void

Backtrace END
Memory content before bitflip:0x310xfb0x080x00
Fault Model: Single bit-flip
base address to flip value: 0x55555575f0b4 
address max offset: 4
Memory content after  bitflip:0x310xfb0x880x00
frame name: main
symbol name: W2
symbol filename: knapsackga.cpp
symbol line: 18
value: 8977201
value address: 0x55555575f0b4 <W2>
Type: The type is an integer type.
Type sizeof: 4

[INFO -- 2018-12-09 02:49:55]
Fault Injection Successful after 1.5007362365722656s
[INFO -- 2018-12-09 02:49:55]
event type: exit
[INFO -- 2018-12-09 02:49:55]
exit code: 0
