[INFO -- 2018-09-25 10:03:04]
Starting flip_value script
version: 1.1
[INFO -- 2018-09-25 10:03:04]
Initialization strings:
[INFO -- 2018-09-25 10:03:04]
(1) file /tmp/knapsack/ga
[INFO -- 2018-09-25 10:03:04]
initSignal:1
[INFO -- 2018-09-25 10:03:04]
endSignal:3.5
[INFO -- 2018-09-25 10:03:04]
faultModel:0
[INFO -- 2018-09-25 10:03:05]
Backtrace BEGIN:
#0  0x0000555555558f07 in std::_Destroy_aux<false>::__destroy<chromossome*> (__first=0x555555776540, __last=0x555555776540) at /usr/include/c++/7/bits/stl_construct.h:107
#1  0x0000555555557e12 in std::_Destroy<chromossome*> (__first=0x5555557764e0, __last=0x555555776540) at /usr/include/c++/7/bits/stl_construct.h:137
#2  0x0000555555556a49 in std::_Destroy<chromossome*, chromossome> (__first=0x5555557764e0, __last=0x555555776540) at /usr/include/c++/7/bits/stl_construct.h:206
#3  0x0000555555555c81 in std::vector<chromossome, std::allocator<chromossome> >::~vector (this=0x7fffffffd870, __in_chrg=<optimized out>) at /usr/include/c++/7/bits/stl_vector.h:434
#4  0x0000555555555088 in tournament (pop=std::vector of length 40, capacity 64 = {...}) at knapsackga.cpp:59
#5  0x0000555555555409 in genetic_algorithm () at knapsackga.cpp:102
#6  0x00005555555558d7 in main () at knapsackga.cpp:137

102	    {
103	      template<typename _ForwardIterator>
104	        static void
105	        __destroy(_ForwardIterator __first, _ForwardIterator __last)
106		{
107		  for (; __first != __last; ++__first)
108		    std::_Destroy(std::__addressof(*__first));
109		}
110	    };
111	

Backtrace END
Memory content before bitflip:0x280x000x000x00
Fault Model: Single bit-flip
base address to flip value: 0x55555575f010 
address max offset: 4
Memory content after  bitflip:0x380x000x000x00
frame name: std::_Destroy<chromossome*, chromossome>
symbol name: pop_size
symbol filename: knapsackga.cpp
symbol line: 17
value: 56
value address: 0x55555575f010 <pop_size>
Type: The type is an integer type.
Type sizeof: 4

[INFO -- 2018-09-25 10:03:05]
Fault Injection Successful after 1.9768142700195312s
[INFO -- 2018-09-25 10:03:09]
event type: exit
[INFO -- 2018-09-25 10:03:09]
exit code: 0
