[INFO -- 2018-11-30 07:11:04]
Starting flip_value script
version: 1.1
[INFO -- 2018-11-30 07:11:04]
Initialization strings:
[INFO -- 2018-11-30 07:11:04]
(1) file /tmp/knapsack/sa
[INFO -- 2018-11-30 07:11:04]
initSignal:0
[INFO -- 2018-11-30 07:11:04]
endSignal:7
[INFO -- 2018-11-30 07:11:04]
faultModel:0
[INFO -- 2018-11-30 07:11:06]
Backtrace BEGIN:
#0  0x00005555555550c7 in cost (solution=std::vector of length 200, capacity 200 = {...}) at knapsacksa.cpp:28
#1  0x0000555555555259 in simulated_annealing () at knapsacksa.cpp:52
#2  0x0000555555555522 in main () at knapsacksa.cpp:85

23	}
24	
25	int cost(vector<int> &solution){
26	    int peso=0, valor=0;
27	    for(int i=0; i < n; i++){
28	       peso += solution[i] * wt[i];
29	       valor += solution[i] * val[i];
30	    }
31	    if(peso > W)
32	       return 99999999;

Backtrace END
Memory content before bitflip:0xc00x000x000x00
Fault Model: Single bit-flip
base address to flip value: 0x7fffffffd968
address max offset: 4
Memory content after  bitflip:0xc00x000x000x02
frame name: simulated_annealing
symbol name: i
symbol filename: knapsacksa.cpp
symbol line: 50
value: 33554624
value address: 0x7fffffffd968
Type: The type is an integer type.
Type sizeof: 4

[INFO -- 2018-11-30 07:11:06]
Fault Injection Successful after 2.5254433155059814s
[INFO -- 2018-11-30 07:11:12]
event type: exit
[INFO -- 2018-11-30 07:11:12]
exit code: 0
