[INFO -- 2018-12-01 03:35:02]
Starting flip_value script
version: 1.1
[INFO -- 2018-12-01 03:35:02]
Initialization strings:
[INFO -- 2018-12-01 03:35:02]
(1) file /tmp/knapsack/ga
[INFO -- 2018-12-01 03:35:02]
initSignal:0
[INFO -- 2018-12-01 03:35:02]
endSignal:13
[INFO -- 2018-12-01 03:35:02]
faultModel:2
[INFO -- 2018-12-01 03:35:07]
Backtrace BEGIN:
#0  0x0000555555555e33 in std::vector<int, std::allocator<int> >::operator[] (this=0x555555787cd0, __n=77) at /usr/include/c++/7/bits/stl_vector.h:798
#1  0x000055555555503a in cost (solution=std::vector of length 200, capacity 200 = {...}) at knapsackga.cpp:26
#2  0x000055555555578e in genetic_algorithm () at knapsackga.cpp:112
#3  0x0000555555555a9b in main () at knapsackga.cpp:141

793	       */
794	      reference
795	      operator[](size_type __n) _GLIBCXX_NOEXCEPT
796	      {
797		__glibcxx_requires_subscript(__n);
798		return *(this->_M_impl._M_start + __n);
799	      }
800	
801	      /**
802	       *  @brief  Subscript access to the data contained in the %vector.

Backtrace END
Memory content before bitflip:0xd10x1c0x040x00
Fault Model: Random bit-flip
base address to flip value: 0x7fffffffd814
address max offset: 4
Memory content after  bitflip:0x2b0x310x000xd8
frame name: cost
symbol name: peso
symbol filename: knapsackga.cpp
symbol line: 24
value: -671076053
value address: 0x7fffffffd814
Type: The type is an integer type.
Type sizeof: 4

[INFO -- 2018-12-01 03:35:07]
Fault Injection Successful after 5.452978610992432s
[INFO -- 2018-12-01 03:35:15]
event type: exit
[INFO -- 2018-12-01 03:35:15]
exit code: 0
