[INFO -- 2018-12-08 15:37:05]
Starting flip_value script
version: 1.1
[INFO -- 2018-12-08 15:37:05]
Initialization strings:
[INFO -- 2018-12-08 15:37:05]
(1) file /tmp/knapsack/mf
[INFO -- 2018-12-08 15:37:05]
initSignal:1
[INFO -- 2018-12-08 15:37:05]
endSignal:3
[INFO -- 2018-12-08 15:37:05]
faultModel:0
[INFO -- 2018-12-08 15:37:06]
Backtrace BEGIN:
#0  0x00005555555550e4 in knapSack () at knapsackmf.cpp:44
#1  0x0000555555555578 in main () at knapsackmf.cpp:108

39	
40	    int i = 0, i2 = 0;
41	    while (i <= n && i == i2) {
42	        int w = 0, w2 = 0;
43	
44	        while(w <= W && w == w2) {
45	            if (i == 0 || w == 0) {
46	                V[i][w] = 0;
47	            } else {
48	                V[i][w] = -1;

Backtrace END
Memory content before bitflip:0xc80x000x000x00
Fault Model: Single bit-flip
base address to flip value: 0x55555575a14c 
address max offset: 4
Memory content after  bitflip:0xc80x000x200x00
frame name: main
symbol name: n2
symbol filename: knapsackmf.cpp
symbol line: 15
value: 2097352
value address: 0x55555575a14c <n2>
Type: The type is an integer type.
Type sizeof: 4

[INFO -- 2018-12-08 15:37:06]
Fault Injection Successful after 1.552793025970459s
[INFO -- 2018-12-08 15:37:06]
event type: exit
[INFO -- 2018-12-08 15:37:06]
exit code: 0
