[INFO -- 2018-11-30 07:04:06]
Starting flip_value script
version: 1.1
[INFO -- 2018-11-30 07:04:06]
Initialization strings:
[INFO -- 2018-11-30 07:04:06]
(1) file /tmp/knapsack/sa
[INFO -- 2018-11-30 07:04:06]
initSignal:0
[INFO -- 2018-11-30 07:04:06]
endSignal:7
[INFO -- 2018-11-30 07:04:06]
faultModel:4
[INFO -- 2018-11-30 07:04:07]
Backtrace BEGIN:
#0  0x0000555555555dba in std::_Vector_base<int, std::allocator<int> >::_Vector_impl::~_Vector_impl (this=0x7fffffffd990, __in_chrg=<optimized out>) at /usr/include/c++/7/bits/stl_vector.h:81
#1  0x0000555555555e25 in std::_Vector_base<int, std::allocator<int> >::~_Vector_base (this=0x7fffffffd990, __in_chrg=<optimized out>) at /usr/include/c++/7/bits/stl_vector.h:163
#2  0x000055555555588b in std::vector<int, std::allocator<int> >::~vector (this=0x7fffffffd990, __in_chrg=<optimized out>) at /usr/include/c++/7/bits/stl_vector.h:435
#3  0x0000555555555305 in simulated_annealing () at knapsacksa.cpp:49
#4  0x0000555555555522 in main () at knapsacksa.cpp:85

76	      typedef typename __gnu_cxx::__alloc_traits<_Alloc>::template
77		rebind<_Tp>::other _Tp_alloc_type;
78	      typedef typename __gnu_cxx::__alloc_traits<_Tp_alloc_type>::pointer
79	       	pointer;
80	
81	      struct _Vector_impl
82	      : public _Tp_alloc_type
83	      {
84		pointer _M_start;
85		pointer _M_finish;

Backtrace END
Memory content before bitflip:0xbc0x0c0xaa0xf7
Fault Model: LSB bit-flip
base address to flip value: 0x7fffffffd9d8
address max offset: 4
Memory content after  bitflip:0xbc0x0c0xaa0xe7
frame name: main
symbol name: result1
symbol filename: knapsacksa.cpp
symbol line: 85
value: -408286020
value address: 0x7fffffffd9d8
Type: The type is an integer type.
Type sizeof: 4

[INFO -- 2018-11-30 07:04:07]
Fault Injection Successful after 1.7508223056793213s
[INFO -- 2018-11-30 07:04:13]
event type: exit
[INFO -- 2018-11-30 07:04:13]
exit code: 0
