[INFO -- 2018-11-30 10:10:33]
Starting flip_value script
version: 1.1
[INFO -- 2018-11-30 10:10:33]
Initialization strings:
[INFO -- 2018-11-30 10:10:33]
(1) file /tmp/knapsack/sa
[INFO -- 2018-11-30 10:10:33]
initSignal:0
[INFO -- 2018-11-30 10:10:33]
endSignal:7
[INFO -- 2018-11-30 10:10:33]
faultModel:4
[INFO -- 2018-11-30 10:10:36]
Backtrace BEGIN:
#0  0x0000555555555071 in random01 () at knapsacksa.cpp:22
#1  0x000055555555528f in simulated_annealing () at knapsacksa.cpp:58
#2  0x0000555555555522 in main () at knapsacksa.cpp:85

17	int rand_bit(){
18	    return rand() % 2;
19	}
20	
21	float random01(){
22	   return static_cast <float> (rand()) / static_cast <float> (RAND_MAX);
23	}
24	
25	int cost(vector<int> &solution){
26	    int peso=0, valor=0;

Backtrace END
Memory content before bitflip:0xff0x7f0x000x00
Fault Model: LSB bit-flip
base address to flip value: 0x7fffffffd9dc
address max offset: 4
Memory content after  bitflip:0xff0x7f0x000x02
frame name: main
symbol name: result2
symbol filename: knapsacksa.cpp
symbol line: 87
value: 33587199
value address: 0x7fffffffd9dc
Type: The type is an integer type.
Type sizeof: 4

[INFO -- 2018-11-30 10:10:36]
Fault Injection Successful after 3.7863519191741943s
[INFO -- 2018-11-30 10:10:40]
event type: exit
[INFO -- 2018-11-30 10:10:40]
exit code: 0
