[INFO -- 2018-12-01 10:09:30]
Starting flip_value script
version: 1.1
[INFO -- 2018-12-01 10:09:30]
Initialization strings:
[INFO -- 2018-12-01 10:09:30]
(1) file /tmp/knapsack/mf
[INFO -- 2018-12-01 10:09:30]
initSignal:0
[INFO -- 2018-12-01 10:09:30]
endSignal:12
[INFO -- 2018-12-01 10:09:30]
faultModel:1
[EXCEPTION -- 2018-12-01 10:09:31]
gdbException: Cannot access memory at address 0x28555555770fc0
[EXCEPTION -- 2018-12-01 10:09:31]
gdbException: Cannot access memory at address 0x555555f60bb0
[EXCEPTION -- 2018-12-01 10:09:31]
gdbException: Cannot access memory at address 0x28555555660fc0
[INFO -- 2018-12-01 10:09:31]
event type: exit
[EXCEPTION -- 2018-12-01 10:09:31]
exit code: no exit code available
