[INFO -- 2018-09-25 02:46:38]
Starting flip_value script
version: 1.1
[INFO -- 2018-09-25 02:46:38]
Initialization strings:
[INFO -- 2018-09-25 02:46:38]
(1) file /tmp/knapsack/ga
[INFO -- 2018-09-25 02:46:38]
initSignal:1
[INFO -- 2018-09-25 02:46:38]
endSignal:3.5
[INFO -- 2018-09-25 02:46:38]
faultModel:2
[INFO -- 2018-09-25 02:46:40]
Backtrace BEGIN:
#0  0x000055555555a031 in __gnu_cxx::new_allocator<int>::allocate (this=0x555555555fa8 <std::allocator<int>::~allocator()+24>, __n=140737488345040) at /usr/include/c++/7/ext/new_allocator.h:99
#1  0x0000555555559587 in std::allocator_traits<std::allocator<int> >::allocate (__a=..., __n=200) at /usr/include/c++/7/bits/alloc_traits.h:436
#2  0x0000555555558554 in std::_Vector_base<int, std::allocator<int> >::_M_allocate (this=0x7fffffffd9d0, __n=200) at /usr/include/c++/7/bits/stl_vector.h:172
#3  0x000055555555712e in std::vector<int, std::allocator<int> >::_M_allocate_and_copy<__gnu_cxx::__normal_iterator<int const*, std::vector<int, std::allocator<int> > > > (this=0x7fffffffd9d0, __n=200, __first=0, __last=816) at /usr/include/c++/7/bits/stl_vector.h:1260
#4  0x000055555555617b in std::vector<int, std::allocator<int> >::operator= (this=0x7fffffffd9d0, __x=std::vector of length 200, capacity 200 = {...}) at /usr/include/c++/7/bits/vector.tcc:206
#5  0x00005555555554bb in genetic_algorithm () at knapsackga.cpp:105
#6  0x00005555555558d7 in main () at knapsackga.cpp:137

94	      { return std::__addressof(__x); }
95	
96	      // NB: __n is permitted to be 0.  The C++ standard says nothing
97	      // about what the return value is when __n == 0.
98	      pointer
99	      allocate(size_type __n, const void* = static_cast<const void*>(0))
100	      {
101		if (__n > this->max_size())
102		  std::__throw_bad_alloc();
103	

Backtrace END
Memory content before bitflip:0xb00x2d0xf80xff
Fault Model: Random bit-flip
base address to flip value: 0x7fffffffd8c0
address max offset: 4
Memory content after  bitflip:0xe30x5a0xaa0x06
frame name: genetic_algorithm
symbol name: best
symbol filename: knapsackga.cpp
symbol line: 92
value: 111827683
value address: 0x7fffffffd8c0
Type: The type is an integer type.
Type sizeof: 4

[INFO -- 2018-09-25 02:46:40]
Fault Injection Successful after 2.526606321334839s
[INFO -- 2018-09-25 02:46:42]
event type: exit
[INFO -- 2018-09-25 02:46:42]
exit code: 0
