[INFO -- 2018-12-08 17:51:32]
Starting flip_value script
version: 1.1
[INFO -- 2018-12-08 17:51:32]
Initialization strings:
[INFO -- 2018-12-08 17:51:32]
(1) file /tmp/knapsack/ga
[INFO -- 2018-12-08 17:51:32]
initSignal:1
[INFO -- 2018-12-08 17:51:32]
endSignal:8
[INFO -- 2018-12-08 17:51:32]
faultModel:3
[EXCEPTION -- 2018-12-08 17:51:34]
pythonException: empty range for randrange() (0,0, 0)
[INFO -- 2018-12-08 17:51:35]
Backtrace BEGIN:
#0  std::vector<int, std::allocator<int> >::end (this=0x7fffffffd9a0) at /usr/include/c++/7/bits/stl_vector.h:590
#1  0x000055555555619b in std::vector<int, std::allocator<int> >::vector (this=0x5555557877a0, __x=std::vector of length 200, capacity 200 = {...}) at /usr/include/c++/7/bits/stl_vector.h:331
#2  0x0000555555558123 in chromossome::chromossome (this=0x5555557877a0) at knapsackga.cpp:63
#3  0x0000555555558180 in __gnu_cxx::new_allocator<chromossome>::construct<chromossome, chromossome const&> (this=0x7fffffffd8a0, __p=0x5555557877a0, __args#0=...) at /usr/include/c++/7/ext/new_allocator.h:136
#4  0x0000555555556d7a in std::allocator_traits<std::allocator<chromossome> >::construct<chromossome, chromossome const&> (__a=..., __p=0x5555557877a0, __args#0=...) at /usr/include/c++/7/bits/alloc_traits.h:475
#5  0x0000555555555fda in std::vector<chromossome, std::allocator<chromossome> >::push_back (this=0x7fffffffd8a0, __x=...) at /usr/include/c++/7/bits/stl_vector.h:943
#6  0x0000555555555747 in genetic_algorithm () at knapsackga.cpp:133
#7  0x0000555555555b6c in main () at knapsackga.cpp:165

585	       *  Returns a read-only (constant) iterator that points one past
586	       *  the last element in the %vector.  Iteration is done in
587	       *  ordinary element order.
588	       */
589	      const_iterator
590	      end() const _GLIBCXX_NOEXCEPT
591	      { return const_iterator(this->_M_impl._M_finish); }
592	
593	      /**
594	       *  Returns a read/write reverse iterator that points to the

Backtrace END
Memory content before bitflip:0x280x000x000x00
Fault Model: Zero bit-flip
base address to flip value: 0x55555575f014 
address max offset: 4
Memory content after  bitflip:0x000x000x000x00
frame name: main
symbol name: pop_size2
symbol filename: knapsackga.cpp
symbol line: 20
value: 0
value address: 0x55555575f014 <pop_size2>
Type: The type is an integer type.
Type sizeof: 4

[INFO -- 2018-12-08 17:51:35]
Fault Injection Successful after 3.1194674968719482s
[INFO -- 2018-12-08 17:51:35]
event type: exit
[INFO -- 2018-12-08 17:51:35]
exit code: 0
