[INFO -- 2018-12-01 01:41:55]
Starting flip_value script
version: 1.1
[INFO -- 2018-12-01 01:41:55]
Initialization strings:
[INFO -- 2018-12-01 01:41:55]
(1) file /tmp/knapsack/mf
[INFO -- 2018-12-01 01:41:55]
initSignal:0
[INFO -- 2018-12-01 01:41:55]
endSignal:12
[INFO -- 2018-12-01 01:41:55]
faultModel:1
[INFO -- 2018-12-01 01:42:00]
Backtrace BEGIN:
#0  std::vector<int, std::allocator<int> >::operator[] (this=0x55555576f1e0, __n=393506) at /usr/include/c++/7/bits/stl_vector.h:799
#1  0x0000555555555327 in knapSackAuxRec (i=160, j=393506, values=std::vector of length 200, capacity 256 = {...}, weights=std::vector of length 200, capacity 256 = {...}, V=std::vector of length 201, capacity 201 = {...}) at knapsackmf.cpp:52
#2  0x0000555555555294 in knapSackAuxRec (i=161, j=398953, values=std::vector of length 200, capacity 256 = {...}, weights=std::vector of length 200, capacity 256 = {...}, V=std::vector of length 201, capacity 201 = {...}) at knapsackmf.cpp:45
#3  0x0000555555555294 in knapSackAuxRec (i=162, j=402461, values=std::vector of length 200, capacity 256 = {...}, weights=std::vector of length 200, capacity 256 = {...}, V=std::vector of length 201, capacity 201 = {...}) at knapsackmf.cpp:45
#4  0x0000555555555294 in knapSackAuxRec (i=163, j=409374, values=std::vector of length 200, capacity 256 = {...}, weights=std::vector of length 200, capacity 256 = {...}, V=std::vector of length 201, capacity 201 = {...}) at knapsackmf.cpp:45
#5  0x0000555555555294 in knapSackAuxRec (i=164, j=416616, values=std::vector of length 200, capacity 256 = {...}, weights=std::vector of length 200, capacity 256 = {...}, V=std::vector of length 201, capacity 201 = {...}) at knapsackmf.cpp:45
#6  0x0000555555555294 in knapSackAuxRec (i=165, j=425619, values=std::vector of length 200, capacity 256 = {...}, weights=std::vector of length 200, capacity 256 = {...}, V=std::vector of length 201, capacity 201 = {...}) at knapsackmf.cpp:45
#7  0x0000555555555294 in knapSackAuxRec (i=166, j=433714, values=std::vector of length 200, capacity 256 = {...}, weights=std::vector of length 200, capacity 256 = {...}, V=std::vector of length 201, capacity 201 = {...}) at knapsackmf.cpp:45
#8  0x00005555555552b8 in knapSackAuxRec (i=167, j=433714, values=std::vector of length 200, capacity 256 = {...}, weights=std::vector of length 200, capacity 256 = {...}, V=std::vector of length 201, capacity 201 = {...}) at knapsackmf.cpp:45
#9  0x0000555555555294 in knapSackAuxRec (i=168, j=438945, values=std::vector of length 200, capacity 256 = {...}, weights=std::vector of length 200, capacity 256 = {...}, V=std::vector of length 201, capacity 201 = {...}) at knapsackmf.cpp:45
#10 0x0000555555555294 in knapSackAuxRec (i=169, j=445207, values=std::vector of length 200, capacity 256 = {...}, weights=std::vector of length 200, capacity 256 = {...}, V=std::vector of length 201, capacity 201 = {...}) at knapsackmf.cpp:45
#11 0x0000555555555294 in knapSackAuxRec (i=170, j=446256, values=std::vector of length 200, capacity 256 = {...}, weights=std::vector of length 200, capacity 256 = {...}, V=std::vector of length 201, capacity 201 = {...}) at knapsackmf.cpp:45
#12 0x0000555555555294 in knapSackAuxRec (i=171, j=447611, values=std::vector of length 200, capacity 256 = {...}, weights=std::vector of length 200, capacity 256 = {...}, V=std::vector of length 201, capacity 201 = {...}) at knapsackmf.cpp:45
#13 0x00005555555552b8 in knapSackAuxRec (i=172, j=447611, values=std::vector of length 200, capacity 256 = {...}, weights=std::vector of length 200, capacity 256 = {...}, V=std::vector of length 201, capacity 201 = {...}) at knapsackmf.cpp:45
#14 0x00005555555552b8 in knapSackAuxRec (i=173, j=447611, values=std::vector of length 200, capacity 256 = {...}, weights=std::vector of length 200, capacity 256 = {...}, V=std::vector of length 201, capacity 201 = {...}) at knapsackmf.cpp:45
#15 0x0000555555555294 in knapSackAuxRec (i=174, j=455849, values=std::vector of length 200, capacity 256 = {...}, weights=std::vector of length 200, capacity 256 = {...}, V=std::vector of length 201, capacity 201 = {...}) at knapsackmf.cpp:45
#16 0x0000555555555294 in knapSackAuxRec (i=175, j=459258, values=std::vector of length 200, capacity 256 = {...}, weights=std::vector of length 200, capacity 256 = {...}, V=std::vector of length 201, capacity 201 = {...}) at knapsackmf.cpp:45
#17 0x00005555555552b8 in knapSackAuxRec (i=176, j=459258, values=std::vector of length 200, capacity 256 = {...}, weights=std::vector of length 200, capacity 256 = {...}, V=std::vector of length 201, capacity 201 = {...}) at knapsackmf.cpp:45
#18 0x0000555555555294 in knapSackAuxRec (i=177, j=462076, values=std::vector of length 200, capacity 256 = {...}, weights=std::vector of length 200, capacity 256 = {...}, V=std::vector of length 201, capacity 201 = {...}) at knapsackmf.cpp:45
#19 0x0000555555555294 in knapSackAuxRec (i=178, j=465392, values=std::vector of length 200, capacity 256 = {...}, weights=std::vector of length 200, capacity 256 = {...}, V=std::vector of length 201, capacity 201 = {...}) at knapsackmf.cpp:45
#20 0x0000555555555294 in knapSackAuxRec (i=179, j=468566, values=std::vector of length 200, capacity 256 = {...}, weights=std::vector of length 200, capacity 256 = {...}, V=std::vector of length 201, capacity 201 = {...}) at knapsackmf.cpp:45
#21 0x0000555555555294 in knapSackAuxRec (i=180, j=474774, values=std::vector of length 200, capacity 256 = {...}, weights=std::vector of length 200, capacity 256 = {...}, V=std::vector of length 201, capacity 201 = {...}) at knapsackmf.cpp:45
#22 0x0000555555555294 in knapSackAuxRec (i=181, j=480419, values=std::vector of length 200, capacity 256 = {...}, weights=std::vector of length 200, capacity 256 = {...}, V=std::vector of length 201, capacity 201 = {...}) at knapsackmf.cpp:45
#23 0x0000555555555294 in knapSackAuxRec (i=182, j=484517, values=std::vector of length 200, capacity 256 = {...}, weights=std::vector of length 200, capacity 256 = {...}, V=std::vector of length 201, capacity 201 = {...}) at knapsackmf.cpp:45
#24 0x0000555555555294 in knapSackAuxRec (i=183, j=491935, values=std::vector of length 200, capacity 256 = {...}, weights=std::vector of length 200, capacity 256 = {...}, V=std::vector of length 201, capacity 201 = {...}) at knapsackmf.cpp:45
#25 0x0000555555555294 in knapSackAuxRec (i=184, j=495060, values=std::vector of length 200, capacity 256 = {...}, weights=std::vector of length 200, capacity 256 = {...}, V=std::vector of length 201, capacity 201 = {...}) at knapsackmf.cpp:45
#26 0x0000555555555294 in knapSackAuxRec (i=185, j=505126, values=std::vector of length 200, capacity 256 = {...}, weights=std::vector of length 200, capacity 256 = {...}, V=std::vector of length 201, capacity 201 = {...}) at knapsackmf.cpp:45
#27 0x0000555555555294 in knapSackAuxRec (i=186, j=515758, values=std::vector of length 200, capacity 256 = {...}, weights=std::vector of length 200, capacity 256 = {...}, V=std::vector of length 201, capacity 201 = {...}) at knapsackmf.cpp:45
#28 0x0000555555555294 in knapSackAuxRec (i=187, j=524048, values=std::vector of length 200, capacity 256 = {...}, weights=std::vector of length 200, capacity 256 = {...}, V=std::vector of length 201, capacity 201 = {...}) at knapsackmf.cpp:45
#29 0x0000555555555294 in knapSackAuxRec (i=188, j=529386, values=std::vector of length 200, capacity 256 = {...}, weights=std::vector of length 200, capacity 256 = {...}, V=std::vector of length 201, capacity 201 = {...}) at knapsackmf.cpp:45
#30 0x0000555555555294 in knapSackAuxRec (i=189, j=535502, values=std::vector of length 200, capacity 256 = {...}, weights=std::vector of length 200, capacity 256 = {...}, V=std::vector of length 201, capacity 201 = {...}) at knapsackmf.cpp:45
#31 0x0000555555555294 in knapSackAuxRec (i=190, j=542313, values=std::vector of length 200, capacity 256 = {...}, weights=std::vector of length 200, capacity 256 = {...}, V=std::vector of length 201, capacity 201 = {...}) at knapsackmf.cpp:45
#32 0x00005555555552b8 in knapSackAuxRec (i=191, j=542313, values=std::vector of length 200, capacity 256 = {...}, weights=std::vector of length 200, capacity 256 = {...}, V=std::vector of length 201, capacity 201 = {...}) at knapsackmf.cpp:45
#33 0x0000555555555294 in knapSackAuxRec (i=192, j=547494, values=std::vector of length 200, capacity 256 = {...}, weights=std::vector of length 200, capacity 256 = {...}, V=std::vector of length 201, capacity 201 = {...}) at knapsackmf.cpp:45
#34 0x0000555555555294 in knapSackAuxRec (i=193, j=553745, values=std::vector of length 200, capacity 256 = {...}, weights=std::vector of length 200, capacity 256 = {...}, V=std::vector of length 201, capacity 201 = {...}) at knapsackmf.cpp:45
#35 0x0000555555555294 in knapSackAuxRec (i=194, j=556558, values=std::vector of length 200, capacity 256 = {...}, weights=std::vector of length 200, capacity 256 = {...}, V=std::vector of length 201, capacity 201 = {...}) at knapsackmf.cpp:45
#36 0x0000555555555294 in knapSackAuxRec (i=195, j=558496, values=std::vector of length 200, capacity 256 = {...}, weights=std::vector of length 200, capacity 256 = {...}, V=std::vector of length 201, capacity 201 = {...}) at knapsackmf.cpp:45
#37 0x0000555555555294 in knapSackAuxRec (i=196, j=567523, values=std::vector of length 200, capacity 256 = {...}, weights=std::vector of length 200, capacity 256 = {...}, V=std::vector of length 201, capacity 201 = {...}) at knapsackmf.cpp:45
#38 0x0000555555555294 in knapSackAuxRec (i=197, j=572185, values=std::vector of length 200, capacity 256 = {...}, weights=std::vector of length 200, capacity 256 = {...}, V=std::vector of length 201, capacity 201 = {...}) at knapsackmf.cpp:45
#39 0x0000555555555294 in knapSackAuxRec (i=198, j=578378, values=std::vector of length 200, capacity 256 = {...}, weights=std::vector of length 200, capacity 256 = {...}, V=std::vector of length 201, capacity 201 = {...}) at knapsackmf.cpp:45
#40 0x0000555555555294 in knapSackAuxRec (i=199, j=588593, values=std::vector of length 200, capacity 256 = {...}, weights=std::vector of length 200, capacity 256 = {...}, V=std::vector of length 201, capacity 201 = {...}) at knapsackmf.cpp:45
#41 0x0000555555555294 in knapSackAuxRec (i=200, j=588593, values=std::vector of length 200, capacity 256 = {...}, weights=std::vector of length 200, capacity 256 = {...}, V=std::vector of length 201, capacity 201 = {...}) at knapsackmf.cpp:45
#42 0x000055555555511f in knapSack (W=588593, n=200, values=std::vector of length 200, capacity 256 = {...}, weights=std::vector of length 200, capacity 256 = {...}, V=std::vector of length 201, capacity 201 = {...}) at knapsackmf.cpp:33
#43 0x0000555555555494 in executeAlgorithm () at knapsackmf.cpp:75
#44 0x000055555555558a in main () at knapsackmf.cpp:81

794	      reference
795	      operator[](size_type __n) _GLIBCXX_NOEXCEPT
796	      {
797		__glibcxx_requires_subscript(__n);
798		return *(this->_M_impl._M_start + __n);
799	      }
800	
801	      /**
802	       *  @brief  Subscript access to the data contained in the %vector.
803	       *  @param __n The index of the element for which data should be

Backtrace END
Memory content before bitflip:0x680x5b0x060x00
Fault Model: Double bit-flip
base address to flip value: 0x7fffffffc838
address max offset: 4
Memory content after  bitflip:0x680x5b0x4e0x00
frame name: knapSackAuxRec
symbol name: j
symbol filename: knapsackmf.cpp
symbol line: 38
value: 5135208
value address: 0x7fffffffc838
Type: The type is an integer type.
Type sizeof: 4

[INFO -- 2018-12-01 01:42:00]
Fault Injection Successful after 5.148161172866821s
[INFO -- 2018-12-01 01:42:05]
event type: exit
[INFO -- 2018-12-01 01:42:05]
exit code: 0
