[INFO -- 2018-12-01 07:07:12]
Starting flip_value script
version: 1.1
[INFO -- 2018-12-01 07:07:12]
Initialization strings:
[INFO -- 2018-12-01 07:07:12]
(1) file /tmp/knapsack/mf
[INFO -- 2018-12-01 07:07:12]
initSignal:0
[INFO -- 2018-12-01 07:07:12]
endSignal:12
[INFO -- 2018-12-01 07:07:12]
faultModel:4
[EXCEPTION -- 2018-12-01 07:07:13]
pythonException: Unable to exit loop in struct fields; Exiting wihtout making a bit flip
[INFO -- 2018-12-01 07:07:13]
Backtrace BEGIN:
#0  0x00005555555558d2 in std::vector<std::vector<int, std::allocator<int> >, std::allocator<std::vector<int, std::allocator<int> > > >::operator[] (this=0x7fffffffd6d0, __n=154) at /usr/include/c++/7/bits/stl_vector.h:798
#1  0x00005555555550ba in knapSack (W=588593, n=200, values=std::vector of length 200, capacity 256 = {...}, weights=std::vector of length 200, capacity 256 = {...}, V=std::vector of length 201, capacity 201 = {...}) at knapsackmf.cpp:28
#2  0x0000555555555494 in executeAlgorithm () at knapsackmf.cpp:75
#3  0x000055555555558a in main () at knapsackmf.cpp:81

793	       */
794	      reference
795	      operator[](size_type __n) _GLIBCXX_NOEXCEPT
796	      {
797		__glibcxx_requires_subscript(__n);
798		return *(this->_M_impl._M_start + __n);
799	      }
800	
801	      /**
802	       *  @brief  Subscript access to the data contained in the %vector.

Backtrace END
Memory content before bitflip:0x9a0x000x000x000x000x000x000x00
Fault Model: LSB bit-flip
base address to flip value: 0x7fffffffd5e0
address max offset: 8
Memory content after  bitflip:0x9a0x000x000x000x000x000x000x80
frame name: std::vector<std::vector<int, std::allocator<int> >, std::allocator<std::vector<int, std::allocator<int> > > >::operator[]
symbol name: __n
symbol filename: /usr/include/c++/7/bits/stl_vector.h
symbol line: 795
value: 9223372036854775962
value address: 0x7fffffffd5e0
Type: The type is an integer type.
Type sizeof: 8

[INFO -- 2018-12-01 07:07:13]
Fault Injection Successful after 1.6872713565826416s
[INFO -- 2018-12-01 07:07:22]
event type: exit
[INFO -- 2018-12-01 07:07:22]
exit code: 0
