[INFO -- 2018-12-08 22:21:02]
Starting flip_value script
version: 1.1
[INFO -- 2018-12-08 22:21:02]
Initialization strings:
[INFO -- 2018-12-08 22:21:02]
(1) file /tmp/knapsack/ga
[INFO -- 2018-12-08 22:21:02]
initSignal:1
[INFO -- 2018-12-08 22:21:02]
endSignal:8
[INFO -- 2018-12-08 22:21:02]
faultModel:2
[INFO -- 2018-12-08 22:21:04]
Backtrace BEGIN:
#0  __random_r (buf=buf@entry=0x7ffff7832720 <unsafe_state>, result=result@entry=0x7fffffffd7b4) at random_r.c:362
#1  0x00007ffff7494a22 in __random () at random.c:293
#2  0x00007ffff7494ea9 in rand () at rand.c:27
#3  0x0000555555554ff1 in rand_bit () at knapsackga.cpp:30
#4  0x0000555555555353 in crossover (pai=std::vector of length 200, capacity 200 = {...}, mae=std::vector of length 200, capacity 200 = {...}, filho1=std::vector of length 0, capacity 0, filho2=std::vector of length 0, capacity 0) at knapsackga.cpp:95
#5  0x00005555555556d7 in genetic_algorithm () at knapsackga.cpp:130
#6  0x0000555555555b6c in main () at knapsackga.cpp:165

357	random_r.c: No such file or directory.

Backtrace END
Fliping value of field: std::_Vector_base<int, std::allocator<int> >
Fliping value of field: _M_impl
Fliping value of field: _M_start
Fliping a bit of the value pointed by a pointer
Memory content before bitflip:0x000x000x000x00
Fault Model: Random bit-flip
base address to flip value: 0x555555787210
address max offset: 4
Memory content after  bitflip:0xc80xb40x6b0xe1
frame name: genetic_algorithm
symbol name: mae
symbol filename: knapsackga.cpp
symbol line: 127
value: std::vector of length 200, capacity 200 = {-513035064, 1, 0, 0, 1, 1, 1, 0, 0, 0, 0, 0, 0, 0, 1, 1, 1, 0, 0, 0, 0, 0, 0, 1, 1, 0, 1, 1, 1, 0, 0, 0, 0, 1, 0, 0, 0, 1, 1, 1, 0, 0, 0, 0, 1, 0, 1, 0, 1, 0, 0, 1, 1, 0, 1, 1, 1, 0, 0, 1, 1, 1, 1, 0, 0, 0, 1, 0, 0, 0, 1, 0, 0, 0, 1, 1, 0, 0, 1, 1, 1, 0, 0, 1, 1, 0, 1, 0, 1, 0, 0, 1, 0, 0, 1, 0, 0, 0, 0, 0, 1, 1, 0, 1, 0, 1, 0, 1, 0, 0, 0, 0, 1, 1, 0, 1, 0, 0, 0, 1, 1, 0, 1, 1, 0, 0, 1, 0, 1, 1, 1, 1, 0, 0, 1, 0, 0, 1, 1, 0, 0, 1, 1, 0, 0, 0, 1, 0, 0, 1, 0, 0, 1, 1, 0, 0, 0, 1, 0, 1, 1, 0, 0, 0, 1, 0, 0, 0, 1, 0, 1, 0, 1, 0, 0, 0, 0, 0, 0, 0, 1, 0, 0, 1, 1, 0, 1, 1, 1, 0, 0, 0, 0, 0, 0, 0, 0, 0, 0, 1...}
value address: 0x7fffffffd8e0
Type: The type is a structure.
Type sizeof: 24
Field name: std::_Vector_base<int, std::allocator<int> >
Field Type: The type is a structure.
Field Type sizeof: 24

[INFO -- 2018-12-08 22:21:04]
Fault Injection Successful after 2.0892162322998047s
[INFO -- 2018-12-08 22:21:10]
event type: exit
[INFO -- 2018-12-08 22:21:10]
exit code: 0
