[INFO -- 2018-12-08 19:49:26]
Starting flip_value script
version: 1.1
[INFO -- 2018-12-08 19:49:26]
Initialization strings:
[INFO -- 2018-12-08 19:49:26]
(1) file /tmp/knapsack/ga
[INFO -- 2018-12-08 19:49:26]
initSignal:1
[INFO -- 2018-12-08 19:49:26]
endSignal:8
[INFO -- 2018-12-08 19:49:26]
faultModel:3
[INFO -- 2018-12-08 19:49:32]
Backtrace BEGIN:
#0  0x0000555555555e89 in std::vector<int, std::allocator<int> >::operator[] (this=0x55555578ac90, __n=12) at /usr/include/c++/7/bits/stl_vector.h:798
#1  0x00005555555550ae in cost (solution=std::vector of length 200, capacity 200 = {...}) at knapsackga.cpp:41
#2  0x000055555555589e in genetic_algorithm () at knapsackga.cpp:138
#3  0x0000555555555b6c in main () at knapsackga.cpp:165

793	       */
794	      reference
795	      operator[](size_type __n) _GLIBCXX_NOEXCEPT
796	      {
797		__glibcxx_requires_subscript(__n);
798		return *(this->_M_impl._M_start + __n);
799	      }
800	
801	      /**
802	       *  @brief  Subscript access to the data contained in the %vector.

Backtrace END
Memory content before bitflip:0x310xfb0x080x00
Fault Model: Zero bit-flip
base address to flip value: 0x55555575f0b0 
address max offset: 4
Memory content after  bitflip:0x000x000x000x00
frame name: cost
symbol name: W
symbol filename: knapsackga.cpp
symbol line: 18
value: 0
value address: 0x55555575f0b0 <W>
Type: The type is an integer type.
Type sizeof: 4

[INFO -- 2018-12-08 19:49:32]
Fault Injection Successful after 6.459433078765869s
[INFO -- 2018-12-08 19:49:32]
event type: exit
[INFO -- 2018-12-08 19:49:32]
exit code: 0
