[INFO -- 2018-09-23 17:10:44]
Starting flip_value script
version: 1.1
[INFO -- 2018-09-23 17:10:44]
Initialization strings:
[INFO -- 2018-09-23 17:10:44]
(1) file /tmp/knapsack/sa
[INFO -- 2018-09-23 17:10:44]
initSignal:0
[INFO -- 2018-09-23 17:10:44]
endSignal:2
[INFO -- 2018-09-23 17:10:44]
faultModel:1
[EXCEPTION -- 2018-09-23 17:10:45]
gdbException: Cannot access memory at address 0x4800555555770bb0
[EXCEPTION -- 2018-09-23 17:10:45]
pythonException: empty range for randrange() (0,0, 0)
[EXCEPTION -- 2018-09-23 17:10:45]
pythonException: Unable to exit loop in struct fields; Exiting wihtout making a bit flip
[INFO -- 2018-09-23 17:10:45]
event type: exit
[EXCEPTION -- 2018-09-23 17:10:45]
exit code: no exit code available
