[INFO -- 2018-12-09 00:30:32]
Starting flip_value script
version: 1.1
[INFO -- 2018-12-09 00:30:32]
Initialization strings:
[INFO -- 2018-12-09 00:30:32]
(1) file /tmp/knapsack/sa
[INFO -- 2018-12-09 00:30:32]
initSignal:0
[INFO -- 2018-12-09 00:30:32]
endSignal:9
[INFO -- 2018-12-09 00:30:32]
faultModel:4
[INFO -- 2018-12-09 00:30:33]
Backtrace BEGIN:
#0  0x0000555555555852 in std::vector<int, std::allocator<int> >::operator[] (this=0x7fffffffd740, __n=197) at /usr/include/c++/7/bits/stl_vector.h:795
#1  0x00005555555551aa in cost (solution=std::vector of length 200, capacity 200 = {...}) at knapsacksa.cpp:62
#2  0x000055555555534c in simulated_annealing () at knapsacksa.cpp:92
#3  0x0000555555555658 in main () at knapsacksa.cpp:146

790	       *  Note that data access with this operator is unchecked and
791	       *  out_of_range lookups are not defined. (For checked lookups
792	       *  see at().)
793	       */
794	      reference
795	      operator[](size_type __n) _GLIBCXX_NOEXCEPT
796	      {
797		__glibcxx_requires_subscript(__n);
798		return *(this->_M_impl._M_start + __n);
799	      }

Backtrace END
Memory content before bitflip:0xfa0x7f0x190x00
Fault Model: LSB bit-flip
base address to flip value: 0x7fffffffd70c
address max offset: 4
Memory content after  bitflip:0xfa0x7f0x190x04
frame name: simulated_annealing
symbol name: temp
symbol filename: knapsacksa.cpp
symbol line: 83
value: 68780026
value address: 0x7fffffffd70c
Type: The type is an integer type.
Type sizeof: 4

[INFO -- 2018-12-09 00:30:33]
Fault Injection Successful after 1.7621757984161377s
[INFO -- 2018-12-09 00:30:33]
event type: exit
[INFO -- 2018-12-09 00:30:33]
exit code: 0
