[INFO -- 2018-10-18 23:10:38]
Starting flip_value script
version: 1.1
[INFO -- 2018-10-18 23:10:38]
Initialization strings:
[INFO -- 2018-10-18 23:10:38]
(1) file /tmp/knapsack/mf
[INFO -- 2018-10-18 23:10:38]
initSignal:1
[INFO -- 2018-10-18 23:10:38]
endSignal:3
[INFO -- 2018-10-18 23:10:38]
faultModel:1
[EXCEPTION -- 2018-10-18 23:10:39]
pythonException: Unable to exit loop in struct fields; Exiting wihtout making a bit flip
[EXCEPTION -- 2018-10-18 23:10:39]
pythonException: Unable to exit loop in struct fields; Exiting wihtout making a bit flip
[EXCEPTION -- 2018-10-18 23:10:40]
pythonException: Unable to exit loop in struct fields; Exiting wihtout making a bit flip
[EXCEPTION -- 2018-10-18 23:10:40]
pythonException: Unable to exit loop in struct fields; Exiting wihtout making a bit flip
[INFO -- 2018-10-18 23:10:43]
event type: exit
[INFO -- 2018-10-18 23:10:43]
exit code: 0
