[INFO -- 2018-12-08 22:10:04]
Starting flip_value script
version: 1.1
[INFO -- 2018-12-08 22:10:04]
Initialization strings:
[INFO -- 2018-12-08 22:10:04]
(1) file /tmp/knapsack/ga
[INFO -- 2018-12-08 22:10:04]
initSignal:1
[INFO -- 2018-12-08 22:10:04]
endSignal:8
[INFO -- 2018-12-08 22:10:04]
faultModel:0
[EXCEPTION -- 2018-12-08 22:10:07]
pythonException: Unable to exit loop in struct fields; Exiting wihtout making a bit flip
[INFO -- 2018-12-08 22:10:08]
Backtrace BEGIN:
#0  __random () at random.c:288
#1  0x00007ffff7494ea9 in rand () at rand.c:27
#2  0x0000555555554ff1 in rand_bit () at knapsackga.cpp:30
#3  0x0000555555555353 in crossover (pai=std::vector of length 200, capacity 200 = {...}, mae=std::vector of length 200, capacity 200 = {...}, filho1=std::vector of length 0, capacity 0, filho2=std::vector of length 0, capacity 0) at knapsackga.cpp:95
#4  0x00005555555556d7 in genetic_algorithm () at knapsackga.cpp:130
#5  0x0000555555555b6c in main () at knapsackga.cpp:165

283	in random.c

Backtrace END
Memory content before bitflip:0x280x000x000x00
Fault Model: Single bit-flip
base address to flip value: 0x55555575f014 
address max offset: 4
Memory content after  bitflip:0x280x000x080x00
frame name: genetic_algorithm
symbol name: pop_size2
symbol filename: knapsackga.cpp
symbol line: 20
value: 524328
value address: 0x55555575f014 <pop_size2>
Type: The type is an integer type.
Type sizeof: 4

[INFO -- 2018-12-08 22:10:08]
Fault Injection Successful after 4.033346891403198s
[INFO -- 2018-12-08 22:10:08]
event type: exit
[INFO -- 2018-12-08 22:10:08]
exit code: 0
