[INFO -- 2018-09-21 22:12:42]
Starting flip_value script
version: 1.1
[INFO -- 2018-09-21 22:12:42]
Initialization strings:
[INFO -- 2018-09-21 22:12:42]
(1) file /tmp/knapsack/dp
[INFO -- 2018-09-21 22:12:42]
initSignal:1
[INFO -- 2018-09-21 22:12:42]
endSignal:3
[INFO -- 2018-09-21 22:12:42]
faultModel:2
[EXCEPTION -- 2018-09-21 22:12:43]
pythonException: empty range for randrange() (0,0, 0)
[EXCEPTION -- 2018-09-21 22:12:43]
gdbException: Cannot access memory at address 0xdf7ae3b287878f85
[EXCEPTION -- 2018-09-21 22:12:44]
pythonException: empty range for randrange() (0,0, 0)
[INFO -- 2018-09-21 22:12:44]
event type: exit
[EXCEPTION -- 2018-09-21 22:12:44]
exit code: no exit code available
