[INFO -- 2018-09-24 19:00:41]
Starting flip_value script
version: 1.1
[INFO -- 2018-09-24 19:00:41]
Initialization strings:
[INFO -- 2018-09-24 19:00:41]
(1) file /tmp/knapsack/ga
[INFO -- 2018-09-24 19:00:41]
initSignal:1
[INFO -- 2018-09-24 19:00:41]
endSignal:3.5
[INFO -- 2018-09-24 19:00:41]
faultModel:4
[EXCEPTION -- 2018-09-24 19:00:43]
gdbException: Cannot access memory at address 0x100555555785af0
[EXCEPTION -- 2018-09-24 19:00:43]
gdbException: Cannot access memory at address 0x10005555557857c0
[EXCEPTION -- 2018-09-24 19:00:43]
pythonException: empty range for randrange() (0,0, 0)
[EXCEPTION -- 2018-09-24 19:00:43]
pythonException: Unable to exit loop in struct fields; Exiting wihtout making a bit flip
[EXCEPTION -- 2018-09-24 19:00:43]
pythonException: empty range for randrange() (0,0, 0)
[INFO -- 2018-09-24 19:00:43]
event type: exit
[EXCEPTION -- 2018-09-24 19:00:43]
exit code: no exit code available
