[INFO -- 2018-09-23 16:18:08]
Starting flip_value script
version: 1.1
[INFO -- 2018-09-23 16:18:08]
Initialization strings:
[INFO -- 2018-09-23 16:18:08]
(1) file /tmp/knapsack/sa
[INFO -- 2018-09-23 16:18:08]
initSignal:0
[INFO -- 2018-09-23 16:18:08]
endSignal:2
[INFO -- 2018-09-23 16:18:08]
faultModel:0
[INFO -- 2018-09-23 16:18:08]
Backtrace BEGIN:
#0  0x0000555555554fc0 in cost (solution=std::vector of length 200, capacity 200 = {...}) at knapsacksa.cpp:29
#1  0x000055555555511f in simulated_annealing () at knapsacksa.cpp:50
#2  0x000055555555535e in main () at knapsacksa.cpp:84

24	
25	int cost(vector<int> &solution){
26	    int peso=0, valor=0;
27	    for(int i=0; i < n; i++){
28	       peso += solution[i] * wt[i];
29	       valor += solution[i] * val[i];
30	    }
31	    if(peso > W)
32	       return 99999999;
33	    else

Backtrace END
Memory content before bitflip:0x2c0x7c0xf80xff
Fault Model: Single bit-flip
base address to flip value: 0x7fffffffd9f4
address max offset: 4
Memory content after  bitflip:0x2d0x7c0xf80xff
frame name: simulated_annealing
symbol name: best
symbol filename: knapsacksa.cpp
symbol line: 41
value: -492499
value address: 0x7fffffffd9f4
Type: The type is an integer type.
Type sizeof: 4

[INFO -- 2018-09-23 16:18:08]
Fault Injection Successful after 0.9090650081634521s
[INFO -- 2018-09-23 16:18:11]
event type: exit
[INFO -- 2018-09-23 16:18:11]
exit code: 0
