[INFO -- 2018-12-08 21:55:11]
Starting flip_value script
version: 1.1
[INFO -- 2018-12-08 21:55:11]
Initialization strings:
[INFO -- 2018-12-08 21:55:11]
(1) file /tmp/knapsack/ga
[INFO -- 2018-12-08 21:55:11]
initSignal:1
[INFO -- 2018-12-08 21:55:11]
endSignal:8
[INFO -- 2018-12-08 21:55:11]
faultModel:1
[INFO -- 2018-12-08 21:55:14]
Backtrace BEGIN:
#0  __random_r (buf=buf@entry=0x7ffff7832720 <unsafe_state>, result=result@entry=0x7fffffffd7b4) at random_r.c:383
#1  0x00007ffff7494a22 in __random () at random.c:293
#2  0x00007ffff7494ea9 in rand () at rand.c:27
#3  0x0000555555554ff1 in rand_bit () at knapsackga.cpp:30
#4  0x0000555555555353 in crossover (pai=std::vector of length 200, capacity 200 = {...}, mae=std::vector of length 200, capacity 200 = {...}, filho1=std::vector of length 0, capacity 0, filho2=std::vector of length 0, capacity 0) at knapsackga.cpp:95
#5  0x00005555555556d7 in genetic_algorithm () at knapsackga.cpp:130
#6  0x0000555555555b6c in main () at knapsackga.cpp:165

378	random_r.c: No such file or directory.

Backtrace END
Fliping value of field: rptr
Fliping a bit of the pointer
Memory content before bitflip:0xe00x210x830xf70xff0x7f0x000x00
Fault Model: Double bit-flip
base address to flip value: 0x7ffff7832728 
address max offset: 8
Memory content after  bitflip:0x620x210x830xf70xff0x7f0x000x00
frame name: __random
symbol name: unsafe_state
symbol filename: random.c
symbol line: 160
value: {fptr = 0x7ffff78321ec <randtbl+76>, rptr = 0x7ffff7832162, state = 0x7ffff78321a4 <randtbl+4>, rand_type = 3, rand_deg = 31, rand_sep = 3, end_ptr = 0x7ffff7832220 <pa_next_type>}
value address: 0x7ffff7832720 <unsafe_state>
Type: The type is a structure.
Type sizeof: 48
Field name: fptr
Field Type: The type is a pointer.
Field Type sizeof: 8
Field name: rptr
Field Type: The type is a pointer.
Field Type sizeof: 8
Field name: state
Field Type: The type is a pointer.
Field Type sizeof: 8
Field name: rand_type
Field Type: The type is an integer type.
Field Type sizeof: 4
Field name: rand_deg
Field Type: The type is an integer type.
Field Type sizeof: 4
Field name: rand_sep
Field Type: The type is an integer type.
Field Type sizeof: 4
Field name: end_ptr
Field Type: The type is a pointer.
Field Type sizeof: 8

[INFO -- 2018-12-08 21:55:14]
Fault Injection Successful after 3.549649953842163s
[INFO -- 2018-12-08 21:55:19]
event type: exit
[INFO -- 2018-12-08 21:55:19]
exit code: 0
