[INFO -- 2018-11-30 09:02:47]
Starting flip_value script
version: 1.1
[INFO -- 2018-11-30 09:02:47]
Initialization strings:
[INFO -- 2018-11-30 09:02:47]
(1) file /tmp/knapsack/sa
[INFO -- 2018-11-30 09:02:47]
initSignal:0
[INFO -- 2018-11-30 09:02:47]
endSignal:7
[INFO -- 2018-11-30 09:02:47]
faultModel:2
[INFO -- 2018-11-30 09:02:50]
Backtrace BEGIN:
#0  std::vector<int, std::allocator<int> >::operator[] (this=0x555555759140 <val>, __n=164) at /usr/include/c++/7/bits/stl_vector.h:795
#1  0x00005555555550c5 in cost (solution=std::vector of length 200, capacity 200 = {...}) at knapsacksa.cpp:28
#2  0x0000555555555259 in simulated_annealing () at knapsacksa.cpp:52
#3  0x0000555555555522 in main () at knapsacksa.cpp:85

790	       *  Note that data access with this operator is unchecked and
791	       *  out_of_range lookups are not defined. (For checked lookups
792	       *  see at().)
793	       */
794	      reference
795	      operator[](size_type __n) _GLIBCXX_NOEXCEPT
796	      {
797		__glibcxx_requires_subscript(__n);
798		return *(this->_M_impl._M_start + __n);
799	      }

Backtrace END
Memory content before bitflip:0xe10x170x070x00
Fault Model: Random bit-flip
base address to flip value: 0x7fffffffd914
address max offset: 4
Memory content after  bitflip:0x4c0xf80xbe0x6a
frame name: cost
symbol name: peso
symbol filename: knapsacksa.cpp
symbol line: 26
value: 1790900300
value address: 0x7fffffffd914
Type: The type is an integer type.
Type sizeof: 4

[INFO -- 2018-11-30 09:02:50]
Fault Injection Successful after 3.9096875190734863s
[INFO -- 2018-11-30 09:02:54]
event type: exit
[INFO -- 2018-11-30 09:02:54]
exit code: 0
