[INFO -- 2018-11-30 10:43:33]
Starting flip_value script
version: 1.1
[INFO -- 2018-11-30 10:43:33]
Initialization strings:
[INFO -- 2018-11-30 10:43:33]
(1) file /tmp/knapsack/sa
[INFO -- 2018-11-30 10:43:33]
initSignal:0
[INFO -- 2018-11-30 10:43:33]
endSignal:7
[INFO -- 2018-11-30 10:43:33]
faultModel:3
[EXCEPTION -- 2018-11-30 10:43:34]
pythonException: Unable to exit loop in struct fields; Exiting wihtout making a bit flip
[INFO -- 2018-11-30 10:43:34]
Backtrace BEGIN:
#0  0x0000555555555f2a in std::vector<int, std::allocator<int> >::size (this=0x7fffffffd970) at /usr/include/c++/7/bits/stl_vector.h:671
#1  0x00005555555558e0 in std::vector<int, std::allocator<int> >::vector (this=0x7fffffffd990, __x=std::vector of length 200, capacity 200 = {...}) at /usr/include/c++/7/bits/stl_vector.h:328
#2  0x0000555555555204 in simulated_annealing () at knapsacksa.cpp:49
#3  0x0000555555555522 in main () at knapsacksa.cpp:85

666	
667	      // [23.2.4.2] capacity
668	      /**  Returns the number of elements in the %vector.  */
669	      size_type
670	      size() const _GLIBCXX_NOEXCEPT
671	      { return size_type(this->_M_impl._M_finish - this->_M_impl._M_start); }
672	
673	      /**  Returns the size() of the largest possible %vector.  */
674	      size_type
675	      max_size() const _GLIBCXX_NOEXCEPT

Backtrace END
Memory content before bitflip:0x310xfb0x080x00
Fault Model: Zero bit-flip
base address to flip value: 0x55555575917c 
address max offset: 4
Memory content after  bitflip:0x000x000x000x00
frame name: main
symbol name: W
symbol filename: knapsacksa.cpp
symbol line: 15
value: 0
value address: 0x55555575917c <W>
Type: The type is an integer type.
Type sizeof: 4

[INFO -- 2018-11-30 10:43:34]
Fault Injection Successful after 1.4583954811096191s
[INFO -- 2018-11-30 10:43:41]
event type: exit
[INFO -- 2018-11-30 10:43:41]
exit code: 0
