[INFO -- 2018-09-23 19:05:30]
Starting flip_value script
version: 1.1
[INFO -- 2018-09-23 19:05:30]
Initialization strings:
[INFO -- 2018-09-23 19:05:30]
(1) file /tmp/knapsack/sa
[INFO -- 2018-09-23 19:05:30]
initSignal:0
[INFO -- 2018-09-23 19:05:30]
endSignal:2
[INFO -- 2018-09-23 19:05:30]
faultModel:1
[EXCEPTION -- 2018-09-23 19:05:32]
pythonException: Unable to exit loop in struct fields; Exiting wihtout making a bit flip
[INFO -- 2018-09-23 19:05:32]
Backtrace BEGIN:
#0  0x0000555555556a46 in std::__niter_base<int const*, std::vector<int, std::allocator<int> > > (__it=0) at /usr/include/c++/7/bits/stl_iterator.h:983
#1  0x0000555555556e34 in std::__copy_move_a2<false, __gnu_cxx::__normal_iterator<int const*, std::vector<int, std::allocator<int> > >, int*> (__first=1, __last=0, __result=0x555555771700) at /usr/include/c++/7/bits/stl_algobase.h:422
#2  0x0000555555556c99 in std::copy<__gnu_cxx::__normal_iterator<int const*, std::vector<int, std::allocator<int> > >, int*> (__first=1, __last=0, __result=0x555555771700) at /usr/include/c++/7/bits/stl_algobase.h:456
#3  0x00005555555569f6 in std::__uninitialized_copy<true>::__uninit_copy<__gnu_cxx::__normal_iterator<int const*, std::vector<int, std::allocator<int> > >, int*> (__first=1, __last=0, __result=0x555555771700) at /usr/include/c++/7/bits/stl_uninitialized.h:101
#4  0x0000555555556552 in std::uninitialized_copy<__gnu_cxx::__normal_iterator<int const*, std::vector<int, std::allocator<int> > >, int*> (__first=1, __last=0, __result=0x555555771700) at /usr/include/c++/7/bits/stl_uninitialized.h:134
#5  0x0000555555555dbb in std::__uninitialized_copy_a<__gnu_cxx::__normal_iterator<int const*, std::vector<int, std::allocator<int> > >, int*, int> (__first=1, __last=0, __result=0x555555771700) at /usr/include/c++/7/bits/stl_uninitialized.h:289
#6  0x00005555555556b3 in std::vector<int, std::allocator<int> >::vector (this=0x7fffffffda00, __x=std::vector of length 200, capacity 200 = {...}) at /usr/include/c++/7/bits/stl_vector.h:331
#7  0x00005555555550ca in simulated_annealing () at knapsacksa.cpp:47
#8  0x000055555555535e in main () at knapsacksa.cpp:84

978	{
979	_GLIBCXX_BEGIN_NAMESPACE_VERSION
980	
981	  template<typename _Iterator, typename _Container>
982	    _Iterator
983	    __niter_base(__gnu_cxx::__normal_iterator<_Iterator, _Container> __it)
984	    { return __it.base(); }
985	
986	_GLIBCXX_END_NAMESPACE_VERSION
987	} // namespace

Backtrace END
Memory content before bitflip:0x310xfb0x080x00
Fault Model: Double bit-flip
base address to flip value: 0x55555575906c 
address max offset: 4
Memory content after  bitflip:0x310xfb0x080x42
frame name: std::__uninitialized_copy<true>::__uninit_copy<__gnu_cxx::__normal_iterator<int const*, std::vector<int, std::allocator<int> > >, int*>
symbol name: W
symbol filename: knapsacksa.cpp
symbol line: 15
value: 1107884849
value address: 0x55555575906c <W>
Type: The type is an integer type.
Type sizeof: 4

[INFO -- 2018-09-23 19:05:32]
Fault Injection Successful after 2.4404447078704834s
[INFO -- 2018-09-23 19:05:33]
event type: exit
[INFO -- 2018-09-23 19:05:33]
exit code: 0
