[INFO -- 2018-11-30 06:02:30]
Starting flip_value script
version: 1.1
[INFO -- 2018-11-30 06:02:30]
Initialization strings:
[INFO -- 2018-11-30 06:02:30]
(1) file /tmp/knapsack/sa
[INFO -- 2018-11-30 06:02:30]
initSignal:0
[INFO -- 2018-11-30 06:02:30]
endSignal:7
[INFO -- 2018-11-30 06:02:30]
faultModel:3
[INFO -- 2018-11-30 06:02:31]
Backtrace BEGIN:
#0  0x0000555555556d3b in std::__copy_move_a<false, int const*, int*> (__first=0x55555576e610, __last=0x55555576e930, __result=0x55555576e2e0) at /usr/include/c++/7/bits/stl_algobase.h:386
#1  0x0000555555556925 in std::__copy_move_a2<false, __gnu_cxx::__normal_iterator<int const*, std::vector<int, std::allocator<int> > >, __gnu_cxx::__normal_iterator<int*, std::vector<int, std::allocator<int> > > > (__first=1, __last=540357171, __result=1) at /usr/include/c++/7/bits/stl_algobase.h:422
#2  0x0000555555556259 in std::copy<__gnu_cxx::__normal_iterator<int const*, std::vector<int, std::allocator<int> > >, __gnu_cxx::__normal_iterator<int*, std::vector<int, std::allocator<int> > > > (__first=1, __last=540357171, __result=1) at /usr/include/c++/7/bits/stl_algobase.h:456
#3  0x0000555555555c17 in std::vector<int, std::allocator<int> >::operator= (this=0x7fffffffd970, __x=std::vector of length 200, capacity 200 = {...}) at /usr/include/c++/7/bits/vector.tcc:218
#4  0x00005555555552c9 in simulated_annealing () at knapsacksa.cpp:60
#5  0x0000555555555522 in main () at knapsacksa.cpp:85

381		                     && __is_pointer<_II>::__value
382		                     && __is_pointer<_OI>::__value
383				     && __are_same<_ValueTypeI, _ValueTypeO>::__value);
384	
385	      return std::__copy_move<_IsMove, __simple,
386		                      _Category>::__copy_m(__first, __last, __result);
387	    }
388	
389	  // Helpers for streambuf iterators (either istream or ostream).
390	  // NB: avoid including <iosfwd>, relatively large.

Backtrace END
Fliping value of field: _M_current
Fliping a bit of the value pointed by a pointer
Memory content before bitflip:0x010x000x000x00
Fault Model: Zero bit-flip
base address to flip value: 0x55555576e610
address max offset: 4
Memory content after  bitflip:0x000x000x000x00
frame name: std::copy<__gnu_cxx::__normal_iterator<int const*, std::vector<int, std::allocator<int> > >, __gnu_cxx::__normal_iterator<int*, std::vector<int, std::allocator<int> > > >
symbol name: __first
symbol filename: /usr/include/c++/7/bits/stl_algobase.h
symbol line: 446
value: 0
value address: 0x7fffffffd8c8
Type: The type is a structure.
Type sizeof: 8
Field name: _M_current
Field Type: The type is a pointer.
Field Type sizeof: 8

[INFO -- 2018-11-30 06:02:31]
Fault Injection Successful after 1.8696019649505615s
[INFO -- 2018-11-30 06:02:38]
event type: exit
[INFO -- 2018-11-30 06:02:38]
exit code: 0
