[INFO -- 2018-12-09 00:21:42]
Starting flip_value script
version: 1.1
[INFO -- 2018-12-09 00:21:42]
Initialization strings:
[INFO -- 2018-12-09 00:21:42]
(1) file /tmp/knapsack/ga
[INFO -- 2018-12-09 00:21:42]
initSignal:1
[INFO -- 2018-12-09 00:21:42]
endSignal:8
[INFO -- 2018-12-09 00:21:42]
faultModel:3
[EXCEPTION -- 2018-12-09 00:21:44]
pythonException: empty range for randrange() (0,0, 0)
[EXCEPTION -- 2018-12-09 00:21:44]
pythonException: empty range for randrange() (0,0, 0)
[EXCEPTION -- 2018-12-09 00:21:45]
pythonException: empty range for randrange() (0,0, 0)
[INFO -- 2018-12-09 00:21:45]
event type: exit
[EXCEPTION -- 2018-12-09 00:21:45]
exit code: no exit code available
