[INFO -- 2018-12-01 07:34:50]
sending 5 signals using command: 'killall -2 mf' after 11.5165221831s
[INFO -- 2018-12-01 07:34:51]
sending 5 signals using command: 'killall -2 mf' after 11.804769883s
[INFO -- 2018-12-01 07:34:51]
sending 5 signals using command: 'killall -2 mf' after 11.897619749s
[INFO -- 2018-12-01 07:34:51]
Starting GDB script
[INFO -- 2018-12-01 07:34:51]
initSignal:0.0
[INFO -- 2018-12-01 07:34:51]
endSignal:12.0
[INFO -- 2018-12-01 07:34:52]
sending 5 signals using command: 'killall -2 mf' after 1.70330979478s
[INFO -- 2018-12-01 07:34:53]
sending 5 signals using command: 'killall -2 mf' after 2.01710622518s
[INFO -- 2018-12-01 07:34:58]
sending 5 signals using command: 'killall -2 mf' after 7.34110320467s
[INFO -- 2018-12-01 07:35:02]
Execution finished before waitTime
