[INFO -- 2018-09-25 00:58:09]
Starting flip_value script
version: 1.1
[INFO -- 2018-09-25 00:58:09]
Initialization strings:
[INFO -- 2018-09-25 00:58:09]
(1) file /tmp/knapsack/ga
[INFO -- 2018-09-25 00:58:09]
initSignal:1
[INFO -- 2018-09-25 00:58:09]
endSignal:3.5
[INFO -- 2018-09-25 00:58:09]
faultModel:2
[INFO -- 2018-09-25 00:58:10]
Backtrace BEGIN:
#0  tcache_put (tc_idx=7, chunk=0x5555557764d0) at malloc.c:2963
#1  _int_free (av=0x7ffff7832c20 <main_arena>, p=0x5555557764d0, have_lock=0) at malloc.c:4196
#2  0x00007ffff74e744e in __GI___libc_free (mem=<optimized out>) at malloc.c:3145
#3  0x0000555555559724 in __gnu_cxx::new_allocator<chromossome>::deallocate (this=0x7fffffffd870, __p=0x5555557764e0) at /usr/include/c++/7/ext/new_allocator.h:125
#4  0x0000555555558aac in std::allocator_traits<std::allocator<chromossome> >::deallocate (__a=..., __p=0x5555557764e0, __n=4) at /usr/include/c++/7/bits/alloc_traits.h:462
#5  0x000055555555750a in std::_Vector_base<chromossome, std::allocator<chromossome> >::_M_deallocate (this=0x7fffffffd870, __p=0x5555557764e0, __n=4) at /usr/include/c++/7/bits/stl_vector.h:180
#6  0x0000555555556a05 in std::_Vector_base<chromossome, std::allocator<chromossome> >::~_Vector_base (this=0x7fffffffd870, __in_chrg=<optimized out>) at /usr/include/c++/7/bits/stl_vector.h:162
#7  0x0000555555555c8d in std::vector<chromossome, std::allocator<chromossome> >::~vector (this=0x7fffffffd870, __in_chrg=<optimized out>) at /usr/include/c++/7/bits/stl_vector.h:435
#8  0x0000555555555088 in tournament (pop=std::vector of length 40, capacity 64 = {...}) at knapsackga.cpp:59
#9  0x0000555555555409 in genetic_algorithm () at knapsackga.cpp:102
#10 0x00005555555558d7 in main () at knapsackga.cpp:137

2958	malloc.c: No such file or directory.

Backtrace END
Memory content before bitflip:0x310xfb0x080x00
Fault Model: Random bit-flip
base address to flip value: 0x55555575f06c 
address max offset: 4
Memory content after  bitflip:0xd70x290xc00x36
frame name: __gnu_cxx::new_allocator<chromossome>::deallocate
symbol name: W
symbol filename: knapsackga.cpp
symbol line: 16
value: 918563287
value address: 0x55555575f06c <W>
Type: The type is an integer type.
Type sizeof: 4

[INFO -- 2018-09-25 00:58:10]
Fault Injection Successful after 1.805734395980835s
[INFO -- 2018-09-25 00:58:12]
event type: exit
[INFO -- 2018-09-25 00:58:12]
exit code: 0
