[INFO -- 2018-09-21 22:32:04]
Starting flip_value script
version: 1.1
[INFO -- 2018-09-21 22:32:04]
Initialization strings:
[INFO -- 2018-09-21 22:32:04]
(1) file /tmp/knapsack/dp
[INFO -- 2018-09-21 22:32:04]
initSignal:1
[INFO -- 2018-09-21 22:32:04]
endSignal:3
[INFO -- 2018-09-21 22:32:04]
faultModel:2
[INFO -- 2018-09-21 22:32:06]
Backtrace BEGIN:
#0  std::vector<int, std::allocator<int> >::operator[] (this=0x7fffffffda10, __n=103) at /usr/include/c++/7/bits/stl_vector.h:795
#1  0x0000555555554fbb in knapSack (W=588593, n=200, val=std::vector of length 200, capacity 256 = {...}, wt=std::vector of length 200, capacity 256 = {...}) at knapsackdp.cpp:23
#2  0x0000555555555375 in main () at knapsackdp.cpp:54

790	       *  Note that data access with this operator is unchecked and
791	       *  out_of_range lookups are not defined. (For checked lookups
792	       *  see at().)
793	       */
794	      reference
795	      operator[](size_type __n) _GLIBCXX_NOEXCEPT
796	      {
797		__glibcxx_requires_subscript(__n);
798		return *(this->_M_impl._M_start + __n);
799	      }

Backtrace END
Memory content before bitflip:0x670x000x000x000x000x000x000x00
Fault Model: Random bit-flip
base address to flip value: 0x7fffffffd930
address max offset: 8
Memory content after  bitflip:0x370x6f0x2d0x4d0x0e0x330x3c0x43
frame name: std::vector<int, std::allocator<int> >::operator[]
symbol name: __n
symbol filename: /usr/include/c++/7/bits/stl_vector.h
symbol line: 795
value: 4844803435661193015
value address: 0x7fffffffd930
Type: The type is an integer type.
Type sizeof: 8

[INFO -- 2018-09-21 22:32:06]
Fault Injection Successful after 2.8470046520233154s
[INFO -- 2018-09-21 22:32:08]
event type: exit
[INFO -- 2018-09-21 22:32:08]
exit code: 0
