[INFO -- 2018-12-08 07:02:43]
Starting flip_value script
version: 1.1
[INFO -- 2018-12-08 07:02:43]
Initialization strings:
[INFO -- 2018-12-08 07:02:43]
(1) file /tmp/knapsack/sa
[INFO -- 2018-12-08 07:02:43]
initSignal:0
[INFO -- 2018-12-08 07:02:43]
endSignal:9
[INFO -- 2018-12-08 07:02:43]
faultModel:1
[EXCEPTION -- 2018-12-08 07:02:44]
pythonException: empty range for randrange() (0,0, 0)
[INFO -- 2018-12-08 07:02:45]
Backtrace BEGIN:
#0  0x00005555555551c9 in cost (solution=std::vector of length 200, capacity 200 = {...}) at knapsacksa.cpp:63
#1  0x000055555555534c in simulated_annealing () at knapsacksa.cpp:92
#2  0x0000555555555658 in main () at knapsacksa.cpp:146

58	        peso += solution[i] * wt[i];
59	        valor += solution[i] * val[i];
60	    }
61	    for(int i=0; i < n; i++){
62	        peso2 += solution[i] * wt2[i];
63	        valor2 += solution[i] * val2[i];
64	    }
65	    if(peso != peso2 || valor != valor2){
66	        exit_gracefully();
67	    }

Backtrace END
Memory content before bitflip:0x230xc10x060x00
Fault Model: Double bit-flip
base address to flip value: 0x7fffffffd6b0
address max offset: 4
Memory content after  bitflip:0x230xc10x240x00
frame name: cost
symbol name: valor
symbol filename: knapsacksa.cpp
symbol line: 56
value: 2408739
value address: 0x7fffffffd6b0
Type: The type is an integer type.
Type sizeof: 4

[INFO -- 2018-12-08 07:02:45]
Fault Injection Successful after 2.106689214706421s
[INFO -- 2018-12-08 07:02:45]
event type: exit
[INFO -- 2018-12-08 07:02:45]
exit code: 0
