[INFO -- 2018-09-23 13:02:43]
Starting flip_value script
version: 1.1
[INFO -- 2018-09-23 13:02:43]
Initialization strings:
[INFO -- 2018-09-23 13:02:43]
(1) file /tmp/knapsack/sa
[INFO -- 2018-09-23 13:02:43]
initSignal:0
[INFO -- 2018-09-23 13:02:43]
endSignal:2
[INFO -- 2018-09-23 13:02:43]
faultModel:3
[EXCEPTION -- 2018-09-23 13:02:43]
pythonException: empty range for randrange() (0,0, 0)
[INFO -- 2018-09-23 13:02:44]
Backtrace BEGIN:
#0  0x0000555555555508 in std::vector<int, std::allocator<int> >::operator[] (this=0x7fffffffda30, __n=178) at /usr/include/c++/7/bits/stl_vector.h:795
#1  0x0000555555554f95 in cost (solution=std::vector of length 200, capacity 200 = {...}) at knapsacksa.cpp:28
#2  0x000055555555511f in simulated_annealing () at knapsacksa.cpp:50
#3  0x000055555555535e in main () at knapsacksa.cpp:84

790	       *  Note that data access with this operator is unchecked and
791	       *  out_of_range lookups are not defined. (For checked lookups
792	       *  see at().)
793	       */
794	      reference
795	      operator[](size_type __n) _GLIBCXX_NOEXCEPT
796	      {
797		__glibcxx_requires_subscript(__n);
798		return *(this->_M_impl._M_start + __n);
799	      }

Backtrace END
Memory content before bitflip:0xb30x000x000x00
Fault Model: Zero bit-flip
base address to flip value: 0x7fffffffd9bc
address max offset: 4
Memory content after  bitflip:0x000x000x000x00
frame name: cost
symbol name: i
symbol filename: knapsacksa.cpp
symbol line: 27
value: 0
value address: 0x7fffffffd9bc
Type: The type is an integer type.
Type sizeof: 4

[INFO -- 2018-09-23 13:02:44]
Fault Injection Successful after 1.034757137298584s
[INFO -- 2018-09-23 13:02:46]
event type: exit
[INFO -- 2018-09-23 13:02:46]
exit code: 0
