[INFO -- 2018-09-25 09:34:43]
Starting flip_value script
version: 1.1
[INFO -- 2018-09-25 09:34:43]
Initialization strings:
[INFO -- 2018-09-25 09:34:43]
(1) file /tmp/knapsack/ga
[INFO -- 2018-09-25 09:34:43]
initSignal:1
[INFO -- 2018-09-25 09:34:43]
endSignal:3.5
[INFO -- 2018-09-25 09:34:43]
faultModel:1
[INFO -- 2018-09-25 09:34:45]
Backtrace BEGIN:
#0  0x0000555555555b8d in std::vector<int, std::allocator<int> >::operator[] (this=0x555555554eb3 <rand_bit()+9>, __n=78) at /usr/include/c++/7/bits/stl_vector.h:795
#1  0x0000555555555147 in crossover (pai=std::vector of length 200, capacity 200 = {...}, mae=std::vector of length 200, capacity 200 = {...}, filho1=std::vector of length 0, capacity 0, filho2=std::vector of length 0, capacity 0) at knapsackga.cpp:74
#2  0x000055555555548d in genetic_algorithm () at knapsackga.cpp:104
#3  0x00005555555558d7 in main () at knapsackga.cpp:137

790	       *  Note that data access with this operator is unchecked and
791	       *  out_of_range lookups are not defined. (For checked lookups
792	       *  see at().)
793	       */
794	      reference
795	      operator[](size_type __n) _GLIBCXX_NOEXCEPT
796	      {
797		__glibcxx_requires_subscript(__n);
798		return *(this->_M_impl._M_start + __n);
799	      }

Backtrace END
Fliping value of field: std::_Vector_base<int, std::allocator<int> >
Fliping value of field: _M_impl
Fliping value of field: _M_finish
Fliping a bit of the pointer
Memory content before bitflip:0xe00x270x780x550x550x550x000x00
Fault Model: Double bit-flip
base address to flip value: 0x7fffffffd878
address max offset: 8
Memory content after  bitflip:0xe00x270x780x550x550x550x000xa0
frame name: crossover
symbol name: mask
symbol filename: knapsackga.cpp
symbol line: 72
value: std::vector of length -1729382256910270264, capacity 200 = {1, 1, 0, 0, 1, 1, 1, 1, 0, 1, 0, 0, 0, 1, 1, 0, 1, 0, 1, 1, 1, 0, 0, 1, 0, 0, 1, 0, 0, 0, 0, 0, 0, 0, 0, 1, 1, 0, 0, 1, 1, 0, 1, 1, 1, 0, 1, 0, 0, 1, 1, 1, 1, 0, 0, 0, 0, 1, 0, 1, 1, 0, 1, 1, 0, 1, 0, 1, 1, 0, 0, 1, 1, 1, 0, 0, 1, 0, 1, 0, 0, 0, 0, 0, 0, 0, 0, 0, 0, 0, 0, 0, 0, 0, 0, 0, 0, 0, 0, 0, 0, 0, 0, 0, 0, 0, 0, 0, 0, 0, 0, 0, 0, 0, 0, 0, 0, 0, 0, 0, 0, 0, 0, 0, 0, 0, 0, 0, 0, 0, 0, 0, 0, 0, 0, 0, 0, 0, 0, 0, 0, 0, 0, 0, 0, 0, 0, 0, 0, 0, 0, 0, 0, 0, 0, 0, 0, 0, 0, 0, 0, 0, 0, 0, 0, 0, 0, 0, 0, 0, 0, 0, 0, 0, 0, 0, 0, 0, 0, 0, 0, 0, 0, 0, 0, 0, 0, 0, 0, 0, 0, 0, 0, 0, 0, 0, 0, 0, 0, 0...}
value address: 0x7fffffffd870
Type: The type is a structure.
Type sizeof: 24
Field name: std::_Vector_base<int, std::allocator<int> >
Field Type: The type is a structure.
Field Type sizeof: 24

[INFO -- 2018-09-25 09:34:45]
Fault Injection Successful after 2.3591039180755615s
[INFO -- 2018-09-25 09:34:47]
event type: exit
[INFO -- 2018-09-25 09:34:47]
exit code: 0
