[INFO -- 2018-12-08 13:54:12]
Starting flip_value script
version: 1.1
[INFO -- 2018-12-08 13:54:12]
Initialization strings:
[INFO -- 2018-12-08 13:54:12]
(1) file /tmp/knapsack/sa
[INFO -- 2018-12-08 13:54:12]
initSignal:0
[INFO -- 2018-12-08 13:54:12]
endSignal:9
[INFO -- 2018-12-08 13:54:12]
faultModel:2
[EXCEPTION -- 2018-12-08 13:54:14]
gdbException: Cannot access memory at address 0xb34cf907131862c2
[INFO -- 2018-12-08 13:54:14]
Backtrace BEGIN:
#0  0x0000555555555196 in cost (solution=std::vector of length 200, capacity 200 = {...}) at knapsacksa.cpp:62
#1  0x000055555555534c in simulated_annealing () at knapsacksa.cpp:92
#2  0x0000555555555658 in main () at knapsacksa.cpp:146

57	    for(int i=0; i < n; i++){
58	        peso += solution[i] * wt[i];
59	        valor += solution[i] * val[i];
60	    }
61	    for(int i=0; i < n; i++){
62	        peso2 += solution[i] * wt2[i];
63	        valor2 += solution[i] * val2[i];
64	    }
65	    if(peso != peso2 || valor != valor2){
66	        exit_gracefully();

Backtrace END
Memory content before bitflip:0xb50xc20x060x00
Fault Model: Random bit-flip
base address to flip value: 0x7fffffffd6b4
address max offset: 4
Memory content after  bitflip:0x9a0x2b0x580x47
frame name: cost
symbol name: valor2
symbol filename: knapsacksa.cpp
symbol line: 56
value: 1196960666
value address: 0x7fffffffd6b4
Type: The type is an integer type.
Type sizeof: 4

[INFO -- 2018-12-08 13:54:14]
Fault Injection Successful after 2.350160837173462s
[INFO -- 2018-12-08 13:54:14]
event type: exit
[INFO -- 2018-12-08 13:54:14]
exit code: 0
