[INFO -- 2018-09-23 16:03:52]
Starting flip_value script
version: 1.1
[INFO -- 2018-09-23 16:03:52]
Initialization strings:
[INFO -- 2018-09-23 16:03:52]
(1) file /tmp/knapsack/sa
[INFO -- 2018-09-23 16:03:52]
initSignal:0
[INFO -- 2018-09-23 16:03:52]
endSignal:2
[INFO -- 2018-09-23 16:03:52]
faultModel:1
[INFO -- 2018-09-23 16:03:53]
Backtrace BEGIN:
#0  0x0000555555555504 in std::vector<int, std::allocator<int> >::operator[] (this=0x7fffffffda30, __n=42) at /usr/include/c++/7/bits/stl_vector.h:795
#1  0x0000555555554fde in cost (solution=std::vector of length 200, capacity 200 = {...}) at knapsacksa.cpp:29
#2  0x000055555555511f in simulated_annealing () at knapsacksa.cpp:50
#3  0x000055555555535e in main () at knapsacksa.cpp:84

790	       *  Note that data access with this operator is unchecked and
791	       *  out_of_range lookups are not defined. (For checked lookups
792	       *  see at().)
793	       */
794	      reference
795	      operator[](size_type __n) _GLIBCXX_NOEXCEPT
796	      {
797		__glibcxx_requires_subscript(__n);
798		return *(this->_M_impl._M_start + __n);
799	      }

Backtrace END
Fliping value of field: std::_Vector_base<int, std::allocator<int> >
Fliping value of field: _M_impl
Fliping value of field: _M_end_of_storage
Fliping a bit of the pointer
Memory content before bitflip:0xf00x160x770x550x550x550x000x00
Fault Model: Double bit-flip
base address to flip value: 0x7fffffffda20
address max offset: 8
Memory content after  bitflip:0xf00x160x740x550x550x550x000x00
frame name: simulated_annealing
symbol name: solution
symbol filename: knapsacksa.cpp
symbol line: 38
value: std::vector of length 200, capacity -48952 = {0, 0, 1, 1, 1, 0, 1, 0, 0, 1, 1, 0, 1, 1, 1, 0, 0, 1, 1, 1, 0, 1, 0, 1, 1, 0, 0, 0, 1, 0, 0, 0, 0, 1, 0, 0, 0, 1, 1, 0, 1, 0, 0, 1, 1, 1, 1, 0, 1, 1, 0, 0, 1, 0, 0, 1, 1, 1, 1, 1, 0, 0, 0, 1, 0, 0, 0, 1, 0, 1, 0, 1, 0, 0, 1, 1, 0, 0, 1, 0, 0, 0, 1, 0, 0, 0, 0, 0, 0, 1, 0, 0, 1, 1, 1, 1, 0, 1, 1, 0, 0, 0, 0, 0, 1, 1, 0, 1, 0, 1, 1, 1, 0, 1, 0, 1, 0, 0, 1, 0, 0, 0, 1, 1, 0, 0, 1, 1, 0, 1, 0, 1, 0, 1, 0, 0, 0, 0, 1, 0, 0, 1, 1, 0, 1, 0, 1, 1, 0, 1, 1, 1, 0, 0, 0, 1, 1, 0, 0, 0, 0, 1, 1, 1, 1, 0, 0, 1, 1, 0, 0, 1, 1, 1, 1, 0, 0, 1, 0, 0, 0, 1, 0, 1, 0, 1, 0, 1, 1, 0, 0, 0, 1, 1, 1, 0, 1, 1, 0, 1...}
value address: 0x7fffffffda10
Type: The type is a structure.
Type sizeof: 24
Field name: std::_Vector_base<int, std::allocator<int> >
Field Type: The type is a structure.
Field Type sizeof: 24

[INFO -- 2018-09-23 16:03:53]
Fault Injection Successful after 1.13814377784729s
[INFO -- 2018-09-23 16:03:54]
event type: exit
[INFO -- 2018-09-23 16:03:54]
exit code: 0
