[INFO -- 2018-09-24 19:14:51]
Starting flip_value script
version: 1.1
[INFO -- 2018-09-24 19:14:51]
Initialization strings:
[INFO -- 2018-09-24 19:14:51]
(1) file /tmp/knapsack/ga
[INFO -- 2018-09-24 19:14:51]
initSignal:1
[INFO -- 2018-09-24 19:14:51]
endSignal:3.5
[INFO -- 2018-09-24 19:14:51]
faultModel:1
[INFO -- 2018-09-24 19:14:54]
Backtrace BEGIN:
#0  0x000055555555a38d in std::__uninitialized_copy<false>::__uninit_copy<std::move_iterator<chromossome*>, chromossome*> (__first=..., __last=..., __result=0x555555555ed1 <std::vector<int, std::allocator<int> >::vector(std::vector<int, std::allocator<int> > const&)+181>) at /usr/include/c++/7/bits/stl_uninitialized.h:76
#1  0x0000555555559a5f in std::uninitialized_copy<std::move_iterator<chromossome*>, chromossome*> (__first=..., __last=..., __result=0x555555776400) at /usr/include/c++/7/bits/stl_uninitialized.h:134
#2  0x000055555555901a in std::__uninitialized_copy_a<std::move_iterator<chromossome*>, chromossome*, chromossome> (__first=..., __last=..., __result=0x555555776400) at /usr/include/c++/7/bits/stl_uninitialized.h:289
#3  0x000055555555807d in std::__uninitialized_move_if_noexcept_a<chromossome*, chromossome*, std::allocator<chromossome> > (__first=0x555555776380, __last=0x5555557763a0, __result=0x555555776400, __alloc=...) at /usr/include/c++/7/bits/stl_uninitialized.h:312
#4  0x0000555555556b8c in std::vector<chromossome, std::allocator<chromossome> >::_M_realloc_insert<chromossome const&> (this=0x7fffffffd870, __position={solution = std::vector of length 20, capacity 0 = {<error reading variable>, __args#0=...) at /usr/include/c++/7/bits/vector.tcc:424
#5  0x0000555555555d28 in std::vector<chromossome, std::allocator<chromossome> >::push_back (this=0x7fffffffd870, __x=...) at /usr/include/c++/7/bits/stl_vector.h:948
#6  0x000055555555502c in tournament (pop=std::vector of length 40, capacity 64 = {...}) at knapsackga.cpp:63
#7  0x0000555555555409 in genetic_algorithm () at knapsackga.cpp:102
#8  0x00005555555558d7 in main () at knapsackga.cpp:137

71	  template<bool _TrivialValueTypes>
72	    struct __uninitialized_copy
73	    {
74	      template<typename _InputIterator, typename _ForwardIterator>
75	        static _ForwardIterator
76	        __uninit_copy(_InputIterator __first, _InputIterator __last,
77			      _ForwardIterator __result)
78	        {
79		  _ForwardIterator __cur = __result;
80		  __try

Backtrace END
Fliping value of field: std::_Vector_base<int, std::allocator<int> >
Fliping value of field: _M_impl
Fliping value of field: _M_end_of_storage
Fliping a bit of the value pointed by a pointer
Memory content before bitflip:0x000x000x000x00
Fault Model: Double bit-flip
base address to flip value: 0x555555776fb0
address max offset: 4
Memory content after  bitflip:0x480x000x000x00
frame name: main
symbol name: val
symbol filename: knapsackga.cpp
symbol line: 14
value: std::vector of length 200, capacity 256 = {9561, 9479, 566, 849, 8355, 7360, 6698, 3082, 6060, 6069, 5813, 1584, 4307, 3936, 7231, 9949, 9494, 5442, 4449, 2683, 360, 275, 4649, 3185, 3801, 8918, 5258, 5606, 2362, 239, 3252, 1367, 5103, 9987, 6745, 1819, 8936, 7968, 7345, 9066, 7629, 7898, 3538, 9810, 9620, 1612, 7541, 7152, 4615, 5304, 4901, 9249, 5009, 8316, 3540, 8829, 8998, 4611, 5678, 9204, 7238, 4867, 2219, 3247, 6996, 1661, 9080, 2682, 9114, 3096, 9574, 7063, 5043, 5178, 6515, 5880, 3119, 2079, 5119, 9342, 6233, 754, 8204, 7260, 9077, 1915, 7448, 588, 6530, 2731, 2267, 8755, 1063, 5224, 8540, 2449, 2105, 8806, 4230, 7170, 319, 3624, 1719, 6728, 830, 9546, 254, 7295, 212, 2557, 8134, 1572, 1838, 6915, 3856, 432, 9901, 1515, 363, 3443, 6153, 7425, 1132, 3373, 309, 4487, 7660, 7400, 9021, 7557, 8625, 7054, 4728, 2256, 6609, 3164, 1021, 4479, 8748, 1276, 5850, 3930, 5149, 1439, 9598, 2591, 6061, 4198, 181, 5580, 1406, 568, 336, 1612, 959, 6351, 5083, 9835, 9342, 9946, 2325, 4447, 2508, 5913, 6242, 8003, 7095, 2567, 4231, 5262, 49, 355, 4088, 1112, 7238, 2409, 998, 1818, 2316, 2174, 5208, 4645, 3098, 6418, 2125, 9066, 9632, 7290, 4338, 5116, 5811, 513, 4181, 5251, 1813, 938, 8027, 3662, 5193, 9215...}
value address: 0x55555575f030 <val>
Type: The type is a structure.
Type sizeof: 24
Field name: std::_Vector_base<int, std::allocator<int> >
Field Type: The type is a structure.
Field Type sizeof: 24

[INFO -- 2018-09-24 19:14:54]
Fault Injection Successful after 3.720353603363037s
[INFO -- 2018-09-24 19:14:55]
event type: exit
[INFO -- 2018-09-24 19:14:55]
exit code: 0
