[INFO -- 2018-12-09 03:32:57]
Starting flip_value script
version: 1.1
[INFO -- 2018-12-09 03:32:57]
Initialization strings:
[INFO -- 2018-12-09 03:32:57]
(1) file /tmp/knapsack/ga
[INFO -- 2018-12-09 03:32:57]
initSignal:1
[INFO -- 2018-12-09 03:32:57]
endSignal:8
[INFO -- 2018-12-09 03:32:57]
faultModel:4
[INFO -- 2018-12-09 03:32:59]
Backtrace BEGIN:
#0  cost (solution=std::vector of length 200, capacity 200 = {...}) at knapsackga.cpp:45
#1  0x000055555555589e in genetic_algorithm () at knapsackga.cpp:138
#2  0x0000555555555b6c in main () at knapsackga.cpp:165

40	        peso += solution[i] * wt[i];
41	        valor += solution[i] * val[i];
42	    }
43	    for(int i=0; i < n; i++){
44	        peso2 += solution[i] * wt2[i];
45	        valor2 += solution[i] * val2[i];
46	    }
47	    if(peso != peso2 || valor != valor2){
48	        exit_gracefully();
49	    }

Backtrace END
Memory content before bitflip:0x280x000x000x00
Fault Model: LSB bit-flip
base address to flip value: 0x55555575f014 
address max offset: 4
Memory content after  bitflip:0x280x000x000x20
frame name: genetic_algorithm
symbol name: pop_size2
symbol filename: knapsackga.cpp
symbol line: 20
value: 536870952
value address: 0x55555575f014 <pop_size2>
Type: The type is an integer type.
Type sizeof: 4

[INFO -- 2018-12-09 03:32:59]
Fault Injection Successful after 2.1863303184509277s
[INFO -- 2018-12-09 03:32:59]
event type: exit
[INFO -- 2018-12-09 03:32:59]
exit code: 0
