[INFO -- 2018-12-02 05:18:20]
Starting flip_value script
version: 1.1
[INFO -- 2018-12-02 05:18:20]
Initialization strings:
[INFO -- 2018-12-02 05:18:20]
(1) file /tmp/knapsack/ga
[INFO -- 2018-12-02 05:18:20]
initSignal:0
[INFO -- 2018-12-02 05:18:20]
endSignal:13
[INFO -- 2018-12-02 05:18:20]
faultModel:3
[INFO -- 2018-12-02 05:18:22]
Backtrace BEGIN:
#0  0x00005555555552e2 in crossover (pai=std::vector of length 200, capacity 200 = {...}, mae=std::vector of length 200, capacity 200 = {...}, filho1=std::vector of length 200, capacity 200 = {...}, filho2=std::vector of length 200, capacity 200 = {...}) at knapsackga.cpp:80
#1  0x00005555555555c7 in genetic_algorithm () at knapsackga.cpp:104
#2  0x0000555555555a9b in main () at knapsackga.cpp:141

75	    }
76	    filho1 = pai;
77	    filho2 = mae;
78	    for(int i = 0; i < n; i++){
79	        if(mask[i]){
80	            swap(filho1[i], filho2[i]);
81	        }
82	    }
83	}
84	

Backtrace END
Memory content before bitflip:0xc70x0a0x000x00
Fault Model: Zero bit-flip
base address to flip value: 0x7fffffffd924
address max offset: 4
Memory content after  bitflip:0x000x000x000x00
frame name: genetic_algorithm
symbol name: g
symbol filename: knapsackga.cpp
symbol line: 94
value: 0
value address: 0x7fffffffd924
Type: The type is an integer type.
Type sizeof: 4

[INFO -- 2018-12-02 05:18:22]
Fault Injection Successful after 2.9031951427459717s
[INFO -- 2018-12-02 05:18:35]
event type: exit
[INFO -- 2018-12-02 05:18:35]
exit code: 0
