[INFO -- 2018-12-08 16:44:31]
Starting flip_value script
version: 1.1
[INFO -- 2018-12-08 16:44:31]
Initialization strings:
[INFO -- 2018-12-08 16:44:31]
(1) file /tmp/knapsack/sa
[INFO -- 2018-12-08 16:44:31]
initSignal:0
[INFO -- 2018-12-08 16:44:31]
endSignal:9
[INFO -- 2018-12-08 16:44:31]
faultModel:0
[INFO -- 2018-12-08 16:44:32]
Backtrace BEGIN:
#0  0x0000555555555305 in simulated_annealing () at knapsacksa.cpp:90
#1  0x0000555555555658 in main () at knapsacksa.cpp:146

85	
86	    //int co=0;
87	
88	    for(int t = 0; t < 1000000; t++){
89	        vector<int> s(solution);
90	        int i = rand() % n;
91	        s[i] = 1 - s[i];
92	        int c = cost(s);
93	        if(best != best2){
94	            exit_gracefully();

Backtrace END
Memory content before bitflip:0x720x6e0xf80xff
Fault Model: Single bit-flip
base address to flip value: 0x7fffffffd6fc
address max offset: 4
Memory content after  bitflip:0x720x6e0xf80x7f
frame name: simulated_annealing
symbol name: best
symbol filename: knapsacksa.cpp
symbol line: 81
value: 2146987634
value address: 0x7fffffffd6fc
Type: The type is an integer type.
Type sizeof: 4

[INFO -- 2018-12-08 16:44:32]
Fault Injection Successful after 1.2870604991912842s
[INFO -- 2018-12-08 16:44:32]
event type: exit
[INFO -- 2018-12-08 16:44:32]
exit code: 0
