[INFO -- 2018-09-23 15:10:58]
Starting flip_value script
version: 1.1
[INFO -- 2018-09-23 15:10:58]
Initialization strings:
[INFO -- 2018-09-23 15:10:58]
(1) file /tmp/knapsack/sa
[INFO -- 2018-09-23 15:10:58]
initSignal:0
[INFO -- 2018-09-23 15:10:58]
endSignal:2
[INFO -- 2018-09-23 15:10:58]
faultModel:4
[EXCEPTION -- 2018-09-23 15:10:59]
pythonException: empty range for randrange() (0,0, 0)
[INFO -- 2018-09-23 15:10:59]
Backtrace BEGIN:
#0  0x0000555555555008 in cost (solution=std::vector of length 200, capacity 200 = {...}) at knapsacksa.cpp:35
#1  0x000055555555511f in simulated_annealing () at knapsacksa.cpp:50
#2  0x000055555555535e in main () at knapsacksa.cpp:84

30	    }
31	    if(peso > W)
32	       return 99999999;
33	    else
34	       return -valor;
35	}
36	
37	int simulated_annealing() {
38	    vector<int> solution(n);
39	    for(int i = 0; i < n; i++)

Backtrace END
Memory content before bitflip:0xcc0x810x020x00
Fault Model: LSB bit-flip
base address to flip value: 0x7fffffffda04
address max offset: 4
Memory content after  bitflip:0xcc0x810x020x08
frame name: simulated_annealing
symbol name: t
symbol filename: knapsacksa.cpp
symbol line: 46
value: 134382028
value address: 0x7fffffffda04
Type: The type is an integer type.
Type sizeof: 4

[INFO -- 2018-09-23 15:10:59]
Fault Injection Successful after 1.2405543327331543s
[INFO -- 2018-09-23 15:10:59]
event type: exit
[INFO -- 2018-09-23 15:10:59]
exit code: 0
