[INFO -- 2018-09-23 13:15:28]
Starting flip_value script
version: 1.1
[INFO -- 2018-09-23 13:15:28]
Initialization strings:
[INFO -- 2018-09-23 13:15:28]
(1) file /tmp/knapsack/sa
[INFO -- 2018-09-23 13:15:28]
initSignal:0
[INFO -- 2018-09-23 13:15:28]
endSignal:2
[INFO -- 2018-09-23 13:15:28]
faultModel:4
[INFO -- 2018-09-23 13:15:28]
Backtrace BEGIN:
#0  0x0000555555555513 in std::vector<int, std::allocator<int> >::operator[] (this=0x7fffffffda30, __n=137) at /usr/include/c++/7/bits/stl_vector.h:798
#1  0x0000555555554f95 in cost (solution=std::vector of length 200, capacity 200 = {...}) at knapsacksa.cpp:28
#2  0x000055555555511f in simulated_annealing () at knapsacksa.cpp:50
#3  0x000055555555535e in main () at knapsacksa.cpp:84

793	       */
794	      reference
795	      operator[](size_type __n) _GLIBCXX_NOEXCEPT
796	      {
797		__glibcxx_requires_subscript(__n);
798		return *(this->_M_impl._M_start + __n);
799	      }
800	
801	      /**
802	       *  @brief  Subscript access to the data contained in the %vector.

Backtrace END
Memory content before bitflip:0xe30x6c0xf90xff
Fault Model: LSB bit-flip
base address to flip value: 0x7fffffffd9f8
address max offset: 4
Memory content after  bitflip:0xe30x6c0xf90xef
frame name: simulated_annealing
symbol name: c
symbol filename: knapsacksa.cpp
symbol line: 50
value: -268866333
value address: 0x7fffffffd9f8
Type: The type is an integer type.
Type sizeof: 4

[INFO -- 2018-09-23 13:15:28]
Fault Injection Successful after 0.8712148666381836s
[INFO -- 2018-09-23 13:15:30]
event type: exit
[INFO -- 2018-09-23 13:15:30]
exit code: 0
