[INFO -- 2018-12-02 03:06:45]
Starting flip_value script
version: 1.1
[INFO -- 2018-12-02 03:06:45]
Initialization strings:
[INFO -- 2018-12-02 03:06:45]
(1) file /tmp/knapsack/ga
[INFO -- 2018-12-02 03:06:45]
initSignal:0
[INFO -- 2018-12-02 03:06:45]
endSignal:13
[INFO -- 2018-12-02 03:06:45]
faultModel:0
[INFO -- 2018-12-02 03:06:55]
Backtrace BEGIN:
#0  0x000055555555873c in std::_Vector_base<int, std::allocator<int> >::_Vector_impl::_M_swap_data (this=0x555555788280, __x=...) at /usr/include/c++/7/bits/stl_vector.h:107
#1  0x000055555555726d in std::_Vector_base<int, std::allocator<int> >::_Vector_base (this=0x555555788280, __x=...) at /usr/include/c++/7/bits/stl_vector.h:146
#2  0x00005555555561fc in std::vector<int, std::allocator<int> >::vector (this=0x555555788280, __x=...) at /usr/include/c++/7/bits/stl_vector.h:345
#3  0x000055555555948d in chromossome::chromossome (this=0x555555788280) at knapsackga.cpp:42
#4  0x000055555555ad28 in std::_Construct<chromossome, chromossome> (__p=0x555555788280, __args#0=...) at /usr/include/c++/7/bits/stl_construct.h:75
#5  0x000055555555a66c in std::__uninitialized_copy<false>::__uninit_copy<std::move_iterator<chromossome*>, chromossome*> (__first=..., __last=..., __result=0x555555787f20) at /usr/include/c++/7/bits/stl_uninitialized.h:83
#6  0x0000555555559ced in std::uninitialized_copy<std::move_iterator<chromossome*>, chromossome*> (__first=..., __last=..., __result=0x555555787f20) at /usr/include/c++/7/bits/stl_uninitialized.h:134
#7  0x00005555555592a8 in std::__uninitialized_copy_a<std::move_iterator<chromossome*>, chromossome*, chromossome> (__first=..., __last=..., __result=0x555555787f20) at /usr/include/c++/7/bits/stl_uninitialized.h:289
#8  0x0000555555558351 in std::__uninitialized_move_if_noexcept_a<chromossome*, chromossome*, std::allocator<chromossome> > (__first=0x555555781f30, __last=0x555555782330, __result=0x555555787f20, __alloc=...) at /usr/include/c++/7/bits/stl_uninitialized.h:312
#9  0x0000555555556e42 in std::vector<chromossome, std::allocator<chromossome> >::_M_realloc_insert<chromossome const&> (this=0x7fffffffd950, __position={solution = std::vector of length 204, capacity 1073741823 = {<error reading variable>, __args#0=...) at /usr/include/c++/7/bits/vector.tcc:424
#10 0x0000555555555fb8 in std::vector<chromossome, std::allocator<chromossome> >::push_back (this=0x7fffffffd950, __x=...) at /usr/include/c++/7/bits/stl_vector.h:948
#11 0x0000555555555621 in genetic_algorithm () at knapsackga.cpp:106
#12 0x0000555555555aab in main () at knapsackga.cpp:143

102	
103		void _M_swap_data(_Vector_impl& __x) _GLIBCXX_NOEXCEPT
104		{
105		  std::swap(_M_start, __x._M_start);
106		  std::swap(_M_finish, __x._M_finish);
107		  std::swap(_M_end_of_storage, __x._M_end_of_storage);
108		}
109	      };
110	
111	    public:

Backtrace END
Fliping value of field: fitness
Memory content before bitflip:0x000x000x000x00
Fault Model: Single bit-flip
base address to flip value: 0x7fffffffda48
address max offset: 4
Memory content after  bitflip:0x000x400x000x00
frame name: genetic_algorithm
symbol name: f1
symbol filename: knapsackga.cpp
symbol line: 105
value: {solution = std::vector of length 200, capacity 200 = {0, 1, 0, 0, 1, 1, 0, 0, 0, 0, 0, 0, 0, 1, 1, 1, 1, 0, 0, 1, 0, 0, 0, 0, 1, 0, 0, 1, 1, 0, 0, 0, 0, 1, 1, 0, 0, 1, 1, 1, 0, 0, 0, 0, 1, 0, 1, 0, 1, 0, 1, 1, 1, 0, 1, 1, 1, 0, 0, 1, 1, 0, 0, 0, 0, 0, 1, 0, 0, 0, 1, 0, 0, 0, 0, 1, 0, 0, 1, 1, 1, 0, 0, 1, 1, 0, 1, 0, 1, 0, 0, 1, 0, 0, 1, 0, 0, 0, 0, 0, 0, 1, 0, 1, 0, 1, 1, 1, 0, 0, 1, 0, 0, 1, 0, 1, 0, 0, 0, 1, 1, 0, 1, 0, 0, 0, 0, 0, 1, 1, 1, 1, 0, 1, 1, 0, 0, 0, 1, 0, 0, 0, 1, 0, 1, 0, 0, 0, 0, 1, 0, 0, 0, 0, 0, 0, 0, 1, 1, 1, 1, 0, 0, 0, 1, 0, 1, 0, 0, 1, 0, 0, 1, 0, 1, 0, 0, 0, 1, 0, 1, 0, 0, 1, 0, 0, 1, 1, 1, 0, 0, 0, 0, 0, 0, 0, 0, 0, 0, 1...}, fitness = 16384}
value address: 0x7fffffffda30
Type: The type is a structure.
Type sizeof: 32
Field name: solution
Field Type: The type is a structure.
Field Type sizeof: 24
Field name: fitness
Field Type: The type is an integer type.
Field Type sizeof: 4

[INFO -- 2018-12-02 03:06:55]
Fault Injection Successful after 10.006647109985352s
[INFO -- 2018-12-02 03:06:58]
event type: exit
[INFO -- 2018-12-02 03:06:58]
exit code: 0
