[INFO -- 2018-12-08 02:52:38]
Starting flip_value script
version: 1.1
[INFO -- 2018-12-08 02:52:38]
Initialization strings:
[INFO -- 2018-12-08 02:52:38]
(1) file /tmp/knapsack/sa
[INFO -- 2018-12-08 02:52:38]
initSignal:0
[INFO -- 2018-12-08 02:52:38]
endSignal:9
[INFO -- 2018-12-08 02:52:38]
faultModel:0
[INFO -- 2018-12-08 02:52:42]
Backtrace BEGIN:
#0  0x0000555555556d4a in __gnu_cxx::new_allocator<int>::deallocate (this=0x5555557727c0, __p=0x7fffffffd640) at /usr/include/c++/7/ext/new_allocator.h:116
#1  0x0000555555556912 in std::allocator_traits<std::allocator<int> >::deallocate (__a=..., __p=0x5555557727c0, __n=200) at /usr/include/c++/7/bits/alloc_traits.h:462
#2  0x0000555555556176 in std::_Vector_base<int, std::allocator<int> >::_M_deallocate (this=0x7fffffffd740, __p=0x5555557727c0, __n=200) at /usr/include/c++/7/bits/stl_vector.h:180
#3  0x0000555555555eb1 in std::_Vector_base<int, std::allocator<int> >::~_Vector_base (this=0x7fffffffd740, __in_chrg=<optimized out>) at /usr/include/c++/7/bits/stl_vector.h:162
#4  0x0000555555555949 in std::vector<int, std::allocator<int> >::~vector (this=0x7fffffffd740, __in_chrg=<optimized out>) at /usr/include/c++/7/bits/stl_vector.h:435
#5  0x0000555555555468 in simulated_annealing () at knapsacksa.cpp:89
#6  0x0000555555555658 in main () at knapsacksa.cpp:146

111		return static_cast<_Tp*>(::operator new(__n * sizeof(_Tp)));
112	      }
113	
114	      // __p is not permitted to be a null pointer.
115	      void
116	      deallocate(pointer __p, size_type)
117	      {
118	#if __cpp_aligned_new
119		if (alignof(_Tp) > __STDCPP_DEFAULT_NEW_ALIGNMENT__)
120		  {

Backtrace END
Memory content before bitflip:0xc80x000x000x00
Fault Model: Single bit-flip
base address to flip value: 0x55555575903c 
address max offset: 4
Memory content after  bitflip:0xc80x010x000x00
frame name: std::_Vector_base<int, std::allocator<int> >::_M_deallocate
symbol name: n2
symbol filename: knapsacksa.cpp
symbol line: 13
value: 456
value address: 0x55555575903c <n2>
Type: The type is an integer type.
Type sizeof: 4

[INFO -- 2018-12-08 02:52:42]
Fault Injection Successful after 4.362319707870483s
[INFO -- 2018-12-08 02:52:42]
event type: exit
[INFO -- 2018-12-08 02:52:42]
exit code: 0
