[INFO -- 2018-12-01 11:28:17]
Starting flip_value script
version: 1.1
[INFO -- 2018-12-01 11:28:17]
Initialization strings:
[INFO -- 2018-12-01 11:28:17]
(1) file /tmp/knapsack/ga
[INFO -- 2018-12-01 11:28:17]
initSignal:0
[INFO -- 2018-12-01 11:28:17]
endSignal:13
[INFO -- 2018-12-01 11:28:17]
faultModel:2
[INFO -- 2018-12-01 11:28:19]
Backtrace BEGIN:
#0  0x000055555555526f in crossover (pai=std::vector of length 200, capacity 200 = {...}, mae=std::vector of length 200, capacity 200 = {...}, filho1=std::vector of length 0, capacity 0, filho2=std::vector of length 0, capacity 0) at knapsackga.cpp:74
#1  0x00005555555555c7 in genetic_algorithm () at knapsackga.cpp:104
#2  0x0000555555555a9b in main () at knapsackga.cpp:141

69	}
70	
71	void crossover(vector<int> &pai, vector<int> &mae, vector<int> &filho1, vector<int> &filho2){
72	    vector<int> mask(n);
73	    for(int i = 0; i < n; i++){
74	        mask[i] = rand_bit();
75	    }
76	    filho1 = pai;
77	    filho2 = mae;
78	    for(int i = 0; i < n; i++){

Backtrace END
Fliping value of field: fitness
Memory content before bitflip:0x000x000x000x00
Fault Model: Random bit-flip
base address to flip value: 0x7fffffffd978
address max offset: 4
Memory content after  bitflip:0xe30x800xbb0x56
frame name: genetic_algorithm
symbol name: f1
symbol filename: knapsackga.cpp
symbol line: 105
value: {solution = std::vector of length 200, capacity 200 = {0, 1, 0, 0, 1, 1, 0, 0, 0, 0, 0, 0, 0, 1, 1, 1, 1, 0, 0, 0, 0, 0, 0, 0, 1, 0, 0, 1, 1, 0, 0, 0, 0, 1, 1, 0, 0, 1, 1, 1, 0, 0, 0, 0, 1, 0, 1, 0, 1, 0, 1, 1, 1, 0, 1, 1, 1, 0, 0, 1, 1, 0, 1, 0, 0, 0, 1, 0, 1, 0, 0, 0, 0, 0, 0, 1, 0, 0, 0, 1, 1, 0, 0, 1, 1, 0, 1, 0, 1, 0, 0, 1, 0, 0, 1, 0, 0, 0, 0, 0, 0, 1, 0, 1, 0, 1, 1, 1, 0, 0, 0, 0, 0, 1, 0, 1, 0, 0, 1, 1, 1, 0, 1, 1, 0, 0, 1, 0, 1, 1, 1, 1, 0, 0, 1, 0, 0, 1, 1, 0, 0, 0, 1, 0, 1, 0, 0, 0, 0, 1, 0, 0, 0, 1, 0, 0, 0, 1, 1, 1, 1, 0, 0, 0, 1, 0, 0, 0, 1, 1, 0, 0, 1, 0, 1, 0, 0, 0, 0, 0, 1, 0, 0, 1, 1, 0, 1, 1, 1, 0, 0, 0, 0, 0, 0, 0, 0, 0, 0, 1...}, fitness = 1455128803}
value address: 0x7fffffffd960
Type: The type is a structure.
Type sizeof: 32
Field name: solution
Field Type: The type is a structure.
Field Type sizeof: 24
Field name: fitness
Field Type: The type is an integer type.
Field Type sizeof: 4

[INFO -- 2018-12-01 11:28:19]
Fault Injection Successful after 2.463192939758301s
[INFO -- 2018-12-01 11:28:29]
event type: exit
[INFO -- 2018-12-01 11:28:29]
exit code: 0
