[INFO -- 2018-09-23 14:10:15]
Starting flip_value script
version: 1.1
[INFO -- 2018-09-23 14:10:15]
Initialization strings:
[INFO -- 2018-09-23 14:10:15]
(1) file /tmp/knapsack/sa
[INFO -- 2018-09-23 14:10:15]
initSignal:0
[INFO -- 2018-09-23 14:10:15]
endSignal:2
[INFO -- 2018-09-23 14:10:15]
faultModel:4
[EXCEPTION -- 2018-09-23 14:10:15]
pythonException: Unable to exit loop in struct fields; Exiting wihtout making a bit flip
[INFO -- 2018-09-23 14:10:16]
Backtrace BEGIN:
#0  std::_Vector_base<int, std::allocator<int> >::_M_create_storage (this=0x7fffffffda30, __n=200) at /usr/include/c++/7/bits/stl_vector.h:188
#1  0x0000555555555bc5 in std::_Vector_base<int, std::allocator<int> >::_Vector_base (this=0x7fffffffda30, __n=200, __a=...) at /usr/include/c++/7/bits/stl_vector.h:138
#2  0x0000555555555665 in std::vector<int, std::allocator<int> >::vector (this=0x7fffffffda30, __x=std::vector of length 200, capacity 200 = {...}) at /usr/include/c++/7/bits/stl_vector.h:328
#3  0x00005555555550ca in simulated_annealing () at knapsacksa.cpp:47
#4  0x000055555555535e in main () at knapsacksa.cpp:84

183	    private:
184	      void
185	      _M_create_storage(size_t __n)
186	      {
187		this->_M_impl._M_start = this->_M_allocate(__n);
188		this->_M_impl._M_finish = this->_M_impl._M_start;
189		this->_M_impl._M_end_of_storage = this->_M_impl._M_start + __n;
190	      }
191	    };
192	

Backtrace END
Memory content before bitflip:0x270x360x010x00
Fault Model: LSB bit-flip
base address to flip value: 0x7fffffffda04
address max offset: 4
Memory content after  bitflip:0x270x360x010x40
frame name: simulated_annealing
symbol name: t
symbol filename: knapsacksa.cpp
symbol line: 46
value: 1073821223
value address: 0x7fffffffda04
Type: The type is an integer type.
Type sizeof: 4

[INFO -- 2018-09-23 14:10:16]
Fault Injection Successful after 1.057704210281372s
[INFO -- 2018-09-23 14:10:16]
event type: exit
[INFO -- 2018-09-23 14:10:16]
exit code: 0
