[INFO -- 2018-09-25 01:09:17]
Starting flip_value script
version: 1.1
[INFO -- 2018-09-25 01:09:17]
Initialization strings:
[INFO -- 2018-09-25 01:09:17]
(1) file /tmp/knapsack/ga
[INFO -- 2018-09-25 01:09:17]
initSignal:1
[INFO -- 2018-09-25 01:09:17]
endSignal:3.5
[INFO -- 2018-09-25 01:09:17]
faultModel:0
[INFO -- 2018-09-25 01:09:18]
Backtrace BEGIN:
#0  0x0000555555558587 in std::__miter_base<__gnu_cxx::__normal_iterator<int const*, std::vector<int, std::allocator<int> > > > (__it=0) at /usr/include/c++/7/bits/cpp_type_traits.h:409
#1  0x0000555555559fc1 in std::copy<__gnu_cxx::__normal_iterator<int const*, std::vector<int, std::allocator<int> > >, int*> (__first=0, __last=816, __result=0x555555785490) at /usr/include/c++/7/bits/stl_algobase.h:455
#2  0x000055555555948e in std::__uninitialized_copy<true>::__uninit_copy<__gnu_cxx::__normal_iterator<int const*, std::vector<int, std::allocator<int> > >, int*> (__first=0, __last=816, __result=0x555555785490) at /usr/include/c++/7/bits/stl_uninitialized.h:101
#3  0x00005555555583be in std::uninitialized_copy<__gnu_cxx::__normal_iterator<int const*, std::vector<int, std::allocator<int> > >, int*> (__first=0, __last=816, __result=0x555555785490) at /usr/include/c++/7/bits/stl_uninitialized.h:134
#4  0x0000555555556f6d in std::__uninitialized_copy_a<__gnu_cxx::__normal_iterator<int const*, std::vector<int, std::allocator<int> > >, int*, int> (__first=0, __last=816, __result=0x555555785490) at /usr/include/c++/7/bits/stl_uninitialized.h:289
#5  0x0000555555557155 in std::vector<int, std::allocator<int> >::_M_allocate_and_copy<__gnu_cxx::__normal_iterator<int const*, std::vector<int, std::allocator<int> > > > (this=0x7fffffffd9f0, __n=200, __first=0, __last=816) at /usr/include/c++/7/bits/stl_vector.h:1263
#6  0x000055555555617b in std::vector<int, std::allocator<int> >::operator= (this=0x7fffffffd9f0, __x=std::vector of length 200, capacity 200 = {...}) at /usr/include/c++/7/bits/vector.tcc:206
#7  0x00005555555554d1 in genetic_algorithm () at knapsackga.cpp:105
#8  0x00005555555558d7 in main () at knapsackga.cpp:137

404	  // Fallback implementation of the function in bits/stl_iterator.h used to
405	  // remove the move_iterator wrapper.
406	  template<typename _Iterator>
407	    inline _Iterator
408	    __miter_base(_Iterator __it)
409	    { return __it; }
410	
411	_GLIBCXX_END_NAMESPACE_VERSION
412	} // namespace
413	} // extern "C++"

Backtrace END
Memory content before bitflip:0x310xfb0x080x00
Fault Model: Single bit-flip
base address to flip value: 0x55555575f06c 
address max offset: 4
Memory content after  bitflip:0x110xfb0x080x00
frame name: std::copy<__gnu_cxx::__normal_iterator<int const*, std::vector<int, std::allocator<int> > >, int*>
symbol name: W
symbol filename: knapsackga.cpp
symbol line: 16
value: 588561
value address: 0x55555575f06c <W>
Type: The type is an integer type.
Type sizeof: 4

[INFO -- 2018-09-25 01:09:18]
Fault Injection Successful after 1.2443888187408447s
[INFO -- 2018-09-25 01:09:21]
event type: exit
[INFO -- 2018-09-25 01:09:21]
exit code: 0
