[INFO -- 2018-09-23 22:39:07]
Starting flip_value script
version: 1.1
[INFO -- 2018-09-23 22:39:07]
Initialization strings:
[INFO -- 2018-09-23 22:39:07]
(1) file /tmp/knapsack/ga
[INFO -- 2018-09-23 22:39:07]
initSignal:1
[INFO -- 2018-09-23 22:39:07]
endSignal:3.5
[INFO -- 2018-09-23 22:39:07]
faultModel:0
[EXCEPTION -- 2018-09-23 22:39:08]
gdbException: Cannot access memory at address 0x0
[INFO -- 2018-09-23 22:39:08]
Backtrace BEGIN:
#0  0x00007ffff74949f5 in __random () at random.c:291
#1  0x00007ffff7494ea9 in rand () at rand.c:27
#2  0x0000555555554eb3 in rand_bit () at knapsackga.cpp:20
#3  0x000055555555514f in crossover (pai=std::vector of length 200, capacity 200 = {...}, mae=std::vector of length 200, capacity 200 = {...}, filho1=std::vector of length 16, capacity 0 = {...}, filho2=std::vector of length 0, capacity 0) at knapsackga.cpp:74
#4  0x000055555555548d in genetic_algorithm () at knapsackga.cpp:104
#5  0x00005555555558d7 in main () at knapsackga.cpp:137

286	in random.c

Backtrace END
Memory content before bitflip:0x8c0x070x000x00
Fault Model: Single bit-flip
base address to flip value: 0x7fffffffd8c4
address max offset: 4
Memory content after  bitflip:0x840x070x000x00
frame name: genetic_algorithm
symbol name: g
symbol filename: knapsackga.cpp
symbol line: 94
value: 1924
value address: 0x7fffffffd8c4
Type: The type is an integer type.
Type sizeof: 4

[INFO -- 2018-09-23 22:39:08]
Fault Injection Successful after 1.7703187465667725s
[INFO -- 2018-09-23 22:39:11]
event type: exit
[INFO -- 2018-09-23 22:39:11]
exit code: 0
