[INFO -- 2018-12-01 04:25:15]
Starting flip_value script
version: 1.1
[INFO -- 2018-12-01 04:25:15]
Initialization strings:
[INFO -- 2018-12-01 04:25:15]
(1) file /tmp/knapsack/ga
[INFO -- 2018-12-01 04:25:15]
initSignal:0
[INFO -- 2018-12-01 04:25:15]
endSignal:13
[INFO -- 2018-12-01 04:25:15]
faultModel:1
[INFO -- 2018-12-01 04:25:19]
Backtrace BEGIN:
#0  __random () at random.c:288
#1  0x00007ffff7494ea9 in rand () at rand.c:27
#2  0x0000555555554fe3 in rand_bit () at knapsackga.cpp:20
#3  0x000055555555527f in crossover (pai=std::vector of length 200, capacity 200 = {...}, mae=std::vector of length 200, capacity 200 = {...}, filho1=std::vector of length 0, capacity 0, filho2=std::vector of length 0, capacity 0) at knapsackga.cpp:74
#4  0x00005555555555c7 in genetic_algorithm () at knapsackga.cpp:104
#5  0x0000555555555a9b in main () at knapsackga.cpp:141

283	random.c: No such file or directory.

Backtrace END
Memory content before bitflip:0x310xfb0x080x00
Fault Model: Double bit-flip
base address to flip value: 0x55555575f17c 
address max offset: 4
Memory content after  bitflip:0x310xfb0x080x44
frame name: genetic_algorithm
symbol name: W
symbol filename: knapsackga.cpp
symbol line: 16
value: 1141439281
value address: 0x55555575f17c <W>
Type: The type is an integer type.
Type sizeof: 4

[INFO -- 2018-12-01 04:25:19]
Fault Injection Successful after 4.489946126937866s
[INFO -- 2018-12-01 04:25:27]
event type: exit
[INFO -- 2018-12-01 04:25:27]
exit code: 0
