[INFO -- 2018-09-21 21:31:57]
Starting flip_value script
version: 1.1
[INFO -- 2018-09-21 21:31:57]
Initialization strings:
[INFO -- 2018-09-21 21:31:57]
(1) file /tmp/knapsack/dp
[INFO -- 2018-09-21 21:31:57]
initSignal:1
[INFO -- 2018-09-21 21:31:57]
endSignal:3
[INFO -- 2018-09-21 21:31:57]
faultModel:2
[EXCEPTION -- 2018-09-21 21:31:58]
pythonException: empty range for randrange() (0,0, 0)
[EXCEPTION -- 2018-09-21 21:31:58]
pythonException: Unable to exit loop in struct fields; Exiting wihtout making a bit flip
[EXCEPTION -- 2018-09-21 21:31:59]
pythonException: empty range for randrange() (0,0, 0)
[EXCEPTION -- 2018-09-21 21:31:59]
gdbException: Cannot access memory at address 0x834ce3bda14784c7
[EXCEPTION -- 2018-09-21 21:31:59]
gdbException: Cannot access memory at address 0x834ce3bda1478ca7
[INFO -- 2018-09-21 21:31:59]
event type: exit
[EXCEPTION -- 2018-09-21 21:31:59]
exit code: no exit code available
