[INFO -- 2018-12-08 17:06:55]
Starting flip_value script
version: 1.1
[INFO -- 2018-12-08 17:06:55]
Initialization strings:
[INFO -- 2018-12-08 17:06:55]
(1) file /tmp/knapsack/sa
[INFO -- 2018-12-08 17:06:55]
initSignal:0
[INFO -- 2018-12-08 17:06:55]
endSignal:9
[INFO -- 2018-12-08 17:06:55]
faultModel:1
[INFO -- 2018-12-08 17:06:59]
Backtrace BEGIN:
#0  std::vector<int, std::allocator<int> >::operator[] (this=0x555555759040 <val>, __n=158) at /usr/include/c++/7/bits/stl_vector.h:799
#1  0x000055555555515f in cost (solution=std::vector of length 200, capacity 200 = {...}) at knapsacksa.cpp:59
#2  0x000055555555534c in simulated_annealing () at knapsacksa.cpp:92
#3  0x0000555555555658 in main () at knapsacksa.cpp:146

794	      reference
795	      operator[](size_type __n) _GLIBCXX_NOEXCEPT
796	      {
797		__glibcxx_requires_subscript(__n);
798		return *(this->_M_impl._M_start + __n);
799	      }
800	
801	      /**
802	       *  @brief  Subscript access to the data contained in the %vector.
803	       *  @param __n The index of the element for which data should be

Backtrace END
Memory content before bitflip:0x000x000x000x00
Fault Model: Double bit-flip
base address to flip value: 0x7fffffffd6b4
address max offset: 4
Memory content after  bitflip:0x000x0c0x000x00
frame name: cost
symbol name: valor2
symbol filename: knapsacksa.cpp
symbol line: 56
value: 3072
value address: 0x7fffffffd6b4
Type: The type is an integer type.
Type sizeof: 4

[INFO -- 2018-12-08 17:06:59]
Fault Injection Successful after 4.66014838218689s
[INFO -- 2018-12-08 17:06:59]
event type: exit
[INFO -- 2018-12-08 17:06:59]
exit code: 0
