[INFO -- 2018-12-08 02:22:55]
Starting flip_value script
version: 1.1
[INFO -- 2018-12-08 02:22:55]
Initialization strings:
[INFO -- 2018-12-08 02:22:55]
(1) file /tmp/knapsack/sa
[INFO -- 2018-12-08 02:22:55]
initSignal:0
[INFO -- 2018-12-08 02:22:55]
endSignal:9
[INFO -- 2018-12-08 02:22:55]
faultModel:4
[INFO -- 2018-12-08 02:23:00]
Backtrace BEGIN:
#0  0x0000555555555861 in std::vector<int, std::allocator<int> >::operator[] (this=0x555555759040 <val>, __n=172) at /usr/include/c++/7/bits/stl_vector.h:798
#1  0x000055555555515f in cost (solution=std::vector of length 200, capacity 200 = {...}) at knapsacksa.cpp:59
#2  0x000055555555534c in simulated_annealing () at knapsacksa.cpp:92
#3  0x0000555555555658 in main () at knapsacksa.cpp:146

793	       */
794	      reference
795	      operator[](size_type __n) _GLIBCXX_NOEXCEPT
796	      {
797		__glibcxx_requires_subscript(__n);
798		return *(this->_M_impl._M_start + __n);
799	      }
800	
801	      /**
802	       *  @brief  Subscript access to the data contained in the %vector.

Backtrace END
Memory content before bitflip:0x000x000x000x00
Fault Model: LSB bit-flip
base address to flip value: 0x7fffffffd6ac
address max offset: 4
Memory content after  bitflip:0x000x000x000x01
frame name: cost
symbol name: peso2
symbol filename: knapsacksa.cpp
symbol line: 56
value: 16777216
value address: 0x7fffffffd6ac
Type: The type is an integer type.
Type sizeof: 4

[INFO -- 2018-12-08 02:23:00]
Fault Injection Successful after 5.129145622253418s
[INFO -- 2018-12-08 02:23:00]
event type: exit
[INFO -- 2018-12-08 02:23:00]
exit code: 0
