[INFO -- 2018-09-25 06:06:37]
Starting flip_value script
version: 1.1
[INFO -- 2018-09-25 06:06:37]
Initialization strings:
[INFO -- 2018-09-25 06:06:37]
(1) file /tmp/knapsack/ga
[INFO -- 2018-09-25 06:06:37]
initSignal:1
[INFO -- 2018-09-25 06:06:37]
endSignal:3.5
[INFO -- 2018-09-25 06:06:37]
faultModel:4
[INFO -- 2018-09-25 06:06:39]
Backtrace BEGIN:
#0  0x0000555555559604 in std::__niter_base<int*> (__it=0x100555555778000) at /usr/include/c++/7/bits/stl_algobase.h:277
#1  0x000055555555a875 in std::__copy_move_a2<false, __gnu_cxx::__normal_iterator<int const*, std::vector<int, std::allocator<int> > >, int*> (__first=0, __last=0, __result=0x555555781e60) at /usr/include/c++/7/bits/stl_algobase.h:422
#2  0x0000555555559fd6 in std::copy<__gnu_cxx::__normal_iterator<int const*, std::vector<int, std::allocator<int> > >, int*> (__first=0, __last=0, __result=0x555555781e60) at /usr/include/c++/7/bits/stl_algobase.h:456
#3  0x000055555555948e in std::__uninitialized_copy<true>::__uninit_copy<__gnu_cxx::__normal_iterator<int const*, std::vector<int, std::allocator<int> > >, int*> (__first=0, __last=0, __result=0x555555781e60) at /usr/include/c++/7/bits/stl_uninitialized.h:101
#4  0x00005555555583be in std::uninitialized_copy<__gnu_cxx::__normal_iterator<int const*, std::vector<int, std::allocator<int> > >, int*> (__first=0, __last=0, __result=0x555555781e60) at /usr/include/c++/7/bits/stl_uninitialized.h:134
#5  0x0000555555556f6d in std::__uninitialized_copy_a<__gnu_cxx::__normal_iterator<int const*, std::vector<int, std::allocator<int> > >, int*, int> (__first=0, __last=0, __result=0x555555781e60) at /usr/include/c++/7/bits/stl_uninitialized.h:289
#6  0x0000555555555ed1 in std::vector<int, std::allocator<int> >::vector (this=0x555555776420, __x=std::vector of length 200, capacity 256 = {...}) at /usr/include/c++/7/bits/stl_vector.h:331
#7  0x0000555555557e39 in chromossome::chromossome (this=0x555555776420) at knapsackga.cpp:42
#8  0x0000555555557e96 in __gnu_cxx::new_allocator<chromossome>::construct<chromossome, chromossome const&> (this=0x7fffffffd870, __p=0x555555776420, __args#0=...) at /usr/include/c++/7/ext/new_allocator.h:136
#9  0x0000555555556a90 in std::allocator_traits<std::allocator<chromossome> >::construct<chromossome, chromossome const&> (__a=..., __p=0x555555776420, __args#0=...) at /usr/include/c++/7/bits/alloc_traits.h:475
#10 0x0000555555556b50 in std::vector<chromossome, std::allocator<chromossome> >::_M_realloc_insert<chromossome const&> (this=0x7fffffffd870, __position={solution = std::vector of length 20, capacity 0 = {<error reading variable>, __args#0=...) at /usr/include/c++/7/bits/vector.tcc:415
#11 0x0000555555555d28 in std::vector<chromossome, std::allocator<chromossome> >::push_back (this=0x7fffffffd870, __x=...) at /usr/include/c++/7/bits/stl_vector.h:948
#12 0x000055555555502c in tournament (pop=std::vector of length 40, capacity 64 = {...}) at knapsackga.cpp:63
#13 0x0000555555555447 in genetic_algorithm () at knapsackga.cpp:103
#14 0x00005555555558d7 in main () at knapsackga.cpp:137

272	
273	  // Fallback implementation of the function in bits/stl_iterator.h used to
274	  // remove the __normal_iterator wrapper. See copy, fill, ...
275	  template<typename _Iterator>
276	    inline _Iterator
277	    __niter_base(_Iterator __it)
278	    { return __it; }
279	
280	  // All of these auxiliary structs serve two purposes.  (1) Replace
281	  // calls to copy with memmove whenever possible.  (Memmove, not memcpy,

Backtrace END
Memory content before bitflip:0x310xfb0x080x00
Fault Model: LSB bit-flip
base address to flip value: 0x55555575f06c 
address max offset: 4
Memory content after  bitflip:0x310xfb0x080x80
frame name: __gnu_cxx::new_allocator<chromossome>::construct<chromossome, chromossome const&>
symbol name: W
symbol filename: knapsackga.cpp
symbol line: 16
value: -2146895055
value address: 0x55555575f06c <W>
Type: The type is an integer type.
Type sizeof: 4

[INFO -- 2018-09-25 06:06:39]
Fault Injection Successful after 2.1324682235717773s
[INFO -- 2018-09-25 06:06:41]
event type: exit
[INFO -- 2018-09-25 06:06:41]
exit code: 0
