[INFO -- 2018-12-01 00:55:50]
Starting flip_value script
version: 1.1
[INFO -- 2018-12-01 00:55:50]
Initialization strings:
[INFO -- 2018-12-01 00:55:50]
(1) file /tmp/knapsack/mf
[INFO -- 2018-12-01 00:55:50]
initSignal:0
[INFO -- 2018-12-01 00:55:50]
endSignal:12
[INFO -- 2018-12-01 00:55:50]
faultModel:4
[EXCEPTION -- 2018-12-01 00:55:55]
gdbException: Cannot access memory at address 0x800555555770fc0
[EXCEPTION -- 2018-12-01 00:55:56]
gdbException: Cannot access memory at address 0x1000555555770bb0
[EXCEPTION -- 2018-12-01 00:55:56]
pythonException: empty range for randrange() (0,0, 0)
[INFO -- 2018-12-01 00:55:56]
event type: exit
[EXCEPTION -- 2018-12-01 00:55:56]
exit code: no exit code available
