[INFO -- 2018-09-24 19:32:58]
Starting flip_value script
version: 1.1
[INFO -- 2018-09-24 19:32:58]
Initialization strings:
[INFO -- 2018-09-24 19:32:58]
(1) file /tmp/knapsack/ga
[INFO -- 2018-09-24 19:32:58]
initSignal:1
[INFO -- 2018-09-24 19:32:58]
endSignal:3.5
[INFO -- 2018-09-24 19:32:58]
faultModel:1
[INFO -- 2018-09-24 19:33:00]
Backtrace BEGIN:
#0  0x000055555555955d in __gnu_cxx::new_allocator<int>::deallocate (this=0x7fffffffd870, __p=0x555555785e20) at /usr/include/c++/7/ext/new_allocator.h:126
#1  0x0000555555558518 in std::allocator_traits<std::allocator<int> >::deallocate (__a=..., __p=0x555555785e20, __n=200) at /usr/include/c++/7/bits/alloc_traits.h:462
#2  0x0000555555557086 in std::_Vector_base<int, std::allocator<int> >::_M_deallocate (this=0x7fffffffd870, __p=0x555555785e20, __n=200) at /usr/include/c++/7/bits/stl_vector.h:180
#3  0x000055555555689d in std::_Vector_base<int, std::allocator<int> >::~_Vector_base (this=0x7fffffffd870, __in_chrg=<optimized out>) at /usr/include/c++/7/bits/stl_vector.h:162
#4  0x0000555555555bed in std::vector<int, std::allocator<int> >::~vector (this=0x7fffffffd870, __in_chrg=<optimized out>) at /usr/include/c++/7/bits/stl_vector.h:435
#5  0x00005555555551f9 in crossover (pai=std::vector of length 200, capacity 200 = {...}, mae=std::vector of length 200, capacity 200 = {...}, filho1=std::vector of length 200, capacity 200 = {...}, filho2=std::vector of length 200, capacity 200 = {...}) at knapsackga.cpp:72
#6  0x000055555555548d in genetic_algorithm () at knapsackga.cpp:104
#7  0x00005555555558d7 in main () at knapsackga.cpp:137

121		    ::operator delete(__p, std::align_val_t(alignof(_Tp)));
122		    return;
123		  }
124	#endif
125		::operator delete(__p);
126	      }
127	
128	      size_type
129	      max_size() const _GLIBCXX_USE_NOEXCEPT
130	      { return size_t(-1) / sizeof(_Tp); }

Backtrace END
Fliping a bit of the value pointed by a pointer
Fliping value of field: _M_impl
Fliping value of field: _M_finish
Fliping a bit of the value pointed by a pointer
Memory content before bitflip:0x300x030x000x00
Fault Model: Double bit-flip
base address to flip value: 0x555555786140
address max offset: 4
Memory content after  bitflip:0x300x030x280x00
frame name: std::_Vector_base<int, std::allocator<int> >::_M_deallocate
symbol name: this
symbol filename: knapsackga.cpp
symbol line: 0
value: 0x7fffffffd870
value address: 0x7fffffffd7e8
Type: The type is a pointer.
Type sizeof: 8

[INFO -- 2018-09-24 19:33:00]
Fault Injection Successful after 2.2214102745056152s
[INFO -- 2018-09-24 19:33:02]
event type: exit
[INFO -- 2018-09-24 19:33:02]
exit code: 0
