[INFO -- 2018-12-08 14:01:44]
Starting flip_value script
version: 1.1
[INFO -- 2018-12-08 14:01:44]
Initialization strings:
[INFO -- 2018-12-08 14:01:45]
(1) file /tmp/knapsack/sa
[INFO -- 2018-12-08 14:01:45]
initSignal:0
[INFO -- 2018-12-08 14:01:45]
endSignal:9
[INFO -- 2018-12-08 14:01:45]
faultModel:4
[INFO -- 2018-12-08 14:01:48]
Backtrace BEGIN:
#0  0x0000555555555869 in std::vector<int, std::allocator<int> >::operator[] (this=0x555555759040 <val>, __n=117) at /usr/include/c++/7/bits/stl_vector.h:798
#1  0x000055555555515f in cost (solution=std::vector of length 200, capacity 200 = {...}) at knapsacksa.cpp:59
#2  0x000055555555534c in simulated_annealing () at knapsacksa.cpp:92
#3  0x0000555555555658 in main () at knapsacksa.cpp:146

793	       */
794	      reference
795	      operator[](size_type __n) _GLIBCXX_NOEXCEPT
796	      {
797		__glibcxx_requires_subscript(__n);
798		return *(this->_M_impl._M_start + __n);
799	      }
800	
801	      /**
802	       *  @brief  Subscript access to the data contained in the %vector.

Backtrace END
Fliping value of field: std::_Vector_base<int, std::allocator<int> >
Fliping value of field: _M_impl
Fliping value of field: _M_end_of_storage
Fliping a bit of the pointer
Memory content before bitflip:0xb00x270x770x550x550x550x000x00
Fault Model: LSB bit-flip
base address to flip value: 0x7fffffffd730
address max offset: 8
Memory content after  bitflip:0xb00x270x770x550x550x550x000x01
frame name: simulated_annealing
symbol name: solution
symbol filename: knapsacksa.cpp
symbol line: 78
value: std::vector of length 200, capacity 18014398509482184 = {0, 0, 0, 0, 1, 1, 1, 1, 0, 1, 0, 1, 0, 0, 1, 1, 1, 1, 0, 1, 1, 1, 0, 0, 1, 0, 0, 1, 0, 1, 0, 1, 1, 1, 0, 0, 0, 0, 0, 0, 0, 1, 1, 0, 1, 1, 0, 0, 1, 1, 0, 1, 1, 1, 1, 1, 0, 1, 0, 1, 1, 0, 1, 0, 1, 0, 1, 0, 0, 0, 1, 1, 0, 1, 0, 1, 1, 1, 1, 0, 0, 1, 0, 0, 0, 1, 1, 1, 1, 1, 0, 1, 1, 0, 0, 0, 1, 0, 0, 1, 0, 0, 0, 0, 0, 0, 0, 0, 1, 1, 0, 0, 0, 0, 1, 1, 0, 1, 1, 1, 0, 0, 1, 0, 1, 0, 0, 1, 1, 0, 0, 1, 0, 1, 1, 1, 1, 1, 0, 0, 0, 0, 0, 0, 1, 1, 0, 0, 0, 0, 0, 0, 1, 1, 0, 0, 0, 1, 0, 1, 0, 1, 1, 1, 0, 1, 0, 0, 1, 1, 0, 0, 0, 1, 1, 0, 0, 0, 0, 0, 1, 1, 0, 1, 1, 0, 0, 0, 0, 0, 0, 0, 1, 1, 1, 1, 1, 1, 1, 1...}
value address: 0x7fffffffd720
Type: The type is a structure.
Type sizeof: 24
Field name: std::_Vector_base<int, std::allocator<int> >
Field Type: The type is a structure.
Field Type sizeof: 24

[INFO -- 2018-12-08 14:01:48]
Fault Injection Successful after 3.8122994899749756s
[INFO -- 2018-12-08 14:01:55]
event type: exit
[INFO -- 2018-12-08 14:01:55]
exit code: 0
