[INFO -- 2018-12-09 07:30:30]
Starting flip_value script
version: 1.1
[INFO -- 2018-12-09 07:30:30]
Initialization strings:
[INFO -- 2018-12-09 07:30:30]
(1) file /tmp/knapsack/ga
[INFO -- 2018-12-09 07:30:30]
initSignal:1
[INFO -- 2018-12-09 07:30:30]
endSignal:8
[INFO -- 2018-12-09 07:30:30]
faultModel:0
[INFO -- 2018-12-09 07:30:36]
Backtrace BEGIN:
#0  0x000055555555664b in std::swap<int> (__a=@0x555555788200: 0, __b=@0x555555788860: 0) at /usr/include/c++/7/bits/move.h:198
#1  0x00005555555553eb in crossover (pai=std::vector of length 200, capacity 200 = {...}, mae=std::vector of length 200, capacity 200 = {...}, filho1=std::vector of length 200, capacity 200 = {...}, filho2=std::vector of length 200, capacity 200 = {...}) at knapsackga.cpp:101
#2  0x00005555555556d7 in genetic_algorithm () at knapsackga.cpp:130
#3  0x0000555555555b6c in main () at knapsackga.cpp:165

193	#endif
194	    {
195	      // concept requirements
196	      __glibcxx_function_requires(_SGIAssignableConcept<_Tp>)
197	
198	      _Tp __tmp = _GLIBCXX_MOVE(__a);
199	      __a = _GLIBCXX_MOVE(__b);
200	      __b = _GLIBCXX_MOVE(__tmp);
201	    }
202	

Backtrace END
Memory content before bitflip:0x000x000x000x00
Fault Model: Single bit-flip
base address to flip value: 0x7fffffffd7d4
address max offset: 4
Memory content after  bitflip:0x000x040x000x00
frame name: std::swap<int>
symbol name: __tmp
symbol filename: /usr/include/c++/7/bits/move.h
symbol line: 198
value: 1024
value address: 0x7fffffffd7d4
Type: The type is an integer type.
Type sizeof: 4

[INFO -- 2018-12-09 07:30:36]
Fault Injection Successful after 6.420299768447876s
[INFO -- 2018-12-09 07:30:38]
event type: exit
[INFO -- 2018-12-09 07:30:38]
exit code: 0
