[INFO -- 2018-09-23 19:42:07]
Starting flip_value script
version: 1.1
[INFO -- 2018-09-23 19:42:07]
Initialization strings:
[INFO -- 2018-09-23 19:42:07]
(1) file /tmp/knapsack/sa
[INFO -- 2018-09-23 19:42:07]
initSignal:0
[INFO -- 2018-09-23 19:42:07]
endSignal:2
[INFO -- 2018-09-23 19:42:07]
faultModel:2
[INFO -- 2018-09-23 19:42:08]
Backtrace BEGIN:
#0  __GI___libc_free (mem=0x555555771700) at malloc.c:3122
#1  0x0000555555556a18 in __gnu_cxx::new_allocator<int>::deallocate (this=0x7fffffffda00, __p=0x555555771700) at /usr/include/c++/7/ext/new_allocator.h:125
#2  0x00005555555565c4 in std::allocator_traits<std::allocator<int> >::deallocate (__a=..., __p=0x555555771700, __n=200) at /usr/include/c++/7/bits/alloc_traits.h:462
#3  0x0000555555555e28 in std::_Vector_base<int, std::allocator<int> >::_M_deallocate (this=0x7fffffffda00, __p=0x555555771700, __n=200) at /usr/include/c++/7/bits/stl_vector.h:180
#4  0x0000555555555b63 in std::_Vector_base<int, std::allocator<int> >::~_Vector_base (this=0x7fffffffda00, __in_chrg=<optimized out>) at /usr/include/c++/7/bits/stl_vector.h:162
#5  0x00005555555555fb in std::vector<int, std::allocator<int> >::~vector (this=0x7fffffffda00, __in_chrg=<optimized out>) at /usr/include/c++/7/bits/stl_vector.h:435
#6  0x00005555555551cb in simulated_annealing () at knapsacksa.cpp:47
#7  0x000055555555535e in main () at knapsacksa.cpp:84

3117	malloc.c: No such file or directory.

Backtrace END
Fliping a bit of the value pointed by a pointer
Memory content before bitflip:0x010x000x000x00
Fault Model: Random bit-flip
base address to flip value: 0x555555771700
address max offset: 4
Memory content after  bitflip:0x6a0x160x840x01
frame name: std::allocator_traits<std::allocator<int> >::deallocate
symbol name: __p
symbol filename: /usr/include/c++/7/bits/alloc_traits.h
symbol line: 461
value: 0x555555771700
value address: 0x7fffffffd920
Type: The type is a pointer.
Type sizeof: 8

[INFO -- 2018-09-23 19:42:08]
Fault Injection Successful after 1.3628785610198975s
[INFO -- 2018-09-23 19:42:10]
event type: exit
[INFO -- 2018-09-23 19:42:10]
exit code: 0
