[INFO -- 2018-11-30 11:52:11]
Starting flip_value script
version: 1.1
[INFO -- 2018-11-30 11:52:11]
Initialization strings:
[INFO -- 2018-11-30 11:52:11]
(1) file /tmp/knapsack/sa
[INFO -- 2018-11-30 11:52:11]
initSignal:0
[INFO -- 2018-11-30 11:52:11]
endSignal:7
[INFO -- 2018-11-30 11:52:11]
faultModel:0
[INFO -- 2018-11-30 11:52:12]
Backtrace BEGIN:
#0  0x000055555555525f in simulated_annealing () at knapsacksa.cpp:53
#1  0x0000555555555522 in main () at knapsacksa.cpp:85

48	    for(int t = 0; t < 1000000; t++){
49	         vector<int> s(solution);
50	         int i = rand() % n;
51	         s[i] = 1 - s[i];
52	         int c = cost(s);
53	         int delta = c - best;
54	         if(delta <= 0){
55	             solution = s;
56	             best = c;
57	         }

Backtrace END
Memory content before bitflip:0xe50x100x1c0x00
Fault Model: Single bit-flip
base address to flip value: 0x7fffffffd960
address max offset: 4
Memory content after  bitflip:0x650x100x1c0x00
frame name: simulated_annealing
symbol name: temp
symbol filename: knapsacksa.cpp
symbol line: 44
value: 1839205
value address: 0x7fffffffd960
Type: The type is an integer type.
Type sizeof: 4

[INFO -- 2018-11-30 11:52:12]
Fault Injection Successful after 1.1752331256866455s
[INFO -- 2018-11-30 11:52:19]
event type: exit
[INFO -- 2018-11-30 11:52:19]
exit code: 0
