[INFO -- 2018-09-23 13:45:22]
Starting flip_value script
version: 1.1
[INFO -- 2018-09-23 13:45:22]
Initialization strings:
[INFO -- 2018-09-23 13:45:22]
(1) file /tmp/knapsack/sa
[INFO -- 2018-09-23 13:45:22]
initSignal:0
[INFO -- 2018-09-23 13:45:22]
endSignal:2
[INFO -- 2018-09-23 13:45:22]
faultModel:1
[INFO -- 2018-09-23 13:45:22]
Backtrace BEGIN:
#0  dl_main (phdr=<optimized out>, phnum=<optimized out>, user_entry=<optimized out>, auxv=<optimized out>) at rtld.c:2286
#1  0x00007ffff7df015a in _dl_sysdep_start (start_argptr=start_argptr@entry=0x7fffffffdf80, dl_main=dl_main@entry=0x7ffff7dd73d0 <dl_main>) at ../elf/dl-sysdep.c:253
#2  0x00007ffff7dd6e88 in _dl_start_final (arg=0x7fffffffdf80) at rtld.c:414
#3  _dl_start (arg=0x7fffffffdf80) at rtld.c:520
#4  0x00007ffff7dd5ea8 in _start () from /lib64/ld-linux-x86-64.so.2
#5  0x0000000000000001 in ?? ()
#6  0x00007fffffffe2f7 in ?? ()
#7  0x0000000000000000 in ?? ()

2281	rtld.c: No such file or directory.

Backtrace END
Memory content before bitflip:0x980xdf0xff0xff0xff0x7f0x000x00
Fault Model: Double bit-flip
base address to flip value: 0x7fffffffdd00
address max offset: 8
Memory content after  bitflip:0x980xdf0xff0xd70xff0x7f0x000x00
frame name: dl_main
symbol name: file_size
symbol filename: rtld.c
symbol line: 873
value: 140736817258392
value address: 0x7fffffffdd00
Type: The type is an integer type.
Type sizeof: 8

[INFO -- 2018-09-23 13:45:22]
Fault Injection Successful after 0.840876579284668s
[INFO -- 2018-09-23 13:45:24]
event type: exit
[INFO -- 2018-09-23 13:45:24]
exit code: 0
