[INFO -- 2018-12-01 04:45:22]
Starting flip_value script
version: 1.1
[INFO -- 2018-12-01 04:45:22]
Initialization strings:
[INFO -- 2018-12-01 04:45:22]
(1) file /tmp/knapsack/ga
[INFO -- 2018-12-01 04:45:22]
initSignal:0
[INFO -- 2018-12-01 04:45:22]
endSignal:13
[INFO -- 2018-12-01 04:45:22]
faultModel:3
[INFO -- 2018-12-01 04:45:24]
Backtrace BEGIN:
#0  0x0000555555555065 in cost (solution=std::vector of length 200, capacity 200 = {...}) at knapsackga.cpp:27
#1  0x000055555555578e in genetic_algorithm () at knapsackga.cpp:112
#2  0x0000555555555a9b in main () at knapsackga.cpp:141

22	
23	int cost(vector<int> &solution){
24	    int peso=0, valor=0;
25	    for(int i=0; i < n; i++){
26	        peso += solution[i] * wt[i];
27	        valor += solution[i] * val[i];
28	    }
29	
30	    if(peso > W){
31	        return 99999999;

Backtrace END
Memory content before bitflip:0x190x000x000x00
Fault Model: Zero bit-flip
base address to flip value: 0x7fffffffd85c
address max offset: 4
Memory content after  bitflip:0x000x000x000x00
frame name: genetic_algorithm
symbol name: i
symbol filename: knapsackga.cpp
symbol line: 109
value: 0
value address: 0x7fffffffd85c
Type: The type is an integer type.
Type sizeof: 4

[INFO -- 2018-12-01 04:45:24]
Fault Injection Successful after 2.403240919113159s
[INFO -- 2018-12-01 04:45:34]
event type: exit
[INFO -- 2018-12-01 04:45:34]
exit code: 0
