[INFO -- 2018-12-08 22:17:11]
Starting flip_value script
version: 1.1
[INFO -- 2018-12-08 22:17:11]
Initialization strings:
[INFO -- 2018-12-08 22:17:11]
(1) file /tmp/knapsack/ga
[INFO -- 2018-12-08 22:17:11]
initSignal:1
[INFO -- 2018-12-08 22:17:11]
endSignal:8
[INFO -- 2018-12-08 22:17:11]
faultModel:1
[INFO -- 2018-12-08 22:17:13]
Backtrace BEGIN:
#0  __random () at random.c:297
#1  0x00007ffff7494ea9 in rand () at rand.c:27
#2  0x0000555555554ff1 in rand_bit () at knapsackga.cpp:30
#3  0x0000555555555353 in crossover (pai=std::vector of length 200, capacity 200 = {...}, mae=std::vector of length 200, capacity 200 = {...}, filho1=std::vector of length 0, capacity 0, filho2=std::vector of length 0, capacity 0) at knapsackga.cpp:95
#4  0x00005555555556d7 in genetic_algorithm () at knapsackga.cpp:130
#5  0x0000555555555b6c in main () at knapsackga.cpp:165

292	random.c: No such file or directory.

Backtrace END
Memory content before bitflip:0x310xfb0x080x00
Fault Model: Double bit-flip
base address to flip value: 0x55555575f0b0 
address max offset: 4
Memory content after  bitflip:0x310xfb0x040x00
frame name: rand_bit
symbol name: W
symbol filename: knapsackga.cpp
symbol line: 18
value: 326449
value address: 0x55555575f0b0 <W>
Type: The type is an integer type.
Type sizeof: 4

[INFO -- 2018-12-08 22:17:13]
Fault Injection Successful after 2.4758825302124023s
[INFO -- 2018-12-08 22:17:13]
event type: exit
[INFO -- 2018-12-08 22:17:13]
exit code: 0
