[INFO -- 2018-12-01 01:25:17]
Starting flip_value script
version: 1.1
[INFO -- 2018-12-01 01:25:17]
Initialization strings:
[INFO -- 2018-12-01 01:25:17]
(1) file /tmp/knapsack/ga
[INFO -- 2018-12-01 01:25:17]
initSignal:0
[INFO -- 2018-12-01 01:25:17]
endSignal:13
[INFO -- 2018-12-01 01:25:17]
faultModel:4
[INFO -- 2018-12-01 01:25:20]
Backtrace BEGIN:
#0  0x0000555555555e2f in std::vector<int, std::allocator<int> >::operator[] (this=0x55555575f140 <val>, __n=0) at /usr/include/c++/7/bits/stl_vector.h:798
#1  0x0000555555555083 in cost (solution=std::vector of length 200, capacity 200 = {...}) at knapsackga.cpp:27
#2  0x000055555555578e in genetic_algorithm () at knapsackga.cpp:112
#3  0x0000555555555a9b in main () at knapsackga.cpp:141

793	       */
794	      reference
795	      operator[](size_type __n) _GLIBCXX_NOEXCEPT
796	      {
797		__glibcxx_requires_subscript(__n);
798		return *(this->_M_impl._M_start + __n);
799	      }
800	
801	      /**
802	       *  @brief  Subscript access to the data contained in the %vector.

Backtrace END
Memory content before bitflip:0x000x000x000x000x000x000x000x00
Fault Model: LSB bit-flip
base address to flip value: 0x7fffffffd7e0
address max offset: 8
Memory content after  bitflip:0x000x000x000x000x000x000x000x80
frame name: std::vector<int, std::allocator<int> >::operator[]
symbol name: __n
symbol filename: /usr/include/c++/7/bits/stl_vector.h
symbol line: 795
value: 9223372036854775808
value address: 0x7fffffffd7e0
Type: The type is an integer type.
Type sizeof: 8

[INFO -- 2018-12-01 01:25:20]
Fault Injection Successful after 3.1882145404815674s
[INFO -- 2018-12-01 01:25:30]
event type: exit
[INFO -- 2018-12-01 01:25:30]
exit code: 0
