[INFO -- 2018-12-01 00:59:43]
Starting flip_value script
version: 1.1
[INFO -- 2018-12-01 00:59:43]
Initialization strings:
[INFO -- 2018-12-01 00:59:43]
(1) file /tmp/knapsack/ga
[INFO -- 2018-12-01 00:59:43]
initSignal:0
[INFO -- 2018-12-01 00:59:43]
endSignal:13
[INFO -- 2018-12-01 00:59:43]
faultModel:0
[INFO -- 2018-12-01 00:59:46]
Backtrace BEGIN:
#0  std::vector<int, std::allocator<int> >::operator[] (this=0x55555575f160 <wt>, __n=121) at /usr/include/c++/7/bits/stl_vector.h:799
#1  0x0000555555555050 in cost (solution=std::vector of length 200, capacity 200 = {...}) at knapsackga.cpp:26
#2  0x000055555555578e in genetic_algorithm () at knapsackga.cpp:112
#3  0x0000555555555a9b in main () at knapsackga.cpp:141

794	      reference
795	      operator[](size_type __n) _GLIBCXX_NOEXCEPT
796	      {
797		__glibcxx_requires_subscript(__n);
798		return *(this->_M_impl._M_start + __n);
799	      }
800	
801	      /**
802	       *  @brief  Subscript access to the data contained in the %vector.
803	       *  @param __n The index of the element for which data should be

Backtrace END
Memory content before bitflip:0x310xfb0x080x00
Fault Model: Single bit-flip
base address to flip value: 0x55555575f17c 
address max offset: 4
Memory content after  bitflip:0x310xfb0x080x80
frame name: main
symbol name: W
symbol filename: knapsackga.cpp
symbol line: 16
value: -2146895055
value address: 0x55555575f17c <W>
Type: The type is an integer type.
Type sizeof: 4

[INFO -- 2018-12-01 00:59:46]
Fault Injection Successful after 3.3234565258026123s
[INFO -- 2018-12-01 00:59:56]
event type: exit
[INFO -- 2018-12-01 00:59:56]
exit code: 0
