[INFO -- 2018-12-01 08:57:24]
Starting flip_value script
version: 1.1
[INFO -- 2018-12-01 08:57:24]
Initialization strings:
[INFO -- 2018-12-01 08:57:24]
(1) file /tmp/knapsack/ga
[INFO -- 2018-12-01 08:57:24]
initSignal:0
[INFO -- 2018-12-01 08:57:24]
endSignal:13
[INFO -- 2018-12-01 08:57:24]
faultModel:1
[INFO -- 2018-12-01 08:57:31]
Backtrace BEGIN:
#0  rand () at rand.c:26
#1  0x0000555555554fe3 in rand_bit () at knapsackga.cpp:20
#2  0x000055555555527f in crossover (pai=std::vector of length 200, capacity 200 = {...}, mae=std::vector of length 200, capacity 200 = {...}, filho1=std::vector of length 0, capacity 0, filho2=std::vector of length 0, capacity 0) at knapsackga.cpp:74
#3  0x00005555555555c7 in genetic_algorithm () at knapsackga.cpp:104
#4  0x0000555555555aab in main () at knapsackga.cpp:143

21	rand.c: No such file or directory.

Backtrace END
Memory content before bitflip:0x310xfb0x080x00
Fault Model: Double bit-flip
base address to flip value: 0x55555575f17c 
address max offset: 4
Memory content after  bitflip:0x380xfb0x080x00
frame name: crossover
symbol name: W
symbol filename: knapsackga.cpp
symbol line: 16
value: 588600
value address: 0x55555575f17c <W>
Type: The type is an integer type.
Type sizeof: 4

[INFO -- 2018-12-01 08:57:31]
Fault Injection Successful after 7.580523490905762s
[INFO -- 2018-12-01 08:57:37]
event type: exit
[INFO -- 2018-12-01 08:57:37]
exit code: 0
