[INFO -- 2018-12-08 09:14:09]
Starting flip_value script
version: 1.1
[INFO -- 2018-12-08 09:14:09]
Initialization strings:
[INFO -- 2018-12-08 09:14:09]
(1) file /tmp/knapsack/sa
[INFO -- 2018-12-08 09:14:09]
initSignal:0
[INFO -- 2018-12-08 09:14:09]
endSignal:9
[INFO -- 2018-12-08 09:14:09]
faultModel:4
[EXCEPTION -- 2018-12-08 09:14:12]
gdbException: Cannot access memory at address 0x2000555555771450
[EXCEPTION -- 2018-12-08 09:14:12]
gdbException: Cannot access memory at address 0x2005555557727c0
[EXCEPTION -- 2018-12-08 09:14:12]
pythonException: empty range for randrange() (0,0, 0)
[INFO -- 2018-12-08 09:14:13]
event type: exit
[EXCEPTION -- 2018-12-08 09:14:13]
exit code: no exit code available
