[INFO -- 2018-12-09 06:34:46]
Starting flip_value script
version: 1.1
[INFO -- 2018-12-09 06:34:46]
Initialization strings:
[INFO -- 2018-12-09 06:34:46]
(1) file /tmp/knapsack/ga
[INFO -- 2018-12-09 06:34:46]
initSignal:1
[INFO -- 2018-12-09 06:34:46]
endSignal:8
[INFO -- 2018-12-09 06:34:46]
faultModel:4
[EXCEPTION -- 2018-12-09 06:34:48]
pythonException: Unable to exit loop in struct fields; Exiting wihtout making a bit flip
[INFO -- 2018-12-09 06:34:48]
Backtrace BEGIN:
#0  0x0000555555556686 in std::swap<int> (__a=@0x555555786580: 0, __b=@0x555555782f50: 0) at /usr/include/c++/7/bits/move.h:201
#1  0x00005555555553eb in crossover (pai=std::vector of length 200, capacity 200 = {...}, mae=std::vector of length 200, capacity 200 = {...}, filho1=std::vector of length 200, capacity 200 = {...}, filho2=std::vector of length 200, capacity 200 = {...}) at knapsackga.cpp:101
#2  0x00005555555556d7 in genetic_algorithm () at knapsackga.cpp:130
#3  0x0000555555555b6c in main () at knapsackga.cpp:165

196	      __glibcxx_function_requires(_SGIAssignableConcept<_Tp>)
197	
198	      _Tp __tmp = _GLIBCXX_MOVE(__a);
199	      __a = _GLIBCXX_MOVE(__b);
200	      __b = _GLIBCXX_MOVE(__tmp);
201	    }
202	
203	  // _GLIBCXX_RESOLVE_LIB_DEFECTS
204	  // DR 809. std::swap should be overloaded for array types.
205	  /// Swap the contents of two arrays.

Backtrace END
Memory content before bitflip:0x310xfb0x080x00
Fault Model: LSB bit-flip
base address to flip value: 0x55555575f0b4 
address max offset: 4
Memory content after  bitflip:0x310xfb0x080x40
frame name: std::swap<int>
symbol name: W2
symbol filename: knapsackga.cpp
symbol line: 18
value: 1074330417
value address: 0x55555575f0b4 <W2>
Type: The type is an integer type.
Type sizeof: 4

[INFO -- 2018-12-09 06:34:48]
Fault Injection Successful after 2.671010732650757s
[INFO -- 2018-12-09 06:34:48]
event type: exit
[INFO -- 2018-12-09 06:34:48]
exit code: 0
