[INFO -- 2018-12-01 06:52:47]
Starting flip_value script
version: 1.1
[INFO -- 2018-12-01 06:52:47]
Initialization strings:
[INFO -- 2018-12-01 06:52:47]
(1) file /tmp/knapsack/mf
[INFO -- 2018-12-01 06:52:47]
initSignal:0
[INFO -- 2018-12-01 06:52:47]
endSignal:12
[INFO -- 2018-12-01 06:52:47]
faultModel:0
[INFO -- 2018-12-01 06:52:47]
Backtrace BEGIN:
#0  dl_main (phdr=<optimized out>, phnum=<optimized out>, user_entry=<optimized out>, auxv=<optimized out>) at rtld.c:2289
#1  0x00007ffff7defdd0 in _dl_sysdep_start (start_argptr=start_argptr@entry=0x7fffffffde30, dl_main=dl_main@entry=0x7ffff7dd7660 <dl_main>) at ../elf/dl-sysdep.c:253
#2  0x00007ffff7dd7128 in _dl_start_final (arg=0x7fffffffde30) at rtld.c:414
#3  _dl_start (arg=0x7fffffffde30) at rtld.c:521
#4  0x00007ffff7dd6098 in _start () from /lib64/ld-linux-x86-64.so.2
#5  0x0000000000000001 in ?? ()
#6  0x00007fffffffe0d9 in ?? ()
#7  0x0000000000000000 in ?? ()

2284	rtld.c: No such file or directory.

Backtrace END
Memory content before bitflip:0xbf0x820x1d0x000x000x000x000x00
Fault Model: Single bit-flip
base address to flip value: 0x7ffff7ffe000 
address max offset: 8
Memory content after  bitflip:0xbf0x820x1d0x000x000x000x200x00
frame name: _dl_start_final
symbol name: relocate_time
symbol filename: rtld.c
symbol line: 306
value: 9007199256675007
value address: 0x7ffff7ffe000 <relocate_time>
Type: The type is an integer type.
Type sizeof: 8

[INFO -- 2018-12-01 06:52:47]
Fault Injection Successful after 0.5358600616455078s
[INFO -- 2018-12-01 06:52:57]
event type: exit
[INFO -- 2018-12-01 06:52:57]
exit code: 0
