[INFO -- 2018-12-08 23:39:43]
Starting flip_value script
version: 1.1
[INFO -- 2018-12-08 23:39:43]
Initialization strings:
[INFO -- 2018-12-08 23:39:43]
(1) file /tmp/knapsack/sa
[INFO -- 2018-12-08 23:39:43]
initSignal:0
[INFO -- 2018-12-08 23:39:43]
endSignal:9
[INFO -- 2018-12-08 23:39:43]
faultModel:0
[INFO -- 2018-12-08 23:39:48]
Backtrace BEGIN:
#0  cost (solution=std::vector of length 200, capacity 200 = {...}) at knapsacksa.cpp:57
#1  0x000055555555534c in simulated_annealing () at knapsacksa.cpp:92
#2  0x0000555555555658 in main () at knapsacksa.cpp:146

52	    if(n != n2 || W != W2){
53	        exit_gracefully();
54	    }
55	
56	    int peso=0, peso2=0, valor=0, valor2=0;
57	    for(int i=0; i < n; i++){
58	        peso += solution[i] * wt[i];
59	        valor += solution[i] * val[i];
60	    }
61	    for(int i=0; i < n; i++){

Backtrace END
Memory content before bitflip:0x3b0x850xfd0x05
Fault Model: Single bit-flip
base address to flip value: 0x7fffffffd71c
address max offset: 4
Memory content after  bitflip:0x3b0x850xf90x05
frame name: simulated_annealing
symbol name: delta
symbol filename: knapsacksa.cpp
symbol line: 96
value: 100238651
value address: 0x7fffffffd71c
Type: The type is an integer type.
Type sizeof: 4

[INFO -- 2018-12-08 23:39:48]
Fault Injection Successful after 5.126147031784058s
[INFO -- 2018-12-08 23:39:52]
event type: exit
[INFO -- 2018-12-08 23:39:52]
exit code: 0
