[INFO -- 2018-11-30 04:50:53]
Starting flip_value script
version: 1.1
[INFO -- 2018-11-30 04:50:53]
Initialization strings:
[INFO -- 2018-11-30 04:50:53]
(1) file /tmp/knapsack/sa
[INFO -- 2018-11-30 04:50:53]
initSignal:0
[INFO -- 2018-11-30 04:50:53]
endSignal:7
[INFO -- 2018-11-30 04:50:53]
faultModel:1
[INFO -- 2018-11-30 04:50:54]
Backtrace BEGIN:
#0  cost (solution=std::vector of length 200, capacity 200 = {...}) at knapsacksa.cpp:27
#1  0x0000555555555259 in simulated_annealing () at knapsacksa.cpp:52
#2  0x0000555555555522 in main () at knapsacksa.cpp:85

22	   return static_cast <float> (rand()) / static_cast <float> (RAND_MAX);
23	}
24	
25	int cost(vector<int> &solution){
26	    int peso=0, valor=0;
27	    for(int i=0; i < n; i++){
28	       peso += solution[i] * wt[i];
29	       valor += solution[i] * val[i];
30	    }
31	    if(peso > W)

Backtrace END
Memory content before bitflip:0x310xfb0x080x00
Fault Model: Double bit-flip
base address to flip value: 0x55555575917c 
address max offset: 4
Memory content after  bitflip:0x310xfb0x2a0x00
frame name: cost
symbol name: W
symbol filename: knapsacksa.cpp
symbol line: 15
value: 2816817
value address: 0x55555575917c <W>
Type: The type is an integer type.
Type sizeof: 4

[INFO -- 2018-11-30 04:50:54]
Fault Injection Successful after 1.7267866134643555s
[INFO -- 2018-11-30 04:51:01]
event type: exit
[INFO -- 2018-11-30 04:51:01]
exit code: 0
