[INFO -- 2018-11-30 06:06:56]
Starting flip_value script
version: 1.1
[INFO -- 2018-11-30 06:06:56]
Initialization strings:
[INFO -- 2018-11-30 06:06:56]
(1) file /tmp/knapsack/sa
[INFO -- 2018-11-30 06:06:56]
initSignal:0
[INFO -- 2018-11-30 06:06:56]
endSignal:7
[INFO -- 2018-11-30 06:06:56]
faultModel:1
[INFO -- 2018-11-30 06:07:01]
Backtrace BEGIN:
#0  0x00005555555550ba in cost (solution=std::vector of length 200, capacity 200 = {...}) at knapsacksa.cpp:28
#1  0x0000555555555259 in simulated_annealing () at knapsacksa.cpp:52
#2  0x0000555555555532 in main () at knapsacksa.cpp:87

23	}
24	
25	int cost(vector<int> &solution){
26	    int peso=0, valor=0;
27	    for(int i=0; i < n; i++){
28	       peso += solution[i] * wt[i];
29	       valor += solution[i] * val[i];
30	    }
31	    if(peso > W)
32	       return 99999999;

Backtrace END
Memory content before bitflip:0x570x960x070x00
Fault Model: Double bit-flip
base address to flip value: 0x7fffffffd914
address max offset: 4
Memory content after  bitflip:0x570x8e0x070x00
frame name: cost
symbol name: peso
symbol filename: knapsacksa.cpp
symbol line: 26
value: 495191
value address: 0x7fffffffd914
Type: The type is an integer type.
Type sizeof: 4

[INFO -- 2018-11-30 06:07:01]
Fault Injection Successful after 5.225048780441284s
[INFO -- 2018-11-30 06:07:04]
event type: exit
[INFO -- 2018-11-30 06:07:04]
exit code: 0
