[INFO -- 2018-12-02 03:44:08]
Starting flip_value script
version: 1.1
[INFO -- 2018-12-02 03:44:08]
Initialization strings:
[INFO -- 2018-12-02 03:44:08]
(1) file /tmp/knapsack/ga
[INFO -- 2018-12-02 03:44:08]
initSignal:0
[INFO -- 2018-12-02 03:44:08]
endSignal:13
[INFO -- 2018-12-02 03:44:08]
faultModel:1
[INFO -- 2018-12-02 03:44:11]
Backtrace BEGIN:
#0  rand () at rand.c:27
#1  0x0000555555554fe3 in rand_bit () at knapsackga.cpp:20
#2  0x000055555555527f in crossover (pai=std::vector of length 200, capacity 200 = {...}, mae=std::vector of length 200, capacity 200 = {...}, filho1=std::vector of length 0, capacity 0, filho2=std::vector of length 0, capacity 0) at knapsackga.cpp:74
#3  0x00005555555555c7 in genetic_algorithm () at knapsackga.cpp:104
#4  0x0000555555555a9b in main () at knapsackga.cpp:141

22	rand.c: No such file or directory.

Backtrace END
Fliping a bit of the value pointed by a reference
Fliping value of field: std::_Vector_base<int, std::allocator<int> >
Fliping value of field: _M_impl
Fliping value of field: _M_finish
Fliping a bit of the value pointed by a pointer
Memory content before bitflip:0x300x030x000x00
Fault Model: Double bit-flip
base address to flip value: 0x555555780510
address max offset: 4
Memory content after  bitflip:0x300x120x000x00
frame name: crossover
symbol name: pai
symbol filename: knapsackga.cpp
symbol line: 71
value: std::vector of length 200, capacity 200 = {0, 1, 0, 0, 1, 1, 1, 0, 0, 0, 0, 0, 0, 1, 1, 1, 1, 0, 0, 1, 0, 0, 0, 0, 1, 0, 0, 1, 1, 0, 0, 0, 0, 1, 1, 0, 0, 1, 1, 1, 0, 0, 0, 0, 1, 0, 1, 0, 1, 0, 1, 1, 0, 0, 1, 1, 1, 0, 0, 1, 1, 0, 0, 0, 0, 0, 1, 0, 0, 0, 1, 1, 1, 1, 0, 1, 0, 0, 1, 1, 1, 0, 0, 1, 1, 0, 1, 0, 1, 0, 0, 1, 0, 0, 1, 0, 0, 0, 0, 0, 0, 0, 0, 1, 0, 1, 1, 0, 0, 0, 1, 0, 0, 1, 0, 1, 0, 0, 0, 1, 1, 0, 1, 0, 0, 0, 0, 1, 1, 1, 1, 0, 0, 0, 1, 0, 0, 0, 1, 0, 0, 0, 0, 0, 1, 0, 0, 0, 0, 1, 0, 0, 0, 0, 0, 0, 0, 1, 1, 1, 1, 0, 0, 0, 1, 0, 1, 0, 0, 1, 0, 0, 1, 0, 1, 0, 0, 0, 1, 0, 1, 0, 0, 1, 0, 0, 1, 1, 1, 0, 0, 0, 0, 0, 0, 0, 0, 0, 0, 1...}
value address: 0x7fffffffd970
Type: A reference type.
Type sizeof: 8

[INFO -- 2018-12-02 03:44:11]
Fault Injection Successful after 3.6412622928619385s
[INFO -- 2018-12-02 03:44:20]
event type: exit
[INFO -- 2018-12-02 03:44:20]
exit code: 0
