[INFO -- 2018-12-01 00:46:18]
Starting flip_value script
version: 1.1
[INFO -- 2018-12-01 00:46:18]
Initialization strings:
[INFO -- 2018-12-01 00:46:18]
(1) file /tmp/knapsack/mf
[INFO -- 2018-12-01 00:46:18]
initSignal:0
[INFO -- 2018-12-01 00:46:18]
endSignal:12
[INFO -- 2018-12-01 00:46:18]
faultModel:0
[INFO -- 2018-12-01 00:46:19]
Backtrace BEGIN:
#0  0x0000555555555a55 in std::vector<int, std::allocator<int> >::operator[] (this=0x55555576ebb0, __n=260899) at /usr/include/c++/7/bits/stl_vector.h:798
#1  0x00005555555550c5 in knapSack (W=588593, n=200, values=std::vector of length 200, capacity 256 = {...}, weights=std::vector of length 200, capacity 256 = {...}, V=std::vector of length 201, capacity 201 = {...}) at knapsackmf.cpp:28
#2  0x0000555555555494 in executeAlgorithm () at knapsackmf.cpp:75
#3  0x000055555555558a in main () at knapsackmf.cpp:81

793	       */
794	      reference
795	      operator[](size_type __n) _GLIBCXX_NOEXCEPT
796	      {
797		__glibcxx_requires_subscript(__n);
798		return *(this->_M_impl._M_start + __n);
799	      }
800	
801	      /**
802	       *  @brief  Subscript access to the data contained in the %vector.

Backtrace END
Memory content before bitflip:0x310xfb0x080x00
Fault Model: Single bit-flip
base address to flip value: 0x7fffffffd61c
address max offset: 4
Memory content after  bitflip:0x710xfb0x080x00
frame name: knapSack
symbol name: W
symbol filename: knapsackmf.cpp
symbol line: 16
value: 588657
value address: 0x7fffffffd61c
Type: The type is an integer type.
Type sizeof: 4

[INFO -- 2018-12-01 00:46:19]
Fault Injection Successful after 1.094531536102295s
[INFO -- 2018-12-01 00:46:28]
event type: exit
[INFO -- 2018-12-01 00:46:28]
exit code: 0
