[INFO -- 2018-12-09 00:43:16]
Starting flip_value script
version: 1.1
[INFO -- 2018-12-09 00:43:16]
Initialization strings:
[INFO -- 2018-12-09 00:43:16]
(1) file /tmp/knapsack/sa
[INFO -- 2018-12-09 00:43:16]
initSignal:0
[INFO -- 2018-12-09 00:43:16]
endSignal:9
[INFO -- 2018-12-09 00:43:16]
faultModel:2
[INFO -- 2018-12-09 00:43:18]
Backtrace BEGIN:
#0  0x0000555555556d81 in std::allocator_traits<std::allocator<int> >::allocate (__a=..., __n=200) at /usr/include/c++/7/bits/alloc_traits.h:436
#1  0x000055555555694e in std::_Vector_base<int, std::allocator<int> >::_M_allocate (this=0x7fffffffd740, __n=200) at /usr/include/c++/7/bits/stl_vector.h:172
#2  0x000055555555677f in std::_Vector_base<int, std::allocator<int> >::_M_create_storage (this=0x7fffffffd740, __n=200) at /usr/include/c++/7/bits/stl_vector.h:187
#3  0x0000555555555f13 in std::_Vector_base<int, std::allocator<int> >::_Vector_base (this=0x7fffffffd740, __n=200, __a=...) at /usr/include/c++/7/bits/stl_vector.h:138
#4  0x00005555555559b3 in std::vector<int, std::allocator<int> >::vector (this=0x7fffffffd740, __x=std::vector of length 200, capacity 200 = {...}) at /usr/include/c++/7/bits/stl_vector.h:328
#5  0x00005555555552f7 in simulated_annealing () at knapsacksa.cpp:89
#6  0x0000555555555658 in main () at knapsacksa.cpp:146

431	       *
432	       *  Calls @c a.allocate(n)
433	      */
434	      static pointer
435	      allocate(allocator_type& __a, size_type __n)
436	      { return __a.allocate(__n); }
437	
438	      /**
439	       *  @brief  Allocate memory.
440	       *  @param  __a  An allocator.

Backtrace END
Memory content before bitflip:0xc80x000x000x000x000x000x000x00
Fault Model: Random bit-flip
base address to flip value: 0x7fffffffd660
address max offset: 8
Memory content after  bitflip:0xd30xb20x890x2b0x980xd70xe10xf0
frame name: std::_Vector_base<int, std::allocator<int> >::_Vector_base
symbol name: __n
symbol filename: /usr/include/c++/7/bits/stl_vector.h
symbol line: 136
value: 17357391487428047571
value address: 0x7fffffffd660
Type: The type is an integer type.
Type sizeof: 8

[INFO -- 2018-12-09 00:43:18]
Fault Injection Successful after 2.8261404037475586s
[INFO -- 2018-12-09 00:43:26]
event type: exit
[INFO -- 2018-12-09 00:43:26]
exit code: 0
