[INFO -- 2018-12-01 09:52:20]
Starting flip_value script
version: 1.1
[INFO -- 2018-12-01 09:52:20]
Initialization strings:
[INFO -- 2018-12-01 09:52:20]
(1) file /tmp/knapsack/mf
[INFO -- 2018-12-01 09:52:20]
initSignal:0
[INFO -- 2018-12-01 09:52:20]
endSignal:12
[INFO -- 2018-12-01 09:52:20]
faultModel:2
[EXCEPTION -- 2018-12-01 09:52:21]
pythonException: Unable to exit loop in struct fields; Exiting wihtout making a bit flip
[INFO -- 2018-12-01 09:52:21]
Backtrace BEGIN:
#0  knapSack (W=588593, n=200, values=std::vector of length 200, capacity 256 = {...}, weights=std::vector of length 200, capacity 256 = {...}, V=std::vector of length 201, capacity 201 = {...}) at knapsackmf.cpp:24
#1  0x0000555555555494 in executeAlgorithm () at knapsackmf.cpp:75
#2  0x000055555555558a in main () at knapsackmf.cpp:81

19	
20	    for (int i = 0; i <= n; i++)
21	        V[i] = vector<int>(W + 1);
22	
23	    for (int i = 0; i <= n; i++) {
24	        for (int w = 0; w <= W; w++) {
25	            if (i == 0 || w == 0) {
26	                V[i][w] = 0;
27	            } else {
28	                V[i][w] = -1;

Backtrace END
Memory content before bitflip:0x6c0xf00x000x00
Fault Model: Random bit-flip
base address to flip value: 0x7fffffffd62c
address max offset: 4
Memory content after  bitflip:0xe20xce0x530x76
frame name: knapSack
symbol name: w
symbol filename: knapsackmf.cpp
symbol line: 24
value: 1985203938
value address: 0x7fffffffd62c
Type: The type is an integer type.
Type sizeof: 4

[INFO -- 2018-12-01 09:52:21]
Fault Injection Successful after 1.5445127487182617s
[INFO -- 2018-12-01 09:52:29]
event type: exit
[INFO -- 2018-12-01 09:52:29]
exit code: 0
