[INFO -- 2018-12-08 19:29:25]
Starting flip_value script
version: 1.1
[INFO -- 2018-12-08 19:29:25]
Initialization strings:
[INFO -- 2018-12-08 19:29:25]
(1) file /tmp/knapsack/ga
[INFO -- 2018-12-08 19:29:25]
initSignal:1
[INFO -- 2018-12-08 19:29:25]
endSignal:8
[INFO -- 2018-12-08 19:29:25]
faultModel:4
[EXCEPTION -- 2018-12-08 19:29:30]
pythonException: empty range for randrange() (0,0, 0)
[EXCEPTION -- 2018-12-08 19:29:30]
gdbException: Cannot access memory at address 0x1000555555786220
[EXCEPTION -- 2018-12-08 19:29:31]
pythonException: Unable to exit loop in struct fields; Exiting wihtout making a bit flip
[INFO -- 2018-12-08 19:29:31]
event type: exit
[EXCEPTION -- 2018-12-08 19:29:31]
exit code: no exit code available
