[INFO -- 2018-12-08 19:39:30]
Starting flip_value script
version: 1.1
[INFO -- 2018-12-08 19:39:30]
Initialization strings:
[INFO -- 2018-12-08 19:39:30]
(1) file /tmp/knapsack/ga
[INFO -- 2018-12-08 19:39:30]
initSignal:1
[INFO -- 2018-12-08 19:39:30]
endSignal:8
[INFO -- 2018-12-08 19:39:30]
faultModel:3
[INFO -- 2018-12-08 19:39:33]
Backtrace BEGIN:
#0  0x0000555555559874 in std::__niter_base<int const*, std::vector<int, std::allocator<int> > > (__it=1433956064) at /usr/include/c++/7/bits/stl_iterator.h:983
#1  0x000055555555ab6e in std::__copy_move_a2<false, __gnu_cxx::__normal_iterator<int const*, std::vector<int, std::allocator<int> > >, int*> (__first=0, __last=0, __result=0x555555786880) at /usr/include/c++/7/bits/stl_algobase.h:422
#2  0x000055555555a2c0 in std::copy<__gnu_cxx::__normal_iterator<int const*, std::vector<int, std::allocator<int> > >, int*> (__first=0, __last=0, __result=0x555555786880) at /usr/include/c++/7/bits/stl_algobase.h:456
#3  0x0000555555559778 in std::__uninitialized_copy<true>::__uninit_copy<__gnu_cxx::__normal_iterator<int const*, std::vector<int, std::allocator<int> > >, int*> (__first=0, __last=0, __result=0x555555786880) at /usr/include/c++/7/bits/stl_uninitialized.h:101
#4  0x00005555555586a8 in std::uninitialized_copy<__gnu_cxx::__normal_iterator<int const*, std::vector<int, std::allocator<int> > >, int*> (__first=0, __last=0, __result=0x555555786880) at /usr/include/c++/7/bits/stl_uninitialized.h:134
#5  0x0000555555557257 in std::__uninitialized_copy_a<__gnu_cxx::__normal_iterator<int const*, std::vector<int, std::allocator<int> > >, int*, int> (__first=0, __last=0, __result=0x555555786880) at /usr/include/c++/7/bits/stl_uninitialized.h:289
#6  0x00005555555561bb in std::vector<int, std::allocator<int> >::vector (this=0x555555776420, __x=std::vector of length 200, capacity 256 = {...}) at /usr/include/c++/7/bits/stl_vector.h:331
#7  0x0000555555558123 in chromossome::chromossome (this=0x555555776420) at knapsackga.cpp:63
#8  0x0000555555558180 in __gnu_cxx::new_allocator<chromossome>::construct<chromossome, chromossome const&> (this=0x7fffffffd820, __p=0x555555776420, __args#0=...) at /usr/include/c++/7/ext/new_allocator.h:136
#9  0x0000555555556d7a in std::allocator_traits<std::allocator<chromossome> >::construct<chromossome, chromossome const&> (__a=..., __p=0x555555776420, __args#0=...) at /usr/include/c++/7/bits/alloc_traits.h:475
#10 0x0000555555556e3a in std::vector<chromossome, std::allocator<chromossome> >::_M_realloc_insert<chromossome const&> (this=0x7fffffffd820, __position=non-dereferenceable iterator for std::vector, __args#0=...) at /usr/include/c++/7/bits/vector.tcc:415
#11 0x0000555555556012 in std::vector<chromossome, std::allocator<chromossome> >::push_back (this=0x7fffffffd820, __x=...) at /usr/include/c++/7/bits/stl_vector.h:948
#12 0x0000555555555230 in tournament (pop=std::vector of length 40, capacity 64 = {...}) at knapsackga.cpp:84
#13 0x0000555555555691 in genetic_algorithm () at knapsackga.cpp:129
#14 0x0000555555555b6c in main () at knapsackga.cpp:165

978	{
979	_GLIBCXX_BEGIN_NAMESPACE_VERSION
980	
981	  template<typename _Iterator, typename _Container>
982	    _Iterator
983	    __niter_base(__gnu_cxx::__normal_iterator<_Iterator, _Container> __it)
984	    { return __it.base(); }
985	
986	_GLIBCXX_END_NAMESPACE_VERSION
987	} // namespace

Backtrace END
Memory content before bitflip:0x310xfb0x080x00
Fault Model: Zero bit-flip
base address to flip value: 0x55555575f0b4 
address max offset: 4
Memory content after  bitflip:0x000x000x000x00
frame name: std::__uninitialized_copy<true>::__uninit_copy<__gnu_cxx::__normal_iterator<int const*, std::vector<int, std::allocator<int> > >, int*>
symbol name: W2
symbol filename: knapsackga.cpp
symbol line: 18
value: 0
value address: 0x55555575f0b4 <W2>
Type: The type is an integer type.
Type sizeof: 4

[INFO -- 2018-12-08 19:39:33]
Fault Injection Successful after 3.7996325492858887s
[INFO -- 2018-12-08 19:39:33]
event type: exit
[INFO -- 2018-12-08 19:39:33]
exit code: 0
