[INFO -- 2018-12-08 15:23:10]
Starting flip_value script
version: 1.1
[INFO -- 2018-12-08 15:23:10]
Initialization strings:
[INFO -- 2018-12-08 15:23:10]
(1) file /tmp/knapsack/ga
[INFO -- 2018-12-08 15:23:10]
initSignal:1
[INFO -- 2018-12-08 15:23:10]
endSignal:8
[INFO -- 2018-12-08 15:23:10]
faultModel:0
[INFO -- 2018-12-08 15:23:12]
Backtrace BEGIN:
#0  0x0000555555555e77 in std::vector<int, std::allocator<int> >::operator[] (this=0x7fffffffd820, __n=110) at /usr/include/c++/7/bits/stl_vector.h:795
#1  0x00005555555553a8 in crossover (pai=std::vector of length 200, capacity 200 = {...}, mae=std::vector of length 200, capacity 200 = {...}, filho1=std::vector of length 200, capacity 200 = {...}, filho2=std::vector of length 200, capacity 200 = {...}) at knapsackga.cpp:100
#2  0x00005555555556d7 in genetic_algorithm () at knapsackga.cpp:130
#3  0x0000555555555b6c in main () at knapsackga.cpp:165

790	       *  Note that data access with this operator is unchecked and
791	       *  out_of_range lookups are not defined. (For checked lookups
792	       *  see at().)
793	       */
794	      reference
795	      operator[](size_type __n) _GLIBCXX_NOEXCEPT
796	      {
797		__glibcxx_requires_subscript(__n);
798		return *(this->_M_impl._M_start + __n);
799	      }

Backtrace END
Fliping value of field: std::_Vector_base<int, std::allocator<int> >
Fliping value of field: _M_impl
Fliping value of field: _M_end_of_storage
Fliping a bit of the value pointed by a pointer
Memory content before bitflip:0x300x030x000x00
Fault Model: Single bit-flip
base address to flip value: 0x555555786210
address max offset: 4
Memory content after  bitflip:0x300x030x800x00
frame name: genetic_algorithm
symbol name: mae
symbol filename: knapsackga.cpp
symbol line: 127
value: std::vector of length 200, capacity 200 = {0, 1, 0, 0, 1, 1, 1, 0, 0, 0, 0, 0, 0, 0, 1, 1, 1, 0, 0, 0, 0, 0, 0, 1, 1, 0, 1, 1, 1, 0, 0, 0, 0, 1, 0, 0, 0, 1, 1, 1, 0, 0, 0, 0, 1, 0, 1, 0, 1, 0, 0, 1, 1, 0, 1, 1, 1, 0, 0, 1, 1, 1, 1, 0, 0, 0, 1, 0, 0, 0, 1, 0, 0, 0, 1, 1, 0, 0, 1, 1, 1, 0, 0, 1, 1, 0, 1, 0, 1, 0, 0, 1, 0, 0, 1, 0, 0, 0, 0, 0, 1, 1, 0, 1, 0, 1, 0, 1, 0, 0, 0, 0, 1, 1, 0, 1, 0, 0, 0, 1, 1, 0, 1, 1, 0, 0, 1, 0, 1, 1, 1, 1, 0, 0, 1, 0, 0, 1, 1, 0, 0, 1, 1, 0, 0, 0, 1, 0, 0, 1, 0, 0, 1, 1, 0, 0, 0, 1, 0, 1, 1, 0, 0, 0, 1, 0, 0, 0, 1, 0, 1, 0, 1, 0, 0, 0, 0, 0, 0, 0, 1, 0, 0, 1, 1, 0, 1, 1, 1, 0, 0, 0, 0, 0, 0, 0, 0, 0, 0, 1...}
value address: 0x7fffffffd8e0
Type: The type is a structure.
Type sizeof: 24
Field name: std::_Vector_base<int, std::allocator<int> >
Field Type: The type is a structure.
Field Type sizeof: 24

[INFO -- 2018-12-08 15:23:12]
Fault Injection Successful after 2.239581346511841s
[INFO -- 2018-12-08 15:23:19]
event type: exit
[INFO -- 2018-12-08 15:23:19]
exit code: 0
