[INFO -- 2018-11-30 06:13:44]
Starting flip_value script
version: 1.1
[INFO -- 2018-11-30 06:13:44]
Initialization strings:
[INFO -- 2018-11-30 06:13:44]
(1) file /tmp/knapsack/sa
[INFO -- 2018-11-30 06:13:44]
initSignal:0
[INFO -- 2018-11-30 06:13:44]
endSignal:7
[INFO -- 2018-11-30 06:13:44]
faultModel:2
[EXCEPTION -- 2018-11-30 06:13:45]
pythonException: Unable to exit loop in struct fields; Exiting wihtout making a bit flip
[INFO -- 2018-11-30 06:13:45]
Backtrace BEGIN:
#0  0x00005555555550dd in cost (solution=std::vector of length 200, capacity 200 = {...}) at knapsacksa.cpp:28
#1  0x0000555555555259 in simulated_annealing () at knapsacksa.cpp:52
#2  0x0000555555555522 in main () at knapsacksa.cpp:85

23	}
24	
25	int cost(vector<int> &solution){
26	    int peso=0, valor=0;
27	    for(int i=0; i < n; i++){
28	       peso += solution[i] * wt[i];
29	       valor += solution[i] * val[i];
30	    }
31	    if(peso > W)
32	       return 99999999;

Backtrace END
Memory content before bitflip:0x310xfb0x080x00
Fault Model: Random bit-flip
base address to flip value: 0x55555575917c 
address max offset: 4
Memory content after  bitflip:0xc60xd90x930x0e
frame name: main
symbol name: W
symbol filename: knapsacksa.cpp
symbol line: 15
value: 244570566
value address: 0x55555575917c <W>
Type: The type is an integer type.
Type sizeof: 4

[INFO -- 2018-11-30 06:13:45]
Fault Injection Successful after 1.5968172550201416s
[INFO -- 2018-11-30 06:13:52]
event type: exit
[INFO -- 2018-11-30 06:13:52]
exit code: 0
