[INFO -- 2018-12-08 23:12:10]
Starting flip_value script
version: 1.1
[INFO -- 2018-12-08 23:12:10]
Initialization strings:
[INFO -- 2018-12-08 23:12:10]
(1) file /tmp/knapsack/ga
[INFO -- 2018-12-08 23:12:10]
initSignal:1
[INFO -- 2018-12-08 23:12:10]
endSignal:8
[INFO -- 2018-12-08 23:12:10]
faultModel:0
[INFO -- 2018-12-08 23:12:13]
Backtrace BEGIN:
#0  __memmove_sse2_unaligned_erms () at ../sysdeps/x86_64/multiarch/memmove-vec-unaligned-erms.S:526
#1  0x000055555555a3ba in std::__copy_move<false, true, std::random_access_iterator_tag>::__copy_m<int> (__first=0x555555786220, __last=0x555555786540, __result=0x555555786bb0) at /usr/include/c++/7/bits/stl_algobase.h:368
#2  0x00005555555598dc in std::__copy_move_a<false, int const*, int*> (__first=0x555555786220, __last=0x555555786540, __result=0x555555786bb0) at /usr/include/c++/7/bits/stl_algobase.h:386
#3  0x000055555555ab8b in std::__copy_move_a2<false, __gnu_cxx::__normal_iterator<int const*, std::vector<int, std::allocator<int> > >, int*> (__first=0, __last=816, __result=0x555555786bb0) at /usr/include/c++/7/bits/stl_algobase.h:424
#4  0x000055555555a2c0 in std::copy<__gnu_cxx::__normal_iterator<int const*, std::vector<int, std::allocator<int> > >, int*> (__first=0, __last=816, __result=0x555555786bb0) at /usr/include/c++/7/bits/stl_algobase.h:456
#5  0x0000555555559778 in std::__uninitialized_copy<true>::__uninit_copy<__gnu_cxx::__normal_iterator<int const*, std::vector<int, std::allocator<int> > >, int*> (__first=0, __last=816, __result=0x555555786bb0) at /usr/include/c++/7/bits/stl_uninitialized.h:101
#6  0x00005555555586a8 in std::uninitialized_copy<__gnu_cxx::__normal_iterator<int const*, std::vector<int, std::allocator<int> > >, int*> (__first=0, __last=816, __result=0x555555786bb0) at /usr/include/c++/7/bits/stl_uninitialized.h:134
#7  0x0000555555557257 in std::__uninitialized_copy_a<__gnu_cxx::__normal_iterator<int const*, std::vector<int, std::allocator<int> > >, int*, int> (__first=0, __last=816, __result=0x555555786bb0) at /usr/include/c++/7/bits/stl_uninitialized.h:289
#8  0x000055555555743f in std::vector<int, std::allocator<int> >::_M_allocate_and_copy<__gnu_cxx::__normal_iterator<int const*, std::vector<int, std::allocator<int> > > > (this=0x7fffffffd920, __n=200, __first=0, __last=816) at /usr/include/c++/7/bits/stl_vector.h:1263
#9  0x0000555555556465 in std::vector<int, std::allocator<int> >::operator= (this=0x7fffffffd920, __x=std::vector of length 200, capacity 200 = {...}) at /usr/include/c++/7/bits/vector.tcc:206
#10 0x0000555555555381 in crossover (pai=std::vector of length 200, capacity 200 = {...}, mae=std::vector of length 200, capacity 200 = {...}, filho1=std::vector of length 200, capacity 200 = {...}, filho2=std::vector of length 0, capacity 0) at knapsackga.cpp:98
#11 0x00005555555556d7 in genetic_algorithm () at knapsackga.cpp:130
#12 0x0000555555555b6c in main () at knapsackga.cpp:165

521	../sysdeps/x86_64/multiarch/memmove-vec-unaligned-erms.S: No such file or directory.

Backtrace END
Fliping value of field: std::_Vector_base<int, std::allocator<int> >
Fliping value of field: _M_impl
Fliping value of field: _M_finish
Fliping a bit of the pointer
Memory content before bitflip:0xa00x6b0x780x550x550x550x000x00
Fault Model: Single bit-flip
base address to flip value: 0x7fffffffd8c8
address max offset: 8
Memory content after  bitflip:0xa00x6b0xf80x550x550x550x000x00
frame name: genetic_algorithm
symbol name: pai
symbol filename: knapsackga.cpp
symbol line: 127
value: std::vector of length 2097352, capacity 200 = {0, 1, 0, 0, 1, 1, 0, 0, 0, 0, 0, 0, 0, 1, 1, 1, 1, 0, 0, 0, 0, 0, 0, 0, 1, 0, 0, 1, 1, 0, 0, 0, 0, 1, 1, 0, 0, 1, 1, 1, 0, 0, 0, 0, 1, 0, 1, 0, 1, 0, 1, 1, 1, 0, 1, 1, 1, 0, 0, 1, 1, 0, 1, 0, 0, 0, 1, 0, 1, 0, 0, 0, 0, 0, 0, 1, 0, 0, 0, 1, 1, 0, 0, 1, 1, 0, 1, 0, 1, 0, 0, 1, 0, 0, 1, 0, 0, 0, 0, 0, 0, 1, 0, 1, 0, 1, 1, 1, 0, 0, 1, 0, 0, 1, 0, 1, 0, 0, 1, 1, 1, 0, 1, 0, 0, 0, 1, 0, 1, 1, 1, 1, 0, 0, 1, 0, 0, 0, 1, 0, 0, 0, 1, 0, 1, 0, 0, 0, 0, 1, 0, 0, 0, 1, 0, 0, 0, 1, 1, 1, 1, 0, 0, 0, 1, 0, 0, 0, 1, 1, 0, 0, 1, 0, 1, 0, 0, 0, 0, 0, 1, 0, 0, 1, 1, 0, 1, 1, 1, 0, 0, 0, 0, 0, 0, 0, 0, 0, 0, 1...}
value address: 0x7fffffffd8c0
Type: The type is a structure.
Type sizeof: 24
Field name: std::_Vector_base<int, std::allocator<int> >
Field Type: The type is a structure.
Field Type sizeof: 24

[INFO -- 2018-12-08 23:12:13]
Fault Injection Successful after 3.611518144607544s
[INFO -- 2018-12-08 23:12:18]
event type: exit
[INFO -- 2018-12-08 23:12:18]
exit code: 0
