[INFO -- 2018-12-01 06:56:43]
Starting flip_value script
version: 1.1
[INFO -- 2018-12-01 06:56:43]
Initialization strings:
[INFO -- 2018-12-01 06:56:43]
(1) file /tmp/knapsack/mf
[INFO -- 2018-12-01 06:56:43]
initSignal:0
[INFO -- 2018-12-01 06:56:43]
endSignal:12
[INFO -- 2018-12-01 06:56:43]
faultModel:0
[EXCEPTION -- 2018-12-01 06:56:46]
pythonException: empty range for randrange() (0,0, 0)
[EXCEPTION -- 2018-12-01 06:56:46]
pythonException: Unable to exit loop in struct fields; Exiting wihtout making a bit flip
[EXCEPTION -- 2018-12-01 06:56:48]
pythonException: Unable to exit loop in struct fields; Exiting wihtout making a bit flip
[INFO -- 2018-12-01 06:56:48]
event type: exit
[EXCEPTION -- 2018-12-01 06:56:48]
exit code: no exit code available
