[INFO -- 2018-11-30 08:14:42]
Starting flip_value script
version: 1.1
[INFO -- 2018-11-30 08:14:42]
Initialization strings:
[INFO -- 2018-11-30 08:14:42]
(1) file /tmp/knapsack/sa
[INFO -- 2018-11-30 08:14:42]
initSignal:0
[INFO -- 2018-11-30 08:14:42]
endSignal:7
[INFO -- 2018-11-30 08:14:42]
faultModel:1
[INFO -- 2018-11-30 08:14:45]
Backtrace BEGIN:
#0  std::__copy_move<false, true, std::random_access_iterator_tag>::__copy_m<int> (__first=0x55555576e2e0, __last=0x55555576e600, __result=0x55555576e610) at /usr/include/c++/7/bits/stl_algobase.h:367
#1  0x0000555555556d40 in std::__copy_move_a<false, int const*, int*> (__first=0x55555576e2e0, __last=0x55555576e600, __result=0x55555576e610) at /usr/include/c++/7/bits/stl_algobase.h:386
#2  0x00005555555570d4 in std::__copy_move_a2<false, __gnu_cxx::__normal_iterator<int const*, std::vector<int, std::allocator<int> > >, int*> (__first=1, __last=540619057, __result=0x55555576e610) at /usr/include/c++/7/bits/stl_algobase.h:424
#3  0x0000555555556f2b in std::copy<__gnu_cxx::__normal_iterator<int const*, std::vector<int, std::allocator<int> > >, int*> (__first=1, __last=540619057, __result=0x55555576e610) at /usr/include/c++/7/bits/stl_algobase.h:456
#4  0x0000555555556c88 in std::__uninitialized_copy<true>::__uninit_copy<__gnu_cxx::__normal_iterator<int const*, std::vector<int, std::allocator<int> > >, int*> (__first=1, __last=540619057, __result=0x55555576e610) at /usr/include/c++/7/bits/stl_uninitialized.h:101
#5  0x0000555555556828 in std::uninitialized_copy<__gnu_cxx::__normal_iterator<int const*, std::vector<int, std::allocator<int> > >, int*> (__first=1, __last=540619057, __result=0x55555576e610) at /usr/include/c++/7/bits/stl_uninitialized.h:134
#6  0x0000555555556071 in std::__uninitialized_copy_a<__gnu_cxx::__normal_iterator<int const*, std::vector<int, std::allocator<int> > >, int*, int> (__first=1, __last=540619057, __result=0x55555576e610) at /usr/include/c++/7/bits/stl_uninitialized.h:289
#7  0x0000555555555943 in std::vector<int, std::allocator<int> >::vector (this=0x7fffffffd990, __x=std::vector of length 200, capacity 200 = {...}) at /usr/include/c++/7/bits/stl_vector.h:331
#8  0x0000555555555204 in simulated_annealing () at knapsacksa.cpp:49
#9  0x0000555555555522 in main () at knapsacksa.cpp:85

362						   is_copy_assignable<_Tp>>;
363		  // trivial types can have deleted assignment
364		  static_assert( __assignable::type::value, "type is not assignable" );
365	#endif
366		  const ptrdiff_t _Num = __last - __first;
367		  if (_Num)
368		    __builtin_memmove(__result, __first, sizeof(_Tp) * _Num);
369		  return __result + _Num;
370		}
371	    };

Backtrace END
Fliping a bit of the pointer
Memory content before bitflip:0x100xe60x760x550x550x550x000x00
Fault Model: Double bit-flip
base address to flip value: 0x7fffffffd758
address max offset: 8
Memory content after  bitflip:0x100xc20x760x550x550x550x000x00
frame name: std::__copy_move<false, true, std::random_access_iterator_tag>::__copy_m<int>
symbol name: __result
symbol filename: /usr/include/c++/7/bits/stl_algobase.h
symbol line: 357
value: 0x55555576e610
value address: 0x7fffffffd758
Type: The type is a pointer.
Type sizeof: 8

[INFO -- 2018-11-30 08:14:45]
Fault Injection Successful after 3.475372314453125s
[INFO -- 2018-11-30 08:14:50]
event type: exit
[INFO -- 2018-11-30 08:14:50]
exit code: 0
