[INFO -- 2018-12-01 10:17:53]
Starting flip_value script
version: 1.1
[INFO -- 2018-12-01 10:17:53]
Initialization strings:
[INFO -- 2018-12-01 10:17:53]
(1) file /tmp/knapsack/mf
[INFO -- 2018-12-01 10:17:53]
initSignal:0
[INFO -- 2018-12-01 10:17:53]
endSignal:12
[INFO -- 2018-12-01 10:17:53]
faultModel:2
[EXCEPTION -- 2018-12-01 10:17:59]
gdbException: Cannot access memory at address 0x83db47decabe2085
[EXCEPTION -- 2018-12-01 10:17:59]
gdbException: Cannot access memory at address 0x2e5184845221dea9
[EXCEPTION -- 2018-12-01 10:18:00]
gdbException: Cannot access memory at address 0x2671905f2ab565aa
[INFO -- 2018-12-01 10:18:00]
event type: exit
[EXCEPTION -- 2018-12-01 10:18:00]
exit code: no exit code available
