[INFO -- 2018-11-30 05:28:44]
Starting flip_value script
version: 1.1
[INFO -- 2018-11-30 05:28:44]
Initialization strings:
[INFO -- 2018-11-30 05:28:44]
(1) file /tmp/knapsack/sa
[INFO -- 2018-11-30 05:28:44]
initSignal:0
[INFO -- 2018-11-30 05:28:44]
endSignal:7
[INFO -- 2018-11-30 05:28:44]
faultModel:3
[INFO -- 2018-11-30 05:28:49]
Backtrace BEGIN:
#0  __expf_finite () at ../sysdeps/x86_64/fpu/e_expf.S:93
#1  0x00007ffff770738f in __GI___expf (x=-0.0266511925) at ../sysdeps/ieee754/flt-32/w_expf_compat.c:26
#2  0x0000555555555771 in std::exp (__x=-0.0266511925) at /usr/include/c++/7/cmath:223
#3  0x00005555555552ab in simulated_annealing () at knapsacksa.cpp:58
#4  0x0000555555555532 in main () at knapsacksa.cpp:87

88	../sysdeps/x86_64/fpu/e_expf.S: No such file or directory.

Backtrace END
Memory content before bitflip:0xe00x910x0b0x00
Fault Model: Zero bit-flip
base address to flip value: 0x7fffffffd960
address max offset: 4
Memory content after  bitflip:0x000x000x000x00
frame name: simulated_annealing
symbol name: temp
symbol filename: knapsacksa.cpp
symbol line: 44
value: 0
value address: 0x7fffffffd960
Type: The type is an integer type.
Type sizeof: 4

[INFO -- 2018-11-30 05:28:49]
Fault Injection Successful after 5.1397130489349365s
[INFO -- 2018-11-30 05:28:52]
event type: exit
[INFO -- 2018-11-30 05:28:52]
exit code: 0
