[INFO -- 2018-12-08 18:01:22]
Starting flip_value script
version: 1.1
[INFO -- 2018-12-08 18:01:22]
Initialization strings:
[INFO -- 2018-12-08 18:01:22]
(1) file /tmp/knapsack/sa
[INFO -- 2018-12-08 18:01:22]
initSignal:0
[INFO -- 2018-12-08 18:01:22]
endSignal:9
[INFO -- 2018-12-08 18:01:22]
faultModel:4
[INFO -- 2018-12-08 18:01:26]
Backtrace BEGIN:
#0  std::vector<int, std::allocator<int> >::operator[] (this=0x7fffffffd740, __n=102) at /usr/include/c++/7/bits/stl_vector.h:799
#1  0x0000555555555116 in cost (solution=std::vector of length 200, capacity 200 = {...}) at knapsacksa.cpp:58
#2  0x000055555555534c in simulated_annealing () at knapsacksa.cpp:92
#3  0x0000555555555658 in main () at knapsacksa.cpp:146

794	      reference
795	      operator[](size_type __n) _GLIBCXX_NOEXCEPT
796	      {
797		__glibcxx_requires_subscript(__n);
798		return *(this->_M_impl._M_start + __n);
799	      }
800	
801	      /**
802	       *  @brief  Subscript access to the data contained in the %vector.
803	       *  @param __n The index of the element for which data should be

Backtrace END
Memory content before bitflip:0xe50x610xf80xff
Fault Model: LSB bit-flip
base address to flip value: 0x7fffffffd700
address max offset: 4
Memory content after  bitflip:0xe50x610xf80xfb
frame name: simulated_annealing
symbol name: best2
symbol filename: knapsacksa.cpp
symbol line: 82
value: -67608091
value address: 0x7fffffffd700
Type: The type is an integer type.
Type sizeof: 4

[INFO -- 2018-12-08 18:01:26]
Fault Injection Successful after 4.141778469085693s
[INFO -- 2018-12-08 18:01:26]
event type: exit
[INFO -- 2018-12-08 18:01:26]
exit code: 0
