[INFO -- 2018-09-23 20:26:04]
Starting flip_value script
version: 1.1
[INFO -- 2018-09-23 20:26:04]
Initialization strings:
[INFO -- 2018-09-23 20:26:04]
(1) file /tmp/knapsack/sa
[INFO -- 2018-09-23 20:26:04]
initSignal:0
[INFO -- 2018-09-23 20:26:04]
endSignal:2
[INFO -- 2018-09-23 20:26:04]
faultModel:0
[INFO -- 2018-09-23 20:26:04]
Backtrace BEGIN:
#0  0x0000555555554fca in cost (solution=std::vector of length 200, capacity 200 = {...}) at knapsacksa.cpp:29
#1  0x000055555555511f in simulated_annealing () at knapsacksa.cpp:50
#2  0x000055555555535e in main () at knapsacksa.cpp:84

24	
25	int cost(vector<int> &solution){
26	    int peso=0, valor=0;
27	    for(int i=0; i < n; i++){
28	       peso += solution[i] * wt[i];
29	       valor += solution[i] * val[i];
30	    }
31	    if(peso > W)
32	       return 99999999;
33	    else

Backtrace END
Memory content before bitflip:0x310x000x000x00
Fault Model: Single bit-flip
base address to flip value: 0x7fffffffd9d8
address max offset: 4
Memory content after  bitflip:0x310x000x000x20
frame name: simulated_annealing
symbol name: i
symbol filename: knapsacksa.cpp
symbol line: 48
value: 536870961
value address: 0x7fffffffd9d8
Type: The type is an integer type.
Type sizeof: 4

[INFO -- 2018-09-23 20:26:04]
Fault Injection Successful after 0.6659731864929199s
[INFO -- 2018-09-23 20:26:06]
event type: exit
[INFO -- 2018-09-23 20:26:06]
exit code: 0
