[INFO -- 2018-12-01 01:39:50]
Starting flip_value script
version: 1.1
[INFO -- 2018-12-01 01:39:50]
Initialization strings:
[INFO -- 2018-12-01 01:39:50]
(1) file /tmp/knapsack/ga
[INFO -- 2018-12-01 01:39:50]
initSignal:0
[INFO -- 2018-12-01 01:39:50]
endSignal:13
[INFO -- 2018-12-01 01:39:50]
faultModel:4
[INFO -- 2018-12-01 01:39:55]
Backtrace BEGIN:
#0  0x0000555555555085 in cost (solution=std::vector of length 200, capacity 200 = {...}) at knapsackga.cpp:27
#1  0x000055555555578e in genetic_algorithm () at knapsackga.cpp:112
#2  0x0000555555555a9b in main () at knapsackga.cpp:141

22	
23	int cost(vector<int> &solution){
24	    int peso=0, valor=0;
25	    for(int i=0; i < n; i++){
26	        peso += solution[i] * wt[i];
27	        valor += solution[i] * val[i];
28	    }
29	
30	    if(peso > W){
31	        return 99999999;

Backtrace END
Memory content before bitflip:0x910x9f0x050x00
Fault Model: LSB bit-flip
base address to flip value: 0x7fffffffd814
address max offset: 4
Memory content after  bitflip:0x910x9f0x050x40
frame name: cost
symbol name: peso
symbol filename: knapsackga.cpp
symbol line: 24
value: 1074110353
value address: 0x7fffffffd814
Type: The type is an integer type.
Type sizeof: 4

[INFO -- 2018-12-01 01:39:55]
Fault Injection Successful after 5.005943536758423s
[INFO -- 2018-12-01 01:40:02]
event type: exit
[INFO -- 2018-12-01 01:40:02]
exit code: 0
