[INFO -- 2018-12-01 11:46:11]
Starting flip_value script
version: 1.1
[INFO -- 2018-12-01 11:46:11]
Initialization strings:
[INFO -- 2018-12-01 11:46:11]
(1) file /tmp/knapsack/mf
[INFO -- 2018-12-01 11:46:11]
initSignal:0
[INFO -- 2018-12-01 11:46:11]
endSignal:12
[INFO -- 2018-12-01 11:46:11]
faultModel:3
[EXCEPTION -- 2018-12-01 11:46:12]
pythonException: Unable to exit loop in struct fields; Exiting wihtout making a bit flip
[EXCEPTION -- 2018-12-01 11:46:12]
pythonException: empty range for randrange() (0,0, 0)
[INFO -- 2018-12-01 11:46:13]
Backtrace BEGIN:
#0  knapSack (W=588593, n=200, values=std::vector of length 200, capacity 256 = {...}, weights=std::vector of length 200, capacity 256 = {...}, V=std::vector of length 201, capacity 201 = {...}) at knapsackmf.cpp:24
#1  0x0000555555555494 in executeAlgorithm () at knapsackmf.cpp:75
#2  0x000055555555558a in main () at knapsackmf.cpp:81

19	
20	    for (int i = 0; i <= n; i++)
21	        V[i] = vector<int>(W + 1);
22	
23	    for (int i = 0; i <= n; i++) {
24	        for (int w = 0; w <= W; w++) {
25	            if (i == 0 || w == 0) {
26	                V[i][w] = 0;
27	            } else {
28	                V[i][w] = -1;

Backtrace END
Memory content before bitflip:0xc10x000x000x00
Fault Model: Zero bit-flip
base address to flip value: 0x7fffffffd628
address max offset: 4
Memory content after  bitflip:0x000x000x000x00
frame name: knapSack
symbol name: i
symbol filename: knapsackmf.cpp
symbol line: 23
value: 0
value address: 0x7fffffffd628
Type: The type is an integer type.
Type sizeof: 4

[INFO -- 2018-12-01 11:46:13]
Fault Injection Successful after 2.0221970081329346s
[INFO -- 2018-12-01 11:46:22]
event type: exit
[INFO -- 2018-12-01 11:46:22]
exit code: 0
