[INFO -- 2018-12-08 12:47:27]
Starting flip_value script
version: 1.1
[INFO -- 2018-12-08 12:47:27]
Initialization strings:
[INFO -- 2018-12-08 12:47:27]
(1) file /tmp/knapsack/sa
[INFO -- 2018-12-08 12:47:27]
initSignal:0
[INFO -- 2018-12-08 12:47:27]
endSignal:9
[INFO -- 2018-12-08 12:47:27]
faultModel:2
[INFO -- 2018-12-08 12:47:29]
Backtrace BEGIN:
#0  0x00005555555551af in cost (solution=std::vector of length 200, capacity 200 = {...}) at knapsacksa.cpp:62
#1  0x000055555555534c in simulated_annealing () at knapsacksa.cpp:92
#2  0x0000555555555658 in main () at knapsacksa.cpp:146

57	    for(int i=0; i < n; i++){
58	        peso += solution[i] * wt[i];
59	        valor += solution[i] * val[i];
60	    }
61	    for(int i=0; i < n; i++){
62	        peso2 += solution[i] * wt2[i];
63	        valor2 += solution[i] * val2[i];
64	    }
65	    if(peso != peso2 || valor != valor2){
66	        exit_gracefully();

Backtrace END
Memory content before bitflip:0x660x1c0x0d0x00
Fault Model: Random bit-flip
base address to flip value: 0x7fffffffd70c
address max offset: 4
Memory content after  bitflip:0x520x820xa90x27
frame name: simulated_annealing
symbol name: temp
symbol filename: knapsacksa.cpp
symbol line: 83
value: 665420370
value address: 0x7fffffffd70c
Type: The type is an integer type.
Type sizeof: 4

[INFO -- 2018-12-08 12:47:29]
Fault Injection Successful after 2.0335769653320312s
[INFO -- 2018-12-08 12:47:29]
event type: exit
[INFO -- 2018-12-08 12:47:29]
exit code: 0
