[INFO -- 2018-12-08 15:12:54]
Starting flip_value script
version: 1.1
[INFO -- 2018-12-08 15:12:54]
Initialization strings:
[INFO -- 2018-12-08 15:12:54]
(1) file /tmp/knapsack/mf
[INFO -- 2018-12-08 15:12:54]
initSignal:1
[INFO -- 2018-12-08 15:12:54]
endSignal:3
[INFO -- 2018-12-08 15:12:54]
faultModel:4
[EXCEPTION -- 2018-12-08 15:12:55]
gdbException: Cannot access memory at address 0x100555555772c70
[EXCEPTION -- 2018-12-08 15:12:55]
gdbException: Cannot access memory at address 0x100555555772c70
[EXCEPTION -- 2018-12-08 15:12:56]
gdbException: Cannot access memory at address 0x78a1
[INFO -- 2018-12-08 15:12:56]
event type: exit
[EXCEPTION -- 2018-12-08 15:12:56]
exit code: no exit code available
