[INFO -- 2018-11-30 06:08:58]
Starting flip_value script
version: 1.1
[INFO -- 2018-11-30 06:08:58]
Initialization strings:
[INFO -- 2018-11-30 06:08:58]
(1) file /tmp/knapsack/sa
[INFO -- 2018-11-30 06:08:58]
initSignal:0
[INFO -- 2018-11-30 06:08:58]
endSignal:7
[INFO -- 2018-11-30 06:08:58]
faultModel:1
[INFO -- 2018-11-30 06:09:02]
Backtrace BEGIN:
#0  0x00005555555550ab in cost (solution=std::vector of length 200, capacity 200 = {...}) at knapsacksa.cpp:27
#1  0x0000555555555259 in simulated_annealing () at knapsacksa.cpp:52
#2  0x0000555555555532 in main () at knapsacksa.cpp:87

22	   return static_cast <float> (rand()) / static_cast <float> (RAND_MAX);
23	}
24	
25	int cost(vector<int> &solution){
26	    int peso=0, valor=0;
27	    for(int i=0; i < n; i++){
28	       peso += solution[i] * wt[i];
29	       valor += solution[i] * val[i];
30	    }
31	    if(peso > W)

Backtrace END
Memory content before bitflip:0x1f0xff0x000x00
Fault Model: Double bit-flip
base address to flip value: 0x7fffffffd914
address max offset: 4
Memory content after  bitflip:0x1f0xff0x210x00
frame name: cost
symbol name: peso
symbol filename: knapsacksa.cpp
symbol line: 26
value: 2227999
value address: 0x7fffffffd914
Type: The type is an integer type.
Type sizeof: 4

[INFO -- 2018-11-30 06:09:02]
Fault Injection Successful after 4.2829811573028564s
[INFO -- 2018-11-30 06:09:05]
event type: exit
[INFO -- 2018-11-30 06:09:05]
exit code: 0
