[INFO -- 2018-09-25 05:15:26]
Starting flip_value script
version: 1.1
[INFO -- 2018-09-25 05:15:26]
Initialization strings:
[INFO -- 2018-09-25 05:15:26]
(1) file /tmp/knapsack/ga
[INFO -- 2018-09-25 05:15:26]
initSignal:1
[INFO -- 2018-09-25 05:15:26]
endSignal:3.5
[INFO -- 2018-09-25 05:15:26]
faultModel:1
[EXCEPTION -- 2018-09-25 05:15:28]
gdbException: Cannot access memory at address 0x555555536bb0
[EXCEPTION -- 2018-09-25 05:15:29]
pythonException: Unable to exit loop in struct fields; Exiting wihtout making a bit flip
[EXCEPTION -- 2018-09-25 05:15:29]
pythonException: empty range for randrange() (0,0, 0)
[INFO -- 2018-09-25 05:15:29]
event type: exit
[EXCEPTION -- 2018-09-25 05:15:29]
exit code: no exit code available
