[INFO -- 2018-09-23 21:19:50]
Starting flip_value script
version: 1.1
[INFO -- 2018-09-23 21:19:50]
Initialization strings:
[INFO -- 2018-09-23 21:19:50]
(1) file /tmp/knapsack/sa
[INFO -- 2018-09-23 21:19:50]
initSignal:0
[INFO -- 2018-09-23 21:19:50]
endSignal:2
[INFO -- 2018-09-23 21:19:50]
faultModel:1
[INFO -- 2018-09-23 21:19:51]
Backtrace BEGIN:
#0  0x0000555555555510 in std::vector<int, std::allocator<int> >::operator[] (this=0x555555759050 <wt>, __n=82) at /usr/include/c++/7/bits/stl_vector.h:798
#1  0x0000555555554fab in cost (solution=std::vector of length 200, capacity 200 = {...}) at knapsacksa.cpp:28
#2  0x000055555555511f in simulated_annealing () at knapsacksa.cpp:50
#3  0x000055555555535e in main () at knapsacksa.cpp:84

793	       */
794	      reference
795	      operator[](size_type __n) _GLIBCXX_NOEXCEPT
796	      {
797		__glibcxx_requires_subscript(__n);
798		return *(this->_M_impl._M_start + __n);
799	      }
800	
801	      /**
802	       *  @brief  Subscript access to the data contained in the %vector.

Backtrace END
Memory content before bitflip:0xd60x770x030x00
Fault Model: Double bit-flip
base address to flip value: 0x7fffffffd988
address max offset: 4
Memory content after  bitflip:0xd60xe70x030x00
frame name: cost
symbol name: valor
symbol filename: knapsacksa.cpp
symbol line: 26
value: 255958
value address: 0x7fffffffd988
Type: The type is an integer type.
Type sizeof: 4

[INFO -- 2018-09-23 21:19:51]
Fault Injection Successful after 1.8110332489013672s
[INFO -- 2018-09-23 21:19:52]
event type: exit
[INFO -- 2018-09-23 21:19:52]
exit code: 0
