[INFO -- 2018-12-01 00:24:43]
Starting flip_value script
version: 1.1
[INFO -- 2018-12-01 00:24:43]
Initialization strings:
[INFO -- 2018-12-01 00:24:43]
(1) file /tmp/knapsack/mf
[INFO -- 2018-12-01 00:24:43]
initSignal:0
[INFO -- 2018-12-01 00:24:43]
endSignal:12
[INFO -- 2018-12-01 00:24:43]
faultModel:1
[EXCEPTION -- 2018-12-01 00:24:45]
gdbException: Cannot access memory at address 0x1100555555770fc0
[EXCEPTION -- 2018-12-01 00:24:45]
gdbException: Cannot access memory at address 0x2155555576e2e0
[EXCEPTION -- 2018-12-01 00:24:45]
gdbException: Cannot access memory at address 0xc00555555770bb0
[INFO -- 2018-12-01 00:24:45]
event type: exit
[EXCEPTION -- 2018-12-01 00:24:45]
exit code: no exit code available
