[INFO -- 2018-11-30 07:21:05]
Starting flip_value script
version: 1.1
[INFO -- 2018-11-30 07:21:05]
Initialization strings:
[INFO -- 2018-11-30 07:21:05]
(1) file /tmp/knapsack/sa
[INFO -- 2018-11-30 07:21:05]
initSignal:0
[INFO -- 2018-11-30 07:21:05]
endSignal:7
[INFO -- 2018-11-30 07:21:05]
faultModel:1
[INFO -- 2018-11-30 07:21:07]
Backtrace BEGIN:
#0  cost (solution=std::vector of length 200, capacity 200 = {...}) at knapsacksa.cpp:27
#1  0x0000555555555259 in simulated_annealing () at knapsacksa.cpp:52
#2  0x0000555555555522 in main () at knapsacksa.cpp:85

22	   return static_cast <float> (rand()) / static_cast <float> (RAND_MAX);
23	}
24	
25	int cost(vector<int> &solution){
26	    int peso=0, valor=0;
27	    for(int i=0; i < n; i++){
28	       peso += solution[i] * wt[i];
29	       valor += solution[i] * val[i];
30	    }
31	    if(peso > W)

Backtrace END
Memory content before bitflip:0xc40x5b0xf80xff
Fault Model: Double bit-flip
base address to flip value: 0x7fffffffd954
address max offset: 4
Memory content after  bitflip:0xc40x5b0xf80xbb
frame name: simulated_annealing
symbol name: best
symbol filename: knapsacksa.cpp
symbol line: 43
value: -1141351484
value address: 0x7fffffffd954
Type: The type is an integer type.
Type sizeof: 4

[INFO -- 2018-11-30 07:21:07]
Fault Injection Successful after 2.2076311111450195s
[INFO -- 2018-11-30 07:21:13]
event type: exit
[INFO -- 2018-11-30 07:21:13]
exit code: 0
