[INFO -- 2018-12-08 03:07:37]
Starting flip_value script
version: 1.1
[INFO -- 2018-12-08 03:07:37]
Initialization strings:
[INFO -- 2018-12-08 03:07:37]
(1) file /tmp/knapsack/sa
[INFO -- 2018-12-08 03:07:37]
initSignal:0
[INFO -- 2018-12-08 03:07:37]
endSignal:9
[INFO -- 2018-12-08 03:07:37]
faultModel:2
[INFO -- 2018-12-08 03:07:38]
Backtrace BEGIN:
#0  0x00005555555551ac in cost (solution=std::vector of length 200, capacity 200 = {...}) at knapsacksa.cpp:62
#1  0x000055555555534c in simulated_annealing () at knapsacksa.cpp:92
#2  0x0000555555555658 in main () at knapsacksa.cpp:146

57	    for(int i=0; i < n; i++){
58	        peso += solution[i] * wt[i];
59	        valor += solution[i] * val[i];
60	    }
61	    for(int i=0; i < n; i++){
62	        peso2 += solution[i] * wt2[i];
63	        valor2 += solution[i] * val2[i];
64	    }
65	    if(peso != peso2 || valor != valor2){
66	        exit_gracefully();

Backtrace END
Memory content before bitflip:0x990x7c0x070x00
Fault Model: Random bit-flip
base address to flip value: 0x7fffffffd6b0
address max offset: 4
Memory content after  bitflip:0x980xc50x9b0x87
frame name: cost
symbol name: valor
symbol filename: knapsacksa.cpp
symbol line: 56
value: -2019834472
value address: 0x7fffffffd6b0
Type: The type is an integer type.
Type sizeof: 4

[INFO -- 2018-12-08 03:07:38]
Fault Injection Successful after 1.9527170658111572s
[INFO -- 2018-12-08 03:07:38]
event type: exit
[INFO -- 2018-12-08 03:07:38]
exit code: 0
