[INFO -- 2018-12-08 14:39:20]
Starting flip_value script
version: 1.1
[INFO -- 2018-12-08 14:39:20]
Initialization strings:
[INFO -- 2018-12-08 14:39:20]
(1) file /tmp/knapsack/sa
[INFO -- 2018-12-08 14:39:20]
initSignal:0
[INFO -- 2018-12-08 14:39:20]
endSignal:9
[INFO -- 2018-12-08 14:39:20]
faultModel:0
[EXCEPTION -- 2018-12-08 14:39:21]
pythonException: Unable to exit loop in struct fields; Exiting wihtout making a bit flip
[EXCEPTION -- 2018-12-08 14:39:22]
pythonException: empty range for randrange() (0,0, 0)
[EXCEPTION -- 2018-12-08 14:39:22]
gdbException: Cannot access memory at address 0x555555751860
[INFO -- 2018-12-08 14:39:22]
event type: exit
[EXCEPTION -- 2018-12-08 14:39:22]
exit code: no exit code available
