[INFO -- 2018-11-30 04:49:14]
Starting flip_value script
version: 1.1
[INFO -- 2018-11-30 04:49:14]
Initialization strings:
[INFO -- 2018-11-30 04:49:14]
(1) file /tmp/knapsack/sa
[INFO -- 2018-11-30 04:49:14]
initSignal:0
[INFO -- 2018-11-30 04:49:14]
endSignal:7
[INFO -- 2018-11-30 04:49:14]
faultModel:3
[INFO -- 2018-11-30 04:49:15]
Backtrace BEGIN:
#0  0x00005555555557ab in std::vector<int, std::allocator<int> >::operator[] (this=0x7fffffffd990, __n=51) at /usr/include/c++/7/bits/stl_vector.h:798
#1  0x00005555555550f8 in cost (solution=std::vector of length 200, capacity 200 = {...}) at knapsacksa.cpp:29
#2  0x0000555555555259 in simulated_annealing () at knapsacksa.cpp:52
#3  0x0000555555555522 in main () at knapsacksa.cpp:85

793	       */
794	      reference
795	      operator[](size_type __n) _GLIBCXX_NOEXCEPT
796	      {
797		__glibcxx_requires_subscript(__n);
798		return *(this->_M_impl._M_start + __n);
799	      }
800	
801	      /**
802	       *  @brief  Subscript access to the data contained in the %vector.

Backtrace END
Fliping a bit of the pointer
Memory content before bitflip:0x900xd90xff0xff0xff0x7f0x000x00
Fault Model: Zero bit-flip
base address to flip value: 0x7fffffffd8e8
address max offset: 8
Memory content after  bitflip:0x000x000x000x000x000x000x000x00
frame name: std::vector<int, std::allocator<int> >::operator[]
symbol name: this
symbol filename: knapsacksa.cpp
symbol line: 0
value: 0x7fffffffd990
value address: 0x7fffffffd8e8
Type: The type is a pointer.
Type sizeof: 8

[INFO -- 2018-11-30 04:49:15]
Fault Injection Successful after 1.384192705154419s
[INFO -- 2018-11-30 04:49:22]
event type: exit
[INFO -- 2018-11-30 04:49:22]
exit code: 0
