[INFO -- 2018-09-23 21:21:18]
Starting flip_value script
version: 1.1
[INFO -- 2018-09-23 21:21:18]
Initialization strings:
[INFO -- 2018-09-23 21:21:18]
(1) file /tmp/knapsack/sa
[INFO -- 2018-09-23 21:21:18]
initSignal:0
[INFO -- 2018-09-23 21:21:18]
endSignal:2
[INFO -- 2018-09-23 21:21:18]
faultModel:2
[EXCEPTION -- 2018-09-23 21:21:20]
pythonException: Unable to exit loop in struct fields; Exiting wihtout making a bit flip
[INFO -- 2018-09-23 21:21:20]
Backtrace BEGIN:
#0  0x0000555555554fc3 in cost (solution=std::vector of length 200, capacity 200 = {...}) at knapsacksa.cpp:29
#1  0x000055555555511f in simulated_annealing () at knapsacksa.cpp:50
#2  0x000055555555535e in main () at knapsacksa.cpp:84

24	
25	int cost(vector<int> &solution){
26	    int peso=0, valor=0;
27	    for(int i=0; i < n; i++){
28	       peso += solution[i] * wt[i];
29	       valor += solution[i] * val[i];
30	    }
31	    if(peso > W)
32	       return 99999999;
33	    else

Backtrace END
Memory content before bitflip:0x310xfb0x080x00
Fault Model: Random bit-flip
base address to flip value: 0x55555575906c 
address max offset: 4
Memory content after  bitflip:0x2a0xef0x480x22
frame name: cost
symbol name: W
symbol filename: knapsacksa.cpp
symbol line: 15
value: 575205162
value address: 0x55555575906c <W>
Type: The type is an integer type.
Type sizeof: 4

[INFO -- 2018-09-23 21:21:20]
Fault Injection Successful after 2.242919445037842s
[INFO -- 2018-09-23 21:21:21]
event type: exit
[INFO -- 2018-09-23 21:21:21]
exit code: 0
