[INFO -- 2018-12-09 06:54:12]
Starting flip_value script
version: 1.1
[INFO -- 2018-12-09 06:54:12]
Initialization strings:
[INFO -- 2018-12-09 06:54:12]
(1) file /tmp/knapsack/ga
[INFO -- 2018-12-09 06:54:12]
initSignal:1
[INFO -- 2018-12-09 06:54:12]
endSignal:8
[INFO -- 2018-12-09 06:54:12]
faultModel:2
[INFO -- 2018-12-09 06:54:14]
Backtrace BEGIN:
#0  __random_r (buf=buf@entry=0x7ffff7832720 <unsafe_state>, result=result@entry=0x7fffffffd7b4) at random_r.c:362
#1  0x00007ffff7494a22 in __random () at random.c:293
#2  0x00007ffff7494ea9 in rand () at rand.c:27
#3  0x0000555555554ff1 in rand_bit () at knapsackga.cpp:30
#4  0x0000555555555353 in crossover (pai=std::vector of length 200, capacity 200 = {...}, mae=std::vector of length 200, capacity 200 = {...}, filho1=std::vector of length 0, capacity 0, filho2=std::vector of length 0, capacity 0) at knapsackga.cpp:95
#5  0x00005555555556d7 in genetic_algorithm () at knapsackga.cpp:130
#6  0x0000555555555b6c in main () at knapsackga.cpp:165

357	random_r.c: No such file or directory.

Backtrace END
Memory content before bitflip:0x280x000x000x00
Fault Model: Random bit-flip
base address to flip value: 0x55555575f014 
address max offset: 4
Memory content after  bitflip:0x560x180x240x67
frame name: main
symbol name: pop_size2
symbol filename: knapsackga.cpp
symbol line: 20
value: 1730418774
value address: 0x55555575f014 <pop_size2>
Type: The type is an integer type.
Type sizeof: 4

[INFO -- 2018-12-09 06:54:14]
Fault Injection Successful after 2.804624080657959s
[INFO -- 2018-12-09 06:54:14]
event type: exit
[INFO -- 2018-12-09 06:54:14]
exit code: 0
