[INFO -- 2018-11-30 22:23:10]
Starting flip_value script
version: 1.1
[INFO -- 2018-11-30 22:23:10]
Initialization strings:
[INFO -- 2018-11-30 22:23:10]
(1) file /tmp/knapsack/mf
[INFO -- 2018-11-30 22:23:10]
initSignal:0
[INFO -- 2018-11-30 22:23:10]
endSignal:12
[INFO -- 2018-11-30 22:23:10]
faultModel:3
[EXCEPTION -- 2018-11-30 22:23:15]
pythonException: Unable to exit loop in struct fields; Exiting wihtout making a bit flip
[INFO -- 2018-11-30 22:23:16]
Backtrace BEGIN:
#0  0x0000555555555a55 in std::vector<int, std::allocator<int> >::operator[] (this=0x7fffffffd6b0, __n=161) at /usr/include/c++/7/bits/stl_vector.h:798
#1  0x000055555555520c in knapSackAuxRec (i=161, j=562241, values=std::vector of length 200, capacity 256 = {...}, weights=std::vector of length 200, capacity 256 = {...}, V=std::vector of length 201, capacity 201 = {...}) at knapsackmf.cpp:42
#2  0x0000555555555294 in knapSackAuxRec (i=162, j=565749, values=std::vector of length 200, capacity 256 = {...}, weights=std::vector of length 200, capacity 256 = {...}, V=std::vector of length 201, capacity 201 = {...}) at knapsackmf.cpp:45
#3  0x00005555555552b8 in knapSackAuxRec (i=163, j=565749, values=std::vector of length 200, capacity 256 = {...}, weights=std::vector of length 200, capacity 256 = {...}, V=std::vector of length 201, capacity 201 = {...}) at knapsackmf.cpp:45
#4  0x00005555555552b8 in knapSackAuxRec (i=164, j=565749, values=std::vector of length 200, capacity 256 = {...}, weights=std::vector of length 200, capacity 256 = {...}, V=std::vector of length 201, capacity 201 = {...}) at knapsackmf.cpp:45
#5  0x00005555555552b8 in knapSackAuxRec (i=165, j=565749, values=std::vector of length 200, capacity 256 = {...}, weights=std::vector of length 200, capacity 256 = {...}, V=std::vector of length 201, capacity 201 = {...}) at knapsackmf.cpp:45
#6  0x00005555555552b8 in knapSackAuxRec (i=166, j=565749, values=std::vector of length 200, capacity 256 = {...}, weights=std::vector of length 200, capacity 256 = {...}, V=std::vector of length 201, capacity 201 = {...}) at knapsackmf.cpp:45
#7  0x00005555555552b8 in knapSackAuxRec (i=167, j=565749, values=std::vector of length 200, capacity 256 = {...}, weights=std::vector of length 200, capacity 256 = {...}, V=std::vector of length 201, capacity 201 = {...}) at knapsackmf.cpp:45
#8  0x00005555555552b8 in knapSackAuxRec (i=168, j=565749, values=std::vector of length 200, capacity 256 = {...}, weights=std::vector of length 200, capacity 256 = {...}, V=std::vector of length 201, capacity 201 = {...}) at knapsackmf.cpp:45
#9  0x00005555555552b8 in knapSackAuxRec (i=169, j=565749, values=std::vector of length 200, capacity 256 = {...}, weights=std::vector of length 200, capacity 256 = {...}, V=std::vector of length 201, capacity 201 = {...}) at knapsackmf.cpp:45
#10 0x0000555555555294 in knapSackAuxRec (i=170, j=566798, values=std::vector of length 200, capacity 256 = {...}, weights=std::vector of length 200, capacity 256 = {...}, V=std::vector of length 201, capacity 201 = {...}) at knapsackmf.cpp:45
#11 0x0000555555555294 in knapSackAuxRec (i=171, j=568153, values=std::vector of length 200, capacity 256 = {...}, weights=std::vector of length 200, capacity 256 = {...}, V=std::vector of length 201, capacity 201 = {...}) at knapsackmf.cpp:45
#12 0x00005555555552b8 in knapSackAuxRec (i=172, j=568153, values=std::vector of length 200, capacity 256 = {...}, weights=std::vector of length 200, capacity 256 = {...}, V=std::vector of length 201, capacity 201 = {...}) at knapsackmf.cpp:45
#13 0x0000555555555294 in knapSackAuxRec (i=173, j=570265, values=std::vector of length 200, capacity 256 = {...}, weights=std::vector of length 200, capacity 256 = {...}, V=std::vector of length 201, capacity 201 = {...}) at knapsackmf.cpp:45
#14 0x00005555555552b8 in knapSackAuxRec (i=174, j=570265, values=std::vector of length 200, capacity 256 = {...}, weights=std::vector of length 200, capacity 256 = {...}, V=std::vector of length 201, capacity 201 = {...}) at knapsackmf.cpp:45
#15 0x00005555555552b8 in knapSackAuxRec (i=175, j=570265, values=std::vector of length 200, capacity 256 = {...}, weights=std::vector of length 200, capacity 256 = {...}, V=std::vector of length 201, capacity 201 = {...}) at knapsackmf.cpp:45
#16 0x00005555555552b8 in knapSackAuxRec (i=176, j=570265, values=std::vector of length 200, capacity 256 = {...}, weights=std::vector of length 200, capacity 256 = {...}, V=std::vector of length 201, capacity 201 = {...}) at knapsackmf.cpp:45
#17 0x00005555555552b8 in knapSackAuxRec (i=177, j=570265, values=std::vector of length 200, capacity 256 = {...}, weights=std::vector of length 200, capacity 256 = {...}, V=std::vector of length 201, capacity 201 = {...}) at knapsackmf.cpp:45
#18 0x00005555555552b8 in knapSackAuxRec (i=178, j=570265, values=std::vector of length 200, capacity 256 = {...}, weights=std::vector of length 200, capacity 256 = {...}, V=std::vector of length 201, capacity 201 = {...}) at knapsackmf.cpp:45
#19 0x00005555555552b8 in knapSackAuxRec (i=179, j=570265, values=std::vector of length 200, capacity 256 = {...}, weights=std::vector of length 200, capacity 256 = {...}, V=std::vector of length 201, capacity 201 = {...}) at knapsackmf.cpp:45
#20 0x00005555555552b8 in knapSackAuxRec (i=180, j=570265, values=std::vector of length 200, capacity 256 = {...}, weights=std::vector of length 200, capacity 256 = {...}, V=std::vector of length 201, capacity 201 = {...}) at knapsackmf.cpp:45
#21 0x00005555555552b8 in knapSackAuxRec (i=181, j=570265, values=std::vector of length 200, capacity 256 = {...}, weights=std::vector of length 200, capacity 256 = {...}, V=std::vector of length 201, capacity 201 = {...}) at knapsackmf.cpp:45
#22 0x00005555555552b8 in knapSackAuxRec (i=182, j=570265, values=std::vector of length 200, capacity 256 = {...}, weights=std::vector of length 200, capacity 256 = {...}, V=std::vector of length 201, capacity 201 = {...}) at knapsackmf.cpp:45
#23 0x00005555555552b8 in knapSackAuxRec (i=183, j=570265, values=std::vector of length 200, capacity 256 = {...}, weights=std::vector of length 200, capacity 256 = {...}, V=std::vector of length 201, capacity 201 = {...}) at knapsackmf.cpp:45
#24 0x00005555555552b8 in knapSackAuxRec (i=184, j=570265, values=std::vector of length 200, capacity 256 = {...}, weights=std::vector of length 200, capacity 256 = {...}, V=std::vector of length 201, capacity 201 = {...}) at knapsackmf.cpp:45
#25 0x00005555555552b8 in knapSackAuxRec (i=185, j=570265, values=std::vector of length 200, capacity 256 = {...}, weights=std::vector of length 200, capacity 256 = {...}, V=std::vector of length 201, capacity 201 = {...}) at knapsackmf.cpp:45
#26 0x00005555555552b8 in knapSackAuxRec (i=186, j=570265, values=std::vector of length 200, capacity 256 = {...}, weights=std::vector of length 200, capacity 256 = {...}, V=std::vector of length 201, capacity 201 = {...}) at knapsackmf.cpp:45
#27 0x00005555555552b8 in knapSackAuxRec (i=187, j=570265, values=std::vector of length 200, capacity 256 = {...}, weights=std::vector of length 200, capacity 256 = {...}, V=std::vector of length 201, capacity 201 = {...}) at knapsackmf.cpp:45
#28 0x00005555555552b8 in knapSackAuxRec (i=188, j=570265, values=std::vector of length 200, capacity 256 = {...}, weights=std::vector of length 200, capacity 256 = {...}, V=std::vector of length 201, capacity 201 = {...}) at knapsackmf.cpp:45
#29 0x00005555555552b8 in knapSackAuxRec (i=189, j=570265, values=std::vector of length 200, capacity 256 = {...}, weights=std::vector of length 200, capacity 256 = {...}, V=std::vector of length 201, capacity 201 = {...}) at knapsackmf.cpp:45
#30 0x00005555555552b8 in knapSackAuxRec (i=190, j=570265, values=std::vector of length 200, capacity 256 = {...}, weights=std::vector of length 200, capacity 256 = {...}, V=std::vector of length 201, capacity 201 = {...}) at knapsackmf.cpp:45
#31 0x0000555555555294 in knapSackAuxRec (i=191, j=571778, values=std::vector of length 200, capacity 256 = {...}, weights=std::vector of length 200, capacity 256 = {...}, V=std::vector of length 201, capacity 201 = {...}) at knapsackmf.cpp:45
#32 0x00005555555552b8 in knapSackAuxRec (i=192, j=571778, values=std::vector of length 200, capacity 256 = {...}, weights=std::vector of length 200, capacity 256 = {...}, V=std::vector of length 201, capacity 201 = {...}) at knapsackmf.cpp:45
#33 0x00005555555552b8 in knapSackAuxRec (i=193, j=571778, values=std::vector of length 200, capacity 256 = {...}, weights=std::vector of length 200, capacity 256 = {...}, V=std::vector of length 201, capacity 201 = {...}) at knapsackmf.cpp:45
#34 0x00005555555552b8 in knapSackAuxRec (i=194, j=571778, values=std::vector of length 200, capacity 256 = {...}, weights=std::vector of length 200, capacity 256 = {...}, V=std::vector of length 201, capacity 201 = {...}) at knapsackmf.cpp:45
#35 0x0000555555555294 in knapSackAuxRec (i=195, j=573716, values=std::vector of length 200, capacity 256 = {...}, weights=std::vector of length 200, capacity 256 = {...}, V=std::vector of length 201, capacity 201 = {...}) at knapsackmf.cpp:45
#36 0x00005555555552b8 in knapSackAuxRec (i=196, j=573716, values=std::vector of length 200, capacity 256 = {...}, weights=std::vector of length 200, capacity 256 = {...}, V=std::vector of length 201, capacity 201 = {...}) at knapsackmf.cpp:45
#37 0x0000555555555294 in knapSackAuxRec (i=197, j=578378, values=std::vector of length 200, capacity 256 = {...}, weights=std::vector of length 200, capacity 256 = {...}, V=std::vector of length 201, capacity 201 = {...}) at knapsackmf.cpp:45
#38 0x00005555555552b8 in knapSackAuxRec (i=198, j=578378, values=std::vector of length 200, capacity 256 = {...}, weights=std::vector of length 200, capacity 256 = {...}, V=std::vector of length 201, capacity 201 = {...}) at knapsackmf.cpp:45
#39 0x0000555555555294 in knapSackAuxRec (i=199, j=588593, values=std::vector of length 200, capacity 256 = {...}, weights=std::vector of length 200, capacity 256 = {...}, V=std::vector of length 201, capacity 201 = {...}) at knapsackmf.cpp:45
#40 0x0000555555555294 in knapSackAuxRec (i=200, j=588593, values=std::vector of length 200, capacity 256 = {...}, weights=std::vector of length 200, capacity 256 = {...}, V=std::vector of length 201, capacity 201 = {...}) at knapsackmf.cpp:45
#41 0x000055555555511f in knapSack (W=588593, n=200, values=std::vector of length 200, capacity 256 = {...}, weights=std::vector of length 200, capacity 256 = {...}, V=std::vector of length 201, capacity 201 = {...}) at knapsackmf.cpp:33
#42 0x0000555555555494 in executeAlgorithm () at knapsackmf.cpp:75
#43 0x000055555555558a in main () at knapsackmf.cpp:81

793	       */
794	      reference
795	      operator[](size_type __n) _GLIBCXX_NOEXCEPT
796	      {
797		__glibcxx_requires_subscript(__n);
798		return *(this->_M_impl._M_start + __n);
799	      }
800	
801	      /**
802	       *  @brief  Subscript access to the data contained in the %vector.

Backtrace END
Memory content before bitflip:0xf50xa10x080x00
Fault Model: Zero bit-flip
base address to flip value: 0x7fffffffc9b8
address max offset: 4
Memory content after  bitflip:0x000x000x000x00
frame name: knapSackAuxRec
symbol name: j
symbol filename: knapsackmf.cpp
symbol line: 38
value: 0
value address: 0x7fffffffc9b8
Type: The type is an integer type.
Type sizeof: 4

[INFO -- 2018-11-30 22:23:16]
Fault Injection Successful after 6.048024892807007s
[INFO -- 2018-11-30 22:23:20]
event type: exit
[INFO -- 2018-11-30 22:23:20]
exit code: 0
