[INFO -- 2018-09-23 20:23:06]
Starting flip_value script
version: 1.1
[INFO -- 2018-09-23 20:23:06]
Initialization strings:
[INFO -- 2018-09-23 20:23:06]
(1) file /tmp/knapsack/sa
[INFO -- 2018-09-23 20:23:06]
initSignal:0
[INFO -- 2018-09-23 20:23:06]
endSignal:2
[INFO -- 2018-09-23 20:23:06]
faultModel:1
[EXCEPTION -- 2018-09-23 20:23:07]
pythonException: empty range for randrange() (0,0, 0)
[INFO -- 2018-09-23 20:23:07]
Backtrace BEGIN:
#0  0x0000555555555e98 in std::vector<int, std::allocator<int> >::capacity (this=0x7fffffffd9e0) at /usr/include/c++/7/bits/stl_vector.h:752
#1  0x000055555555584b in std::vector<int, std::allocator<int> >::operator= (this=0x7fffffffd9e0, __x=std::vector of length 200, capacity 200 = {...}) at /usr/include/c++/7/bits/vector.tcc:204
#2  0x000055555555518f in simulated_annealing () at knapsacksa.cpp:60
#3  0x000055555555535e in main () at knapsacksa.cpp:84

747	       *  hold before needing to allocate more memory.
748	       */
749	      size_type
750	      capacity() const _GLIBCXX_NOEXCEPT
751	      { return size_type(this->_M_impl._M_end_of_storage
752				 - this->_M_impl._M_start); }
753	
754	      /**
755	       *  Returns true if the %vector is empty.  (Thus begin() would
756	       *  equal end().)

Backtrace END
Memory content before bitflip:0x310xfb0x080x00
Fault Model: Double bit-flip
base address to flip value: 0x55555575906c 
address max offset: 4
Memory content after  bitflip:0x310x3b0x080x00
frame name: simulated_annealing
symbol name: W
symbol filename: knapsacksa.cpp
symbol line: 15
value: 539441
value address: 0x55555575906c <W>
Type: The type is an integer type.
Type sizeof: 4

[INFO -- 2018-09-23 20:23:07]
Fault Injection Successful after 1.4041664600372314s
[INFO -- 2018-09-23 20:23:09]
event type: exit
[INFO -- 2018-09-23 20:23:09]
exit code: 0
