[INFO -- 2018-12-09 04:41:42]
Starting flip_value script
version: 1.1
[INFO -- 2018-12-09 04:41:42]
Initialization strings:
[INFO -- 2018-12-09 04:41:42]
(1) file /tmp/knapsack/ga
[INFO -- 2018-12-09 04:41:42]
initSignal:1
[INFO -- 2018-12-09 04:41:42]
endSignal:8
[INFO -- 2018-12-09 04:41:42]
faultModel:0
[INFO -- 2018-12-09 04:41:46]
Backtrace BEGIN:
#0  cost (solution=std::vector of length 200, capacity 200 = {...}) at knapsackga.cpp:39
#1  0x000055555555589e in genetic_algorithm () at knapsackga.cpp:138
#2  0x0000555555555b6c in main () at knapsackga.cpp:165

34	    if(n != n2 || W != W2){
35	        exit_gracefully();
36	    }
37	
38	    int peso=0, peso2=0, valor=0, valor2=0;
39	    for(int i=0; i < n; i++){
40	        peso += solution[i] * wt[i];
41	        valor += solution[i] * val[i];
42	    }
43	    for(int i=0; i < n; i++){

Backtrace END
Memory content before bitflip:0x3f0x100x000x00
Fault Model: Single bit-flip
base address to flip value: 0x7fffffffd870
address max offset: 4
Memory content after  bitflip:0x3f0x100x080x00
frame name: genetic_algorithm
symbol name: g2
symbol filename: knapsackga.cpp
symbol line: 115
value: 528447
value address: 0x7fffffffd870
Type: The type is an integer type.
Type sizeof: 4

[INFO -- 2018-12-09 04:41:46]
Fault Injection Successful after 4.369948387145996s
[INFO -- 2018-12-09 04:41:46]
event type: exit
[INFO -- 2018-12-09 04:41:46]
exit code: 0
