[INFO -- 2018-12-08 17:55:32]
Starting flip_value script
version: 1.1
[INFO -- 2018-12-08 17:55:32]
Initialization strings:
[INFO -- 2018-12-08 17:55:32]
(1) file /tmp/knapsack/sa
[INFO -- 2018-12-08 17:55:32]
initSignal:0
[INFO -- 2018-12-08 17:55:32]
endSignal:9
[INFO -- 2018-12-08 17:55:32]
faultModel:4
[INFO -- 2018-12-08 17:55:36]
Backtrace BEGIN:
#0  cost (solution=std::vector of length 200, capacity 200 = {...}) at knapsacksa.cpp:57
#1  0x000055555555534c in simulated_annealing () at knapsacksa.cpp:92
#2  0x0000555555555658 in main () at knapsacksa.cpp:146

52	    if(n != n2 || W != W2){
53	        exit_gracefully();
54	    }
55	
56	    int peso=0, peso2=0, valor=0, valor2=0;
57	    for(int i=0; i < n; i++){
58	        peso += solution[i] * wt[i];
59	        valor += solution[i] * val[i];
60	    }
61	    for(int i=0; i < n; i++){

Backtrace END
Memory content before bitflip:0xc40x5b0xf80xff
Fault Model: LSB bit-flip
base address to flip value: 0x7fffffffd700
address max offset: 4
Memory content after  bitflip:0xc40x5b0xf80x7f
frame name: simulated_annealing
symbol name: best2
symbol filename: knapsacksa.cpp
symbol line: 82
value: 2146982852
value address: 0x7fffffffd700
Type: The type is an integer type.
Type sizeof: 4

[INFO -- 2018-12-08 17:55:36]
Fault Injection Successful after 4.588249921798706s
[INFO -- 2018-12-08 17:55:36]
event type: exit
[INFO -- 2018-12-08 17:55:36]
exit code: 0
