[INFO -- 2018-12-08 13:21:29]
Starting flip_value script
version: 1.1
[INFO -- 2018-12-08 13:21:29]
Initialization strings:
[INFO -- 2018-12-08 13:21:29]
(1) file /tmp/knapsack/sa
[INFO -- 2018-12-08 13:21:29]
initSignal:0
[INFO -- 2018-12-08 13:21:29]
endSignal:9
[INFO -- 2018-12-08 13:21:29]
faultModel:1
[INFO -- 2018-12-08 13:21:30]
Backtrace BEGIN:
#0  0x00005555555551af in cost (solution=std::vector of length 200, capacity 200 = {...}) at knapsacksa.cpp:62
#1  0x000055555555534c in simulated_annealing () at knapsacksa.cpp:92
#2  0x0000555555555658 in main () at knapsacksa.cpp:146

57	    for(int i=0; i < n; i++){
58	        peso += solution[i] * wt[i];
59	        valor += solution[i] * val[i];
60	    }
61	    for(int i=0; i < n; i++){
62	        peso2 += solution[i] * wt2[i];
63	        valor2 += solution[i] * val2[i];
64	    }
65	    if(peso != peso2 || valor != valor2){
66	        exit_gracefully();

Backtrace END
Memory content before bitflip:0xb70x000x000x00
Fault Model: Double bit-flip
base address to flip value: 0x7fffffffd718
address max offset: 4
Memory content after  bitflip:0xb70x000x000x24
frame name: simulated_annealing
symbol name: i
symbol filename: knapsacksa.cpp
symbol line: 90
value: 603979959
value address: 0x7fffffffd718
Type: The type is an integer type.
Type sizeof: 4

[INFO -- 2018-12-08 13:21:30]
Fault Injection Successful after 1.7399272918701172s
[INFO -- 2018-12-08 13:21:39]
event type: exit
[INFO -- 2018-12-08 13:21:39]
exit code: 0
