[INFO -- 2018-09-23 13:14:33]
Starting flip_value script
version: 1.1
[INFO -- 2018-09-23 13:14:33]
Initialization strings:
[INFO -- 2018-09-23 13:14:33]
(1) file /tmp/knapsack/sa
[INFO -- 2018-09-23 13:14:33]
initSignal:0
[INFO -- 2018-09-23 13:14:33]
endSignal:2
[INFO -- 2018-09-23 13:14:33]
faultModel:4
[INFO -- 2018-09-23 13:14:34]
Backtrace BEGIN:
#0  0x000055555555551b in std::vector<int, std::allocator<int> >::operator[] (this=0x555555759030 <val>, __n=34) at /usr/include/c++/7/bits/stl_vector.h:798
#1  0x0000555555554fde in cost (solution=std::vector of length 200, capacity 200 = {...}) at knapsacksa.cpp:29
#2  0x000055555555511f in simulated_annealing () at knapsacksa.cpp:50
#3  0x000055555555535e in main () at knapsacksa.cpp:84

793	       */
794	      reference
795	      operator[](size_type __n) _GLIBCXX_NOEXCEPT
796	      {
797		__glibcxx_requires_subscript(__n);
798		return *(this->_M_impl._M_start + __n);
799	      }
800	
801	      /**
802	       *  @brief  Subscript access to the data contained in the %vector.

Backtrace END
Fliping value of field: std::_Vector_base<int, std::allocator<int> >
Fliping value of field: _M_impl
Fliping value of field: _M_start
Fliping a bit of the value pointed by a pointer
Memory content before bitflip:0x000x000x000x00
Fault Model: LSB bit-flip
base address to flip value: 0x5555557713d0
address max offset: 4
Memory content after  bitflip:0x000x000x000x01
frame name: simulated_annealing
symbol name: solution
symbol filename: knapsacksa.cpp
symbol line: 38
value: std::vector of length 200, capacity 200 = {16777216, 0, 1, 0, 1, 1, 1, 0, 0, 1, 0, 0, 0, 0, 1, 0, 1, 1, 0, 0, 1, 1, 0, 1, 0, 1, 0, 1, 0, 0, 1, 1, 0, 1, 0, 1, 0, 0, 0, 0, 0, 0, 1, 1, 0, 1, 0, 1, 1, 1, 1, 1, 1, 0, 0, 0, 0, 0, 0, 1, 1, 0, 1, 0, 1, 1, 0, 1, 0, 0, 1, 0, 1, 0, 1, 1, 0, 1, 1, 1, 1, 1, 1, 1, 0, 1, 0, 1, 1, 0, 0, 0, 1, 1, 0, 0, 1, 1, 1, 0, 0, 0, 0, 0, 0, 0, 1, 0, 0, 0, 0, 1, 1, 0, 1, 0, 0, 1, 1, 0, 1, 0, 1, 0, 1, 0, 0, 1, 0, 0, 1, 1, 0, 1, 0, 0, 0, 1, 0, 1, 0, 1, 1, 0, 0, 1, 0, 1, 1, 0, 1, 1, 1, 1, 1, 1, 1, 1, 0, 1, 1, 0, 0, 0, 1, 0, 0, 1, 0, 1, 0, 1, 0, 0, 1, 1, 1, 0, 0, 1, 0, 1, 1, 1, 0, 1, 0, 1, 1, 0, 0, 0, 1, 1, 0, 0, 1, 1, 0, 1...}
value address: 0x7fffffffda10
Type: The type is a structure.
Type sizeof: 24
Field name: std::_Vector_base<int, std::allocator<int> >
Field Type: The type is a structure.
Field Type sizeof: 24

[INFO -- 2018-09-23 13:14:34]
Fault Injection Successful after 1.3804280757904053s
[INFO -- 2018-09-23 13:14:36]
event type: exit
[INFO -- 2018-09-23 13:14:36]
exit code: 0
