[INFO -- 2018-11-30 04:33:25]
Starting flip_value script
version: 1.1
[INFO -- 2018-11-30 04:33:25]
Initialization strings:
[INFO -- 2018-11-30 04:33:25]
(1) file /tmp/knapsack/sa
[INFO -- 2018-11-30 04:33:25]
initSignal:0
[INFO -- 2018-11-30 04:33:25]
endSignal:7
[INFO -- 2018-11-30 04:33:25]
faultModel:4
[INFO -- 2018-11-30 04:33:26]
Backtrace BEGIN:
#0  0x000055555555689d in __gnu_cxx::__normal_iterator<int*, std::vector<int, std::allocator<int> > >::__normal_iterator (this=0x7fffffffd8d0, __i=@0x7fffffffd978: 0x55555576e600) at /usr/include/c++/7/bits/stl_iterator.h:779
#1  0x00005555555561fa in std::vector<int, std::allocator<int> >::begin (this=0x7fffffffd970) at /usr/include/c++/7/bits/stl_vector.h:564
#2  0x0000555555555beb in std::vector<int, std::allocator<int> >::operator= (this=0x7fffffffd970, __x=std::vector of length 200, capacity 200 = {...}) at /usr/include/c++/7/bits/vector.tcc:218
#3  0x00005555555552c9 in simulated_annealing () at knapsacksa.cpp:60
#4  0x0000555555555522 in main () at knapsacksa.cpp:85

774	
775	      _GLIBCXX_CONSTEXPR __normal_iterator() _GLIBCXX_NOEXCEPT
776	      : _M_current(_Iterator()) { }
777	
778	      explicit
779	      __normal_iterator(const _Iterator& __i) _GLIBCXX_NOEXCEPT
780	      : _M_current(__i) { }
781	
782	      // Allow iterator to const_iterator conversion
783	      template<typename _Iter>

Backtrace END
Fliping a bit of the value pointed by a pointer
Fliping value of field: std::_Vector_base<int, std::allocator<int> >
Fliping value of field: _M_impl
Fliping value of field: _M_start
Fliping a bit of the value pointed by a pointer
Memory content before bitflip:0x010x000x000x00
Fault Model: LSB bit-flip
base address to flip value: 0x55555576e2e0
address max offset: 4
Memory content after  bitflip:0x010x000x000x02
frame name: std::vector<int, std::allocator<int> >::operator=
symbol name: this
symbol filename: knapsacksa.cpp
symbol line: 0
value: 0x7fffffffd970
value address: 0x7fffffffd8f8
Type: The type is a pointer.
Type sizeof: 8

[INFO -- 2018-11-30 04:33:26]
Fault Injection Successful after 1.5024821758270264s
[INFO -- 2018-11-30 04:33:33]
event type: exit
[INFO -- 2018-11-30 04:33:33]
exit code: 0
