[INFO -- 2018-09-21 21:30:11]
Starting flip_value script
version: 1.1
[INFO -- 2018-09-21 21:30:11]
Initialization strings:
[INFO -- 2018-09-21 21:30:11]
(1) file /tmp/knapsack/dp
[INFO -- 2018-09-21 21:30:11]
initSignal:1
[INFO -- 2018-09-21 21:30:11]
endSignal:3
[INFO -- 2018-09-21 21:30:11]
faultModel:2
[INFO -- 2018-09-21 21:30:12]
Backtrace BEGIN:
#0  0x0000555555555749 in std::vector<int, std::allocator<int> >::operator[] (this=0x7fffffffda30, __n=29) at /usr/include/c++/7/bits/stl_vector.h:799
#1  0x0000555555554fbb in knapSack (W=588593, n=200, val=std::vector of length 200, capacity 256 = {...}, wt=std::vector of length 200, capacity 256 = {...}) at knapsackdp.cpp:23
#2  0x0000555555555375 in main () at knapsackdp.cpp:54

794	      reference
795	      operator[](size_type __n) _GLIBCXX_NOEXCEPT
796	      {
797		__glibcxx_requires_subscript(__n);
798		return *(this->_M_impl._M_start + __n);
799	      }
800	
801	      /**
802	       *  @brief  Subscript access to the data contained in the %vector.
803	       *  @param __n The index of the element for which data should be

Backtrace END
Memory content before bitflip:0x1d0x000x000x000x000x000x000x00
Fault Model: Random bit-flip
base address to flip value: 0x7fffffffd930
address max offset: 8
Memory content after  bitflip:0x500xb80x280x610xc80x730x420x6b
frame name: std::vector<int, std::allocator<int> >::operator[]
symbol name: __n
symbol filename: /usr/include/c++/7/bits/stl_vector.h
symbol line: 795
value: 7728867214981904464
value address: 0x7fffffffd930
Type: The type is an integer type.
Type sizeof: 8

[INFO -- 2018-09-21 21:30:12]
Fault Injection Successful after 1.2225332260131836s
[INFO -- 2018-09-21 21:30:14]
event type: exit
[INFO -- 2018-09-21 21:30:14]
exit code: 0
