[INFO -- 2018-09-25 01:47:48]
Starting flip_value script
version: 1.1
[INFO -- 2018-09-25 01:47:48]
Initialization strings:
[INFO -- 2018-09-25 01:47:48]
(1) file /tmp/knapsack/ga
[INFO -- 2018-09-25 01:47:48]
initSignal:1
[INFO -- 2018-09-25 01:47:48]
endSignal:3.5
[INFO -- 2018-09-25 01:47:48]
faultModel:2
[INFO -- 2018-09-25 01:47:49]
Backtrace BEGIN:
#0  cost (solution=std::vector of length 200, capacity 200 = {...}) at knapsackga.cpp:27
#1  0x0000555555555654 in genetic_algorithm () at knapsackga.cpp:112
#2  0x00005555555558d7 in main () at knapsackga.cpp:137

22	
23	int cost(vector<int> &solution){
24	    int peso=0, valor=0;
25	    for(int i=0; i < n; i++){
26	       peso += solution[i] * wt[i];
27	       valor += solution[i] * val[i];
28	    }
29	
30	    if(peso > W){
31	       return 99999999;

Backtrace END
Memory content before bitflip:0x310xfb0x080x00
Fault Model: Random bit-flip
base address to flip value: 0x55555575f06c 
address max offset: 4
Memory content after  bitflip:0xf70x720x5b0x8c
frame name: cost
symbol name: W
symbol filename: knapsackga.cpp
symbol line: 16
value: -1940163849
value address: 0x55555575f06c <W>
Type: The type is an integer type.
Type sizeof: 4

[INFO -- 2018-09-25 01:47:49]
Fault Injection Successful after 1.2723414897918701s
[INFO -- 2018-09-25 01:47:51]
event type: exit
[INFO -- 2018-09-25 01:47:51]
exit code: 0
