[INFO -- 2018-12-08 18:01:35]
Starting flip_value script
version: 1.1
[INFO -- 2018-12-08 18:01:35]
Initialization strings:
[INFO -- 2018-12-08 18:01:35]
(1) file /tmp/knapsack/sa
[INFO -- 2018-12-08 18:01:35]
initSignal:0
[INFO -- 2018-12-08 18:01:35]
endSignal:9
[INFO -- 2018-12-08 18:01:35]
faultModel:1
[EXCEPTION -- 2018-12-08 18:01:37]
pythonException: empty range for randrange() (0,0, 0)
[EXCEPTION -- 2018-12-08 18:01:38]
gdbException: Cannot access memory at address 0x551455771860
[EXCEPTION -- 2018-12-08 18:01:38]
gdbException: Cannot access memory at address 0x551455771860
[INFO -- 2018-12-08 18:01:38]
event type: exit
[EXCEPTION -- 2018-12-08 18:01:38]
exit code: no exit code available
