[INFO -- 2018-12-08 15:29:00]
Starting flip_value script
version: 1.1
[INFO -- 2018-12-08 15:29:00]
Initialization strings:
[INFO -- 2018-12-08 15:29:00]
(1) file /tmp/knapsack/ga
[INFO -- 2018-12-08 15:29:00]
initSignal:1
[INFO -- 2018-12-08 15:29:00]
endSignal:8
[INFO -- 2018-12-08 15:29:00]
faultModel:2
[INFO -- 2018-12-08 15:29:02]
Backtrace BEGIN:
#0  0x0000555555555e89 in std::vector<int, std::allocator<int> >::operator[] (this=0x55555578af10, __n=128) at /usr/include/c++/7/bits/stl_vector.h:798
#1  0x00005555555550f9 in cost (solution=std::vector of length 200, capacity 200 = {...}) at knapsackga.cpp:44
#2  0x000055555555589e in genetic_algorithm () at knapsackga.cpp:138
#3  0x0000555555555b6c in main () at knapsackga.cpp:165

793	       */
794	      reference
795	      operator[](size_type __n) _GLIBCXX_NOEXCEPT
796	      {
797		__glibcxx_requires_subscript(__n);
798		return *(this->_M_impl._M_start + __n);
799	      }
800	
801	      /**
802	       *  @brief  Subscript access to the data contained in the %vector.

Backtrace END
Memory content before bitflip:0x700x360xf80xff
Fault Model: Random bit-flip
base address to flip value: 0x7fffffffd86c
address max offset: 4
Memory content after  bitflip:0x8e0x4b0x560x67
frame name: genetic_algorithm
symbol name: best
symbol filename: knapsackga.cpp
symbol line: 113
value: 1733708686
value address: 0x7fffffffd86c
Type: The type is an integer type.
Type sizeof: 4

[INFO -- 2018-12-08 15:29:02]
Fault Injection Successful after 2.7322564125061035s
[INFO -- 2018-12-08 15:29:08]
event type: exit
[INFO -- 2018-12-08 15:29:08]
exit code: 0
