[INFO -- 2018-09-25 04:05:44]
Starting flip_value script
version: 1.1
[INFO -- 2018-09-25 04:05:44]
Initialization strings:
[INFO -- 2018-09-25 04:05:44]
(1) file /tmp/knapsack/ga
[INFO -- 2018-09-25 04:05:44]
initSignal:1
[INFO -- 2018-09-25 04:05:44]
endSignal:3.5
[INFO -- 2018-09-25 04:05:44]
faultModel:1
[INFO -- 2018-09-25 04:05:46]
Backtrace BEGIN:
#0  std::swap<int> (__a=@0x555555787550: 0, __b=@0x555555786890: 0) at /usr/include/c++/7/bits/move.h:200
#1  0x00005555555551e7 in crossover (pai=std::vector of length 200, capacity 200 = {...}, mae=std::vector of length 200, capacity 200 = {...}, filho1=std::vector of length 200, capacity 200 = {...}, filho2=std::vector of length 200, capacity 200 = {...}) at knapsackga.cpp:80
#2  0x000055555555548d in genetic_algorithm () at knapsackga.cpp:104
#3  0x00005555555558d7 in main () at knapsackga.cpp:137

195	      // concept requirements
196	      __glibcxx_function_requires(_SGIAssignableConcept<_Tp>)
197	
198	      _Tp __tmp = _GLIBCXX_MOVE(__a);
199	      __a = _GLIBCXX_MOVE(__b);
200	      __b = _GLIBCXX_MOVE(__tmp);
201	    }
202	
203	  // _GLIBCXX_RESOLVE_LIB_DEFECTS
204	  // DR 809. std::swap should be overloaded for array types.

Backtrace END
Memory content before bitflip:0xc30x120x000x00
Fault Model: Double bit-flip
base address to flip value: 0x7fffffffd8c4
address max offset: 4
Memory content after  bitflip:0xc30x120x820x00
frame name: genetic_algorithm
symbol name: g
symbol filename: knapsackga.cpp
symbol line: 94
value: 8524483
value address: 0x7fffffffd8c4
Type: The type is an integer type.
Type sizeof: 4

[INFO -- 2018-09-25 04:05:46]
Fault Injection Successful after 2.835259199142456s
[INFO -- 2018-09-25 04:05:46]
event type: exit
[INFO -- 2018-09-25 04:05:46]
exit code: 0
