[INFO -- 2018-11-30 01:48:48]
Starting flip_value script
version: 1.1
[INFO -- 2018-11-30 01:48:48]
Initialization strings:
[INFO -- 2018-11-30 01:48:48]
(1) file /tmp/knapsack/sa
[INFO -- 2018-11-30 01:48:48]
initSignal:0
[INFO -- 2018-11-30 01:48:48]
endSignal:7
[INFO -- 2018-11-30 01:48:48]
faultModel:4
[EXCEPTION -- 2018-11-30 01:48:49]
pythonException: empty range for randrange() (0,0, 0)
[INFO -- 2018-11-30 01:48:49]
Backtrace BEGIN:
#0  0x0000555555555110 in cost (solution=std::vector of length 200, capacity 200 = {...}) at knapsacksa.cpp:29
#1  0x0000555555555259 in simulated_annealing () at knapsacksa.cpp:52
#2  0x0000555555555522 in main () at knapsacksa.cpp:85

24	
25	int cost(vector<int> &solution){
26	    int peso=0, valor=0;
27	    for(int i=0; i < n; i++){
28	       peso += solution[i] * wt[i];
29	       valor += solution[i] * val[i];
30	    }
31	    if(peso > W)
32	       return 99999999;
33	    else

Backtrace END
Memory content before bitflip:0xf30xd90xf80xff
Fault Model: LSB bit-flip
base address to flip value: 0x7fffffffd958
address max offset: 4
Memory content after  bitflip:0xf30xd90xf80xfe
frame name: simulated_annealing
symbol name: c
symbol filename: knapsacksa.cpp
symbol line: 52
value: -17245709
value address: 0x7fffffffd958
Type: The type is an integer type.
Type sizeof: 4

[INFO -- 2018-11-30 01:48:49]
Fault Injection Successful after 1.3054790496826172s
[INFO -- 2018-11-30 01:48:55]
event type: exit
[INFO -- 2018-11-30 01:48:55]
exit code: 0
