[INFO -- 2018-12-08 21:18:31]
Starting flip_value script
version: 1.1
[INFO -- 2018-12-08 21:18:31]
Initialization strings:
[INFO -- 2018-12-08 21:18:31]
(1) file /tmp/knapsack/ga
[INFO -- 2018-12-08 21:18:31]
initSignal:1
[INFO -- 2018-12-08 21:18:31]
endSignal:8
[INFO -- 2018-12-08 21:18:31]
faultModel:1
[EXCEPTION -- 2018-12-08 21:18:33]
gdbException: Cannot access memory at address 0x4800000000000000
[EXCEPTION -- 2018-12-08 21:18:33]
pythonException: empty range for randrange() (0,0, 0)
[EXCEPTION -- 2018-12-08 21:18:33]
pythonException: empty range for randrange() (0,0, 0)
[INFO -- 2018-12-08 21:18:33]
event type: exit
[EXCEPTION -- 2018-12-08 21:18:33]
exit code: no exit code available
