[INFO -- 2018-09-25 00:51:30]
Starting flip_value script
version: 1.1
[INFO -- 2018-09-25 00:51:30]
Initialization strings:
[INFO -- 2018-09-25 00:51:30]
(1) file /tmp/knapsack/ga
[INFO -- 2018-09-25 00:51:30]
initSignal:1
[INFO -- 2018-09-25 00:51:30]
endSignal:3.5
[INFO -- 2018-09-25 00:51:30]
faultModel:4
[INFO -- 2018-09-25 00:51:31]
Backtrace BEGIN:
#0  cost (solution=std::vector of length 200, capacity 200 = {...}) at knapsackga.cpp:25
#1  0x0000555555555654 in genetic_algorithm () at knapsackga.cpp:112
#2  0x00005555555558d7 in main () at knapsackga.cpp:137

20	    return rand() % 2;
21	}
22	
23	int cost(vector<int> &solution){
24	    int peso=0, valor=0;
25	    for(int i=0; i < n; i++){
26	       peso += solution[i] * wt[i];
27	       valor += solution[i] * val[i];
28	    }
29	

Backtrace END
Memory content before bitflip:0x9e0x070x000x00
Fault Model: LSB bit-flip
base address to flip value: 0x7fffffffd8c4
address max offset: 4
Memory content after  bitflip:0x9e0x070x000x10
frame name: genetic_algorithm
symbol name: g
symbol filename: knapsackga.cpp
symbol line: 94
value: 268437406
value address: 0x7fffffffd8c4
Type: The type is an integer type.
Type sizeof: 4

[INFO -- 2018-09-25 00:51:31]
Fault Injection Successful after 1.6115906238555908s
[INFO -- 2018-09-25 00:51:31]
event type: exit
[INFO -- 2018-09-25 00:51:31]
exit code: 0
