[INFO -- 2018-09-25 06:52:42]
Starting flip_value script
version: 1.1
[INFO -- 2018-09-25 06:52:42]
Initialization strings:
[INFO -- 2018-09-25 06:52:42]
(1) file /tmp/knapsack/ga
[INFO -- 2018-09-25 06:52:42]
initSignal:1
[INFO -- 2018-09-25 06:52:42]
endSignal:3.5
[INFO -- 2018-09-25 06:52:42]
faultModel:0
[INFO -- 2018-09-25 06:52:43]
Backtrace BEGIN:
#0  0x000055555555958d in std::__niter_base<int const*, std::vector<int, std::allocator<int> > > (__it=816) at /usr/include/c++/7/bits/stl_iterator.h:983
#1  0x000055555555a893 in std::__copy_move_a2<false, __gnu_cxx::__normal_iterator<int const*, std::vector<int, std::allocator<int> > >, int*> (__first=0, __last=816, __result=0x555555786150) at /usr/include/c++/7/bits/stl_algobase.h:422
#2  0x0000555555559fd6 in std::copy<__gnu_cxx::__normal_iterator<int const*, std::vector<int, std::allocator<int> > >, int*> (__first=0, __last=816, __result=0x555555786150) at /usr/include/c++/7/bits/stl_algobase.h:456
#3  0x000055555555948e in std::__uninitialized_copy<true>::__uninit_copy<__gnu_cxx::__normal_iterator<int const*, std::vector<int, std::allocator<int> > >, int*> (__first=0, __last=816, __result=0x555555786150) at /usr/include/c++/7/bits/stl_uninitialized.h:101
#4  0x00005555555583be in std::uninitialized_copy<__gnu_cxx::__normal_iterator<int const*, std::vector<int, std::allocator<int> > >, int*> (__first=0, __last=816, __result=0x555555786150) at /usr/include/c++/7/bits/stl_uninitialized.h:134
#5  0x0000555555556f6d in std::__uninitialized_copy_a<__gnu_cxx::__normal_iterator<int const*, std::vector<int, std::allocator<int> > >, int*, int> (__first=0, __last=816, __result=0x555555786150) at /usr/include/c++/7/bits/stl_uninitialized.h:289
#6  0x0000555555557155 in std::vector<int, std::allocator<int> >::_M_allocate_and_copy<__gnu_cxx::__normal_iterator<int const*, std::vector<int, std::allocator<int> > > > (this=0x7fffffffd970, __n=200, __first=0, __last=816) at /usr/include/c++/7/bits/stl_vector.h:1263
#7  0x000055555555617b in std::vector<int, std::allocator<int> >::operator= (this=0x7fffffffd970, __x=std::vector of length 200, capacity 200 = {...}) at /usr/include/c++/7/bits/vector.tcc:206
#8  0x000055555555517d in crossover (pai=std::vector of length 200, capacity 200 = {...}, mae=std::vector of length 200, capacity 200 = {...}, filho1=std::vector of length 200, capacity 200 = {...}, filho2=std::vector of length 0, capacity 0) at knapsackga.cpp:77
#9  0x000055555555548d in genetic_algorithm () at knapsackga.cpp:104
#10 0x00005555555558d7 in main () at knapsackga.cpp:137

978	{
979	_GLIBCXX_BEGIN_NAMESPACE_VERSION
980	
981	  template<typename _Iterator, typename _Container>
982	    _Iterator
983	    __niter_base(__gnu_cxx::__normal_iterator<_Iterator, _Container> __it)
984	    { return __it.base(); }
985	
986	_GLIBCXX_END_NAMESPACE_VERSION
987	} // namespace

Backtrace END
Memory content before bitflip:0x310xfb0x080x00
Fault Model: Single bit-flip
base address to flip value: 0x55555575f06c 
address max offset: 4
Memory content after  bitflip:0x310xfb0x080x10
frame name: std::copy<__gnu_cxx::__normal_iterator<int const*, std::vector<int, std::allocator<int> > >, int*>
symbol name: W
symbol filename: knapsackga.cpp
symbol line: 16
value: 269024049
value address: 0x55555575f06c <W>
Type: The type is an integer type.
Type sizeof: 4

[INFO -- 2018-09-25 06:52:43]
Fault Injection Successful after 1.0937612056732178s
[INFO -- 2018-09-25 06:52:45]
event type: exit
[INFO -- 2018-09-25 06:52:45]
exit code: 0
