[INFO -- 2018-09-24 18:36:06]
Starting flip_value script
version: 1.1
[INFO -- 2018-09-24 18:36:06]
Initialization strings:
[INFO -- 2018-09-24 18:36:06]
(1) file /tmp/knapsack/ga
[INFO -- 2018-09-24 18:36:06]
initSignal:1
[INFO -- 2018-09-24 18:36:06]
endSignal:3.5
[INFO -- 2018-09-24 18:36:06]
faultModel:3
[INFO -- 2018-09-24 18:36:07]
Backtrace BEGIN:
#0  0x00005555555582ac in std::allocator<int>::allocator (this=0x555555786ef0, __a=...) at /usr/include/c++/7/bits/allocator.h:133
#1  0x00005555555582a2 in std::allocator_traits<std::allocator<int> >::select_on_container_copy_construction (__rhs=...) at /usr/include/c++/7/bits/alloc_traits.h:505
#2  0x0000555555556e10 in __gnu_cxx::__alloc_traits<std::allocator<int> >::_S_select_on_copy (__a=...) at /usr/include/c++/7/ext/alloc_traits.h:95
#3  0x0000555555555e62 in std::vector<int, std::allocator<int> >::vector (this=0x555555776760, __x=std::vector of length 200, capacity 200 = {...}) at /usr/include/c++/7/bits/stl_vector.h:328
#4  0x0000555555557e39 in chromossome::chromossome (this=0x555555776760) at knapsackga.cpp:42
#5  0x0000555555557e96 in __gnu_cxx::new_allocator<chromossome>::construct<chromossome, chromossome const&> (this=0x7fffffffd8f0, __p=0x555555776760, __args#0=...) at /usr/include/c++/7/ext/new_allocator.h:136
#6  0x0000555555556a90 in std::allocator_traits<std::allocator<chromossome> >::construct<chromossome, chromossome const&> (__a=..., __p=0x555555776760, __args#0=...) at /usr/include/c++/7/bits/alloc_traits.h:475
#7  0x0000555555555cf0 in std::vector<chromossome, std::allocator<chromossome> >::push_back (this=0x7fffffffd8f0, __x=...) at /usr/include/c++/7/bits/stl_vector.h:943
#8  0x00005555555554fd in genetic_algorithm () at knapsackga.cpp:107
#9  0x00005555555558d7 in main () at knapsackga.cpp:137

128	      typedef true_type is_always_equal;
129	#endif
130	
131	      allocator() throw() { }
132	
133	      allocator(const allocator& __a) throw()
134	      : __allocator_base<_Tp>(__a) { }
135	
136	      template<typename _Tp1>
137		allocator(const allocator<_Tp1>&) throw() { }

Backtrace END
Fliping value of field: std::_Vector_base<int, std::allocator<int> >
Fliping value of field: _M_impl
Fliping value of field: _M_finish
Fliping a bit of the pointer
Memory content before bitflip:0xe00x720x770x550x550x550x000x00
Fault Model: Zero bit-flip
base address to flip value: 0x55555575f058 
address max offset: 8
Memory content after  bitflip:0x000x000x000x000x000x000x000x00
frame name: std::vector<int, std::allocator<int> >::vector
symbol name: wt
symbol filename: knapsackga.cpp
symbol line: 15
value: std::vector of length -23456248617968, capacity 256 = {10561, 10479, 1566, 1849, 9355, 8360, 7698, 4082, 7060, 7069, 6813, 2584, 5307, 4936, 8231, 10949, 10494, 6442, 5449, 3683, 1360, 1275, 5649, 4185, 4801, 9918, 6258, 6606, 3362, 1239, 4252, 2367, 6103, 10987, 7745, 2819, 9936, 8968, 8345, 10066, 8629, 8898, 4538, 10810, 10620, 2612, 8541, 8152, 5615, 6304, 5901, 10249, 6009, 9316, 4540, 9829, 9998, 5611, 6678, 10204, 8238, 5867, 3219, 4247, 7996, 2661, 10080, 3682, 10114, 4096, 10574, 8063, 6043, 6178, 7515, 6880, 4119, 3079, 6119, 10342, 7233, 1754, 9204, 8260, 10077, 2915, 8448, 1588, 7530, 3731, 3267, 9755, 2063, 6224, 9540, 3449, 3105, 9806, 5230, 8170, 1319, 4624, 2719, 7728, 1830, 10546, 1254, 8295, 1212, 3557, 9134, 2572, 2838, 7915, 4856, 1432, 10901, 2515, 1363, 4443, 7153, 8425, 2132, 4373, 1309, 5487, 8660, 8400, 10021, 8557, 9625, 8054, 5728, 3256, 7609, 4164, 2021, 5479, 9748, 2276, 6850, 4930, 6149, 2439, 10598, 3591, 7061, 5198, 1181, 6580, 2406, 1568, 1336, 2612, 1959, 7351, 6083, 10835, 10342, 10946, 3325, 5447, 3508, 6913, 7242, 9003, 8095, 3567, 5231, 6262, 1049, 1355, 5088, 2112, 8238, 3409, 1998, 2818, 3316, 3174, 6208, 5645, 4098, 7418, 3125, 10066, 10632, 8290, 5338, 6116, 6811, 1513, 5181, 6251, 2813, 1938, 9027, 4662, 6193, 10215...}
value address: 0x55555575f050 <wt>
Type: The type is a structure.
Type sizeof: 24
Field name: std::_Vector_base<int, std::allocator<int> >
Field Type: The type is a structure.
Field Type sizeof: 24

[INFO -- 2018-09-24 18:36:07]
Fault Injection Successful after 1.717559576034546s
[INFO -- 2018-09-24 18:36:10]
event type: exit
[INFO -- 2018-09-24 18:36:10]
exit code: 0
