[INFO -- 2018-11-30 08:17:48]
Starting flip_value script
version: 1.1
[INFO -- 2018-11-30 08:17:48]
Initialization strings:
[INFO -- 2018-11-30 08:17:48]
(1) file /tmp/knapsack/sa
[INFO -- 2018-11-30 08:17:48]
initSignal:0
[INFO -- 2018-11-30 08:17:48]
endSignal:7
[INFO -- 2018-11-30 08:17:48]
faultModel:0
[INFO -- 2018-11-30 08:17:50]
Backtrace BEGIN:
#0  0x0000555555555791 in std::vector<int, std::allocator<int> >::operator[] (this=0x555555759160 <wt>, __n=154) at /usr/include/c++/7/bits/stl_vector.h:795
#1  0x00005555555550f8 in cost (solution=std::vector of length 200, capacity 200 = {...}) at knapsacksa.cpp:29
#2  0x0000555555555259 in simulated_annealing () at knapsacksa.cpp:52
#3  0x0000555555555522 in main () at knapsacksa.cpp:85

790	       *  Note that data access with this operator is unchecked and
791	       *  out_of_range lookups are not defined. (For checked lookups
792	       *  see at().)
793	       */
794	      reference
795	      operator[](size_type __n) _GLIBCXX_NOEXCEPT
796	      {
797		__glibcxx_requires_subscript(__n);
798		return *(this->_M_impl._M_start + __n);
799	      }

Backtrace END
Memory content before bitflip:0xeb0x440x000x00
Fault Model: Single bit-flip
base address to flip value: 0x7fffffffd96c
address max offset: 4
Memory content after  bitflip:0xeb0x450x000x00
frame name: simulated_annealing
symbol name: delta
symbol filename: knapsacksa.cpp
symbol line: 53
value: 17899
value address: 0x7fffffffd96c
Type: The type is an integer type.
Type sizeof: 4

[INFO -- 2018-11-30 08:17:50]
Fault Injection Successful after 2.182725667953491s
[INFO -- 2018-11-30 08:17:55]
event type: exit
[INFO -- 2018-11-30 08:17:55]
exit code: 0
