[INFO -- 2018-12-07 23:14:15]
Starting flip_value script
version: 1.1
[INFO -- 2018-12-07 23:14:15]
Initialization strings:
[INFO -- 2018-12-07 23:14:15]
(1) file /tmp/knapsack/ga
[INFO -- 2018-12-07 23:14:15]
initSignal:1
[INFO -- 2018-12-07 23:14:15]
endSignal:8
[INFO -- 2018-12-07 23:14:15]
faultModel:0
[EXCEPTION -- 2018-12-07 23:14:17]
pythonException: Unable to exit loop in struct fields; Exiting wihtout making a bit flip
[INFO -- 2018-12-07 23:14:17]
Backtrace BEGIN:
#0  cost (solution=std::vector of length 200, capacity 200 = {...}) at knapsackga.cpp:39
#1  0x000055555555589e in genetic_algorithm () at knapsackga.cpp:138
#2  0x0000555555555b6c in main () at knapsackga.cpp:165

34	    if(n != n2 || W != W2){
35	        exit_gracefully();
36	    }
37	
38	    int peso=0, peso2=0, valor=0, valor2=0;
39	    for(int i=0; i < n; i++){
40	        peso += solution[i] * wt[i];
41	        valor += solution[i] * val[i];
42	    }
43	    for(int i=0; i < n; i++){

Backtrace END
Memory content before bitflip:0xc80x000x000x00
Fault Model: Single bit-flip
base address to flip value: 0x55555575f0ac 
address max offset: 4
Memory content after  bitflip:0xc80x000x000x08
frame name: cost
symbol name: n2
symbol filename: knapsackga.cpp
symbol line: 18
value: 134217928
value address: 0x55555575f0ac <n2>
Type: The type is an integer type.
Type sizeof: 4

[INFO -- 2018-12-07 23:14:17]
Fault Injection Successful after 2.4965391159057617s
[INFO -- 2018-12-07 23:14:17]
event type: exit
[INFO -- 2018-12-07 23:14:17]
exit code: 0
