[INFO -- 2018-09-23 14:11:07]
Starting flip_value script
version: 1.1
[INFO -- 2018-09-23 14:11:07]
Initialization strings:
[INFO -- 2018-09-23 14:11:07]
(1) file /tmp/knapsack/sa
[INFO -- 2018-09-23 14:11:07]
initSignal:0
[INFO -- 2018-09-23 14:11:07]
endSignal:2
[INFO -- 2018-09-23 14:11:07]
faultModel:3
[INFO -- 2018-09-23 14:11:08]
Backtrace BEGIN:
#0  0x0000555555556494 in std::_Destroy<int*> (__first=0x5555557713d0, __last=0x5555557716f0) at /usr/include/c++/7/bits/stl_construct.h:127
#1  0x0000555555555c61 in std::_Destroy<int*, int> (__first=0x555555771700, __last=0x555555771a20) at /usr/include/c++/7/bits/stl_construct.h:206
#2  0x00005555555555ef in std::vector<int, std::allocator<int> >::~vector (this=0x7fffffffda30, __in_chrg=<optimized out>) at /usr/include/c++/7/bits/stl_vector.h:434
#3  0x00005555555551cb in simulated_annealing () at knapsacksa.cpp:47
#4  0x000055555555535e in main () at knapsacksa.cpp:84

122	   * a trivial destructor, the compiler should optimize all of this
123	   * away, otherwise the objects' destructors must be invoked.
124	   */
125	  template<typename _ForwardIterator>
126	    inline void
127	    _Destroy(_ForwardIterator __first, _ForwardIterator __last)
128	    {
129	      typedef typename iterator_traits<_ForwardIterator>::value_type
130	                       _Value_type;
131	#if __cplusplus >= 201103L

Backtrace END
Memory content before bitflip:0x4e0x000x000x00
Fault Model: Zero bit-flip
base address to flip value: 0x7fffffffda08
address max offset: 4
Memory content after  bitflip:0x000x000x000x00
frame name: simulated_annealing
symbol name: i
symbol filename: knapsacksa.cpp
symbol line: 48
value: 0
value address: 0x7fffffffda08
Type: The type is an integer type.
Type sizeof: 4

[INFO -- 2018-09-23 14:11:08]
Fault Injection Successful after 1.1566293239593506s
[INFO -- 2018-09-23 14:11:09]
event type: exit
[INFO -- 2018-09-23 14:11:09]
exit code: 0
