[INFO -- 2018-11-30 23:02:31]
Starting flip_value script
version: 1.1
[INFO -- 2018-11-30 23:02:31]
Initialization strings:
[INFO -- 2018-11-30 23:02:31]
(1) file /tmp/knapsack/mf
[INFO -- 2018-11-30 23:02:31]
initSignal:0
[INFO -- 2018-11-30 23:02:31]
endSignal:12
[INFO -- 2018-11-30 23:02:31]
faultModel:4
[INFO -- 2018-11-30 23:02:32]
Backtrace BEGIN:
#0  0x00005555555558df in std::vector<std::vector<int, std::allocator<int> >, std::allocator<std::vector<int, std::allocator<int> > > >::operator[] (this=0x7fffffffd6d0, __n=185) at /usr/include/c++/7/bits/stl_vector.h:798
#1  0x00005555555550ba in knapSack (W=588593, n=200, values=std::vector of length 200, capacity 256 = {...}, weights=std::vector of length 200, capacity 256 = {...}, V=std::vector of length 201, capacity 201 = {...}) at knapsackmf.cpp:28
#2  0x0000555555555494 in executeAlgorithm () at knapsackmf.cpp:75
#3  0x000055555555558a in main () at knapsackmf.cpp:81

793	       */
794	      reference
795	      operator[](size_type __n) _GLIBCXX_NOEXCEPT
796	      {
797		__glibcxx_requires_subscript(__n);
798		return *(this->_M_impl._M_start + __n);
799	      }
800	
801	      /**
802	       *  @brief  Subscript access to the data contained in the %vector.

Backtrace END
Memory content before bitflip:0xc80x000x000x00
Fault Model: LSB bit-flip
base address to flip value: 0x7fffffffd680
address max offset: 4
Memory content after  bitflip:0xc80x000x000x20
frame name: executeAlgorithm
symbol name: n
symbol filename: knapsackmf.cpp
symbol line: 57
value: 536871112
value address: 0x7fffffffd680
Type: The type is an integer type.
Type sizeof: 4

[INFO -- 2018-11-30 23:02:32]
Fault Injection Successful after 1.682114601135254s
[INFO -- 2018-11-30 23:02:41]
event type: exit
[INFO -- 2018-11-30 23:02:41]
exit code: 0
