[INFO -- 2018-11-30 01:29:24]
Starting flip_value script
version: 1.1
[INFO -- 2018-11-30 01:29:24]
Initialization strings:
[INFO -- 2018-11-30 01:29:24]
(1) file /tmp/knapsack/sa
[INFO -- 2018-11-30 01:29:24]
initSignal:0
[INFO -- 2018-11-30 01:29:24]
endSignal:7
[INFO -- 2018-11-30 01:29:24]
faultModel:1
[INFO -- 2018-11-30 01:29:25]
Backtrace BEGIN:
#0  0x0000555555556f59 in __gnu_cxx::new_allocator<int>::allocate (this=0x7fffffffd990, __n=200) at /usr/include/c++/7/ext/new_allocator.h:101
#1  0x0000555555556cd5 in std::allocator_traits<std::allocator<int> >::allocate (__a=..., __n=200) at /usr/include/c++/7/bits/alloc_traits.h:436
#2  0x0000555555556892 in std::_Vector_base<int, std::allocator<int> >::_M_allocate (this=0x7fffffffd990, __n=200) at /usr/include/c++/7/bits/stl_vector.h:172
#3  0x0000555555556707 in std::_Vector_base<int, std::allocator<int> >::_M_create_storage (this=0x7fffffffd990, __n=200) at /usr/include/c++/7/bits/stl_vector.h:187
#4  0x0000555555555e7b in std::_Vector_base<int, std::allocator<int> >::_Vector_base (this=0x7fffffffd990, __n=200, __a=...) at /usr/include/c++/7/bits/stl_vector.h:138
#5  0x00005555555558f5 in std::vector<int, std::allocator<int> >::vector (this=0x7fffffffd990, __x=std::vector of length 200, capacity 200 = {...}) at /usr/include/c++/7/bits/stl_vector.h:328
#6  0x0000555555555204 in simulated_annealing () at knapsacksa.cpp:49
#7  0x0000555555555522 in main () at knapsacksa.cpp:85

96	      // NB: __n is permitted to be 0.  The C++ standard says nothing
97	      // about what the return value is when __n == 0.
98	      pointer
99	      allocate(size_type __n, const void* = static_cast<const void*>(0))
100	      {
101		if (__n > this->max_size())
102		  std::__throw_bad_alloc();
103	
104	#if __cpp_aligned_new
105		if (alignof(_Tp) > __STDCPP_DEFAULT_NEW_ALIGNMENT__)

Backtrace END
Memory content before bitflip:0x300xb00xf80xff
Fault Model: Double bit-flip
base address to flip value: 0x7fffffffd958
address max offset: 4
Memory content after  bitflip:0x300xb00xf80xcf
frame name: simulated_annealing
symbol name: c
symbol filename: knapsacksa.cpp
symbol line: 52
value: -805785552
value address: 0x7fffffffd958
Type: The type is an integer type.
Type sizeof: 4

[INFO -- 2018-11-30 01:29:25]
Fault Injection Successful after 1.359147310256958s
[INFO -- 2018-11-30 01:29:31]
event type: exit
[INFO -- 2018-11-30 01:29:31]
exit code: 0
