[INFO -- 2018-12-08 07:27:53]
Starting flip_value script
version: 1.1
[INFO -- 2018-12-08 07:27:53]
Initialization strings:
[INFO -- 2018-12-08 07:27:54]
(1) file /tmp/knapsack/sa
[INFO -- 2018-12-08 07:27:54]
initSignal:0
[INFO -- 2018-12-08 07:27:54]
endSignal:9
[INFO -- 2018-12-08 07:27:54]
faultModel:2
[INFO -- 2018-12-08 07:27:56]
Backtrace BEGIN:
#0  0x000055555555686e in __gnu_cxx::__normal_iterator<int const*, std::vector<int, std::allocator<int> > >::__normal_iterator (this=0x7fffffffd670, __i=@0x7fffffffd668: 0x555555772490) at /usr/include/c++/7/bits/stl_iterator.h:780
#1  0x000055555555606b in std::vector<int, std::allocator<int> >::begin (this=0x7fffffffd720) at /usr/include/c++/7/bits/stl_vector.h:573
#2  0x00005555555559f0 in std::vector<int, std::allocator<int> >::vector (this=0x7fffffffd740, __x=std::vector of length 200, capacity 200 = {...}) at /usr/include/c++/7/bits/stl_vector.h:331
#3  0x00005555555552f7 in simulated_annealing () at knapsacksa.cpp:89
#4  0x0000555555555658 in main () at knapsacksa.cpp:146

775	      _GLIBCXX_CONSTEXPR __normal_iterator() _GLIBCXX_NOEXCEPT
776	      : _M_current(_Iterator()) { }
777	
778	      explicit
779	      __normal_iterator(const _Iterator& __i) _GLIBCXX_NOEXCEPT
780	      : _M_current(__i) { }
781	
782	      // Allow iterator to const_iterator conversion
783	      template<typename _Iter>
784	        __normal_iterator(const __normal_iterator<_Iter,

Backtrace END
Memory content before bitflip:0x310xfb0x080x00
Fault Model: Random bit-flip
base address to flip value: 0x555555759034 
address max offset: 4
Memory content after  bitflip:0x160xab0xa90xf8
frame name: __gnu_cxx::__normal_iterator<int const*, std::vector<int, std::allocator<int> > >::__normal_iterator
symbol name: W2
symbol filename: knapsacksa.cpp
symbol line: 13
value: -123098346
value address: 0x555555759034 <W2>
Type: The type is an integer type.
Type sizeof: 4

[INFO -- 2018-12-08 07:27:56]
Fault Injection Successful after 2.168370246887207s
[INFO -- 2018-12-08 07:27:56]
event type: exit
[INFO -- 2018-12-08 07:27:56]
exit code: 0
