[INFO -- 2018-12-08 06:52:34]
Starting flip_value script
version: 1.1
[INFO -- 2018-12-08 06:52:34]
Initialization strings:
[INFO -- 2018-12-08 06:52:34]
(1) file /tmp/knapsack/sa
[INFO -- 2018-12-08 06:52:34]
initSignal:0
[INFO -- 2018-12-08 06:52:34]
endSignal:9
[INFO -- 2018-12-08 06:52:34]
faultModel:4
[INFO -- 2018-12-08 06:52:40]
Backtrace BEGIN:
#0  0x0000555555555861 in std::vector<int, std::allocator<int> >::operator[] (this=0x7fffffffd740, __n=61) at /usr/include/c++/7/bits/stl_vector.h:798
#1  0x00005555555551c7 in cost (solution=std::vector of length 200, capacity 200 = {...}) at knapsacksa.cpp:63
#2  0x000055555555534c in simulated_annealing () at knapsacksa.cpp:92
#3  0x0000555555555658 in main () at knapsacksa.cpp:146

793	       */
794	      reference
795	      operator[](size_type __n) _GLIBCXX_NOEXCEPT
796	      {
797		__glibcxx_requires_subscript(__n);
798		return *(this->_M_impl._M_start + __n);
799	      }
800	
801	      /**
802	       *  @brief  Subscript access to the data contained in the %vector.

Backtrace END
Fliping a bit of the value pointed by a reference
Fliping value of field: std::_Vector_base<int, std::allocator<int> >
Fliping value of field: _M_impl
Fliping value of field: _M_start
Fliping a bit of the value pointed by a pointer
Memory content before bitflip:0x010x000x000x00
Fault Model: LSB bit-flip
base address to flip value: 0x5555557727c0
address max offset: 4
Memory content after  bitflip:0x010x000x000x08
frame name: cost
symbol name: solution
symbol filename: knapsacksa.cpp
symbol line: 51
value: std::vector of length 200, capacity 200 = {134217729, 0, 0, 1, 0, 0, 0, 1, 0, 1, 1, 1, 0, 1, 1, 1, 1, 1, 1, 0, 1, 1, 1, 1, 0, 0, 0, 1, 1, 1, 0, 0, 0, 0, 0, 1, 0, 1, 0, 0, 1, 1, 0, 0, 1, 0, 0, 0, 1, 1, 0, 1, 0, 1, 0, 1, 1, 0, 1, 1, 0, 0, 1, 1, 0, 1, 0, 0, 0, 1, 1, 1, 0, 1, 0, 1, 1, 0, 0, 0, 1, 1, 0, 0, 0, 1, 1, 0, 1, 1, 1, 0, 0, 0, 0, 0, 1, 1, 0, 1, 1, 0, 0, 0, 0, 1, 0, 0, 1, 0, 0, 0, 0, 1, 1, 1, 1, 0, 0, 1, 0, 1, 1, 1, 1, 1, 1, 0, 0, 1, 0, 1, 0, 1, 1, 1, 0, 0, 0, 1, 1, 1, 0, 0, 1, 1, 1, 0, 1, 0, 1, 1, 1, 0, 1, 0, 0, 0, 0, 0, 0, 1, 0, 0, 0, 1, 1, 1, 0, 1, 1, 1, 0, 1, 1, 1, 0, 1, 1, 1, 1, 0, 1, 1, 0, 0, 1, 0, 0, 0, 0, 1, 0, 1, 0, 1, 1, 0, 1, 1...}
value address: 0x7fffffffd740
Type: A reference type.
Type sizeof: 8

[INFO -- 2018-12-08 06:52:40]
Fault Injection Successful after 6.928553581237793s
[INFO -- 2018-12-08 06:52:45]
event type: exit
[INFO -- 2018-12-08 06:52:45]
exit code: 0
