[INFO -- 2018-12-01 08:51:41]
Starting flip_value script
version: 1.1
[INFO -- 2018-12-01 08:51:41]
Initialization strings:
[INFO -- 2018-12-01 08:51:41]
(1) file /tmp/knapsack/mf
[INFO -- 2018-12-01 08:51:41]
initSignal:0
[INFO -- 2018-12-01 08:51:41]
endSignal:12
[INFO -- 2018-12-01 08:51:41]
faultModel:4
[INFO -- 2018-12-01 08:51:41]
Backtrace BEGIN:
#0  0x00007ffff7de227c in elf_dynamic_do_Rela (skip_ifunc=<optimized out>, lazy=1, nrelative=<optimized out>, relsize=<optimized out>, reladdr=<optimized out>, map=0x7ffff7fde000) at do-rel.h:63
#1  _dl_relocate_object (scope=<optimized out>, reloc_mode=<optimized out>, consider_profiling=<optimized out>, consider_profiling@entry=0) at dl-reloc.c:258
#2  0x00007ffff7dd9307 in dl_main (phdr=<optimized out>, phnum=<optimized out>, user_entry=<optimized out>, auxv=<optimized out>) at rtld.c:2190
#3  0x00007ffff7defdd0 in _dl_sysdep_start (start_argptr=start_argptr@entry=0x7fffffffde30, dl_main=dl_main@entry=0x7ffff7dd7660 <dl_main>) at ../elf/dl-sysdep.c:253
#4  0x00007ffff7dd7128 in _dl_start_final (arg=0x7fffffffde30) at rtld.c:414
#5  _dl_start (arg=0x7fffffffde30) at rtld.c:521
#6  0x00007ffff7dd6098 in _start () from /lib64/ld-linux-x86-64.so.2
#7  0x0000000000000001 in ?? ()
#8  0x00007fffffffe0d9 in ?? ()
#9  0x0000000000000000 in ?? ()

58	do-rel.h: No such file or directory.

Backtrace END
Memory content before bitflip:0x010x000x000x00
Fault Model: LSB bit-flip
base address to flip value: 0x7ffff7ffc748 
address max offset: 4
Memory content after  bitflip:0x010x000x000x80
frame name: _dl_start
symbol name: _dl_argc
symbol filename: rtld.c
symbol line: 82
value: -2147483647
value address: 0x7ffff7ffc748 <_dl_argc>
Type: The type is an integer type.
Type sizeof: 4

[INFO -- 2018-12-01 08:51:41]
Fault Injection Successful after 0.4492783546447754s
[INFO -- 2018-12-01 08:51:51]
event type: exit
[INFO -- 2018-12-01 08:51:51]
exit code: 0
