[INFO -- 2018-11-30 10:33:46]
Starting flip_value script
version: 1.1
[INFO -- 2018-11-30 10:33:46]
Initialization strings:
[INFO -- 2018-11-30 10:33:46]
(1) file /tmp/knapsack/sa
[INFO -- 2018-11-30 10:33:46]
initSignal:0
[INFO -- 2018-11-30 10:33:46]
endSignal:7
[INFO -- 2018-11-30 10:33:46]
faultModel:4
[EXCEPTION -- 2018-11-30 10:33:47]
gdbException: Cannot access memory at address 0x8000555555770fc0
[EXCEPTION -- 2018-11-30 10:33:47]
gdbException: Cannot access memory at address 0x8000555555770fc0
[EXCEPTION -- 2018-11-30 10:33:47]
gdbException: Cannot access memory at address 0x100055555576e610
[INFO -- 2018-11-30 10:33:47]
event type: exit
[EXCEPTION -- 2018-11-30 10:33:47]
exit code: no exit code available
