[INFO -- 2018-11-30 03:16:29]
Starting flip_value script
version: 1.1
[INFO -- 2018-11-30 03:16:29]
Initialization strings:
[INFO -- 2018-11-30 03:16:29]
(1) file /tmp/knapsack/sa
[INFO -- 2018-11-30 03:16:29]
initSignal:0
[INFO -- 2018-11-30 03:16:29]
endSignal:7
[INFO -- 2018-11-30 03:16:29]
faultModel:4
[INFO -- 2018-11-30 03:16:31]
Backtrace BEGIN:
#0  0x00005555555550e0 in cost (solution=std::vector of length 200, capacity 200 = {...}) at knapsacksa.cpp:28
#1  0x0000555555555259 in simulated_annealing () at knapsacksa.cpp:52
#2  0x0000555555555522 in main () at knapsacksa.cpp:85

23	}
24	
25	int cost(vector<int> &solution){
26	    int peso=0, valor=0;
27	    for(int i=0; i < n; i++){
28	       peso += solution[i] * wt[i];
29	       valor += solution[i] * val[i];
30	    }
31	    if(peso > W)
32	       return 99999999;

Backtrace END
Memory content before bitflip:0xbc0x0c0xaa0xf7
Fault Model: LSB bit-flip
base address to flip value: 0x7fffffffd9d8
address max offset: 4
Memory content after  bitflip:0xbc0x0c0xaa0xe7
frame name: main
symbol name: result1
symbol filename: knapsacksa.cpp
symbol line: 85
value: -408286020
value address: 0x7fffffffd9d8
Type: The type is an integer type.
Type sizeof: 4

[INFO -- 2018-11-30 03:16:31]
Fault Injection Successful after 2.8192074298858643s
[INFO -- 2018-11-30 03:16:37]
event type: exit
[INFO -- 2018-11-30 03:16:37]
exit code: 0
