[INFO -- 2018-11-30 06:16:16]
Starting flip_value script
version: 1.1
[INFO -- 2018-11-30 06:16:16]
Initialization strings:
[INFO -- 2018-11-30 06:16:16]
(1) file /tmp/knapsack/sa
[INFO -- 2018-11-30 06:16:16]
initSignal:0
[INFO -- 2018-11-30 06:16:16]
endSignal:7
[INFO -- 2018-11-30 06:16:16]
faultModel:2
[EXCEPTION -- 2018-11-30 06:16:17]
pythonException: Unable to exit loop in struct fields; Exiting wihtout making a bit flip
[INFO -- 2018-11-30 06:16:17]
Backtrace BEGIN:
#0  cost (solution=std::vector of length 200, capacity 200 = {...}) at knapsacksa.cpp:27
#1  0x0000555555555259 in simulated_annealing () at knapsacksa.cpp:52
#2  0x0000555555555522 in main () at knapsacksa.cpp:85

22	   return static_cast <float> (rand()) / static_cast <float> (RAND_MAX);
23	}
24	
25	int cost(vector<int> &solution){
26	    int peso=0, valor=0;
27	    for(int i=0; i < n; i++){
28	       peso += solution[i] * wt[i];
29	       valor += solution[i] * val[i];
30	    }
31	    if(peso > W)

Backtrace END
Memory content before bitflip:0x260x430x060x00
Fault Model: Random bit-flip
base address to flip value: 0x7fffffffd914
address max offset: 4
Memory content after  bitflip:0x290xda0x1b0x8d
frame name: cost
symbol name: peso
symbol filename: knapsacksa.cpp
symbol line: 26
value: -1927554519
value address: 0x7fffffffd914
Type: The type is an integer type.
Type sizeof: 4

[INFO -- 2018-11-30 06:16:17]
Fault Injection Successful after 1.8342161178588867s
[INFO -- 2018-11-30 06:16:24]
event type: exit
[INFO -- 2018-11-30 06:16:24]
exit code: 0
