[INFO -- 2018-12-09 01:00:59]
Starting flip_value script
version: 1.1
[INFO -- 2018-12-09 01:00:59]
Initialization strings:
[INFO -- 2018-12-09 01:00:59]
(1) file /tmp/knapsack/ga
[INFO -- 2018-12-09 01:00:59]
initSignal:1
[INFO -- 2018-12-09 01:00:59]
endSignal:8
[INFO -- 2018-12-09 01:00:59]
faultModel:2
[INFO -- 2018-12-09 01:01:00]
Backtrace BEGIN:
#0  0x00005555555553ef in crossover (pai=std::vector of length 200, capacity 200 = {...}, mae=std::vector of length 200, capacity 200 = {...}, filho1=std::vector of length 200, capacity 200 = {...}, filho2=std::vector of length 200, capacity 200 = {...}) at knapsackga.cpp:99
#1  0x00005555555556d7 in genetic_algorithm () at knapsackga.cpp:130
#2  0x0000555555555b6c in main () at knapsackga.cpp:165

94	    for(int i = 0; i < n; i++){
95	        mask[i] = rand_bit();
96	    }
97	    filho1 = pai;
98	    filho2 = mae;
99	    for(int i = 0; i < n; i++){
100	        if(mask[i]){
101	            swap(filho1[i], filho2[i]);
102	        }
103	    }

Backtrace END
Memory content before bitflip:0x310xfb0x080x00
Fault Model: Random bit-flip
base address to flip value: 0x55555575f0b4 
address max offset: 4
Memory content after  bitflip:0x0e0x770x7e0x6c
frame name: main
symbol name: W2
symbol filename: knapsackga.cpp
symbol line: 18
value: 1820227342
value address: 0x55555575f0b4 <W2>
Type: The type is an integer type.
Type sizeof: 4

[INFO -- 2018-12-09 01:01:00]
Fault Injection Successful after 1.7555477619171143s
[INFO -- 2018-12-09 01:01:00]
event type: exit
[INFO -- 2018-12-09 01:01:00]
exit code: 0
