[INFO -- 2018-12-08 03:57:35]
Starting flip_value script
version: 1.1
[INFO -- 2018-12-08 03:57:35]
Initialization strings:
[INFO -- 2018-12-08 03:57:35]
(1) file /tmp/knapsack/sa
[INFO -- 2018-12-08 03:57:35]
initSignal:0
[INFO -- 2018-12-08 03:57:35]
endSignal:9
[INFO -- 2018-12-08 03:57:35]
faultModel:2
[INFO -- 2018-12-08 03:57:37]
Backtrace BEGIN:
#0  0x0000555555555093 in random01 () at knapsacksa.cpp:48
#1  0x00005555555553a6 in simulated_annealing () at knapsacksa.cpp:104
#2  0x0000555555555658 in main () at knapsacksa.cpp:146

43	int rand_bit(){
44	    return rand() % 2;
45	}
46	
47	float random01(){
48	    return static_cast <float> (rand()) / static_cast <float> (RAND_MAX);
49	}
50	
51	int cost(vector<int> &solution){
52	    if(n != n2 || W != W2){

Backtrace END
Memory content before bitflip:0x310xfb0x080x00
Fault Model: Random bit-flip
base address to flip value: 0x555555759034 
address max offset: 4
Memory content after  bitflip:0x840x8b0xec0xc9
frame name: simulated_annealing
symbol name: W2
symbol filename: knapsacksa.cpp
symbol line: 13
value: -907244668
value address: 0x555555759034 <W2>
Type: The type is an integer type.
Type sizeof: 4

[INFO -- 2018-12-08 03:57:37]
Fault Injection Successful after 2.7620091438293457s
[INFO -- 2018-12-08 03:57:37]
event type: exit
[INFO -- 2018-12-08 03:57:37]
exit code: 0
