[INFO -- 2018-12-09 00:34:00]
Starting flip_value script
version: 1.1
[INFO -- 2018-12-09 00:34:00]
Initialization strings:
[INFO -- 2018-12-09 00:34:00]
(1) file /tmp/knapsack/sa
[INFO -- 2018-12-09 00:34:00]
initSignal:0
[INFO -- 2018-12-09 00:34:00]
endSignal:9
[INFO -- 2018-12-09 00:34:00]
faultModel:0
[INFO -- 2018-12-09 00:34:04]
Backtrace BEGIN:
#0  0x0000555555555305 in simulated_annealing () at knapsacksa.cpp:90
#1  0x0000555555555658 in main () at knapsacksa.cpp:146

85	
86	    //int co=0;
87	
88	    for(int t = 0; t < 1000000; t++){
89	        vector<int> s(solution);
90	        int i = rand() % n;
91	        s[i] = 1 - s[i];
92	        int c = cost(s);
93	        if(best != best2){
94	            exit_gracefully();

Backtrace END
Memory content before bitflip:0x410x460x000x00
Fault Model: Single bit-flip
base address to flip value: 0x7fffffffd71c
address max offset: 4
Memory content after  bitflip:0x410x470x000x00
frame name: simulated_annealing
symbol name: delta
symbol filename: knapsacksa.cpp
symbol line: 96
value: 18241
value address: 0x7fffffffd71c
Type: The type is an integer type.
Type sizeof: 4

[INFO -- 2018-12-09 00:34:04]
Fault Injection Successful after 4.044355154037476s
[INFO -- 2018-12-09 00:34:09]
event type: exit
[INFO -- 2018-12-09 00:34:09]
exit code: 0
