[INFO -- 2018-11-30 07:17:44]
Starting flip_value script
version: 1.1
[INFO -- 2018-11-30 07:17:44]
Initialization strings:
[INFO -- 2018-11-30 07:17:44]
(1) file /tmp/knapsack/sa
[INFO -- 2018-11-30 07:17:44]
initSignal:0
[INFO -- 2018-11-30 07:17:44]
endSignal:7
[INFO -- 2018-11-30 07:17:44]
faultModel:1
[INFO -- 2018-11-30 07:17:46]
Backtrace BEGIN:
#0  0x00005555555550dd in cost (solution=std::vector of length 200, capacity 200 = {...}) at knapsacksa.cpp:28
#1  0x0000555555555259 in simulated_annealing () at knapsacksa.cpp:52
#2  0x0000555555555522 in main () at knapsacksa.cpp:85

23	}
24	
25	int cost(vector<int> &solution){
26	    int peso=0, valor=0;
27	    for(int i=0; i < n; i++){
28	       peso += solution[i] * wt[i];
29	       valor += solution[i] * val[i];
30	    }
31	    if(peso > W)
32	       return 99999999;

Backtrace END
Memory content before bitflip:0xff0x7f0x000x00
Fault Model: Double bit-flip
base address to flip value: 0x7fffffffd9dc
address max offset: 4
Memory content after  bitflip:0xff0x7f0xc00x00
frame name: main
symbol name: result2
symbol filename: knapsacksa.cpp
symbol line: 87
value: 12615679
value address: 0x7fffffffd9dc
Type: The type is an integer type.
Type sizeof: 4

[INFO -- 2018-11-30 07:17:46]
Fault Injection Successful after 2.2816033363342285s
[INFO -- 2018-11-30 07:17:52]
event type: exit
[INFO -- 2018-11-30 07:17:52]
exit code: 0
