[INFO -- 2018-09-25 03:00:36]
Starting flip_value script
version: 1.1
[INFO -- 2018-09-25 03:00:36]
Initialization strings:
[INFO -- 2018-09-25 03:00:36]
(1) file /tmp/knapsack/ga
[INFO -- 2018-09-25 03:00:36]
initSignal:1
[INFO -- 2018-09-25 03:00:36]
endSignal:3.5
[INFO -- 2018-09-25 03:00:36]
faultModel:1
[INFO -- 2018-09-25 03:00:37]
Backtrace BEGIN:
#0  0x0000555555558449 in std::_Vector_base<int, std::allocator<int> >::_Vector_impl::_M_swap_data (this=0x7fffffffd690, __x=...) at /usr/include/c++/7/bits/stl_vector.h:106
#1  0x0000555555556fb7 in std::_Vector_base<int, std::allocator<int> >::_Vector_base (this=0x7fffffffd690, __x=...) at /usr/include/c++/7/bits/stl_vector.h:146
#2  0x0000555555555f6c in std::vector<int, std::allocator<int> >::vector (this=0x7fffffffd690, __x=...) at /usr/include/c++/7/bits/stl_vector.h:345
#3  0x00005555555591ff in chromossome::chromossome (this=0x7fffffffd690) at knapsackga.cpp:42
#4  0x0000555555559ed3 in std::__unguarded_linear_insert<__gnu_cxx::__normal_iterator<chromossome*, std::vector<chromossome, std::allocator<chromossome> > >, __gnu_cxx::__ops::_Val_less_iter> (__last={solution = std::vector of length 23456248634092, capacity 23456248634092 = {<error reading variable>, __comp=...) at /usr/include/c++/7/bits/stl_algo.h:1825
#5  0x0000555555559374 in std::__insertion_sort<__gnu_cxx::__normal_iterator<chromossome*, std::vector<chromossome, std::allocator<chromossome> > >, __gnu_cxx::__ops::_Iter_less_iter> (__first={solution = std::vector of length 200, capacity 200 = {0, 1, 0, 0, 1, 1, 0, 0, 0, 0, 0, 0, 0, 1, 1, 1, 1, 0, 0, 0, 0, 0, 0, 0, 1, 0, 0, 1, 1, 0, 0, 0, 0, 1, 1, 0, 0, 1, 1, 1, 0, 0, 0, 0, 1, 0, 1, 0, 1, 0, 0, 1, 1, 0, 1, 1, 1, 0, 0, 1, 1, 1, 1, 0, 0, 0, 1, 0, 1, 0, 0, 0, 0, 0, 0, 1, 0, 0, 0, 1, 1, 0, 0, 1, 1, 0, 1, 0, 1, 0, 0, 1, 0, 0, 1, 0, 0, 0, 0, 0, 0, 1, 0, 1, 0, 1, 1, 1, 0, 0, 0, 0, 0, 1, 0, 1, 0, 0, 1, 1, 1, 0, 1, 1, 0, 0, 1, 0, 1, 1, 1, 1, 0, 0, 1, 0, 0, 1, 1, 0, 0, 0, 1, 0, 1, 0, 0, 0, 0, 1, 0, 0, 0, 1, 0, 0, 0, 1, 1, 1, 1, 0, 0, 0, 1, 0, 0, 0, 1, 1, 0, 0, 1, 0, 1, 0, 0, 0, 0, 0, 1, 0, 0, 1, 1, 0, 1, 1, 1, 0, 0, 0, 0, 0, 0, 0, 0, 0, 0, 1...}, fitness = -510557}, __last={solution = std::vector of length 0, capacity 0, fitness = 99999999}, __comp=...) at /usr/include/c++/7/bits/stl_algo.h:1855
#6  0x000055555555826f in std::__final_insertion_sort<__gnu_cxx::__normal_iterator<chromossome*, std::vector<chromossome, std::allocator<chromossome> > >, __gnu_cxx::__ops::_Iter_less_iter> (__first={solution = std::vector of length 200, capacity 200 = {0, 1, 0, 0, 1, 1, 0, 0, 0, 0, 0, 0, 0, 1, 1, 1, 1, 0, 0, 0, 0, 0, 0, 0, 1, 0, 0, 1, 1, 0, 0, 0, 0, 1, 1, 0, 0, 1, 1, 1, 0, 0, 0, 0, 1, 0, 1, 0, 1, 0, 0, 1, 1, 0, 1, 1, 1, 0, 0, 1, 1, 1, 1, 0, 0, 0, 1, 0, 1, 0, 0, 0, 0, 0, 0, 1, 0, 0, 0, 1, 1, 0, 0, 1, 1, 0, 1, 0, 1, 0, 0, 1, 0, 0, 1, 0, 0, 0, 0, 0, 0, 1, 0, 1, 0, 1, 1, 1, 0, 0, 0, 0, 0, 1, 0, 1, 0, 0, 1, 1, 1, 0, 1, 1, 0, 0, 1, 0, 1, 1, 1, 1, 0, 0, 1, 0, 0, 1, 1, 0, 0, 0, 1, 0, 1, 0, 0, 0, 0, 1, 0, 0, 0, 1, 0, 0, 0, 1, 1, 1, 1, 0, 0, 0, 1, 0, 0, 0, 1, 1, 0, 0, 1, 0, 1, 0, 0, 0, 0, 0, 1, 0, 0, 1, 1, 0, 1, 1, 1, 0, 0, 0, 0, 0, 0, 0, 0, 0, 0, 1...}, fitness = -510557}, __last={solution = std::vector of length 0, capacity 0, fitness = 99999999}, __comp=...) at /usr/include/c++/7/bits/stl_algo.h:1890
#7  0x0000555555556da9 in std::__sort<__gnu_cxx::__normal_iterator<chromossome*, std::vector<chromossome, std::allocator<chromossome> > >, __gnu_cxx::__ops::_Iter_less_iter> (__first={solution = std::vector of length 200, capacity 200 = {0, 1, 0, 0, 1, 1, 0, 0, 0, 0, 0, 0, 0, 1, 1, 1, 1, 0, 0, 0, 0, 0, 0, 0, 1, 0, 0, 1, 1, 0, 0, 0, 0, 1, 1, 0, 0, 1, 1, 1, 0, 0, 0, 0, 1, 0, 1, 0, 1, 0, 0, 1, 1, 0, 1, 1, 1, 0, 0, 1, 1, 1, 1, 0, 0, 0, 1, 0, 1, 0, 0, 0, 0, 0, 0, 1, 0, 0, 0, 1, 1, 0, 0, 1, 1, 0, 1, 0, 1, 0, 0, 1, 0, 0, 1, 0, 0, 0, 0, 0, 0, 1, 0, 1, 0, 1, 1, 1, 0, 0, 0, 0, 0, 1, 0, 1, 0, 0, 1, 1, 1, 0, 1, 1, 0, 0, 1, 0, 1, 1, 1, 1, 0, 0, 1, 0, 0, 1, 1, 0, 0, 0, 1, 0, 1, 0, 0, 0, 0, 1, 0, 0, 0, 1, 0, 0, 0, 1, 1, 1, 1, 0, 0, 0, 1, 0, 0, 0, 1, 1, 0, 0, 1, 0, 1, 0, 0, 0, 0, 0, 1, 0, 0, 1, 1, 0, 1, 1, 1, 0, 0, 0, 0, 0, 0, 0, 0, 0, 0, 1...}, fitness = -510557}, __last={solution = std::vector of length 0, capacity 0, fitness = 99999999}, __comp=...) at /usr/include/c++/7/bits/stl_algo.h:1971
#8  0x0000555555555dfd in std::sort<__gnu_cxx::__normal_iterator<chromossome*, std::vector<chromossome, std::allocator<chromossome> > > > (__first={solution = std::vector of length 200, capacity 200 = {0, 1, 0, 0, 1, 1, 0, 0, 0, 0, 0, 0, 0, 1, 1, 1, 1, 0, 0, 0, 0, 0, 0, 0, 1, 0, 0, 1, 1, 0, 0, 0, 0, 1, 1, 0, 0, 1, 1, 1, 0, 0, 0, 0, 1, 0, 1, 0, 1, 0, 0, 1, 1, 0, 1, 1, 1, 0, 0, 1, 1, 1, 1, 0, 0, 0, 1, 0, 1, 0, 0, 0, 0, 0, 0, 1, 0, 0, 0, 1, 1, 0, 0, 1, 1, 0, 1, 0, 1, 0, 0, 1, 0, 0, 1, 0, 0, 0, 0, 0, 0, 1, 0, 1, 0, 1, 1, 1, 0, 0, 0, 0, 0, 1, 0, 1, 0, 0, 1, 1, 1, 0, 1, 1, 0, 0, 1, 0, 1, 1, 1, 1, 0, 0, 1, 0, 0, 1, 1, 0, 0, 0, 1, 0, 1, 0, 0, 0, 0, 1, 0, 0, 0, 1, 0, 0, 0, 1, 1, 1, 1, 0, 0, 0, 1, 0, 0, 0, 1, 1, 0, 0, 1, 0, 1, 0, 0, 0, 0, 0, 1, 0, 0, 1, 1, 0, 1, 1, 1, 0, 0, 0, 0, 0, 0, 0, 0, 0, 0, 1...}, fitness = -510557}, __last={solution = std::vector of length 0, capacity 0, fitness = 99999999}) at /usr/include/c++/7/bits/stl_algo.h:4836
#9  0x0000555555555058 in tournament (pop=std::vector of length 40, capacity 64 = {...}) at knapsackga.cpp:66
#10 0x0000555555555409 in genetic_algorithm () at knapsackga.cpp:102
#11 0x00005555555558d7 in main () at knapsackga.cpp:137

101	#endif
102	
103		void _M_swap_data(_Vector_impl& __x) _GLIBCXX_NOEXCEPT
104		{
105		  std::swap(_M_start, __x._M_start);
106		  std::swap(_M_finish, __x._M_finish);
107		  std::swap(_M_end_of_storage, __x._M_end_of_storage);
108		}
109	      };
110	

Backtrace END
Memory content before bitflip:0x310xfb0x080x00
Fault Model: Double bit-flip
base address to flip value: 0x55555575f06c 
address max offset: 4
Memory content after  bitflip:0x310xfb0x080xa0
frame name: std::__final_insertion_sort<__gnu_cxx::__normal_iterator<chromossome*, std::vector<chromossome, std::allocator<chromossome> > >, __gnu_cxx::__ops::_Iter_less_iter>
symbol name: W
symbol filename: knapsackga.cpp
symbol line: 16
value: -1610024143
value address: 0x55555575f06c <W>
Type: The type is an integer type.
Type sizeof: 4

[INFO -- 2018-09-25 03:00:37]
Fault Injection Successful after 1.963555097579956s
[INFO -- 2018-09-25 03:00:40]
event type: exit
[INFO -- 2018-09-25 03:00:40]
exit code: 0
