[INFO -- 2018-12-01 04:38:23]
Starting flip_value script
version: 1.1
[INFO -- 2018-12-01 04:38:23]
Initialization strings:
[INFO -- 2018-12-01 04:38:23]
(1) file /tmp/knapsack/ga
[INFO -- 2018-12-01 04:38:23]
initSignal:0
[INFO -- 2018-12-01 04:38:23]
endSignal:13
[INFO -- 2018-12-01 04:38:23]
faultModel:0
[INFO -- 2018-12-01 04:38:24]
Backtrace BEGIN:
#0  0x000055555555711a in std::_Vector_base<int, std::allocator<int> >::_Vector_base (this=0x555555776b60, __n=200, __a=...) at /usr/include/c++/7/bits/stl_vector.h:138
#1  0x0000555555556113 in std::vector<int, std::allocator<int> >::vector (this=0x555555776b60, __x=std::vector of length 200, capacity 200 = {...}) at /usr/include/c++/7/bits/stl_vector.h:328
#2  0x000055555555810d in chromossome::chromossome (this=0x555555776b60) at knapsackga.cpp:42
#3  0x000055555555816a in __gnu_cxx::new_allocator<chromossome>::construct<chromossome, chromossome const&> (this=0x7fffffffd880, __p=0x555555776b60, __args#0=...) at /usr/include/c++/7/ext/new_allocator.h:136
#4  0x0000555555556d46 in std::allocator_traits<std::allocator<chromossome> >::construct<chromossome, chromossome const&> (__a=..., __p=0x555555776b60, __args#0=...) at /usr/include/c++/7/bits/alloc_traits.h:475
#5  0x0000555555555f80 in std::vector<chromossome, std::allocator<chromossome> >::push_back (this=0x7fffffffd880, __x=...) at /usr/include/c++/7/bits/stl_vector.h:943
#6  0x0000555555555621 in genetic_algorithm () at knapsackga.cpp:106
#7  0x0000555555555a9b in main () at knapsackga.cpp:141

133	      : _M_impl()
134	      { _M_create_storage(__n); }
135	
136	      _Vector_base(size_t __n, const allocator_type& __a)
137	      : _M_impl(__a)
138	      { _M_create_storage(__n); }
139	
140	#if __cplusplus >= 201103L
141	      _Vector_base(_Tp_alloc_type&& __a) noexcept
142	      : _M_impl(std::move(__a)) { }

Backtrace END
Memory content before bitflip:0x310xfb0x080x00
Fault Model: Single bit-flip
base address to flip value: 0x55555575f17c 
address max offset: 4
Memory content after  bitflip:0x310xff0x080x00
frame name: std::vector<chromossome, std::allocator<chromossome> >::push_back
symbol name: W
symbol filename: knapsackga.cpp
symbol line: 16
value: 589617
value address: 0x55555575f17c <W>
Type: The type is an integer type.
Type sizeof: 4

[INFO -- 2018-12-01 04:38:24]
Fault Injection Successful after 1.4234082698822021s
[INFO -- 2018-12-01 04:38:36]
event type: exit
[INFO -- 2018-12-01 04:38:36]
exit code: 0
