[INFO -- 2018-09-23 17:07:05]
Starting flip_value script
version: 1.1
[INFO -- 2018-09-23 17:07:05]
Initialization strings:
[INFO -- 2018-09-23 17:07:05]
(1) file /tmp/knapsack/sa
[INFO -- 2018-09-23 17:07:05]
initSignal:0
[INFO -- 2018-09-23 17:07:05]
endSignal:2
[INFO -- 2018-09-23 17:07:05]
faultModel:2
[INFO -- 2018-09-23 17:07:05]
Backtrace BEGIN:
#0  0x0000555555554f7b in cost (solution=std::vector of length 200, capacity 200 = {...}) at knapsacksa.cpp:27
#1  0x000055555555511f in simulated_annealing () at knapsacksa.cpp:50
#2  0x000055555555535e in main () at knapsacksa.cpp:84

22	   return static_cast <float> (rand()) / static_cast <float> (RAND_MAX);
23	}
24	
25	int cost(vector<int> &solution){
26	    int peso=0, valor=0;
27	    for(int i=0; i < n; i++){
28	       peso += solution[i] * wt[i];
29	       valor += solution[i] * val[i];
30	    }
31	    if(peso > W)

Backtrace END
Memory content before bitflip:0xa90x910xf80xff
Fault Model: Random bit-flip
base address to flip value: 0x7fffffffd9f8
address max offset: 4
Memory content after  bitflip:0x990xb80x330xe7
frame name: simulated_annealing
symbol name: c
symbol filename: knapsacksa.cpp
symbol line: 50
value: -416040807
value address: 0x7fffffffd9f8
Type: The type is an integer type.
Type sizeof: 4

[INFO -- 2018-09-23 17:07:05]
Fault Injection Successful after 0.906461238861084s
[INFO -- 2018-09-23 17:07:07]
event type: exit
[INFO -- 2018-09-23 17:07:07]
exit code: 0
