[INFO -- 2018-09-24 18:27:10]
Starting flip_value script
version: 1.1
[INFO -- 2018-09-24 18:27:10]
Initialization strings:
[INFO -- 2018-09-24 18:27:10]
(1) file /tmp/knapsack/ga
[INFO -- 2018-09-24 18:27:10]
initSignal:1
[INFO -- 2018-09-24 18:27:10]
endSignal:3.5
[INFO -- 2018-09-24 18:27:10]
faultModel:0
[INFO -- 2018-09-24 18:27:12]
Backtrace BEGIN:
#0  0x000055555555843a in std::_Vector_base<int, std::allocator<int> >::_Vector_impl::_M_swap_data (this=0x7fffffffd910, __x=...) at /usr/include/c++/7/bits/stl_vector.h:105
#1  0x0000555555557442 in std::vector<int, std::allocator<int> >::_M_move_assign (this=0x7fffffffd910, __x=...) at /usr/include/c++/7/bits/stl_vector.h:1533
#2  0x0000555555556453 in std::vector<int, std::allocator<int> >::operator= (this=0x7fffffffd910, __x=...) at /usr/include/c++/7/bits/stl_vector.h:466
#3  0x0000555555555422 in genetic_algorithm () at knapsackga.cpp:102
#4  0x00005555555558d7 in main () at knapsackga.cpp:137

100		{ }
101	#endif
102	
103		void _M_swap_data(_Vector_impl& __x) _GLIBCXX_NOEXCEPT
104		{
105		  std::swap(_M_start, __x._M_start);
106		  std::swap(_M_finish, __x._M_finish);
107		  std::swap(_M_end_of_storage, __x._M_end_of_storage);
108		}
109	      };

Backtrace END
Memory content before bitflip:0x280x000x000x00
Fault Model: Single bit-flip
base address to flip value: 0x55555575f010 
address max offset: 4
Memory content after  bitflip:0x2a0x000x000x00
frame name: std::_Vector_base<int, std::allocator<int> >::_Vector_impl::_M_swap_data
symbol name: pop_size
symbol filename: knapsackga.cpp
symbol line: 17
value: 42
value address: 0x55555575f010 <pop_size>
Type: The type is an integer type.
Type sizeof: 4

[INFO -- 2018-09-24 18:27:12]
Fault Injection Successful after 2.230952739715576s
[INFO -- 2018-09-24 18:27:15]
event type: exit
[INFO -- 2018-09-24 18:27:15]
exit code: 0
