[INFO -- 2018-09-23 19:18:22]
Starting flip_value script
version: 1.1
[INFO -- 2018-09-23 19:18:22]
Initialization strings:
[INFO -- 2018-09-23 19:18:22]
(1) file /tmp/knapsack/sa
[INFO -- 2018-09-23 19:18:22]
initSignal:0
[INFO -- 2018-09-23 19:18:22]
endSignal:2
[INFO -- 2018-09-23 19:18:22]
faultModel:2
[INFO -- 2018-09-23 19:18:22]
Backtrace BEGIN:
#0  cost (solution=std::vector of length 200, capacity 200 = {...}) at knapsacksa.cpp:27
#1  0x000055555555511f in simulated_annealing () at knapsacksa.cpp:50
#2  0x000055555555535e in main () at knapsacksa.cpp:84

22	   return static_cast <float> (rand()) / static_cast <float> (RAND_MAX);
23	}
24	
25	int cost(vector<int> &solution){
26	    int peso=0, valor=0;
27	    for(int i=0; i < n; i++){
28	       peso += solution[i] * wt[i];
29	       valor += solution[i] * val[i];
30	    }
31	    if(peso > W)

Backtrace END
Memory content before bitflip:0xb50x000x000x00
Fault Model: Random bit-flip
base address to flip value: 0x7fffffffd9d8
address max offset: 4
Memory content after  bitflip:0x920x560x2f0x2c
frame name: simulated_annealing
symbol name: i
symbol filename: knapsacksa.cpp
symbol line: 48
value: 741299858
value address: 0x7fffffffd9d8
Type: The type is an integer type.
Type sizeof: 4

[INFO -- 2018-09-23 19:18:22]
Fault Injection Successful after 0.6550533771514893s
[INFO -- 2018-09-23 19:18:24]
event type: exit
[INFO -- 2018-09-23 19:18:24]
exit code: 0
