[INFO -- 2018-09-25 09:38:09]
Starting flip_value script
version: 1.1
[INFO -- 2018-09-25 09:38:09]
Initialization strings:
[INFO -- 2018-09-25 09:38:09]
(1) file /tmp/knapsack/ga
[INFO -- 2018-09-25 09:38:09]
initSignal:1
[INFO -- 2018-09-25 09:38:09]
endSignal:3.5
[INFO -- 2018-09-25 09:38:09]
faultModel:2
[EXCEPTION -- 2018-09-25 09:38:11]
pythonException: Unable to exit loop in struct fields; Exiting wihtout making a bit flip
[INFO -- 2018-09-25 09:38:11]
Backtrace BEGIN:
#0  0x0000555555555b62 in chromossome::~chromossome (this=0x555555776380, __in_chrg=<optimized out>) at knapsackga.cpp:42
#1  0x00005555555599b7 in std::_Destroy<chromossome> (__pointer=0x555555776380) at /usr/include/c++/7/bits/stl_construct.h:98
#2  0x0000555555558f21 in std::_Destroy_aux<false>::__destroy<chromossome*> (__first=0x555555776380, __last=0x5555557763a0) at /usr/include/c++/7/bits/stl_construct.h:108
#3  0x0000555555557e12 in std::_Destroy<chromossome*> (__first=0x555555776380, __last=0x5555557763a0) at /usr/include/c++/7/bits/stl_construct.h:137
#4  0x0000555555556a49 in std::_Destroy<chromossome*, chromossome> (__first=0x555555776380, __last=0x5555557763a0) at /usr/include/c++/7/bits/stl_construct.h:206
#5  0x0000555555556bfa in std::vector<chromossome, std::allocator<chromossome> >::_M_realloc_insert<chromossome const&> (this=0x7fffffffd870, __position={solution = std::vector of length 20, capacity 0 = {<error reading variable>, __args#0=...) at /usr/include/c++/7/bits/vector.tcc:446
#6  0x0000555555555d28 in std::vector<chromossome, std::allocator<chromossome> >::push_back (this=0x7fffffffd870, __x=...) at /usr/include/c++/7/bits/stl_vector.h:948
#7  0x000055555555502c in tournament (pop=std::vector of length 40, capacity 64 = {...}) at knapsackga.cpp:63
#8  0x0000555555555447 in genetic_algorithm () at knapsackga.cpp:103
#9  0x00005555555558d7 in main () at knapsackga.cpp:137

37	
38	float random01(){
39	   return static_cast <float> (rand()) / static_cast <float> (RAND_MAX);
40	}
41	
42	struct chromossome{
43	    vector<int> solution;
44	    int fitness;
45	    chromossome(int size){  
46	        for(int i = 0; i < size; i++)

Backtrace END
Memory content before bitflip:0x010x000x000x000x000x000x000x00
Fault Model: Random bit-flip
base address to flip value: 0x7fffffffd7f8
address max offset: 8
Memory content after  bitflip:0xb90x9b0x680xc70xbe0xa60xfd0x3f
frame name: std::vector<chromossome, std::allocator<chromossome> >::_M_realloc_insert<chromossome const&>
symbol name: __elems_before
symbol filename: /usr/include/c++/7/bits/vector.tcc
symbol line: 405
value: 4611024931816774585
value address: 0x7fffffffd7f8
Type: The type is an integer type.
Type sizeof: 8

[INFO -- 2018-09-25 09:38:11]
Fault Injection Successful after 2.204279899597168s
[INFO -- 2018-09-25 09:38:13]
event type: exit
[INFO -- 2018-09-25 09:38:13]
exit code: 0
