[INFO -- 2018-12-08 23:09:41]
Starting flip_value script
version: 1.1
[INFO -- 2018-12-08 23:09:41]
Initialization strings:
[INFO -- 2018-12-08 23:09:41]
(1) file /tmp/knapsack/ga
[INFO -- 2018-12-08 23:09:41]
initSignal:1
[INFO -- 2018-12-08 23:09:41]
endSignal:8
[INFO -- 2018-12-08 23:09:41]
faultModel:4
[INFO -- 2018-12-08 23:09:47]
Backtrace BEGIN:
#0  0x00005555555562a3 in std::vector<int, std::allocator<int> >::vector (this=0x7fffffffd820, __n=140737488345056, __a=...) at /usr/include/c++/7/bits/stl_vector.h:283
#1  0x0000555555555318 in crossover (pai=std::vector of length 200, capacity 200 = {...}, mae=std::vector of length 200, capacity 200 = {...}, filho1=std::vector of length 0, capacity 0, filho2=std::vector of length 0, capacity 0) at knapsackga.cpp:93
#2  0x00005555555556d7 in genetic_algorithm () at knapsackga.cpp:130
#3  0x0000555555555b6c in main () at knapsackga.cpp:165

278	       *
279	       *  This constructor fills the %vector with @a __n default
280	       *  constructed elements.
281	       */
282	      explicit
283	      vector(size_type __n, const allocator_type& __a = allocator_type())
284	      : _Base(__n, __a)
285	      { _M_default_initialize(__n); }
286	
287	      /**

Backtrace END
Fliping value of field: fitness
Memory content before bitflip:0xff0xe00xf50x05
Fault Model: LSB bit-flip
base address to flip value: 0x7fffffffd9b8
address max offset: 4
Memory content after  bitflip:0xff0xe00xf50x45
frame name: genetic_algorithm
symbol name: f2
symbol filename: knapsackga.cpp
symbol line: 131
value: {solution = std::vector of length 200, capacity 200 = {0, 0, 0, 0, 1, 1, 1, 0, 0, 0, 0, 0, 0, 1, 1, 1, 1, 0, 1, 1, 0, 0, 0, 0, 1, 0, 0, 0, 1, 0, 0, 0, 0, 1, 1, 0, 0, 1, 1, 1, 0, 1, 0, 0, 1, 0, 1, 0, 0, 0, 0, 1, 0, 0, 1, 1, 1, 0, 1, 1, 1, 0, 0, 0, 0, 0, 1, 0, 0, 0, 1, 1, 1, 1, 0, 1, 0, 0, 0, 1, 1, 0, 0, 1, 1, 0, 1, 0, 1, 0, 0, 1, 0, 0, 1, 0, 0, 0, 0, 0, 0, 0, 0, 1, 0, 1, 1, 1, 0, 0, 1, 0, 0, 1, 0, 1, 0, 0, 0, 1, 1, 0, 1, 0, 0, 0, 0, 1, 1, 1, 1, 0, 1, 0, 1, 0, 0, 0, 1, 0, 0, 0, 1, 0, 1, 0, 0, 0, 0, 1, 0, 0, 0, 0, 0, 0, 0, 1, 1, 1, 0, 0, 0, 0, 1, 0, 1, 0, 0, 1, 0, 0, 1, 0, 1, 0, 0, 0, 1, 0, 1, 0, 0, 1, 0, 0, 1, 0, 0, 0, 0, 0, 0, 0, 0, 0, 0, 0, 0, 1...}, fitness = 1173741823}
value address: 0x7fffffffd9a0
Type: The type is a structure.
Type sizeof: 32
Field name: solution
Field Type: The type is a structure.
Field Type sizeof: 24
Field name: fitness
Field Type: The type is an integer type.
Field Type sizeof: 4

[INFO -- 2018-12-08 23:09:47]
Fault Injection Successful after 6.633013963699341s
[INFO -- 2018-12-08 23:09:50]
event type: exit
[INFO -- 2018-12-08 23:09:50]
exit code: 0
