[INFO -- 2018-09-25 04:54:30]
Starting flip_value script
version: 1.1
[INFO -- 2018-09-25 04:54:30]
Initialization strings:
[INFO -- 2018-09-25 04:54:30]
(1) file /tmp/knapsack/ga
[INFO -- 2018-09-25 04:54:30]
initSignal:1
[INFO -- 2018-09-25 04:54:30]
endSignal:3.5
[INFO -- 2018-09-25 04:54:30]
faultModel:2
[INFO -- 2018-09-25 04:54:33]
Backtrace BEGIN:
#0  0x0000555555554f05 in cost (solution=std::vector of length 200, capacity 200 = {...}) at knapsackga.cpp:26
#1  0x0000555555555654 in genetic_algorithm () at knapsackga.cpp:112
#2  0x00005555555558d7 in main () at knapsackga.cpp:137

21	}
22	
23	int cost(vector<int> &solution){
24	    int peso=0, valor=0;
25	    for(int i=0; i < n; i++){
26	       peso += solution[i] * wt[i];
27	       valor += solution[i] * val[i];
28	    }
29	
30	    if(peso > W){

Backtrace END
Memory content before bitflip:0xb90x700x070x00
Fault Model: Random bit-flip
base address to flip value: 0x7fffffffd888
address max offset: 4
Memory content after  bitflip:0xf70x1e0xd10x62
frame name: cost
symbol name: valor
symbol filename: knapsackga.cpp
symbol line: 24
value: 1657872119
value address: 0x7fffffffd888
Type: The type is an integer type.
Type sizeof: 4

[INFO -- 2018-09-25 04:54:33]
Fault Injection Successful after 3.0262298583984375s
[INFO -- 2018-09-25 04:54:34]
event type: exit
[INFO -- 2018-09-25 04:54:34]
exit code: 0
