[INFO -- 2018-11-30 09:58:15]
Starting flip_value script
version: 1.1
[INFO -- 2018-11-30 09:58:15]
Initialization strings:
[INFO -- 2018-11-30 09:58:15]
(1) file /tmp/knapsack/sa
[INFO -- 2018-11-30 09:58:15]
initSignal:0
[INFO -- 2018-11-30 09:58:15]
endSignal:7
[INFO -- 2018-11-30 09:58:15]
faultModel:1
[EXCEPTION -- 2018-11-30 09:58:16]
pythonException: empty range for randrange() (0,0, 0)
[INFO -- 2018-11-30 09:58:16]
Backtrace BEGIN:
#0  0x00005555555557a0 in std::vector<int, std::allocator<int> >::operator[] (this=0x555555759140 <val>, __n=26) at /usr/include/c++/7/bits/stl_vector.h:798
#1  0x000055555555510e in cost (solution=std::vector of length 200, capacity 200 = {...}) at knapsacksa.cpp:29
#2  0x0000555555555259 in simulated_annealing () at knapsacksa.cpp:52
#3  0x0000555555555522 in main () at knapsacksa.cpp:85

793	       */
794	      reference
795	      operator[](size_type __n) _GLIBCXX_NOEXCEPT
796	      {
797		__glibcxx_requires_subscript(__n);
798		return *(this->_M_impl._M_start + __n);
799	      }
800	
801	      /**
802	       *  @brief  Subscript access to the data contained in the %vector.

Backtrace END
Memory content before bitflip:0xe70x820x010x00
Fault Model: Double bit-flip
base address to flip value: 0x7fffffffd914
address max offset: 4
Memory content after  bitflip:0xe70x810x010x00
frame name: cost
symbol name: peso
symbol filename: knapsacksa.cpp
symbol line: 26
value: 98791
value address: 0x7fffffffd914
Type: The type is an integer type.
Type sizeof: 4

[INFO -- 2018-11-30 09:58:16]
Fault Injection Successful after 1.7629342079162598s
[INFO -- 2018-11-30 09:58:23]
event type: exit
[INFO -- 2018-11-30 09:58:23]
exit code: 0
