[INFO -- 2018-12-09 05:30:44]
Starting flip_value script
version: 1.1
[INFO -- 2018-12-09 05:30:44]
Initialization strings:
[INFO -- 2018-12-09 05:30:44]
(1) file /tmp/knapsack/ga
[INFO -- 2018-12-09 05:30:44]
initSignal:1
[INFO -- 2018-12-09 05:30:44]
endSignal:8
[INFO -- 2018-12-09 05:30:44]
faultModel:4
[INFO -- 2018-12-09 05:30:48]
Backtrace BEGIN:
#0  memcpy () at ../sysdeps/x86_64/multiarch/memmove-vec-unaligned-erms.S:131
#1  0x000055555555a3ba in std::__copy_move<false, true, std::random_access_iterator_tag>::__copy_m<int> (__first=0x555555786550, __last=0x555555786870, __result=0x555555785890) at /usr/include/c++/7/bits/stl_algobase.h:368
#2  0x00005555555598dc in std::__copy_move_a<false, int const*, int*> (__first=0x555555786550, __last=0x555555786870, __result=0x555555785890) at /usr/include/c++/7/bits/stl_algobase.h:386
#3  0x000055555555ab8b in std::__copy_move_a2<false, __gnu_cxx::__normal_iterator<int const*, std::vector<int, std::allocator<int> > >, int*> (__first=0, __last=816, __result=0x555555785890) at /usr/include/c++/7/bits/stl_algobase.h:424
#4  0x000055555555a2c0 in std::copy<__gnu_cxx::__normal_iterator<int const*, std::vector<int, std::allocator<int> > >, int*> (__first=0, __last=816, __result=0x555555785890) at /usr/include/c++/7/bits/stl_algobase.h:456
#5  0x0000555555559778 in std::__uninitialized_copy<true>::__uninit_copy<__gnu_cxx::__normal_iterator<int const*, std::vector<int, std::allocator<int> > >, int*> (__first=0, __last=816, __result=0x555555785890) at /usr/include/c++/7/bits/stl_uninitialized.h:101
#6  0x00005555555586a8 in std::uninitialized_copy<__gnu_cxx::__normal_iterator<int const*, std::vector<int, std::allocator<int> > >, int*> (__first=0, __last=816, __result=0x555555785890) at /usr/include/c++/7/bits/stl_uninitialized.h:134
#7  0x0000555555557257 in std::__uninitialized_copy_a<__gnu_cxx::__normal_iterator<int const*, std::vector<int, std::allocator<int> > >, int*, int> (__first=0, __last=816, __result=0x555555785890) at /usr/include/c++/7/bits/stl_uninitialized.h:289
#8  0x000055555555743f in std::vector<int, std::allocator<int> >::_M_allocate_and_copy<__gnu_cxx::__normal_iterator<int const*, std::vector<int, std::allocator<int> > > > (this=0x7fffffffd920, __n=200, __first=0, __last=816) at /usr/include/c++/7/bits/stl_vector.h:1263
#9  0x0000555555556465 in std::vector<int, std::allocator<int> >::operator= (this=0x7fffffffd920, __x=std::vector of length 200, capacity 200 = {...}) at /usr/include/c++/7/bits/vector.tcc:206
#10 0x0000555555555381 in crossover (pai=std::vector of length 200, capacity 200 = {...}, mae=std::vector of length 200, capacity 200 = {...}, filho1=std::vector of length 200, capacity 200 = {...}, filho2=std::vector of length 0, capacity 0) at knapsackga.cpp:98
#11 0x00005555555556d7 in genetic_algorithm () at knapsackga.cpp:130
#12 0x0000555555555b6c in main () at knapsackga.cpp:165

126	../sysdeps/x86_64/multiarch/memmove-vec-unaligned-erms.S: No such file or directory.

Backtrace END
Memory content before bitflip:0x280x000x000x00
Fault Model: LSB bit-flip
base address to flip value: 0x55555575f014 
address max offset: 4
Memory content after  bitflip:0x280x000x000x80
frame name: std::__copy_move_a<false, int const*, int*>
symbol name: pop_size2
symbol filename: knapsackga.cpp
symbol line: 20
value: -2147483608
value address: 0x55555575f014 <pop_size2>
Type: The type is an integer type.
Type sizeof: 4

[INFO -- 2018-12-09 05:30:48]
Fault Injection Successful after 4.29732608795166s
[INFO -- 2018-12-09 05:30:48]
event type: exit
[INFO -- 2018-12-09 05:30:48]
exit code: 0
