[INFO -- 2018-09-23 15:57:01]
Starting flip_value script
version: 1.1
[INFO -- 2018-09-23 15:57:01]
Initialization strings:
[INFO -- 2018-09-23 15:57:01]
(1) file /tmp/knapsack/sa
[INFO -- 2018-09-23 15:57:01]
initSignal:0
[INFO -- 2018-09-23 15:57:01]
endSignal:2
[INFO -- 2018-09-23 15:57:01]
faultModel:2
[INFO -- 2018-09-23 15:57:01]
Backtrace BEGIN:
#0  dl_new_hash (s=0x7ffff7aa7732 "19ostreambuf_iteratorIcSt11char_traitsIcEEE") at dl-lookup.c:573
#1  _dl_lookup_symbol_x (undef_name=0x7ffff7aa771f "_ZTSSt8time_putIcSt19ostreambuf_iteratorIcSt11char_traitsIcEEE", undef_map=undef_map@entry=0x7ffff7fc6000, ref=ref@entry=0x7fffffffdbe0, symbol_scope=symbol_scope@entry=0x7ffff7fc6358, version=0x7ffff7fc7640, type_class=0, flags=1, skip_map=0x0) at dl-lookup.c:811
#2  0x00007ffff7de1c30 in elf_machine_rela (skip_ifunc=<optimized out>, reloc_addr_arg=0x7ffff7dcd178, version=<optimized out>, sym=<optimized out>, reloc=0x7ffff7acf5b0, map=0x7ffff7fc6000) at ../sysdeps/x86_64/dl-machine.h:326
#3  elf_dynamic_do_Rela (skip_ifunc=<optimized out>, lazy=<optimized out>, nrelative=<optimized out>, relsize=<optimized out>, reladdr=<optimized out>, map=0x7ffff7fc6000) at do-rel.h:137
#4  _dl_relocate_object (scope=<optimized out>, reloc_mode=<optimized out>, consider_profiling=<optimized out>, consider_profiling@entry=0) at dl-reloc.c:259
#5  0x00007ffff7dd90d9 in dl_main (phdr=<optimized out>, phnum=<optimized out>, user_entry=<optimized out>, auxv=<optimized out>) at rtld.c:2187
#6  0x00007ffff7df015a in _dl_sysdep_start (start_argptr=start_argptr@entry=0x7fffffffdf80, dl_main=dl_main@entry=0x7ffff7dd73d0 <dl_main>) at ../elf/dl-sysdep.c:253
#7  0x00007ffff7dd6e88 in _dl_start_final (arg=0x7fffffffdf80) at rtld.c:414
#8  _dl_start (arg=0x7fffffffdf80) at rtld.c:520
#9  0x00007ffff7dd5ea8 in _start () from /lib64/ld-linux-x86-64.so.2
#10 0x0000000000000001 in ?? ()
#11 0x00007fffffffe2f7 in ?? ()
#12 0x0000000000000000 in ?? ()

568	dl-lookup.c: No such file or directory.

Backtrace END
Memory content before bitflip:0x000x000x000x00
Fault Model: Random bit-flip
base address to flip value: 0x7ffff7ffc800 
address max offset: 4
Memory content after  bitflip:0xd50x0c0x770x47
frame name: _dl_start_final
symbol name: any_debug
symbol filename: rtld.c
symbol line: 2319
value: 1198984405
value address: 0x7ffff7ffc800 <any_debug>
Type: The type is an integer type.
Type sizeof: 4

[INFO -- 2018-09-23 15:57:01]
Fault Injection Successful after 0.9022152423858643s
[INFO -- 2018-09-23 15:57:04]
event type: exit
[INFO -- 2018-09-23 15:57:04]
exit code: 0
