[INFO -- 2018-11-30 06:14:51]
Starting flip_value script
version: 1.1
[INFO -- 2018-11-30 06:14:51]
Initialization strings:
[INFO -- 2018-11-30 06:14:51]
(1) file /tmp/knapsack/sa
[INFO -- 2018-11-30 06:14:51]
initSignal:0
[INFO -- 2018-11-30 06:14:51]
endSignal:7
[INFO -- 2018-11-30 06:14:51]
faultModel:1
[INFO -- 2018-11-30 06:14:53]
Backtrace BEGIN:
#0  0x00005555555550c5 in cost (solution=std::vector of length 200, capacity 200 = {...}) at knapsacksa.cpp:28
#1  0x0000555555555259 in simulated_annealing () at knapsacksa.cpp:52
#2  0x0000555555555522 in main () at knapsacksa.cpp:85

23	}
24	
25	int cost(vector<int> &solution){
26	    int peso=0, valor=0;
27	    for(int i=0; i < n; i++){
28	       peso += solution[i] * wt[i];
29	       valor += solution[i] * val[i];
30	    }
31	    if(peso > W)
32	       return 99999999;

Backtrace END
Memory content before bitflip:0x740x000x000x00
Fault Model: Double bit-flip
base address to flip value: 0x7fffffffd968
address max offset: 4
Memory content after  bitflip:0x6c0x000x000x00
frame name: simulated_annealing
symbol name: i
symbol filename: knapsacksa.cpp
symbol line: 50
value: 108
value address: 0x7fffffffd968
Type: The type is an integer type.
Type sizeof: 4

[INFO -- 2018-11-30 06:14:53]
Fault Injection Successful after 2.4628751277923584s
[INFO -- 2018-11-30 06:14:59]
event type: exit
[INFO -- 2018-11-30 06:14:59]
exit code: 0
