[INFO -- 2018-09-25 08:27:24]
Starting flip_value script
version: 1.1
[INFO -- 2018-09-25 08:27:24]
Initialization strings:
[INFO -- 2018-09-25 08:27:24]
(1) file /tmp/knapsack/ga
[INFO -- 2018-09-25 08:27:24]
initSignal:1
[INFO -- 2018-09-25 08:27:24]
endSignal:3.5
[INFO -- 2018-09-25 08:27:24]
faultModel:3
[INFO -- 2018-09-25 08:27:25]
Backtrace BEGIN:
#0  0x00005555555568d6 in std::_Destroy<int*, int> (__first=0x555555781e60, __last=0x555555782180) at /usr/include/c++/7/bits/stl_construct.h:206
#1  0x0000555555555be1 in std::vector<int, std::allocator<int> >::~vector (this=0x7fffffffd930, __in_chrg=<optimized out>) at /usr/include/c++/7/bits/stl_vector.h:434
#2  0x0000555555555542 in genetic_algorithm () at knapsackga.cpp:101
#3  0x00005555555558d7 in main () at knapsackga.cpp:137

201	  template<typename _ForwardIterator, typename _Tp>
202	    inline void
203	    _Destroy(_ForwardIterator __first, _ForwardIterator __last,
204		     allocator<_Tp>&)
205	    {
206	      _Destroy(__first, __last);
207	    }
208	
209	#if __cplusplus > 201402L
210	  template <typename _Tp>

Backtrace END
Memory content before bitflip:0x310xfb0x080x00
Fault Model: Zero bit-flip
base address to flip value: 0x55555575f06c 
address max offset: 4
Memory content after  bitflip:0x000x000x000x00
frame name: main
symbol name: W
symbol filename: knapsackga.cpp
symbol line: 16
value: 0
value address: 0x55555575f06c <W>
Type: The type is an integer type.
Type sizeof: 4

[INFO -- 2018-09-25 08:27:25]
Fault Injection Successful after 1.5322785377502441s
[INFO -- 2018-09-25 08:27:28]
event type: exit
[INFO -- 2018-09-25 08:27:28]
exit code: 0
