[INFO -- 2018-12-02 05:48:42]
Starting flip_value script
version: 1.1
[INFO -- 2018-12-02 05:48:42]
Initialization strings:
[INFO -- 2018-12-02 05:48:42]
(1) file /tmp/knapsack/ga
[INFO -- 2018-12-02 05:48:42]
initSignal:0
[INFO -- 2018-12-02 05:48:42]
endSignal:13
[INFO -- 2018-12-02 05:48:42]
faultModel:3
[EXCEPTION -- 2018-12-02 05:48:43]
pythonException: Unable to exit loop in struct fields; Exiting wihtout making a bit flip
[INFO -- 2018-12-02 05:48:43]
Backtrace BEGIN:
#0  0x0000555555556b13 in std::_Vector_base<int, std::allocator<int> >::~_Vector_base (this=0x5555557801f0, __in_chrg=<optimized out>) at /usr/include/c++/7/bits/stl_vector.h:161
#1  0x0000555555555e7d in std::vector<int, std::allocator<int> >::~vector (this=0x555555776470, __in_chrg=<optimized out>) at /usr/include/c++/7/bits/stl_vector.h:435
#2  0x0000555555555df2 in chromossome::~chromossome (this=0x555555776470, __in_chrg=<optimized out>) at knapsackga.cpp:42
#3  0x0000555555559c45 in std::_Destroy<chromossome> (__pointer=0x555555776470) at /usr/include/c++/7/bits/stl_construct.h:98
#4  0x00005555555591af in std::_Destroy_aux<false>::__destroy<chromossome*> (__first=0x555555776470, __last=0x5555557764b0) at /usr/include/c++/7/bits/stl_construct.h:108
#5  0x00005555555580e6 in std::_Destroy<chromossome*> (__first=0x555555776450, __last=0x5555557764b0) at /usr/include/c++/7/bits/stl_construct.h:137
#6  0x0000555555556cff in std::_Destroy<chromossome*, chromossome> (__first=0x555555776450, __last=0x5555557764b0) at /usr/include/c++/7/bits/stl_construct.h:206
#7  0x0000555555555f11 in std::vector<chromossome, std::allocator<chromossome> >::~vector (this=0x7fffffffd8d0, __in_chrg=<optimized out>) at /usr/include/c++/7/bits/stl_vector.h:434
#8  0x00005555555551b8 in tournament (pop=std::vector of length 40, capacity 64 = {...}) at knapsackga.cpp:59
#9  0x0000555555555543 in genetic_algorithm () at knapsackga.cpp:102
#10 0x0000555555555a9b in main () at knapsackga.cpp:141

156		    _M_create_storage(__n);
157		  }
158	      }
159	#endif
160	
161	      ~_Vector_base() _GLIBCXX_NOEXCEPT
162	      { _M_deallocate(this->_M_impl._M_start, this->_M_impl._M_end_of_storage
163			      - this->_M_impl._M_start); }
164	
165	    public:

Backtrace END
Fliping a bit of the value pointed by a pointer
Fliping value of field: fitness
Memory content before bitflip:0x000x000x000x00
Fault Model: Zero bit-flip
base address to flip value: 0x5555557764c8
address max offset: 4
Memory content after  bitflip:0x000x000x000x00
frame name: std::_Destroy<chromossome*>
symbol name: __last
symbol filename: /usr/include/c++/7/bits/stl_construct.h
symbol line: 127
value: 0x5555557764b0
value address: 0x7fffffffd840
Type: The type is a pointer.
Type sizeof: 8

[INFO -- 2018-12-02 05:48:43]
Fault Injection Successful after 1.5154943466186523s
[INFO -- 2018-12-02 05:48:55]
event type: exit
[INFO -- 2018-12-02 05:48:55]
exit code: 0
