[INFO -- 2018-09-23 15:06:49]
Starting flip_value script
version: 1.1
[INFO -- 2018-09-23 15:06:49]
Initialization strings:
[INFO -- 2018-09-23 15:06:49]
(1) file /tmp/knapsack/sa
[INFO -- 2018-09-23 15:06:49]
initSignal:0
[INFO -- 2018-09-23 15:06:49]
endSignal:2
[INFO -- 2018-09-23 15:06:49]
faultModel:4
[EXCEPTION -- 2018-09-23 15:06:50]
pythonException: empty range for randrange() (0,0, 0)
[INFO -- 2018-09-23 15:06:50]
Backtrace BEGIN:
#0  0x000055555555551f in std::vector<int, std::allocator<int> >::operator[] (this=0x555555759050 <wt>, __n=197) at /usr/include/c++/7/bits/stl_vector.h:799
#1  0x0000555555554fab in cost (solution=std::vector of length 200, capacity 200 = {...}) at knapsacksa.cpp:28
#2  0x000055555555511f in simulated_annealing () at knapsacksa.cpp:50
#3  0x000055555555535e in main () at knapsacksa.cpp:84

794	      reference
795	      operator[](size_type __n) _GLIBCXX_NOEXCEPT
796	      {
797		__glibcxx_requires_subscript(__n);
798		return *(this->_M_impl._M_start + __n);
799	      }
800	
801	      /**
802	       *  @brief  Subscript access to the data contained in the %vector.
803	       *  @param __n The index of the element for which data should be

Backtrace END
Memory content before bitflip:0xb20xd20x080x00
Fault Model: LSB bit-flip
base address to flip value: 0x7fffffffd9b4
address max offset: 4
Memory content after  bitflip:0xb20xd20x080x04
frame name: cost
symbol name: peso
symbol filename: knapsacksa.cpp
symbol line: 26
value: 67687090
value address: 0x7fffffffd9b4
Type: The type is an integer type.
Type sizeof: 4

[INFO -- 2018-09-23 15:06:50]
Fault Injection Successful after 1.272355079650879s
[INFO -- 2018-09-23 15:06:52]
event type: exit
[INFO -- 2018-09-23 15:06:52]
exit code: 0
