[INFO -- 2018-12-08 15:13:12]
Starting flip_value script
version: 1.1
[INFO -- 2018-12-08 15:13:12]
Initialization strings:
[INFO -- 2018-12-08 15:13:12]
(1) file /tmp/knapsack/ga
[INFO -- 2018-12-08 15:13:12]
initSignal:1
[INFO -- 2018-12-08 15:13:12]
endSignal:8
[INFO -- 2018-12-08 15:13:12]
faultModel:1
[INFO -- 2018-12-08 15:13:13]
Backtrace BEGIN:
#0  0x00005555555597df in std::swap<int*> (__a=@0x55555578ad58: 0x555555784890, __b=@0x555555787648: 0x555555784890) at /usr/include/c++/7/bits/move.h:200
#1  0x000055555555874a in std::_Vector_base<int, std::allocator<int> >::_Vector_impl::_M_swap_data (this=0x55555578ad50, __x=...) at /usr/include/c++/7/bits/stl_vector.h:106
#2  0x00005555555572a1 in std::_Vector_base<int, std::allocator<int> >::_Vector_base (this=0x55555578ad50, __x=...) at /usr/include/c++/7/bits/stl_vector.h:146
#3  0x0000555555556256 in std::vector<int, std::allocator<int> >::vector (this=0x55555578ad50, __x=...) at /usr/include/c++/7/bits/stl_vector.h:345
#4  0x00005555555594e9 in chromossome::chromossome (this=0x55555578ad50) at knapsackga.cpp:63
#5  0x000055555555ad84 in std::_Construct<chromossome, chromossome> (__p=0x55555578ad50, __args#0=...) at /usr/include/c++/7/bits/stl_construct.h:75
#6  0x000055555555a6c8 in std::__uninitialized_copy<false>::__uninit_copy<std::move_iterator<chromossome*>, chromossome*> (__first=..., __last=..., __result=0x55555578ac50) at /usr/include/c++/7/bits/stl_uninitialized.h:83
#7  0x0000555555559d49 in std::uninitialized_copy<std::move_iterator<chromossome*>, chromossome*> (__first=..., __last=..., __result=0x55555578ac50) at /usr/include/c++/7/bits/stl_uninitialized.h:134
#8  0x0000555555559304 in std::__uninitialized_copy_a<std::move_iterator<chromossome*>, chromossome*, chromossome> (__first=..., __last=..., __result=0x55555578ac50) at /usr/include/c++/7/bits/stl_uninitialized.h:289
#9  0x0000555555558367 in std::__uninitialized_move_if_noexcept_a<chromossome*, chromossome*, std::allocator<chromossome> > (__first=0x555555787540, __last=0x555555787940, __result=0x55555578ac50, __alloc=...) at /usr/include/c++/7/bits/stl_uninitialized.h:312
#10 0x0000555555556e76 in std::vector<chromossome, std::allocator<chromossome> >::_M_realloc_insert<chromossome const&> (this=0x7fffffffd8a0, __position={solution = std::vector of length 204, capacity 1073741824 = {<error reading variable>, __args#0=...) at /usr/include/c++/7/bits/vector.tcc:424
#11 0x0000555555556012 in std::vector<chromossome, std::allocator<chromossome> >::push_back (this=0x7fffffffd8a0, __x=...) at /usr/include/c++/7/bits/stl_vector.h:948
#12 0x0000555555555731 in genetic_algorithm () at knapsackga.cpp:132
#13 0x0000555555555b6c in main () at knapsackga.cpp:165

195	      // concept requirements
196	      __glibcxx_function_requires(_SGIAssignableConcept<_Tp>)
197	
198	      _Tp __tmp = _GLIBCXX_MOVE(__a);
199	      __a = _GLIBCXX_MOVE(__b);
200	      __b = _GLIBCXX_MOVE(__tmp);
201	    }
202	
203	  // _GLIBCXX_RESOLVE_LIB_DEFECTS
204	  // DR 809. std::swap should be overloaded for array types.

Backtrace END
Memory content before bitflip:0x3d0x410xf80xff
Fault Model: Double bit-flip
base address to flip value: 0x7fffffffd86c
address max offset: 4
Memory content after  bitflip:0x1c0x410xf80xff
frame name: genetic_algorithm
symbol name: best
symbol filename: knapsackga.cpp
symbol line: 113
value: -507620
value address: 0x7fffffffd86c
Type: The type is an integer type.
Type sizeof: 4

[INFO -- 2018-12-08 15:13:13]
Fault Injection Successful after 1.9554662704467773s
[INFO -- 2018-12-08 15:13:20]
event type: exit
[INFO -- 2018-12-08 15:13:20]
exit code: 0
