[INFO -- 2018-12-08 21:22:59]
Starting flip_value script
version: 1.1
[INFO -- 2018-12-08 21:22:59]
Initialization strings:
[INFO -- 2018-12-08 21:22:59]
(1) file /tmp/knapsack/ga
[INFO -- 2018-12-08 21:22:59]
initSignal:1
[INFO -- 2018-12-08 21:22:59]
endSignal:8
[INFO -- 2018-12-08 21:22:59]
faultModel:3
[INFO -- 2018-12-08 21:23:01]
Backtrace BEGIN:
#0  std::move<int&> (__t=@0x7fffffffd7d4: 0) at /usr/include/c++/7/bits/move.h:98
#1  0x000055555555664b in std::swap<int> (__a=@0x5555557830a8: 0, __b=@0x555555787068: 0) at /usr/include/c++/7/bits/move.h:198
#2  0x00005555555553eb in crossover (pai=std::vector of length 200, capacity 200 = {...}, mae=std::vector of length 200, capacity 200 = {...}, filho1=std::vector of length 200, capacity 200 = {...}, filho2=std::vector of length 200, capacity 200 = {...}) at knapsackga.cpp:101
#3  0x00005555555556d7 in genetic_algorithm () at knapsackga.cpp:130
#4  0x0000555555555b6c in main () at knapsackga.cpp:165

93	   *  @param  __t  A thing of arbitrary type.
94	   *  @return The parameter cast to an rvalue-reference to allow moving it.
95	  */
96	  template<typename _Tp>
97	    constexpr typename std::remove_reference<_Tp>::type&&
98	    move(_Tp&& __t) noexcept
99	    { return static_cast<typename std::remove_reference<_Tp>::type&&>(__t); }
100	
101	
102	  template<typename _Tp>

Backtrace END
Fliping value of field: std::_Vector_base<int, std::allocator<int> >
Fliping value of field: _M_impl
Fliping value of field: _M_end_of_storage
Fliping a bit of the pointer
Memory content before bitflip:0x400x320x780x550x550x550x000x00
Fault Model: Zero bit-flip
base address to flip value: 0x7fffffffd910
address max offset: 8
Memory content after  bitflip:0x000x000x000x000x000x000x000x00
frame name: genetic_algorithm
symbol name: filho1
symbol filename: knapsackga.cpp
symbol line: 127
value: std::vector of length 200, capacity -23456248630216 = {0, 1, 0, 0, 1, 1, 0, 0, 0, 0, 0, 0, 0, 1, 1, 1, 1, 0, 0, 0, 0, 0, 0, 0, 1, 0, 1, 1, 1, 0, 0, 0, 0, 1, 1, 0, 0, 1, 1, 1, 0, 0, 0, 0, 1, 0, 1, 0, 1, 0, 0, 1, 1, 0, 1, 1, 1, 0, 0, 1, 1, 1, 1, 0, 0, 0, 1, 0, 0, 0, 1, 0, 0, 0, 1, 1, 0, 0, 0, 1, 1, 0, 0, 1, 1, 0, 1, 0, 1, 0, 0, 1, 0, 0, 1, 0, 0, 0, 0, 0, 0, 1, 0, 1, 0, 1, 0, 1, 0, 0, 0, 0, 1, 1, 0, 1, 0, 0, 1, 1, 1, 0, 1, 1, 0, 0, 1, 0, 1, 1, 1, 1, 0, 0, 1, 0, 0, 1, 1, 0, 0, 0, 1, 0, 0, 0, 0, 0, 0, 1, 0, 0, 0, 1, 0, 0, 0, 1, 1, 1, 1, 0, 0, 0, 1, 0, 0, 0, 1, 0, 1, 0, 1, 0, 1, 0, 0, 0, 0, 0, 1, 0, 0, 1, 1, 0, 1, 1, 1, 0, 0, 0, 0, 0, 0, 0, 0, 0, 0, 1...}
value address: 0x7fffffffd900
Type: The type is a structure.
Type sizeof: 24
Field name: std::_Vector_base<int, std::allocator<int> >
Field Type: The type is a structure.
Field Type sizeof: 24

[INFO -- 2018-12-08 21:23:01]
Fault Injection Successful after 2.4758899211883545s
[INFO -- 2018-12-08 21:23:07]
event type: exit
[INFO -- 2018-12-08 21:23:07]
exit code: 0
