[INFO -- 2018-09-25 02:49:57]
Starting flip_value script
version: 1.1
[INFO -- 2018-09-25 02:49:57]
Initialization strings:
[INFO -- 2018-09-25 02:49:57]
(1) file /tmp/knapsack/ga
[INFO -- 2018-09-25 02:49:57]
initSignal:1
[INFO -- 2018-09-25 02:49:57]
endSignal:3.5
[INFO -- 2018-09-25 02:49:57]
faultModel:3
[EXCEPTION -- 2018-09-25 02:49:58]
pythonException: Unable to exit loop in struct fields; Exiting wihtout making a bit flip
[INFO -- 2018-09-25 02:49:58]
Backtrace BEGIN:
#0  std::vector<int, std::allocator<int> >::operator= (this=0x7fffffffd970, __x=std::vector of length 200, capacity 200 = {...}) at /usr/include/c++/7/bits/vector.tcc:203
#1  0x000055555555517d in crossover (pai=std::vector of length 200, capacity 200 = {...}, mae=std::vector of length 200, capacity 200 = {...}, filho1=std::vector of length 200, capacity 200 = {...}, filho2=std::vector of length 0, capacity 0) at knapsackga.cpp:77
#2  0x000055555555548d in genetic_algorithm () at knapsackga.cpp:104
#3  0x00005555555558d7 in main () at knapsackga.cpp:137

198			}
199		      std::__alloc_on_copy(_M_get_Tp_allocator(),
200					   __x._M_get_Tp_allocator());
201		    }
202	#endif
203		  const size_type __xlen = __x.size();
204		  if (__xlen > capacity())
205		    {
206		      pointer __tmp = _M_allocate_and_copy(__xlen, __x.begin(),
207							   __x.end());

Backtrace END
Fliping value of field: fitness
Memory content before bitflip:0xfc0x770x550x55
Fault Model: Zero bit-flip
base address to flip value: 0x7fffffffd9e8
address max offset: 4
Memory content after  bitflip:0x000x000x000x00
frame name: genetic_algorithm
symbol name: f1
symbol filename: knapsackga.cpp
symbol line: 105
value: {solution = std::vector of length 200, capacity 200 = {0, 1, 0, 0, 1, 1, 0, 0, 0, 0, 0, 0, 0, 1, 1, 1, 1, 0, 0, 0, 0, 0, 0, 0, 1, 0, 0, 1, 1, 0, 0, 0, 0, 1, 1, 0, 0, 1, 1, 1, 0, 0, 0, 0, 1, 0, 1, 0, 1, 0, 1, 1, 1, 0, 1, 1, 1, 0, 0, 1, 1, 0, 1, 0, 0, 0, 1, 0, 1, 0, 0, 0, 0, 0, 0, 1, 0, 0, 0, 1, 1, 0, 0, 1, 1, 0, 1, 0, 1, 0, 0, 1, 0, 0, 1, 0, 0, 0, 0, 0, 0, 1, 0, 1, 0, 1, 1, 1, 0, 0, 0, 0, 0, 1, 0, 1, 0, 0, 1, 1, 1, 0, 1, 1, 0, 0, 1, 0, 1, 1, 1, 1, 0, 0, 1, 0, 0, 1, 1, 0, 0, 0, 1, 0, 1, 0, 0, 0, 0, 1, 0, 0, 0, 1, 0, 0, 0, 1, 1, 1, 1, 0, 0, 0, 1, 0, 0, 0, 1, 1, 0, 0, 1, 0, 1, 0, 0, 0, 0, 0, 1, 0, 0, 1, 1, 0, 1, 1, 1, 0, 0, 0, 0, 0, 0, 0, 0, 0, 0, 1...}, fitness = 0}
value address: 0x7fffffffd9d0
Type: The type is a structure.
Type sizeof: 32
Field name: solution
Field Type: The type is a structure.
Field Type sizeof: 24
Field name: fitness
Field Type: The type is an integer type.
Field Type sizeof: 4

[INFO -- 2018-09-25 02:49:58]
Fault Injection Successful after 1.90234375s
[INFO -- 2018-09-25 02:50:01]
event type: exit
[INFO -- 2018-09-25 02:50:01]
exit code: 0
