[INFO -- 2018-12-08 21:03:34]
Starting flip_value script
version: 1.1
[INFO -- 2018-12-08 21:03:34]
Initialization strings:
[INFO -- 2018-12-08 21:03:34]
(1) file /tmp/knapsack/ga
[INFO -- 2018-12-08 21:03:34]
initSignal:1
[INFO -- 2018-12-08 21:03:34]
endSignal:8
[INFO -- 2018-12-08 21:03:34]
faultModel:1
[INFO -- 2018-12-08 21:03:35]
Backtrace BEGIN:
#0  rand () at rand.c:26
#1  0x0000555555554ff1 in rand_bit () at knapsackga.cpp:30
#2  0x0000555555555353 in crossover (pai=std::vector of length 200, capacity 200 = {...}, mae=std::vector of length 200, capacity 200 = {...}, filho1=std::vector of length 0, capacity 0, filho2=std::vector of length 0, capacity 0) at knapsackga.cpp:95
#3  0x00005555555556d7 in genetic_algorithm () at knapsackga.cpp:130
#4  0x0000555555555b6c in main () at knapsackga.cpp:165

21	rand.c: No such file or directory.

Backtrace END
Memory content before bitflip:0x310xfb0x080x00
Fault Model: Double bit-flip
base address to flip value: 0x55555575f0b0 
address max offset: 4
Memory content after  bitflip:0x310xfb0x0d0x00
frame name: genetic_algorithm
symbol name: W
symbol filename: knapsackga.cpp
symbol line: 18
value: 916273
value address: 0x55555575f0b0 <W>
Type: The type is an integer type.
Type sizeof: 4

[INFO -- 2018-12-08 21:03:35]
Fault Injection Successful after 1.1947143077850342s
[INFO -- 2018-12-08 21:03:35]
event type: exit
[INFO -- 2018-12-08 21:03:35]
exit code: 0
