[INFO -- 2018-12-08 04:06:34]
Starting flip_value script
version: 1.1
[INFO -- 2018-12-08 04:06:34]
Initialization strings:
[INFO -- 2018-12-08 04:06:34]
(1) file /tmp/knapsack/sa
[INFO -- 2018-12-08 04:06:34]
initSignal:0
[INFO -- 2018-12-08 04:06:34]
endSignal:9
[INFO -- 2018-12-08 04:06:34]
faultModel:2
[INFO -- 2018-12-08 04:06:36]
Backtrace BEGIN:
#0  0x0000555555555861 in std::vector<int, std::allocator<int> >::operator[] (this=0x555555759060 <val2>, __n=71) at /usr/include/c++/7/bits/stl_vector.h:798
#1  0x00005555555551dd in cost (solution=std::vector of length 200, capacity 200 = {...}) at knapsacksa.cpp:63
#2  0x000055555555534c in simulated_annealing () at knapsacksa.cpp:92
#3  0x0000555555555658 in main () at knapsacksa.cpp:146

793	       */
794	      reference
795	      operator[](size_type __n) _GLIBCXX_NOEXCEPT
796	      {
797		__glibcxx_requires_subscript(__n);
798		return *(this->_M_impl._M_start + __n);
799	      }
800	
801	      /**
802	       *  @brief  Subscript access to the data contained in the %vector.

Backtrace END
Memory content before bitflip:0xc80x000x000x00
Fault Model: Random bit-flip
base address to flip value: 0x555555759038 
address max offset: 4
Memory content after  bitflip:0x280x9c0xe10xd9
frame name: cost
symbol name: n
symbol filename: knapsacksa.cpp
symbol line: 13
value: -639525848
value address: 0x555555759038 <n>
Type: The type is an integer type.
Type sizeof: 4

[INFO -- 2018-12-08 04:06:36]
Fault Injection Successful after 2.006791591644287s
[INFO -- 2018-12-08 04:06:36]
event type: exit
[INFO -- 2018-12-08 04:06:36]
exit code: 0
