[INFO -- 2018-12-09 03:00:09]
Starting flip_value script
version: 1.1
[INFO -- 2018-12-09 03:00:09]
Initialization strings:
[INFO -- 2018-12-09 03:00:09]
(1) file /tmp/knapsack/ga
[INFO -- 2018-12-09 03:00:09]
initSignal:1
[INFO -- 2018-12-09 03:00:09]
endSignal:8
[INFO -- 2018-12-09 03:00:09]
faultModel:4
[INFO -- 2018-12-09 03:00:11]
Backtrace BEGIN:
#0  rand () at rand.c:26
#1  0x0000555555554ff1 in rand_bit () at knapsackga.cpp:30
#2  0x0000555555555353 in crossover (pai=std::vector of length 200, capacity 200 = {...}, mae=std::vector of length 200, capacity 200 = {...}, filho1=std::vector of length 0, capacity 0, filho2=std::vector of length 0, capacity 0) at knapsackga.cpp:95
#3  0x00005555555556d7 in genetic_algorithm () at knapsackga.cpp:130
#4  0x0000555555555b6c in main () at knapsackga.cpp:165

21	rand.c: No such file or directory.

Backtrace END
Memory content before bitflip:0x280x000x000x00
Fault Model: LSB bit-flip
base address to flip value: 0x55555575f014 
address max offset: 4
Memory content after  bitflip:0x280x000x000x04
frame name: main
symbol name: pop_size2
symbol filename: knapsackga.cpp
symbol line: 20
value: 67108904
value address: 0x55555575f014 <pop_size2>
Type: The type is an integer type.
Type sizeof: 4

[INFO -- 2018-12-09 03:00:11]
Fault Injection Successful after 2.720008611679077s
[INFO -- 2018-12-09 03:00:11]
event type: exit
[INFO -- 2018-12-09 03:00:11]
exit code: 0
