[INFO -- 2018-12-09 07:44:45]
Starting flip_value script
version: 1.1
[INFO -- 2018-12-09 07:44:45]
Initialization strings:
[INFO -- 2018-12-09 07:44:45]
(1) file /tmp/knapsack/ga
[INFO -- 2018-12-09 07:44:45]
initSignal:1
[INFO -- 2018-12-09 07:44:45]
endSignal:8
[INFO -- 2018-12-09 07:44:45]
faultModel:3
[INFO -- 2018-12-09 07:44:47]
Backtrace BEGIN:
#0  0x0000555555555e89 in std::vector<int, std::allocator<int> >::operator[] (this=0x55555575f050 <val2>, __n=41) at /usr/include/c++/7/bits/stl_vector.h:798
#1  0x0000555555555142 in cost (solution=std::vector of length 200, capacity 200 = {...}) at knapsackga.cpp:45
#2  0x000055555555589e in genetic_algorithm () at knapsackga.cpp:138
#3  0x0000555555555b6c in main () at knapsackga.cpp:165

793	       */
794	      reference
795	      operator[](size_type __n) _GLIBCXX_NOEXCEPT
796	      {
797		__glibcxx_requires_subscript(__n);
798		return *(this->_M_impl._M_start + __n);
799	      }
800	
801	      /**
802	       *  @brief  Subscript access to the data contained in the %vector.

Backtrace END
Memory content before bitflip:0x280x000x000x00
Fault Model: Zero bit-flip
base address to flip value: 0x55555575f014 
address max offset: 4
Memory content after  bitflip:0x000x000x000x00
frame name: main
symbol name: pop_size2
symbol filename: knapsackga.cpp
symbol line: 20
value: 0
value address: 0x55555575f014 <pop_size2>
Type: The type is an integer type.
Type sizeof: 4

[INFO -- 2018-12-09 07:44:47]
Fault Injection Successful after 2.396083354949951s
[INFO -- 2018-12-09 07:44:47]
event type: exit
[INFO -- 2018-12-09 07:44:47]
exit code: 0
