[INFO -- 2018-09-25 04:23:24]
Starting flip_value script
version: 1.1
[INFO -- 2018-09-25 04:23:24]
Initialization strings:
[INFO -- 2018-09-25 04:23:24]
(1) file /tmp/knapsack/ga
[INFO -- 2018-09-25 04:23:24]
initSignal:1
[INFO -- 2018-09-25 04:23:24]
endSignal:3.5
[INFO -- 2018-09-25 04:23:24]
faultModel:0
[INFO -- 2018-09-25 04:23:26]
Backtrace BEGIN:
#0  0x0000555555555b8d in std::vector<int, std::allocator<int> >::operator[] (this=0x55555575f050 <wt>, __n=136) at /usr/include/c++/7/bits/stl_vector.h:795
#1  0x0000555555554f3d in cost (solution=std::vector of length 200, capacity 200 = {...}) at knapsackga.cpp:27
#2  0x0000555555555654 in genetic_algorithm () at knapsackga.cpp:112
#3  0x00005555555558d7 in main () at knapsackga.cpp:137

790	       *  Note that data access with this operator is unchecked and
791	       *  out_of_range lookups are not defined. (For checked lookups
792	       *  see at().)
793	       */
794	      reference
795	      operator[](size_type __n) _GLIBCXX_NOEXCEPT
796	      {
797		__glibcxx_requires_subscript(__n);
798		return *(this->_M_impl._M_start + __n);
799	      }

Backtrace END
Fliping value of field: std::_Vector_base<int, std::allocator<int> >
Fliping value of field: _M_impl
Fliping value of field: _M_finish
Fliping a bit of the pointer
Memory content before bitflip:0xe00x720x770x550x550x550x000x00
Fault Model: Single bit-flip
base address to flip value: 0x55555575f058 
address max offset: 8
Memory content after  bitflip:0xe00x700x770x550x550x550x000x00
frame name: genetic_algorithm
symbol name: wt
symbol filename: knapsackga.cpp
symbol line: 15
value: std::vector of length 72, capacity 256 = {10561, 10479, 1566, 1849, 9355, 8360, 7698, 4082, 7060, 7069, 6813, 2584, 5307, 4936, 8231, 10949, 10494, 6442, 5449, 3683, 1360, 1275, 5649, 4185, 4801, 9918, 6258, 6606, 3362, 1239, 4252, 2367, 6103, 10987, 7745, 2819, 9936, 8968, 8345, 10066, 8629, 8898, 4538, 10810, 10620, 2612, 8541, 8152, 5615, 6304, 5901, 10249, 6009, 9316, 4540, 9829, 9998, 5611, 6678, 10204, 8238, 5867, 3219, 4247, 7996, 2661, 10080, 3682, 10114, 4096, 10574, 8063}
value address: 0x55555575f050 <wt>
Type: The type is a structure.
Type sizeof: 24
Field name: std::_Vector_base<int, std::allocator<int> >
Field Type: The type is a structure.
Field Type sizeof: 24

[INFO -- 2018-09-25 04:23:26]
Fault Injection Successful after 2.56807804107666s
[INFO -- 2018-09-25 04:23:28]
event type: exit
[INFO -- 2018-09-25 04:23:28]
exit code: 0
