[INFO -- 2018-12-01 00:21:00]
Starting flip_value script
version: 1.1
[INFO -- 2018-12-01 00:21:00]
Initialization strings:
[INFO -- 2018-12-01 00:21:00]
(1) file /tmp/knapsack/mf
[INFO -- 2018-12-01 00:21:00]
initSignal:0
[INFO -- 2018-12-01 00:21:00]
endSignal:12
[INFO -- 2018-12-01 00:21:00]
faultModel:4
[EXCEPTION -- 2018-12-01 00:21:02]
pythonException: empty range for randrange() (0,0, 0)
[INFO -- 2018-12-01 00:21:02]
Backtrace BEGIN:
#0  0x00005555555558ea in std::vector<std::vector<int, std::allocator<int> >, std::allocator<std::vector<int, std::allocator<int> > > >::operator[] (this=0x7fffffffd6d0, __n=198) at /usr/include/c++/7/bits/stl_vector.h:799
#1  0x00005555555550ba in knapSack (W=588593, n=200, values=std::vector of length 200, capacity 256 = {...}, weights=std::vector of length 200, capacity 256 = {...}, V=std::vector of length 201, capacity 201 = {...}) at knapsackmf.cpp:28
#2  0x0000555555555494 in executeAlgorithm () at knapsackmf.cpp:75
#3  0x000055555555558a in main () at knapsackmf.cpp:81

794	      reference
795	      operator[](size_type __n) _GLIBCXX_NOEXCEPT
796	      {
797		__glibcxx_requires_subscript(__n);
798		return *(this->_M_impl._M_start + __n);
799	      }
800	
801	      /**
802	       *  @brief  Subscript access to the data contained in the %vector.
803	       *  @param __n The index of the element for which data should be

Backtrace END
Memory content before bitflip:0xff0x7f0x000x10
Fault Model: LSB bit-flip
base address to flip value: 0x7fffffffd92c
address max offset: 4
Memory content after  bitflip:0xff0x7f0x000x11
frame name: main
symbol name: result2
symbol filename: knapsackmf.cpp
symbol line: 82
value: 285245439
value address: 0x7fffffffd92c
Type: The type is an integer type.
Type sizeof: 4

[INFO -- 2018-12-01 00:21:02]
Fault Injection Successful after 2.1412134170532227s
[INFO -- 2018-12-01 00:21:10]
event type: exit
[INFO -- 2018-12-01 00:21:10]
exit code: 0
