[INFO -- 2018-09-14 16:51:33]
Starting flip_value script
version: 1.1
[INFO -- 2018-09-14 16:51:33]
Initialization strings:
[INFO -- 2018-09-14 16:51:33]
(1) file /tmp/knapsack/sa
[INFO -- 2018-09-14 16:51:33]
initSignal:0
[INFO -- 2018-09-14 16:51:33]
endSignal:2
[INFO -- 2018-09-14 16:51:33]
faultModel:2
[INFO -- 2018-09-14 16:51:34]
Backtrace BEGIN:
#0  0x0000555555555501 in std::vector<int, std::allocator<int> >::operator[] (this=0x555555759050 <wt>, __n=175) at /usr/include/c++/7/bits/stl_vector.h:795
#1  0x0000555555554fc8 in cost (solution=std::vector of length 200, capacity 200 = {...}) at knapsacksa.cpp:29
#2  0x000055555555511f in simulated_annealing () at knapsacksa.cpp:50
#3  0x000055555555535e in main () at knapsacksa.cpp:84

790	       *  Note that data access with this operator is unchecked and
791	       *  out_of_range lookups are not defined. (For checked lookups
792	       *  see at().)
793	       */
794	      reference
795	      operator[](size_type __n) _GLIBCXX_NOEXCEPT
796	      {
797		__glibcxx_requires_subscript(__n);
798		return *(this->_M_impl._M_start + __n);
799	      }

Backtrace END
Memory content before bitflip:0xff0xe00xf50x05
Fault Model: Random bit-flip
base address to flip value: 0x7fffffffd9c8
address max offset: 4
Memory content after  bitflip:0xed0xd20x920xb3
frame name: simulated_annealing
symbol name: c
symbol filename: knapsacksa.cpp
symbol line: 50
value: -1282223379
value address: 0x7fffffffd9c8
Type: The type is an integer type.
Type sizeof: 4

[INFO -- 2018-09-14 16:51:34]
Fault Injection Successful after 1.21600341796875s
[INFO -- 2018-09-14 16:51:35]
event type: exit
[INFO -- 2018-09-14 16:51:35]
exit code: 0
