[INFO -- 2018-12-01 00:54:16]
Starting flip_value script
version: 1.1
[INFO -- 2018-12-01 00:54:16]
Initialization strings:
[INFO -- 2018-12-01 00:54:17]
(1) file /tmp/knapsack/ga
[INFO -- 2018-12-01 00:54:17]
initSignal:0
[INFO -- 2018-12-01 00:54:17]
endSignal:13
[INFO -- 2018-12-01 00:54:17]
faultModel:3
[INFO -- 2018-12-01 00:54:19]
Backtrace BEGIN:
#0  0x00007ffff74e6eb9 in __GI___libc_malloc (bytes=32) at malloc.c:3057
#1  0x00007ffff7adf458 in operator new(unsigned long) () from /usr/lib/x86_64-linux-gnu/libstdc++.so.6
#2  0x0000555555559ca2 in __gnu_cxx::new_allocator<chromossome>::allocate (this=0x7fffffffd800, __n=1) at /usr/include/c++/7/ext/new_allocator.h:111
#3  0x000055555555922f in std::allocator_traits<std::allocator<chromossome> >::allocate (__a=..., __n=1) at /usr/include/c++/7/bits/alloc_traits.h:436
#4  0x00005555555582ec in std::_Vector_base<chromossome, std::allocator<chromossome> >::_M_allocate (this=0x7fffffffd800, __n=1) at /usr/include/c++/7/bits/stl_vector.h:172
#5  0x0000555555556dc6 in std::vector<chromossome, std::allocator<chromossome> >::_M_realloc_insert<chromossome const&> (this=0x7fffffffd800, __position=non-dereferenceable iterator for std::vector, __args#0=...) at /usr/include/c++/7/bits/vector.tcc:406
#6  0x0000555555555fb8 in std::vector<chromossome, std::allocator<chromossome> >::push_back (this=0x7fffffffd800, __x=...) at /usr/include/c++/7/bits/stl_vector.h:948
#7  0x000055555555515c in tournament (pop=std::vector of length 40, capacity 64 = {...}) at knapsackga.cpp:63
#8  0x0000555555555543 in genetic_algorithm () at knapsackga.cpp:102
#9  0x0000555555555a9b in main () at knapsackga.cpp:141

3052	malloc.c: No such file or directory.

Backtrace END
Fliping a bit of the pointer
Memory content before bitflip:0xa00xd70xff0xff0xff0x7f0x000x00
Fault Model: Zero bit-flip
base address to flip value: 0x7fffffffd778
address max offset: 8
Memory content after  bitflip:0x000x000x000x000x000x000x000x00
frame name: std::vector<chromossome, std::allocator<chromossome> >::_M_realloc_insert<chromossome const&>
symbol name: __new_finish
symbol filename: /usr/include/c++/7/bits/vector.tcc
symbol line: 407
value: 0x7fffffffd7a0
value address: 0x7fffffffd778
Type: The type is a pointer.
Type sizeof: 8

[INFO -- 2018-12-01 00:54:19]
Fault Injection Successful after 2.591460943222046s
[INFO -- 2018-12-01 00:54:29]
event type: exit
[INFO -- 2018-12-01 00:54:29]
exit code: 0
