[INFO -- 2018-12-02 02:38:07]
Starting flip_value script
version: 1.1
[INFO -- 2018-12-02 02:38:07]
Initialization strings:
[INFO -- 2018-12-02 02:38:07]
(1) file /tmp/knapsack/ga
[INFO -- 2018-12-02 02:38:07]
initSignal:0
[INFO -- 2018-12-02 02:38:07]
endSignal:13
[INFO -- 2018-12-02 02:38:07]
faultModel:1
[INFO -- 2018-12-02 02:38:12]
Backtrace BEGIN:
#0  0x0000555555555e20 in std::vector<int, std::allocator<int> >::operator[] (this=0x5555557880d0, __n=148) at /usr/include/c++/7/bits/stl_vector.h:795
#1  0x0000555555555083 in cost (solution=std::vector of length 200, capacity 200 = {...}) at knapsackga.cpp:27
#2  0x000055555555578e in genetic_algorithm () at knapsackga.cpp:112
#3  0x0000555555555a9b in main () at knapsackga.cpp:141

790	       *  Note that data access with this operator is unchecked and
791	       *  out_of_range lookups are not defined. (For checked lookups
792	       *  see at().)
793	       */
794	      reference
795	      operator[](size_type __n) _GLIBCXX_NOEXCEPT
796	      {
797		__glibcxx_requires_subscript(__n);
798		return *(this->_M_impl._M_start + __n);
799	      }

Backtrace END
Memory content before bitflip:0x310xfb0x080x00
Fault Model: Double bit-flip
base address to flip value: 0x55555575f17c 
address max offset: 4
Memory content after  bitflip:0x310xfb0x080x81
frame name: cost
symbol name: W
symbol filename: knapsackga.cpp
symbol line: 16
value: -2130117839
value address: 0x55555575f17c <W>
Type: The type is an integer type.
Type sizeof: 4

[INFO -- 2018-12-02 02:38:12]
Fault Injection Successful after 5.808926820755005s
[INFO -- 2018-12-02 02:38:20]
event type: exit
[INFO -- 2018-12-02 02:38:20]
exit code: 0
