[INFO -- 2018-12-08 13:26:23]
Starting flip_value script
version: 1.1
[INFO -- 2018-12-08 13:26:23]
Initialization strings:
[INFO -- 2018-12-08 13:26:23]
(1) file /tmp/knapsack/sa
[INFO -- 2018-12-08 13:26:23]
initSignal:0
[INFO -- 2018-12-08 13:26:23]
endSignal:9
[INFO -- 2018-12-08 13:26:23]
faultModel:4
[EXCEPTION -- 2018-12-08 13:26:26]
pythonException: empty range for randrange() (0,0, 0)
[INFO -- 2018-12-08 13:26:27]
Backtrace BEGIN:
#0  std::vector<int, std::allocator<int> >::operator[] (this=0x7fffffffd740, __n=181) at /usr/include/c++/7/bits/stl_vector.h:798
#1  0x00005555555551c7 in cost (solution=std::vector of length 200, capacity 200 = {...}) at knapsacksa.cpp:63
#2  0x000055555555534c in simulated_annealing () at knapsacksa.cpp:92
#3  0x0000555555555658 in main () at knapsacksa.cpp:146

793	       */
794	      reference
795	      operator[](size_type __n) _GLIBCXX_NOEXCEPT
796	      {
797		__glibcxx_requires_subscript(__n);
798		return *(this->_M_impl._M_start + __n);
799	      }
800	
801	      /**
802	       *  @brief  Subscript access to the data contained in the %vector.

Backtrace END
Memory content before bitflip:0xa40xb20x060x00
Fault Model: LSB bit-flip
base address to flip value: 0x7fffffffd6b4
address max offset: 4
Memory content after  bitflip:0xa40xb20x060x02
frame name: cost
symbol name: valor2
symbol filename: knapsacksa.cpp
symbol line: 56
value: 33993380
value address: 0x7fffffffd6b4
Type: The type is an integer type.
Type sizeof: 4

[INFO -- 2018-12-08 13:26:27]
Fault Injection Successful after 4.257874011993408s
[INFO -- 2018-12-08 13:26:27]
event type: exit
[INFO -- 2018-12-08 13:26:27]
exit code: 0
