[INFO -- 2018-09-25 01:32:52]
Starting flip_value script
version: 1.1
[INFO -- 2018-09-25 01:32:52]
Initialization strings:
[INFO -- 2018-09-25 01:32:52]
(1) file /tmp/knapsack/ga
[INFO -- 2018-09-25 01:32:52]
initSignal:1
[INFO -- 2018-09-25 01:32:52]
endSignal:3.5
[INFO -- 2018-09-25 01:32:52]
faultModel:1
[INFO -- 2018-09-25 01:32:54]
Backtrace BEGIN:
#0  0x0000555555554f0c in cost (solution=std::vector of length 200, capacity 200 = {...}) at knapsackga.cpp:26
#1  0x0000555555555654 in genetic_algorithm () at knapsackga.cpp:112
#2  0x00005555555558d7 in main () at knapsackga.cpp:137

21	}
22	
23	int cost(vector<int> &solution){
24	    int peso=0, valor=0;
25	    for(int i=0; i < n; i++){
26	       peso += solution[i] * wt[i];
27	       valor += solution[i] * val[i];
28	    }
29	
30	    if(peso > W){

Backtrace END
Memory content before bitflip:0x9f0x110x000x00
Fault Model: Double bit-flip
base address to flip value: 0x7fffffffd8c4
address max offset: 4
Memory content after  bitflip:0x9f0x110x000x28
frame name: genetic_algorithm
symbol name: g
symbol filename: knapsackga.cpp
symbol line: 94
value: 671093151
value address: 0x7fffffffd8c4
Type: The type is an integer type.
Type sizeof: 4

[INFO -- 2018-09-25 01:32:54]
Fault Injection Successful after 2.349669933319092s
[INFO -- 2018-09-25 01:32:54]
event type: exit
[INFO -- 2018-09-25 01:32:54]
exit code: 0
