[INFO -- 2018-12-01 06:04:05]
Starting flip_value script
version: 1.1
[INFO -- 2018-12-01 06:04:05]
Initialization strings:
[INFO -- 2018-12-01 06:04:05]
(1) file /tmp/knapsack/ga
[INFO -- 2018-12-01 06:04:05]
initSignal:0
[INFO -- 2018-12-01 06:04:05]
endSignal:13
[INFO -- 2018-12-01 06:04:05]
faultModel:0
[INFO -- 2018-12-01 06:04:06]
Backtrace BEGIN:
#0  0x0000555555556618 in std::swap<int> (__a=@0x555555785688: 1, __b=@0x555555785028: 1) at /usr/include/c++/7/bits/move.h:200
#1  0x0000555555555317 in crossover (pai=std::vector of length 200, capacity 200 = {...}, mae=std::vector of length 200, capacity 200 = {...}, filho1=std::vector of length 200, capacity 200 = {...}, filho2=std::vector of length 200, capacity 200 = {...}) at knapsackga.cpp:80
#2  0x00005555555555c7 in genetic_algorithm () at knapsackga.cpp:104
#3  0x0000555555555a9b in main () at knapsackga.cpp:141

195	      // concept requirements
196	      __glibcxx_function_requires(_SGIAssignableConcept<_Tp>)
197	
198	      _Tp __tmp = _GLIBCXX_MOVE(__a);
199	      __a = _GLIBCXX_MOVE(__b);
200	      __b = _GLIBCXX_MOVE(__tmp);
201	    }
202	
203	  // _GLIBCXX_RESOLVE_LIB_DEFECTS
204	  // DR 809. std::swap should be overloaded for array types.

Backtrace END
Memory content before bitflip:0x360x000x000x00
Fault Model: Single bit-flip
base address to flip value: 0x7fffffffd7fc
address max offset: 4
Memory content after  bitflip:0x360x000x000x02
frame name: crossover
symbol name: i
symbol filename: knapsackga.cpp
symbol line: 78
value: 33554486
value address: 0x7fffffffd7fc
Type: The type is an integer type.
Type sizeof: 4

[INFO -- 2018-12-01 06:04:06]
Fault Injection Successful after 1.4839932918548584s
[INFO -- 2018-12-01 06:04:18]
event type: exit
[INFO -- 2018-12-01 06:04:18]
exit code: 0
