[INFO -- 2018-09-24 18:41:33]
Starting flip_value script
version: 1.1
[INFO -- 2018-09-24 18:41:33]
Initialization strings:
[INFO -- 2018-09-24 18:41:33]
(1) file /tmp/knapsack/ga
[INFO -- 2018-09-24 18:41:33]
initSignal:1
[INFO -- 2018-09-24 18:41:33]
endSignal:3.5
[INFO -- 2018-09-24 18:41:33]
faultModel:3
[INFO -- 2018-09-24 18:41:34]
Backtrace BEGIN:
#0  0x00005555555594ed in std::swap<int*> (__a=@0x555555789fe0: 0x0, __b=@0x7fffffffd670: 0x0) at /usr/include/c++/7/bits/move.h:200
#1  0x000055555555847b in std::_Vector_base<int, std::allocator<int> >::_Vector_impl::_M_swap_data (this=0x555555789fd0, __x=...) at /usr/include/c++/7/bits/stl_vector.h:107
#2  0x000055555555742f in std::vector<int, std::allocator<int> >::_M_move_assign (this=0x555555789fd0, __x=...) at /usr/include/c++/7/bits/stl_vector.h:1532
#3  0x0000555555556453 in std::vector<int, std::allocator<int> >::operator= (this=0x555555789fd0, __x=...) at /usr/include/c++/7/bits/stl_vector.h:466
#4  0x0000555555559233 in chromossome::operator= (this=0x555555789fd0) at knapsackga.cpp:42
#5  0x0000555555559f69 in std::__unguarded_linear_insert<__gnu_cxx::__normal_iterator<chromossome*, std::vector<chromossome, std::allocator<chromossome> > >, __gnu_cxx::__ops::_Val_less_iter> (__last={solution = std::vector of length 0, capacity 0, fitness = 99999999}, __comp=...) at /usr/include/c++/7/bits/stl_algo.h:1834
#6  0x0000555555559424 in std::__unguarded_insertion_sort<__gnu_cxx::__normal_iterator<chromossome*, std::vector<chromossome, std::allocator<chromossome> > >, __gnu_cxx::__ops::_Iter_less_iter> (__first={solution = std::vector of length 200, capacity 200 = {0, 1, 0, 0, 1, 1, 0, 0, 0, 0, 0, 0, 0, 1, 1, 1, 1, 0, 0, 0, 0, 0, 0, 0, 1, 0, 0, 1, 1, 0, 0, 0, 0, 1, 1, 0, 0, 1, 1, 1, 0, 0, 0, 0, 1, 0, 1, 0, 1, 0, 0, 1, 1, 0, 1, 1, 1, 0, 0, 1, 1, 1, 1, 0, 0, 0, 1, 0, 0, 0, 0, 0, 0, 0, 1, 1, 0, 0, 0, 1, 1, 0, 0, 1, 1, 0, 1, 0, 1, 0, 0, 1, 0, 0, 1, 0, 0, 0, 0, 0, 0, 1, 0, 1, 0, 1, 0, 1, 0, 0, 0, 0, 1, 1, 0, 1, 0, 0, 1, 1, 1, 0, 1, 1, 0, 0, 1, 0, 1, 1, 1, 1, 0, 0, 1, 0, 0, 1, 1, 0, 0, 0, 1, 0, 1, 0, 0, 0, 0, 1, 0, 0, 0, 1, 0, 0, 0, 1, 1, 1, 1, 0, 0, 0, 1, 0, 0, 0, 1, 1, 1, 0, 1, 0, 1, 0, 0, 0, 0, 0, 1, 0, 0, 1, 1, 0, 1, 1, 1, 0, 0, 0, 0, 0, 0, 0, 0, 0, 0, 1...}, fitness = -509591}, __last={solution = std::vector of length 0, capacity 1073741824, fitness = 1}, __comp=...) at /usr/include/c++/7/bits/stl_algo.h:1867
#7  0x0000555555558251 in std::__final_insertion_sort<__gnu_cxx::__normal_iterator<chromossome*, std::vector<chromossome, std::allocator<chromossome> > >, __gnu_cxx::__ops::_Iter_less_iter> (__first={solution = std::vector of length 200, capacity 200 = {0, 1, 0, 0, 1, 1, 0, 0, 0, 0, 0, 0, 0, 1, 1, 1, 1, 0, 0, 0, 0, 0, 0, 0, 1, 0, 0, 1, 1, 0, 0, 0, 0, 1, 1, 0, 0, 1, 1, 1, 0, 0, 0, 0, 1, 0, 1, 0, 1, 0, 0, 1, 1, 0, 1, 1, 1, 0, 0, 1, 1, 1, 1, 0, 0, 0, 1, 0, 0, 0, 0, 0, 0, 0, 1, 1, 0, 0, 0, 1, 1, 0, 0, 1, 1, 0, 1, 0, 1, 0, 0, 1, 0, 0, 1, 0, 0, 0, 0, 0, 0, 1, 0, 1, 0, 1, 0, 1, 0, 0, 0, 0, 1, 1, 0, 1, 0, 0, 1, 1, 1, 0, 1, 1, 0, 0, 1, 0, 1, 1, 1, 1, 0, 0, 1, 0, 0, 1, 1, 0, 0, 0, 1, 0, 1, 0, 0, 0, 0, 1, 0, 0, 0, 1, 0, 0, 0, 1, 1, 1, 1, 0, 0, 0, 1, 0, 0, 0, 1, 1, 1, 0, 1, 0, 1, 0, 0, 0, 0, 0, 1, 0, 0, 1, 1, 0, 1, 1, 1, 0, 0, 0, 0, 0, 0, 0, 0, 0, 0, 1...}, fitness = -509591}, __last={solution = std::vector of length 0, capacity 1073741824, fitness = 1}, __comp=...) at /usr/include/c++/7/bits/stl_algo.h:1886
#8  0x0000555555556da9 in std::__sort<__gnu_cxx::__normal_iterator<chromossome*, std::vector<chromossome, std::allocator<chromossome> > >, __gnu_cxx::__ops::_Iter_less_iter> (__first={solution = std::vector of length 200, capacity 200 = {0, 1, 0, 0, 1, 1, 0, 0, 0, 0, 0, 0, 0, 1, 1, 1, 1, 0, 0, 0, 0, 0, 0, 0, 1, 0, 0, 1, 1, 0, 0, 0, 0, 1, 1, 0, 0, 1, 1, 1, 0, 0, 0, 0, 1, 0, 1, 0, 1, 0, 0, 1, 1, 0, 1, 1, 1, 0, 0, 1, 1, 1, 1, 0, 0, 0, 1, 0, 0, 0, 0, 0, 0, 0, 1, 1, 0, 0, 0, 1, 1, 0, 0, 1, 1, 0, 1, 0, 1, 0, 0, 1, 0, 0, 1, 0, 0, 0, 0, 0, 0, 1, 0, 1, 0, 1, 0, 1, 0, 0, 0, 0, 1, 1, 0, 1, 0, 0, 1, 1, 1, 0, 1, 1, 0, 0, 1, 0, 1, 1, 1, 1, 0, 0, 1, 0, 0, 1, 1, 0, 0, 0, 1, 0, 1, 0, 0, 0, 0, 1, 0, 0, 0, 1, 0, 0, 0, 1, 1, 1, 1, 0, 0, 0, 1, 0, 0, 0, 1, 1, 1, 0, 1, 0, 1, 0, 0, 0, 0, 0, 1, 0, 0, 1, 1, 0, 1, 1, 1, 0, 0, 0, 0, 0, 0, 0, 0, 0, 0, 1...}, fitness = -509591}, __last={solution = std::vector of length 0, capacity 1073741824, fitness = 1}, __comp=...) at /usr/include/c++/7/bits/stl_algo.h:1971
#9  0x0000555555555dfd in std::sort<__gnu_cxx::__normal_iterator<chromossome*, std::vector<chromossome, std::allocator<chromossome> > > > (__first={solution = std::vector of length 200, capacity 200 = {0, 1, 0, 0, 1, 1, 0, 0, 0, 0, 0, 0, 0, 1, 1, 1, 1, 0, 0, 0, 0, 0, 0, 0, 1, 0, 0, 1, 1, 0, 0, 0, 0, 1, 1, 0, 0, 1, 1, 1, 0, 0, 0, 0, 1, 0, 1, 0, 1, 0, 0, 1, 1, 0, 1, 1, 1, 0, 0, 1, 1, 1, 1, 0, 0, 0, 1, 0, 0, 0, 0, 0, 0, 0, 1, 1, 0, 0, 0, 1, 1, 0, 0, 1, 1, 0, 1, 0, 1, 0, 0, 1, 0, 0, 1, 0, 0, 0, 0, 0, 0, 1, 0, 1, 0, 1, 0, 1, 0, 0, 0, 0, 1, 1, 0, 1, 0, 0, 1, 1, 1, 0, 1, 1, 0, 0, 1, 0, 1, 1, 1, 1, 0, 0, 1, 0, 0, 1, 1, 0, 0, 0, 1, 0, 1, 0, 0, 0, 0, 1, 0, 0, 0, 1, 0, 0, 0, 1, 1, 1, 1, 0, 0, 0, 1, 0, 0, 0, 1, 1, 1, 0, 1, 0, 1, 0, 0, 0, 0, 0, 1, 0, 0, 1, 1, 0, 1, 1, 1, 0, 0, 0, 0, 0, 0, 0, 0, 0, 0, 1...}, fitness = -509591}, __last={solution = std::vector of length 0, capacity 1073741824, fitness = 1}) at /usr/include/c++/7/bits/stl_algo.h:4836
#10 0x000055555555568f in genetic_algorithm () at knapsackga.cpp:115
#11 0x00005555555558d7 in main () at knapsackga.cpp:137

195	      // concept requirements
196	      __glibcxx_function_requires(_SGIAssignableConcept<_Tp>)
197	
198	      _Tp __tmp = _GLIBCXX_MOVE(__a);
199	      __a = _GLIBCXX_MOVE(__b);
200	      __b = _GLIBCXX_MOVE(__tmp);
201	    }
202	
203	  // _GLIBCXX_RESOLVE_LIB_DEFECTS
204	  // DR 809. std::swap should be overloaded for array types.

Backtrace END
Fliping value of field: std::_Vector_base<int, std::allocator<int> >
Fliping value of field: _M_impl
Fliping value of field: _M_end_of_storage
Fliping a bit of the value pointed by a pointer
Memory content before bitflip:0x000x000x000x00
Fault Model: Zero bit-flip
base address to flip value: 0x555555776fb0
address max offset: 4
Memory content after  bitflip:0x000x000x000x00
frame name: std::_Vector_base<int, std::allocator<int> >::_Vector_impl::_M_swap_data
symbol name: val
symbol filename: knapsackga.cpp
symbol line: 14
value: std::vector of length 200, capacity 256 = {9561, 9479, 566, 849, 8355, 7360, 6698, 3082, 6060, 6069, 5813, 1584, 4307, 3936, 7231, 9949, 9494, 5442, 4449, 2683, 360, 275, 4649, 3185, 3801, 8918, 5258, 5606, 2362, 239, 3252, 1367, 5103, 9987, 6745, 1819, 8936, 7968, 7345, 9066, 7629, 7898, 3538, 9810, 9620, 1612, 7541, 7152, 4615, 5304, 4901, 9249, 5009, 8316, 3540, 8829, 8998, 4611, 5678, 9204, 7238, 4867, 2219, 3247, 6996, 1661, 9080, 2682, 9114, 3096, 9574, 7063, 5043, 5178, 6515, 5880, 3119, 2079, 5119, 9342, 6233, 754, 8204, 7260, 9077, 1915, 7448, 588, 6530, 2731, 2267, 8755, 1063, 5224, 8540, 2449, 2105, 8806, 4230, 7170, 319, 3624, 1719, 6728, 830, 9546, 254, 7295, 212, 2557, 8134, 1572, 1838, 6915, 3856, 432, 9901, 1515, 363, 3443, 6153, 7425, 1132, 3373, 309, 4487, 7660, 7400, 9021, 7557, 8625, 7054, 4728, 2256, 6609, 3164, 1021, 4479, 8748, 1276, 5850, 3930, 5149, 1439, 9598, 2591, 6061, 4198, 181, 5580, 1406, 568, 336, 1612, 959, 6351, 5083, 9835, 9342, 9946, 2325, 4447, 2508, 5913, 6242, 8003, 7095, 2567, 4231, 5262, 49, 355, 4088, 1112, 7238, 2409, 998, 1818, 2316, 2174, 5208, 4645, 3098, 6418, 2125, 9066, 9632, 7290, 4338, 5116, 5811, 513, 4181, 5251, 1813, 938, 8027, 3662, 5193, 9215...}
value address: 0x55555575f030 <val>
Type: The type is a structure.
Type sizeof: 24
Field name: std::_Vector_base<int, std::allocator<int> >
Field Type: The type is a structure.
Field Type sizeof: 24

[INFO -- 2018-09-24 18:41:34]
Fault Injection Successful after 1.8341748714447021s
[INFO -- 2018-09-24 18:41:37]
event type: exit
[INFO -- 2018-09-24 18:41:37]
exit code: 0
