[INFO -- 2018-12-08 23:35:08]
Starting flip_value script
version: 1.1
[INFO -- 2018-12-08 23:35:08]
Initialization strings:
[INFO -- 2018-12-08 23:35:08]
(1) file /tmp/knapsack/sa
[INFO -- 2018-12-08 23:35:08]
initSignal:0
[INFO -- 2018-12-08 23:35:08]
endSignal:9
[INFO -- 2018-12-08 23:35:08]
faultModel:2
[EXCEPTION -- 2018-12-08 23:35:08]
pythonException: Unable to exit loop in struct fields; Exiting wihtout making a bit flip
[INFO -- 2018-12-08 23:35:09]
Backtrace BEGIN:
#0  0x0000555555555196 in cost (solution=std::vector of length 200, capacity 200 = {...}) at knapsacksa.cpp:62
#1  0x000055555555534c in simulated_annealing () at knapsacksa.cpp:92
#2  0x0000555555555658 in main () at knapsacksa.cpp:146

57	    for(int i=0; i < n; i++){
58	        peso += solution[i] * wt[i];
59	        valor += solution[i] * val[i];
60	    }
61	    for(int i=0; i < n; i++){
62	        peso2 += solution[i] * wt2[i];
63	        valor2 += solution[i] * val2[i];
64	    }
65	    if(peso != peso2 || valor != valor2){
66	        exit_gracefully();

Backtrace END
Memory content before bitflip:0x310xfb0x080x00
Fault Model: Random bit-flip
base address to flip value: 0x555555759030 
address max offset: 4
Memory content after  bitflip:0x720xf40x480xfd
frame name: main
symbol name: W
symbol filename: knapsacksa.cpp
symbol line: 13
value: -45550478
value address: 0x555555759030 <W>
Type: The type is an integer type.
Type sizeof: 4

[INFO -- 2018-12-08 23:35:09]
Fault Injection Successful after 1.0516676902770996s
[INFO -- 2018-12-08 23:35:09]
event type: exit
[INFO -- 2018-12-08 23:35:09]
exit code: 0
