[INFO -- 2018-12-08 17:08:35]
Starting flip_value script
version: 1.1
[INFO -- 2018-12-08 17:08:35]
Initialization strings:
[INFO -- 2018-12-08 17:08:35]
(1) file /tmp/knapsack/ga
[INFO -- 2018-12-08 17:08:35]
initSignal:1
[INFO -- 2018-12-08 17:08:35]
endSignal:8
[INFO -- 2018-12-08 17:08:35]
faultModel:3
[INFO -- 2018-12-08 17:08:37]
Backtrace BEGIN:
#0  std::vector<chromossome, std::allocator<chromossome> >::_M_realloc_insert<chromossome const&> (this=0x7fffffffd820, __position={solution = std::vector of length 20, capacity 0 = {<error reading variable>, __args#0=...) at /usr/include/c++/7/bits/vector.tcc:434
#1  0x0000555555556012 in std::vector<chromossome, std::allocator<chromossome> >::push_back (this=0x7fffffffd820, __x=...) at /usr/include/c++/7/bits/stl_vector.h:948
#2  0x0000555555555230 in tournament (pop=std::vector of length 40, capacity 64 = {...}) at knapsackga.cpp:84
#3  0x0000555555555653 in genetic_algorithm () at knapsackga.cpp:128
#4  0x0000555555555b6c in main () at knapsackga.cpp:165

429		  ++__new_finish;
430	
431		  __new_finish
432		    = std::__uninitialized_move_if_noexcept_a
433		    (__position.base(), this->_M_impl._M_finish,
434		     __new_finish, _M_get_Tp_allocator());
435		}
436	      __catch(...)
437		{
438		  if (!__new_finish)

Backtrace END
Memory content before bitflip:0x310xfb0x080x00
Fault Model: Zero bit-flip
base address to flip value: 0x55555575f0b4 
address max offset: 4
Memory content after  bitflip:0x000x000x000x00
frame name: main
symbol name: W2
symbol filename: knapsackga.cpp
symbol line: 18
value: 0
value address: 0x55555575f0b4 <W2>
Type: The type is an integer type.
Type sizeof: 4

[INFO -- 2018-12-08 17:08:37]
Fault Injection Successful after 2.447397470474243s
[INFO -- 2018-12-08 17:08:37]
event type: exit
[INFO -- 2018-12-08 17:08:37]
exit code: 0
