[INFO -- 2018-12-08 13:00:44]
Starting flip_value script
version: 1.1
[INFO -- 2018-12-08 13:00:44]
Initialization strings:
[INFO -- 2018-12-08 13:00:44]
(1) file /tmp/knapsack/mf
[INFO -- 2018-12-08 13:00:44]
initSignal:1
[INFO -- 2018-12-08 13:00:44]
endSignal:3
[INFO -- 2018-12-08 13:00:44]
faultModel:3
[EXCEPTION -- 2018-12-08 13:00:45]
gdbException: Cannot access memory at address 0x0
[EXCEPTION -- 2018-12-08 13:00:46]
gdbException: Cannot access memory at address 0x0
[EXCEPTION -- 2018-12-08 13:00:46]
pythonException: empty range for randrange() (0,0, 0)
[INFO -- 2018-12-08 13:00:46]
event type: exit
[EXCEPTION -- 2018-12-08 13:00:46]
exit code: no exit code available
