[INFO -- 2018-09-25 00:19:39]
Starting flip_value script
version: 1.1
[INFO -- 2018-09-25 00:19:39]
Initialization strings:
[INFO -- 2018-09-25 00:19:39]
(1) file /tmp/knapsack/ga
[INFO -- 2018-09-25 00:19:39]
initSignal:1
[INFO -- 2018-09-25 00:19:39]
endSignal:3.5
[INFO -- 2018-09-25 00:19:39]
faultModel:2
[INFO -- 2018-09-25 00:19:40]
Backtrace BEGIN:
#0  0x0000555555554ef0 in cost (solution=std::vector of length 200, capacity 200 = {...}) at knapsackga.cpp:25
#1  0x0000555555555654 in genetic_algorithm () at knapsackga.cpp:112
#2  0x00005555555558d7 in main () at knapsackga.cpp:137

20	    return rand() % 2;
21	}
22	
23	int cost(vector<int> &solution){
24	    int peso=0, valor=0;
25	    for(int i=0; i < n; i++){
26	       peso += solution[i] * wt[i];
27	       valor += solution[i] * val[i];
28	    }
29	

Backtrace END
Memory content before bitflip:0xef0x290xf80xff
Fault Model: Random bit-flip
base address to flip value: 0x7fffffffd8c0
address max offset: 4
Memory content after  bitflip:0xe70x0e0xea0xaa
frame name: genetic_algorithm
symbol name: best
symbol filename: knapsackga.cpp
symbol line: 92
value: -1427501337
value address: 0x7fffffffd8c0
Type: The type is an integer type.
Type sizeof: 4

[INFO -- 2018-09-25 00:19:40]
Fault Injection Successful after 1.9170820713043213s
[INFO -- 2018-09-25 00:19:42]
event type: exit
[INFO -- 2018-09-25 00:19:42]
exit code: 0
