[INFO -- 2018-12-01 02:24:02]
Starting flip_value script
version: 1.1
[INFO -- 2018-12-01 02:24:02]
Initialization strings:
[INFO -- 2018-12-01 02:24:02]
(1) file /tmp/knapsack/ga
[INFO -- 2018-12-01 02:24:02]
initSignal:0
[INFO -- 2018-12-01 02:24:02]
endSignal:13
[INFO -- 2018-12-01 02:24:02]
faultModel:0
[INFO -- 2018-12-01 02:24:08]
Backtrace BEGIN:
#0  0x000055555555506f in cost (solution=std::vector of length 200, capacity 200 = {...}) at knapsackga.cpp:27
#1  0x000055555555578e in genetic_algorithm () at knapsackga.cpp:112
#2  0x0000555555555a9b in main () at knapsackga.cpp:141

22	
23	int cost(vector<int> &solution){
24	    int peso=0, valor=0;
25	    for(int i=0; i < n; i++){
26	        peso += solution[i] * wt[i];
27	        valor += solution[i] * val[i];
28	    }
29	
30	    if(peso > W){
31	        return 99999999;

Backtrace END
Memory content before bitflip:0xbc0x0c0xaa0xf7
Fault Model: Single bit-flip
base address to flip value: 0x7fffffffd9d8
address max offset: 4
Memory content after  bitflip:0xbc0x0c0xa80xf7
frame name: main
symbol name: result1
symbol filename: knapsackga.cpp
symbol line: 141
value: -139981636
value address: 0x7fffffffd9d8
Type: The type is an integer type.
Type sizeof: 4

[INFO -- 2018-12-01 02:24:08]
Fault Injection Successful after 6.012176990509033s
[INFO -- 2018-12-01 02:24:14]
event type: exit
[INFO -- 2018-12-01 02:24:14]
exit code: 0
