[INFO -- 2018-12-08 15:10:07]
Starting flip_value script
version: 1.1
[INFO -- 2018-12-08 15:10:07]
Initialization strings:
[INFO -- 2018-12-08 15:10:07]
(1) file /tmp/knapsack/ga
[INFO -- 2018-12-08 15:10:07]
initSignal:1
[INFO -- 2018-12-08 15:10:07]
endSignal:8
[INFO -- 2018-12-08 15:10:07]
faultModel:0
[EXCEPTION -- 2018-12-08 15:10:11]
pythonException: empty range for randrange() (0,0, 0)
[EXCEPTION -- 2018-12-08 15:10:11]
gdbException: Cannot access memory at address 0x80000
[EXCEPTION -- 2018-12-08 15:10:11]
pythonException: Unable to exit loop in struct fields; Exiting wihtout making a bit flip
[INFO -- 2018-12-08 15:10:12]
event type: exit
[EXCEPTION -- 2018-12-08 15:10:12]
exit code: no exit code available
