[INFO -- 2018-12-08 22:27:34]
Starting flip_value script
version: 1.1
[INFO -- 2018-12-08 22:27:34]
Initialization strings:
[INFO -- 2018-12-08 22:27:34]
(1) file /tmp/knapsack/ga
[INFO -- 2018-12-08 22:27:34]
initSignal:1
[INFO -- 2018-12-08 22:27:34]
endSignal:8
[INFO -- 2018-12-08 22:27:34]
faultModel:0
[INFO -- 2018-12-08 22:27:36]
Backtrace BEGIN:
#0  __memmove_sse2_unaligned_erms () at ../sysdeps/x86_64/multiarch/memmove-vec-unaligned-erms.S:492
#1  0x000055555555a3ba in std::__copy_move<false, true, std::random_access_iterator_tag>::__copy_m<int> (__first=0x5555557838b0, __last=0x555555783bd0, __result=0x55555577a510) at /usr/include/c++/7/bits/stl_algobase.h:368
#2  0x00005555555598dc in std::__copy_move_a<false, int const*, int*> (__first=0x5555557838b0, __last=0x555555783bd0, __result=0x55555577a510) at /usr/include/c++/7/bits/stl_algobase.h:386
#3  0x00005555555588d1 in std::__copy_move_a2<false, __gnu_cxx::__normal_iterator<int const*, std::vector<int, std::allocator<int> > >, __gnu_cxx::__normal_iterator<int*, std::vector<int, std::allocator<int> > > > (__first=0, __last=2448, __result=0) at /usr/include/c++/7/bits/stl_algobase.h:422
#4  0x0000555555557511 in std::copy<__gnu_cxx::__normal_iterator<int const*, std::vector<int, std::allocator<int> > >, __gnu_cxx::__normal_iterator<int*, std::vector<int, std::allocator<int> > > > (__first=0, __last=2448, __result=0) at /usr/include/c++/7/bits/stl_algobase.h:456
#5  0x0000555555556561 in std::vector<int, std::allocator<int> >::operator= (this=0x5555557812d0, __x=std::vector of length 200, capacity 200 = {...}) at /usr/include/c++/7/bits/vector.tcc:218
#6  0x000055555555a4ad in chromossome::operator= (this=0x5555557812d0) at knapsackga.cpp:63
#7  0x000055555555a505 in std::__copy_move<false, false, std::random_access_iterator_tag>::__copy_m<chromossome const*, chromossome*> (__first=0x55555578b070, __last=0x55555578b150, __result=0x5555557812d0) at /usr/include/c++/7/bits/stl_algobase.h:324
#8  0x0000555555559aab in std::__copy_move_a<false, chromossome const*, chromossome*> (__first=0x55555578ac50, __last=0x55555578b150, __result=0x555555780eb0) at /usr/include/c++/7/bits/stl_algobase.h:386
#9  0x0000555555558e62 in std::__copy_move_a2<false, __gnu_cxx::__normal_iterator<chromossome const*, std::vector<chromossome, std::allocator<chromossome> > >, __gnu_cxx::__normal_iterator<chromossome*, std::vector<chromossome, std::allocator<chromossome> > > > (__first={solution = std::vector of length 200, capacity 200 = {0, 1, 0, 0, 1, 1, 1, 0, 0, 0, 0, 0, 0, 1, 1, 1, 1, 0, 0, 0, 0, 0, 0, 1, 1, 0, 1, 1, 1, 0, 0, 0, 0, 1, 0, 0, 0, 1, 1, 1, 0, 0, 0, 0, 1, 0, 1, 0, 1, 0, 0, 1, 1, 0, 1, 1, 1, 0, 0, 1, 1, 1, 1, 0, 0, 0, 1, 0, 0, 0, 1, 0, 0, 0, 1, 1, 0, 0, 1, 1, 1, 0, 0, 1, 1, 0, 1, 0, 1, 0, 0, 1, 0, 0, 1, 0, 0, 0, 0, 0, 1, 1, 0, 1, 0, 1, 0, 1, 0, 0, 0, 0, 1, 1, 0, 1, 0, 0, 0, 1, 1, 0, 1, 1, 0, 0, 1, 0, 1, 1, 1, 1, 0, 0, 1, 0, 0, 1, 1, 0, 0, 0, 1, 0, 0, 0, 1, 0, 0, 1, 0, 0, 1, 1, 0, 0, 0, 1, 0, 1, 1, 0, 0, 0, 1, 0, 0, 0, 1, 0, 1, 0, 1, 0, 0, 0, 0, 0, 0, 0, 1, 0, 0, 1, 1, 0, 1, 1, 1, 0, 0, 0, 0, 0, 0, 0, 0, 0, 0, 1...}, fitness = -507593}, __last={solution = std::vector of length 0, capacity 0, fitness = 1}, __result={solution = std::vector of length 200, capacity 256 = {0, 1, 0, 0, 1, 1, 1, 0, 0, 0, 0, 0, 0, 1, 1, 1, 1, 0, 0, 0, 0, 0, 0, 1, 1, 0, 1, 1, 1, 0, 0, 0, 0, 1, 0, 0, 0, 1, 1, 1, 0, 0, 0, 0, 1, 0, 1, 0, 1, 0, 0, 1, 1, 0, 1, 1, 1, 0, 0, 1, 1, 1, 1, 0, 0, 0, 1, 0, 0, 0, 1, 0, 0, 0, 1, 1, 0, 0, 1, 1, 1, 0, 0, 1, 1, 0, 1, 0, 1, 0, 0, 1, 0, 0, 1, 0, 0, 0, 0, 0, 1, 1, 0, 1, 0, 1, 0, 1, 0, 0, 0, 0, 1, 1, 0, 1, 0, 0, 0, 1, 1, 0, 1, 1, 0, 0, 1, 0, 1, 1, 1, 1, 0, 0, 1, 0, 0, 1, 1, 0, 0, 0, 1, 0, 0, 0, 1, 0, 0, 1, 0, 0, 1, 1, 0, 0, 0, 1, 0, 1, 1, 0, 0, 0, 1, 0, 0, 0, 1, 0, 1, 0, 1, 0, 0, 0, 0, 0, 0, 0, 1, 0, 0, 1, 1, 0, 1, 1, 1, 0, 0, 0, 0, 0, 0, 0, 0, 0, 0, 1...}, fitness = -507593}) at /usr/include/c++/7/bits/stl_algobase.h:422
#10 0x00005555555579f4 in std::copy<__gnu_cxx::__normal_iterator<chromossome const*, std::vector<chromossome, std::allocator<chromossome> > >, __gnu_cxx::__normal_iterator<chromossome*, std::vector<chromossome, std::allocator<chromossome> > > > (__first={solution = std::vector of length 200, capacity 200 = {0, 1, 0, 0, 1, 1, 1, 0, 0, 0, 0, 0, 0, 1, 1, 1, 1, 0, 0, 0, 0, 0, 0, 1, 1, 0, 1, 1, 1, 0, 0, 0, 0, 1, 0, 0, 0, 1, 1, 1, 0, 0, 0, 0, 1, 0, 1, 0, 1, 0, 0, 1, 1, 0, 1, 1, 1, 0, 0, 1, 1, 1, 1, 0, 0, 0, 1, 0, 0, 0, 1, 0, 0, 0, 1, 1, 0, 0, 1, 1, 1, 0, 0, 1, 1, 0, 1, 0, 1, 0, 0, 1, 0, 0, 1, 0, 0, 0, 0, 0, 1, 1, 0, 1, 0, 1, 0, 1, 0, 0, 0, 0, 1, 1, 0, 1, 0, 0, 0, 1, 1, 0, 1, 1, 0, 0, 1, 0, 1, 1, 1, 1, 0, 0, 1, 0, 0, 1, 1, 0, 0, 0, 1, 0, 0, 0, 1, 0, 0, 1, 0, 0, 1, 1, 0, 0, 0, 1, 0, 1, 1, 0, 0, 0, 1, 0, 0, 0, 1, 0, 1, 0, 1, 0, 0, 0, 0, 0, 0, 0, 1, 0, 0, 1, 1, 0, 1, 1, 1, 0, 0, 0, 0, 0, 0, 0, 0, 0, 0, 1...}, fitness = -507593}, __last={solution = std::vector of length 0, capacity 0, fitness = 1}, __result={solution = std::vector of length 200, capacity 256 = {0, 1, 0, 0, 1, 1, 1, 0, 0, 0, 0, 0, 0, 1, 1, 1, 1, 0, 0, 0, 0, 0, 0, 1, 1, 0, 1, 1, 1, 0, 0, 0, 0, 1, 0, 0, 0, 1, 1, 1, 0, 0, 0, 0, 1, 0, 1, 0, 1, 0, 0, 1, 1, 0, 1, 1, 1, 0, 0, 1, 1, 1, 1, 0, 0, 0, 1, 0, 0, 0, 1, 0, 0, 0, 1, 1, 0, 0, 1, 1, 1, 0, 0, 1, 1, 0, 1, 0, 1, 0, 0, 1, 0, 0, 1, 0, 0, 0, 0, 0, 1, 1, 0, 1, 0, 1, 0, 1, 0, 0, 0, 0, 1, 1, 0, 1, 0, 0, 0, 1, 1, 0, 1, 1, 0, 0, 1, 0, 1, 1, 1, 1, 0, 0, 1, 0, 0, 1, 1, 0, 0, 0, 1, 0, 0, 0, 1, 0, 0, 1, 0, 0, 1, 1, 0, 0, 0, 1, 0, 1, 1, 0, 0, 0, 1, 0, 0, 0, 1, 0, 1, 0, 1, 0, 0, 0, 0, 0, 0, 0, 1, 0, 0, 1, 1, 0, 1, 1, 1, 0, 0, 0, 0, 0, 0, 0, 0, 0, 0, 1...}, fitness = -507593}) at /usr/include/c++/7/bits/stl_algobase.h:456
#11 0x00005555555569d3 in std::vector<chromossome, std::allocator<chromossome> >::operator= (this=0x7fffffffd880, __x=std::vector of length 40, capacity 64 = {...}) at /usr/include/c++/7/bits/vector.tcc:218
#12 0x000055555555590f in genetic_algorithm () at knapsackga.cpp:143
#13 0x0000555555555b6c in main () at knapsackga.cpp:165

487	../sysdeps/x86_64/multiarch/memmove-vec-unaligned-erms.S: No such file or directory.

Backtrace END
Memory content before bitflip:0xc80x000x000x00
Fault Model: Single bit-flip
base address to flip value: 0x55555575f0ac 
address max offset: 4
Memory content after  bitflip:0xc90x000x000x00
frame name: std::vector<chromossome, std::allocator<chromossome> >::operator=
symbol name: n2
symbol filename: knapsackga.cpp
symbol line: 18
value: 201
value address: 0x55555575f0ac <n2>
Type: The type is an integer type.
Type sizeof: 4

[INFO -- 2018-12-08 22:27:36]
Fault Injection Successful after 2.2316229343414307s
[INFO -- 2018-12-08 22:27:36]
event type: exit
[INFO -- 2018-12-08 22:27:36]
exit code: 0
