[INFO -- 2018-09-23 12:22:18]
Starting flip_value script
version: 1.1
[INFO -- 2018-09-23 12:22:18]
Initialization strings:
[INFO -- 2018-09-23 12:22:18]
(1) file /tmp/knapsack/sa
[INFO -- 2018-09-23 12:22:18]
initSignal:0
[INFO -- 2018-09-23 12:22:18]
endSignal:2
[INFO -- 2018-09-23 12:22:18]
faultModel:2
[EXCEPTION -- 2018-09-23 12:22:18]
pythonException: empty range for randrange() (0,0, 0)
[INFO -- 2018-09-23 12:22:18]
Backtrace BEGIN:
#0  0x000055555555551b in std::vector<int, std::allocator<int> >::operator[] (this=0x7fffffffda30, __n=99) at /usr/include/c++/7/bits/stl_vector.h:798
#1  0x0000555555554fc8 in cost (solution=std::vector of length 200, capacity 200 = {...}) at knapsacksa.cpp:29
#2  0x000055555555511f in simulated_annealing () at knapsacksa.cpp:50
#3  0x000055555555535e in main () at knapsacksa.cpp:84

793	       */
794	      reference
795	      operator[](size_type __n) _GLIBCXX_NOEXCEPT
796	      {
797		__glibcxx_requires_subscript(__n);
798		return *(this->_M_impl._M_start + __n);
799	      }
800	
801	      /**
802	       *  @brief  Subscript access to the data contained in the %vector.

Backtrace END
Memory content before bitflip:0x310xfb0x080x00
Fault Model: Random bit-flip
base address to flip value: 0x55555575906c 
address max offset: 4
Memory content after  bitflip:0x5b0x270x8f0xaf
frame name: std::vector<int, std::allocator<int> >::operator[]
symbol name: W
symbol filename: knapsacksa.cpp
symbol line: 15
value: -1349572773
value address: 0x55555575906c <W>
Type: The type is an integer type.
Type sizeof: 4

[INFO -- 2018-09-23 12:22:18]
Fault Injection Successful after 0.8712749481201172s
[INFO -- 2018-09-23 12:22:20]
event type: exit
[INFO -- 2018-09-23 12:22:20]
exit code: 0
