[INFO -- 2018-09-23 16:49:07]
Starting flip_value script
version: 1.1
[INFO -- 2018-09-23 16:49:07]
Initialization strings:
[INFO -- 2018-09-23 16:49:07]
(1) file /tmp/knapsack/sa
[INFO -- 2018-09-23 16:49:07]
initSignal:0
[INFO -- 2018-09-23 16:49:07]
endSignal:2
[INFO -- 2018-09-23 16:49:07]
faultModel:3
[INFO -- 2018-09-23 16:49:08]
Backtrace BEGIN:
#0  0x0000555555555a22 in std::vector<int, std::allocator<int> >::operator= (this=0x7fffffffda10, __x=std::vector of length 200, capacity 200 = {...}) at /usr/include/c++/7/bits/vector.tcc:230
#1  0x000055555555518f in simulated_annealing () at knapsacksa.cpp:60
#2  0x000055555555535e in main () at knapsacksa.cpp:84

225		      std::__uninitialized_copy_a(__x._M_impl._M_start + size(),
226						  __x._M_impl._M_finish,
227						  this->_M_impl._M_finish,
228						  _M_get_Tp_allocator());
229		    }
230		  this->_M_impl._M_finish = this->_M_impl._M_start + __xlen;
231		}
232	      return *this;
233	    }
234	

Backtrace END
Memory content before bitflip:0x310xfb0x080x00
Fault Model: Zero bit-flip
base address to flip value: 0x55555575906c 
address max offset: 4
Memory content after  bitflip:0x000x000x000x00
frame name: std::vector<int, std::allocator<int> >::operator=
symbol name: W
symbol filename: knapsacksa.cpp
symbol line: 15
value: 0
value address: 0x55555575906c <W>
Type: The type is an integer type.
Type sizeof: 4

[INFO -- 2018-09-23 16:49:08]
Fault Injection Successful after 1.1520326137542725s
[INFO -- 2018-09-23 16:49:10]
event type: exit
[INFO -- 2018-09-23 16:49:10]
exit code: 0
