[INFO -- 2018-12-09 00:52:17]
Starting flip_value script
version: 1.1
[INFO -- 2018-12-09 00:52:17]
Initialization strings:
[INFO -- 2018-12-09 00:52:17]
(1) file /tmp/knapsack/ga
[INFO -- 2018-12-09 00:52:17]
initSignal:1
[INFO -- 2018-12-09 00:52:17]
endSignal:8
[INFO -- 2018-12-09 00:52:17]
faultModel:1
[INFO -- 2018-12-09 00:52:21]
Backtrace BEGIN:
#0  0x0000555555556d3a in std::forward<chromossome const&> (__t=...) at /usr/include/c++/7/bits/move.h:73
#1  0x0000555555558159 in __gnu_cxx::new_allocator<chromossome>::construct<chromossome, chromossome const&> (this=0x7fffffffd820, __p=0x555555776420, __args#0=...) at /usr/include/c++/7/ext/new_allocator.h:136
#2  0x0000555555556d7a in std::allocator_traits<std::allocator<chromossome> >::construct<chromossome, chromossome const&> (__a=..., __p=0x555555776420, __args#0=...) at /usr/include/c++/7/bits/alloc_traits.h:475
#3  0x0000555555556e3a in std::vector<chromossome, std::allocator<chromossome> >::_M_realloc_insert<chromossome const&> (this=0x7fffffffd820, __position=non-dereferenceable iterator for std::vector, __args#0=...) at /usr/include/c++/7/bits/vector.tcc:415
#4  0x0000555555556012 in std::vector<chromossome, std::allocator<chromossome> >::push_back (this=0x7fffffffd820, __x=...) at /usr/include/c++/7/bits/stl_vector.h:948
#5  0x0000555555555230 in tournament (pop=std::vector of length 40, capacity 64 = {...}) at knapsackga.cpp:84
#6  0x0000555555555653 in genetic_algorithm () at knapsackga.cpp:128
#7  0x0000555555555b6c in main () at knapsackga.cpp:165

68	   *
69	   *  This function is used to implement "perfect forwarding".
70	   */
71	  template<typename _Tp>
72	    constexpr _Tp&&
73	    forward(typename std::remove_reference<_Tp>::type& __t) noexcept
74	    { return static_cast<_Tp&&>(__t); }
75	
76	  /**
77	   *  @brief  Forward an rvalue.

Backtrace END
Memory content before bitflip:0x310xfb0x080x00
Fault Model: Double bit-flip
base address to flip value: 0x55555575f0b0 
address max offset: 4
Memory content after  bitflip:0x310xfb0x080x11
frame name: main
symbol name: W
symbol filename: knapsackga.cpp
symbol line: 18
value: 285801265
value address: 0x55555575f0b0 <W>
Type: The type is an integer type.
Type sizeof: 4

[INFO -- 2018-12-09 00:52:21]
Fault Injection Successful after 4.072333335876465s
[INFO -- 2018-12-09 00:52:21]
event type: exit
[INFO -- 2018-12-09 00:52:21]
exit code: 0
