[INFO -- 2018-12-08 14:07:43]
Starting flip_value script
version: 1.1
[INFO -- 2018-12-08 14:07:43]
Initialization strings:
[INFO -- 2018-12-08 14:07:43]
(1) file /tmp/knapsack/sa
[INFO -- 2018-12-08 14:07:43]
initSignal:0
[INFO -- 2018-12-08 14:07:43]
endSignal:9
[INFO -- 2018-12-08 14:07:43]
faultModel:2
[INFO -- 2018-12-08 14:07:45]
Backtrace BEGIN:
#0  std::vector<int, std::allocator<int> >::operator[] (this=0x7fffffffd740, __n=183) at /usr/include/c++/7/bits/stl_vector.h:799
#1  0x0000555555555194 in cost (solution=std::vector of length 200, capacity 200 = {...}) at knapsacksa.cpp:62
#2  0x000055555555534c in simulated_annealing () at knapsacksa.cpp:92
#3  0x0000555555555658 in main () at knapsacksa.cpp:146

794	      reference
795	      operator[](size_type __n) _GLIBCXX_NOEXCEPT
796	      {
797		__glibcxx_requires_subscript(__n);
798		return *(this->_M_impl._M_start + __n);
799	      }
800	
801	      /**
802	       *  @brief  Subscript access to the data contained in the %vector.
803	       *  @param __n The index of the element for which data should be

Backtrace END
Memory content before bitflip:0x380x0a0x070x00
Fault Model: Random bit-flip
base address to flip value: 0x7fffffffd6b0
address max offset: 4
Memory content after  bitflip:0xff0xa50x260x9b
frame name: cost
symbol name: valor
symbol filename: knapsacksa.cpp
symbol line: 56
value: -1691965953
value address: 0x7fffffffd6b0
Type: The type is an integer type.
Type sizeof: 4

[INFO -- 2018-12-08 14:07:45]
Fault Injection Successful after 2.217970848083496s
[INFO -- 2018-12-08 14:07:45]
event type: exit
[INFO -- 2018-12-08 14:07:45]
exit code: 0
