[INFO -- 2018-09-25 10:03:32]
Starting flip_value script
version: 1.1
[INFO -- 2018-09-25 10:03:32]
Initialization strings:
[INFO -- 2018-09-25 10:03:32]
(1) file /tmp/knapsack/ga
[INFO -- 2018-09-25 10:03:32]
initSignal:1
[INFO -- 2018-09-25 10:03:32]
endSignal:3.5
[INFO -- 2018-09-25 10:03:32]
faultModel:1
[INFO -- 2018-09-25 10:03:33]
Backtrace BEGIN:
#0  0x000055555555a73b in std::iter_swap<__gnu_cxx::__normal_iterator<chromossome*, std::vector<chromossome, std::allocator<chromossome> > >, __gnu_cxx::__normal_iterator<chromossome*, std::vector<chromossome, std::allocator<chromossome> > > > (__a={solution = std::vector of length 11728123449084, capacity -574102 = {1433952592, 21845, 1433953392, 21845, 1433953392, 21845, -512589, 1, 1433935456, 21845, 1433936256, 21845, 1433936256, 21845, -512589, 0, 1433936272, 21845, 1433937072, 21845, 1433937072, 21845, -512589, 0, 1433937088, 21845, 1433937888, 21845, 1433937888, 21845, -512589, 1, 1433937904, 21845, 1433938704, 21845, 1433938704, 21845, -507896, 0, 1433938720, 21845, 1433939520, 21845, 1433939520, 21845, -512589, 1, 1433939536, 21845, 1433940336, 21845, 1433940336, 21845, -512589, 0, 1433940352, 21845, 1433941152, 21845, 1433941152, 21845, -512589, 0, 1433941168, 21845, 1433941968, 21845, 1433941968, 21845, -512589, 1, 1433941984, 21845, 1433942784, 21845, 1433942784, 21845, 99999999, 0, 1433942800, 21845, 1433943600, 21845, 1433943600, 21845, -512589, 0, 1433943616, 21845, 1433944416, 21845, 1433944416, 21845, -503340, 1, 1433944432, 21845, 1433945232, 21845, 1433945232, 21845, 99999999, 0, 1433945248, 21845, 1433946048, 21845, 1433946048, 21845, -512589, 1, 1433946064, 21845, 1433946864, 21845, 1433946864, 21845, -512589, 0, 1433946880, 21845, 1433947680, 21845, 1433947680, 21845, -512589, 0, 1433947696, 21845, 1433948496, 21845, 1433948496, 21845, 99999999, 0, 1433948512, 21845, 1433949312, 21845, 1433949312, 21845, -509134, 0, 1433949328, 21845, 1433950128, 21845, 1433950128, 21845, -512589, 1, 1433950144, 21845, 1433950944, 21845, 1433950944, 21845, -512589, 0, 1433958528, 21845, 1433959328, 21845, 1433959328, 21845, -512589, 0, 1433959344, 21845, 1433960144, 21845, 1433960144, 21845, -512589, 1, 1433960160, 21845, 1433960960, 21845, 1433960960, 21845, -512589, 0, 1433960976, 21845, 1433961776, 21845, 1433961776, 21845, -512589, 1, 1433961792, 21845, 1433962592, 21845, 1433962592, 21845, -512589, 0...}, fitness = 1433968752}, __b={solution = std::vector of length -304, capacity 11728123448780 = {1433975280, 21845, 1433976080, 21845, 1433976080, 21845, -512589, 1, 0, 0, 0, 1, 1, 0, 1, 0, 0, 0, 0, 0, 1, 1, 1, 1, 0, 1, 1, 0, 0, 0, 1, 0, 0, 0, 1, 0, 1, 0, 0, 0, 0, 1, 0, 0, 0, 0, 0, 0, 0, 1, 1, 1, 1, 0, 0, 0, 1, 0, 1, 0, 0, 1, 0, 0, 0, 0, 1, 0, 0, 0, 1, 0, 1, 0, 0, 1, 0, 0, 1, 1, 1, 1, 0, 0, 0, 0, 0, 0, 0, 0, 1, 1, 0, 0, 97825, 0, 1433955248, 21845, 1433958512, 21845, 0, 0, 0, 0, 0, 1, 1, 1, 0, 0, 1, 0, 0, 1, 0, 1, 0, 0, 0, 1, 1, 0, 1, 0, 1, 0, 0, 0, 1, 1, 0, 1, 0, 1, 1, 0, 0, 0, 1, 0, 0, 0, 1, 0, 1, 0, 0, 0, 0, 1, 0, 0, 0, 0, 0, 0, 0, 1, 1, 1, 1, 0, 0, 0, 1, 0, 1, 0, 0, 1, 0, 0, 1, 0, 1, 0, 0, 0, 1, 0, 1, 0, 0, 1, 0, 0, 1, 1, 1, 1, 0, 0, 0, 0, 0, 0, 0, 0, 0, 1...}, fitness = 1431671126}) at /usr/include/c++/7/bits/stl_algobase.h:120
#1  0x0000555555559d83 in std::__unguarded_partition<__gnu_cxx::__normal_iterator<chromossome*, std::vector<chromossome, std::allocator<chromossome> > >, __gnu_cxx::__ops::_Iter_less_iter> (__first={solution = std::vector of length 200, capacity 200 = {0, 1, 0, 0, 1, 1, 0, 0, 0, 0, 0, 0, 0, 1, 1, 1, 1, 0, 0, 1, 0, 0, 0, 0, 1, 0, 0, 1, 1, 0, 0, 0, 0, 1, 1, 0, 0, 1, 1, 1, 0, 0, 0, 0, 1, 0, 1, 0, 1, 0, 1, 1, 1, 0, 1, 1, 1, 0, 0, 1, 1, 0, 0, 0, 0, 0, 1, 0, 0, 0, 1, 0, 0, 0, 0, 1, 0, 0, 0, 1, 1, 0, 0, 1, 1, 0, 1, 0, 1, 0, 0, 1, 0, 0, 1, 0, 0, 0, 0, 0, 0, 1, 0, 1, 0, 1, 1, 1, 0, 0, 1, 0, 0, 1, 0, 1, 0, 0, 0, 1, 1, 0, 1, 0, 0, 0, 0, 0, 1, 1, 1, 1, 0, 1, 1, 0, 0, 0, 1, 0, 0, 0, 1, 0, 1, 0, 0, 0, 0, 1, 0, 0, 0, 0, 0, 0, 0, 1, 1, 1, 1, 0, 0, 0, 1, 0, 1, 0, 0, 1, 0, 0, 1, 0, 1, 0, 0, 0, 1, 0, 1, 0, 0, 1, 0, 0, 1, 1, 1, 1, 0, 0, 0, 0, 0, 0, 0, 0, 0, 1...}, fitness = -512589}, __last={solution = std::vector of length 200, capacity 200 = {0, 1, 0, 0, 1, 1, 0, 0, 0, 0, 0, 0, 0, 1, 1, 1, 1, 0, 0, 1, 0, 0, 0, 0, 1, 0, 0, 1, 1, 0, 0, 0, 0, 1, 1, 0, 0, 1, 1, 1, 0, 0, 0, 0, 1, 0, 1, 0, 1, 0, 1, 1, 1, 0, 1, 1, 1, 0, 0, 1, 1, 0, 0, 0, 0, 0, 1, 0, 0, 0, 1, 0, 0, 0, 0, 1, 0, 0, 0, 1, 1, 0, 0, 1, 1, 0, 1, 0, 1, 0, 0, 1, 0, 0, 1, 0, 0, 0, 0, 0, 0, 1, 0, 1, 0, 1, 1, 1, 0, 0, 1, 0, 0, 1, 0, 1, 0, 0, 0, 1, 1, 0, 1, 0, 0, 0, 0, 0, 1, 1, 1, 1, 0, 1, 1, 0, 0, 0, 1, 0, 0, 0, 1, 0, 1, 0, 0, 0, 0, 1, 0, 0, 0, 0, 0, 0, 0, 1, 1, 1, 1, 0, 0, 0, 1, 0, 1, 0, 0, 1, 0, 0, 1, 0, 1, 0, 0, 0, 1, 0, 1, 0, 0, 1, 0, 0, 1, 1, 1, 1, 0, 0, 0, 0, 0, 0, 0, 0, 0, 1...}, fitness = -512589}, __pivot={solution = std::vector of length 200, capacity 200 = {0, 1, 0, 0, 1, 1, 0, 0, 0, 0, 0, 0, 0, 1, 1, 1, 1, 0, 0, 1, 0, 0, 0, 0, 1, 0, 0, 1, 1, 0, 0, 0, 0, 1, 1, 0, 0, 1, 1, 1, 0, 0, 0, 0, 1, 0, 1, 0, 1, 0, 1, 1, 1, 0, 1, 1, 1, 0, 0, 1, 1, 0, 0, 0, 0, 0, 1, 0, 0, 0, 1, 0, 0, 0, 0, 1, 0, 0, 0, 1, 1, 0, 0, 1, 1, 0, 1, 0, 1, 0, 0, 1, 0, 0, 1, 0, 0, 0, 0, 0, 0, 1, 0, 1, 0, 1, 1, 1, 0, 0, 1, 0, 0, 1, 0, 1, 0, 0, 0, 1, 1, 0, 1, 0, 0, 0, 0, 0, 1, 1, 1, 1, 0, 1, 1, 0, 0, 0, 1, 0, 0, 0, 1, 0, 1, 0, 0, 0, 0, 1, 0, 0, 0, 0, 0, 0, 0, 1, 1, 1, 1, 0, 0, 0, 1, 0, 1, 0, 0, 1, 0, 0, 1, 0, 1, 0, 0, 0, 1, 0, 1, 0, 0, 1, 0, 0, 1, 1, 1, 1, 0, 0, 0, 0, 0, 0, 0, 0, 0, 1...}, fitness = -512589}, __comp=...) at /usr/include/c++/7/bits/stl_algo.h:1909
#2  0x0000555555559156 in std::__unguarded_partition_pivot<__gnu_cxx::__normal_iterator<chromossome*, std::vector<chromossome, std::allocator<chromossome> > >, __gnu_cxx::__ops::_Iter_less_iter> (__first={solution = std::vector of length 200, capacity 200 = {0, 1, 0, 0, 1, 1, 0, 0, 0, 0, 0, 0, 0, 1, 1, 1, 1, 0, 0, 1, 0, 0, 0, 0, 1, 0, 0, 1, 1, 0, 0, 0, 0, 1, 1, 0, 0, 1, 1, 1, 0, 0, 0, 0, 1, 0, 1, 0, 1, 0, 1, 1, 1, 0, 1, 1, 1, 0, 0, 1, 1, 0, 0, 0, 0, 0, 1, 0, 0, 0, 1, 0, 0, 0, 0, 1, 0, 0, 0, 1, 1, 0, 0, 1, 1, 0, 1, 0, 1, 0, 0, 1, 0, 0, 1, 0, 0, 0, 0, 0, 0, 1, 0, 1, 0, 1, 1, 1, 0, 0, 1, 0, 0, 1, 0, 1, 0, 0, 0, 1, 1, 0, 1, 0, 0, 0, 0, 0, 1, 1, 1, 1, 0, 1, 1, 0, 0, 0, 1, 0, 0, 0, 1, 0, 1, 0, 0, 0, 0, 1, 0, 0, 0, 0, 0, 0, 0, 1, 1, 1, 1, 0, 0, 0, 1, 0, 1, 0, 0, 1, 0, 0, 1, 0, 1, 0, 0, 0, 1, 0, 1, 0, 0, 1, 0, 0, 1, 1, 1, 1, 0, 0, 0, 0, 0, 0, 0, 0, 0, 1...}, fitness = -512589}, __last={solution = std::vector of length 1073741824, capacity 0 = {<error reading variable>, __comp=...) at /usr/include/c++/7/bits/stl_algo.h:1923
#3  0x0000555555558174 in std::__introsort_loop<__gnu_cxx::__normal_iterator<chromossome*, std::vector<chromossome, std::allocator<chromossome> > >, long, __gnu_cxx::__ops::_Iter_less_iter> (__first={solution = std::vector of length 200, capacity 200 = {0, 1, 0, 0, 1, 1, 0, 0, 0, 0, 0, 0, 0, 1, 1, 1, 1, 0, 0, 1, 0, 0, 0, 0, 1, 0, 0, 1, 1, 0, 0, 0, 0, 1, 1, 0, 0, 1, 1, 1, 0, 0, 0, 0, 1, 0, 1, 0, 1, 0, 1, 1, 1, 0, 1, 1, 1, 0, 0, 1, 1, 0, 0, 0, 0, 0, 1, 0, 0, 0, 1, 0, 0, 0, 0, 1, 0, 0, 0, 1, 1, 0, 0, 1, 1, 0, 1, 0, 1, 0, 0, 1, 0, 0, 1, 0, 0, 0, 0, 0, 0, 1, 0, 1, 0, 1, 1, 1, 0, 0, 1, 0, 0, 1, 0, 1, 0, 0, 0, 1, 1, 0, 1, 0, 0, 0, 0, 0, 1, 1, 1, 1, 0, 1, 1, 0, 0, 0, 1, 0, 0, 0, 1, 0, 1, 0, 0, 0, 0, 1, 0, 0, 0, 0, 0, 0, 0, 1, 1, 1, 1, 0, 0, 0, 1, 0, 1, 0, 0, 1, 0, 0, 1, 0, 1, 0, 0, 0, 1, 0, 1, 0, 0, 1, 0, 0, 1, 1, 1, 1, 0, 0, 0, 0, 0, 0, 0, 0, 0, 1...}, fitness = -512589}, __last={solution = std::vector of length 1073741824, capacity 0 = {<error reading variable>, __depth_limit=9, __comp=...) at /usr/include/c++/7/bits/stl_algo.h:1952
#4  0x0000555555556d8d in std::__sort<__gnu_cxx::__normal_iterator<chromossome*, std::vector<chromossome, std::allocator<chromossome> > >, __gnu_cxx::__ops::_Iter_less_iter> (__first={solution = std::vector of length 200, capacity 200 = {0, 1, 0, 0, 1, 1, 0, 0, 0, 0, 0, 0, 0, 1, 1, 1, 1, 0, 0, 1, 0, 0, 0, 0, 1, 0, 0, 1, 1, 0, 0, 0, 0, 1, 1, 0, 0, 1, 1, 1, 0, 0, 0, 0, 1, 0, 1, 0, 1, 0, 1, 1, 1, 0, 1, 1, 1, 0, 0, 1, 1, 0, 0, 0, 0, 0, 1, 0, 0, 0, 1, 0, 0, 0, 0, 1, 0, 0, 0, 1, 1, 0, 0, 1, 1, 0, 1, 0, 1, 0, 0, 1, 0, 0, 1, 0, 0, 0, 0, 0, 0, 1, 0, 1, 0, 1, 1, 1, 0, 0, 1, 0, 0, 1, 0, 1, 0, 0, 0, 1, 1, 0, 1, 0, 0, 0, 0, 0, 1, 1, 1, 1, 0, 1, 1, 0, 0, 0, 1, 0, 0, 0, 1, 0, 1, 0, 0, 0, 0, 1, 0, 0, 0, 0, 0, 0, 0, 1, 1, 1, 1, 0, 0, 0, 1, 0, 1, 0, 0, 1, 0, 0, 1, 0, 1, 0, 0, 0, 1, 0, 1, 0, 0, 1, 0, 0, 1, 1, 1, 1, 0, 0, 0, 0, 0, 0, 0, 0, 0, 1...}, fitness = -512589}, __last={solution = std::vector of length 1073741824, capacity 0 = {<error reading variable>, __comp=...) at /usr/include/c++/7/bits/stl_algo.h:1968
#5  0x0000555555555dfd in std::sort<__gnu_cxx::__normal_iterator<chromossome*, std::vector<chromossome, std::allocator<chromossome> > > > (__first={solution = std::vector of length 200, capacity 200 = {0, 1, 0, 0, 1, 1, 0, 0, 0, 0, 0, 0, 0, 1, 1, 1, 1, 0, 0, 1, 0, 0, 0, 0, 1, 0, 0, 1, 1, 0, 0, 0, 0, 1, 1, 0, 0, 1, 1, 1, 0, 0, 0, 0, 1, 0, 1, 0, 1, 0, 1, 1, 1, 0, 1, 1, 1, 0, 0, 1, 1, 0, 0, 0, 0, 0, 1, 0, 0, 0, 1, 0, 0, 0, 0, 1, 0, 0, 0, 1, 1, 0, 0, 1, 1, 0, 1, 0, 1, 0, 0, 1, 0, 0, 1, 0, 0, 0, 0, 0, 0, 1, 0, 1, 0, 1, 1, 1, 0, 0, 1, 0, 0, 1, 0, 1, 0, 0, 0, 1, 1, 0, 1, 0, 0, 0, 0, 0, 1, 1, 1, 1, 0, 1, 1, 0, 0, 0, 1, 0, 0, 0, 1, 0, 1, 0, 0, 0, 0, 1, 0, 0, 0, 0, 0, 0, 0, 1, 1, 1, 1, 0, 0, 0, 1, 0, 1, 0, 0, 1, 0, 0, 1, 0, 1, 0, 0, 0, 1, 0, 1, 0, 0, 1, 0, 0, 1, 1, 1, 1, 0, 0, 0, 0, 0, 0, 0, 0, 0, 1...}, fitness = -512589}, __last={solution = std::vector of length 1073741824, capacity 0 = {<error reading variable>) at /usr/include/c++/7/bits/stl_algo.h:4836
#6  0x000055555555568f in genetic_algorithm () at knapsackga.cpp:115
#7  0x00005555555558d7 in main () at knapsackga.cpp:137

115	   *  This function swaps the values pointed to by two iterators, not the
116	   *  iterators themselves.
117	  */
118	  template<typename _ForwardIterator1, typename _ForwardIterator2>
119	    inline void
120	    iter_swap(_ForwardIterator1 __a, _ForwardIterator2 __b)
121	    {
122	      // concept requirements
123	      __glibcxx_function_requires(_Mutable_ForwardIteratorConcept<
124					  _ForwardIterator1>)

Backtrace END
Fliping value of field: std::_Vector_base<int, std::allocator<int> >
Fliping value of field: _M_impl
Fliping value of field: _M_start
Fliping a bit of the value pointed by a pointer
Memory content before bitflip:0x410x290x000x00
Fault Model: Double bit-flip
base address to flip value: 0x555555776fc0
address max offset: 4
Memory content after  bitflip:0x090x290x000x00
frame name: main
symbol name: wt
symbol filename: knapsackga.cpp
symbol line: 15
value: std::vector of length 200, capacity 256 = {10505, 10479, 1566, 1849, 9355, 8360, 7698, 4082, 7060, 7069, 6813, 2584, 5307, 4936, 8231, 10949, 10494, 6442, 5449, 3683, 1360, 1275, 5649, 4185, 4801, 9918, 6258, 6606, 3362, 1239, 4252, 2367, 6103, 10987, 7745, 2819, 9936, 8968, 8345, 10066, 8629, 8898, 4538, 10810, 10620, 2612, 8541, 8152, 5615, 6304, 5901, 10249, 6009, 9316, 4540, 9829, 9998, 5611, 6678, 10204, 8238, 5867, 3219, 4247, 7996, 2661, 10080, 3682, 10114, 4096, 10574, 8063, 6043, 6178, 7515, 6880, 4119, 3079, 6119, 10342, 7233, 1754, 9204, 8260, 10077, 2915, 8448, 1588, 7530, 3731, 3267, 9755, 2063, 6224, 9540, 3449, 3105, 9806, 5230, 8170, 1319, 4624, 2719, 7728, 1830, 10546, 1254, 8295, 1212, 3557, 9134, 2572, 2838, 7915, 4856, 1432, 10901, 2515, 1363, 4443, 7153, 8425, 2132, 4373, 1309, 5487, 8660, 8400, 10021, 8557, 9625, 8054, 5728, 3256, 7609, 4164, 2021, 5479, 9748, 2276, 6850, 4930, 6149, 2439, 10598, 3591, 7061, 5198, 1181, 6580, 2406, 1568, 1336, 2612, 1959, 7351, 6083, 10835, 10342, 10946, 3325, 5447, 3508, 6913, 7242, 9003, 8095, 3567, 5231, 6262, 1049, 1355, 5088, 2112, 8238, 3409, 1998, 2818, 3316, 3174, 6208, 5645, 4098, 7418, 3125, 10066, 10632, 8290, 5338, 6116, 6811, 1513, 5181, 6251, 2813, 1938, 9027, 4662, 6193, 10215...}
value address: 0x55555575f050 <wt>
Type: The type is a structure.
Type sizeof: 24
Field name: std::_Vector_base<int, std::allocator<int> >
Field Type: The type is a structure.
Field Type sizeof: 24

[INFO -- 2018-09-25 10:03:33]
Fault Injection Successful after 1.8634307384490967s
[INFO -- 2018-09-25 10:03:35]
event type: exit
[INFO -- 2018-09-25 10:03:35]
exit code: 0
