[INFO -- 2018-12-01 06:37:27]
Starting flip_value script
version: 1.1
[INFO -- 2018-12-01 06:37:27]
Initialization strings:
[INFO -- 2018-12-01 06:37:27]
(1) file /tmp/knapsack/ga
[INFO -- 2018-12-01 06:37:27]
initSignal:0
[INFO -- 2018-12-01 06:37:27]
endSignal:13
[INFO -- 2018-12-01 06:37:27]
faultModel:4
[INFO -- 2018-12-01 06:37:31]
Backtrace BEGIN:
#0  __random_r (buf=buf@entry=0x7ffff7832720 <unsafe_state>, result=result@entry=0x7fffffffd794) at random_r.c:394
#1  0x00007ffff7494a22 in __random () at random.c:293
#2  0x00007ffff7494ea9 in rand () at rand.c:27
#3  0x0000555555554fe3 in rand_bit () at knapsackga.cpp:20
#4  0x000055555555527f in crossover (pai=std::vector of length 200, capacity 200 = {...}, mae=std::vector of length 200, capacity 200 = {...}, filho1=std::vector of length 0, capacity 0, filho2=std::vector of length 0, capacity 0) at knapsackga.cpp:74
#5  0x00005555555555c7 in genetic_algorithm () at knapsackga.cpp:104
#6  0x0000555555555a9b in main () at knapsackga.cpp:141

389	random_r.c: No such file or directory.

Backtrace END
Fliping value of field: solution
Fliping value of field: std::_Vector_base<int, std::allocator<int> >
Fliping value of field: _M_impl
Fliping value of field: _M_end_of_storage
Fliping a bit of the value pointed by a pointer
Memory content before bitflip:0x300x030x000x00
Fault Model: LSB bit-flip
base address to flip value: 0x555555780510
address max offset: 4
Memory content after  bitflip:0x300x030x000x02
frame name: genetic_algorithm
symbol name: f1
symbol filename: knapsackga.cpp
symbol line: 105
value: {solution = std::vector of length 200, capacity 200 = {0, 1, 0, 0, 1, 1, 1, 0, 0, 0, 0, 0, 0, 1, 1, 1, 1, 0, 0, 1, 0, 0, 0, 0, 1, 0, 0, 1, 1, 0, 0, 0, 0, 1, 1, 0, 0, 1, 1, 1, 0, 0, 0, 0, 1, 0, 1, 0, 1, 0, 1, 1, 0, 0, 1, 1, 1, 0, 0, 1, 1, 0, 0, 0, 0, 0, 1, 0, 0, 0, 1, 1, 1, 1, 0, 1, 0, 0, 1, 1, 1, 0, 0, 1, 1, 0, 1, 0, 1, 0, 0, 1, 0, 0, 1, 0, 0, 0, 0, 0, 0, 0, 0, 1, 0, 1, 1, 1, 0, 0, 1, 0, 0, 1, 0, 1, 0, 0, 0, 1, 1, 0, 1, 0, 0, 0, 0, 1, 1, 1, 1, 0, 0, 0, 1, 0, 0, 0, 1, 0, 0, 0, 0, 0, 1, 0, 0, 0, 0, 1, 0, 0, 0, 0, 0, 0, 0, 1, 1, 1, 1, 0, 0, 0, 1, 0, 1, 0, 0, 1, 0, 0, 1, 0, 1, 0, 0, 0, 1, 0, 1, 0, 0, 1, 0, 0, 1, 0, 1, 0, 0, 0, 0, 0, 0, 0, 0, 0, 0, 1...}, fitness = 0}
value address: 0x7fffffffd960
Type: The type is a structure.
Type sizeof: 32
Field name: solution
Field Type: The type is a structure.
Field Type sizeof: 24
Field name: fitness
Field Type: The type is an integer type.
Field Type sizeof: 4

[INFO -- 2018-12-01 06:37:31]
Fault Injection Successful after 4.300803899765015s
[INFO -- 2018-12-01 06:37:40]
event type: exit
[INFO -- 2018-12-01 06:37:40]
exit code: 0
