[INFO -- 2018-09-25 01:38:56]
Starting flip_value script
version: 1.1
[INFO -- 2018-09-25 01:38:56]
Initialization strings:
[INFO -- 2018-09-25 01:38:56]
(1) file /tmp/knapsack/ga
[INFO -- 2018-09-25 01:38:56]
initSignal:1
[INFO -- 2018-09-25 01:38:56]
endSignal:3.5
[INFO -- 2018-09-25 01:38:56]
faultModel:1
[INFO -- 2018-09-25 01:38:58]
Backtrace BEGIN:
#0  0x0000555555556e9e in std::vector<int, std::allocator<int> >::begin (this=0x7fffffffd9f0) at /usr/include/c++/7/bits/stl_vector.h:572
#1  0x0000555555555ec0 in std::vector<int, std::allocator<int> >::vector (this=0x555555786760, __x=std::vector of length 200, capacity 200 = {...}) at /usr/include/c++/7/bits/stl_vector.h:331
#2  0x0000555555557e39 in chromossome::chromossome (this=0x555555786760) at knapsackga.cpp:42
#3  0x0000555555557e96 in __gnu_cxx::new_allocator<chromossome>::construct<chromossome, chromossome const&> (this=0x7fffffffd8f0, __p=0x555555786760, __args#0=...) at /usr/include/c++/7/ext/new_allocator.h:136
#4  0x0000555555556a90 in std::allocator_traits<std::allocator<chromossome> >::construct<chromossome, chromossome const&> (__a=..., __p=0x555555786760, __args#0=...) at /usr/include/c++/7/bits/alloc_traits.h:475
#5  0x0000555555555cf0 in std::vector<chromossome, std::allocator<chromossome> >::push_back (this=0x7fffffffd8f0, __x=...) at /usr/include/c++/7/bits/stl_vector.h:943
#6  0x00005555555554fd in genetic_algorithm () at knapsackga.cpp:107
#7  0x00005555555558d7 in main () at knapsackga.cpp:137

567	       *  Returns a read-only (constant) iterator that points to the
568	       *  first element in the %vector.  Iteration is done in ordinary
569	       *  element order.
570	       */
571	      const_iterator
572	      begin() const _GLIBCXX_NOEXCEPT
573	      { return const_iterator(this->_M_impl._M_start); }
574	
575	      /**
576	       *  Returns a read/write iterator that points one past the last

Backtrace END
Memory content before bitflip:0x310xfb0x080x00
Fault Model: Double bit-flip
base address to flip value: 0x55555575f06c 
address max offset: 4
Memory content after  bitflip:0x3b0xfb0x080x00
frame name: main
symbol name: W
symbol filename: knapsackga.cpp
symbol line: 16
value: 588603
value address: 0x55555575f06c <W>
Type: The type is an integer type.
Type sizeof: 4

[INFO -- 2018-09-25 01:38:58]
Fault Injection Successful after 2.5206902027130127s
[INFO -- 2018-09-25 01:39:00]
event type: exit
[INFO -- 2018-09-25 01:39:00]
exit code: 0
