[INFO -- 2018-09-25 00:56:14]
Starting flip_value script
version: 1.1
[INFO -- 2018-09-25 00:56:14]
Initialization strings:
[INFO -- 2018-09-25 00:56:14]
(1) file /tmp/knapsack/ga
[INFO -- 2018-09-25 00:56:14]
initSignal:1
[INFO -- 2018-09-25 00:56:14]
endSignal:3.5
[INFO -- 2018-09-25 00:56:14]
faultModel:4
[INFO -- 2018-09-25 00:56:16]
Backtrace BEGIN:
#0  std::move<int&> (__t=@0x7fffffffd824: 0) at /usr/include/c++/7/bits/move.h:98
#1  0x0000555555556361 in std::swap<int> (__a=@0x5555557868ec: 0, __b=@0x5555557854ec: 0) at /usr/include/c++/7/bits/move.h:198
#2  0x00005555555551e7 in crossover (pai=std::vector of length 200, capacity 200 = {...}, mae=std::vector of length 200, capacity 200 = {...}, filho1=std::vector of length 200, capacity 200 = {...}, filho2=std::vector of length 200, capacity 200 = {...}) at knapsackga.cpp:80
#3  0x000055555555548d in genetic_algorithm () at knapsackga.cpp:104
#4  0x00005555555558d7 in main () at knapsackga.cpp:137

93	   *  @param  __t  A thing of arbitrary type.
94	   *  @return The parameter cast to an rvalue-reference to allow moving it.
95	  */
96	  template<typename _Tp>
97	    constexpr typename std::remove_reference<_Tp>::type&&
98	    move(_Tp&& __t) noexcept
99	    { return static_cast<typename std::remove_reference<_Tp>::type&&>(__t); }
100	
101	
102	  template<typename _Tp>

Backtrace END
Fliping value of field: std::_Vector_base<int, std::allocator<int> >
Fliping value of field: _M_impl
Fliping value of field: _M_finish
Fliping a bit of the pointer
Memory content before bitflip:0xe00x6e0x780x550x550x550x000x00
Fault Model: LSB bit-flip
base address to flip value: 0x7fffffffd878
address max offset: 8
Memory content after  bitflip:0xe00x6e0x780x550x550x550x000x80
frame name: crossover
symbol name: mask
symbol filename: knapsackga.cpp
symbol line: 72
value: std::vector of length -2305843009213693752, capacity 200 = {1, 1, 1, 0, 0, 1, 1, 1, 1, 1, 0, 1, 1, 0, 1, 1, 1, 1, 0, 0, 0, 0, 1, 1, 1, 1, 0, 0, 0, 1, 1, 1, 0, 0, 1, 1, 0, 1, 0, 1, 0, 0, 1, 1, 1, 0, 0, 0, 1, 0, 0, 0, 1, 1, 1, 0, 1, 1, 1, 1, 0, 0, 0, 1, 0, 0, 0, 0, 1, 0, 0, 1, 1, 1, 1, 0, 1, 1, 0, 0, 0, 0, 0, 1, 0, 1, 1, 1, 1, 0, 0, 1, 0, 0, 0, 1, 0, 0, 1, 1, 1, 1, 1, 0, 0, 0, 0, 1, 1, 0, 0, 1, 0, 0, 0, 0, 0, 0, 1, 1, 0, 1, 0, 1, 0, 1, 0, 0, 1, 1, 0, 0, 1, 1, 0, 1, 1, 0, 1, 0, 0, 1, 0, 1, 1, 0, 1, 1, 0, 1, 0, 1, 0, 1, 0, 0, 0, 0, 1, 1, 1, 1, 0, 0, 0, 0, 0, 1, 1, 1, 1, 1, 0, 1, 0, 1, 0, 0, 1, 0, 1, 1, 1, 1, 0, 1, 0, 0, 1, 1, 0, 1, 0, 0, 1, 0, 0, 1, 1, 1...}
value address: 0x7fffffffd870
Type: The type is a structure.
Type sizeof: 24
Field name: std::_Vector_base<int, std::allocator<int> >
Field Type: The type is a structure.
Field Type sizeof: 24

[INFO -- 2018-09-25 00:56:16]
Fault Injection Successful after 2.736966848373413s
[INFO -- 2018-09-25 00:56:18]
event type: exit
[INFO -- 2018-09-25 00:56:18]
exit code: 0
