[INFO -- 2018-12-08 23:10:39]
Starting flip_value script
version: 1.1
[INFO -- 2018-12-08 23:10:39]
Initialization strings:
[INFO -- 2018-12-08 23:10:39]
(1) file /tmp/knapsack/ga
[INFO -- 2018-12-08 23:10:39]
initSignal:1
[INFO -- 2018-12-08 23:10:39]
endSignal:8
[INFO -- 2018-12-08 23:10:39]
faultModel:3
[INFO -- 2018-12-08 23:10:40]
Backtrace BEGIN:
#0  0x0000555555556bbc in std::_Destroy<int*, int> (__first=0x0, __last=0x0) at /usr/include/c++/7/bits/stl_construct.h:206
#1  0x0000555555555ecb in std::vector<int, std::allocator<int> >::~vector (this=0x5555557876a0, __in_chrg=<optimized out>) at /usr/include/c++/7/bits/stl_vector.h:434
#2  0x0000555555555e4c in chromossome::~chromossome (this=0x5555557876a0, __in_chrg=<optimized out>) at knapsackga.cpp:63
#3  0x0000555555559ca1 in std::_Destroy<chromossome> (__pointer=0x5555557876a0) at /usr/include/c++/7/bits/stl_construct.h:98
#4  0x000055555555920b in std::_Destroy_aux<false>::__destroy<chromossome*> (__first=0x5555557876a0, __last=0x555555787940) at /usr/include/c++/7/bits/stl_construct.h:108
#5  0x00005555555580fc in std::_Destroy<chromossome*> (__first=0x555555787540, __last=0x555555787940) at /usr/include/c++/7/bits/stl_construct.h:137
#6  0x0000555555556d33 in std::_Destroy<chromossome*, chromossome> (__first=0x555555787540, __last=0x555555787940) at /usr/include/c++/7/bits/stl_construct.h:206
#7  0x0000555555556ee4 in std::vector<chromossome, std::allocator<chromossome> >::_M_realloc_insert<chromossome const&> (this=0x7fffffffd8a0, __position={solution = std::vector of length 204, capacity 1073741824 = {<error reading variable>, __args#0=...) at /usr/include/c++/7/bits/vector.tcc:446
#8  0x0000555555556012 in std::vector<chromossome, std::allocator<chromossome> >::push_back (this=0x7fffffffd8a0, __x=...) at /usr/include/c++/7/bits/stl_vector.h:948
#9  0x0000555555555731 in genetic_algorithm () at knapsackga.cpp:132
#10 0x0000555555555b6c in main () at knapsackga.cpp:165

201	  template<typename _ForwardIterator, typename _Tp>
202	    inline void
203	    _Destroy(_ForwardIterator __first, _ForwardIterator __last,
204		     allocator<_Tp>&)
205	    {
206	      _Destroy(__first, __last);
207	    }
208	
209	#if __cplusplus > 201402L
210	  template <typename _Tp>

Backtrace END
Memory content before bitflip:0x280x000x000x00
Fault Model: Zero bit-flip
base address to flip value: 0x55555575f014 
address max offset: 4
Memory content after  bitflip:0x000x000x000x00
frame name: std::_Destroy<int*, int>
symbol name: pop_size2
symbol filename: knapsackga.cpp
symbol line: 20
value: 0
value address: 0x55555575f014 <pop_size2>
Type: The type is an integer type.
Type sizeof: 4

[INFO -- 2018-12-08 23:10:40]
Fault Injection Successful after 1.6539561748504639s
[INFO -- 2018-12-08 23:10:40]
event type: exit
[INFO -- 2018-12-08 23:10:40]
exit code: 0
