[INFO -- 2018-09-25 05:31:55]
Starting flip_value script
version: 1.1
[INFO -- 2018-09-25 05:31:55]
Initialization strings:
[INFO -- 2018-09-25 05:31:55]
(1) file /tmp/knapsack/ga
[INFO -- 2018-09-25 05:31:55]
initSignal:1
[INFO -- 2018-09-25 05:31:55]
endSignal:3.5
[INFO -- 2018-09-25 05:31:55]
faultModel:1
[INFO -- 2018-09-25 05:31:57]
Backtrace BEGIN:
#0  0x0000555555557fdc in __gnu_cxx::operator-<chromossome*, std::vector<chromossome, std::allocator<chromossome> > > (__lhs=non-dereferenceable iterator for std::vector, __rhs=non-dereferenceable iterator for std::vector) at /usr/include/c++/7/bits/stl_iterator.h:965
#1  0x0000555555556af9 in std::vector<chromossome, std::allocator<chromossome> >::_M_realloc_insert<chromossome const&> (this=0x7fffffffd870, __position=non-dereferenceable iterator for std::vector, __args#0=...) at /usr/include/c++/7/bits/vector.tcc:405
#2  0x0000555555555d28 in std::vector<chromossome, std::allocator<chromossome> >::push_back (this=0x7fffffffd870, __x=...) at /usr/include/c++/7/bits/stl_vector.h:948
#3  0x000055555555502c in tournament (pop=std::vector of length 40, capacity 64 = {...}) at knapsackga.cpp:63
#4  0x0000555555555447 in genetic_algorithm () at knapsackga.cpp:103
#5  0x00005555555558d7 in main () at knapsackga.cpp:137

960	  template<typename _Iterator, typename _Container>
961	    inline typename __normal_iterator<_Iterator, _Container>::difference_type
962	    operator-(const __normal_iterator<_Iterator, _Container>& __lhs,
963		      const __normal_iterator<_Iterator, _Container>& __rhs)
964	    _GLIBCXX_NOEXCEPT
965	    { return __lhs.base() - __rhs.base(); }
966	
967	  template<typename _Iterator, typename _Container>
968	    inline __normal_iterator<_Iterator, _Container>
969	    operator+(typename __normal_iterator<_Iterator, _Container>::difference_type

Backtrace END
Memory content before bitflip:0xa60x5d0x550x550x550x550x000x00
Fault Model: Double bit-flip
base address to flip value: 0x7fffffffd7f8
address max offset: 8
Memory content after  bitflip:0xa60x5d0x550x550x590x550x000x00
frame name: std::vector<chromossome, std::allocator<chromossome> >::_M_realloc_insert<chromossome const&>
symbol name: __elems_before
symbol filename: /usr/include/c++/7/bits/vector.tcc
symbol line: 405
value: 93842172108198
value address: 0x7fffffffd7f8
Type: The type is an integer type.
Type sizeof: 8

[INFO -- 2018-09-25 05:31:57]
Fault Injection Successful after 2.0144143104553223s
[INFO -- 2018-09-25 05:31:59]
event type: exit
[INFO -- 2018-09-25 05:31:59]
exit code: 0
