[INFO -- 2018-09-24 19:33:55]
Starting flip_value script
version: 1.1
[INFO -- 2018-09-24 19:33:55]
Initialization strings:
[INFO -- 2018-09-24 19:33:56]
(1) file /tmp/knapsack/ga
[INFO -- 2018-09-24 19:33:56]
initSignal:1
[INFO -- 2018-09-24 19:33:56]
endSignal:3.5
[INFO -- 2018-09-24 19:33:56]
faultModel:0
[INFO -- 2018-09-24 19:33:57]
Backtrace BEGIN:
#0  0x0000555555558436 in std::_Vector_base<int, std::allocator<int> >::_Vector_impl::_M_swap_data (this=0x555555789f30, __x=...) at /usr/include/c++/7/bits/stl_vector.h:105
#1  0x0000555555556fb7 in std::_Vector_base<int, std::allocator<int> >::_Vector_base (this=0x555555789f30, __x=...) at /usr/include/c++/7/bits/stl_vector.h:146
#2  0x0000555555555f6c in std::vector<int, std::allocator<int> >::vector (this=0x555555789f30, __x=...) at /usr/include/c++/7/bits/stl_vector.h:345
#3  0x00005555555591ff in chromossome::chromossome (this=0x555555789f30) at knapsackga.cpp:42
#4  0x000055555555aa9a in std::_Construct<chromossome, chromossome> (__p=0x555555789f30, __args#0=...) at /usr/include/c++/7/bits/stl_construct.h:75
#5  0x000055555555a3de in std::__uninitialized_copy<false>::__uninit_copy<std::move_iterator<chromossome*>, chromossome*> (__first=..., __last=..., __result=0x555555789b90) at /usr/include/c++/7/bits/stl_uninitialized.h:83
#6  0x0000555555559a5f in std::uninitialized_copy<std::move_iterator<chromossome*>, chromossome*> (__first=..., __last=..., __result=0x555555789b90) at /usr/include/c++/7/bits/stl_uninitialized.h:134
#7  0x000055555555901a in std::__uninitialized_copy_a<std::move_iterator<chromossome*>, chromossome*, chromossome> (__first=..., __last=..., __result=0x555555789b90) at /usr/include/c++/7/bits/stl_uninitialized.h:289
#8  0x000055555555807d in std::__uninitialized_move_if_noexcept_a<chromossome*, chromossome*, std::allocator<chromossome> > (__first=0x555555786480, __last=0x555555786880, __result=0x555555789b90, __alloc=...) at /usr/include/c++/7/bits/stl_uninitialized.h:312
#9  0x0000555555556b8c in std::vector<chromossome, std::allocator<chromossome> >::_M_realloc_insert<chromossome const&> (this=0x7fffffffd8f0, __position={solution = std::vector of length 204, capacity 1073741824 = {<error reading variable>, __args#0=...) at /usr/include/c++/7/bits/vector.tcc:424
#10 0x0000555555555d28 in std::vector<chromossome, std::allocator<chromossome> >::push_back (this=0x7fffffffd8f0, __x=...) at /usr/include/c++/7/bits/stl_vector.h:948
#11 0x00005555555554e7 in genetic_algorithm () at knapsackga.cpp:106
#12 0x00005555555558d7 in main () at knapsackga.cpp:137

100		{ }
101	#endif
102	
103		void _M_swap_data(_Vector_impl& __x) _GLIBCXX_NOEXCEPT
104		{
105		  std::swap(_M_start, __x._M_start);
106		  std::swap(_M_finish, __x._M_finish);
107		  std::swap(_M_end_of_storage, __x._M_end_of_storage);
108		}
109	      };

Backtrace END
Fliping value of field: std::_Vector_base<int, std::allocator<int> >
Fliping value of field: _M_impl
Fliping value of field: _M_finish
Fliping a bit of the value pointed by a pointer
Memory content before bitflip:0x000x000x000x00
Fault Model: Single bit-flip
base address to flip value: 0x5555557772e0
address max offset: 4
Memory content after  bitflip:0x000x000x000x80
frame name: chromossome::chromossome
symbol name: wt
symbol filename: knapsackga.cpp
symbol line: 15
value: std::vector of length 200, capacity 256 = {10561, 10479, 1566, 1849, 9355, 8360, 7698, 4082, 7060, 7069, 6813, 2584, 5307, 4936, 8231, 10949, 10494, 6442, 5449, 3683, 1360, 1275, 5649, 4185, 4801, 9918, 6258, 6606, 3362, 1239, 4252, 2367, 6103, 10987, 7745, 2819, 9936, 8968, 8345, 10066, 8629, 8898, 4538, 10810, 10620, 2612, 8541, 8152, 5615, 6304, 5901, 10249, 6009, 9316, 4540, 9829, 9998, 5611, 6678, 10204, 8238, 5867, 3219, 4247, 7996, 2661, 10080, 3682, 10114, 4096, 10574, 8063, 6043, 6178, 7515, 6880, 4119, 3079, 6119, 10342, 7233, 1754, 9204, 8260, 10077, 2915, 8448, 1588, 7530, 3731, 3267, 9755, 2063, 6224, 9540, 3449, 3105, 9806, 5230, 8170, 1319, 4624, 2719, 7728, 1830, 10546, 1254, 8295, 1212, 3557, 9134, 2572, 2838, 7915, 4856, 1432, 10901, 2515, 1363, 4443, 7153, 8425, 2132, 4373, 1309, 5487, 8660, 8400, 10021, 8557, 9625, 8054, 5728, 3256, 7609, 4164, 2021, 5479, 9748, 2276, 6850, 4930, 6149, 2439, 10598, 3591, 7061, 5198, 1181, 6580, 2406, 1568, 1336, 2612, 1959, 7351, 6083, 10835, 10342, 10946, 3325, 5447, 3508, 6913, 7242, 9003, 8095, 3567, 5231, 6262, 1049, 1355, 5088, 2112, 8238, 3409, 1998, 2818, 3316, 3174, 6208, 5645, 4098, 7418, 3125, 10066, 10632, 8290, 5338, 6116, 6811, 1513, 5181, 6251, 2813, 1938, 9027, 4662, 6193, 10215...}
value address: 0x55555575f050 <wt>
Type: The type is a structure.
Type sizeof: 24
Field name: std::_Vector_base<int, std::allocator<int> >
Field Type: The type is a structure.
Field Type sizeof: 24

[INFO -- 2018-09-24 19:33:57]
Fault Injection Successful after 1.2154667377471924s
[INFO -- 2018-09-24 19:34:00]
event type: exit
[INFO -- 2018-09-24 19:34:00]
exit code: 0
