[INFO -- 2018-12-01 10:02:07]
Starting flip_value script
version: 1.1
[INFO -- 2018-12-01 10:02:07]
Initialization strings:
[INFO -- 2018-12-01 10:02:07]
(1) file /tmp/knapsack/mf
[INFO -- 2018-12-01 10:02:07]
initSignal:0
[INFO -- 2018-12-01 10:02:07]
endSignal:12
[INFO -- 2018-12-01 10:02:07]
faultModel:1
[EXCEPTION -- 2018-12-01 10:02:08]
pythonException: empty range for randrange() (0,0, 0)
[INFO -- 2018-12-01 10:02:08]
Backtrace BEGIN:
#0  0x00005555555558d2 in std::vector<std::vector<int, std::allocator<int> >, std::allocator<std::vector<int, std::allocator<int> > > >::operator[] (this=0x7fffffffd6d0, __n=82) at /usr/include/c++/7/bits/stl_vector.h:798
#1  0x00005555555550ba in knapSack (W=588593, n=200, values=std::vector of length 200, capacity 256 = {...}, weights=std::vector of length 200, capacity 256 = {...}, V=std::vector of length 201, capacity 201 = {...}) at knapsackmf.cpp:28
#2  0x0000555555555494 in executeAlgorithm () at knapsackmf.cpp:75
#3  0x000055555555558a in main () at knapsackmf.cpp:81

793	       */
794	      reference
795	      operator[](size_type __n) _GLIBCXX_NOEXCEPT
796	      {
797		__glibcxx_requires_subscript(__n);
798		return *(this->_M_impl._M_start + __n);
799	      }
800	
801	      /**
802	       *  @brief  Subscript access to the data contained in the %vector.

Backtrace END
Fliping a bit of the value pointed by a pointer
Fliping value of field: std::_Vector_base<std::vector<int, std::allocator<int> >, std::allocator<std::vector<int, std::allocator<int> > > >
Fliping value of field: _M_impl
Fliping value of field: _M_end_of_storage
Fliping a bit of the pointer
Memory content before bitflip:0xb80xf50x760x550x550x550x000x00
Fault Model: Double bit-flip
base address to flip value: 0x7fffffffd6e0
address max offset: 8
Memory content after  bitflip:0xb80xf50x760xd70x550x550x000x00
frame name: std::vector<std::vector<int, std::allocator<int> >, std::allocator<std::vector<int, std::allocator<int> > > >::operator[]
symbol name: this
symbol filename: knapsackmf.cpp
symbol line: 0
value: 0x7fffffffd6d0
value address: 0x7fffffffd5e8
Type: The type is a pointer.
Type sizeof: 8

[INFO -- 2018-12-01 10:02:08]
Fault Injection Successful after 1.6720995903015137s
[INFO -- 2018-12-01 10:02:17]
event type: exit
[INFO -- 2018-12-01 10:02:17]
exit code: 0
