[INFO -- 2018-09-25 20:43:47]
Starting flip_value script
version: 1.1
[INFO -- 2018-09-25 20:43:47]
Initialization strings:
[INFO -- 2018-09-25 20:43:47]
(1) file /tmp/knapsack/ga
[INFO -- 2018-09-25 20:43:47]
initSignal:1
[INFO -- 2018-09-25 20:43:47]
endSignal:3.5
[INFO -- 2018-09-25 20:43:47]
faultModel:0
[INFO -- 2018-09-25 20:43:48]
Backtrace BEGIN:
#0  0x0000000000405b2f in __gnu_cxx::__normal_iterator<chromossome*, std::vector<chromossome, std::allocator<chromossome> > >::operator* (this=0x7fffffffd510) at /usr/include/c++/5/bits/stl_iterator.h:754
#1  0x0000000000405b0e in __gnu_cxx::__ops::_Iter_less_iter::operator()<__gnu_cxx::__normal_iterator<chromossome*, std::vector<chromossome, std::allocator<chromossome> > >, __gnu_cxx::__normal_iterator<chromossome*, std::vector<chromossome, std::allocator<chromossome> > > > (this=0x7fffffffd5d0, __it1=..., __it2=...) at /usr/include/c++/5/bits/predefined_ops.h:43
#2  0x0000000000404f48 in std::__insertion_sort<__gnu_cxx::__normal_iterator<chromossome*, std::vector<chromossome, std::allocator<chromossome> > >, __gnu_cxx::__ops::_Iter_less_iter> (__first=..., __last=..., __comp=...) at /usr/include/c++/5/bits/stl_algo.h:1842
#3  0x0000000000403f5a in std::__final_insertion_sort<__gnu_cxx::__normal_iterator<chromossome*, std::vector<chromossome, std::allocator<chromossome> > >, __gnu_cxx::__ops::_Iter_less_iter> (__first=..., __last=..., __comp=...) at /usr/include/c++/5/bits/stl_algo.h:1880
#4  0x0000000000402c21 in std::__sort<__gnu_cxx::__normal_iterator<chromossome*, std::vector<chromossome, std::allocator<chromossome> > >, __gnu_cxx::__ops::_Iter_less_iter> (__first=..., __last=..., __comp=...) at /usr/include/c++/5/bits/stl_algo.h:1966
#5  0x0000000000401d3f in std::sort<__gnu_cxx::__normal_iterator<chromossome*, std::vector<chromossome, std::allocator<chromossome> > > > (__first=..., __last=...) at /usr/include/c++/5/bits/stl_algo.h:4698
#6  0x0000000000401608 in genetic_algorithm () at knapsackga.cpp:115
#7  0x0000000000401844 in main () at knapsackga.cpp:137

749	        : _M_current(__i.base()) { }
750	
751	      // Forward iterator requirements
752	      reference
753	      operator*() const _GLIBCXX_NOEXCEPT
754	      { return *_M_current; }
755	
756	      pointer
757	      operator->() const _GLIBCXX_NOEXCEPT
758	      { return _M_current; }

Backtrace END
Fliping value of field: _M_current
Fliping a bit of the value pointed by a pointer
Fliping value of field: solution
Fliping value of field: std::_Vector_base<int, std::allocator<int> >
Fliping value of field: _M_impl
Fliping value of field: _M_end_of_storage
Fliping a bit of the value pointed by a pointer
Memory content before bitflip:0x000x7a0x000x00
Fault Model: Single bit-flip
base address to flip value: 0x635600
address max offset: 4
Memory content after  bitflip:0x000x5a0x000x00
frame name: std::sort<__gnu_cxx::__normal_iterator<chromossome*, std::vector<chromossome, std::allocator<chromossome> > > >
symbol name: __first
symbol filename: /usr/include/c++/5/bits/stl_algo.h
symbol line: 4689
value: {solution = std::vector of length 200, capacity 200 = {0, 1, 0, 0, 1, 1, 1, 0, 0, 0, 0, 0, 0, 0, 1, 1, 1, 0, 0, 0, 0, 0, 0, 1, 1, 0, 1, 1, 1, 0, 0, 0, 0, 1, 0, 0, 0, 1, 1, 1, 0, 0, 0, 0, 1, 0, 1, 0, 1, 0, 0, 1, 1, 0, 1, 1, 1, 0, 0, 1, 1, 1, 1, 0, 0, 0, 1, 0, 0, 0, 1, 0, 0, 0, 1, 1, 0, 0, 1, 1, 1, 0, 0, 1, 1, 0, 1, 0, 1, 0, 0, 1, 0, 0, 1, 0, 0, 0, 0, 0, 1, 1, 0, 1, 0, 1, 0, 1, 0, 0, 0, 0, 1, 1, 0, 1, 0, 0, 0, 1, 1, 0, 1, 1, 0, 0, 1, 0, 1, 1, 1, 1, 0, 0, 1, 0, 0, 1, 1, 0, 0, 1, 1, 0, 0, 0, 1, 0, 0, 1, 0, 0, 1, 1, 0, 0, 0, 1, 0, 1, 1, 0, 0, 0, 1, 0, 0, 0, 1, 0, 1, 0, 1, 0, 0, 0, 0, 0, 0, 0, 1, 0, 0, 1, 1, 0, 1, 1, 1, 0, 0, 0, 0, 0, 0, 0, 0, 0, 0, 1...}, fitness = -507587}
value address: 0x7fffffffd6a0
Type: The type is a structure.
Type sizeof: 8
Field name: _M_current
Field Type: The type is a pointer.
Field Type sizeof: 8

[INFO -- 2018-09-25 20:43:48]
Fault Injection Successful after 1.7060935497283936s
[INFO -- 2018-09-25 20:43:55]
event type: exit
[INFO -- 2018-09-25 20:43:55]
exit code: 0
