[INFO -- 2018-09-23 17:43:49]
Starting flip_value script
version: 1.1
[INFO -- 2018-09-23 17:43:49]
Initialization strings:
[INFO -- 2018-09-23 17:43:49]
(1) file /tmp/knapsack/sa
[INFO -- 2018-09-23 17:43:49]
initSignal:0
[INFO -- 2018-09-23 17:43:49]
endSignal:2
[INFO -- 2018-09-23 17:43:49]
faultModel:2
[INFO -- 2018-09-23 17:43:50]
Backtrace BEGIN:
#0  __expf_finite () at ../sysdeps/x86_64/fpu/e_expf.S:92
#1  0x00007ffff770738f in __GI___expf (x=-0.0442890674) at ../sysdeps/ieee754/flt-32/w_expf_compat.c:26
#2  0x00005555555554e1 in std::exp (__x=-0.0442890674) at /usr/include/c++/7/cmath:223
#3  0x0000555555555171 in simulated_annealing () at knapsacksa.cpp:56
#4  0x000055555555535e in main () at knapsacksa.cpp:84

87	../sysdeps/x86_64/fpu/e_expf.S: No such file or directory.

Backtrace END
Memory content before bitflip:0x310xfb0x080x00
Fault Model: Random bit-flip
base address to flip value: 0x55555575906c 
address max offset: 4
Memory content after  bitflip:0x0b0x2f0xcb0xfd
frame name: std::exp
symbol name: W
symbol filename: knapsacksa.cpp
symbol line: 15
value: -37015797
value address: 0x55555575906c <W>
Type: The type is an integer type.
Type sizeof: 4

[INFO -- 2018-09-23 17:43:50]
Fault Injection Successful after 1.3512160778045654s
[INFO -- 2018-09-23 17:43:52]
event type: exit
[INFO -- 2018-09-23 17:43:52]
exit code: 0
