[INFO -- 2018-09-23 19:21:50]
Starting flip_value script
version: 1.1
[INFO -- 2018-09-23 19:21:50]
Initialization strings:
[INFO -- 2018-09-23 19:21:50]
(1) file /tmp/knapsack/sa
[INFO -- 2018-09-23 19:21:50]
initSignal:0
[INFO -- 2018-09-23 19:21:50]
endSignal:2
[INFO -- 2018-09-23 19:21:50]
faultModel:1
[INFO -- 2018-09-23 19:21:50]
Backtrace BEGIN:
#0  std::vector<int, std::allocator<int> >::operator[] (this=0x555555759030 <val>, __n=48) at /usr/include/c++/7/bits/stl_vector.h:799
#1  0x0000555555554fde in cost (solution=std::vector of length 200, capacity 200 = {...}) at knapsacksa.cpp:29
#2  0x000055555555511f in simulated_annealing () at knapsacksa.cpp:50
#3  0x000055555555535e in main () at knapsacksa.cpp:84

794	      reference
795	      operator[](size_type __n) _GLIBCXX_NOEXCEPT
796	      {
797		__glibcxx_requires_subscript(__n);
798		return *(this->_M_impl._M_start + __n);
799	      }
800	
801	      /**
802	       *  @brief  Subscript access to the data contained in the %vector.
803	       *  @param __n The index of the element for which data should be

Backtrace END
Memory content before bitflip:0x0c0xab0x0f0x00
Fault Model: Double bit-flip
base address to flip value: 0x7fffffffd9d0
address max offset: 4
Memory content after  bitflip:0x0c0xab0x1d0x00
frame name: simulated_annealing
symbol name: temp
symbol filename: knapsacksa.cpp
symbol line: 42
value: 1944332
value address: 0x7fffffffd9d0
Type: The type is an integer type.
Type sizeof: 4

[INFO -- 2018-09-23 19:21:50]
Fault Injection Successful after 0.7638616561889648s
[INFO -- 2018-09-23 19:21:52]
event type: exit
[INFO -- 2018-09-23 19:21:52]
exit code: 0
