[INFO -- 2018-09-23 20:50:14]
Starting flip_value script
version: 1.1
[INFO -- 2018-09-23 20:50:14]
Initialization strings:
[INFO -- 2018-09-23 20:50:14]
(1) file /tmp/knapsack/sa
[INFO -- 2018-09-23 20:50:14]
initSignal:0
[INFO -- 2018-09-23 20:50:14]
endSignal:2
[INFO -- 2018-09-23 20:50:14]
faultModel:4
[EXCEPTION -- 2018-09-23 20:50:14]
pythonException: Unable to exit loop in struct fields; Exiting wihtout making a bit flip
[INFO -- 2018-09-23 20:50:14]
Backtrace BEGIN:
#0  0x0000555555554fc3 in cost (solution=std::vector of length 200, capacity 200 = {...}) at knapsacksa.cpp:29
#1  0x000055555555511f in simulated_annealing () at knapsacksa.cpp:50
#2  0x000055555555535e in main () at knapsacksa.cpp:84

24	
25	int cost(vector<int> &solution){
26	    int peso=0, valor=0;
27	    for(int i=0; i < n; i++){
28	       peso += solution[i] * wt[i];
29	       valor += solution[i] * val[i];
30	    }
31	    if(peso > W)
32	       return 99999999;
33	    else

Backtrace END
Memory content before bitflip:0x010x460x020x00
Fault Model: LSB bit-flip
base address to flip value: 0x7fffffffd984
address max offset: 4
Memory content after  bitflip:0x010x460x020x80
frame name: cost
symbol name: peso
symbol filename: knapsacksa.cpp
symbol line: 26
value: -2147334655
value address: 0x7fffffffd984
Type: The type is an integer type.
Type sizeof: 4

[INFO -- 2018-09-23 20:50:14]
Fault Injection Successful after 0.8250925540924072s
[INFO -- 2018-09-23 20:50:16]
event type: exit
[INFO -- 2018-09-23 20:50:16]
exit code: 0
