[INFO -- 2018-12-08 15:26:20]
Starting flip_value script
version: 1.1
[INFO -- 2018-12-08 15:26:20]
Initialization strings:
[INFO -- 2018-12-08 15:26:20]
(1) file /tmp/knapsack/ga
[INFO -- 2018-12-08 15:26:20]
initSignal:1
[INFO -- 2018-12-08 15:26:20]
endSignal:8
[INFO -- 2018-12-08 15:26:20]
faultModel:0
[EXCEPTION -- 2018-12-08 15:26:25]
pythonException: empty range for randrange() (0,0, 0)
[INFO -- 2018-12-08 15:26:25]
Backtrace BEGIN:
#0  0x0000555555555093 in cost (solution=std::vector of length 200, capacity 200 = {...}) at knapsackga.cpp:40
#1  0x000055555555589e in genetic_algorithm () at knapsackga.cpp:138
#2  0x0000555555555b6c in main () at knapsackga.cpp:165

35	        exit_gracefully();
36	    }
37	
38	    int peso=0, peso2=0, valor=0, valor2=0;
39	    for(int i=0; i < n; i++){
40	        peso += solution[i] * wt[i];
41	        valor += solution[i] * val[i];
42	    }
43	    for(int i=0; i < n; i++){
44	        peso2 += solution[i] * wt2[i];

Backtrace END
Memory content before bitflip:0x9d0x380x070x00
Fault Model: Single bit-flip
base address to flip value: 0x7fffffffd828
address max offset: 4
Memory content after  bitflip:0x9d0x380x070x10
frame name: cost
symbol name: peso
symbol filename: knapsackga.cpp
symbol line: 38
value: 268908701
value address: 0x7fffffffd828
Type: The type is an integer type.
Type sizeof: 4

[INFO -- 2018-12-08 15:26:25]
Fault Injection Successful after 5.492800951004028s
[INFO -- 2018-12-08 15:26:25]
event type: exit
[INFO -- 2018-12-08 15:26:25]
exit code: 0
