[INFO -- 2018-09-24 18:27:31]
Starting flip_value script
version: 1.1
[INFO -- 2018-09-24 18:27:31]
Initialization strings:
[INFO -- 2018-09-24 18:27:31]
(1) file /tmp/knapsack/ga
[INFO -- 2018-09-24 18:27:31]
initSignal:1
[INFO -- 2018-09-24 18:27:31]
endSignal:3.5
[INFO -- 2018-09-24 18:27:31]
faultModel:4
[INFO -- 2018-09-24 18:27:32]
Backtrace BEGIN:
#0  std::swap<int> (__a=@0x55555578703c: 1, __b=@0x5555557869dc: 1) at /usr/include/c++/7/bits/move.h:199
#1  0x00005555555551e7 in crossover (pai=std::vector of length 200, capacity 200 = {...}, mae=std::vector of length 200, capacity 200 = {...}, filho1=std::vector of length 200, capacity 200 = {...}, filho2=std::vector of length 200, capacity 200 = {...}) at knapsackga.cpp:80
#2  0x000055555555548d in genetic_algorithm () at knapsackga.cpp:104
#3  0x00005555555558d7 in main () at knapsackga.cpp:137

194	    {
195	      // concept requirements
196	      __glibcxx_function_requires(_SGIAssignableConcept<_Tp>)
197	
198	      _Tp __tmp = _GLIBCXX_MOVE(__a);
199	      __a = _GLIBCXX_MOVE(__b);
200	      __b = _GLIBCXX_MOVE(__tmp);
201	    }
202	
203	  // _GLIBCXX_RESOLVE_LIB_DEFECTS

Backtrace END
Fliping a bit of the value pointed by a reference
Memory content before bitflip:0x010x000x000x00
Fault Model: LSB bit-flip
base address to flip value: 0x5555557869dc
address max offset: 4
Memory content after  bitflip:0x010x000x000x40
frame name: std::swap<int>
symbol name: __b
symbol filename: /usr/include/c++/7/bits/move.h
symbol line: 187
value: @0x5555557869dc
value address: 0x5555557869dc
Type: A reference type.
Type sizeof: 8

[INFO -- 2018-09-24 18:27:32]
Fault Injection Successful after 1.7554302215576172s
[INFO -- 2018-09-24 18:27:35]
event type: exit
[INFO -- 2018-09-24 18:27:35]
exit code: 0
