[INFO -- 2018-09-21 20:47:11]
Starting flip_value script
version: 1.1
[INFO -- 2018-09-21 20:47:11]
Initialization strings:
[INFO -- 2018-09-21 20:47:11]
(1) file /tmp/knapsack/dp
[INFO -- 2018-09-21 20:47:11]
initSignal:1
[INFO -- 2018-09-21 20:47:11]
endSignal:3
[INFO -- 2018-09-21 20:47:11]
faultModel:2
[INFO -- 2018-09-21 20:47:13]
Backtrace BEGIN:
#0  0x000055555555572b in std::vector<int, std::allocator<int> >::operator[] (this=0x7fffffffd980, __n=110) at /usr/include/c++/7/bits/stl_vector.h:795
#1  0x0000555555554fea in knapSack (W=588593, n=200, val=std::vector of length 200, capacity 256 = {...}, wt=std::vector of length 200, capacity 256 = {...}) at knapsackdp.cpp:23
#2  0x0000555555555375 in main () at knapsackdp.cpp:54

790	       *  Note that data access with this operator is unchecked and
791	       *  out_of_range lookups are not defined. (For checked lookups
792	       *  see at().)
793	       */
794	      reference
795	      operator[](size_type __n) _GLIBCXX_NOEXCEPT
796	      {
797		__glibcxx_requires_subscript(__n);
798		return *(this->_M_impl._M_start + __n);
799	      }

Backtrace END
Memory content before bitflip:0x310xfb0x080x00
Fault Model: Random bit-flip
base address to flip value: 0x7fffffffda00
address max offset: 4
Memory content after  bitflip:0xc50xad0x2e0x33
frame name: main
symbol name: W
symbol filename: knapsackdp.cpp
symbol line: 45
value: 858697157
value address: 0x7fffffffda00
Type: The type is an integer type.
Type sizeof: 4

[INFO -- 2018-09-21 20:47:13]
Fault Injection Successful after 2.638308525085449s
[INFO -- 2018-09-21 20:47:14]
event type: exit
[INFO -- 2018-09-21 20:47:14]
exit code: 0
