[INFO -- 2018-12-08 04:09:21]
Starting flip_value script
version: 1.1
[INFO -- 2018-12-08 04:09:21]
Initialization strings:
[INFO -- 2018-12-08 04:09:21]
(1) file /tmp/knapsack/sa
[INFO -- 2018-12-08 04:09:21]
initSignal:0
[INFO -- 2018-12-08 04:09:21]
endSignal:9
[INFO -- 2018-12-08 04:09:21]
faultModel:2
[INFO -- 2018-12-08 04:09:23]
Backtrace BEGIN:
#0  0x0000555555555196 in cost (solution=std::vector of length 200, capacity 200 = {...}) at knapsacksa.cpp:62
#1  0x000055555555534c in simulated_annealing () at knapsacksa.cpp:92
#2  0x0000555555555658 in main () at knapsacksa.cpp:146

57	    for(int i=0; i < n; i++){
58	        peso += solution[i] * wt[i];
59	        valor += solution[i] * val[i];
60	    }
61	    for(int i=0; i < n; i++){
62	        peso2 += solution[i] * wt2[i];
63	        valor2 += solution[i] * val2[i];
64	    }
65	    if(peso != peso2 || valor != valor2){
66	        exit_gracefully();

Backtrace END
Memory content before bitflip:0x720x5a0x100x00
Fault Model: Random bit-flip
base address to flip value: 0x7fffffffd710
address max offset: 4
Memory content after  bitflip:0xc00xc40x0c0x18
frame name: simulated_annealing
symbol name: temp2
symbol filename: knapsacksa.cpp
symbol line: 84
value: 403489984
value address: 0x7fffffffd710
Type: The type is an integer type.
Type sizeof: 4

[INFO -- 2018-12-08 04:09:23]
Fault Injection Successful after 2.2778375148773193s
[INFO -- 2018-12-08 04:09:23]
event type: exit
[INFO -- 2018-12-08 04:09:23]
exit code: 0
