[INFO -- 2018-12-02 03:28:15]
Starting flip_value script
version: 1.1
[INFO -- 2018-12-02 03:28:15]
Initialization strings:
[INFO -- 2018-12-02 03:28:15]
(1) file /tmp/knapsack/ga
[INFO -- 2018-12-02 03:28:15]
initSignal:0
[INFO -- 2018-12-02 03:28:15]
endSignal:13
[INFO -- 2018-12-02 03:28:15]
faultModel:2
[INFO -- 2018-12-02 03:28:22]
Backtrace BEGIN:
#0  0x00007ffff74e73f8 in __GI___libc_free (mem=0x555555776380) at malloc.c:3107
#1  0x00005555555599b2 in __gnu_cxx::new_allocator<chromossome>::deallocate (this=0x7fffffffd950, __p=0x555555776380) at /usr/include/c++/7/ext/new_allocator.h:125
#2  0x0000555555558d3a in std::allocator_traits<std::allocator<chromossome> >::deallocate (__a=..., __p=0x555555776380, __n=1) at /usr/include/c++/7/bits/alloc_traits.h:462
#3  0x000055555555779a in std::_Vector_base<chromossome, std::allocator<chromossome> >::_M_deallocate (this=0x7fffffffd950, __p=0x555555776380, __n=1) at /usr/include/c++/7/bits/stl_vector.h:180
#4  0x0000555555556ee8 in std::vector<chromossome, std::allocator<chromossome> >::_M_realloc_insert<chromossome const&> (this=0x7fffffffd950, __position={solution = std::vector of length 20, capacity 0 = {<error reading variable>, __args#0=...) at /usr/include/c++/7/bits/vector.tcc:448
#5  0x0000555555555fb8 in std::vector<chromossome, std::allocator<chromossome> >::push_back (this=0x7fffffffd950, __x=...) at /usr/include/c++/7/bits/stl_vector.h:948
#6  0x00005555555554bd in genetic_algorithm () at knapsackga.cpp:98
#7  0x0000555555555aab in main () at knapsackga.cpp:143

3102	malloc.c: No such file or directory.

Backtrace END
Memory content before bitflip:0x310xfb0x080x00
Fault Model: Random bit-flip
base address to flip value: 0x55555575f17c 
address max offset: 4
Memory content after  bitflip:0xf10x100x140xfc
frame name: genetic_algorithm
symbol name: W
symbol filename: knapsackga.cpp
symbol line: 16
value: -65793807
value address: 0x55555575f17c <W>
Type: The type is an integer type.
Type sizeof: 4

[INFO -- 2018-12-02 03:28:22]
Fault Injection Successful after 7.205854177474976s
[INFO -- 2018-12-02 03:28:27]
event type: exit
[INFO -- 2018-12-02 03:28:27]
exit code: 0
