[INFO -- 2018-09-25 01:06:04]
Starting flip_value script
version: 1.1
[INFO -- 2018-09-25 01:06:04]
Initialization strings:
[INFO -- 2018-09-25 01:06:04]
(1) file /tmp/knapsack/ga
[INFO -- 2018-09-25 01:06:04]
initSignal:1
[INFO -- 2018-09-25 01:06:04]
endSignal:3.5
[INFO -- 2018-09-25 01:06:04]
faultModel:3
[EXCEPTION -- 2018-09-25 01:06:06]
pythonException: empty range for randrange() (0,0, 0)
[INFO -- 2018-09-25 01:06:06]
Backtrace BEGIN:
#0  0x00007ffff7494ba8 in __random_r (buf=buf@entry=0x7ffff7832720 <unsafe_state>, result=result@entry=0x7fffffffd884) at random_r.c:392
#1  0x00007ffff7494a22 in __random () at random.c:293
#2  0x00007ffff7494ea9 in rand () at rand.c:27
#3  0x0000555555555595 in genetic_algorithm () at knapsackga.cpp:111
#4  0x00005555555558d7 in main () at knapsackga.cpp:137

387	in random_r.c

Backtrace END
Memory content before bitflip:0x010x000x000x00
Fault Model: Zero bit-flip
base address to flip value: 0x7ffff7834580 
address max offset: 4
Memory content after  bitflip:0x000x000x000x00
frame name: __random
symbol name: lock
symbol filename: random.c
symbol line: 197
value: 0
value address: 0x7ffff7834580 <lock>
Type: The type is an integer type.
Type sizeof: 4

[INFO -- 2018-09-25 01:06:06]
Fault Injection Successful after 2.1790294647216797s
[INFO -- 2018-09-25 01:06:08]
event type: exit
[INFO -- 2018-09-25 01:06:08]
exit code: 0
