[INFO -- 2018-11-24 22:20:18]
Starting flip_value script
version: 1.1
[INFO -- 2018-11-24 22:20:18]
Initialization strings:
[INFO -- 2018-11-24 22:20:18]
(1) file /tmp/quicksort-fulldup/quicksort-fulldup
[INFO -- 2018-11-24 22:20:18]
(2) set args 5000000 4 /tmp/quicksort-fulldup/inputsort_134217728 /tmp/quicksort-fulldup/output_5000000 /tmp/quick-fulldup-detection.log
[INFO -- 2018-11-24 22:20:18]
initSignal:0
[INFO -- 2018-11-24 22:20:18]
endSignal:5
[INFO -- 2018-11-24 22:20:18]
faultModel:2
[INFO -- 2018-11-24 22:20:20]
Backtrace BEGIN:
#0  0x00007ffff7bb733f in GOMP_taskwait () from /usr/lib/x86_64-linux-gnu/libgomp.so.1
#1  0x0000555555554d5f in qsort_parallel (a=0x7ffff6090010, l=3653236, r=3653240) at quicksort-fulldup.c:27
#2  0x0000555555555178 in qsort_parallel._omp_fn.1 () at quicksort-fulldup.c:26
#3  0x00007ffff7bb733d in GOMP_taskwait () from /usr/lib/x86_64-linux-gnu/libgomp.so.1
#4  0x0000555555554d5f in qsort_parallel (a=0x7ffff6090010, l=3653219, r=3653240) at quicksort-fulldup.c:27
#5  0x0000555555555178 in qsort_parallel._omp_fn.1 () at quicksort-fulldup.c:26
#6  0x00007ffff7bb733d in GOMP_taskwait () from /usr/lib/x86_64-linux-gnu/libgomp.so.1
#7  0x0000555555554d5f in qsort_parallel (a=0x7ffff6090010, l=3653215, r=3653240) at quicksort-fulldup.c:27
#8  0x0000555555555178 in qsort_parallel._omp_fn.1 () at quicksort-fulldup.c:26
#9  0x00007ffff7bb733d in GOMP_taskwait () from /usr/lib/x86_64-linux-gnu/libgomp.so.1
#10 0x0000555555554d5f in qsort_parallel (a=0x7ffff6090010, l=3653145, r=3653240) at quicksort-fulldup.c:27
#11 0x0000555555555134 in qsort_parallel._omp_fn.0 () at quicksort-fulldup.c:24
#12 0x00007ffff7bb733d in GOMP_taskwait () from /usr/lib/x86_64-linux-gnu/libgomp.so.1
#13 0x0000555555554d5f in qsort_parallel (a=0x7ffff6090010, l=3653145, r=3653251) at quicksort-fulldup.c:27
#14 0x0000555555555134 in qsort_parallel._omp_fn.0 () at quicksort-fulldup.c:24
#15 0x00007ffff7bb733d in GOMP_taskwait () from /usr/lib/x86_64-linux-gnu/libgomp.so.1
#16 0x0000555555554d5f in qsort_parallel (a=0x7ffff6090010, l=3653145, r=3653273) at quicksort-fulldup.c:27
#17 0x0000555555555134 in qsort_parallel._omp_fn.0 () at quicksort-fulldup.c:24
#18 0x00007ffff7bb733d in GOMP_taskwait () from /usr/lib/x86_64-linux-gnu/libgomp.so.1
#19 0x0000555555554d5f in qsort_parallel (a=0x7ffff6090010, l=3653145, r=3653371) at quicksort-fulldup.c:27
#20 0x0000555555555178 in qsort_parallel._omp_fn.1 () at quicksort-fulldup.c:26
#21 0x00007ffff7bb733d in GOMP_taskwait () from /usr/lib/x86_64-linux-gnu/libgomp.so.1
#22 0x0000555555554d5f in qsort_parallel (a=0x7ffff6090010, l=3653108, r=3653371) at quicksort-fulldup.c:27
#23 0x0000555555555134 in qsort_parallel._omp_fn.0 () at quicksort-fulldup.c:24
#24 0x00007ffff7bb733d in GOMP_taskwait () from /usr/lib/x86_64-linux-gnu/libgomp.so.1
#25 0x0000555555554d5f in qsort_parallel (a=0x7ffff6090010, l=3653108, r=3653382) at quicksort-fulldup.c:27
#26 0x0000555555555178 in qsort_parallel._omp_fn.1 () at quicksort-fulldup.c:26
#27 0x00007ffff7bb733d in GOMP_taskwait () from /usr/lib/x86_64-linux-gnu/libgomp.so.1
#28 0x0000555555554d5f in qsort_parallel (a=0x7ffff6090010, l=3652985, r=3653382) at quicksort-fulldup.c:27
#29 0x0000555555555134 in qsort_parallel._omp_fn.0 () at quicksort-fulldup.c:24
#30 0x00007ffff7bb733d in GOMP_taskwait () from /usr/lib/x86_64-linux-gnu/libgomp.so.1
#31 0x0000555555554d5f in qsort_parallel (a=0x7ffff6090010, l=3652985, r=3653408) at quicksort-fulldup.c:27
#32 0x0000555555555134 in qsort_parallel._omp_fn.0 () at quicksort-fulldup.c:24
#33 0x00007ffff7bb733d in GOMP_taskwait () from /usr/lib/x86_64-linux-gnu/libgomp.so.1
#34 0x0000555555554d5f in qsort_parallel (a=0x7ffff6090010, l=3652985, r=3654709) at quicksort-fulldup.c:27
#35 0x0000555555555134 in qsort_parallel._omp_fn.0 () at quicksort-fulldup.c:24
#36 0x00007ffff7bb733d in GOMP_taskwait () from /usr/lib/x86_64-linux-gnu/libgomp.so.1
#37 0x0000555555554d5f in qsort_parallel (a=0x7ffff6090010, l=3652985, r=3659018) at quicksort-fulldup.c:27
#38 0x0000555555555134 in qsort_parallel._omp_fn.0 () at quicksort-fulldup.c:24
#39 0x00007ffff7bb733d in GOMP_taskwait () from /usr/lib/x86_64-linux-gnu/libgomp.so.1
#40 0x0000555555554d5f in qsort_parallel (a=0x7ffff6090010, l=3652985, r=3664795) at quicksort-fulldup.c:27
#41 0x0000555555555134 in qsort_parallel._omp_fn.0 () at quicksort-fulldup.c:24
#42 0x00007ffff7bb733d in GOMP_taskwait () from /usr/lib/x86_64-linux-gnu/libgomp.so.1
#43 0x0000555555554d5f in qsort_parallel (a=0x7ffff6090010, l=3652985, r=3672107) at quicksort-fulldup.c:27
#44 0x0000555555555134 in qsort_parallel._omp_fn.0 () at quicksort-fulldup.c:24
#45 0x00007ffff7bb733d in GOMP_taskwait () from /usr/lib/x86_64-linux-gnu/libgomp.so.1
#46 0x0000555555554d5f in qsort_parallel (a=0x7ffff6090010, l=3652985, r=3681205) at quicksort-fulldup.c:27
#47 0x0000555555555134 in qsort_parallel._omp_fn.0 () at quicksort-fulldup.c:24
#48 0x00007ffff7bb733d in GOMP_taskwait () from /usr/lib/x86_64-linux-gnu/libgomp.so.1
#49 0x0000555555554d5f in qsort_parallel (a=0x7ffff6090010, l=3652985, r=3685770) at quicksort-fulldup.c:27
#50 0x0000555555555178 in qsort_parallel._omp_fn.1 () at quicksort-fulldup.c:26
#51 0x00007ffff7bb733d in GOMP_taskwait () from /usr/lib/x86_64-linux-gnu/libgomp.so.1
#52 0x0000555555554d5f in qsort_parallel (a=0x7ffff6090010, l=3649361, r=3685770) at quicksort-fulldup.c:27
#53 0x0000555555555134 in qsort_parallel._omp_fn.0 () at quicksort-fulldup.c:24
#54 0x00007ffff7bb733d in GOMP_taskwait () from /usr/lib/x86_64-linux-gnu/libgomp.so.1
#55 0x0000555555554d5f in qsort_parallel (a=0x7ffff6090010, l=3649361, r=3695091) at quicksort-fulldup.c:27
#56 0x0000555555555178 in qsort_parallel._omp_fn.1 () at quicksort-fulldup.c:26
#57 0x00007ffff7bb733d in GOMP_taskwait () from /usr/lib/x86_64-linux-gnu/libgomp.so.1
#58 0x0000555555554d5f in qsort_parallel (a=0x7ffff6090010, l=3637265, r=3695091) at quicksort-fulldup.c:27
#59 0x0000555555555178 in qsort_parallel._omp_fn.1 () at quicksort-fulldup.c:26
#60 0x00007ffff7bb733d in GOMP_taskwait () from /usr/lib/x86_64-linux-gnu/libgomp.so.1
#61 0x0000555555554d5f in qsort_parallel (a=0x7ffff6090010, l=3564648, r=3695091) at quicksort-fulldup.c:27
#62 0x0000555555555178 in qsort_parallel._omp_fn.1 () at quicksort-fulldup.c:26
#63 0x00007ffff7bb733d in GOMP_taskwait () from /usr/lib/x86_64-linux-gnu/libgomp.so.1
#64 0x0000555555554d5f in qsort_parallel (a=0x7ffff6090010, l=3542676, r=3695091) at quicksort-fulldup.c:27
#65 0x0000555555555134 in qsort_parallel._omp_fn.0 () at quicksort-fulldup.c:24
#66 0x00007ffff7bb733d in GOMP_taskwait () from /usr/lib/x86_64-linux-gnu/libgomp.so.1
#67 0x0000555555554d5f in qsort_parallel (a=0x7ffff6090010, l=3542676, r=3732259) at quicksort-fulldup.c:27
#68 0x0000555555555178 in qsort_parallel._omp_fn.1 () at quicksort-fulldup.c:26
#69 0x00007ffff7bb733d in GOMP_taskwait () from /usr/lib/x86_64-linux-gnu/libgomp.so.1
#70 0x0000555555554d5f in qsort_parallel (a=0x7ffff6090010, l=3313946, r=3732259) at quicksort-fulldup.c:27
#71 0x0000555555555178 in qsort_parallel._omp_fn.1 () at quicksort-fulldup.c:26
#72 0x00007ffff7bb733d in GOMP_taskwait () from /usr/lib/x86_64-linux-gnu/libgomp.so.1
#73 0x0000555555554d5f in qsort_parallel (a=0x7ffff6090010, l=2531934, r=3732259) at quicksort-fulldup.c:27
#74 0x0000555555555134 in qsort_parallel._omp_fn.0 () at quicksort-fulldup.c:24
#75 0x00007ffff7bb679a in ?? () from /usr/lib/x86_64-linux-gnu/libgomp.so.1
#76 0x00007ffff7bbf58c in ?? () from /usr/lib/x86_64-linux-gnu/libgomp.so.1
#77 0x00007ffff7bbe1f9 in ?? () from /usr/lib/x86_64-linux-gnu/libgomp.so.1
#78 0x0000555555554e5f in quick_wrapper (size=5000000, inputFile=0x7fffffffe1fe "/tmp/quicksort-fulldup/inputsort_134217728") at quicksort-fulldup.c:47
#79 0x0000555555555083 in main (argc=6, argv=0x7fffffffde18) at quicksort-fulldup.c:100

72	                fprintf(fp, "[%d]: %u %u\n",i,data1[i],data2[i]);
73	                fclose(fp);
74	            }
75	
76	        }
77	    }
78	}
79	
80	int main(int argc, char** argv)
81	{

Backtrace END
Fliping a bit of the value pointed by a pointer
Memory content before bitflip:0x2f
Fault Model: Random bit-flip
base address to flip value: 0x7fffffffe24f 
address max offset: 1
Memory content after  bitflip:0x50
frame name: main
symbol name: detectLog
symbol filename: quicksort-fulldup.c
symbol line: 83
value: 0x7fffffffe24f "Ptmp/quick-fulldup-detection.log"
value address: 0x7fffffffdd18
Type: The type is a pointer.
Type sizeof: 8

[INFO -- 2018-11-24 22:20:20]
Fault Injection Successful after 2.075690984725952s
[INFO -- 2018-11-24 22:20:24]
event type: exit
[INFO -- 2018-11-24 22:20:24]
exit code: 0
