[INFO -- 2018-09-25 02:59:01]
Starting flip_value script
version: 1.1
[INFO -- 2018-09-25 02:59:01]
Initialization strings:
[INFO -- 2018-09-25 02:59:01]
(1) file /tmp/knapsack/ga
[INFO -- 2018-09-25 02:59:01]
initSignal:1
[INFO -- 2018-09-25 02:59:01]
endSignal:3.5
[INFO -- 2018-09-25 02:59:01]
faultModel:0
[INFO -- 2018-09-25 02:59:03]
Backtrace BEGIN:
#0  0x00005555555583ab in std::uninitialized_copy<__gnu_cxx::__normal_iterator<int const*, std::vector<int, std::allocator<int> > >, int*> (__first=0, __last=816, __result=0x555555786bc0) at /usr/include/c++/7/bits/stl_uninitialized.h:134
#1  0x0000555555556f6d in std::__uninitialized_copy_a<__gnu_cxx::__normal_iterator<int const*, std::vector<int, std::allocator<int> > >, int*, int> (__first=0, __last=816, __result=0x555555786bc0) at /usr/include/c++/7/bits/stl_uninitialized.h:289
#2  0x0000555555555ed1 in std::vector<int, std::allocator<int> >::vector (this=0x555555776700, __x=std::vector of length 200, capacity 200 = {...}) at /usr/include/c++/7/bits/stl_vector.h:331
#3  0x0000555555557e39 in chromossome::chromossome (this=0x555555776700) at knapsackga.cpp:42
#4  0x0000555555557e96 in __gnu_cxx::new_allocator<chromossome>::construct<chromossome, chromossome const&> (this=0x7fffffffd8f0, __p=0x555555776700, __args#0=...) at /usr/include/c++/7/ext/new_allocator.h:136
#5  0x0000555555556a90 in std::allocator_traits<std::allocator<chromossome> >::construct<chromossome, chromossome const&> (__a=..., __p=0x555555776700, __args#0=...) at /usr/include/c++/7/bits/alloc_traits.h:475
#6  0x0000555555556b50 in std::vector<chromossome, std::allocator<chromossome> >::_M_realloc_insert<chromossome const&> (this=0x7fffffffd8f0, __position={solution = std::vector of length 68, capacity 0 = {<error reading variable>, __args#0=...) at /usr/include/c++/7/bits/vector.tcc:415
#7  0x0000555555555d28 in std::vector<chromossome, std::allocator<chromossome> >::push_back (this=0x7fffffffd8f0, __x=...) at /usr/include/c++/7/bits/stl_vector.h:948
#8  0x00005555555554e7 in genetic_algorithm () at knapsackga.cpp:106
#9  0x00005555555558d7 in main () at knapsackga.cpp:137

129	#endif
130	
131	      return std::__uninitialized_copy<__is_trivial(_ValueType1)
132					       && __is_trivial(_ValueType2)
133					       && __assignable>::
134		__uninit_copy(__first, __last, __result);
135	    }
136	
137	
138	  template<bool _TrivialValueType>

Backtrace END
Fliping value of field: std::_Vector_base<chromossome, std::allocator<chromossome> >
Fliping value of field: _M_impl
Fliping value of field: _M_end_of_storage
Fliping a bit of the value pointed by a pointer
Fliping value of field: solution
Fliping value of field: std::_Vector_base<int, std::allocator<int> >
Fliping value of field: _M_impl
Fliping value of field: _M_end_of_storage
Fliping a bit of the pointer
Memory content before bitflip:0x000x000x000x000x000x000x000x00
Fault Model: Single bit-flip
base address to flip value: 0x555555776570
address max offset: 8
Memory content after  bitflip:0x000x000x020x000x000x000x000x00
frame name: genetic_algorithm
symbol name: new_pop
symbol filename: knapsackga.cpp
symbol line: 95
value: std::vector of length 4, capacity 4 = {{solution = std::vector of length 200, capacity 200 = {0, 1, 0, 0, 1, 1, 0, 0, 0, 0, 0, 0, 0, 1, 1, 1, 1, 0, 0, 1, 0, 0, 0, 0, 1, 0, 0, 1, 1, 0, 0, 0, 0, 1, 1, 0, 0, 1, 1, 1, 0, 0, 0, 0, 1, 0, 1, 0, 1, 0, 1, 1, 1, 0, 1, 1, 1, 0, 0, 1, 1, 0, 0, 0, 0, 0, 1, 0, 0, 0, 1, 0, 0, 0, 0, 1, 0, 0, 0, 1, 1, 0, 0, 1, 1, 0, 1, 0, 1, 0, 0, 1, 0, 0, 1, 0, 0, 0, 0, 0, 0, 1, 0, 1, 0, 1, 1, 1, 0, 0, 1, 0, 0, 1, 0, 1, 0, 0, 0, 1, 1, 0, 1, 0, 0, 0, 0, 0, 1, 1, 1, 1, 0, 1, 1, 0, 0, 0, 1, 0, 0, 0, 1, 0, 1, 0, 0, 0, 0, 1, 0, 0, 0, 0, 0, 0, 0, 1, 1, 1, 1, 0, 0, 0, 1, 0, 1, 0, 0, 1, 0, 0, 1, 0, 1, 0, 0, 0, 1, 0, 1, 0, 0, 1, 0, 0, 1, 1, 1, 1, 0, 0, 0, 0, 0, 0, 0, 0, 0, 1...}, fitness = -512589}, {solution = std::vector of length 200, capacity 200 = {0, 1, 0, 0, 1, 1, 0, 0, 0, 0, 0, 0, 0, 1, 1, 1, 1, 0, 0, 1, 0, 0, 0, 0, 1, 0, 0, 1, 1, 0, 0, 0, 0, 1, 1, 0, 0, 1, 1, 1, 0, 0, 0, 0, 1, 0, 1, 0, 1, 0, 1, 1, 1, 0, 1, 1, 1, 0, 0, 1, 1, 0, 0, 0, 0, 0, 1, 0, 0, 0, 1, 0, 0, 0, 0, 1, 0, 0, 0, 1, 1, 0, 0, 1, 1, 0, 1, 0, 1, 0, 0, 1, 0, 0, 1, 0, 0, 0, 0, 0, 0, 1, 0, 1, 0, 1, 1, 1, 0, 0, 1, 0, 0, 1, 0, 1, 0, 0, 0, 1, 1, 0, 1, 0, 0, 0, 0, 0, 1, 1, 1, 1, 0, 1, 1, 0, 0, 0, 1, 0, 0, 0, 1, 0, 1, 0, 0, 0, 0, 1, 0, 0, 0, 0, 0, 0, 0, 1, 1, 1, 1, 0, 0, 0, 1, 0, 1, 0, 0, 1, 0, 0, 1, 0, 1, 0, 0, 0, 1, 0, 1, 0, 0, 1, 0, 0, 1, 1, 1, 1, 0, 0, 0, 0, 0, 0, 0, 0, 0, 1...}, fitness = -512589}, {solution = std::vector of length 200, capacity 200 = {0, 1, 0, 0, 1, 1, 0, 0, 0, 0, 0, 0, 0, 1, 1, 1, 1, 0, 0, 1, 0, 0, 0, 0, 1, 0, 0, 1, 1, 0, 0, 0, 0, 1, 1, 0, 0, 1, 1, 1, 0, 0, 0, 0, 1, 0, 1, 0, 1, 0, 1, 1, 1, 0, 1, 1, 1, 0, 0, 1, 1, 0, 0, 0, 0, 0, 1, 0, 0, 0, 1, 0, 0, 0, 0, 1, 0, 0, 0, 1, 1, 0, 0, 1, 1, 0, 1, 0, 1, 0, 0, 1, 0, 0, 1, 0, 0, 0, 0, 0, 0, 1, 0, 1, 0, 1, 1, 1, 0, 0, 1, 0, 0, 1, 0, 1, 0, 0, 0, 1, 1, 0, 1, 0, 0, 0, 0, 0, 1, 1, 1, 1, 0, 1, 1, 0, 0, 0, 1, 0, 0, 0, 1, 0, 1, 0, 0, 0, 0, 1, 0, 0, 0, 0, 0, 0, 0, 1, 1, 1, 1, 0, 0, 0, 1, 0, 1, 0, 0, 1, 0, 0, 1, 0, 1, 0, 0, 0, 1, 0, 1, 0, 0, 1, 0, 0, 1, 1, 1, 1, 0, 0, 0, 0, 0, 0, 0, 0, 0, 1...}, fitness = 1431664636}, {solution = std::vector of length 200, capacity 200 = {0, 1, 0, 0, 1, 1, 0, 0, 0, 0, 0, 0, 0, 1, 1, 1, 1, 0, 0, 1, 0, 0, 0, 0, 1, 0, 0, 1, 1, 0, 0, 0, 0, 1, 1, 0, 0, 1, 1, 1, 0, 0, 0, 0, 1, 0, 1, 0, 1, 0, 1, 1, 1, 0, 1, 1, 1, 0, 0, 1, 1, 0, 0, 0, 0, 0, 1, 0, 0, 0, 1, 0, 0, 0, 0, 1, 0, 0, 0, 1, 1, 0, 0, 1, 1, 0, 1, 0, 1, 0, 0, 1, 0, 0, 1, 0, 0, 0, 0, 0, 0, 1, 0, 1, 0, 1, 1, 1, 0, 0, 1, 0, 0, 1, 0, 1, 0, 0, 0, 1, 1, 0, 1, 0, 0, 0, 0, 0, 1, 1, 1, 1, 0, 1, 1, 0, 0, 0, 1, 0, 0, 0, 1, 0, 1, 0, 0, 0, 0, 1, 0, 0, 0, 0, 0, 0, 0, 1, 1, 1, 1, 0, 0, 0, 1, 0, 1, 0, 0, 1, 0, 0, 1, 0, 1, 0, 0, 0, 1, 0, 1, 0, 0, 1, 0, 0, 1, 1, 1, 1, 0, 0, 0, 0, 0, 0, 0, 0, 0, 1...}, fitness = 99999999}}
value address: 0x7fffffffd8f0
Type: The type is a structure.
Type sizeof: 24
Field name: std::_Vector_base<chromossome, std::allocator<chromossome> >
Field Type: The type is a structure.
Field Type sizeof: 24

[INFO -- 2018-09-25 02:59:03]
Fault Injection Successful after 2.331387758255005s
[INFO -- 2018-09-25 02:59:05]
event type: exit
[INFO -- 2018-09-25 02:59:05]
exit code: 0
