[INFO -- 2018-09-20 20:41:22]
Starting flip_value script
version: 1.1
[INFO -- 2018-09-20 20:41:22]
Initialization strings:
[INFO -- 2018-09-20 20:41:22]
(1) file /tmp/knapsack/dp
[INFO -- 2018-09-20 20:41:22]
initSignal:1
[INFO -- 2018-09-20 20:41:22]
endSignal:3
[INFO -- 2018-09-20 20:41:22]
faultModel:2
[EXCEPTION -- 2018-09-20 20:41:23]
pythonException: empty range for randrange() (0,0, 0)
[EXCEPTION -- 2018-09-20 20:41:23]
pythonException: Unable to exit loop in struct fields; Exiting wihtout making a bit flip
[EXCEPTION -- 2018-09-20 20:41:23]
pythonException: empty range for randrange() (0,0, 0)
[INFO -- 2018-09-20 20:41:23]
event type: exit
[INFO -- 2018-09-20 20:41:23]
exit code: 0
