[INFO -- 2018-11-30 03:28:09]
Starting flip_value script
version: 1.1
[INFO -- 2018-11-30 03:28:09]
Initialization strings:
[INFO -- 2018-11-30 03:28:09]
(1) file /tmp/knapsack/sa
[INFO -- 2018-11-30 03:28:09]
initSignal:0
[INFO -- 2018-11-30 03:28:09]
endSignal:7
[INFO -- 2018-11-30 03:28:09]
faultModel:3
[EXCEPTION -- 2018-11-30 03:28:10]
gdbException: Attempt to dereference a generic pointer.
[INFO -- 2018-11-30 03:28:14]
Backtrace BEGIN:
#0  0x0000555555556092 in std::_Vector_base<int, std::allocator<int> >::_M_deallocate (this=0x7fffffffd990, __p=0x7fffffffd910, __n=93824994436624) at /usr/include/c++/7/bits/stl_vector.h:176
#1  0x0000555555555e19 in std::_Vector_base<int, std::allocator<int> >::~_Vector_base (this=0x7fffffffd990, __in_chrg=<optimized out>) at /usr/include/c++/7/bits/stl_vector.h:162
#2  0x000055555555588b in std::vector<int, std::allocator<int> >::~vector (this=0x7fffffffd990, __in_chrg=<optimized out>) at /usr/include/c++/7/bits/stl_vector.h:435
#3  0x0000555555555305 in simulated_annealing () at knapsacksa.cpp:49
#4  0x0000555555555532 in main () at knapsacksa.cpp:87

171		typedef __gnu_cxx::__alloc_traits<_Tp_alloc_type> _Tr;
172		return __n != 0 ? _Tr::allocate(_M_impl, __n) : pointer();
173	      }
174	
175	      void
176	      _M_deallocate(pointer __p, size_t __n)
177	      {
178		typedef __gnu_cxx::__alloc_traits<_Tp_alloc_type> _Tr;
179		if (__p)
180		  _Tr::deallocate(_M_impl, __p, __n);

Backtrace END
Fliping value of field: std::_Vector_base<int, std::allocator<int> >
Fliping value of field: _M_impl
Fliping value of field: _M_end_of_storage
Fliping a bit of the pointer
Memory content before bitflip:0x000xe60x760x550x550x550x000x00
Fault Model: Zero bit-flip
base address to flip value: 0x7fffffffd980
address max offset: 8
Memory content after  bitflip:0x000x000x000x000x000x000x000x00
frame name: simulated_annealing
symbol name: solution
symbol filename: knapsacksa.cpp
symbol line: 40
value: std::vector of length 200, capacity -23456248608952 = {0, 0, 0, 1, 0, 1, 1, 1, 1, 0, 0, 1, 0, 1, 0, 1, 1, 1, 0, 0, 0, 0, 1, 0, 0, 1, 0, 1, 0, 0, 0, 1, 0, 1, 1, 0, 0, 1, 0, 0, 1, 0, 0, 0, 0, 0, 1, 0, 1, 0, 0, 1, 1, 1, 0, 1, 0, 1, 1, 1, 1, 0, 0, 0, 0, 0, 0, 1, 1, 0, 0, 1, 1, 0, 0, 0, 1, 1, 1, 1, 0, 1, 0, 0, 0, 1, 1, 0, 0, 1, 1, 0, 1, 0, 1, 0, 0, 1, 1, 0, 1, 0, 1, 0, 1, 0, 0, 0, 1, 1, 1, 0, 1, 1, 0, 0, 0, 0, 1, 0, 0, 0, 0, 0, 1, 0, 1, 1, 0, 0, 0, 1, 1, 1, 0, 0, 0, 1, 1, 1, 0, 1, 0, 0, 0, 0, 0, 0, 1, 1, 1, 1, 1, 0, 0, 1, 1, 0, 1, 1, 0, 0, 1, 1, 1, 0, 0, 1, 0, 1, 1, 1, 1, 1, 0, 0, 0, 1, 1, 1, 1, 0, 0, 1, 0, 1, 1, 1, 0, 0, 0, 1, 0, 1, 1, 1, 1, 0, 1, 1...}
value address: 0x7fffffffd970
Type: The type is a structure.
Type sizeof: 24
Field name: std::_Vector_base<int, std::allocator<int> >
Field Type: The type is a structure.
Field Type sizeof: 24

[INFO -- 2018-11-30 03:28:14]
Fault Injection Successful after 5.205641746520996s
[INFO -- 2018-11-30 03:28:17]
event type: exit
[INFO -- 2018-11-30 03:28:17]
exit code: 0
