[INFO -- 2018-09-25 05:59:29]
Starting flip_value script
version: 1.1
[INFO -- 2018-09-25 05:59:29]
Initialization strings:
[INFO -- 2018-09-25 05:59:29]
(1) file /tmp/knapsack/ga
[INFO -- 2018-09-25 05:59:29]
initSignal:1
[INFO -- 2018-09-25 05:59:29]
endSignal:3.5
[INFO -- 2018-09-25 05:59:29]
faultModel:2
[EXCEPTION -- 2018-09-25 05:59:31]
pythonException: Unable to exit loop in struct fields; Exiting wihtout making a bit flip
[INFO -- 2018-09-25 05:59:31]
Backtrace BEGIN:
#0  0x00007ffff74e2760 in _int_free (av=<optimized out>, p=<optimized out>, have_lock=<optimized out>) at malloc.c:4428
#1  0x00007ffff74e744e in __GI___libc_free (mem=<optimized out>) at malloc.c:3145
#2  0x000055555555955c in __gnu_cxx::new_allocator<int>::deallocate (this=0x7fffffffd9d0, __p=0x5555557857c0) at /usr/include/c++/7/ext/new_allocator.h:125
#3  0x0000555555558518 in std::allocator_traits<std::allocator<int> >::deallocate (__a=..., __p=0x5555557857c0, __n=200) at /usr/include/c++/7/bits/alloc_traits.h:462
#4  0x0000555555557086 in std::_Vector_base<int, std::allocator<int> >::_M_deallocate (this=0x7fffffffd9d0, __p=0x5555557857c0, __n=200) at /usr/include/c++/7/bits/stl_vector.h:180
#5  0x000055555555689d in std::_Vector_base<int, std::allocator<int> >::~_Vector_base (this=0x7fffffffd9d0, __in_chrg=<optimized out>) at /usr/include/c++/7/bits/stl_vector.h:162
#6  0x0000555555555bed in std::vector<int, std::allocator<int> >::~vector (this=0x7fffffffd9d0, __in_chrg=<optimized out>) at /usr/include/c++/7/bits/stl_vector.h:435
#7  0x0000555555555b62 in chromossome::~chromossome (this=0x7fffffffd9d0, __in_chrg=<optimized out>) at knapsackga.cpp:42
#8  0x0000555555555515 in genetic_algorithm () at knapsackga.cpp:105
#9  0x00005555555558d7 in main () at knapsackga.cpp:137

4423	in malloc.c

Backtrace END
Fliping a bit of the value pointed by a pointer
Fliping value of field: _M_impl
Fliping value of field: _M_start
Fliping a bit of the pointer
Memory content before bitflip:0xc00x570x780x550x550x550x000x00
Fault Model: Random bit-flip
base address to flip value: 0x7fffffffd9d0
address max offset: 8
Memory content after  bitflip:0x7f0x200xf00xb00xdd0xf80xb70x97
frame name: std::_Vector_base<int, std::allocator<int> >::~_Vector_base
symbol name: this
symbol filename: knapsackga.cpp
symbol line: 0
value: 0x7fffffffd9d0
value address: 0x7fffffffd858
Type: The type is a pointer.
Type sizeof: 8

[INFO -- 2018-09-25 05:59:31]
Fault Injection Successful after 2.692321300506592s
[INFO -- 2018-09-25 05:59:33]
event type: exit
[INFO -- 2018-09-25 05:59:33]
exit code: 0
