[INFO -- 2018-12-01 05:39:31]
Starting flip_value script
version: 1.1
[INFO -- 2018-12-01 05:39:31]
Initialization strings:
[INFO -- 2018-12-01 05:39:31]
(1) file /tmp/knapsack/ga
[INFO -- 2018-12-01 05:39:31]
initSignal:0
[INFO -- 2018-12-01 05:39:31]
endSignal:13
[INFO -- 2018-12-01 05:39:31]
faultModel:1
[INFO -- 2018-12-01 05:39:36]
Backtrace BEGIN:
#0  0x00007ffff74e7449 in __GI___libc_free (mem=<optimized out>) at malloc.c:3145
#1  0x00005555555597ea in __gnu_cxx::new_allocator<int>::deallocate (this=0x555555776500, __p=0x5555557831c0) at /usr/include/c++/7/ext/new_allocator.h:125
#2  0x00005555555587a6 in std::allocator_traits<std::allocator<int> >::deallocate (__a=..., __p=0x5555557831c0, __n=200) at /usr/include/c++/7/bits/alloc_traits.h:462
#3  0x0000555555557316 in std::_Vector_base<int, std::allocator<int> >::_M_deallocate (this=0x555555776500, __p=0x5555557831c0, __n=200) at /usr/include/c++/7/bits/stl_vector.h:180
#4  0x0000555555556b53 in std::_Vector_base<int, std::allocator<int> >::~_Vector_base (this=0x555555776500, __in_chrg=<optimized out>) at /usr/include/c++/7/bits/stl_vector.h:162
#5  0x0000555555555e7d in std::vector<int, std::allocator<int> >::~vector (this=0x555555776500, __in_chrg=<optimized out>) at /usr/include/c++/7/bits/stl_vector.h:435
#6  0x0000555555555df2 in chromossome::~chromossome (this=0x555555776500, __in_chrg=<optimized out>) at knapsackga.cpp:42
#7  0x0000555555559c45 in std::_Destroy<chromossome> (__pointer=0x555555776500) at /usr/include/c++/7/bits/stl_construct.h:98
#8  0x00005555555591af in std::_Destroy_aux<false>::__destroy<chromossome*> (__first=0x555555776500, __last=0x555555776540) at /usr/include/c++/7/bits/stl_construct.h:108
#9  0x00005555555580e6 in std::_Destroy<chromossome*> (__first=0x5555557764e0, __last=0x555555776540) at /usr/include/c++/7/bits/stl_construct.h:137
#10 0x0000555555556cff in std::_Destroy<chromossome*, chromossome> (__first=0x5555557764e0, __last=0x555555776540) at /usr/include/c++/7/bits/stl_construct.h:206
#11 0x0000555555555f11 in std::vector<chromossome, std::allocator<chromossome> >::~vector (this=0x7fffffffd800, __in_chrg=<optimized out>) at /usr/include/c++/7/bits/stl_vector.h:434
#12 0x00005555555551b8 in tournament (pop=std::vector of length 40, capacity 64 = {...}) at knapsackga.cpp:59
#13 0x0000555555555581 in genetic_algorithm () at knapsackga.cpp:103
#14 0x0000555555555a9b in main () at knapsackga.cpp:141

3140	malloc.c: No such file or directory.

Backtrace END
Fliping a bit of the pointer
Memory content before bitflip:0x000x650x770x550x550x550x000x00
Fault Model: Double bit-flip
base address to flip value: 0x7fffffffd718
address max offset: 8
Memory content after  bitflip:0x000x650x770x550x550x740x000x00
frame name: chromossome::~chromossome
symbol name: this
symbol filename: knapsackga.cpp
symbol line: 0
value: 0x555555776500
value address: 0x7fffffffd718
Type: The type is a pointer.
Type sizeof: 8

[INFO -- 2018-12-01 05:39:36]
Fault Injection Successful after 5.422405958175659s
[INFO -- 2018-12-01 05:39:43]
event type: exit
[INFO -- 2018-12-01 05:39:43]
exit code: 0
