[INFO -- 2018-11-24 22:23:00]
Starting flip_value script
version: 1.1
[INFO -- 2018-11-24 22:23:00]
Initialization strings:
[INFO -- 2018-11-24 22:23:00]
(1) file /tmp/quicksort-fulldup/quicksort-fulldup
[INFO -- 2018-11-24 22:23:00]
(2) set args 5000000 4 /tmp/quicksort-fulldup/inputsort_134217728 /tmp/quicksort-fulldup/output_5000000 /tmp/quick-fulldup-detection.log
[INFO -- 2018-11-24 22:23:00]
initSignal:0
[INFO -- 2018-11-24 22:23:00]
endSignal:5
[INFO -- 2018-11-24 22:23:00]
faultModel:2
[INFO -- 2018-11-24 22:23:01]
Backtrace BEGIN:
#0  0x0000555555554c4a in qsort_parallel (a=0x7ffff6090010, l=4148663, r=4148701) at quicksort-fulldup.c:16
#1  0x0000555555555178 in qsort_parallel._omp_fn.1 () at quicksort-fulldup.c:26
#2  0x00007ffff7bb733d in GOMP_taskwait () from /usr/lib/x86_64-linux-gnu/libgomp.so.1
#3  0x0000555555554d5f in qsort_parallel (a=0x7ffff6090010, l=4148654, r=4148701) at quicksort-fulldup.c:27
#4  0x0000555555555178 in qsort_parallel._omp_fn.1 () at quicksort-fulldup.c:26
#5  0x00007ffff7bb733d in GOMP_taskwait () from /usr/lib/x86_64-linux-gnu/libgomp.so.1
#6  0x0000555555554d5f in qsort_parallel (a=0x7ffff6090010, l=4148517, r=4148701) at quicksort-fulldup.c:27
#7  0x0000555555555178 in qsort_parallel._omp_fn.1 () at quicksort-fulldup.c:26
#8  0x00007ffff7bb733d in GOMP_taskwait () from /usr/lib/x86_64-linux-gnu/libgomp.so.1
#9  0x0000555555554d5f in qsort_parallel (a=0x7ffff6090010, l=4148512, r=4148701) at quicksort-fulldup.c:27
#10 0x0000555555555178 in qsort_parallel._omp_fn.1 () at quicksort-fulldup.c:26
#11 0x00007ffff7bb733d in GOMP_taskwait () from /usr/lib/x86_64-linux-gnu/libgomp.so.1
#12 0x0000555555554d5f in qsort_parallel (a=0x7ffff6090010, l=4148026, r=4148701) at quicksort-fulldup.c:27
#13 0x0000555555555178 in qsort_parallel._omp_fn.1 () at quicksort-fulldup.c:26
#14 0x00007ffff7bb733d in GOMP_taskwait () from /usr/lib/x86_64-linux-gnu/libgomp.so.1
#15 0x0000555555554d5f in qsort_parallel (a=0x7ffff6090010, l=4147988, r=4148701) at quicksort-fulldup.c:27
#16 0x0000555555555178 in qsort_parallel._omp_fn.1 () at quicksort-fulldup.c:26
#17 0x00007ffff7bb733d in GOMP_taskwait () from /usr/lib/x86_64-linux-gnu/libgomp.so.1
#18 0x0000555555554d5f in qsort_parallel (a=0x7ffff6090010, l=4147417, r=4148701) at quicksort-fulldup.c:27
#19 0x0000555555555134 in qsort_parallel._omp_fn.0 () at quicksort-fulldup.c:24
#20 0x00007ffff7bb733d in GOMP_taskwait () from /usr/lib/x86_64-linux-gnu/libgomp.so.1
#21 0x0000555555554d5f in qsort_parallel (a=0x7ffff6090010, l=4147417, r=4149331) at quicksort-fulldup.c:27
#22 0x0000555555555134 in qsort_parallel._omp_fn.0 () at quicksort-fulldup.c:24
#23 0x00007ffff7bb733d in GOMP_taskwait () from /usr/lib/x86_64-linux-gnu/libgomp.so.1
#24 0x0000555555554d5f in qsort_parallel (a=0x7ffff6090010, l=4147417, r=4150407) at quicksort-fulldup.c:27
#25 0x0000555555555178 in qsort_parallel._omp_fn.1 () at quicksort-fulldup.c:26
#26 0x00007ffff7bb733d in GOMP_taskwait () from /usr/lib/x86_64-linux-gnu/libgomp.so.1
#27 0x0000555555554d5f in qsort_parallel (a=0x7ffff6090010, l=4141832, r=4150407) at quicksort-fulldup.c:27
#28 0x0000555555555178 in qsort_parallel._omp_fn.1 () at quicksort-fulldup.c:26
#29 0x00007ffff7bb733d in GOMP_taskwait () from /usr/lib/x86_64-linux-gnu/libgomp.so.1
#30 0x0000555555554d5f in qsort_parallel (a=0x7ffff6090010, l=4140257, r=4150407) at quicksort-fulldup.c:27
#31 0x0000555555555134 in qsort_parallel._omp_fn.0 () at quicksort-fulldup.c:24
#32 0x00007ffff7bb733d in GOMP_taskwait () from /usr/lib/x86_64-linux-gnu/libgomp.so.1
#33 0x0000555555554d5f in qsort_parallel (a=0x7ffff6090010, l=4140257, r=4152675) at quicksort-fulldup.c:27
#34 0x0000555555555134 in qsort_parallel._omp_fn.0 () at quicksort-fulldup.c:24
#35 0x00007ffff7bb733d in GOMP_taskwait () from /usr/lib/x86_64-linux-gnu/libgomp.so.1
#36 0x0000555555554d5f in qsort_parallel (a=0x7ffff6090010, l=4140257, r=4153295) at quicksort-fulldup.c:27
#37 0x0000555555555134 in qsort_parallel._omp_fn.0 () at quicksort-fulldup.c:24
#38 0x00007ffff7bb733d in GOMP_taskwait () from /usr/lib/x86_64-linux-gnu/libgomp.so.1
#39 0x0000555555554d5f in qsort_parallel (a=0x7ffff6090010, l=4140257, r=4155112) at quicksort-fulldup.c:27
#40 0x0000555555555178 in qsort_parallel._omp_fn.1 () at quicksort-fulldup.c:26
#41 0x00007ffff7bb733d in GOMP_taskwait () from /usr/lib/x86_64-linux-gnu/libgomp.so.1
#42 0x0000555555554d5f in qsort_parallel (a=0x7ffff6090010, l=4134564, r=4155112) at quicksort-fulldup.c:27
#43 0x0000555555555134 in qsort_parallel._omp_fn.0 () at quicksort-fulldup.c:24
#44 0x00007ffff7bb733d in GOMP_taskwait () from /usr/lib/x86_64-linux-gnu/libgomp.so.1
#45 0x0000555555554d5f in qsort_parallel (a=0x7ffff6090010, l=4134564, r=4158997) at quicksort-fulldup.c:27
#46 0x0000555555555178 in qsort_parallel._omp_fn.1 () at quicksort-fulldup.c:26
#47 0x00007ffff7bb733d in GOMP_taskwait () from /usr/lib/x86_64-linux-gnu/libgomp.so.1
#48 0x0000555555554d5f in qsort_parallel (a=0x7ffff6090010, l=4100267, r=4158997) at quicksort-fulldup.c:27
#49 0x0000555555555178 in qsort_parallel._omp_fn.1 () at quicksort-fulldup.c:26
#50 0x00007ffff7bb733d in GOMP_taskwait () from /usr/lib/x86_64-linux-gnu/libgomp.so.1
#51 0x0000555555554d5f in qsort_parallel (a=0x7ffff6090010, l=4095919, r=4158997) at quicksort-fulldup.c:27
#52 0x0000555555555134 in qsort_parallel._omp_fn.0 () at quicksort-fulldup.c:24
#53 0x00007ffff7bb733d in GOMP_taskwait () from /usr/lib/x86_64-linux-gnu/libgomp.so.1
#54 0x0000555555554d5f in qsort_parallel (a=0x7ffff6090010, l=4095919, r=4231532) at quicksort-fulldup.c:27
#55 0x0000555555555178 in qsort_parallel._omp_fn.1 () at quicksort-fulldup.c:26
#56 0x00007ffff7bb733d in GOMP_taskwait () from /usr/lib/x86_64-linux-gnu/libgomp.so.1
#57 0x0000555555554d5f in qsort_parallel (a=0x7ffff6090010, l=3898550, r=4231532) at quicksort-fulldup.c:27
#58 0x0000555555555134 in qsort_parallel._omp_fn.0 () at quicksort-fulldup.c:24
#59 0x00007ffff7bb733d in GOMP_taskwait () from /usr/lib/x86_64-linux-gnu/libgomp.so.1
#60 0x0000555555554d5f in qsort_parallel (a=0x7ffff6090010, l=3898550, r=4284358) at quicksort-fulldup.c:27
#61 0x0000555555555134 in qsort_parallel._omp_fn.0 () at quicksort-fulldup.c:24
#62 0x00007ffff7bb733d in GOMP_taskwait () from /usr/lib/x86_64-linux-gnu/libgomp.so.1
#63 0x0000555555554d5f in qsort_parallel (a=0x7ffff6090010, l=3898550, r=4573109) at quicksort-fulldup.c:27
#64 0x0000555555555178 in qsort_parallel._omp_fn.1 () at quicksort-fulldup.c:26
#65 0x00007ffff7bb733d in GOMP_taskwait () from /usr/lib/x86_64-linux-gnu/libgomp.so.1
#66 0x0000555555554d5f in qsort_parallel (a=0x7ffff6090010, l=3772325, r=4573109) at quicksort-fulldup.c:27
#67 0x0000555555555134 in qsort_parallel._omp_fn.0 () at quicksort-fulldup.c:24
#68 0x00007ffff7bb733d in GOMP_taskwait () from /usr/lib/x86_64-linux-gnu/libgomp.so.1
#69 0x0000555555554d5f in qsort_parallel (a=0x7ffff6090010, l=3772325, r=4999999) at quicksort-fulldup.c:27
#70 0x0000555555555178 in qsort_parallel._omp_fn.1 () at quicksort-fulldup.c:26
#71 0x00007ffff7bb733d in GOMP_taskwait () from /usr/lib/x86_64-linux-gnu/libgomp.so.1
#72 0x0000555555554d5f in qsort_parallel (a=0x7ffff6090010, l=3732261, r=4999999) at quicksort-fulldup.c:27
#73 0x0000555555555178 in qsort_parallel._omp_fn.1 () at quicksort-fulldup.c:26
#74 0x00007ffff7bb733d in GOMP_taskwait () from /usr/lib/x86_64-linux-gnu/libgomp.so.1
#75 0x0000555555554d5f in qsort_parallel (a=0x7ffff6090010, l=2531934, r=4999999) at quicksort-fulldup.c:27
#76 0x0000555555555178 in qsort_parallel._omp_fn.1 () at quicksort-fulldup.c:26
#77 0x00007ffff7bb733d in GOMP_taskwait () from /usr/lib/x86_64-linux-gnu/libgomp.so.1
#78 0x0000555555554d5f in qsort_parallel (a=0x7ffff6090010, l=0, r=4999999) at quicksort-fulldup.c:27
#79 0x00005555555551bb in quick_wrapper._omp_fn.2 () at quicksort-fulldup.c:49
#80 0x00007ffff7bb3d5f in GOMP_parallel () from /usr/lib/x86_64-linux-gnu/libgomp.so.1
#81 0x0000555555554e5f in quick_wrapper (size=5000000, inputFile=0x7fffffffe1fe "/tmp/quicksort-fulldup/inputsort_134217728") at quicksort-fulldup.c:47
#82 0x0000555555555083 in main (argc=6, argv=0x7fffffffde18) at quicksort-fulldup.c:100

11	    if(r>l) {
12	
13	        int pivot=a[r],tmp;
14	        int less=l-1,more;
15	        for(more=l; more<=r; more++) {
16	            if(a[more]<=pivot) {
17	                less++;
18	                tmp=a[less];
19	                a[less]=a[more];
20	                a[more]=tmp;

Backtrace END
Memory content before bitflip:0x620xa80xb10xc7
Fault Model: Random bit-flip
base address to flip value: 0x7fffffffd688
address max offset: 4
Memory content after  bitflip:0x700x900x140xd9
frame name: qsort_parallel
symbol name: pivot
symbol filename: quicksort-fulldup.c
symbol line: 13
value: -652963728
value address: 0x7fffffffd688
Type: The type is an integer type.
Type sizeof: 4

[INFO -- 2018-11-24 22:23:01]
Fault Injection Successful after 1.4905438423156738s
[INFO -- 2018-11-24 22:23:05]
event type: exit
[INFO -- 2018-11-24 22:23:05]
exit code: 0
