[INFO -- 2018-11-30 01:50:40]
Starting flip_value script
version: 1.1
[INFO -- 2018-11-30 01:50:40]
Initialization strings:
[INFO -- 2018-11-30 01:50:40]
(1) file /tmp/knapsack/sa
[INFO -- 2018-11-30 01:50:40]
initSignal:0
[INFO -- 2018-11-30 01:50:40]
endSignal:7
[INFO -- 2018-11-30 01:50:40]
faultModel:3
[INFO -- 2018-11-30 01:50:41]
Backtrace BEGIN:
#0  __memmove_sse2_unaligned_erms () at ../sysdeps/x86_64/multiarch/memmove-vec-unaligned-erms.S:368
#1  0x0000555555556fd2 in std::__copy_move<false, true, std::random_access_iterator_tag>::__copy_m<int> (__first=0x55555576e610, __last=0x55555576e930, __result=0x55555576e2e0) at /usr/include/c++/7/bits/stl_algobase.h:368
#2  0x0000555555556d40 in std::__copy_move_a<false, int const*, int*> (__first=0x55555576e610, __last=0x55555576e930, __result=0x55555576e2e0) at /usr/include/c++/7/bits/stl_algobase.h:386
#3  0x0000555555556925 in std::__copy_move_a2<false, __gnu_cxx::__normal_iterator<int const*, std::vector<int, std::allocator<int> > >, __gnu_cxx::__normal_iterator<int*, std::vector<int, std::allocator<int> > > > (__first=1, __last=540357171, __result=1) at /usr/include/c++/7/bits/stl_algobase.h:422
#4  0x0000555555556259 in std::copy<__gnu_cxx::__normal_iterator<int const*, std::vector<int, std::allocator<int> > >, __gnu_cxx::__normal_iterator<int*, std::vector<int, std::allocator<int> > > > (__first=1, __last=540357171, __result=1) at /usr/include/c++/7/bits/stl_algobase.h:456
#5  0x0000555555555c17 in std::vector<int, std::allocator<int> >::operator= (this=0x7fffffffd970, __x=std::vector of length 200, capacity 200 = {...}) at /usr/include/c++/7/bits/vector.tcc:218
#6  0x00005555555552c9 in simulated_annealing () at knapsacksa.cpp:60
#7  0x0000555555555522 in main () at knapsacksa.cpp:85

363	../sysdeps/x86_64/multiarch/memmove-vec-unaligned-erms.S: No such file or directory.

Backtrace END
Fliping a bit of the value pointed by a pointer
Memory content before bitflip:0x330x320x350x20
Fault Model: Zero bit-flip
base address to flip value: 0x55555576e930
address max offset: 4
Memory content after  bitflip:0x000x000x000x00
frame name: std::__copy_move<false, true, std::random_access_iterator_tag>::__copy_m<int>
symbol name: __last
symbol filename: /usr/include/c++/7/bits/stl_algobase.h
symbol line: 357
value: 0x55555576e930
value address: 0x7fffffffd7e0
Type: The type is a pointer.
Type sizeof: 8

[INFO -- 2018-11-30 01:50:41]
Fault Injection Successful after 1.6001083850860596s
[INFO -- 2018-11-30 01:50:48]
event type: exit
[INFO -- 2018-11-30 01:50:48]
exit code: 0
