[INFO -- 2018-09-24 19:02:25]
Starting flip_value script
version: 1.1
[INFO -- 2018-09-24 19:02:25]
Initialization strings:
[INFO -- 2018-09-24 19:02:25]
(1) file /tmp/knapsack/ga
[INFO -- 2018-09-24 19:02:25]
initSignal:1
[INFO -- 2018-09-24 19:02:25]
endSignal:3.5
[INFO -- 2018-09-24 19:02:25]
faultModel:1
[EXCEPTION -- 2018-09-24 19:02:27]
pythonException: Unable to exit loop in struct fields; Exiting wihtout making a bit flip
[EXCEPTION -- 2018-09-24 19:02:27]
pythonException: Unable to exit loop in struct fields; Exiting wihtout making a bit flip
[INFO -- 2018-09-24 19:02:27]
Backtrace BEGIN:
#0  crossover (pai=std::vector of length 200, capacity 200 = {...}, mae=std::vector of length 200, capacity 200 = {...}, filho1=std::vector of length 0, capacity 0, filho2=std::vector of length 0, capacity 0) at knapsackga.cpp:74
#1  0x000055555555548d in genetic_algorithm () at knapsackga.cpp:104
#2  0x00005555555558d7 in main () at knapsackga.cpp:137

69	}
70	
71	void crossover(vector<int> &pai, vector<int> &mae, vector<int> &filho1, vector<int> &filho2){
72	    vector<int> mask(n);
73	    for(int i = 0; i < n; i++){
74	        mask[i] = rand_bit();
75	    }
76	    filho1 = pai;
77	    filho2 = mae;
78	    for(int i = 0; i < n; i++){

Backtrace END
Memory content before bitflip:0x310xfb0x080x00
Fault Model: Double bit-flip
base address to flip value: 0x55555575f06c 
address max offset: 4
Memory content after  bitflip:0x380xfb0x080x00
frame name: genetic_algorithm
symbol name: W
symbol filename: knapsackga.cpp
symbol line: 16
value: 588600
value address: 0x55555575f06c <W>
Type: The type is an integer type.
Type sizeof: 4

[INFO -- 2018-09-24 19:02:27]
Fault Injection Successful after 2.917004108428955s
[INFO -- 2018-09-24 19:02:29]
event type: exit
[INFO -- 2018-09-24 19:02:29]
exit code: 0
