[INFO -- 2018-12-08 14:40:15]
Starting flip_value script
version: 1.1
[INFO -- 2018-12-08 14:40:15]
Initialization strings:
[INFO -- 2018-12-08 14:40:15]
(1) file /tmp/knapsack/sa
[INFO -- 2018-12-08 14:40:15]
initSignal:0
[INFO -- 2018-12-08 14:40:15]
endSignal:9
[INFO -- 2018-12-08 14:40:15]
faultModel:2
[EXCEPTION -- 2018-12-08 14:40:18]
pythonException: empty range for randrange() (0,0, 0)
[EXCEPTION -- 2018-12-08 14:40:18]
pythonException: empty range for randrange() (0,0, 0)
[EXCEPTION -- 2018-12-08 14:40:18]
gdbException: No symbol "None" in current context.
[INFO -- 2018-12-08 14:40:19]
event type: exit
[EXCEPTION -- 2018-12-08 14:40:19]
exit code: no exit code available
