[INFO -- 2018-09-24 19:52:57]
Starting flip_value script
version: 1.1
[INFO -- 2018-09-24 19:52:57]
Initialization strings:
[INFO -- 2018-09-24 19:52:57]
(1) file /tmp/knapsack/ga
[INFO -- 2018-09-24 19:52:57]
initSignal:1
[INFO -- 2018-09-24 19:52:57]
endSignal:3.5
[INFO -- 2018-09-24 19:52:57]
faultModel:4
[EXCEPTION -- 2018-09-24 19:52:58]
pythonException: Unable to exit loop in struct fields; Exiting wihtout making a bit flip
[INFO -- 2018-09-24 19:52:58]
Backtrace BEGIN:
#0  std::move<int&> (__t=@0x555555781f58: 1) at /usr/include/c++/7/bits/move.h:98
#1  0x0000555555556372 in std::swap<int> (__a=@0x555555781f58: 1, __b=@0x555555786248: 1) at /usr/include/c++/7/bits/move.h:199
#2  0x00005555555551e7 in crossover (pai=std::vector of length 200, capacity 200 = {...}, mae=std::vector of length 200, capacity 200 = {...}, filho1=std::vector of length 200, capacity 200 = {...}, filho2=std::vector of length 200, capacity 200 = {...}) at knapsackga.cpp:80
#3  0x000055555555548d in genetic_algorithm () at knapsackga.cpp:104
#4  0x00005555555558d7 in main () at knapsackga.cpp:137

93	   *  @param  __t  A thing of arbitrary type.
94	   *  @return The parameter cast to an rvalue-reference to allow moving it.
95	  */
96	  template<typename _Tp>
97	    constexpr typename std::remove_reference<_Tp>::type&&
98	    move(_Tp&& __t) noexcept
99	    { return static_cast<typename std::remove_reference<_Tp>::type&&>(__t); }
100	
101	
102	  template<typename _Tp>

Backtrace END
Fliping a bit of the value pointed by a reference
Fliping value of field: std::_Vector_base<int, std::allocator<int> >
Fliping value of field: _M_impl
Fliping value of field: _M_end_of_storage
Fliping a bit of the value pointed by a pointer
Memory content before bitflip:0x300x030x000x00
Fault Model: LSB bit-flip
base address to flip value: 0x555555782180
address max offset: 4
Memory content after  bitflip:0x300x030x000x04
frame name: crossover
symbol name: filho1
symbol filename: knapsackga.cpp
symbol line: 71
value: std::vector of length 200, capacity 200 = {0, 1, 0, 0, 1, 1, 0, 0, 0, 0, 0, 0, 0, 1, 1, 1, 1, 0, 0, 0, 0, 0, 0, 0, 1, 0, 1, 1, 1, 0, 0, 0, 0, 1, 1, 0, 0, 1, 1, 1, 0, 0, 0, 0, 1, 0, 1, 0, 1, 0, 0, 1, 1, 0, 1, 1, 1, 0, 0, 1, 1, 1, 1, 0, 0, 0, 1, 0, 0, 0, 0, 0, 0, 0, 1, 1, 0, 0, 0, 1, 1, 0, 0, 1, 1, 0, 1, 0, 1, 0, 0, 1, 0, 0, 1, 0, 0, 0, 0, 0, 0, 1, 0, 1, 0, 1, 0, 1, 0, 0, 0, 0, 1, 1, 0, 1, 0, 0, 1, 1, 1, 0, 1, 1, 0, 0, 1, 0, 1, 1, 1, 1, 0, 0, 1, 0, 0, 1, 1, 0, 0, 0, 1, 0, 1, 0, 0, 0, 0, 1, 0, 0, 0, 1, 0, 0, 0, 1, 1, 1, 1, 0, 0, 0, 1, 0, 0, 0, 1, 0, 1, 0, 1, 0, 1, 0, 0, 0, 0, 0, 1, 0, 0, 1, 1, 0, 1, 1, 1, 0, 0, 0, 0, 0, 0, 0, 0, 0, 0, 1...}
value address: 0x7fffffffd950
Type: A reference type.
Type sizeof: 8

[INFO -- 2018-09-24 19:52:58]
Fault Injection Successful after 1.1936402320861816s
[INFO -- 2018-09-24 19:53:01]
event type: exit
[INFO -- 2018-09-24 19:53:01]
exit code: 0
