[INFO -- 2018-09-24 18:51:01]
Starting flip_value script
version: 1.1
[INFO -- 2018-09-24 18:51:01]
Initialization strings:
[INFO -- 2018-09-24 18:51:01]
(1) file /tmp/knapsack/ga
[INFO -- 2018-09-24 18:51:01]
initSignal:1
[INFO -- 2018-09-24 18:51:01]
endSignal:3.5
[INFO -- 2018-09-24 18:51:01]
faultModel:4
[INFO -- 2018-09-24 18:51:02]
Backtrace BEGIN:
#0  0x0000555555555d2a in std::vector<chromossome, std::allocator<chromossome> >::push_back (this=0x7fffffffd870, __x=...) at /usr/include/c++/7/bits/stl_vector.h:949
#1  0x000055555555502c in tournament (pop=std::vector of length 40, capacity 64 = {...}) at knapsackga.cpp:63
#2  0x0000555555555409 in genetic_algorithm () at knapsackga.cpp:102
#3  0x00005555555558d7 in main () at knapsackga.cpp:137

944					     __x);
945		    ++this->_M_impl._M_finish;
946		  }
947		else
948		  _M_realloc_insert(end(), __x);
949	      }
950	
951	#if __cplusplus >= 201103L
952	      void
953	      push_back(value_type&& __x)

Backtrace END
Memory content before bitflip:0x310xfb0x080x00
Fault Model: LSB bit-flip
base address to flip value: 0x55555575f06c 
address max offset: 4
Memory content after  bitflip:0x310xfb0x080x80
frame name: genetic_algorithm
symbol name: W
symbol filename: knapsackga.cpp
symbol line: 16
value: -2146895055
value address: 0x55555575f06c <W>
Type: The type is an integer type.
Type sizeof: 4

[INFO -- 2018-09-24 18:51:02]
Fault Injection Successful after 1.7039856910705566s
[INFO -- 2018-09-24 18:51:05]
event type: exit
[INFO -- 2018-09-24 18:51:05]
exit code: 0
