[INFO -- 2018-11-30 09:33:02]
Starting flip_value script
version: 1.1
[INFO -- 2018-11-30 09:33:02]
Initialization strings:
[INFO -- 2018-11-30 09:33:02]
(1) file /tmp/knapsack/sa
[INFO -- 2018-11-30 09:33:02]
initSignal:0
[INFO -- 2018-11-30 09:33:02]
endSignal:7
[INFO -- 2018-11-30 09:33:02]
faultModel:3
[EXCEPTION -- 2018-11-30 09:33:05]
pythonException: empty range for randrange() (0,0, 0)
[INFO -- 2018-11-30 09:33:05]
Backtrace BEGIN:
#0  0x00005555555550dd in cost (solution=std::vector of length 200, capacity 200 = {...}) at knapsacksa.cpp:28
#1  0x0000555555555259 in simulated_annealing () at knapsacksa.cpp:52
#2  0x0000555555555522 in main () at knapsacksa.cpp:85

23	}
24	
25	int cost(vector<int> &solution){
26	    int peso=0, valor=0;
27	    for(int i=0; i < n; i++){
28	       peso += solution[i] * wt[i];
29	       valor += solution[i] * val[i];
30	    }
31	    if(peso > W)
32	       return 99999999;

Backtrace END
Memory content before bitflip:0xff0xe00xf50x05
Fault Model: Zero bit-flip
base address to flip value: 0x7fffffffd958
address max offset: 4
Memory content after  bitflip:0x000x000x000x00
frame name: simulated_annealing
symbol name: c
symbol filename: knapsacksa.cpp
symbol line: 52
value: 0
value address: 0x7fffffffd958
Type: The type is an integer type.
Type sizeof: 4

[INFO -- 2018-11-30 09:33:05]
Fault Injection Successful after 3.9291489124298096s
[INFO -- 2018-11-30 09:33:10]
event type: exit
[INFO -- 2018-11-30 09:33:10]
exit code: 0
