[INFO -- 2018-12-01 03:33:05]
Starting flip_value script
version: 1.1
[INFO -- 2018-12-01 03:33:05]
Initialization strings:
[INFO -- 2018-12-01 03:33:05]
(1) file /tmp/knapsack/mf
[INFO -- 2018-12-01 03:33:05]
initSignal:0
[INFO -- 2018-12-01 03:33:05]
endSignal:12
[INFO -- 2018-12-01 03:33:05]
faultModel:4
[EXCEPTION -- 2018-12-01 03:33:07]
pythonException: Unable to exit loop in struct fields; Exiting wihtout making a bit flip
[EXCEPTION -- 2018-12-01 03:33:07]
gdbException: Cannot access memory at address 0x40055555576e2e0
[EXCEPTION -- 2018-12-01 03:33:08]
gdbException: Cannot access memory at address 0x800555555770fc0
[INFO -- 2018-12-01 03:33:08]
event type: exit
[EXCEPTION -- 2018-12-01 03:33:08]
exit code: no exit code available
