[INFO -- 2018-12-01 09:25:42]
Starting flip_value script
version: 1.1
[INFO -- 2018-12-01 09:25:42]
Initialization strings:
[INFO -- 2018-12-01 09:25:42]
(1) file /tmp/knapsack/ga
[INFO -- 2018-12-01 09:25:42]
initSignal:0
[INFO -- 2018-12-01 09:25:42]
endSignal:13
[INFO -- 2018-12-01 09:25:42]
faultModel:2
[INFO -- 2018-12-01 09:25:49]
Backtrace BEGIN:
#0  0x0000555555556d1c in std::allocator_traits<std::allocator<chromossome> >::construct<chromossome, chromossome const&> (__a=..., __p=0x4, __args#0=...) at /usr/include/c++/7/bits/alloc_traits.h:474
#1  0x0000555555556e06 in std::vector<chromossome, std::allocator<chromossome> >::_M_realloc_insert<chromossome const&> (this=0x7fffffffd800, __position={solution = std::vector of length 36, capacity 0 = {<error reading variable>, __args#0=...) at /usr/include/c++/7/bits/vector.tcc:415
#2  0x0000555555555fb8 in std::vector<chromossome, std::allocator<chromossome> >::push_back (this=0x7fffffffd800, __x=...) at /usr/include/c++/7/bits/stl_vector.h:948
#3  0x000055555555515c in tournament (pop=std::vector of length 40, capacity 64 = {...}) at knapsackga.cpp:63
#4  0x0000555555555581 in genetic_algorithm () at knapsackga.cpp:103
#5  0x0000555555555a9b in main () at knapsackga.cpp:141

469	       *
470	       *  Calls <tt> __a.construct(__p, std::forward<Args>(__args)...) </tt>
471	      */
472	      template<typename _Up, typename... _Args>
473		static void
474		construct(allocator_type& __a, _Up* __p, _Args&&... __args)
475		{ __a.construct(__p, std::forward<_Args>(__args)...); }
476	
477	      /**
478	       *  @brief  Destroy an object of type @a _Up

Backtrace END
Memory content before bitflip:0x310xfb0x080x00
Fault Model: Random bit-flip
base address to flip value: 0x55555575f17c 
address max offset: 4
Memory content after  bitflip:0x7d0xe60x9a0x87
frame name: main
symbol name: W
symbol filename: knapsackga.cpp
symbol line: 16
value: -2019891587
value address: 0x55555575f17c <W>
Type: The type is an integer type.
Type sizeof: 4

[INFO -- 2018-12-01 09:25:49]
Fault Injection Successful after 7.245108366012573s
[INFO -- 2018-12-01 09:25:55]
event type: exit
[INFO -- 2018-12-01 09:25:55]
exit code: 0
