[INFO -- 2018-09-25 09:58:10]
Starting flip_value script
version: 1.1
[INFO -- 2018-09-25 09:58:10]
Initialization strings:
[INFO -- 2018-09-25 09:58:10]
(1) file /tmp/knapsack/ga
[INFO -- 2018-09-25 09:58:10]
initSignal:1
[INFO -- 2018-09-25 09:58:10]
endSignal:3.5
[INFO -- 2018-09-25 09:58:10]
faultModel:1
[EXCEPTION -- 2018-09-25 09:58:11]
pythonException: Unable to exit loop in struct fields; Exiting wihtout making a bit flip
[EXCEPTION -- 2018-09-25 09:58:11]
pythonException: empty range for randrange() (0,0, 0)
[INFO -- 2018-09-25 09:58:12]
Backtrace BEGIN:
#0  0x0000555555555ba3 in std::vector<int, std::allocator<int> >::operator[] (this=0x7fffffffd870, __n=175) at /usr/include/c++/7/bits/stl_vector.h:798
#1  0x0000555555555147 in crossover (pai=std::vector of length 200, capacity 200 = {...}, mae=std::vector of length 200, capacity 200 = {...}, filho1=std::vector of length 0, capacity 0, filho2=std::vector of length 0, capacity 0) at knapsackga.cpp:74
#2  0x000055555555548d in genetic_algorithm () at knapsackga.cpp:104
#3  0x00005555555558d7 in main () at knapsackga.cpp:137

793	       */
794	      reference
795	      operator[](size_type __n) _GLIBCXX_NOEXCEPT
796	      {
797		__glibcxx_requires_subscript(__n);
798		return *(this->_M_impl._M_start + __n);
799	      }
800	
801	      /**
802	       *  @brief  Subscript access to the data contained in the %vector.

Backtrace END
Fliping value of field: std::_Vector_base<int, std::allocator<int> >
Fliping value of field: _M_impl
Fliping value of field: _M_finish
Fliping a bit of the value pointed by a pointer
Memory content before bitflip:0x300x030x000x00
Fault Model: Double bit-flip
base address to flip value: 0x555555786140
address max offset: 4
Memory content after  bitflip:0xa00x030x000x00
frame name: genetic_algorithm
symbol name: mae
symbol filename: knapsackga.cpp
symbol line: 101
value: std::vector of length 200, capacity 200 = {0, 1, 0, 0, 1, 1, 0, 0, 0, 0, 0, 0, 0, 1, 1, 1, 1, 0, 0, 0, 0, 0, 0, 0, 1, 0, 0, 1, 1, 0, 0, 0, 0, 1, 1, 0, 0, 1, 1, 1, 0, 0, 0, 0, 1, 0, 1, 0, 1, 0, 1, 1, 1, 0, 1, 1, 1, 0, 0, 1, 1, 0, 0, 0, 0, 0, 1, 0, 0, 0, 1, 0, 0, 0, 0, 1, 0, 0, 0, 1, 1, 0, 0, 1, 1, 0, 1, 0, 1, 0, 0, 1, 0, 0, 1, 0, 0, 0, 0, 0, 0, 1, 0, 1, 0, 1, 1, 1, 0, 0, 1, 0, 0, 1, 0, 1, 0, 0, 0, 1, 1, 0, 1, 0, 0, 0, 1, 0, 1, 1, 1, 1, 0, 0, 1, 0, 0, 0, 1, 0, 0, 0, 1, 0, 1, 0, 0, 0, 0, 1, 0, 0, 0, 1, 0, 0, 0, 1, 1, 1, 1, 0, 0, 0, 1, 0, 0, 0, 0, 1, 0, 0, 1, 0, 1, 0, 0, 0, 1, 0, 1, 0, 0, 1, 1, 0, 1, 1, 1, 1, 0, 0, 0, 0, 0, 0, 0, 0, 0, 1...}
value address: 0x7fffffffd930
Type: The type is a structure.
Type sizeof: 24
Field name: std::_Vector_base<int, std::allocator<int> >
Field Type: The type is a structure.
Field Type sizeof: 24

[INFO -- 2018-09-25 09:58:12]
Fault Injection Successful after 2.000709295272827s
[INFO -- 2018-09-25 09:58:14]
event type: exit
[INFO -- 2018-09-25 09:58:14]
exit code: 0
