[INFO -- 2018-12-09 03:14:13]
Starting flip_value script
version: 1.1
[INFO -- 2018-12-09 03:14:13]
Initialization strings:
[INFO -- 2018-12-09 03:14:13]
(1) file /tmp/knapsack/ga
[INFO -- 2018-12-09 03:14:13]
initSignal:1
[INFO -- 2018-12-09 03:14:13]
endSignal:8
[INFO -- 2018-12-09 03:14:13]
faultModel:2
[INFO -- 2018-12-09 03:14:14]
Backtrace BEGIN:
#0  0x000055555555665e in std::swap<int> (__a=@0x5555557860d0: 1, __b=@0x555555786400: 1) at /usr/include/c++/7/bits/move.h:199
#1  0x00005555555553eb in crossover (pai=std::vector of length 200, capacity 200 = {...}, mae=std::vector of length 200, capacity 200 = {...}, filho1=std::vector of length 200, capacity 200 = {...}, filho2=std::vector of length 200, capacity 200 = {...}) at knapsackga.cpp:101
#2  0x00005555555556d7 in genetic_algorithm () at knapsackga.cpp:130
#3  0x0000555555555b6c in main () at knapsackga.cpp:165

194	    {
195	      // concept requirements
196	      __glibcxx_function_requires(_SGIAssignableConcept<_Tp>)
197	
198	      _Tp __tmp = _GLIBCXX_MOVE(__a);
199	      __a = _GLIBCXX_MOVE(__b);
200	      __b = _GLIBCXX_MOVE(__tmp);
201	    }
202	
203	  // _GLIBCXX_RESOLVE_LIB_DEFECTS

Backtrace END
Fliping a bit of the value pointed by a reference
Fliping value of field: std::_Vector_base<int, std::allocator<int> >
Fliping value of field: _M_impl
Fliping value of field: _M_finish
Fliping a bit of the value pointed by a pointer
Memory content before bitflip:0x600x060x000x00
Fault Model: Random bit-flip
base address to flip value: 0x555555786870
address max offset: 4
Memory content after  bitflip:0x360xf30x350xff
frame name: crossover
symbol name: pai
symbol filename: knapsackga.cpp
symbol line: 92
value: std::vector of length 200, capacity 200 = {0, 1, 0, 0, 1, 1, 1, 0, 0, 0, 0, 0, 0, 0, 1, 1, 1, 0, 0, 0, 0, 0, 0, 1, 1, 0, 1, 1, 1, 0, 0, 0, 0, 1, 0, 0, 0, 1, 1, 1, 0, 0, 0, 0, 1, 0, 1, 0, 1, 0, 0, 1, 1, 0, 1, 1, 1, 0, 0, 1, 1, 1, 1, 0, 0, 0, 1, 0, 0, 0, 1, 0, 0, 0, 1, 1, 0, 0, 1, 1, 1, 0, 0, 1, 1, 0, 1, 0, 1, 0, 0, 1, 0, 0, 1, 0, 0, 0, 0, 0, 1, 1, 0, 1, 0, 1, 0, 1, 0, 0, 0, 0, 1, 1, 0, 1, 0, 0, 0, 1, 1, 0, 1, 1, 0, 0, 1, 0, 1, 1, 1, 1, 0, 0, 1, 0, 0, 1, 1, 0, 0, 1, 1, 0, 0, 0, 1, 0, 0, 1, 0, 0, 1, 1, 0, 0, 0, 1, 0, 1, 1, 0, 0, 0, 1, 0, 0, 0, 1, 0, 1, 0, 1, 0, 0, 0, 0, 0, 0, 0, 1, 0, 0, 1, 1, 0, 1, 1, 1, 0, 0, 0, 0, 0, 0, 0, 0, 0, 0, 1...}
value address: 0x7fffffffd8c0
Type: A reference type.
Type sizeof: 8

[INFO -- 2018-12-09 03:14:14]
Fault Injection Successful after 1.60036039352417s
[INFO -- 2018-12-09 03:14:21]
event type: exit
[INFO -- 2018-12-09 03:14:21]
exit code: 0
