[INFO -- 2018-12-08 22:16:20]
Starting flip_value script
version: 1.1
[INFO -- 2018-12-08 22:16:20]
Initialization strings:
[INFO -- 2018-12-08 22:16:20]
(1) file /tmp/knapsack/sa
[INFO -- 2018-12-08 22:16:20]
initSignal:0
[INFO -- 2018-12-08 22:16:20]
endSignal:9
[INFO -- 2018-12-08 22:16:20]
faultModel:4
[EXCEPTION -- 2018-12-08 22:16:22]
pythonException: Unable to exit loop in struct fields; Exiting wihtout making a bit flip
[EXCEPTION -- 2018-12-08 22:16:22]
pythonException: Unable to exit loop in struct fields; Exiting wihtout making a bit flip
[EXCEPTION -- 2018-12-08 22:16:26]
pythonException: Unable to exit loop in struct fields; Exiting wihtout making a bit flip
[INFO -- 2018-12-08 22:16:26]
Backtrace BEGIN:
#0  cost (solution=std::vector of length 200, capacity 200 = {...}) at knapsacksa.cpp:61
#1  0x000055555555534c in simulated_annealing () at knapsacksa.cpp:92
#2  0x0000555555555658 in main () at knapsacksa.cpp:146

56	    int peso=0, peso2=0, valor=0, valor2=0;
57	    for(int i=0; i < n; i++){
58	        peso += solution[i] * wt[i];
59	        valor += solution[i] * val[i];
60	    }
61	    for(int i=0; i < n; i++){
62	        peso2 += solution[i] * wt2[i];
63	        valor2 += solution[i] * val2[i];
64	    }
65	    if(peso != peso2 || valor != valor2){

Backtrace END
Memory content before bitflip:0x000x000x000x00
Fault Model: LSB bit-flip
base address to flip value: 0x7fffffffd710
address max offset: 4
Memory content after  bitflip:0x000x000x000x10
frame name: simulated_annealing
symbol name: temp2
symbol filename: knapsacksa.cpp
symbol line: 84
value: 268435456
value address: 0x7fffffffd710
Type: The type is an integer type.
Type sizeof: 4

[INFO -- 2018-12-08 22:16:26]
Fault Injection Successful after 6.609050989151001s
[INFO -- 2018-12-08 22:16:26]
event type: exit
[INFO -- 2018-12-08 22:16:26]
exit code: 0
