[INFO -- 2018-12-08 20:02:21]
Starting flip_value script
version: 1.1
[INFO -- 2018-12-08 20:02:21]
Initialization strings:
[INFO -- 2018-12-08 20:02:21]
(1) file /tmp/knapsack/ga
[INFO -- 2018-12-08 20:02:21]
initSignal:1
[INFO -- 2018-12-08 20:02:21]
endSignal:8
[INFO -- 2018-12-08 20:02:21]
faultModel:1
[INFO -- 2018-12-08 20:02:26]
Backtrace BEGIN:
#0  0x0000555555556cac in std::_Vector_base<chromossome, std::allocator<chromossome> >::_Vector_base (this=0x7fffffffd820) at /usr/include/c++/7/bits/stl_vector.h:127
#1  0x0000555555555f32 in std::vector<chromossome, std::allocator<chromossome> >::vector (this=0x7fffffffd820) at /usr/include/c++/7/bits/stl_vector.h:263
#2  0x00005555555551eb in tournament (pop=std::vector of length 40, capacity 64 = {...}) at knapsackga.cpp:80
#3  0x0000555555555653 in genetic_algorithm () at knapsackga.cpp:128
#4  0x0000555555555b6c in main () at knapsackga.cpp:165

122	      allocator_type
123	      get_allocator() const _GLIBCXX_NOEXCEPT
124	      { return allocator_type(_M_get_Tp_allocator()); }
125	
126	      _Vector_base()
127	      : _M_impl() { }
128	
129	      _Vector_base(const allocator_type& __a) _GLIBCXX_NOEXCEPT
130	      : _M_impl(__a) { }
131	

Backtrace END
Fliping value of field: std::_Vector_base<int, std::allocator<int> >
Fliping value of field: _M_impl
Fliping value of field: _M_finish
Fliping a bit of the pointer
Memory content before bitflip:0x700x770x770x550x550x550x000x00
Fault Model: Double bit-flip
base address to flip value: 0x55555575f038 
address max offset: 8
Memory content after  bitflip:0x100x770x770x550x550x550x000x00
frame name: std::vector<chromossome, std::allocator<chromossome> >::vector
symbol name: val
symbol filename: knapsackga.cpp
symbol line: 14
value: std::vector of length 176, capacity 256 = {9561, 9479, 566, 849, 8355, 7360, 6698, 3082, 6060, 6069, 5813, 1584, 4307, 3936, 7231, 9949, 9494, 5442, 4449, 2683, 360, 275, 4649, 3185, 3801, 8918, 5258, 5606, 2362, 239, 3252, 1367, 5103, 9987, 6745, 1819, 8936, 7968, 7345, 9066, 7629, 7898, 3538, 9810, 9620, 1612, 7541, 7152, 4615, 5304, 4901, 9249, 5009, 8316, 3540, 8829, 8998, 4611, 5678, 9204, 7238, 4867, 2219, 3247, 6996, 1661, 9080, 2682, 9114, 3096, 9574, 7063, 5043, 5178, 6515, 5880, 3119, 2079, 5119, 9342, 6233, 754, 8204, 7260, 9077, 1915, 7448, 588, 6530, 2731, 2267, 8755, 1063, 5224, 8540, 2449, 2105, 8806, 4230, 7170, 319, 3624, 1719, 6728, 830, 9546, 254, 7295, 212, 2557, 8134, 1572, 1838, 6915, 3856, 432, 9901, 1515, 363, 3443, 6153, 7425, 1132, 3373, 309, 4487, 7660, 7400, 9021, 7557, 8625, 7054, 4728, 2256, 6609, 3164, 1021, 4479, 8748, 1276, 5850, 3930, 5149, 1439, 9598, 2591, 6061, 4198, 181, 5580, 1406, 568, 336, 1612, 959, 6351, 5083, 9835, 9342, 9946, 2325, 4447, 2508, 5913, 6242, 8003, 7095, 2567, 4231, 5262, 49, 355, 4088, 1112, 7238, 2409}
value address: 0x55555575f030 <val>
Type: The type is a structure.
Type sizeof: 24
Field name: std::_Vector_base<int, std::allocator<int> >
Field Type: The type is a structure.
Field Type sizeof: 24

[INFO -- 2018-12-08 20:02:26]
Fault Injection Successful after 5.356925964355469s
[INFO -- 2018-12-08 20:02:29]
event type: exit
[INFO -- 2018-12-08 20:02:29]
exit code: 0
