[INFO -- 2018-09-23 21:52:10]
Starting flip_value script
version: 1.1
[INFO -- 2018-09-23 21:52:10]
Initialization strings:
[INFO -- 2018-09-23 21:52:10]
(1) file /tmp/knapsack/sa
[INFO -- 2018-09-23 21:52:10]
initSignal:0
[INFO -- 2018-09-23 21:52:10]
endSignal:2
[INFO -- 2018-09-23 21:52:10]
faultModel:0
[INFO -- 2018-09-23 21:52:10]
Backtrace BEGIN:
#0  dl_main (phdr=<optimized out>, phnum=<optimized out>, user_entry=<optimized out>, auxv=<optimized out>) at rtld.c:2286
#1  0x00007ffff7df015a in _dl_sysdep_start (start_argptr=start_argptr@entry=0x7fffffffdf50, dl_main=dl_main@entry=0x7ffff7dd73d0 <dl_main>) at ../elf/dl-sysdep.c:253
#2  0x00007ffff7dd6e88 in _dl_start_final (arg=0x7fffffffdf50) at rtld.c:414
#3  _dl_start (arg=0x7fffffffdf50) at rtld.c:520
#4  0x00007ffff7dd5ea8 in _start () from /lib64/ld-linux-x86-64.so.2
#5  0x0000000000000001 in ?? ()
#6  0x00007fffffffe2ce in ?? ()
#7  0x0000000000000000 in ?? ()

2281	rtld.c: No such file or directory.

Backtrace END
Memory content before bitflip:0xfa0x940xd30xfb0xad0x6a0xb00xe0
Fault Model: Single bit-flip
base address to flip value: 0x7ffff7ffc8b0 
address max offset: 8
Memory content after  bitflip:0xfa0x940xd30xfb0xaf0x6a0xb00xe0
frame name: _dl_start_final
symbol name: __pointer_chk_guard_local
symbol filename: rtld.c
symbol line: 96
value: 16190557964473701626
value address: 0x7ffff7ffc8b0 <__pointer_chk_guard_local>
Type: The type is an integer type.
Type sizeof: 8

[INFO -- 2018-09-23 21:52:10]
Fault Injection Successful after 0.5012490749359131s
[INFO -- 2018-09-23 21:52:12]
event type: exit
[INFO -- 2018-09-23 21:52:12]
exit code: 0
