[INFO -- 2018-09-21 20:53:36]
Starting flip_value script
version: 1.1
[INFO -- 2018-09-21 20:53:36]
Initialization strings:
[INFO -- 2018-09-21 20:53:36]
(1) file /tmp/knapsack/dp
[INFO -- 2018-09-21 20:53:36]
initSignal:1
[INFO -- 2018-09-21 20:53:36]
endSignal:3
[INFO -- 2018-09-21 20:53:36]
faultModel:2
[EXCEPTION -- 2018-09-21 20:53:37]
pythonException: empty range for randrange() (0,0, 0)
[EXCEPTION -- 2018-09-21 20:53:38]
gdbException: Cannot access memory at address 0x81542404e4aeedc1
[EXCEPTION -- 2018-09-21 20:53:38]
gdbException: Cannot access memory at address 0x67028fc6bbd401a9
[INFO -- 2018-09-21 20:53:38]
event type: exit
[EXCEPTION -- 2018-09-21 20:53:38]
exit code: no exit code available
