[INFO -- 2018-09-21 21:51:09]
Starting flip_value script
version: 1.1
[INFO -- 2018-09-21 21:51:09]
Initialization strings:
[INFO -- 2018-09-21 21:51:09]
(1) file /tmp/knapsack/dp
[INFO -- 2018-09-21 21:51:09]
initSignal:1
[INFO -- 2018-09-21 21:51:09]
endSignal:3
[INFO -- 2018-09-21 21:51:09]
faultModel:2
[INFO -- 2018-09-21 21:51:10]
Backtrace BEGIN:
#0  0x0000555555555181 in knapSack (W=588593, n=200, val=std::vector of length 200, capacity 256 = {...}, wt=std::vector of length 200, capacity 256 = {...}) at knapsackdp.cpp:19
#1  0x0000555555555375 in main () at knapsackdp.cpp:54

14		vector<vector<int>> V(n+1);
15	        for(int i = 0; i <= n; i++)
16	            V[i] = vector<int>(W+1);
17	
18	        for(int i=0; i <= n; i++){
19	            for(int w=0; w <= W; w++){
20	                if(i == 0 || w == 0)
21	                    V[i][w] = 0;
22	                else if(w >= wt[i-1]){
23	                    if(val[i-1] + V[i-1][w - wt[i-1]] > V[i-1][w]){

Backtrace END
Memory content before bitflip:0x9e0x6b0x000x00
Fault Model: Random bit-flip
base address to flip value: 0x7fffffffd97c
address max offset: 4
Memory content after  bitflip:0xaf0x200xc80x27
frame name: knapSack
symbol name: w
symbol filename: knapsackdp.cpp
symbol line: 19
value: 667426991
value address: 0x7fffffffd97c
Type: The type is an integer type.
Type sizeof: 4

[INFO -- 2018-09-21 21:51:10]
Fault Injection Successful after 1.3549723625183105s
[INFO -- 2018-09-21 21:51:12]
event type: exit
[INFO -- 2018-09-21 21:51:12]
exit code: 0
