[INFO -- 2018-12-02 04:56:21]
Starting flip_value script
version: 1.1
[INFO -- 2018-12-02 04:56:21]
Initialization strings:
[INFO -- 2018-12-02 04:56:21]
(1) file /tmp/knapsack/ga
[INFO -- 2018-12-02 04:56:21]
initSignal:0
[INFO -- 2018-12-02 04:56:21]
endSignal:13
[INFO -- 2018-12-02 04:56:21]
faultModel:4
[EXCEPTION -- 2018-12-02 04:56:23]
gdbException: Cannot access memory at address 0x0
[INFO -- 2018-12-02 04:56:23]
Backtrace BEGIN:
#0  0x000055555555b12a in std::operator==<chromossome*> (__x=..., __y=...) at /usr/include/c++/7/bits/stl_iterator.h:1126
#1  0x000055555555acb0 in std::operator!=<chromossome*> (__x=..., __y=...) at /usr/include/c++/7/bits/stl_iterator.h:1138
#2  0x000055555555a642 in std::__uninitialized_copy<false>::__uninit_copy<std::move_iterator<chromossome*>, chromossome*> (__first=..., __last=..., __result=0x5555557763f0) at /usr/include/c++/7/bits/stl_uninitialized.h:82
#3  0x0000555555559ced in std::uninitialized_copy<std::move_iterator<chromossome*>, chromossome*> (__first=..., __last=..., __result=0x5555557763f0) at /usr/include/c++/7/bits/stl_uninitialized.h:134
#4  0x00005555555592a8 in std::__uninitialized_copy_a<std::move_iterator<chromossome*>, chromossome*, chromossome> (__first=..., __last=..., __result=0x5555557763f0) at /usr/include/c++/7/bits/stl_uninitialized.h:289
#5  0x0000555555558351 in std::__uninitialized_move_if_noexcept_a<chromossome*, chromossome*, std::allocator<chromossome> > (__first=0x5555557763a0, __last=0x5555557763a0, __result=0x5555557763f0, __alloc=...) at /usr/include/c++/7/bits/stl_uninitialized.h:312
#6  0x0000555555556e83 in std::vector<chromossome, std::allocator<chromossome> >::_M_realloc_insert<chromossome const&> (this=0x7fffffffd8d0, __position={solution = std::vector of length 20, capacity 23456248631200 = {<error reading variable>, __args#0=...) at /usr/include/c++/7/bits/vector.tcc:431
#7  0x0000555555555fb8 in std::vector<chromossome, std::allocator<chromossome> >::push_back (this=0x7fffffffd8d0, __x=...) at /usr/include/c++/7/bits/stl_vector.h:948
#8  0x000055555555515c in tournament (pop=std::vector of length 40, capacity 64 = {...}) at knapsackga.cpp:63
#9  0x0000555555555543 in genetic_algorithm () at knapsackga.cpp:102
#10 0x0000555555555a9b in main () at knapsackga.cpp:141

1121	
1122	  template<typename _Iterator>
1123	    inline _GLIBCXX17_CONSTEXPR bool
1124	    operator==(const move_iterator<_Iterator>& __x,
1125		       const move_iterator<_Iterator>& __y)
1126	    { return __x.base() == __y.base(); }
1127	
1128	  template<typename _IteratorL, typename _IteratorR>
1129	    inline _GLIBCXX17_CONSTEXPR bool
1130	    operator!=(const move_iterator<_IteratorL>& __x,

Backtrace END
Memory content before bitflip:0x850x390xf80xff
Fault Model: LSB bit-flip
base address to flip value: 0x7fffffffd920
address max offset: 4
Memory content after  bitflip:0x850x390xf80x7f
frame name: genetic_algorithm
symbol name: best
symbol filename: knapsackga.cpp
symbol line: 92
value: 2146974085
value address: 0x7fffffffd920
Type: The type is an integer type.
Type sizeof: 4

[INFO -- 2018-12-02 04:56:23]
Fault Injection Successful after 2.3691163063049316s
[INFO -- 2018-12-02 04:56:34]
event type: exit
[INFO -- 2018-12-02 04:56:34]
exit code: 0
