[INFO -- 2018-12-07 23:28:58]
Starting flip_value script
version: 1.1
[INFO -- 2018-12-07 23:28:58]
Initialization strings:
[INFO -- 2018-12-07 23:28:58]
(1) file /tmp/knapsack/ga
[INFO -- 2018-12-07 23:28:58]
initSignal:1
[INFO -- 2018-12-07 23:28:58]
endSignal:8
[INFO -- 2018-12-07 23:28:58]
faultModel:4
[INFO -- 2018-12-07 23:29:00]
Backtrace BEGIN:
#0  std::move_iterator<chromossome*>::operator++ (this=0x555555776560) at /usr/include/c++/7/bits/stl_iterator.h:1057
#1  0x000055555555a6d4 in std::__uninitialized_copy<false>::__uninit_copy<std::move_iterator<chromossome*>, chromossome*> (__first=..., __last=..., __result=0x555555776740) at /usr/include/c++/7/bits/stl_uninitialized.h:82
#2  0x0000555555559d49 in std::uninitialized_copy<std::move_iterator<chromossome*>, chromossome*> (__first=..., __last=..., __result=0x555555776740) at /usr/include/c++/7/bits/stl_uninitialized.h:134
#3  0x0000555555559304 in std::__uninitialized_copy_a<std::move_iterator<chromossome*>, chromossome*, chromossome> (__first=..., __last=..., __result=0x555555776740) at /usr/include/c++/7/bits/stl_uninitialized.h:289
#4  0x0000555555558367 in std::__uninitialized_move_if_noexcept_a<chromossome*, chromossome*, std::allocator<chromossome> > (__first=0x555555776540, __last=0x555555776580, __result=0x555555776740, __alloc=...) at /usr/include/c++/7/bits/stl_uninitialized.h:312
#5  0x0000555555556e76 in std::vector<chromossome, std::allocator<chromossome> >::_M_realloc_insert<chromossome const&> (this=0x7fffffffd820, __position={solution = std::vector of length 36, capacity 0 = {<error reading variable>, __args#0=...) at /usr/include/c++/7/bits/vector.tcc:424
#6  0x0000555555556012 in std::vector<chromossome, std::allocator<chromossome> >::push_back (this=0x7fffffffd820, __x=...) at /usr/include/c++/7/bits/stl_vector.h:948
#7  0x0000555555555230 in tournament (pop=std::vector of length 40, capacity 64 = {...}) at knapsackga.cpp:84
#8  0x0000555555555653 in genetic_algorithm () at knapsackga.cpp:128
#9  0x0000555555555b6c in main () at knapsackga.cpp:165

1052	      _GLIBCXX17_CONSTEXPR pointer
1053	      operator->() const
1054	      { return _M_current; }
1055	
1056	      _GLIBCXX17_CONSTEXPR move_iterator&
1057	      operator++()
1058	      {
1059		++_M_current;
1060		return *this;
1061	      }

Backtrace END
Fliping value of field: fitness
Memory content before bitflip:0xff0xe00xf50x05
Fault Model: LSB bit-flip
base address to flip value: 0x7fffffffd9b8
address max offset: 4
Memory content after  bitflip:0xff0xe00xf50x25
frame name: genetic_algorithm
symbol name: f2
symbol filename: knapsackga.cpp
symbol line: 131
value: {solution = std::vector of length 200, capacity 200 = {0, 0, 0, 0, 1, 1, 0, 0, 0, 0, 0, 0, 0, 1, 1, 1, 1, 0, 0, 0, 0, 0, 0, 0, 1, 0, 0, 1, 1, 0, 0, 0, 0, 1, 1, 0, 0, 1, 1, 1, 0, 0, 0, 0, 1, 0, 1, 0, 1, 0, 0, 1, 1, 0, 1, 1, 1, 0, 0, 1, 1, 1, 1, 0, 0, 0, 1, 0, 0, 0, 0, 0, 0, 0, 1, 1, 0, 0, 0, 1, 1, 0, 0, 1, 1, 0, 1, 0, 1, 0, 0, 1, 0, 0, 1, 0, 0, 0, 0, 0, 0, 1, 0, 1, 0, 1, 0, 1, 0, 0, 0, 0, 1, 1, 0, 1, 0, 0, 1, 1, 1, 0, 1, 1, 0, 0, 1, 0, 1, 1, 1, 1, 0, 0, 1, 0, 0, 1, 1, 0, 0, 0, 1, 0, 1, 0, 0, 0, 0, 1, 0, 0, 0, 1, 0, 0, 0, 1, 1, 1, 1, 0, 0, 0, 1, 0, 0, 0, 1, 1, 1, 0, 1, 0, 1, 0, 0, 0, 0, 0, 1, 0, 0, 1, 1, 0, 1, 1, 1, 0, 0, 0, 0, 0, 0, 0, 0, 0, 0, 1...}, fitness = 636870911}
value address: 0x7fffffffd9a0
Type: The type is a structure.
Type sizeof: 32
Field name: solution
Field Type: The type is a structure.
Field Type sizeof: 24
Field name: fitness
Field Type: The type is an integer type.
Field Type sizeof: 4

[INFO -- 2018-12-07 23:29:00]
Fault Injection Successful after 2.9355223178863525s
[INFO -- 2018-12-07 23:29:06]
event type: exit
[INFO -- 2018-12-07 23:29:06]
exit code: 0
