[INFO -- 2018-12-01 11:39:44]
Starting flip_value script
version: 1.1
[INFO -- 2018-12-01 11:39:44]
Initialization strings:
[INFO -- 2018-12-01 11:39:44]
(1) file /tmp/knapsack/ga
[INFO -- 2018-12-01 11:39:44]
initSignal:0
[INFO -- 2018-12-01 11:39:44]
endSignal:13
[INFO -- 2018-12-01 11:39:44]
faultModel:1
[INFO -- 2018-12-01 11:39:44]
Backtrace BEGIN:
#0  0x000055555555ab6f in std::fill_n<int*, unsigned long, int> (__first=0x5555557841b0, __n=200, __value=@0x7fffffffd6f4: 0) at /usr/include/c++/7/bits/stl_algobase.h:790
#1  0x000055555555a2a8 in std::__uninitialized_default_n_1<true>::__uninit_default_n<int*, unsigned long> (__first=0x5555557841b0, __n=200) at /usr/include/c++/7/bits/stl_uninitialized.h:548
#2  0x00005555555597c8 in std::__uninitialized_default_n<int*, unsigned long> (__first=0x5555557841b0, __n=200) at /usr/include/c++/7/bits/stl_uninitialized.h:583
#3  0x0000555555558779 in std::__uninitialized_default_n_a<int*, unsigned long, int> (__first=0x5555557841b0, __n=200) at /usr/include/c++/7/bits/stl_uninitialized.h:645
#4  0x00005555555572c3 in std::vector<int, std::allocator<int> >::_M_default_initialize (this=0x7fffffffd800, __n=200) at /usr/include/c++/7/bits/stl_vector.h:1347
#5  0x000055555555627b in std::vector<int, std::allocator<int> >::vector (this=0x7fffffffd800, __n=200, __a=...) at /usr/include/c++/7/bits/stl_vector.h:285
#6  0x0000555555555244 in crossover (pai=std::vector of length 200, capacity 200 = {...}, mae=std::vector of length 200, capacity 200 = {...}, filho1=std::vector of length 0, capacity 0, filho2=std::vector of length 0, capacity 0) at knapsackga.cpp:72
#7  0x00005555555555c7 in genetic_algorithm () at knapsackga.cpp:104
#8  0x0000555555555a9b in main () at knapsackga.cpp:141

785	    {
786	      // concept requirements
787	      __glibcxx_function_requires(_OutputIteratorConcept<_OI, _Tp>)
788	
789	      return _OI(std::__fill_n_a(std::__niter_base(__first), __n, __value));
790	    }
791	
792	  template<bool _BoolType>
793	    struct __equal
794	    {

Backtrace END
Memory content before bitflip:0x310xfb0x080x00
Fault Model: Double bit-flip
base address to flip value: 0x55555575f17c 
address max offset: 4
Memory content after  bitflip:0x310xf10x080x00
frame name: std::__uninitialized_default_n_a<int*, unsigned long, int>
symbol name: W
symbol filename: knapsackga.cpp
symbol line: 16
value: 586033
value address: 0x55555575f17c <W>
Type: The type is an integer type.
Type sizeof: 4

[INFO -- 2018-12-01 11:39:44]
Fault Injection Successful after 0.8215138912200928s
[INFO -- 2018-12-01 11:39:57]
event type: exit
[INFO -- 2018-12-01 11:39:57]
exit code: 0
