[INFO -- 2018-09-23 20:17:34]
Starting flip_value script
version: 1.1
[INFO -- 2018-09-23 20:17:34]
Initialization strings:
[INFO -- 2018-09-23 20:17:34]
(1) file /tmp/knapsack/sa
[INFO -- 2018-09-23 20:17:34]
initSignal:0
[INFO -- 2018-09-23 20:17:34]
endSignal:2
[INFO -- 2018-09-23 20:17:34]
faultModel:1
[INFO -- 2018-09-23 20:17:35]
Backtrace BEGIN:
#0  std::vector<int, std::allocator<int> >::operator[] (this=0x7fffffffda00, __n=184) at /usr/include/c++/7/bits/stl_vector.h:798
#1  0x0000555555554fc8 in cost (solution=std::vector of length 200, capacity 200 = {...}) at knapsacksa.cpp:29
#2  0x000055555555511f in simulated_annealing () at knapsacksa.cpp:50
#3  0x000055555555535e in main () at knapsacksa.cpp:84

793	       */
794	      reference
795	      operator[](size_type __n) _GLIBCXX_NOEXCEPT
796	      {
797		__glibcxx_requires_subscript(__n);
798		return *(this->_M_impl._M_start + __n);
799	      }
800	
801	      /**
802	       *  @brief  Subscript access to the data contained in the %vector.

Backtrace END
Memory content before bitflip:0x350xaf0xf80xff
Fault Model: Double bit-flip
base address to flip value: 0x7fffffffd9c8
address max offset: 4
Memory content after  bitflip:0x350xaf0xf80x77
frame name: simulated_annealing
symbol name: c
symbol filename: knapsacksa.cpp
symbol line: 50
value: 2012786485
value address: 0x7fffffffd9c8
Type: The type is an integer type.
Type sizeof: 4

[INFO -- 2018-09-23 20:17:35]
Fault Injection Successful after 1.7151238918304443s
[INFO -- 2018-09-23 20:17:36]
event type: exit
[INFO -- 2018-09-23 20:17:36]
exit code: 0
