[INFO -- 2018-12-09 02:39:10]
Starting flip_value script
version: 1.1
[INFO -- 2018-12-09 02:39:10]
Initialization strings:
[INFO -- 2018-12-09 02:39:10]
(1) file /tmp/knapsack/ga
[INFO -- 2018-12-09 02:39:10]
initSignal:1
[INFO -- 2018-12-09 02:39:10]
endSignal:8
[INFO -- 2018-12-09 02:39:10]
faultModel:1
[EXCEPTION -- 2018-12-09 02:39:14]
pythonException: Unable to exit loop in struct fields; Exiting wihtout making a bit flip
[INFO -- 2018-12-09 02:39:14]
Backtrace BEGIN:
#0  std::vector<int, std::allocator<int> >::operator[] (this=0x55555578af10, __n=6) at /usr/include/c++/7/bits/stl_vector.h:798
#1  0x000055555555512c in cost (solution=std::vector of length 200, capacity 200 = {...}) at knapsackga.cpp:45
#2  0x000055555555589e in genetic_algorithm () at knapsackga.cpp:138
#3  0x0000555555555b6c in main () at knapsackga.cpp:165

793	       */
794	      reference
795	      operator[](size_type __n) _GLIBCXX_NOEXCEPT
796	      {
797		__glibcxx_requires_subscript(__n);
798		return *(this->_M_impl._M_start + __n);
799	      }
800	
801	      /**
802	       *  @brief  Subscript access to the data contained in the %vector.

Backtrace END
Memory content before bitflip:0xc80x000x000x00
Fault Model: Double bit-flip
base address to flip value: 0x55555575f0a8 
address max offset: 4
Memory content after  bitflip:0xc20x000x000x00
frame name: std::vector<int, std::allocator<int> >::operator[]
symbol name: n
symbol filename: knapsackga.cpp
symbol line: 18
value: 194
value address: 0x55555575f0a8 <n>
Type: The type is an integer type.
Type sizeof: 4

[INFO -- 2018-12-09 02:39:14]
Fault Injection Successful after 4.380580186843872s
[INFO -- 2018-12-09 02:39:14]
event type: exit
[INFO -- 2018-12-09 02:39:14]
exit code: 0
