[INFO -- 2018-09-21 21:17:46]
Starting flip_value script
version: 1.1
[INFO -- 2018-09-21 21:17:46]
Initialization strings:
[INFO -- 2018-09-21 21:17:46]
(1) file /tmp/knapsack/dp
[INFO -- 2018-09-21 21:17:46]
initSignal:1
[INFO -- 2018-09-21 21:17:46]
endSignal:3
[INFO -- 2018-09-21 21:17:46]
faultModel:2
[EXCEPTION -- 2018-09-21 21:17:47]
pythonException: Unable to exit loop in struct fields; Exiting wihtout making a bit flip
[EXCEPTION -- 2018-09-21 21:17:47]
gdbException: Cannot access memory at address 0xc79caaec0285ad92
[EXCEPTION -- 2018-09-21 21:17:47]
pythonException: Unable to exit loop in struct fields; Exiting wihtout making a bit flip
[INFO -- 2018-09-21 21:17:47]
event type: exit
[EXCEPTION -- 2018-09-21 21:17:47]
exit code: no exit code available
