[INFO -- 2018-12-01 11:45:29]
Starting flip_value script
version: 1.1
[INFO -- 2018-12-01 11:45:29]
Initialization strings:
[INFO -- 2018-12-01 11:45:29]
(1) file /tmp/knapsack/ga
[INFO -- 2018-12-01 11:45:29]
initSignal:0
[INFO -- 2018-12-01 11:45:29]
endSignal:13
[INFO -- 2018-12-01 11:45:29]
faultModel:3
[INFO -- 2018-12-01 11:45:30]
Backtrace BEGIN:
#0  0x0000555555558695 in std::move<std::allocator<int>&> (__t=...) at /usr/include/c++/7/bits/move.h:98
#1  0x000055555555724f in std::_Vector_base<int, std::allocator<int> >::_Vector_base (this=0x555555776400, __x=...) at /usr/include/c++/7/bits/stl_vector.h:145
#2  0x00005555555561fc in std::vector<int, std::allocator<int> >::vector (this=0x555555776400, __x=...) at /usr/include/c++/7/bits/stl_vector.h:345
#3  0x000055555555948d in chromossome::chromossome (this=0x555555776400) at knapsackga.cpp:42
#4  0x000055555555ad28 in std::_Construct<chromossome, chromossome> (__p=0x555555776400, __args#0=...) at /usr/include/c++/7/bits/stl_construct.h:75
#5  0x000055555555a66c in std::__uninitialized_copy<false>::__uninit_copy<std::move_iterator<chromossome*>, chromossome*> (__first=..., __last=..., __result=0x555555776400) at /usr/include/c++/7/bits/stl_uninitialized.h:83
#6  0x0000555555559ced in std::uninitialized_copy<std::move_iterator<chromossome*>, chromossome*> (__first=..., __last=..., __result=0x555555776400) at /usr/include/c++/7/bits/stl_uninitialized.h:134
#7  0x00005555555592a8 in std::__uninitialized_copy_a<std::move_iterator<chromossome*>, chromossome*, chromossome> (__first=..., __last=..., __result=0x555555776400) at /usr/include/c++/7/bits/stl_uninitialized.h:289
#8  0x0000555555558351 in std::__uninitialized_move_if_noexcept_a<chromossome*, chromossome*, std::allocator<chromossome> > (__first=0x555555776380, __last=0x5555557763a0, __result=0x555555776400, __alloc=...) at /usr/include/c++/7/bits/stl_uninitialized.h:312
#9  0x0000555555556e42 in std::vector<chromossome, std::allocator<chromossome> >::_M_realloc_insert<chromossome const&> (this=0x7fffffffd800, __position={solution = std::vector of length 20, capacity 0 = {<error reading variable>, __args#0=...) at /usr/include/c++/7/bits/vector.tcc:424
#10 0x0000555555555fb8 in std::vector<chromossome, std::allocator<chromossome> >::push_back (this=0x7fffffffd800, __x=...) at /usr/include/c++/7/bits/stl_vector.h:948
#11 0x000055555555515c in tournament (pop=std::vector of length 40, capacity 64 = {...}) at knapsackga.cpp:63
#12 0x0000555555555543 in genetic_algorithm () at knapsackga.cpp:102
#13 0x0000555555555a9b in main () at knapsackga.cpp:141

93	   *  @param  __t  A thing of arbitrary type.
94	   *  @return The parameter cast to an rvalue-reference to allow moving it.
95	  */
96	  template<typename _Tp>
97	    constexpr typename std::remove_reference<_Tp>::type&&
98	    move(_Tp&& __t) noexcept
99	    { return static_cast<typename std::remove_reference<_Tp>::type&&>(__t); }
100	
101	
102	  template<typename _Tp>

Backtrace END
Memory content before bitflip:0x310xfb0x080x00
Fault Model: Zero bit-flip
base address to flip value: 0x55555575f17c 
address max offset: 4
Memory content after  bitflip:0x000x000x000x00
frame name: main
symbol name: W
symbol filename: knapsackga.cpp
symbol line: 16
value: 0
value address: 0x55555575f17c <W>
Type: The type is an integer type.
Type sizeof: 4

[INFO -- 2018-12-01 11:45:30]
Fault Injection Successful after 1.8556115627288818s
[INFO -- 2018-12-01 11:45:41]
event type: exit
[INFO -- 2018-12-01 11:45:41]
exit code: 0
