[INFO -- 2018-09-23 15:27:23]
Starting flip_value script
version: 1.1
[INFO -- 2018-09-23 15:27:23]
Initialization strings:
[INFO -- 2018-09-23 15:27:23]
(1) file /tmp/knapsack/sa
[INFO -- 2018-09-23 15:27:23]
initSignal:0
[INFO -- 2018-09-23 15:27:23]
endSignal:2
[INFO -- 2018-09-23 15:27:23]
faultModel:0
[EXCEPTION -- 2018-09-23 15:27:24]
pythonException: empty range for randrange() (0,0, 0)
[INFO -- 2018-09-23 15:27:24]
Backtrace BEGIN:
#0  0x0000555555555508 in std::vector<int, std::allocator<int> >::operator[] (this=0x7fffffffda30, __n=195) at /usr/include/c++/7/bits/stl_vector.h:795
#1  0x0000555555554f95 in cost (solution=std::vector of length 200, capacity 200 = {...}) at knapsacksa.cpp:28
#2  0x000055555555511f in simulated_annealing () at knapsacksa.cpp:50
#3  0x000055555555535e in main () at knapsacksa.cpp:84

790	       *  Note that data access with this operator is unchecked and
791	       *  out_of_range lookups are not defined. (For checked lookups
792	       *  see at().)
793	       */
794	      reference
795	      operator[](size_type __n) _GLIBCXX_NOEXCEPT
796	      {
797		__glibcxx_requires_subscript(__n);
798		return *(this->_M_impl._M_start + __n);
799	      }

Backtrace END
Memory content before bitflip:0xdb0x070x010x00
Fault Model: Single bit-flip
base address to flip value: 0x7fffffffda0c
address max offset: 4
Memory content after  bitflip:0xdb0x270x010x00
frame name: simulated_annealing
symbol name: delta
symbol filename: knapsacksa.cpp
symbol line: 51
value: 75739
value address: 0x7fffffffda0c
Type: The type is an integer type.
Type sizeof: 4

[INFO -- 2018-09-23 15:27:24]
Fault Injection Successful after 1.3962743282318115s
[INFO -- 2018-09-23 15:27:26]
event type: exit
[INFO -- 2018-09-23 15:27:26]
exit code: 0
