[INFO -- 2018-09-25 04:57:57]
Starting flip_value script
version: 1.1
[INFO -- 2018-09-25 04:57:57]
Initialization strings:
[INFO -- 2018-09-25 04:57:57]
(1) file /tmp/knapsack/ga
[INFO -- 2018-09-25 04:57:57]
initSignal:1
[INFO -- 2018-09-25 04:57:57]
endSignal:3.5
[INFO -- 2018-09-25 04:57:57]
faultModel:0
[EXCEPTION -- 2018-09-25 04:57:59]
pythonException: Unable to exit loop in struct fields; Exiting wihtout making a bit flip
[INFO -- 2018-09-25 04:58:00]
Backtrace BEGIN:
#0  0x0000555555555ba3 in std::vector<int, std::allocator<int> >::operator[] (this=0x55555578a010, __n=180) at /usr/include/c++/7/bits/stl_vector.h:798
#1  0x0000555555554f0a in cost (solution=std::vector of length 200, capacity 200 = {...}) at knapsackga.cpp:26
#2  0x0000555555555654 in genetic_algorithm () at knapsackga.cpp:112
#3  0x00005555555558d7 in main () at knapsackga.cpp:137

793	       */
794	      reference
795	      operator[](size_type __n) _GLIBCXX_NOEXCEPT
796	      {
797		__glibcxx_requires_subscript(__n);
798		return *(this->_M_impl._M_start + __n);
799	      }
800	
801	      /**
802	       *  @brief  Subscript access to the data contained in the %vector.

Backtrace END
Memory content before bitflip:0xec0x120x000x00
Fault Model: Single bit-flip
base address to flip value: 0x7fffffffd8c4
address max offset: 4
Memory content after  bitflip:0xee0x120x000x00
frame name: genetic_algorithm
symbol name: g
symbol filename: knapsackga.cpp
symbol line: 94
value: 4846
value address: 0x7fffffffd8c4
Type: The type is an integer type.
Type sizeof: 4

[INFO -- 2018-09-25 04:58:00]
Fault Injection Successful after 3.0344574451446533s
[INFO -- 2018-09-25 04:58:01]
event type: exit
[INFO -- 2018-09-25 04:58:01]
exit code: 0
