[INFO -- 2018-09-23 13:17:56]
Starting flip_value script
version: 1.1
[INFO -- 2018-09-23 13:17:56]
Initialization strings:
[INFO -- 2018-09-23 13:17:56]
(1) file /tmp/knapsack/sa
[INFO -- 2018-09-23 13:17:56]
initSignal:0
[INFO -- 2018-09-23 13:17:56]
endSignal:2
[INFO -- 2018-09-23 13:17:56]
faultModel:4
[INFO -- 2018-09-23 13:17:57]
Backtrace BEGIN:
#0  cost (solution=std::vector of length 200, capacity 200 = {...}) at knapsacksa.cpp:27
#1  0x000055555555511f in simulated_annealing () at knapsacksa.cpp:50
#2  0x000055555555535e in main () at knapsacksa.cpp:84

22	   return static_cast <float> (rand()) / static_cast <float> (RAND_MAX);
23	}
24	
25	int cost(vector<int> &solution){
26	    int peso=0, valor=0;
27	    for(int i=0; i < n; i++){
28	       peso += solution[i] * wt[i];
29	       valor += solution[i] * val[i];
30	    }
31	    if(peso > W)

Backtrace END
Memory content before bitflip:0x810x420x040x00
Fault Model: LSB bit-flip
base address to flip value: 0x7fffffffd9b8
address max offset: 4
Memory content after  bitflip:0x810x420x040x01
frame name: cost
symbol name: valor
symbol filename: knapsacksa.cpp
symbol line: 26
value: 17056385
value address: 0x7fffffffd9b8
Type: The type is an integer type.
Type sizeof: 4

[INFO -- 2018-09-23 13:17:57]
Fault Injection Successful after 1.13352632522583s
[INFO -- 2018-09-23 13:17:58]
event type: exit
[INFO -- 2018-09-23 13:17:58]
exit code: 0
