[INFO -- 2018-09-21 20:48:53]
Starting flip_value script
version: 1.1
[INFO -- 2018-09-21 20:48:53]
Initialization strings:
[INFO -- 2018-09-21 20:48:53]
(1) file /tmp/knapsack/dp
[INFO -- 2018-09-21 20:48:53]
initSignal:1
[INFO -- 2018-09-21 20:48:53]
endSignal:3
[INFO -- 2018-09-21 20:48:53]
faultModel:2
[INFO -- 2018-09-21 20:48:55]
Backtrace BEGIN:
#0  std::vector<int, std::allocator<int> >::operator[] (this=0x7fffffffda30, __n=88) at /usr/include/c++/7/bits/stl_vector.h:799
#1  0x0000555555554f75 in knapSack (W=588593, n=200, val=std::vector of length 200, capacity 256 = {...}, wt=std::vector of length 200, capacity 256 = {...}) at knapsackdp.cpp:22
#2  0x0000555555555375 in main () at knapsackdp.cpp:54

794	      reference
795	      operator[](size_type __n) _GLIBCXX_NOEXCEPT
796	      {
797		__glibcxx_requires_subscript(__n);
798		return *(this->_M_impl._M_start + __n);
799	      }
800	
801	      /**
802	       *  @brief  Subscript access to the data contained in the %vector.
803	       *  @param __n The index of the element for which data should be

Backtrace END
Memory content before bitflip:0x580x000x000x000x000x000x000x00
Fault Model: Random bit-flip
base address to flip value: 0x7fffffffd930
address max offset: 8
Memory content after  bitflip:0xe60x640xf40x080x7a0xf20xb30x28
frame name: std::vector<int, std::allocator<int> >::operator[]
symbol name: __n
symbol filename: /usr/include/c++/7/bits/stl_vector.h
symbol line: 795
value: 2932954388298491110
value address: 0x7fffffffd930
Type: The type is an integer type.
Type sizeof: 8

[INFO -- 2018-09-21 20:48:55]
Fault Injection Successful after 2.6269891262054443s
[INFO -- 2018-09-21 20:48:57]
event type: exit
[INFO -- 2018-09-21 20:48:57]
exit code: 0
