[INFO -- 2018-09-23 17:24:26]
Starting flip_value script
version: 1.1
[INFO -- 2018-09-23 17:24:26]
Initialization strings:
[INFO -- 2018-09-23 17:24:26]
(1) file /tmp/knapsack/sa
[INFO -- 2018-09-23 17:24:26]
initSignal:0
[INFO -- 2018-09-23 17:24:26]
endSignal:2
[INFO -- 2018-09-23 17:24:26]
faultModel:4
[INFO -- 2018-09-23 17:24:27]
Backtrace BEGIN:
#0  __GI___libc_malloc (bytes=800) at malloc.c:3079
#1  0x00007ffff7adf458 in operator new(unsigned long) () from /usr/lib/x86_64-linux-gnu/libstdc++.so.6
#2  0x0000555555556ce0 in __gnu_cxx::new_allocator<int>::allocate (this=0x7fffffffda30, __n=200) at /usr/include/c++/7/ext/new_allocator.h:111
#3  0x0000555555556a43 in std::allocator_traits<std::allocator<int> >::allocate (__a=..., __n=200) at /usr/include/c++/7/bits/alloc_traits.h:436
#4  0x0000555555556600 in std::_Vector_base<int, std::allocator<int> >::_M_allocate (this=0x7fffffffda30, __n=200) at /usr/include/c++/7/bits/stl_vector.h:172
#5  0x0000555555556431 in std::_Vector_base<int, std::allocator<int> >::_M_create_storage (this=0x7fffffffda30, __n=200) at /usr/include/c++/7/bits/stl_vector.h:187
#6  0x0000555555555bc5 in std::_Vector_base<int, std::allocator<int> >::_Vector_base (this=0x7fffffffda30, __n=200, __a=...) at /usr/include/c++/7/bits/stl_vector.h:138
#7  0x0000555555555665 in std::vector<int, std::allocator<int> >::vector (this=0x7fffffffda30, __x=std::vector of length 200, capacity 200 = {...}) at /usr/include/c++/7/bits/stl_vector.h:328
#8  0x00005555555550ca in simulated_annealing () at knapsacksa.cpp:47
#9  0x000055555555535e in main () at knapsacksa.cpp:84

3074	malloc.c: No such file or directory.

Backtrace END
Memory content before bitflip:0x310xfb0x080x00
Fault Model: LSB bit-flip
base address to flip value: 0x55555575906c 
address max offset: 4
Memory content after  bitflip:0x310xfb0x080x20
frame name: std::_Vector_base<int, std::allocator<int> >::_Vector_base
symbol name: W
symbol filename: knapsacksa.cpp
symbol line: 15
value: 537459505
value address: 0x55555575906c <W>
Type: The type is an integer type.
Type sizeof: 4

[INFO -- 2018-09-23 17:24:27]
Fault Injection Successful after 1.7618515491485596s
[INFO -- 2018-09-23 17:24:29]
event type: exit
[INFO -- 2018-09-23 17:24:29]
exit code: 0
