[INFO -- 2018-12-01 03:27:45]
Starting flip_value script
version: 1.1
[INFO -- 2018-12-01 03:27:45]
Initialization strings:
[INFO -- 2018-12-01 03:27:45]
(1) file /tmp/knapsack/mf
[INFO -- 2018-12-01 03:27:45]
initSignal:0
[INFO -- 2018-12-01 03:27:45]
endSignal:12
[INFO -- 2018-12-01 03:27:45]
faultModel:3
[INFO -- 2018-12-01 03:27:49]
Backtrace BEGIN:
#0  std::vector<std::vector<int, std::allocator<int> >, std::allocator<std::vector<int, std::allocator<int> > > >::operator[] (this=0x7fffffffbfac, __n=140737488338864) at /usr/include/c++/7/bits/stl_vector.h:795
#1  0x00005555555552ee in knapSackAuxRec (i=141, j=457981, values=std::vector of length 200, capacity 256 = {...}, weights=std::vector of length 200, capacity 256 = {...}, V=std::vector of length 201, capacity 201 = {...}) at knapsackmf.cpp:49
#2  0x00005555555552b8 in knapSackAuxRec (i=142, j=457981, values=std::vector of length 200, capacity 256 = {...}, weights=std::vector of length 200, capacity 256 = {...}, V=std::vector of length 201, capacity 201 = {...}) at knapsackmf.cpp:45
#3  0x00005555555552b8 in knapSackAuxRec (i=143, j=457981, values=std::vector of length 200, capacity 256 = {...}, weights=std::vector of length 200, capacity 256 = {...}, V=std::vector of length 201, capacity 201 = {...}) at knapsackmf.cpp:45
#4  0x00005555555552b8 in knapSackAuxRec (i=144, j=457981, values=std::vector of length 200, capacity 256 = {...}, weights=std::vector of length 200, capacity 256 = {...}, V=std::vector of length 201, capacity 201 = {...}) at knapsackmf.cpp:45
#5  0x00005555555552b8 in knapSackAuxRec (i=145, j=457981, values=std::vector of length 200, capacity 256 = {...}, weights=std::vector of length 200, capacity 256 = {...}, V=std::vector of length 201, capacity 201 = {...}) at knapsackmf.cpp:45
#6  0x00005555555552b8 in knapSackAuxRec (i=146, j=457981, values=std::vector of length 200, capacity 256 = {...}, weights=std::vector of length 200, capacity 256 = {...}, V=std::vector of length 201, capacity 201 = {...}) at knapsackmf.cpp:45
#7  0x00005555555552b8 in knapSackAuxRec (i=147, j=457981, values=std::vector of length 200, capacity 256 = {...}, weights=std::vector of length 200, capacity 256 = {...}, V=std::vector of length 201, capacity 201 = {...}) at knapsackmf.cpp:45
#8  0x0000555555555294 in knapSackAuxRec (i=148, j=459162, values=std::vector of length 200, capacity 256 = {...}, weights=std::vector of length 200, capacity 256 = {...}, V=std::vector of length 201, capacity 201 = {...}) at knapsackmf.cpp:45
#9  0x00005555555552b8 in knapSackAuxRec (i=149, j=459162, values=std::vector of length 200, capacity 256 = {...}, weights=std::vector of length 200, capacity 256 = {...}, V=std::vector of length 201, capacity 201 = {...}) at knapsackmf.cpp:45
#10 0x00005555555552b8 in knapSackAuxRec (i=150, j=459162, values=std::vector of length 200, capacity 256 = {...}, weights=std::vector of length 200, capacity 256 = {...}, V=std::vector of length 201, capacity 201 = {...}) at knapsackmf.cpp:45
#11 0x00005555555552b8 in knapSackAuxRec (i=151, j=459162, values=std::vector of length 200, capacity 256 = {...}, weights=std::vector of length 200, capacity 256 = {...}, V=std::vector of length 201, capacity 201 = {...}) at knapsackmf.cpp:45
#12 0x0000555555555294 in knapSackAuxRec (i=152, j=460498, values=std::vector of length 200, capacity 256 = {...}, weights=std::vector of length 200, capacity 256 = {...}, V=std::vector of length 201, capacity 201 = {...}) at knapsackmf.cpp:45
#13 0x00005555555552b8 in knapSackAuxRec (i=153, j=460498, values=std::vector of length 200, capacity 256 = {...}, weights=std::vector of length 200, capacity 256 = {...}, V=std::vector of length 201, capacity 201 = {...}) at knapsackmf.cpp:45
#14 0x00005555555552b8 in knapSackAuxRec (i=154, j=460498, values=std::vector of length 200, capacity 256 = {...}, weights=std::vector of length 200, capacity 256 = {...}, V=std::vector of length 201, capacity 201 = {...}) at knapsackmf.cpp:45
#15 0x00005555555552b8 in knapSackAuxRec (i=155, j=460498, values=std::vector of length 200, capacity 256 = {...}, weights=std::vector of length 200, capacity 256 = {...}, V=std::vector of length 201, capacity 201 = {...}) at knapsackmf.cpp:45
#16 0x00005555555552b8 in knapSackAuxRec (i=156, j=460498, values=std::vector of length 200, capacity 256 = {...}, weights=std::vector of length 200, capacity 256 = {...}, V=std::vector of length 201, capacity 201 = {...}) at knapsackmf.cpp:45
#17 0x00005555555552b8 in knapSackAuxRec (i=157, j=460498, values=std::vector of length 200, capacity 256 = {...}, weights=std::vector of length 200, capacity 256 = {...}, V=std::vector of length 201, capacity 201 = {...}) at knapsackmf.cpp:45
#18 0x00005555555552b8 in knapSackAuxRec (i=158, j=460498, values=std::vector of length 200, capacity 256 = {...}, weights=std::vector of length 200, capacity 256 = {...}, V=std::vector of length 201, capacity 201 = {...}) at knapsackmf.cpp:45
#19 0x00005555555552b8 in knapSackAuxRec (i=159, j=460498, values=std::vector of length 200, capacity 256 = {...}, weights=std::vector of length 200, capacity 256 = {...}, V=std::vector of length 201, capacity 201 = {...}) at knapsackmf.cpp:45
#20 0x00005555555552b8 in knapSackAuxRec (i=160, j=460498, values=std::vector of length 200, capacity 256 = {...}, weights=std::vector of length 200, capacity 256 = {...}, V=std::vector of length 201, capacity 201 = {...}) at knapsackmf.cpp:45
#21 0x00005555555552b8 in knapSackAuxRec (i=161, j=460498, values=std::vector of length 200, capacity 256 = {...}, weights=std::vector of length 200, capacity 256 = {...}, V=std::vector of length 201, capacity 201 = {...}) at knapsackmf.cpp:45
#22 0x0000555555555294 in knapSackAuxRec (i=162, j=464006, values=std::vector of length 200, capacity 256 = {...}, weights=std::vector of length 200, capacity 256 = {...}, V=std::vector of length 201, capacity 201 = {...}) at knapsackmf.cpp:45
#23 0x00005555555552b8 in knapSackAuxRec (i=163, j=464006, values=std::vector of length 200, capacity 256 = {...}, weights=std::vector of length 200, capacity 256 = {...}, V=std::vector of length 201, capacity 201 = {...}) at knapsackmf.cpp:45
#24 0x00005555555552b8 in knapSackAuxRec (i=164, j=464006, values=std::vector of length 200, capacity 256 = {...}, weights=std::vector of length 200, capacity 256 = {...}, V=std::vector of length 201, capacity 201 = {...}) at knapsackmf.cpp:45
#25 0x00005555555552b8 in knapSackAuxRec (i=165, j=464006, values=std::vector of length 200, capacity 256 = {...}, weights=std::vector of length 200, capacity 256 = {...}, V=std::vector of length 201, capacity 201 = {...}) at knapsackmf.cpp:45
#26 0x00005555555552b8 in knapSackAuxRec (i=166, j=464006, values=std::vector of length 200, capacity 256 = {...}, weights=std::vector of length 200, capacity 256 = {...}, V=std::vector of length 201, capacity 201 = {...}) at knapsackmf.cpp:45
#27 0x00005555555552b8 in knapSackAuxRec (i=167, j=464006, values=std::vector of length 200, capacity 256 = {...}, weights=std::vector of length 200, capacity 256 = {...}, V=std::vector of length 201, capacity 201 = {...}) at knapsackmf.cpp:45
#28 0x00005555555552b8 in knapSackAuxRec (i=168, j=464006, values=std::vector of length 200, capacity 256 = {...}, weights=std::vector of length 200, capacity 256 = {...}, V=std::vector of length 201, capacity 201 = {...}) at knapsackmf.cpp:45
#29 0x00005555555552b8 in knapSackAuxRec (i=169, j=464006, values=std::vector of length 200, capacity 256 = {...}, weights=std::vector of length 200, capacity 256 = {...}, V=std::vector of length 201, capacity 201 = {...}) at knapsackmf.cpp:45
#30 0x0000555555555294 in knapSackAuxRec (i=170, j=465055, values=std::vector of length 200, capacity 256 = {...}, weights=std::vector of length 200, capacity 256 = {...}, V=std::vector of length 201, capacity 201 = {...}) at knapsackmf.cpp:45
#31 0x00005555555552b8 in knapSackAuxRec (i=171, j=465055, values=std::vector of length 200, capacity 256 = {...}, weights=std::vector of length 200, capacity 256 = {...}, V=std::vector of length 201, capacity 201 = {...}) at knapsackmf.cpp:45
#32 0x00005555555552b8 in knapSackAuxRec (i=172, j=465055, values=std::vector of length 200, capacity 256 = {...}, weights=std::vector of length 200, capacity 256 = {...}, V=std::vector of length 201, capacity 201 = {...}) at knapsackmf.cpp:45
#33 0x00005555555552b8 in knapSackAuxRec (i=173, j=465055, values=std::vector of length 200, capacity 256 = {...}, weights=std::vector of length 200, capacity 256 = {...}, V=std::vector of length 201, capacity 201 = {...}) at knapsackmf.cpp:45
#34 0x00005555555552b8 in knapSackAuxRec (i=174, j=465055, values=std::vector of length 200, capacity 256 = {...}, weights=std::vector of length 200, capacity 256 = {...}, V=std::vector of length 201, capacity 201 = {...}) at knapsackmf.cpp:45
#35 0x00005555555552b8 in knapSackAuxRec (i=175, j=465055, values=std::vector of length 200, capacity 256 = {...}, weights=std::vector of length 200, capacity 256 = {...}, V=std::vector of length 201, capacity 201 = {...}) at knapsackmf.cpp:45
#36 0x0000555555555294 in knapSackAuxRec (i=176, j=467053, values=std::vector of length 200, capacity 256 = {...}, weights=std::vector of length 200, capacity 256 = {...}, V=std::vector of length 201, capacity 201 = {...}) at knapsackmf.cpp:45
#37 0x00005555555552b8 in knapSackAuxRec (i=177, j=467053, values=std::vector of length 200, capacity 256 = {...}, weights=std::vector of length 200, capacity 256 = {...}, V=std::vector of length 201, capacity 201 = {...}) at knapsackmf.cpp:45
#38 0x00005555555552b8 in knapSackAuxRec (i=178, j=467053, values=std::vector of length 200, capacity 256 = {...}, weights=std::vector of length 200, capacity 256 = {...}, V=std::vector of length 201, capacity 201 = {...}) at knapsackmf.cpp:45
#39 0x00005555555552b8 in knapSackAuxRec (i=179, j=467053, values=std::vector of length 200, capacity 256 = {...}, weights=std::vector of length 200, capacity 256 = {...}, V=std::vector of length 201, capacity 201 = {...}) at knapsackmf.cpp:45
#40 0x0000555555555294 in knapSackAuxRec (i=180, j=473261, values=std::vector of length 200, capacity 256 = {...}, weights=std::vector of length 200, capacity 256 = {...}, V=std::vector of length 201, capacity 201 = {...}) at knapsackmf.cpp:45
#41 0x0000555555555294 in knapSackAuxRec (i=181, j=478906, values=std::vector of length 200, capacity 256 = {...}, weights=std::vector of length 200, capacity 256 = {...}, V=std::vector of length 201, capacity 201 = {...}) at knapsackmf.cpp:45
#42 0x0000555555555294 in knapSackAuxRec (i=182, j=483004, values=std::vector of length 200, capacity 256 = {...}, weights=std::vector of length 200, capacity 256 = {...}, V=std::vector of length 201, capacity 201 = {...}) at knapsackmf.cpp:45
#43 0x0000555555555294 in knapSackAuxRec (i=183, j=490422, values=std::vector of length 200, capacity 256 = {...}, weights=std::vector of length 200, capacity 256 = {...}, V=std::vector of length 201, capacity 201 = {...}) at knapsackmf.cpp:45
#44 0x0000555555555294 in knapSackAuxRec (i=184, j=493547, values=std::vector of length 200, capacity 256 = {...}, weights=std::vector of length 200, capacity 256 = {...}, V=std::vector of length 201, capacity 201 = {...}) at knapsackmf.cpp:45
#45 0x0000555555555294 in knapSackAuxRec (i=185, j=503613, values=std::vector of length 200, capacity 256 = {...}, weights=std::vector of length 200, capacity 256 = {...}, V=std::vector of length 201, capacity 201 = {...}) at knapsackmf.cpp:45
#46 0x0000555555555294 in knapSackAuxRec (i=186, j=514245, values=std::vector of length 200, capacity 256 = {...}, weights=std::vector of length 200, capacity 256 = {...}, V=std::vector of length 201, capacity 201 = {...}) at knapsackmf.cpp:45
#47 0x0000555555555294 in knapSackAuxRec (i=187, j=522535, values=std::vector of length 200, capacity 256 = {...}, weights=std::vector of length 200, capacity 256 = {...}, V=std::vector of length 201, capacity 201 = {...}) at knapsackmf.cpp:45
#48 0x0000555555555294 in knapSackAuxRec (i=188, j=527873, values=std::vector of length 200, capacity 256 = {...}, weights=std::vector of length 200, capacity 256 = {...}, V=std::vector of length 201, capacity 201 = {...}) at knapsackmf.cpp:45
#49 0x0000555555555294 in knapSackAuxRec (i=189, j=533989, values=std::vector of length 200, capacity 256 = {...}, weights=std::vector of length 200, capacity 256 = {...}, V=std::vector of length 201, capacity 201 = {...}) at knapsackmf.cpp:45
#50 0x0000555555555294 in knapSackAuxRec (i=190, j=540800, values=std::vector of length 200, capacity 256 = {...}, weights=std::vector of length 200, capacity 256 = {...}, V=std::vector of length 201, capacity 201 = {...}) at knapsackmf.cpp:45
#51 0x0000555555555294 in knapSackAuxRec (i=191, j=542313, values=std::vector of length 200, capacity 256 = {...}, weights=std::vector of length 200, capacity 256 = {...}, V=std::vector of length 201, capacity 201 = {...}) at knapsackmf.cpp:45
#52 0x0000555555555294 in knapSackAuxRec (i=192, j=547494, values=std::vector of length 200, capacity 256 = {...}, weights=std::vector of length 200, capacity 256 = {...}, V=std::vector of length 201, capacity 201 = {...}) at knapsackmf.cpp:45
#53 0x0000555555555294 in knapSackAuxRec (i=193, j=553745, values=std::vector of length 200, capacity 256 = {...}, weights=std::vector of length 200, capacity 256 = {...}, V=std::vector of length 201, capacity 201 = {...}) at knapsackmf.cpp:45
#54 0x0000555555555294 in knapSackAuxRec (i=194, j=556558, values=std::vector of length 200, capacity 256 = {...}, weights=std::vector of length 200, capacity 256 = {...}, V=std::vector of length 201, capacity 201 = {...}) at knapsackmf.cpp:45
#55 0x0000555555555294 in knapSackAuxRec (i=195, j=558496, values=std::vector of length 200, capacity 256 = {...}, weights=std::vector of length 200, capacity 256 = {...}, V=std::vector of length 201, capacity 201 = {...}) at knapsackmf.cpp:45
#56 0x0000555555555294 in knapSackAuxRec (i=196, j=567523, values=std::vector of length 200, capacity 256 = {...}, weights=std::vector of length 200, capacity 256 = {...}, V=std::vector of length 201, capacity 201 = {...}) at knapsackmf.cpp:45
#57 0x0000555555555294 in knapSackAuxRec (i=197, j=572185, values=std::vector of length 200, capacity 256 = {...}, weights=std::vector of length 200, capacity 256 = {...}, V=std::vector of length 201, capacity 201 = {...}) at knapsackmf.cpp:45
#58 0x0000555555555294 in knapSackAuxRec (i=198, j=578378, values=std::vector of length 200, capacity 256 = {...}, weights=std::vector of length 200, capacity 256 = {...}, V=std::vector of length 201, capacity 201 = {...}) at knapsackmf.cpp:45
#59 0x0000555555555294 in knapSackAuxRec (i=199, j=588593, values=std::vector of length 200, capacity 256 = {...}, weights=std::vector of length 200, capacity 256 = {...}, V=std::vector of length 201, capacity 201 = {...}) at knapsackmf.cpp:45
#60 0x0000555555555294 in knapSackAuxRec (i=200, j=588593, values=std::vector of length 200, capacity 256 = {...}, weights=std::vector of length 200, capacity 256 = {...}, V=std::vector of length 201, capacity 201 = {...}) at knapsackmf.cpp:45
#61 0x000055555555511f in knapSack (W=588593, n=200, values=std::vector of length 200, capacity 256 = {...}, weights=std::vector of length 200, capacity 256 = {...}, V=std::vector of length 201, capacity 201 = {...}) at knapsackmf.cpp:33
#62 0x0000555555555494 in executeAlgorithm () at knapsackmf.cpp:75
#63 0x000055555555558a in main () at knapsackmf.cpp:81

790	       *  Note that data access with this operator is unchecked and
791	       *  out_of_range lookups are not defined. (For checked lookups
792	       *  see at().)
793	       */
794	      reference
795	      operator[](size_type __n) _GLIBCXX_NOEXCEPT
796	      {
797		__glibcxx_requires_subscript(__n);
798		return *(this->_M_impl._M_start + __n);
799	      }

Backtrace END
Memory content before bitflip:0xfd0xfc0x060x00
Fault Model: Zero bit-flip
base address to flip value: 0x7fffffffbff8
address max offset: 4
Memory content after  bitflip:0x000x000x000x00
frame name: knapSackAuxRec
symbol name: j
symbol filename: knapsackmf.cpp
symbol line: 38
value: 0
value address: 0x7fffffffbff8
Type: The type is an integer type.
Type sizeof: 4

[INFO -- 2018-12-01 03:27:49]
Fault Injection Successful after 4.111404657363892s
[INFO -- 2018-12-01 03:27:55]
event type: exit
[INFO -- 2018-12-01 03:27:55]
exit code: 0
