[INFO -- 2018-09-25 05:26:28]
Starting flip_value script
version: 1.1
[INFO -- 2018-09-25 05:26:28]
Initialization strings:
[INFO -- 2018-09-25 05:26:28]
(1) file /tmp/knapsack/ga
[INFO -- 2018-09-25 05:26:28]
initSignal:1
[INFO -- 2018-09-25 05:26:28]
endSignal:3.5
[INFO -- 2018-09-25 05:26:28]
faultModel:4
[EXCEPTION -- 2018-09-25 05:26:30]
pythonException: Unable to exit loop in struct fields; Exiting wihtout making a bit flip
[INFO -- 2018-09-25 05:26:30]
Backtrace BEGIN:
#0  std::_Destroy_aux<false>::__destroy<chromossome*> (__first=0x5555557864a0, __last=0x555555786880) at /usr/include/c++/7/bits/stl_construct.h:107
#1  0x0000555555557e12 in std::_Destroy<chromossome*> (__first=0x555555786480, __last=0x555555786880) at /usr/include/c++/7/bits/stl_construct.h:137
#2  0x0000555555556a49 in std::_Destroy<chromossome*, chromossome> (__first=0x555555786480, __last=0x555555786880) at /usr/include/c++/7/bits/stl_construct.h:206
#3  0x0000555555556bfa in std::vector<chromossome, std::allocator<chromossome> >::_M_realloc_insert<chromossome const&> (this=0x7fffffffd8f0, __position={solution = std::vector of length 204, capacity 1073741824 = {<error reading variable>, __args#0=...) at /usr/include/c++/7/bits/vector.tcc:446
#4  0x0000555555555d28 in std::vector<chromossome, std::allocator<chromossome> >::push_back (this=0x7fffffffd8f0, __x=...) at /usr/include/c++/7/bits/stl_vector.h:948
#5  0x00005555555554e7 in genetic_algorithm () at knapsackga.cpp:106
#6  0x00005555555558d7 in main () at knapsackga.cpp:137

102	    {
103	      template<typename _ForwardIterator>
104	        static void
105	        __destroy(_ForwardIterator __first, _ForwardIterator __last)
106		{
107		  for (; __first != __last; ++__first)
108		    std::_Destroy(std::__addressof(*__first));
109		}
110	    };
111	

Backtrace END
Fliping a bit of the pointer
Memory content before bitflip:0x800x680x780x550x550x550x000x00
Fault Model: LSB bit-flip
base address to flip value: 0x7fffffffd7d0
address max offset: 8
Memory content after  bitflip:0x800x680x780x550x550x550x000x40
frame name: std::_Destroy<chromossome*>
symbol name: __last
symbol filename: /usr/include/c++/7/bits/stl_construct.h
symbol line: 127
value: 0x555555786880
value address: 0x7fffffffd7d0
Type: The type is a pointer.
Type sizeof: 8

[INFO -- 2018-09-25 05:26:30]
Fault Injection Successful after 2.344233512878418s
[INFO -- 2018-09-25 05:26:32]
event type: exit
[INFO -- 2018-09-25 05:26:32]
exit code: 0
