[INFO -- 2018-12-09 05:38:30]
Starting flip_value script
version: 1.1
[INFO -- 2018-12-09 05:38:30]
Initialization strings:
[INFO -- 2018-12-09 05:38:30]
(1) file /tmp/knapsack/ga
[INFO -- 2018-12-09 05:38:30]
initSignal:1
[INFO -- 2018-12-09 05:38:30]
endSignal:8
[INFO -- 2018-12-09 05:38:30]
faultModel:4
[INFO -- 2018-12-09 05:38:35]
Backtrace BEGIN:
#0  0x0000555555556ba2 in std::_Vector_base<int, std::allocator<int> >::_M_get_Tp_allocator (this=0x5555557766d0) at /usr/include/c++/7/bits/stl_vector.h:116
#1  0x0000555555557747 in std::vector<int, std::allocator<int> >::_M_move_assign (this=0x5555557766d0, __x=...) at /usr/include/c++/7/bits/stl_vector.h:1534
#2  0x000055555555673d in std::vector<int, std::allocator<int> >::operator= (this=0x5555557766d0, __x=...) at /usr/include/c++/7/bits/stl_vector.h:466
#3  0x000055555555951d in chromossome::operator= (this=0x5555557766d0) at knapsackga.cpp:63
#4  0x000055555555b351 in std::__copy_move_backward<true, false, std::random_access_iterator_tag>::__copy_move_b<chromossome*, chromossome*> (__first=0x5555557766b0, __last=0x5555557766b0, __result=0x5555557766d0) at /usr/include/c++/7/bits/stl_algobase.h:548
#5  0x000055555555b0c3 in std::__copy_move_backward_a<true, chromossome*, chromossome*> (__first=0x5555557766b0, __last=0x5555557766d0, __result=0x5555557766f0) at /usr/include/c++/7/bits/stl_algobase.h:590
#6  0x000055555555aacf in std::__copy_move_backward_a2<true, __gnu_cxx::__normal_iterator<chromossome*, std::vector<chromossome, std::allocator<chromossome> > >, __gnu_cxx::__normal_iterator<chromossome*, std::vector<chromossome, std::allocator<chromossome> > > > (__first={solution = std::vector of length 0, capacity 0, fitness = -511585}, __last={solution = std::vector of length 200, capacity 200 = {0, 1, 0, 0, 1, 1, 1, 0, 0, 0, 0, 0, 0, 1, 1, 1, 1, 0, 1, 1, 0, 0, 0, 0, 1, 0, 0, 0, 1, 0, 0, 0, 0, 1, 1, 0, 0, 1, 1, 0, 0, 1, 0, 0, 1, 0, 1, 0, 0, 0, 0, 1, 0, 0, 1, 1, 1, 0, 1, 1, 1, 0, 0, 0, 0, 0, 1, 0, 0, 0, 1, 1, 1, 1, 0, 1, 0, 0, 0, 1, 1, 0, 0, 1, 1, 0, 1, 0, 1, 0, 0, 1, 0, 0, 1, 0, 0, 0, 0, 0, 0, 0, 0, 1, 0, 1, 1, 1, 0, 0, 1, 0, 0, 1, 0, 1, 0, 0, 0, 1, 1, 0, 1, 0, 0, 0, 0, 1, 1, 1, 1, 0, 1, 0, 1, 0, 0, 0, 1, 0, 0, 0, 1, 0, 1, 0, 1, 0, 0, 1, 0, 0, 0, 0, 0, 0, 0, 1, 1, 1, 0, 0, 0, 0, 1, 0, 1, 0, 0, 1, 0, 0, 1, 0, 1, 0, 0, 0, 1, 0, 1, 0, 0, 1, 0, 0, 1, 0, 0, 0, 0, 0, 0, 0, 0, 0, 0, 0, 0, 1...}, fitness = -512590}, __result={solution = std::vector of length 200, capacity 200 = {0, 1, 0, 0, 1, 1, 1, 0, 0, 0, 0, 0, 0, 1, 1, 1, 1, 0, 1, 1, 0, 0, 0, 0, 1, 0, 0, 0, 1, 0, 0, 0, 0, 1, 1, 0, 0, 1, 1, 1, 0, 1, 0, 0, 1, 0, 1, 0, 0, 0, 0, 1, 0, 0, 1, 1, 1, 0, 1, 1, 1, 0, 0, 0, 0, 0, 1, 0, 0, 0, 1, 1, 1, 1, 0, 1, 0, 0, 0, 1, 1, 0, 0, 1, 1, 0, 1, 0, 1, 0, 0, 1, 0, 0, 1, 0, 0, 0, 0, 0, 0, 0, 0, 1, 0, 1, 1, 1, 0, 0, 1, 0, 0, 1, 0, 1, 0, 0, 0, 1, 1, 0, 1, 0, 0, 0, 0, 1, 1, 1, 1, 0, 1, 0, 1, 0, 0, 0, 1, 0, 0, 0, 1, 0, 1, 0, 0, 0, 0, 1, 0, 0, 0, 0, 0, 0, 0, 1, 1, 1, 0, 0, 0, 0, 1, 0, 1, 0, 0, 1, 0, 0, 1, 0, 1, 0, 0, 0, 1, 0, 1, 0, 0, 1, 0, 0, 1, 0, 0, 0, 0, 0, 0, 0, 0, 0, 0, 0, 0, 1...}, fitness = -514590}) at /usr/include/c++/7/bits/stl_algobase.h:598
#7  0x000055555555a174 in std::move_backward<__gnu_cxx::__normal_iterator<chromossome*, std::vector<chromossome, std::allocator<chromossome> > >, __gnu_cxx::__normal_iterator<chromossome*, std::vector<chromossome, std::allocator<chromossome> > > > (__first={solution = std::vector of length 0, capacity 0, fitness = -511585}, __last={solution = std::vector of length 200, capacity 200 = {0, 1, 0, 0, 1, 1, 1, 0, 0, 0, 0, 0, 0, 1, 1, 1, 1, 0, 1, 1, 0, 0, 0, 0, 1, 0, 0, 0, 1, 0, 0, 0, 0, 1, 1, 0, 0, 1, 1, 0, 0, 1, 0, 0, 1, 0, 1, 0, 0, 0, 0, 1, 0, 0, 1, 1, 1, 0, 1, 1, 1, 0, 0, 0, 0, 0, 1, 0, 0, 0, 1, 1, 1, 1, 0, 1, 0, 0, 0, 1, 1, 0, 0, 1, 1, 0, 1, 0, 1, 0, 0, 1, 0, 0, 1, 0, 0, 0, 0, 0, 0, 0, 0, 1, 0, 1, 1, 1, 0, 0, 1, 0, 0, 1, 0, 1, 0, 0, 0, 1, 1, 0, 1, 0, 0, 0, 0, 1, 1, 1, 1, 0, 1, 0, 1, 0, 0, 0, 1, 0, 0, 0, 1, 0, 1, 0, 1, 0, 0, 1, 0, 0, 0, 0, 0, 0, 0, 1, 1, 1, 0, 0, 0, 0, 1, 0, 1, 0, 0, 1, 0, 0, 1, 0, 1, 0, 0, 0, 1, 0, 1, 0, 0, 1, 0, 0, 1, 0, 0, 0, 0, 0, 0, 0, 0, 0, 0, 0, 0, 1...}, fitness = -512590}, __result={solution = std::vector of length 200, capacity 200 = {0, 1, 0, 0, 1, 1, 1, 0, 0, 0, 0, 0, 0, 1, 1, 1, 1, 0, 1, 1, 0, 0, 0, 0, 1, 0, 0, 0, 1, 0, 0, 0, 0, 1, 1, 0, 0, 1, 1, 1, 0, 1, 0, 0, 1, 0, 1, 0, 0, 0, 0, 1, 0, 0, 1, 1, 1, 0, 1, 1, 1, 0, 0, 0, 0, 0, 1, 0, 0, 0, 1, 1, 1, 1, 0, 1, 0, 0, 0, 1, 1, 0, 0, 1, 1, 0, 1, 0, 1, 0, 0, 1, 0, 0, 1, 0, 0, 0, 0, 0, 0, 0, 0, 1, 0, 1, 1, 1, 0, 0, 1, 0, 0, 1, 0, 1, 0, 0, 0, 1, 1, 0, 1, 0, 0, 0, 0, 1, 1, 1, 1, 0, 1, 0, 1, 0, 0, 0, 1, 0, 0, 0, 1, 0, 1, 0, 0, 0, 0, 1, 0, 0, 0, 0, 0, 0, 0, 1, 1, 1, 0, 0, 0, 0, 1, 0, 1, 0, 0, 1, 0, 0, 1, 0, 1, 0, 0, 0, 1, 0, 1, 0, 0, 1, 0, 0, 1, 0, 0, 0, 0, 0, 0, 0, 0, 0, 0, 0, 0, 1...}, fitness = -514590}) at /usr/include/c++/7/bits/stl_algobase.h:670
#8  0x0000555555559609 in std::__insertion_sort<__gnu_cxx::__normal_iterator<chromossome*, std::vector<chromossome, std::allocator<chromossome> > >, __gnu_cxx::__ops::_Iter_less_iter> (__first={solution = std::vector of length 0, capacity 0, fitness = -511585}, __last={solution = std::vector of length 0, capacity 1073741824, fitness = 0}, __comp=...) at /usr/include/c++/7/bits/stl_algo.h:1851
#9  0x0000555555558559 in std::__final_insertion_sort<__gnu_cxx::__normal_iterator<chromossome*, std::vector<chromossome, std::allocator<chromossome> > >, __gnu_cxx::__ops::_Iter_less_iter> (__first={solution = std::vector of length 0, capacity 0, fitness = -511585}, __last={solution = std::vector of length 0, capacity 1073741824, fitness = 0}, __comp=...) at /usr/include/c++/7/bits/stl_algo.h:1890
#10 0x0000555555557093 in std::__sort<__gnu_cxx::__normal_iterator<chromossome*, std::vector<chromossome, std::allocator<chromossome> > >, __gnu_cxx::__ops::_Iter_less_iter> (__first={solution = std::vector of length 0, capacity 0, fitness = -511585}, __last={solution = std::vector of length 0, capacity 1073741824, fitness = 0}, __comp=...) at /usr/include/c++/7/bits/stl_algo.h:1971
#11 0x00005555555560e7 in std::sort<__gnu_cxx::__normal_iterator<chromossome*, std::vector<chromossome, std::allocator<chromossome> > > > (__first={solution = std::vector of length 0, capacity 0, fitness = -511585}, __last={solution = std::vector of length 0, capacity 1073741824, fitness = 0}) at /usr/include/c++/7/bits/stl_algo.h:4836
#12 0x000055555555525c in tournament (pop=std::vector of length 40, capacity 64 = {...}) at knapsackga.cpp:87
#13 0x0000555555555653 in genetic_algorithm () at knapsackga.cpp:128
#14 0x0000555555555b6c in main () at knapsackga.cpp:165

111	    public:
112	      typedef _Alloc allocator_type;
113	
114	      _Tp_alloc_type&
115	      _M_get_Tp_allocator() _GLIBCXX_NOEXCEPT
116	      { return *static_cast<_Tp_alloc_type*>(&this->_M_impl); }
117	
118	      const _Tp_alloc_type&
119	      _M_get_Tp_allocator() const _GLIBCXX_NOEXCEPT
120	      { return *static_cast<const _Tp_alloc_type*>(&this->_M_impl); }

Backtrace END
Fliping value of field: _M_current
Fliping a bit of the pointer
Memory content before bitflip:0xb00x660x770x550x550x550x000x00
Fault Model: LSB bit-flip
base address to flip value: 0x7fffffffd738
address max offset: 8
Memory content after  bitflip:0xb00x660x770x550x550x550x000x04
frame name: std::__final_insertion_sort<__gnu_cxx::__normal_iterator<chromossome*, std::vector<chromossome, std::allocator<chromossome> > >, __gnu_cxx::__ops::_Iter_less_iter>
symbol name: __first
symbol filename: /usr/include/c++/7/bits/stl_algo.h
symbol line: 1880
value: <error reading variable: Cannot access memory at address 0x4005555557766b0>
value address: 0x7fffffffd738
Type: The type is a structure.
Type sizeof: 8
Field name: _M_current
Field Type: The type is a pointer.
Field Type sizeof: 8

[INFO -- 2018-12-09 05:38:35]
Fault Injection Successful after 5.921313285827637s
[INFO -- 2018-12-09 05:38:38]
event type: exit
[INFO -- 2018-12-09 05:38:38]
exit code: 0
