[INFO -- 2018-09-25 06:57:33]
Starting flip_value script
version: 1.1
[INFO -- 2018-09-25 06:57:33]
Initialization strings:
[INFO -- 2018-09-25 06:57:33]
(1) file /tmp/knapsack/ga
[INFO -- 2018-09-25 06:57:33]
initSignal:1
[INFO -- 2018-09-25 06:57:33]
endSignal:3.5
[INFO -- 2018-09-25 06:57:33]
faultModel:3
[INFO -- 2018-09-25 06:57:36]
Backtrace BEGIN:
#0  0x000055555555a38d in std::__uninitialized_copy<false>::__uninit_copy<std::move_iterator<chromossome*>, chromossome*> (__first=..., __last=..., __result=0x555555555ed1 <std::vector<int, std::allocator<int> >::vector(std::vector<int, std::allocator<int> > const&)+181>) at /usr/include/c++/7/bits/stl_uninitialized.h:76
#1  0x0000555555559a5f in std::uninitialized_copy<std::move_iterator<chromossome*>, chromossome*> (__first=..., __last=..., __result=0x555555786480) at /usr/include/c++/7/bits/stl_uninitialized.h:134
#2  0x000055555555901a in std::__uninitialized_copy_a<std::move_iterator<chromossome*>, chromossome*, chromossome> (__first=..., __last=..., __result=0x555555786480) at /usr/include/c++/7/bits/stl_uninitialized.h:289
#3  0x000055555555807d in std::__uninitialized_move_if_noexcept_a<chromossome*, chromossome*, std::allocator<chromossome> > (__first=0x5555557769a0, __last=0x555555776ba0, __result=0x555555786480, __alloc=...) at /usr/include/c++/7/bits/stl_uninitialized.h:312
#4  0x0000555555556b8c in std::vector<chromossome, std::allocator<chromossome> >::_M_realloc_insert<chromossome const&> (this=0x7fffffffd8f0, __position={solution = std::vector of length 260, capacity 10177998752086 = {<error reading variable>, __args#0=...) at /usr/include/c++/7/bits/vector.tcc:424
#5  0x0000555555555d28 in std::vector<chromossome, std::allocator<chromossome> >::push_back (this=0x7fffffffd8f0, __x=...) at /usr/include/c++/7/bits/stl_vector.h:948
#6  0x00005555555554e7 in genetic_algorithm () at knapsackga.cpp:106
#7  0x00005555555558d7 in main () at knapsackga.cpp:137

71	  template<bool _TrivialValueTypes>
72	    struct __uninitialized_copy
73	    {
74	      template<typename _InputIterator, typename _ForwardIterator>
75	        static _ForwardIterator
76	        __uninit_copy(_InputIterator __first, _InputIterator __last,
77			      _ForwardIterator __result)
78	        {
79		  _ForwardIterator __cur = __result;
80		  __try

Backtrace END
Fliping a bit of the value pointed by a pointer
Fliping value of field: std::_Vector_base<chromossome, std::allocator<chromossome> >
Fliping value of field: _M_impl
Fliping value of field: _M_finish
Fliping a bit of the value pointed by a pointer
Fliping value of field: solution
Fliping value of field: std::_Vector_base<int, std::allocator<int> >
Fliping value of field: _M_impl
Fliping value of field: _M_end_of_storage
Fliping a bit of the pointer
Memory content before bitflip:0x590x250x000x000x070x250x000x00
Fault Model: Zero bit-flip
base address to flip value: 0x555555776bb0
address max offset: 8
Memory content after  bitflip:0x000x000x000x000x000x000x000x00
frame name: std::vector<chromossome, std::allocator<chromossome> >::push_back
symbol name: this
symbol filename: knapsackga.cpp
symbol line: 0
value: 0x7fffffffd8f0
value address: 0x7fffffffd898
Type: The type is a pointer.
Type sizeof: 8

[INFO -- 2018-09-25 06:57:36]
Fault Injection Successful after 3.1643221378326416s
[INFO -- 2018-09-25 06:57:37]
event type: exit
[INFO -- 2018-09-25 06:57:37]
exit code: 0
