[INFO -- 2018-12-08 18:33:36]
Starting flip_value script
version: 1.1
[INFO -- 2018-12-08 18:33:36]
Initialization strings:
[INFO -- 2018-12-08 18:33:36]
(1) file /tmp/knapsack/ga
[INFO -- 2018-12-08 18:33:36]
initSignal:1
[INFO -- 2018-12-08 18:33:36]
endSignal:8
[INFO -- 2018-12-08 18:33:36]
faultModel:0
[EXCEPTION -- 2018-12-08 18:33:38]
pythonException: empty range for randrange() (0,0, 0)
[EXCEPTION -- 2018-12-08 18:33:38]
pythonException: empty range for randrange() (0,0, 0)
[EXCEPTION -- 2018-12-08 18:33:38]
pythonException: Unable to exit loop in struct fields; Exiting wihtout making a bit flip
[INFO -- 2018-12-08 18:33:38]
event type: exit
[EXCEPTION -- 2018-12-08 18:33:38]
exit code: no exit code available
