[INFO -- 2018-12-09 08:28:58]
Starting flip_value script
version: 1.1
[INFO -- 2018-12-09 08:28:58]
Initialization strings:
[INFO -- 2018-12-09 08:28:58]
(1) file /tmp/knapsack/ga
[INFO -- 2018-12-09 08:28:58]
initSignal:1
[INFO -- 2018-12-09 08:28:58]
endSignal:8
[INFO -- 2018-12-09 08:28:58]
faultModel:0
[EXCEPTION -- 2018-12-09 08:29:01]
pythonException: empty range for randrange() (0,0, 0)
[INFO -- 2018-12-09 08:29:01]
Backtrace BEGIN:
#0  0x00005555555553ef in crossover (pai=std::vector of length 200, capacity 200 = {...}, mae=std::vector of length 200, capacity 200 = {...}, filho1=std::vector of length 200, capacity 200 = {...}, filho2=std::vector of length 200, capacity 200 = {...}) at knapsackga.cpp:99
#1  0x00005555555556d7 in genetic_algorithm () at knapsackga.cpp:130
#2  0x0000555555555b6c in main () at knapsackga.cpp:165

94	    for(int i = 0; i < n; i++){
95	        mask[i] = rand_bit();
96	    }
97	    filho1 = pai;
98	    filho2 = mae;
99	    for(int i = 0; i < n; i++){
100	        if(mask[i]){
101	            swap(filho1[i], filho2[i]);
102	        }
103	    }

Backtrace END
Memory content before bitflip:0xc80x000x000x00
Fault Model: Single bit-flip
base address to flip value: 0x55555575f0ac 
address max offset: 4
Memory content after  bitflip:0xc80x000x000x40
frame name: main
symbol name: n2
symbol filename: knapsackga.cpp
symbol line: 18
value: 1073742024
value address: 0x55555575f0ac <n2>
Type: The type is an integer type.
Type sizeof: 4

[INFO -- 2018-12-09 08:29:01]
Fault Injection Successful after 3.660977840423584s
[INFO -- 2018-12-09 08:29:01]
event type: exit
[INFO -- 2018-12-09 08:29:01]
exit code: 0
