[INFO -- 2018-12-08 20:10:21]
Starting flip_value script
version: 1.1
[INFO -- 2018-12-08 20:10:21]
Initialization strings:
[INFO -- 2018-12-08 20:10:21]
(1) file /tmp/knapsack/ga
[INFO -- 2018-12-08 20:10:21]
initSignal:1
[INFO -- 2018-12-08 20:10:21]
endSignal:8
[INFO -- 2018-12-08 20:10:21]
faultModel:2
[INFO -- 2018-12-08 20:10:24]
Backtrace BEGIN:
#0  0x00007ffff7ad9110 in free@plt () from /usr/lib/x86_64-linux-gnu/libstdc++.so.6
#1  0x0000555555559a0e in __gnu_cxx::new_allocator<chromossome>::deallocate (this=0x7fffffffd820, __p=0x555555776420) at /usr/include/c++/7/ext/new_allocator.h:125
#2  0x0000555555558d96 in std::allocator_traits<std::allocator<chromossome> >::deallocate (__a=..., __p=0x555555776420, __n=1) at /usr/include/c++/7/bits/alloc_traits.h:462
#3  0x00005555555577f4 in std::_Vector_base<chromossome, std::allocator<chromossome> >::_M_deallocate (this=0x7fffffffd820, __p=0x555555776420, __n=1) at /usr/include/c++/7/bits/stl_vector.h:180
#4  0x0000555555556f1c in std::vector<chromossome, std::allocator<chromossome> >::_M_realloc_insert<chromossome const&> (this=0x7fffffffd820, __position={solution = std::vector of length 20, capacity 0 = {<error reading variable>, __args#0=...) at /usr/include/c++/7/bits/vector.tcc:448
#5  0x0000555555556012 in std::vector<chromossome, std::allocator<chromossome> >::push_back (this=0x7fffffffd820, __x=...) at /usr/include/c++/7/bits/stl_vector.h:948
#6  0x0000555555555230 in tournament (pop=std::vector of length 40, capacity 64 = {...}) at knapsackga.cpp:84
#7  0x0000555555555653 in genetic_algorithm () at knapsackga.cpp:128
#8  0x0000555555555b6c in main () at knapsackga.cpp:165

137	                swap(new_pop[i].solution[rand() % n], new_pop[i].solution[rand() % n]);
138	            new_pop[i].fitness = cost(new_pop[i].solution);
139	        }
140	
141	        sort(new_pop.begin(), new_pop.end());
142	        best = new_pop[0].fitness;
143	        pop = new_pop;
144	        //cout << g << " " << -best << endl;
145	    }
146	

Backtrace END
Memory content before bitflip:0x310xfb0x080x00
Fault Model: Random bit-flip
base address to flip value: 0x55555575f0b4 
address max offset: 4
Memory content after  bitflip:0x480xff0xe80xf7
frame name: std::vector<chromossome, std::allocator<chromossome> >::push_back
symbol name: W2
symbol filename: knapsackga.cpp
symbol line: 18
value: -135725240
value address: 0x55555575f0b4 <W2>
Type: The type is an integer type.
Type sizeof: 4

[INFO -- 2018-12-08 20:10:24]
Fault Injection Successful after 3.983121871948242s
[INFO -- 2018-12-08 20:10:24]
event type: exit
[INFO -- 2018-12-08 20:10:24]
exit code: 0
