[INFO -- 2018-11-30 03:03:03]
Starting flip_value script
version: 1.1
[INFO -- 2018-11-30 03:03:03]
Initialization strings:
[INFO -- 2018-11-30 03:03:03]
(1) file /tmp/knapsack/sa
[INFO -- 2018-11-30 03:03:03]
initSignal:0
[INFO -- 2018-11-30 03:03:03]
endSignal:7
[INFO -- 2018-11-30 03:03:03]
faultModel:1
[EXCEPTION -- 2018-11-30 03:03:06]
pythonException: empty range for randrange() (0,0, 0)
[EXCEPTION -- 2018-11-30 03:03:06]
gdbException: Cannot access memory at address 0x5555555770bb0
[EXCEPTION -- 2018-11-30 03:03:06]
gdbException: Cannot access memory at address 0x55553576e610
[INFO -- 2018-11-30 03:03:06]
event type: exit
[EXCEPTION -- 2018-11-30 03:03:06]
exit code: no exit code available
