[INFO -- 2018-09-25 05:22:19]
Starting flip_value script
version: 1.1
[INFO -- 2018-09-25 05:22:19]
Initialization strings:
[INFO -- 2018-09-25 05:22:19]
(1) file /tmp/knapsack/ga
[INFO -- 2018-09-25 05:22:19]
initSignal:1
[INFO -- 2018-09-25 05:22:19]
endSignal:3.5
[INFO -- 2018-09-25 05:22:19]
faultModel:2
[INFO -- 2018-09-25 05:22:21]
Backtrace BEGIN:
#0  0x00005555555551b2 in crossover (pai=std::vector of length 200, capacity 200 = {...}, mae=std::vector of length 200, capacity 200 = {...}, filho1=std::vector of length 200, capacity 200 = {...}, filho2=std::vector of length 200, capacity 200 = {...}) at knapsackga.cpp:80
#1  0x000055555555548d in genetic_algorithm () at knapsackga.cpp:104
#2  0x00005555555558d7 in main () at knapsackga.cpp:137

75	    }
76	    filho1 = pai;
77	    filho2 = mae;
78	    for(int i = 0; i < n; i++){
79	        if(mask[i]){
80	            swap(filho1[i], filho2[i]);  
81	        }
82	    }
83	}
84	

Backtrace END
Memory content before bitflip:0x310xfb0x080x00
Fault Model: Random bit-flip
base address to flip value: 0x55555575f06c 
address max offset: 4
Memory content after  bitflip:0x140x4f0x2c0xe2
frame name: main
symbol name: W
symbol filename: knapsackga.cpp
symbol line: 16
value: -500412652
value address: 0x55555575f06c <W>
Type: The type is an integer type.
Type sizeof: 4

[INFO -- 2018-09-25 05:22:21]
Fault Injection Successful after 2.7220544815063477s
[INFO -- 2018-09-25 05:22:23]
event type: exit
[INFO -- 2018-09-25 05:22:23]
exit code: 0
