[INFO -- 2018-11-30 02:12:15]
Starting flip_value script
version: 1.1
[INFO -- 2018-11-30 02:12:15]
Initialization strings:
[INFO -- 2018-11-30 02:12:15]
(1) file /tmp/knapsack/sa
[INFO -- 2018-11-30 02:12:15]
initSignal:0
[INFO -- 2018-11-30 02:12:15]
endSignal:7
[INFO -- 2018-11-30 02:12:15]
faultModel:0
[INFO -- 2018-11-30 02:12:19]
Backtrace BEGIN:
#0  std::vector<int, std::allocator<int> >::operator[] (this=0x555555759140 <val>, __n=21) at /usr/include/c++/7/bits/stl_vector.h:795
#1  0x00005555555550c5 in cost (solution=std::vector of length 200, capacity 200 = {...}) at knapsacksa.cpp:28
#2  0x0000555555555259 in simulated_annealing () at knapsacksa.cpp:52
#3  0x0000555555555522 in main () at knapsacksa.cpp:85

790	       *  Note that data access with this operator is unchecked and
791	       *  out_of_range lookups are not defined. (For checked lookups
792	       *  see at().)
793	       */
794	      reference
795	      operator[](size_type __n) _GLIBCXX_NOEXCEPT
796	      {
797		__glibcxx_requires_subscript(__n);
798		return *(this->_M_impl._M_start + __n);
799	      }

Backtrace END
Fliping a bit of the value pointed by a reference
Fliping value of field: std::_Vector_base<int, std::allocator<int> >
Fliping value of field: _M_impl
Fliping value of field: _M_start
Fliping a bit of the value pointed by a pointer
Memory content before bitflip:0x010x000x000x00
Fault Model: Single bit-flip
base address to flip value: 0x55555576e610
address max offset: 4
Memory content after  bitflip:0x210x000x000x00
frame name: cost
symbol name: solution
symbol filename: knapsacksa.cpp
symbol line: 25
value: std::vector of length 200, capacity 200 = {33, 0, 0, 1, 0, 0, 0, 1, 0, 1, 1, 1, 0, 1, 1, 1, 1, 1, 1, 0, 1, 1, 1, 1, 0, 0, 0, 1, 1, 1, 0, 0, 0, 0, 0, 1, 0, 1, 0, 0, 1, 1, 0, 0, 1, 0, 0, 0, 1, 1, 0, 1, 0, 1, 0, 1, 1, 0, 1, 1, 0, 0, 1, 1, 0, 1, 0, 0, 0, 1, 1, 1, 0, 1, 0, 1, 1, 0, 0, 0, 1, 1, 0, 0, 0, 1, 1, 0, 1, 1, 1, 0, 0, 0, 0, 0, 1, 1, 0, 1, 1, 0, 0, 0, 0, 1, 0, 0, 1, 0, 0, 0, 0, 1, 1, 1, 1, 0, 1, 1, 0, 1, 1, 1, 1, 1, 1, 0, 0, 1, 0, 1, 0, 1, 1, 1, 0, 0, 0, 1, 1, 1, 0, 0, 1, 1, 1, 0, 1, 0, 1, 1, 1, 0, 1, 0, 0, 1, 0, 0, 0, 1, 0, 0, 0, 1, 1, 1, 0, 1, 1, 1, 0, 1, 1, 1, 0, 1, 1, 1, 1, 0, 1, 1, 0, 0, 1, 0, 0, 0, 0, 1, 0, 1, 0, 1, 1, 0, 1, 1...}
value address: 0x7fffffffd990
Type: A reference type.
Type sizeof: 8

[INFO -- 2018-11-30 02:12:19]
Fault Injection Successful after 4.594831705093384s
[INFO -- 2018-11-30 02:12:23]
event type: exit
[INFO -- 2018-11-30 02:12:23]
exit code: 0
