[INFO -- 2018-12-09 00:14:33]
Starting flip_value script
version: 1.1
[INFO -- 2018-12-09 00:14:33]
Initialization strings:
[INFO -- 2018-12-09 00:14:33]
(1) file /tmp/knapsack/sa
[INFO -- 2018-12-09 00:14:33]
initSignal:0
[INFO -- 2018-12-09 00:14:33]
endSignal:9
[INFO -- 2018-12-09 00:14:33]
faultModel:2
[INFO -- 2018-12-09 00:14:34]
Backtrace BEGIN:
#0  0x000055555555512e in cost (solution=std::vector of length 200, capacity 200 = {...}) at knapsacksa.cpp:58
#1  0x000055555555534c in simulated_annealing () at knapsacksa.cpp:92
#2  0x0000555555555658 in main () at knapsacksa.cpp:146

53	        exit_gracefully();
54	    }
55	
56	    int peso=0, peso2=0, valor=0, valor2=0;
57	    for(int i=0; i < n; i++){
58	        peso += solution[i] * wt[i];
59	        valor += solution[i] * val[i];
60	    }
61	    for(int i=0; i < n; i++){
62	        peso2 += solution[i] * wt2[i];

Backtrace END
Memory content before bitflip:0x400x000x000x00
Fault Model: Random bit-flip
base address to flip value: 0x7fffffffd718
address max offset: 4
Memory content after  bitflip:0x2e0xf60xb20x90
frame name: simulated_annealing
symbol name: i
symbol filename: knapsacksa.cpp
symbol line: 90
value: -1867319762
value address: 0x7fffffffd718
Type: The type is an integer type.
Type sizeof: 4

[INFO -- 2018-12-09 00:14:34]
Fault Injection Successful after 1.2421562671661377s
[INFO -- 2018-12-09 00:14:42]
event type: exit
[INFO -- 2018-12-09 00:14:42]
exit code: 0
