[INFO -- 2018-12-08 11:49:17]
Starting flip_value script
version: 1.1
[INFO -- 2018-12-08 11:49:17]
Initialization strings:
[INFO -- 2018-12-08 11:49:17]
(1) file /tmp/knapsack/sa
[INFO -- 2018-12-08 11:49:17]
initSignal:0
[INFO -- 2018-12-08 11:49:17]
endSignal:9
[INFO -- 2018-12-08 11:49:17]
faultModel:0
[INFO -- 2018-12-08 11:49:18]
Backtrace BEGIN:
#0  0x0000555555555869 in std::vector<int, std::allocator<int> >::operator[] (this=0x5555557590a0 <wt2>, __n=64) at /usr/include/c++/7/bits/stl_vector.h:798
#1  0x00005555555551aa in cost (solution=std::vector of length 200, capacity 200 = {...}) at knapsacksa.cpp:62
#2  0x000055555555534c in simulated_annealing () at knapsacksa.cpp:92
#3  0x0000555555555658 in main () at knapsacksa.cpp:146

793	       */
794	      reference
795	      operator[](size_type __n) _GLIBCXX_NOEXCEPT
796	      {
797		__glibcxx_requires_subscript(__n);
798		return *(this->_M_impl._M_start + __n);
799	      }
800	
801	      /**
802	       *  @brief  Subscript access to the data contained in the %vector.

Backtrace END
Memory content before bitflip:0x240xf50xf80xff
Fault Model: Single bit-flip
base address to flip value: 0x7fffffffd704
address max offset: 4
Memory content after  bitflip:0x240xf50xf80xef
frame name: simulated_annealing
symbol name: c
symbol filename: knapsacksa.cpp
symbol line: 92
value: -268896988
value address: 0x7fffffffd704
Type: The type is an integer type.
Type sizeof: 4

[INFO -- 2018-12-08 11:49:19]
Fault Injection Successful after 2.000005006790161s
[INFO -- 2018-12-08 11:49:28]
event type: exit
[INFO -- 2018-12-08 11:49:28]
exit code: 0
