[INFO -- 2018-09-25 09:55:12]
Starting flip_value script
version: 1.1
[INFO -- 2018-09-25 09:55:12]
Initialization strings:
[INFO -- 2018-09-25 09:55:12]
(1) file /tmp/knapsack/ga
[INFO -- 2018-09-25 09:55:12]
initSignal:1
[INFO -- 2018-09-25 09:55:12]
endSignal:3.5
[INFO -- 2018-09-25 09:55:12]
faultModel:4
[INFO -- 2018-09-25 09:55:13]
Backtrace BEGIN:
#0  0x00005555555551df in crossover (pai=std::vector of length 200, capacity 200 = {...}, mae=std::vector of length 200, capacity 200 = {...}, filho1=std::vector of length 200, capacity 200 = {...}, filho2=std::vector of length 200, capacity 200 = {...}) at knapsackga.cpp:80
#1  0x000055555555548d in genetic_algorithm () at knapsackga.cpp:104
#2  0x00005555555558d7 in main () at knapsackga.cpp:137

75	    }
76	    filho1 = pai;
77	    filho2 = mae;
78	    for(int i = 0; i < n; i++){
79	        if(mask[i]){
80	            swap(filho1[i], filho2[i]);  
81	        }
82	    }
83	}
84	

Backtrace END
Memory content before bitflip:0x290x080x000x00
Fault Model: LSB bit-flip
base address to flip value: 0x7fffffffd8c4
address max offset: 4
Memory content after  bitflip:0x290x080x000x02
frame name: genetic_algorithm
symbol name: g
symbol filename: knapsackga.cpp
symbol line: 94
value: 33556521
value address: 0x7fffffffd8c4
Type: The type is an integer type.
Type sizeof: 4

[INFO -- 2018-09-25 09:55:13]
Fault Injection Successful after 1.3072125911712646s
[INFO -- 2018-09-25 09:55:13]
event type: exit
[INFO -- 2018-09-25 09:55:13]
exit code: 0
