[INFO -- 2018-12-08 23:37:16]
Starting flip_value script
version: 1.1
[INFO -- 2018-12-08 23:37:16]
Initialization strings:
[INFO -- 2018-12-08 23:37:16]
(1) file /tmp/knapsack/sa
[INFO -- 2018-12-08 23:37:16]
initSignal:0
[INFO -- 2018-12-08 23:37:16]
endSignal:9
[INFO -- 2018-12-08 23:37:16]
faultModel:2
[INFO -- 2018-12-08 23:37:20]
Backtrace BEGIN:
#0  std::vector<int, std::allocator<int> >::operator[] (this=0x5555557590a0 <wt2>, __n=62) at /usr/include/c++/7/bits/stl_vector.h:799
#1  0x00005555555551aa in cost (solution=std::vector of length 200, capacity 200 = {...}) at knapsacksa.cpp:62
#2  0x000055555555534c in simulated_annealing () at knapsacksa.cpp:92
#3  0x0000555555555658 in main () at knapsacksa.cpp:146

794	      reference
795	      operator[](size_type __n) _GLIBCXX_NOEXCEPT
796	      {
797		__glibcxx_requires_subscript(__n);
798		return *(this->_M_impl._M_start + __n);
799	      }
800	
801	      /**
802	       *  @brief  Subscript access to the data contained in the %vector.
803	       *  @param __n The index of the element for which data should be

Backtrace END
Memory content before bitflip:0x3e0x000x000x000x000x000x000x00
Fault Model: Random bit-flip
base address to flip value: 0x7fffffffd670
address max offset: 8
Memory content after  bitflip:0xe00xa50x760x230x970xdc0x380x2e
frame name: std::vector<int, std::allocator<int> >::operator[]
symbol name: __n
symbol filename: /usr/include/c++/7/bits/stl_vector.h
symbol line: 795
value: 3330654466133632480
value address: 0x7fffffffd670
Type: The type is an integer type.
Type sizeof: 8

[INFO -- 2018-12-08 23:37:20]
Fault Injection Successful after 4.09905219078064s
[INFO -- 2018-12-08 23:37:25]
event type: exit
[INFO -- 2018-12-08 23:37:25]
exit code: 0
