[INFO -- 2018-12-01 02:27:06]
Starting flip_value script
version: 1.1
[INFO -- 2018-12-01 02:27:06]
Initialization strings:
[INFO -- 2018-12-01 02:27:06]
(1) file /tmp/knapsack/mf
[INFO -- 2018-12-01 02:27:06]
initSignal:0
[INFO -- 2018-12-01 02:27:06]
endSignal:12
[INFO -- 2018-12-01 02:27:06]
faultModel:4
[INFO -- 2018-12-01 02:27:12]
Backtrace BEGIN:
#0  0x00005555555550b5 in knapSack (W=588593, n=200, values=std::vector of length 200, capacity 256 = {...}, weights=std::vector of length 200, capacity 256 = {...}, V=std::vector of length 201, capacity 201 = {...}) at knapsackmf.cpp:28
#1  0x0000555555555494 in executeAlgorithm () at knapsackmf.cpp:75
#2  0x0000555555555595 in main () at knapsackmf.cpp:82

23	    for (int i = 0; i <= n; i++) {
24	        for (int w = 0; w <= W; w++) {
25	            if (i == 0 || w == 0) {
26	                V[i][w] = 0;
27	            } else {
28	                V[i][w] = -1;
29	            }
30	        }
31	    }
32	

Backtrace END
Memory content before bitflip:0x190x050x080x00
Fault Model: LSB bit-flip
base address to flip value: 0x7fffffffd928
address max offset: 4
Memory content after  bitflip:0x190x050x080x80
frame name: main
symbol name: result1
symbol filename: knapsackmf.cpp
symbol line: 81
value: -2146958055
value address: 0x7fffffffd928
Type: The type is an integer type.
Type sizeof: 4

[INFO -- 2018-12-01 02:27:12]
Fault Injection Successful after 6.379608392715454s
[INFO -- 2018-12-01 02:27:16]
event type: exit
[INFO -- 2018-12-01 02:27:16]
exit code: 0
