[INFO -- 2018-12-08 17:31:42]
Starting flip_value script
version: 1.1
[INFO -- 2018-12-08 17:31:42]
Initialization strings:
[INFO -- 2018-12-08 17:31:42]
(1) file /tmp/knapsack/ga
[INFO -- 2018-12-08 17:31:42]
initSignal:1
[INFO -- 2018-12-08 17:31:42]
endSignal:8
[INFO -- 2018-12-08 17:31:42]
faultModel:2
[INFO -- 2018-12-08 17:31:45]
Backtrace BEGIN:
#0  0x0000555555555359 in crossover (pai=std::vector of length 200, capacity 200 = {...}, mae=std::vector of length 200, capacity 200 = {...}, filho1=std::vector of length 0, capacity 0, filho2=std::vector of length 0, capacity 0) at knapsackga.cpp:94
#1  0x00005555555556d7 in genetic_algorithm () at knapsackga.cpp:130
#2  0x0000555555555b6c in main () at knapsackga.cpp:165

89	    return tournamentWinner;
90	}
91	
92	void crossover(vector<int> &pai, vector<int> &mae, vector<int> &filho1, vector<int> &filho2){
93	    vector<int> mask(n);
94	    for(int i = 0; i < n; i++){
95	        mask[i] = rand_bit();
96	    }
97	    filho1 = pai;
98	    filho2 = mae;

Backtrace END
Memory content before bitflip:0xd10x0b0x000x00
Fault Model: Random bit-flip
base address to flip value: 0x7fffffffd870
address max offset: 4
Memory content after  bitflip:0x360xc30xee0xc1
frame name: genetic_algorithm
symbol name: g2
symbol filename: knapsackga.cpp
symbol line: 115
value: -1041317066
value address: 0x7fffffffd870
Type: The type is an integer type.
Type sizeof: 4

[INFO -- 2018-12-08 17:31:45]
Fault Injection Successful after 3.4092230796813965s
[INFO -- 2018-12-08 17:31:45]
event type: exit
[INFO -- 2018-12-08 17:31:45]
exit code: 0
