[INFO -- 2018-12-02 04:42:23]
Starting flip_value script
version: 1.1
[INFO -- 2018-12-02 04:42:23]
Initialization strings:
[INFO -- 2018-12-02 04:42:23]
(1) file /tmp/knapsack/ga
[INFO -- 2018-12-02 04:42:23]
initSignal:0
[INFO -- 2018-12-02 04:42:23]
endSignal:13
[INFO -- 2018-12-02 04:42:23]
faultModel:0
[INFO -- 2018-12-02 04:42:24]
Backtrace BEGIN:
#0  cost (solution=std::vector of length 200, capacity 200 = {...}) at knapsackga.cpp:25
#1  0x000055555555578e in genetic_algorithm () at knapsackga.cpp:112
#2  0x0000555555555a9b in main () at knapsackga.cpp:141

20	    return rand() % 2;
21	}
22	
23	int cost(vector<int> &solution){
24	    int peso=0, valor=0;
25	    for(int i=0; i < n; i++){
26	        peso += solution[i] * wt[i];
27	        valor += solution[i] * val[i];
28	    }
29	

Backtrace END
Memory content before bitflip:0xf70x8d0x030x00
Fault Model: Single bit-flip
base address to flip value: 0x7fffffffd8e4
address max offset: 4
Memory content after  bitflip:0xf50x8d0x030x00
frame name: cost
symbol name: peso
symbol filename: knapsackga.cpp
symbol line: 24
value: 232949
value address: 0x7fffffffd8e4
Type: The type is an integer type.
Type sizeof: 4

[INFO -- 2018-12-02 04:42:24]
Fault Injection Successful after 1.7962439060211182s
[INFO -- 2018-12-02 04:42:36]
event type: exit
[INFO -- 2018-12-02 04:42:36]
exit code: 0
