[INFO -- 2018-12-08 10:41:52]
Starting flip_value script
version: 1.1
[INFO -- 2018-12-08 10:41:52]
Initialization strings:
[INFO -- 2018-12-08 10:41:52]
(1) file /tmp/knapsack/mf
[INFO -- 2018-12-08 10:41:52]
initSignal:1
[INFO -- 2018-12-08 10:41:52]
endSignal:3
[INFO -- 2018-12-08 10:41:52]
faultModel:4
[EXCEPTION -- 2018-12-08 10:41:53]
gdbException: Cannot access memory at address 0x2000555555772450
[EXCEPTION -- 2018-12-08 10:41:53]
gdbException: Cannot access memory at address 0x6000555555772450
[EXCEPTION -- 2018-12-08 10:41:53]
pythonException: Unable to exit loop in struct fields; Exiting wihtout making a bit flip
[INFO -- 2018-12-08 10:41:53]
event type: exit
[EXCEPTION -- 2018-12-08 10:41:53]
exit code: no exit code available
