[INFO -- 2018-12-08 04:45:24]
Starting flip_value script
version: 1.1
[INFO -- 2018-12-08 04:45:24]
Initialization strings:
[INFO -- 2018-12-08 04:45:24]
(1) file /tmp/knapsack/sa
[INFO -- 2018-12-08 04:45:24]
initSignal:0
[INFO -- 2018-12-08 04:45:24]
endSignal:9
[INFO -- 2018-12-08 04:45:24]
faultModel:4
[INFO -- 2018-12-08 04:45:26]
Backtrace BEGIN:
#0  0x000055555555584f in std::vector<int, std::allocator<int> >::operator[] (this=0x555555759080 <wt>, __n=188) at /usr/include/c++/7/bits/stl_vector.h:795
#1  0x0000555555555149 in cost (solution=std::vector of length 200, capacity 200 = {...}) at knapsacksa.cpp:59
#2  0x000055555555534c in simulated_annealing () at knapsacksa.cpp:92
#3  0x0000555555555658 in main () at knapsacksa.cpp:146

790	       *  Note that data access with this operator is unchecked and
791	       *  out_of_range lookups are not defined. (For checked lookups
792	       *  see at().)
793	       */
794	      reference
795	      operator[](size_type __n) _GLIBCXX_NOEXCEPT
796	      {
797		__glibcxx_requires_subscript(__n);
798		return *(this->_M_impl._M_start + __n);
799	      }

Backtrace END
Memory content before bitflip:0xff0xe00xf50x05
Fault Model: LSB bit-flip
base address to flip value: 0x7fffffffd704
address max offset: 4
Memory content after  bitflip:0xff0xe00xf50x15
frame name: simulated_annealing
symbol name: c
symbol filename: knapsacksa.cpp
symbol line: 92
value: 368435455
value address: 0x7fffffffd704
Type: The type is an integer type.
Type sizeof: 4

[INFO -- 2018-12-08 04:45:26]
Fault Injection Successful after 2.6367931365966797s
[INFO -- 2018-12-08 04:45:34]
event type: exit
[INFO -- 2018-12-08 04:45:34]
exit code: 0
