[INFO -- 2018-12-08 23:43:23]
Starting flip_value script
version: 1.1
[INFO -- 2018-12-08 23:43:23]
Initialization strings:
[INFO -- 2018-12-08 23:43:23]
(1) file /tmp/knapsack/ga
[INFO -- 2018-12-08 23:43:23]
initSignal:1
[INFO -- 2018-12-08 23:43:23]
endSignal:8
[INFO -- 2018-12-08 23:43:23]
faultModel:2
[INFO -- 2018-12-08 23:43:26]
Backtrace BEGIN:
#0  std::vector<int, std::allocator<int> >::operator[] (this=0x55555578ad30, __n=95) at /usr/include/c++/7/bits/stl_vector.h:799
#1  0x00005555555550f9 in cost (solution=std::vector of length 200, capacity 200 = {...}) at knapsackga.cpp:44
#2  0x000055555555589e in genetic_algorithm () at knapsackga.cpp:138
#3  0x0000555555555b6c in main () at knapsackga.cpp:165

794	      reference
795	      operator[](size_type __n) _GLIBCXX_NOEXCEPT
796	      {
797		__glibcxx_requires_subscript(__n);
798		return *(this->_M_impl._M_start + __n);
799	      }
800	
801	      /**
802	       *  @brief  Subscript access to the data contained in the %vector.
803	       *  @param __n The index of the element for which data should be

Backtrace END
Memory content before bitflip:0x5f0x000x000x000x000x000x000x00
Fault Model: Random bit-flip
base address to flip value: 0x7fffffffd7f0
address max offset: 8
Memory content after  bitflip:0xb90xda0xab0x360xca0x1d0xc90xcb
frame name: std::vector<int, std::allocator<int> >::operator[]
symbol name: __n
symbol filename: /usr/include/c++/7/bits/stl_vector.h
symbol line: 795
value: 14684300814356044473
value address: 0x7fffffffd7f0
Type: The type is an integer type.
Type sizeof: 8

[INFO -- 2018-12-08 23:43:26]
Fault Injection Successful after 3.0195059776306152s
[INFO -- 2018-12-08 23:43:31]
event type: exit
[INFO -- 2018-12-08 23:43:31]
exit code: 0
