[INFO -- 2018-09-23 19:28:14]
Starting flip_value script
version: 1.1
[INFO -- 2018-09-23 19:28:14]
Initialization strings:
[INFO -- 2018-09-23 19:28:14]
(1) file /tmp/knapsack/sa
[INFO -- 2018-09-23 19:28:14]
initSignal:0
[INFO -- 2018-09-23 19:28:14]
endSignal:2
[INFO -- 2018-09-23 19:28:14]
faultModel:2
[INFO -- 2018-09-23 19:28:15]
Backtrace BEGIN:
#0  __memmove_sse2_unaligned_erms () at ../sysdeps/x86_64/multiarch/memmove-vec-unaligned-erms.S:527
#1  0x0000555555556d40 in std::__copy_move<false, true, std::random_access_iterator_tag>::__copy_m<int> (__first=0x5555557713d0, __last=0x5555557716f0, __result=0x555555771700) at /usr/include/c++/7/bits/stl_algobase.h:368
#2  0x0000555555556aae in std::__copy_move_a<false, int const*, int*> (__first=0x5555557713d0, __last=0x5555557716f0, __result=0x555555771700) at /usr/include/c++/7/bits/stl_algobase.h:386
#3  0x0000555555556e42 in std::__copy_move_a2<false, __gnu_cxx::__normal_iterator<int const*, std::vector<int, std::allocator<int> > >, int*> (__first=0, __last=0, __result=0x555555771700) at /usr/include/c++/7/bits/stl_algobase.h:424
#4  0x0000555555556c99 in std::copy<__gnu_cxx::__normal_iterator<int const*, std::vector<int, std::allocator<int> > >, int*> (__first=0, __last=0, __result=0x555555771700) at /usr/include/c++/7/bits/stl_algobase.h:456
#5  0x00005555555569f6 in std::__uninitialized_copy<true>::__uninit_copy<__gnu_cxx::__normal_iterator<int const*, std::vector<int, std::allocator<int> > >, int*> (__first=0, __last=0, __result=0x555555771700) at /usr/include/c++/7/bits/stl_uninitialized.h:101
#6  0x0000555555556552 in std::uninitialized_copy<__gnu_cxx::__normal_iterator<int const*, std::vector<int, std::allocator<int> > >, int*> (__first=0, __last=0, __result=0x555555771700) at /usr/include/c++/7/bits/stl_uninitialized.h:134
#7  0x0000555555555dbb in std::__uninitialized_copy_a<__gnu_cxx::__normal_iterator<int const*, std::vector<int, std::allocator<int> > >, int*, int> (__first=0, __last=0, __result=0x555555771700) at /usr/include/c++/7/bits/stl_uninitialized.h:289
#8  0x00005555555556b3 in std::vector<int, std::allocator<int> >::vector (this=0x7fffffffda00, __x=std::vector of length 200, capacity 200 = {...}) at /usr/include/c++/7/bits/stl_vector.h:331
#9  0x00005555555550ca in simulated_annealing () at knapsacksa.cpp:47
#10 0x000055555555535e in main () at knapsacksa.cpp:84

522	../sysdeps/x86_64/multiarch/memmove-vec-unaligned-erms.S: No such file or directory.

Backtrace END
Fliping value of field: _M_current
Fliping a bit of the value pointed by a pointer
Memory content before bitflip:0x000x000x000x00
Fault Model: Random bit-flip
base address to flip value: 0x5555557716f0
address max offset: 4
Memory content after  bitflip:0x360x140x0a0xea
frame name: std::__uninitialized_copy_a<__gnu_cxx::__normal_iterator<int const*, std::vector<int, std::allocator<int> > >, int*, int>
symbol name: __last
symbol filename: /usr/include/c++/7/bits/stl_uninitialized.h
symbol line: 287
value: -368438218
value address: 0x7fffffffd940
Type: The type is a structure.
Type sizeof: 8
Field name: _M_current
Field Type: The type is a pointer.
Field Type sizeof: 8

[INFO -- 2018-09-23 19:28:15]
Fault Injection Successful after 1.699897289276123s
[INFO -- 2018-09-23 19:28:17]
event type: exit
[INFO -- 2018-09-23 19:28:17]
exit code: 0
