[INFO -- 2018-11-30 03:14:10]
Starting flip_value script
version: 1.1
[INFO -- 2018-11-30 03:14:10]
Initialization strings:
[INFO -- 2018-11-30 03:14:10]
(1) file /tmp/knapsack/sa
[INFO -- 2018-11-30 03:14:10]
initSignal:0
[INFO -- 2018-11-30 03:14:10]
endSignal:7
[INFO -- 2018-11-30 03:14:10]
faultModel:1
[INFO -- 2018-11-30 03:14:13]
Backtrace BEGIN:
#0  0x00005555555550dd in cost (solution=std::vector of length 200, capacity 200 = {...}) at knapsacksa.cpp:28
#1  0x0000555555555259 in simulated_annealing () at knapsacksa.cpp:52
#2  0x0000555555555522 in main () at knapsacksa.cpp:85

23	}
24	
25	int cost(vector<int> &solution){
26	    int peso=0, valor=0;
27	    for(int i=0; i < n; i++){
28	       peso += solution[i] * wt[i];
29	       valor += solution[i] * val[i];
30	    }
31	    if(peso > W)
32	       return 99999999;

Backtrace END
Memory content before bitflip:0x310xfb0x080x00
Fault Model: Double bit-flip
base address to flip value: 0x55555575917c 
address max offset: 4
Memory content after  bitflip:0x230xfb0x080x00
frame name: main
symbol name: W
symbol filename: knapsacksa.cpp
symbol line: 15
value: 588579
value address: 0x55555575917c <W>
Type: The type is an integer type.
Type sizeof: 4

[INFO -- 2018-11-30 03:14:13]
Fault Injection Successful after 3.6897106170654297s
[INFO -- 2018-11-30 03:14:17]
event type: exit
[INFO -- 2018-11-30 03:14:17]
exit code: 0
