[INFO -- 2018-09-25 06:49:31]
Starting flip_value script
version: 1.1
[INFO -- 2018-09-25 06:49:31]
Initialization strings:
[INFO -- 2018-09-25 06:49:31]
(1) file /tmp/knapsack/ga
[INFO -- 2018-09-25 06:49:31]
initSignal:1
[INFO -- 2018-09-25 06:49:31]
endSignal:3.5
[INFO -- 2018-09-25 06:49:31]
faultModel:0
[EXCEPTION -- 2018-09-25 06:49:32]
pythonException: Unable to exit loop in struct fields; Exiting wihtout making a bit flip
[EXCEPTION -- 2018-09-25 06:49:32]
pythonException: Unable to exit loop in struct fields; Exiting wihtout making a bit flip
[EXCEPTION -- 2018-09-25 06:49:33]
pythonException: Unable to exit loop in struct fields; Exiting wihtout making a bit flip
[INFO -- 2018-09-25 06:49:33]
Backtrace BEGIN:
#0  0x000055555555749c in std::_Vector_base<chromossome, std::allocator<chromossome> >::_M_get_Tp_allocator (this=0x7fffffffd870) at /usr/include/c++/7/bits/stl_vector.h:120
#1  0x0000555555558f44 in std::vector<chromossome, std::allocator<chromossome> >::max_size (this=0x7fffffffd870) at /usr/include/c++/7/bits/stl_vector.h:676
#2  0x0000555555557f77 in std::vector<chromossome, std::allocator<chromossome> >::_M_check_len (this=0x7fffffffd870, __n=1, __s=0x55555555b297 "vector::_M_realloc_insert") at /usr/include/c++/7/bits/stl_vector.h:1503
#3  0x0000555555556ad2 in std::vector<chromossome, std::allocator<chromossome> >::_M_realloc_insert<chromossome const&> (this=0x7fffffffd870, __position=non-dereferenceable iterator for std::vector, __args#0=...) at /usr/include/c++/7/bits/vector.tcc:403
#4  0x0000555555555d28 in std::vector<chromossome, std::allocator<chromossome> >::push_back (this=0x7fffffffd870, __x=...) at /usr/include/c++/7/bits/stl_vector.h:948
#5  0x000055555555502c in tournament (pop=std::vector of length 40, capacity 64 = {...}) at knapsackga.cpp:63
#6  0x0000555555555409 in genetic_algorithm () at knapsackga.cpp:102
#7  0x00005555555558d7 in main () at knapsackga.cpp:137

115	      _M_get_Tp_allocator() _GLIBCXX_NOEXCEPT
116	      { return *static_cast<_Tp_alloc_type*>(&this->_M_impl); }
117	
118	      const _Tp_alloc_type&
119	      _M_get_Tp_allocator() const _GLIBCXX_NOEXCEPT
120	      { return *static_cast<const _Tp_alloc_type*>(&this->_M_impl); }
121	
122	      allocator_type
123	      get_allocator() const _GLIBCXX_NOEXCEPT
124	      { return allocator_type(_M_get_Tp_allocator()); }

Backtrace END
Fliping a bit of the pointer
Memory content before bitflip:0x100xd80xff0xff0xff0x7f0x000x00
Fault Model: Single bit-flip
base address to flip value: 0x7fffffffd7e8
address max offset: 8
Memory content after  bitflip:0x100xd80xff0xff0xdf0x7f0x000x00
frame name: std::vector<chromossome, std::allocator<chromossome> >::_M_realloc_insert<chromossome const&>
symbol name: __new_finish
symbol filename: /usr/include/c++/7/bits/vector.tcc
symbol line: 407
value: 0x7fffffffd810
value address: 0x7fffffffd7e8
Type: The type is a pointer.
Type sizeof: 8

[INFO -- 2018-09-25 06:49:33]
Fault Injection Successful after 2.689755916595459s
[INFO -- 2018-09-25 06:49:35]
event type: exit
[INFO -- 2018-09-25 06:49:35]
exit code: 0
