[INFO -- 2018-12-09 01:23:42]
Starting flip_value script
version: 1.1
[INFO -- 2018-12-09 01:23:42]
Initialization strings:
[INFO -- 2018-12-09 01:23:42]
(1) file /tmp/knapsack/ga
[INFO -- 2018-12-09 01:23:42]
initSignal:1
[INFO -- 2018-12-09 01:23:42]
endSignal:8
[INFO -- 2018-12-09 01:23:42]
faultModel:0
[INFO -- 2018-12-09 01:23:45]
Backtrace BEGIN:
#0  std::vector<chromossome, std::allocator<chromossome> >::begin (this=0x7fffffffd820) at /usr/include/c++/7/bits/stl_vector.h:563
#1  0x0000555555556dcc in std::vector<chromossome, std::allocator<chromossome> >::_M_realloc_insert<chromossome const&> (this=0x7fffffffd820, __position={solution = std::vector of length 20, capacity 0 = {<error reading variable>, __args#0=...) at /usr/include/c++/7/bits/vector.tcc:405
#2  0x0000555555556012 in std::vector<chromossome, std::allocator<chromossome> >::push_back (this=0x7fffffffd820, __x=...) at /usr/include/c++/7/bits/stl_vector.h:948
#3  0x0000555555555230 in tournament (pop=std::vector of length 40, capacity 64 = {...}) at knapsackga.cpp:84
#4  0x0000555555555691 in genetic_algorithm () at knapsackga.cpp:129
#5  0x0000555555555b6c in main () at knapsackga.cpp:165

558	       *  Returns a read/write iterator that points to the first
559	       *  element in the %vector.  Iteration is done in ordinary
560	       *  element order.
561	       */
562	      iterator
563	      begin() _GLIBCXX_NOEXCEPT
564	      { return iterator(this->_M_impl._M_start); }
565	
566	      /**
567	       *  Returns a read-only (constant) iterator that points to the

Backtrace END
Fliping value of field: std::_Vector_base<int, std::allocator<int> >
Fliping value of field: _M_impl
Fliping value of field: _M_finish
Fliping a bit of the pointer
Memory content before bitflip:0x800x7b0x770x550x550x550x000x00
Fault Model: Single bit-flip
base address to flip value: 0x55555575f058 
address max offset: 8
Memory content after  bitflip:0x800x790x770x550x550x550x000x00
frame name: genetic_algorithm
symbol name: val2
symbol filename: knapsackga.cpp
symbol line: 15
value: std::vector of length 72, capacity 256 = {9561, 9479, 566, 849, 8355, 7360, 6698, 3082, 6060, 6069, 5813, 1584, 4307, 3936, 7231, 9949, 9494, 5442, 4449, 2683, 360, 275, 4649, 3185, 3801, 8918, 5258, 5606, 2362, 239, 3252, 1367, 5103, 9987, 6745, 1819, 8936, 7968, 7345, 9066, 7629, 7898, 3538, 9810, 9620, 1612, 7541, 7152, 4615, 5304, 4901, 9249, 5009, 8316, 3540, 8829, 8998, 4611, 5678, 9204, 7238, 4867, 2219, 3247, 6996, 1661, 9080, 2682, 9114, 3096, 9574, 7063}
value address: 0x55555575f050 <val2>
Type: The type is a structure.
Type sizeof: 24
Field name: std::_Vector_base<int, std::allocator<int> >
Field Type: The type is a structure.
Field Type sizeof: 24

[INFO -- 2018-12-09 01:23:45]
Fault Injection Successful after 3.0968053340911865s
[INFO -- 2018-12-09 01:23:50]
event type: exit
[INFO -- 2018-12-09 01:23:50]
exit code: 0
