[INFO -- 2018-09-23 14:02:17]
Starting flip_value script
version: 1.1
[INFO -- 2018-09-23 14:02:17]
Initialization strings:
[INFO -- 2018-09-23 14:02:17]
(1) file /tmp/knapsack/sa
[INFO -- 2018-09-23 14:02:17]
initSignal:0
[INFO -- 2018-09-23 14:02:17]
endSignal:2
[INFO -- 2018-09-23 14:02:17]
faultModel:4
[INFO -- 2018-09-23 14:02:17]
Backtrace BEGIN:
#0  0x0000555555554fea in cost (solution=std::vector of length 200, capacity 200 = {...}) at knapsacksa.cpp:27
#1  0x000055555555511f in simulated_annealing () at knapsacksa.cpp:50
#2  0x000055555555535e in main () at knapsacksa.cpp:84

22	   return static_cast <float> (rand()) / static_cast <float> (RAND_MAX);
23	}
24	
25	int cost(vector<int> &solution){
26	    int peso=0, valor=0;
27	    for(int i=0; i < n; i++){
28	       peso += solution[i] * wt[i];
29	       valor += solution[i] * val[i];
30	    }
31	    if(peso > W)

Backtrace END
Memory content before bitflip:0x310xfb0x080x00
Fault Model: LSB bit-flip
base address to flip value: 0x55555575906c 
address max offset: 4
Memory content after  bitflip:0x310xfb0x080x02
frame name: main
symbol name: W
symbol filename: knapsacksa.cpp
symbol line: 15
value: 34143025
value address: 0x55555575906c <W>
Type: The type is an integer type.
Type sizeof: 4

[INFO -- 2018-09-23 14:02:17]
Fault Injection Successful after 0.8705694675445557s
[INFO -- 2018-09-23 14:02:19]
event type: exit
[INFO -- 2018-09-23 14:02:19]
exit code: 0
