[INFO -- 2018-12-09 05:15:07]
Starting flip_value script
version: 1.1
[INFO -- 2018-12-09 05:15:07]
Initialization strings:
[INFO -- 2018-12-09 05:15:07]
(1) file /tmp/knapsack/ga
[INFO -- 2018-12-09 05:15:07]
initSignal:1
[INFO -- 2018-12-09 05:15:07]
endSignal:8
[INFO -- 2018-12-09 05:15:07]
faultModel:0
[INFO -- 2018-12-09 05:15:10]
Backtrace BEGIN:
#0  std::swap<int*> (__a=@0x7fffffffd8e8: 0x555555786870, __b=@0x7fffffffd968: 0x555555786870) at /usr/include/c++/7/bits/move.h:200
#1  0x000055555555874a in std::_Vector_base<int, std::allocator<int> >::_Vector_impl::_M_swap_data (this=0x7fffffffd8e0, __x=...) at /usr/include/c++/7/bits/stl_vector.h:106
#2  0x000055555555772c in std::vector<int, std::allocator<int> >::_M_move_assign (this=0x7fffffffd8e0, __x=...) at /usr/include/c++/7/bits/stl_vector.h:1533
#3  0x000055555555673d in std::vector<int, std::allocator<int> >::operator= (this=0x7fffffffd8e0, __x=...) at /usr/include/c++/7/bits/stl_vector.h:466
#4  0x00005555555556a7 in genetic_algorithm () at knapsackga.cpp:129
#5  0x0000555555555b6c in main () at knapsackga.cpp:165

195	      // concept requirements
196	      __glibcxx_function_requires(_SGIAssignableConcept<_Tp>)
197	
198	      _Tp __tmp = _GLIBCXX_MOVE(__a);
199	      __a = _GLIBCXX_MOVE(__b);
200	      __b = _GLIBCXX_MOVE(__tmp);
201	    }
202	
203	  // _GLIBCXX_RESOLVE_LIB_DEFECTS
204	  // DR 809. std::swap should be overloaded for array types.

Backtrace END
Memory content before bitflip:0xc80x000x000x00
Fault Model: Single bit-flip
base address to flip value: 0x55555575f0a8 
address max offset: 4
Memory content after  bitflip:0x880x000x000x00
frame name: std::swap<int*>
symbol name: n
symbol filename: knapsackga.cpp
symbol line: 18
value: 136
value address: 0x55555575f0a8 <n>
Type: The type is an integer type.
Type sizeof: 4

[INFO -- 2018-12-09 05:15:10]
Fault Injection Successful after 3.7416276931762695s
[INFO -- 2018-12-09 05:15:10]
event type: exit
[INFO -- 2018-12-09 05:15:10]
exit code: 0
