[INFO -- 2018-09-23 16:15:05]
Starting flip_value script
version: 1.1
[INFO -- 2018-09-23 16:15:05]
Initialization strings:
[INFO -- 2018-09-23 16:15:05]
(1) file /tmp/knapsack/sa
[INFO -- 2018-09-23 16:15:05]
initSignal:0
[INFO -- 2018-09-23 16:15:05]
endSignal:2
[INFO -- 2018-09-23 16:15:05]
faultModel:0
[EXCEPTION -- 2018-09-23 16:15:06]
pythonException: Unable to exit loop in struct fields; Exiting wihtout making a bit flip
[INFO -- 2018-09-23 16:15:06]
Backtrace BEGIN:
#0  __GI___libc_free (mem=0x555555771700) at malloc.c:3107
#1  0x0000555555556a18 in __gnu_cxx::new_allocator<int>::deallocate (this=0x7fffffffda30, __p=0x555555771700) at /usr/include/c++/7/ext/new_allocator.h:125
#2  0x00005555555565c4 in std::allocator_traits<std::allocator<int> >::deallocate (__a=..., __p=0x555555771700, __n=200) at /usr/include/c++/7/bits/alloc_traits.h:462
#3  0x0000555555555e28 in std::_Vector_base<int, std::allocator<int> >::_M_deallocate (this=0x7fffffffda30, __p=0x555555771700, __n=200) at /usr/include/c++/7/bits/stl_vector.h:180
#4  0x0000555555555b63 in std::_Vector_base<int, std::allocator<int> >::~_Vector_base (this=0x7fffffffda30, __in_chrg=<optimized out>) at /usr/include/c++/7/bits/stl_vector.h:162
#5  0x00005555555555fb in std::vector<int, std::allocator<int> >::~vector (this=0x7fffffffda30, __in_chrg=<optimized out>) at /usr/include/c++/7/bits/stl_vector.h:435
#6  0x00005555555551cb in simulated_annealing () at knapsacksa.cpp:47
#7  0x000055555555535e in main () at knapsacksa.cpp:84

3102	in malloc.c

Backtrace END
Memory content before bitflip:0xa10x000x000x00
Fault Model: Single bit-flip
base address to flip value: 0x7fffffffda08
address max offset: 4
Memory content after  bitflip:0xa10x010x000x00
frame name: simulated_annealing
symbol name: i
symbol filename: knapsacksa.cpp
symbol line: 48
value: 417
value address: 0x7fffffffda08
Type: The type is an integer type.
Type sizeof: 4

[INFO -- 2018-09-23 16:15:06]
Fault Injection Successful after 1.2350616455078125s
[INFO -- 2018-09-23 16:15:07]
event type: exit
[INFO -- 2018-09-23 16:15:07]
exit code: 0
