[INFO -- 2018-09-25 06:48:02]
Starting flip_value script
version: 1.1
[INFO -- 2018-09-25 06:48:02]
Initialization strings:
[INFO -- 2018-09-25 06:48:02]
(1) file /tmp/knapsack/ga
[INFO -- 2018-09-25 06:48:02]
initSignal:1
[INFO -- 2018-09-25 06:48:02]
endSignal:3.5
[INFO -- 2018-09-25 06:48:02]
faultModel:3
[EXCEPTION -- 2018-09-25 06:48:03]
pythonException: empty range for randrange() (0,0, 0)
[INFO -- 2018-09-25 06:48:03]
Backtrace BEGIN:
#0  0x0000555555556363 in std::swap<int> (__a=@0x555555785304: 1, __b=@0x5555557862f4: 1) at /usr/include/c++/7/bits/move.h:198
#1  0x00005555555551e7 in crossover (pai=std::vector of length 200, capacity 200 = {...}, mae=std::vector of length 200, capacity 200 = {...}, filho1=std::vector of length 200, capacity 200 = {...}, filho2=std::vector of length 200, capacity 200 = {...}) at knapsackga.cpp:80
#2  0x000055555555548d in genetic_algorithm () at knapsackga.cpp:104
#3  0x00005555555558d7 in main () at knapsackga.cpp:137

193	#endif
194	    {
195	      // concept requirements
196	      __glibcxx_function_requires(_SGIAssignableConcept<_Tp>)
197	
198	      _Tp __tmp = _GLIBCXX_MOVE(__a);
199	      __a = _GLIBCXX_MOVE(__b);
200	      __b = _GLIBCXX_MOVE(__tmp);
201	    }
202	

Backtrace END
Memory content before bitflip:0x690x000x000x00
Fault Model: Zero bit-flip
base address to flip value: 0x7fffffffd86c
address max offset: 4
Memory content after  bitflip:0x000x000x000x00
frame name: crossover
symbol name: i
symbol filename: knapsackga.cpp
symbol line: 78
value: 0
value address: 0x7fffffffd86c
Type: The type is an integer type.
Type sizeof: 4

[INFO -- 2018-09-25 06:48:03]
Fault Injection Successful after 1.4894332885742188s
[INFO -- 2018-09-25 06:48:06]
event type: exit
[INFO -- 2018-09-25 06:48:06]
exit code: 0
