[INFO -- 2018-12-08 20:28:46]
Starting flip_value script
version: 1.1
[INFO -- 2018-12-08 20:28:46]
Initialization strings:
[INFO -- 2018-12-08 20:28:46]
(1) file /tmp/knapsack/sa
[INFO -- 2018-12-08 20:28:46]
initSignal:0
[INFO -- 2018-12-08 20:28:46]
endSignal:9
[INFO -- 2018-12-08 20:28:46]
faultModel:4
[EXCEPTION -- 2018-12-08 20:28:50]
pythonException: empty range for randrange() (0,0, 0)
[EXCEPTION -- 2018-12-08 20:28:50]
gdbException: Cannot access memory at address 0x1000555555771450
[EXCEPTION -- 2018-12-08 20:28:50]
pythonException: Unable to exit loop in struct fields; Exiting wihtout making a bit flip
[INFO -- 2018-12-08 20:28:51]
event type: exit
[EXCEPTION -- 2018-12-08 20:28:51]
exit code: no exit code available
