[INFO -- 2018-09-25 09:14:57]
Starting flip_value script
version: 1.1
[INFO -- 2018-09-25 09:14:57]
Initialization strings:
[INFO -- 2018-09-25 09:14:57]
(1) file /tmp/knapsack/ga
[INFO -- 2018-09-25 09:14:57]
initSignal:1
[INFO -- 2018-09-25 09:14:57]
endSignal:3.5
[INFO -- 2018-09-25 09:14:57]
faultModel:3
[INFO -- 2018-09-25 09:14:58]
Backtrace BEGIN:
#0  0x00005555555595a4 in std::__niter_base<int const*, std::vector<int, std::allocator<int> > > (__it=0) at /usr/include/c++/7/bits/stl_iterator.h:984
#1  0x000055555555a893 in std::__copy_move_a2<false, __gnu_cxx::__normal_iterator<int const*, std::vector<int, std::allocator<int> > >, int*> (__first=0, __last=816, __result=0x555555786150) at /usr/include/c++/7/bits/stl_algobase.h:422
#2  0x0000555555559fd6 in std::copy<__gnu_cxx::__normal_iterator<int const*, std::vector<int, std::allocator<int> > >, int*> (__first=0, __last=816, __result=0x555555786150) at /usr/include/c++/7/bits/stl_algobase.h:456
#3  0x000055555555948e in std::__uninitialized_copy<true>::__uninit_copy<__gnu_cxx::__normal_iterator<int const*, std::vector<int, std::allocator<int> > >, int*> (__first=0, __last=816, __result=0x555555786150) at /usr/include/c++/7/bits/stl_uninitialized.h:101
#4  0x00005555555583be in std::uninitialized_copy<__gnu_cxx::__normal_iterator<int const*, std::vector<int, std::allocator<int> > >, int*> (__first=0, __last=816, __result=0x555555786150) at /usr/include/c++/7/bits/stl_uninitialized.h:134
#5  0x0000555555556f6d in std::__uninitialized_copy_a<__gnu_cxx::__normal_iterator<int const*, std::vector<int, std::allocator<int> > >, int*, int> (__first=0, __last=816, __result=0x555555786150) at /usr/include/c++/7/bits/stl_uninitialized.h:289
#6  0x0000555555557155 in std::vector<int, std::allocator<int> >::_M_allocate_and_copy<__gnu_cxx::__normal_iterator<int const*, std::vector<int, std::allocator<int> > > > (this=0x7fffffffd950, __n=200, __first=0, __last=816) at /usr/include/c++/7/bits/stl_vector.h:1263
#7  0x000055555555617b in std::vector<int, std::allocator<int> >::operator= (this=0x7fffffffd950, __x=std::vector of length 200, capacity 200 = {...}) at /usr/include/c++/7/bits/vector.tcc:206
#8  0x000055555555516a in crossover (pai=std::vector of length 200, capacity 200 = {...}, mae=std::vector of length 200, capacity 200 = {...}, filho1=std::vector of length 0, capacity 0, filho2=std::vector of length 0, capacity 0) at knapsackga.cpp:76
#9  0x000055555555548d in genetic_algorithm () at knapsackga.cpp:104
#10 0x00005555555558d7 in main () at knapsackga.cpp:137

979	_GLIBCXX_BEGIN_NAMESPACE_VERSION
980	
981	  template<typename _Iterator, typename _Container>
982	    _Iterator
983	    __niter_base(__gnu_cxx::__normal_iterator<_Iterator, _Container> __it)
984	    { return __it.base(); }
985	
986	_GLIBCXX_END_NAMESPACE_VERSION
987	} // namespace
988	

Backtrace END
Fliping a bit of the pointer
Memory content before bitflip:0x500x610x780x550x550x550x000x00
Fault Model: Zero bit-flip
base address to flip value: 0x7fffffffd778
address max offset: 8
Memory content after  bitflip:0x000x000x000x000x000x000x000x00
frame name: std::__uninitialized_copy_a<__gnu_cxx::__normal_iterator<int const*, std::vector<int, std::allocator<int> > >, int*, int>
symbol name: __result
symbol filename: /usr/include/c++/7/bits/stl_uninitialized.h
symbol line: 288
value: 0x555555786150
value address: 0x7fffffffd778
Type: The type is a pointer.
Type sizeof: 8

[INFO -- 2018-09-25 09:14:58]
Fault Injection Successful after 1.1456387042999268s
[INFO -- 2018-09-25 09:15:00]
event type: exit
[INFO -- 2018-09-25 09:15:00]
exit code: 0
