[INFO -- 2018-12-08 08:47:03]
Starting flip_value script
version: 1.1
[INFO -- 2018-12-08 08:47:03]
Initialization strings:
[INFO -- 2018-12-08 08:47:03]
(1) file /tmp/knapsack/sa
[INFO -- 2018-12-08 08:47:03]
initSignal:0
[INFO -- 2018-12-08 08:47:03]
endSignal:9
[INFO -- 2018-12-08 08:47:03]
faultModel:4
[EXCEPTION -- 2018-12-08 08:47:04]
gdbException: Attempt to dereference a generic pointer.
[EXCEPTION -- 2018-12-08 08:47:04]
gdbException: Attempt to dereference a generic pointer.
[INFO -- 2018-12-08 08:47:05]
Backtrace BEGIN:
#0  0x0000555555555161 in cost (solution=std::vector of length 200, capacity 200 = {...}) at knapsacksa.cpp:59
#1  0x000055555555534c in simulated_annealing () at knapsacksa.cpp:92
#2  0x0000555555555658 in main () at knapsacksa.cpp:146

54	    }
55	
56	    int peso=0, peso2=0, valor=0, valor2=0;
57	    for(int i=0; i < n; i++){
58	        peso += solution[i] * wt[i];
59	        valor += solution[i] * val[i];
60	    }
61	    for(int i=0; i < n; i++){
62	        peso2 += solution[i] * wt2[i];
63	        valor2 += solution[i] * val2[i];

Backtrace END
Memory content before bitflip:0xc80x000x000x00
Fault Model: LSB bit-flip
base address to flip value: 0x55555575903c 
address max offset: 4
Memory content after  bitflip:0xc80x000x000x01
frame name: cost
symbol name: n2
symbol filename: knapsacksa.cpp
symbol line: 13
value: 16777416
value address: 0x55555575903c <n2>
Type: The type is an integer type.
Type sizeof: 4

[INFO -- 2018-12-08 08:47:05]
Fault Injection Successful after 2.5530776977539062s
[INFO -- 2018-12-08 08:47:05]
event type: exit
[INFO -- 2018-12-08 08:47:05]
exit code: 0
