[INFO -- 2018-09-21 20:43:02]
Starting flip_value script
version: 1.1
[INFO -- 2018-09-21 20:43:02]
Initialization strings:
[INFO -- 2018-09-21 20:43:02]
(1) file /tmp/knapsack/dp
[INFO -- 2018-09-21 20:43:02]
initSignal:1
[INFO -- 2018-09-21 20:43:02]
endSignal:3
[INFO -- 2018-09-21 20:43:02]
faultModel:2
[EXCEPTION -- 2018-09-21 20:43:03]
pythonException: empty range for randrange() (0,0, 0)
[INFO -- 2018-09-21 20:43:03]
Backtrace BEGIN:
#0  0x000055555555506d in knapSack (W=588593, n=200, val=std::vector of length 200, capacity 256 = {...}, wt=std::vector of length 200, capacity 256 = {...}) at knapsackdp.cpp:24
#1  0x0000555555555375 in main () at knapsackdp.cpp:54

19	            for(int w=0; w <= W; w++){
20	                if(i == 0 || w == 0)
21	                    V[i][w] = 0;
22	                else if(w >= wt[i-1]){
23	                    if(val[i-1] + V[i-1][w - wt[i-1]] > V[i-1][w]){
24	                        V[i][w] = val[i-1] + V[i-1][w - wt[i-1]];
25	                    }
26	                    else{
27	                        V[i][w] = V[i-1][w];
28	                    }

Backtrace END
Memory content before bitflip:0xc80x000x000x00
Fault Model: Random bit-flip
base address to flip value: 0x7fffffffd9fc
address max offset: 4
Memory content after  bitflip:0x6a0x5c0x2b0xcc
frame name: main
symbol name: n
symbol filename: knapsackdp.cpp
symbol line: 45
value: -869573526
value address: 0x7fffffffd9fc
Type: The type is an integer type.
Type sizeof: 4

[INFO -- 2018-09-21 20:43:03]
Fault Injection Successful after 1.6214170455932617s
[INFO -- 2018-09-21 20:43:05]
event type: exit
[INFO -- 2018-09-21 20:43:05]
exit code: 0
