[INFO -- 2018-12-09 02:13:22]
Starting flip_value script
version: 1.1
[INFO -- 2018-12-09 02:13:22]
Initialization strings:
[INFO -- 2018-12-09 02:13:22]
(1) file /tmp/knapsack/ga
[INFO -- 2018-12-09 02:13:22]
initSignal:1
[INFO -- 2018-12-09 02:13:22]
endSignal:8
[INFO -- 2018-12-09 02:13:22]
faultModel:3
[INFO -- 2018-12-09 02:13:24]
Backtrace BEGIN:
#0  0x0000555555555e77 in std::vector<int, std::allocator<int> >::operator[] (this=0x55555575f090 <wt2>, __n=94) at /usr/include/c++/7/bits/stl_vector.h:795
#1  0x000055555555512c in cost (solution=std::vector of length 200, capacity 200 = {...}) at knapsackga.cpp:45
#2  0x000055555555589e in genetic_algorithm () at knapsackga.cpp:138
#3  0x0000555555555b6c in main () at knapsackga.cpp:165

790	       *  Note that data access with this operator is unchecked and
791	       *  out_of_range lookups are not defined. (For checked lookups
792	       *  see at().)
793	       */
794	      reference
795	      operator[](size_type __n) _GLIBCXX_NOEXCEPT
796	      {
797		__glibcxx_requires_subscript(__n);
798		return *(this->_M_impl._M_start + __n);
799	      }

Backtrace END
Fliping a bit of the pointer
Memory content before bitflip:0x900xf00x750x550x550x550x000x00
Fault Model: Zero bit-flip
base address to flip value: 0x7fffffffd7f8
address max offset: 8
Memory content after  bitflip:0x000x000x000x000x000x000x000x00
frame name: std::vector<int, std::allocator<int> >::operator[]
symbol name: this
symbol filename: knapsackga.cpp
symbol line: 0
value: 0x55555575f090 <wt2>
value address: 0x7fffffffd7f8
Type: The type is a pointer.
Type sizeof: 8

[INFO -- 2018-12-09 02:13:24]
Fault Injection Successful after 2.2213315963745117s
[INFO -- 2018-12-09 02:13:30]
event type: exit
[INFO -- 2018-12-09 02:13:30]
exit code: 0
