[INFO -- 2018-12-01 04:53:53]
Starting flip_value script
version: 1.1
[INFO -- 2018-12-01 04:53:53]
Initialization strings:
[INFO -- 2018-12-01 04:53:53]
(1) file /tmp/knapsack/ga
[INFO -- 2018-12-01 04:53:53]
initSignal:0
[INFO -- 2018-12-01 04:53:53]
endSignal:13
[INFO -- 2018-12-01 04:53:53]
faultModel:2
[INFO -- 2018-12-01 04:53:57]
Backtrace BEGIN:
#0  __GI___libc_free (mem=0x555555789d80) at malloc.c:3107
#1  0x00005555555597ea in __gnu_cxx::new_allocator<int>::deallocate (this=0x555555783730, __p=0x555555789d80) at /usr/include/c++/7/ext/new_allocator.h:125
#2  0x00005555555587a6 in std::allocator_traits<std::allocator<int> >::deallocate (__a=..., __p=0x555555789d80, __n=200) at /usr/include/c++/7/bits/alloc_traits.h:462
#3  0x0000555555557316 in std::_Vector_base<int, std::allocator<int> >::_M_deallocate (this=0x555555783730, __p=0x555555789d80, __n=200) at /usr/include/c++/7/bits/stl_vector.h:180
#4  0x0000555555556b53 in std::_Vector_base<int, std::allocator<int> >::~_Vector_base (this=0x555555783730, __in_chrg=<optimized out>) at /usr/include/c++/7/bits/stl_vector.h:162
#5  0x0000555555555e7d in std::vector<int, std::allocator<int> >::~vector (this=0x555555783730, __in_chrg=<optimized out>) at /usr/include/c++/7/bits/stl_vector.h:435
#6  0x0000555555555df2 in chromossome::~chromossome (this=0x555555783730, __in_chrg=<optimized out>) at knapsackga.cpp:42
#7  0x0000555555559c45 in std::_Destroy<chromossome> (__pointer=0x555555783730) at /usr/include/c++/7/bits/stl_construct.h:98
#8  0x00005555555591af in std::_Destroy_aux<false>::__destroy<chromossome*> (__first=0x555555783730, __last=0x5555557839f0) at /usr/include/c++/7/bits/stl_construct.h:108
#9  0x00005555555580e6 in std::_Destroy<chromossome*> (__first=0x5555557834f0, __last=0x5555557839f0) at /usr/include/c++/7/bits/stl_construct.h:137
#10 0x0000555555556cff in std::_Destroy<chromossome*, chromossome> (__first=0x5555557834f0, __last=0x5555557839f0) at /usr/include/c++/7/bits/stl_construct.h:206
#11 0x0000555555555f11 in std::vector<chromossome, std::allocator<chromossome> >::~vector (this=0x7fffffffd880, __in_chrg=<optimized out>) at /usr/include/c++/7/bits/stl_vector.h:434
#12 0x000055555555580e in genetic_algorithm () at knapsackga.cpp:95
#13 0x0000555555555a9b in main () at knapsackga.cpp:141

3102	malloc.c: No such file or directory.

Backtrace END
Memory content before bitflip:0x310xfb0x080x00
Fault Model: Random bit-flip
base address to flip value: 0x55555575f17c 
address max offset: 4
Memory content after  bitflip:0x1e0x550x630xbe
frame name: std::_Vector_base<int, std::allocator<int> >::_M_deallocate
symbol name: W
symbol filename: knapsackga.cpp
symbol line: 16
value: -1100786402
value address: 0x55555575f17c <W>
Type: The type is an integer type.
Type sizeof: 4

[INFO -- 2018-12-01 04:53:57]
Fault Injection Successful after 4.306908130645752s
[INFO -- 2018-12-01 04:54:05]
event type: exit
[INFO -- 2018-12-01 04:54:05]
exit code: 0
