[INFO -- 2018-12-08 17:09:18]
Starting flip_value script
version: 1.1
[INFO -- 2018-12-08 17:09:18]
Initialization strings:
[INFO -- 2018-12-08 17:09:18]
(1) file /tmp/knapsack/sa
[INFO -- 2018-12-08 17:09:18]
initSignal:0
[INFO -- 2018-12-08 17:09:18]
endSignal:9
[INFO -- 2018-12-08 17:09:18]
faultModel:4
[INFO -- 2018-12-08 17:09:23]
Backtrace BEGIN:
#0  0x00007ffff6f35a1e in _int_free (have_lock=0, p=0x5555557727b0, av=0x7ffff7289c40 <main_arena>) at malloc.c:4171
#1  __GI___libc_free (mem=0x5555557727c0) at malloc.c:3124
#2  0x0000555555556d66 in __gnu_cxx::new_allocator<int>::deallocate (this=0x7fffffffd740, __p=0x5555557727c0) at /usr/include/c++/7/ext/new_allocator.h:125
#3  0x0000555555556912 in std::allocator_traits<std::allocator<int> >::deallocate (__a=..., __p=0x5555557727c0, __n=200) at /usr/include/c++/7/bits/alloc_traits.h:462
#4  0x0000555555556176 in std::_Vector_base<int, std::allocator<int> >::_M_deallocate (this=0x7fffffffd740, __p=0x5555557727c0, __n=200) at /usr/include/c++/7/bits/stl_vector.h:180
#5  0x0000555555555eb1 in std::_Vector_base<int, std::allocator<int> >::~_Vector_base (this=0x7fffffffd740, __in_chrg=<optimized out>) at /usr/include/c++/7/bits/stl_vector.h:162
#6  0x0000555555555949 in std::vector<int, std::allocator<int> >::~vector (this=0x7fffffffd740, __in_chrg=<optimized out>) at /usr/include/c++/7/bits/stl_vector.h:435
#7  0x0000555555555468 in simulated_annealing () at knapsacksa.cpp:89
#8  0x0000555555555658 in main () at knapsacksa.cpp:146

4166	malloc.c: No such file or directory.

Backtrace END
Memory content before bitflip:0xc80x000x000x00
Fault Model: LSB bit-flip
base address to flip value: 0x55555575903c 
address max offset: 4
Memory content after  bitflip:0xc80x000x000x02
frame name: __gnu_cxx::new_allocator<int>::deallocate
symbol name: n2
symbol filename: knapsacksa.cpp
symbol line: 13
value: 33554632
value address: 0x55555575903c <n2>
Type: The type is an integer type.
Type sizeof: 4

[INFO -- 2018-12-08 17:09:23]
Fault Injection Successful after 5.109261512756348s
[INFO -- 2018-12-08 17:09:23]
event type: exit
[INFO -- 2018-12-08 17:09:23]
exit code: 0
