[INFO -- 2018-12-08 20:06:38]
Starting flip_value script
version: 1.1
[INFO -- 2018-12-08 20:06:38]
Initialization strings:
[INFO -- 2018-12-08 20:06:38]
(1) file /tmp/knapsack/ga
[INFO -- 2018-12-08 20:06:38]
initSignal:1
[INFO -- 2018-12-08 20:06:38]
endSignal:8
[INFO -- 2018-12-08 20:06:38]
faultModel:1
[INFO -- 2018-12-08 20:06:41]
Backtrace BEGIN:
#0  rand () at rand.c:27
#1  0x0000555555554ff1 in rand_bit () at knapsackga.cpp:30
#2  0x0000555555555353 in crossover (pai=std::vector of length 200, capacity 200 = {...}, mae=std::vector of length 200, capacity 200 = {...}, filho1=std::vector of length 0, capacity 0, filho2=std::vector of length 0, capacity 0) at knapsackga.cpp:95
#3  0x00005555555556d7 in genetic_algorithm () at knapsackga.cpp:130
#4  0x0000555555555b6c in main () at knapsackga.cpp:165

22	rand.c: No such file or directory.

Backtrace END
Fliping value of field: solution
Fliping value of field: std::_Vector_base<int, std::allocator<int> >
Fliping value of field: _M_impl
Fliping value of field: _M_end_of_storage
Fliping a bit of the pointer
Memory content before bitflip:0x300x750x780x550x550x550x000x00
Fault Model: Double bit-flip
base address to flip value: 0x7fffffffd9b0
address max offset: 8
Memory content after  bitflip:0x300x750x780x7d0x550x550x000x00
frame name: genetic_algorithm
symbol name: f2
symbol filename: knapsackga.cpp
symbol line: 131
value: {solution = std::vector of length 200, capacity 167772360 = {0, 0, 0, 0, 1, 1, 0, 0, 0, 0, 0, 0, 0, 1, 1, 1, 1, 0, 0, 0, 0, 0, 0, 0, 1, 0, 0, 1, 1, 0, 0, 0, 0, 1, 1, 0, 0, 1, 1, 1, 0, 0, 0, 0, 1, 0, 1, 0, 1, 0, 1, 1, 1, 0, 1, 1, 1, 0, 0, 1, 1, 0, 1, 0, 0, 0, 1, 0, 1, 0, 0, 0, 0, 0, 0, 1, 0, 0, 0, 1, 1, 0, 0, 1, 1, 0, 1, 0, 1, 0, 0, 1, 0, 0, 1, 0, 0, 0, 0, 0, 0, 1, 0, 1, 0, 1, 1, 1, 0, 0, 0, 0, 0, 1, 0, 1, 0, 0, 1, 1, 1, 0, 1, 1, 0, 0, 1, 0, 1, 1, 1, 1, 0, 0, 1, 0, 0, 1, 1, 0, 0, 0, 1, 0, 1, 0, 0, 0, 0, 1, 0, 0, 0, 1, 0, 0, 0, 1, 1, 1, 1, 0, 0, 0, 1, 0, 0, 0, 1, 1, 0, 0, 1, 0, 1, 0, 0, 0, 0, 0, 1, 0, 0, 1, 1, 0, 1, 1, 1, 0, 0, 0, 0, 0, 0, 0, 0, 0, 0, 1...}, fitness = 99999999}
value address: 0x7fffffffd9a0
Type: The type is a structure.
Type sizeof: 32
Field name: solution
Field Type: The type is a structure.
Field Type sizeof: 24
Field name: fitness
Field Type: The type is an integer type.
Field Type sizeof: 4

[INFO -- 2018-12-08 20:06:41]
Fault Injection Successful after 3.126192092895508s
[INFO -- 2018-12-08 20:06:46]
event type: exit
[INFO -- 2018-12-08 20:06:46]
exit code: 0
