[INFO -- 2018-12-02 03:20:29]
Starting flip_value script
version: 1.1
[INFO -- 2018-12-02 03:20:29]
Initialization strings:
[INFO -- 2018-12-02 03:20:29]
(1) file /tmp/knapsack/ga
[INFO -- 2018-12-02 03:20:29]
initSignal:0
[INFO -- 2018-12-02 03:20:29]
endSignal:13
[INFO -- 2018-12-02 03:20:29]
faultModel:0
[INFO -- 2018-12-02 03:20:32]
Backtrace BEGIN:
#0  0x000055555555578e in genetic_algorithm () at knapsackga.cpp:112
#1  0x0000555555555a9b in main () at knapsackga.cpp:141

107	            new_pop.push_back(f2);
108	        }
109	        for(int i=0; i < pop_size; i++){
110	            if(random01() < 0.5)
111	                swap(new_pop[i].solution[rand() % n], new_pop[i].solution[rand() % n]);
112	            new_pop[i].fitness = cost(new_pop[i].solution);
113	        }
114	
115	        sort(new_pop.begin(), new_pop.end());
116	        best = new_pop[0].fitness;

Backtrace END
Memory content before bitflip:0x080x000x000x00
Fault Model: Single bit-flip
base address to flip value: 0x7fffffffd92c
address max offset: 4
Memory content after  bitflip:0x080x000x800x00
frame name: genetic_algorithm
symbol name: i
symbol filename: knapsackga.cpp
symbol line: 109
value: 8388616
value address: 0x7fffffffd92c
Type: The type is an integer type.
Type sizeof: 4

[INFO -- 2018-12-02 03:20:32]
Fault Injection Successful after 3.387357234954834s
[INFO -- 2018-12-02 03:20:42]
event type: exit
[INFO -- 2018-12-02 03:20:42]
exit code: 0
