[INFO -- 2018-12-09 06:32:59]
Starting flip_value script
version: 1.1
[INFO -- 2018-12-09 06:32:59]
Initialization strings:
[INFO -- 2018-12-09 06:32:59]
(1) file /tmp/knapsack/ga
[INFO -- 2018-12-09 06:32:59]
initSignal:1
[INFO -- 2018-12-09 06:32:59]
endSignal:8
[INFO -- 2018-12-09 06:32:59]
faultModel:4
[INFO -- 2018-12-09 06:33:02]
Backtrace BEGIN:
#0  cost (solution=std::vector of length 200, capacity 200 = {...}) at knapsackga.cpp:43
#1  0x000055555555589e in genetic_algorithm () at knapsackga.cpp:138
#2  0x0000555555555b6c in main () at knapsackga.cpp:165

38	    int peso=0, peso2=0, valor=0, valor2=0;
39	    for(int i=0; i < n; i++){
40	        peso += solution[i] * wt[i];
41	        valor += solution[i] * val[i];
42	    }
43	    for(int i=0; i < n; i++){
44	        peso2 += solution[i] * wt2[i];
45	        valor2 += solution[i] * val2[i];
46	    }
47	    if(peso != peso2 || valor != valor2){

Backtrace END
Memory content before bitflip:0x110xfb0x080x00
Fault Model: LSB bit-flip
base address to flip value: 0x7fffffffd828
address max offset: 4
Memory content after  bitflip:0x110xfb0x080x80
frame name: cost
symbol name: peso
symbol filename: knapsackga.cpp
symbol line: 38
value: -2146895087
value address: 0x7fffffffd828
Type: The type is an integer type.
Type sizeof: 4

[INFO -- 2018-12-09 06:33:02]
Fault Injection Successful after 3.5717525482177734s
[INFO -- 2018-12-09 06:33:02]
event type: exit
[INFO -- 2018-12-09 06:33:02]
exit code: 0
