[INFO -- 2018-12-08 16:05:00]
Starting flip_value script
version: 1.1
[INFO -- 2018-12-08 16:05:00]
Initialization strings:
[INFO -- 2018-12-08 16:05:00]
(1) file /tmp/knapsack/ga
[INFO -- 2018-12-08 16:05:00]
initSignal:1
[INFO -- 2018-12-08 16:05:00]
endSignal:8
[INFO -- 2018-12-08 16:05:00]
faultModel:4
[INFO -- 2018-12-08 16:05:01]
Backtrace BEGIN:
#0  0x0000555555556e60 in std::vector<chromossome, std::allocator<chromossome> >::_M_realloc_insert<chromossome const&> (this=0x7fffffffd820, __position={solution = std::vector of length 20, capacity 0 = {<error reading variable>, __args#0=...) at /usr/include/c++/7/bits/vector.tcc:426
#1  0x0000555555556012 in std::vector<chromossome, std::allocator<chromossome> >::push_back (this=0x7fffffffd820, __x=...) at /usr/include/c++/7/bits/stl_vector.h:948
#2  0x0000555555555230 in tournament (pop=std::vector of length 40, capacity 64 = {...}) at knapsackga.cpp:84
#3  0x0000555555555691 in genetic_algorithm () at knapsackga.cpp:129
#4  0x0000555555555b6c in main () at knapsackga.cpp:165

421	#endif
422		  __new_finish = pointer();
423	
424		  __new_finish
425		    = std::__uninitialized_move_if_noexcept_a
426		    (this->_M_impl._M_start, __position.base(),
427		     __new_start, _M_get_Tp_allocator());
428	
429		  ++__new_finish;
430	

Backtrace END
Memory content before bitflip:0x310xfb0x080x00
Fault Model: LSB bit-flip
base address to flip value: 0x55555575f0b0 
address max offset: 4
Memory content after  bitflip:0x310xfb0x080x80
frame name: tournament
symbol name: W
symbol filename: knapsackga.cpp
symbol line: 18
value: -2146895055
value address: 0x55555575f0b0 <W>
Type: The type is an integer type.
Type sizeof: 4

[INFO -- 2018-12-08 16:05:01]
Fault Injection Successful after 1.7117044925689697s
[INFO -- 2018-12-08 16:05:01]
event type: exit
[INFO -- 2018-12-08 16:05:01]
exit code: 0
