[INFO -- 2018-09-24 18:54:59]
Starting flip_value script
version: 1.1
[INFO -- 2018-09-24 18:54:59]
Initialization strings:
[INFO -- 2018-09-24 18:54:59]
(1) file /tmp/knapsack/ga
[INFO -- 2018-09-24 18:54:59]
initSignal:1
[INFO -- 2018-09-24 18:54:59]
endSignal:3.5
[INFO -- 2018-09-24 18:54:59]
faultModel:2
[INFO -- 2018-09-24 18:55:00]
Backtrace BEGIN:
#0  std::move_iterator<chromossome*>::base (this=0x7fffffffd738) at /usr/include/c++/7/bits/stl_iterator.h:1045
#1  0x000055555555ae96 in std::operator==<chromossome*> (__x=..., __y=...) at /usr/include/c++/7/bits/stl_iterator.h:1126
#2  0x000055555555aa22 in std::operator!=<chromossome*> (__x=..., __y=...) at /usr/include/c++/7/bits/stl_iterator.h:1138
#3  0x000055555555a3b4 in std::__uninitialized_copy<false>::__uninit_copy<std::move_iterator<chromossome*>, chromossome*> (__first=..., __last=..., __result=0x555555786480) at /usr/include/c++/7/bits/stl_uninitialized.h:82
#4  0x0000555555559a5f in std::uninitialized_copy<std::move_iterator<chromossome*>, chromossome*> (__first=..., __last=..., __result=0x555555786480) at /usr/include/c++/7/bits/stl_uninitialized.h:134
#5  0x000055555555901a in std::__uninitialized_copy_a<std::move_iterator<chromossome*>, chromossome*, chromossome> (__first=..., __last=..., __result=0x555555786480) at /usr/include/c++/7/bits/stl_uninitialized.h:289
#6  0x000055555555807d in std::__uninitialized_move_if_noexcept_a<chromossome*, chromossome*, std::allocator<chromossome> > (__first=0x5555557769a0, __last=0x555555776ba0, __result=0x555555786480, __alloc=...) at /usr/include/c++/7/bits/stl_uninitialized.h:312
#7  0x0000555555556b8c in std::vector<chromossome, std::allocator<chromossome> >::_M_realloc_insert<chromossome const&> (this=0x7fffffffd8f0, __position={solution = std::vector of length 260, capacity 10177998752086 = {<error reading variable>, __args#0=...) at /usr/include/c++/7/bits/vector.tcc:424
#8  0x0000555555555d28 in std::vector<chromossome, std::allocator<chromossome> >::push_back (this=0x7fffffffd8f0, __x=...) at /usr/include/c++/7/bits/stl_vector.h:948
#9  0x00005555555554e7 in genetic_algorithm () at knapsackga.cpp:106
#10 0x00005555555558d7 in main () at knapsackga.cpp:137

1040		_GLIBCXX17_CONSTEXPR
1041		move_iterator(const move_iterator<_Iter>& __i)
1042		: _M_current(__i.base()) { }
1043	
1044	      _GLIBCXX17_CONSTEXPR iterator_type
1045	      base() const
1046	      { return _M_current; }
1047	
1048	      _GLIBCXX17_CONSTEXPR reference
1049	      operator*() const

Backtrace END
Fliping a bit of the pointer
Memory content before bitflip:0x380xd70xff0xff0xff0x7f0x000x00
Fault Model: Random bit-flip
base address to flip value: 0x7fffffffd6b8
address max offset: 8
Memory content after  bitflip:0x630xac0x540x1e0x450x830x6e0x2c
frame name: std::move_iterator<chromossome*>::base
symbol name: this
symbol filename: knapsackga.cpp
symbol line: 0
value: 0x7fffffffd738
value address: 0x7fffffffd6b8
Type: The type is a pointer.
Type sizeof: 8

[INFO -- 2018-09-24 18:55:00]
Fault Injection Successful after 1.9986262321472168s
[INFO -- 2018-09-24 18:55:03]
event type: exit
[INFO -- 2018-09-24 18:55:03]
exit code: 0
