[INFO -- 2018-12-08 09:59:10]
Starting flip_value script
version: 1.1
[INFO -- 2018-12-08 09:59:10]
Initialization strings:
[INFO -- 2018-12-08 09:59:10]
(1) file /tmp/knapsack/sa
[INFO -- 2018-12-08 09:59:10]
initSignal:0
[INFO -- 2018-12-08 09:59:10]
endSignal:9
[INFO -- 2018-12-08 09:59:10]
faultModel:1
[EXCEPTION -- 2018-12-08 09:59:13]
pythonException: Unable to exit loop in struct fields; Exiting wihtout making a bit flip
[INFO -- 2018-12-08 09:59:13]
Backtrace BEGIN:
#0  0x00005555555551bf in cost (solution=std::vector of length 200, capacity 200 = {...}) at knapsacksa.cpp:63
#1  0x000055555555534c in simulated_annealing () at knapsacksa.cpp:92
#2  0x0000555555555658 in main () at knapsacksa.cpp:146

58	        peso += solution[i] * wt[i];
59	        valor += solution[i] * val[i];
60	    }
61	    for(int i=0; i < n; i++){
62	        peso2 += solution[i] * wt2[i];
63	        valor2 += solution[i] * val2[i];
64	    }
65	    if(peso != peso2 || valor != valor2){
66	        exit_gracefully();
67	    }

Backtrace END
Memory content before bitflip:0x310xfb0x080x00
Fault Model: Double bit-flip
base address to flip value: 0x555555759034 
address max offset: 4
Memory content after  bitflip:0x310xfb0x4c0x00
frame name: main
symbol name: W2
symbol filename: knapsacksa.cpp
symbol line: 13
value: 5045041
value address: 0x555555759034 <W2>
Type: The type is an integer type.
Type sizeof: 4

[INFO -- 2018-12-08 09:59:13]
Fault Injection Successful after 3.9708573818206787s
[INFO -- 2018-12-08 09:59:13]
event type: exit
[INFO -- 2018-12-08 09:59:13]
exit code: 0
