[INFO -- 2018-09-25 04:23:50]
Starting flip_value script
version: 1.1
[INFO -- 2018-09-25 04:23:50]
Initialization strings:
[INFO -- 2018-09-25 04:23:50]
(1) file /tmp/knapsack/ga
[INFO -- 2018-09-25 04:23:50]
initSignal:1
[INFO -- 2018-09-25 04:23:50]
endSignal:3.5
[INFO -- 2018-09-25 04:23:50]
faultModel:2
[INFO -- 2018-09-25 04:23:51]
Backtrace BEGIN:
#0  std::move<int*&> (__t=@0x5555557763c0: 0x555555786470) at /usr/include/c++/7/bits/move.h:99
#1  0x00005555555594dc in std::swap<int*> (__a=@0x5555557764f0: 0x0, __b=@0x5555557763c0: 0x555555786470) at /usr/include/c++/7/bits/move.h:199
#2  0x000055555555847b in std::_Vector_base<int, std::allocator<int> >::_Vector_impl::_M_swap_data (this=0x5555557764e0, __x=...) at /usr/include/c++/7/bits/stl_vector.h:107
#3  0x0000555555556fb7 in std::_Vector_base<int, std::allocator<int> >::_Vector_base (this=0x5555557764e0, __x=...) at /usr/include/c++/7/bits/stl_vector.h:146
#4  0x0000555555555f6c in std::vector<int, std::allocator<int> >::vector (this=0x5555557764e0, __x=...) at /usr/include/c++/7/bits/stl_vector.h:345
#5  0x00005555555591ff in chromossome::chromossome (this=0x5555557764e0) at knapsackga.cpp:42
#6  0x000055555555aa9a in std::_Construct<chromossome, chromossome> (__p=0x5555557764e0, __args#0=...) at /usr/include/c++/7/bits/stl_construct.h:75
#7  0x000055555555a3de in std::__uninitialized_copy<false>::__uninit_copy<std::move_iterator<chromossome*>, chromossome*> (__first=..., __last=..., __result=0x5555557764e0) at /usr/include/c++/7/bits/stl_uninitialized.h:83
#8  0x0000555555559a5f in std::uninitialized_copy<std::move_iterator<chromossome*>, chromossome*> (__first=..., __last=..., __result=0x5555557764e0) at /usr/include/c++/7/bits/stl_uninitialized.h:134
#9  0x000055555555901a in std::__uninitialized_copy_a<std::move_iterator<chromossome*>, chromossome*, chromossome> (__first=..., __last=..., __result=0x5555557764e0) at /usr/include/c++/7/bits/stl_uninitialized.h:289
#10 0x000055555555807d in std::__uninitialized_move_if_noexcept_a<chromossome*, chromossome*, std::allocator<chromossome> > (__first=0x5555557763b0, __last=0x5555557763f0, __result=0x5555557764e0, __alloc=...) at /usr/include/c++/7/bits/stl_uninitialized.h:312
#11 0x0000555555556b8c in std::vector<chromossome, std::allocator<chromossome> >::_M_realloc_insert<chromossome const&> (this=0x7fffffffd870, __position={solution = std::vector of length 20, capacity 23456248631184 = {<error reading variable>, __args#0=...) at /usr/include/c++/7/bits/vector.tcc:424
#12 0x0000555555555d28 in std::vector<chromossome, std::allocator<chromossome> >::push_back (this=0x7fffffffd870, __x=...) at /usr/include/c++/7/bits/stl_vector.h:948
#13 0x000055555555502c in tournament (pop=std::vector of length 40, capacity 64 = {...}) at knapsackga.cpp:63
#14 0x0000555555555447 in genetic_algorithm () at knapsackga.cpp:103
#15 0x00005555555558d7 in main () at knapsackga.cpp:137

94	   *  @return The parameter cast to an rvalue-reference to allow moving it.
95	  */
96	  template<typename _Tp>
97	    constexpr typename std::remove_reference<_Tp>::type&&
98	    move(_Tp&& __t) noexcept
99	    { return static_cast<typename std::remove_reference<_Tp>::type&&>(__t); }
100	
101	
102	  template<typename _Tp>
103	    struct __move_if_noexcept_cond

Backtrace END
Fliping a bit of the pointer
Memory content before bitflip:0xe00x640x770x550x550x550x000x00
Fault Model: Random bit-flip
base address to flip value: 0x7fffffffd6c8
address max offset: 8
Memory content after  bitflip:0x7b0xc80x020xc90x420x690x1a0x35
frame name: std::__uninitialized_copy<false>::__uninit_copy<std::move_iterator<chromossome*>, chromossome*>
symbol name: __result
symbol filename: /usr/include/c++/7/bits/stl_uninitialized.h
symbol line: 77
value: 0x5555557764e0
value address: 0x7fffffffd6c8
Type: The type is a pointer.
Type sizeof: 8

[INFO -- 2018-09-25 04:23:51]
Fault Injection Successful after 1.074479579925537s
[INFO -- 2018-09-25 04:23:54]
event type: exit
[INFO -- 2018-09-25 04:23:54]
exit code: 0
