[INFO -- 2018-11-30 10:55:11]
Starting flip_value script
version: 1.1
[INFO -- 2018-11-30 10:55:11]
Initialization strings:
[INFO -- 2018-11-30 10:55:11]
(1) file /tmp/knapsack/sa
[INFO -- 2018-11-30 10:55:11]
initSignal:0
[INFO -- 2018-11-30 10:55:11]
endSignal:7
[INFO -- 2018-11-30 10:55:11]
faultModel:3
[INFO -- 2018-11-30 10:55:13]
Backtrace BEGIN:
#0  0x00005555555557af in std::vector<int, std::allocator<int> >::operator[] (this=0x555555759160 <wt>, __n=61) at /usr/include/c++/7/bits/stl_vector.h:799
#1  0x00005555555550db in cost (solution=std::vector of length 200, capacity 200 = {...}) at knapsacksa.cpp:28
#2  0x0000555555555259 in simulated_annealing () at knapsacksa.cpp:52
#3  0x0000555555555522 in main () at knapsacksa.cpp:85

794	      reference
795	      operator[](size_type __n) _GLIBCXX_NOEXCEPT
796	      {
797		__glibcxx_requires_subscript(__n);
798		return *(this->_M_impl._M_start + __n);
799	      }
800	
801	      /**
802	       *  @brief  Subscript access to the data contained in the %vector.
803	       *  @param __n The index of the element for which data should be

Backtrace END
Fliping a bit of the pointer
Memory content before bitflip:0x600x910x750x550x550x550x000x00
Fault Model: Zero bit-flip
base address to flip value: 0x7fffffffd8e8
address max offset: 8
Memory content after  bitflip:0x000x000x000x000x000x000x000x00
frame name: std::vector<int, std::allocator<int> >::operator[]
symbol name: this
symbol filename: knapsacksa.cpp
symbol line: 0
value: 0x555555759160 <wt>
value address: 0x7fffffffd8e8
Type: The type is a pointer.
Type sizeof: 8

[INFO -- 2018-11-30 10:55:13]
Fault Injection Successful after 2.5486249923706055s
[INFO -- 2018-11-30 10:55:19]
event type: exit
[INFO -- 2018-11-30 10:55:19]
exit code: 0
