[INFO -- 2018-11-30 10:10:08]
Starting flip_value script
version: 1.1
[INFO -- 2018-11-30 10:10:08]
Initialization strings:
[INFO -- 2018-11-30 10:10:08]
(1) file /tmp/knapsack/sa
[INFO -- 2018-11-30 10:10:08]
initSignal:0
[INFO -- 2018-11-30 10:10:08]
endSignal:7
[INFO -- 2018-11-30 10:10:08]
faultModel:1
[INFO -- 2018-11-30 10:10:12]
Backtrace BEGIN:
#0  0x000055555555522c in simulated_annealing () at knapsacksa.cpp:51
#1  0x0000555555555522 in main () at knapsacksa.cpp:85

46	    //int co=0;
47	
48	    for(int t = 0; t < 1000000; t++){
49	         vector<int> s(solution);
50	         int i = rand() % n;
51	         s[i] = 1 - s[i];
52	         int c = cost(s);
53	         int delta = c - best;
54	         if(delta <= 0){
55	             solution = s;

Backtrace END
Memory content before bitflip:0x310xfb0x080x00
Fault Model: Double bit-flip
base address to flip value: 0x55555575917c 
address max offset: 4
Memory content after  bitflip:0x310xfb0x040x00
frame name: main
symbol name: W
symbol filename: knapsacksa.cpp
symbol line: 15
value: 326449
value address: 0x55555575917c <W>
Type: The type is an integer type.
Type sizeof: 4

[INFO -- 2018-11-30 10:10:12]
Fault Injection Successful after 4.190209627151489s
[INFO -- 2018-11-30 10:10:16]
event type: exit
[INFO -- 2018-11-30 10:10:16]
exit code: 0
