[INFO -- 2018-09-23 15:24:04]
Starting flip_value script
version: 1.1
[INFO -- 2018-09-23 15:24:04]
Initialization strings:
[INFO -- 2018-09-23 15:24:04]
(1) file /tmp/knapsack/sa
[INFO -- 2018-09-23 15:24:04]
initSignal:0
[INFO -- 2018-09-23 15:24:04]
endSignal:2
[INFO -- 2018-09-23 15:24:04]
faultModel:2
[INFO -- 2018-09-23 15:24:05]
Backtrace BEGIN:
#0  0x0000555555556cef in __gnu_cxx::__normal_iterator<int const*, std::vector<int, std::allocator<int> > >::base (this=0x7fffffffd8d8) at /usr/include/c++/7/bits/stl_iterator.h:845
#1  0x0000555555556a5d in std::__niter_base<int const*, std::vector<int, std::allocator<int> > > (__it=0) at /usr/include/c++/7/bits/stl_iterator.h:984
#2  0x0000555555556676 in std::__copy_move_a2<false, __gnu_cxx::__normal_iterator<int const*, std::vector<int, std::allocator<int> > >, __gnu_cxx::__normal_iterator<int*, std::vector<int, std::allocator<int> > > > (__first=0, __last=0, __result=0) at /usr/include/c++/7/bits/stl_algobase.h:422
#3  0x0000555555555fc9 in std::copy<__gnu_cxx::__normal_iterator<int const*, std::vector<int, std::allocator<int> > >, __gnu_cxx::__normal_iterator<int*, std::vector<int, std::allocator<int> > > > (__first=0, __last=0, __result=0) at /usr/include/c++/7/bits/stl_algobase.h:456
#4  0x0000555555555987 in std::vector<int, std::allocator<int> >::operator= (this=0x7fffffffda10, __x=std::vector of length 200, capacity 200 = {...}) at /usr/include/c++/7/bits/vector.tcc:218
#5  0x000055555555518f in simulated_annealing () at knapsacksa.cpp:60
#6  0x000055555555535e in main () at knapsacksa.cpp:84

840	      operator-(difference_type __n) const _GLIBCXX_NOEXCEPT
841	      { return __normal_iterator(_M_current - __n); }
842	
843	      const _Iterator&
844	      base() const _GLIBCXX_NOEXCEPT
845	      { return _M_current; }
846	    };
847	
848	  // Note: In what follows, the left- and right-hand-side iterators are
849	  // allowed to vary in types (conceptually in cv-qualification) so that

Backtrace END
Memory content before bitflip:0x990x0f0x010x00
Fault Model: Random bit-flip
base address to flip value: 0x7fffffffda00
address max offset: 4
Memory content after  bitflip:0x500xd70x960x8a
frame name: simulated_annealing
symbol name: temp
symbol filename: knapsacksa.cpp
symbol line: 42
value: -1969825968
value address: 0x7fffffffda00
Type: The type is an integer type.
Type sizeof: 4

[INFO -- 2018-09-23 15:24:05]
Fault Injection Successful after 1.597003698348999s
[INFO -- 2018-09-23 15:24:07]
event type: exit
[INFO -- 2018-09-23 15:24:07]
exit code: 0
