[INFO -- 2018-12-02 02:27:33]
Starting flip_value script
version: 1.1
[INFO -- 2018-12-02 02:27:33]
Initialization strings:
[INFO -- 2018-12-02 02:27:33]
(1) file /tmp/knapsack/ga
[INFO -- 2018-12-02 02:27:33]
initSignal:0
[INFO -- 2018-12-02 02:27:33]
endSignal:13
[INFO -- 2018-12-02 02:27:33]
faultModel:0
[INFO -- 2018-12-02 02:27:34]
Backtrace BEGIN:
#0  0x0000555555555285 in crossover (pai=std::vector of length 200, capacity 200 = {...}, mae=std::vector of length 200, capacity 200 = {...}, filho1=std::vector of length 0, capacity 0, filho2=std::vector of length 0, capacity 0) at knapsackga.cpp:73
#1  0x00005555555555c7 in genetic_algorithm () at knapsackga.cpp:104
#2  0x0000555555555a9b in main () at knapsackga.cpp:141

68	    return tournamentWinner;
69	}
70	
71	void crossover(vector<int> &pai, vector<int> &mae, vector<int> &filho1, vector<int> &filho2){
72	    vector<int> mask(n);
73	    for(int i = 0; i < n; i++){
74	        mask[i] = rand_bit();
75	    }
76	    filho1 = pai;
77	    filho2 = mae;

Backtrace END
Fliping a bit of the value pointed by a reference
Fliping value of field: std::_Vector_base<int, std::allocator<int> >
Fliping value of field: _M_impl
Fliping value of field: _M_finish
Fliping a bit of the value pointed by a pointer
Memory content before bitflip:0x000x000x000x00
Fault Model: Single bit-flip
base address to flip value: 0x555555776270
address max offset: 4
Memory content after  bitflip:0x000x000x400x00
frame name: crossover
symbol name: mae
symbol filename: knapsackga.cpp
symbol line: 71
value: std::vector of length 200, capacity 200 = {0, 1, 0, 0, 1, 1, 1, 0, 0, 0, 0, 0, 0, 1, 1, 1, 1, 0, 0, 0, 0, 0, 0, 1, 1, 0, 1, 1, 1, 0, 0, 0, 0, 1, 0, 0, 0, 1, 1, 1, 0, 0, 0, 0, 1, 0, 1, 0, 1, 0, 0, 1, 1, 0, 1, 1, 1, 0, 0, 1, 1, 1, 1, 0, 0, 0, 1, 0, 0, 0, 1, 0, 0, 0, 1, 1, 0, 0, 1, 1, 1, 0, 0, 1, 1, 0, 1, 0, 1, 0, 0, 1, 0, 0, 1, 0, 0, 0, 0, 0, 1, 1, 0, 1, 0, 1, 0, 1, 0, 0, 0, 0, 1, 1, 0, 1, 0, 0, 0, 1, 1, 0, 1, 1, 0, 0, 1, 0, 1, 1, 1, 1, 0, 0, 1, 0, 0, 1, 1, 0, 0, 0, 1, 0, 0, 0, 1, 0, 0, 1, 0, 0, 1, 1, 0, 0, 0, 1, 0, 1, 1, 0, 0, 0, 1, 0, 0, 0, 1, 0, 1, 0, 1, 0, 0, 0, 0, 0, 0, 0, 1, 0, 0, 1, 1, 0, 1, 1, 1, 0, 0, 0, 0, 0, 0, 0, 0, 0, 0, 1...}
value address: 0x7fffffffd990
Type: A reference type.
Type sizeof: 8

[INFO -- 2018-12-02 02:27:34]
Fault Injection Successful after 1.323455572128296s
[INFO -- 2018-12-02 02:27:45]
event type: exit
[INFO -- 2018-12-02 02:27:45]
exit code: 0
