[INFO -- 2018-09-23 21:48:25]
Starting flip_value script
version: 1.1
[INFO -- 2018-09-23 21:48:25]
Initialization strings:
[INFO -- 2018-09-23 21:48:25]
(1) file /tmp/knapsack/sa
[INFO -- 2018-09-23 21:48:25]
initSignal:0
[INFO -- 2018-09-23 21:48:25]
endSignal:2
[INFO -- 2018-09-23 21:48:25]
faultModel:3
[INFO -- 2018-09-23 21:48:26]
Backtrace BEGIN:
#0  0x0000555555554fea in cost (solution=std::vector of length 200, capacity 200 = {...}) at knapsacksa.cpp:27
#1  0x000055555555511f in simulated_annealing () at knapsacksa.cpp:50
#2  0x000055555555535e in main () at knapsacksa.cpp:84

22	   return static_cast <float> (rand()) / static_cast <float> (RAND_MAX);
23	}
24	
25	int cost(vector<int> &solution){
26	    int peso=0, valor=0;
27	    for(int i=0; i < n; i++){
28	       peso += solution[i] * wt[i];
29	       valor += solution[i] * val[i];
30	    }
31	    if(peso > W)

Backtrace END
Fliping value of field: std::_Vector_base<int, std::allocator<int> >
Fliping value of field: _M_impl
Fliping value of field: _M_start
Fliping a bit of the value pointed by a pointer
Memory content before bitflip:0x010x000x000x00
Fault Model: Zero bit-flip
base address to flip value: 0x5555557713d0
address max offset: 4
Memory content after  bitflip:0x000x000x000x00
frame name: simulated_annealing
symbol name: solution
symbol filename: knapsacksa.cpp
symbol line: 38
value: std::vector of length 200, capacity 200 = {0, 0, 0, 0, 0, 0, 0, 1, 0, 0, 0, 0, 0, 0, 1, 1, 1, 1, 0, 0, 1, 0, 1, 1, 1, 1, 0, 0, 1, 1, 1, 1, 1, 0, 1, 1, 0, 0, 0, 1, 1, 1, 1, 1, 0, 0, 0, 1, 0, 0, 0, 1, 0, 1, 1, 0, 0, 0, 1, 0, 0, 0, 1, 1, 1, 1, 0, 0, 0, 0, 1, 1, 0, 0, 0, 0, 1, 1, 1, 0, 1, 0, 1, 0, 0, 0, 1, 0, 0, 0, 0, 1, 1, 0, 0, 0, 1, 0, 1, 0, 0, 1, 0, 0, 1, 0, 0, 0, 1, 1, 0, 0, 0, 1, 1, 0, 0, 0, 0, 1, 0, 0, 1, 0, 0, 0, 1, 0, 0, 0, 0, 0, 0, 0, 0, 1, 0, 1, 0, 0, 0, 0, 0, 1, 1, 0, 0, 1, 1, 0, 1, 1, 1, 1, 0, 0, 0, 1, 1, 1, 0, 0, 0, 0, 1, 1, 0, 1, 1, 1, 0, 0, 0, 1, 1, 0, 1, 0, 0, 1, 0, 0, 1, 0, 1, 0, 1, 1, 1, 1, 0, 0, 1, 0, 1, 0, 0, 1, 1, 1...}
value address: 0x7fffffffd9e0
Type: The type is a structure.
Type sizeof: 24
Field name: std::_Vector_base<int, std::allocator<int> >
Field Type: The type is a structure.
Field Type sizeof: 24

[INFO -- 2018-09-23 21:48:26]
Fault Injection Successful after 1.3345017433166504s
[INFO -- 2018-09-23 21:48:27]
event type: exit
[INFO -- 2018-09-23 21:48:27]
exit code: 0
