[INFO -- 2018-09-23 21:44:48]
Starting flip_value script
version: 1.1
[INFO -- 2018-09-23 21:44:48]
Initialization strings:
[INFO -- 2018-09-23 21:44:48]
(1) file /tmp/knapsack/sa
[INFO -- 2018-09-23 21:44:48]
initSignal:0
[INFO -- 2018-09-23 21:44:48]
endSignal:2
[INFO -- 2018-09-23 21:44:48]
faultModel:2
[EXCEPTION -- 2018-09-23 21:44:48]
pythonException: Unable to exit loop in struct fields; Exiting wihtout making a bit flip
[INFO -- 2018-09-23 21:44:49]
Backtrace BEGIN:
#0  cost (solution=std::vector of length 200, capacity 200 = {...}) at knapsacksa.cpp:27
#1  0x000055555555511f in simulated_annealing () at knapsacksa.cpp:50
#2  0x000055555555535e in main () at knapsacksa.cpp:84

22	   return static_cast <float> (rand()) / static_cast <float> (RAND_MAX);
23	}
24	
25	int cost(vector<int> &solution){
26	    int peso=0, valor=0;
27	    for(int i=0; i < n; i++){
28	       peso += solution[i] * wt[i];
29	       valor += solution[i] * val[i];
30	    }
31	    if(peso > W)

Backtrace END
Memory content before bitflip:0x450xea0x040x00
Fault Model: Random bit-flip
base address to flip value: 0x7fffffffd984
address max offset: 4
Memory content after  bitflip:0x6a0x1d0x850x84
frame name: cost
symbol name: peso
symbol filename: knapsacksa.cpp
symbol line: 26
value: -2071650966
value address: 0x7fffffffd984
Type: The type is an integer type.
Type sizeof: 4

[INFO -- 2018-09-23 21:44:49]
Fault Injection Successful after 1.0280039310455322s
[INFO -- 2018-09-23 21:44:50]
event type: exit
[INFO -- 2018-09-23 21:44:50]
exit code: 0
