[INFO -- 2018-09-25 02:22:43]
Starting flip_value script
version: 1.1
[INFO -- 2018-09-25 02:22:43]
Initialization strings:
[INFO -- 2018-09-25 02:22:43]
(1) file /tmp/knapsack/ga
[INFO -- 2018-09-25 02:22:43]
initSignal:1
[INFO -- 2018-09-25 02:22:43]
endSignal:3.5
[INFO -- 2018-09-25 02:22:43]
faultModel:0
[INFO -- 2018-09-25 02:22:45]
Backtrace BEGIN:
#0  0x0000555555556dc4 in std::vector<int, std::allocator<int> >::size (this=0x5555557764e0) at /usr/include/c++/7/bits/stl_vector.h:671
#1  0x0000555555555e6e in std::vector<int, std::allocator<int> >::vector (this=0x7fffffffd990, __x=std::vector of length 200, capacity 200 = {...}) at /usr/include/c++/7/bits/stl_vector.h:328
#2  0x000055555555507b in tournament (pop=std::vector of length 40, capacity 64 = {...}) at knapsackga.cpp:67
#3  0x0000555555555409 in genetic_algorithm () at knapsackga.cpp:102
#4  0x00005555555558d7 in main () at knapsackga.cpp:137

666	
667	      // [23.2.4.2] capacity
668	      /**  Returns the number of elements in the %vector.  */
669	      size_type
670	      size() const _GLIBCXX_NOEXCEPT
671	      { return size_type(this->_M_impl._M_finish - this->_M_impl._M_start); }
672	
673	      /**  Returns the size() of the largest possible %vector.  */
674	      size_type
675	      max_size() const _GLIBCXX_NOEXCEPT

Backtrace END
Fliping value of field: std::_Vector_base<chromossome, std::allocator<chromossome> >
Fliping value of field: _M_impl
Fliping value of field: _M_end_of_storage
Fliping a bit of the pointer
Memory content before bitflip:0x600x650x770x550x550x550x000x00
Fault Model: Single bit-flip
base address to flip value: 0x7fffffffd880
address max offset: 8
Memory content after  bitflip:0x600x650x750x550x550x550x000x00
frame name: tournament
symbol name: competitors
symbol filename: knapsackga.cpp
symbol line: 59
value: std::vector of length 3, capacity -4092 = {{solution = std::vector of length 200, capacity 200 = {0, 1, 0, 0, 1, 1, 1, 0, 0, 0, 0, 0, 0, 1, 1, 1, 1, 0, 0, 1, 0, 0, 0, 0, 1, 0, 0, 1, 1, 0, 0, 0, 0, 1, 1, 0, 0, 1, 1, 1, 0, 0, 0, 0, 1, 0, 1, 0, 1, 0, 1, 1, 0, 0, 1, 1, 1, 0, 0, 1, 1, 0, 0, 0, 0, 0, 1, 0, 0, 0, 1, 1, 1, 1, 0, 1, 0, 0, 1, 1, 1, 0, 0, 1, 1, 0, 1, 0, 1, 0, 0, 1, 0, 0, 1, 0, 0, 0, 0, 0, 0, 0, 0, 1, 0, 1, 1, 0, 0, 0, 1, 0, 0, 1, 0, 1, 0, 0, 0, 1, 1, 0, 1, 0, 0, 0, 0, 1, 1, 1, 1, 0, 0, 0, 1, 0, 0, 0, 1, 0, 0, 0, 0, 0, 1, 0, 0, 0, 0, 1, 0, 0, 0, 0, 0, 0, 0, 1, 1, 1, 1, 0, 0, 0, 1, 0, 1, 0, 0, 1, 0, 0, 1, 0, 1, 0, 0, 0, 1, 0, 1, 0, 0, 1, 0, 0, 1, 1, 1, 0, 0, 0, 0, 0, 0, 0, 0, 0, 0, 1...}, fitness = -513587}, {solution = std::vector of length 200, capacity 200 = {0, 1, 0, 0, 1, 1, 1, 0, 0, 0, 0, 0, 0, 1, 1, 1, 1, 0, 0, 1, 0, 0, 0, 0, 1, 0, 0, 1, 1, 0, 0, 0, 0, 1, 1, 0, 0, 1, 1, 1, 0, 0, 0, 0, 1, 0, 1, 0, 1, 0, 1, 1, 0, 0, 1, 1, 1, 0, 0, 1, 1, 0, 0, 0, 0, 0, 1, 0, 0, 0, 1, 1, 1, 1, 0, 1, 0, 0, 1, 1, 1, 0, 0, 1, 1, 0, 1, 0, 1, 0, 0, 1, 0, 0, 1, 0, 0, 0, 0, 0, 0, 0, 0, 1, 0, 1, 1, 0, 0, 0, 1, 0, 0, 1, 0, 1, 0, 0, 0, 1, 1, 0, 1, 0, 0, 0, 0, 1, 1, 1, 1, 0, 0, 0, 1, 0, 0, 0, 1, 0, 0, 0, 0, 0, 1, 0, 0, 0, 0, 1, 0, 0, 0, 0, 0, 0, 0, 1, 1, 1, 1, 0, 0, 0, 1, 0, 1, 0, 0, 1, 0, 0, 1, 0, 1, 0, 0, 0, 1, 0, 1, 0, 0, 1, 0, 0, 1, 1, 1, 0, 0, 0, 0, 0, 0, 0, 0, 0, 0, 1...}, fitness = -513587}, {solution = std::vector of length 200, capacity 200 = {0, 1, 0, 0, 1, 1, 1, 0, 0, 0, 0, 0, 0, 1, 1, 1, 1, 0, 0, 1, 0, 0, 0, 0, 1, 0, 0, 1, 1, 0, 0, 0, 0, 1, 1, 0, 0, 1, 1, 1, 0, 0, 0, 0, 1, 0, 1, 0, 1, 0, 1, 1, 0, 0, 1, 1, 1, 0, 0, 1, 1, 0, 0, 0, 0, 0, 1, 0, 0, 0, 1, 1, 1, 1, 0, 1, 0, 0, 1, 1, 1, 0, 0, 1, 1, 0, 1, 0, 1, 0, 0, 1, 0, 0, 1, 0, 0, 0, 0, 0, 0, 0, 0, 1, 0, 1, 1, 0, 0, 0, 1, 0, 0, 1, 0, 1, 0, 0, 0, 1, 1, 0, 1, 0, 0, 0, 0, 1, 1, 1, 1, 0, 0, 0, 1, 0, 0, 0, 1, 0, 0, 0, 0, 0, 1, 0, 0, 0, 0, 1, 0, 0, 0, 0, 0, 0, 0, 1, 1, 1, 1, 0, 0, 0, 1, 0, 1, 0, 0, 1, 0, 0, 1, 0, 1, 0, 0, 0, 1, 0, 1, 0, 0, 1, 0, 0, 1, 1, 1, 0, 0, 0, 0, 0, 0, 0, 0, 0, 0, 1...}, fitness = -513587}}
value address: 0x7fffffffd870
Type: The type is a structure.
Type sizeof: 24
Field name: std::_Vector_base<chromossome, std::allocator<chromossome> >
Field Type: The type is a structure.
Field Type sizeof: 24

[INFO -- 2018-09-25 02:22:45]
Fault Injection Successful after 2.3869333267211914s
[INFO -- 2018-09-25 02:22:47]
event type: exit
[INFO -- 2018-09-25 02:22:47]
exit code: 0
