[INFO -- 2018-09-23 19:36:20]
Starting flip_value script
version: 1.1
[INFO -- 2018-09-23 19:36:20]
Initialization strings:
[INFO -- 2018-09-23 19:36:20]
(1) file /tmp/knapsack/sa
[INFO -- 2018-09-23 19:36:20]
initSignal:0
[INFO -- 2018-09-23 19:36:20]
endSignal:2
[INFO -- 2018-09-23 19:36:20]
faultModel:2
[INFO -- 2018-09-23 19:36:20]
Backtrace BEGIN:
#0  0x0000555555554f97 in cost (solution=std::vector of length 200, capacity 200 = {...}) at knapsacksa.cpp:28
#1  0x000055555555511f in simulated_annealing () at knapsacksa.cpp:50
#2  0x000055555555535e in main () at knapsacksa.cpp:84

23	}
24	
25	int cost(vector<int> &solution){
26	    int peso=0, valor=0;
27	    for(int i=0; i < n; i++){
28	       peso += solution[i] * wt[i];
29	       valor += solution[i] * val[i];
30	    }
31	    if(peso > W)
32	       return 99999999;

Backtrace END
Memory content before bitflip:0x6b0x6a0x000x00
Fault Model: Random bit-flip
base address to flip value: 0x7fffffffd9dc
address max offset: 4
Memory content after  bitflip:0xac0xea0x8e0x14
frame name: simulated_annealing
symbol name: delta
symbol filename: knapsacksa.cpp
symbol line: 51
value: 344910508
value address: 0x7fffffffd9dc
Type: The type is an integer type.
Type sizeof: 4

[INFO -- 2018-09-23 19:36:20]
Fault Injection Successful after 0.9598965644836426s
[INFO -- 2018-09-23 19:36:22]
event type: exit
[INFO -- 2018-09-23 19:36:22]
exit code: 0
