[INFO -- 2018-09-21 20:40:40]
Starting flip_value script
version: 1.1
[INFO -- 2018-09-21 20:40:40]
Initialization strings:
[INFO -- 2018-09-21 20:40:40]
(1) file /tmp/knapsack/dp
[INFO -- 2018-09-21 20:40:40]
initSignal:1
[INFO -- 2018-09-21 20:40:40]
endSignal:3
[INFO -- 2018-09-21 20:40:40]
faultModel:2
[INFO -- 2018-09-21 20:40:42]
Backtrace BEGIN:
#0  0x0000555555555161 in knapSack (W=588593, n=200, val=std::vector of length 200, capacity 256 = {...}, wt=std::vector of length 200, capacity 256 = {...}) at knapsackdp.cpp:31
#1  0x0000555555555375 in main () at knapsackdp.cpp:54

26	                    else{
27	                        V[i][w] = V[i-1][w];
28	                    }
29	                }
30	                else
31	                    V[i][w] = V[i-1][w];
32	            }
33	        }
34	        
35	        return V[n][W];

Backtrace END
Memory content before bitflip:0xc80x000x000x00
Fault Model: Random bit-flip
base address to flip value: 0x7fffffffd9fc
address max offset: 4
Memory content after  bitflip:0xa80x4b0x930x3a
frame name: main
symbol name: n
symbol filename: knapsackdp.cpp
symbol line: 45
value: 982731688
value address: 0x7fffffffd9fc
Type: The type is an integer type.
Type sizeof: 4

[INFO -- 2018-09-21 20:40:42]
Fault Injection Successful after 2.640214681625366s
[INFO -- 2018-09-21 20:40:44]
event type: exit
[INFO -- 2018-09-21 20:40:44]
exit code: 0
