[INFO -- 2018-09-23 14:27:27]
Starting flip_value script
version: 1.1
[INFO -- 2018-09-23 14:27:27]
Initialization strings:
[INFO -- 2018-09-23 14:27:27]
(1) file /tmp/knapsack/sa
[INFO -- 2018-09-23 14:27:27]
initSignal:0
[INFO -- 2018-09-23 14:27:27]
endSignal:2
[INFO -- 2018-09-23 14:27:27]
faultModel:4
[EXCEPTION -- 2018-09-23 14:27:28]
gdbException: Cannot access memory at address 0x4000555555770bb0
[EXCEPTION -- 2018-09-23 14:27:28]
pythonException: Unable to exit loop in struct fields; Exiting wihtout making a bit flip
[EXCEPTION -- 2018-09-23 14:27:28]
gdbException: Cannot access memory at address 0x8000555555771700
[EXCEPTION -- 2018-09-23 14:27:28]
pythonException: empty range for randrange() (0,0, 0)
[INFO -- 2018-09-23 14:27:28]
event type: exit
[EXCEPTION -- 2018-09-23 14:27:28]
exit code: no exit code available
