[INFO -- 2018-12-08 17:12:14]
Starting flip_value script
version: 1.1
[INFO -- 2018-12-08 17:12:14]
Initialization strings:
[INFO -- 2018-12-08 17:12:14]
(1) file /tmp/knapsack/ga
[INFO -- 2018-12-08 17:12:14]
initSignal:1
[INFO -- 2018-12-08 17:12:14]
endSignal:8
[INFO -- 2018-12-08 17:12:14]
faultModel:0
[INFO -- 2018-12-08 17:12:17]
Backtrace BEGIN:
#0  std::vector<int, std::allocator<int> >::operator[] (this=0x55555575f050 <val2>, __n=11) at /usr/include/c++/7/bits/stl_vector.h:795
#1  0x00005555555550f9 in cost (solution=std::vector of length 200, capacity 200 = {...}) at knapsackga.cpp:44
#2  0x000055555555589e in genetic_algorithm () at knapsackga.cpp:138
#3  0x0000555555555b6c in main () at knapsackga.cpp:165

790	       *  Note that data access with this operator is unchecked and
791	       *  out_of_range lookups are not defined. (For checked lookups
792	       *  see at().)
793	       */
794	      reference
795	      operator[](size_type __n) _GLIBCXX_NOEXCEPT
796	      {
797		__glibcxx_requires_subscript(__n);
798		return *(this->_M_impl._M_start + __n);
799	      }

Backtrace END
Memory content before bitflip:0x310xfb0x080x00
Fault Model: Single bit-flip
base address to flip value: 0x55555575f0b0 
address max offset: 4
Memory content after  bitflip:0x310xfb0x080x02
frame name: std::vector<int, std::allocator<int> >::operator[]
symbol name: W
symbol filename: knapsackga.cpp
symbol line: 18
value: 34143025
value address: 0x55555575f0b0 <W>
Type: The type is an integer type.
Type sizeof: 4

[INFO -- 2018-12-08 17:12:17]
Fault Injection Successful after 3.5851664543151855s
[INFO -- 2018-12-08 17:12:17]
event type: exit
[INFO -- 2018-12-08 17:12:17]
exit code: 0
