[INFO -- 2018-12-09 00:22:55]
Starting flip_value script
version: 1.1
[INFO -- 2018-12-09 00:22:55]
Initialization strings:
[INFO -- 2018-12-09 00:22:55]
(1) file /tmp/knapsack/sa
[INFO -- 2018-12-09 00:22:55]
initSignal:0
[INFO -- 2018-12-09 00:22:55]
endSignal:9
[INFO -- 2018-12-09 00:22:55]
faultModel:0
[INFO -- 2018-12-09 00:23:01]
Backtrace BEGIN:
#0  0x00005555555550fc in cost (solution=std::vector of length 200, capacity 200 = {...}) at knapsacksa.cpp:57
#1  0x000055555555534c in simulated_annealing () at knapsacksa.cpp:92
#2  0x0000555555555658 in main () at knapsacksa.cpp:146

52	    if(n != n2 || W != W2){
53	        exit_gracefully();
54	    }
55	
56	    int peso=0, peso2=0, valor=0, valor2=0;
57	    for(int i=0; i < n; i++){
58	        peso += solution[i] * wt[i];
59	        valor += solution[i] * val[i];
60	    }
61	    for(int i=0; i < n; i++){

Backtrace END
Memory content before bitflip:0x520x270x0a0x00
Fault Model: Single bit-flip
base address to flip value: 0x7fffffffd714
address max offset: 4
Memory content after  bitflip:0x520x270x1a0x00
frame name: simulated_annealing
symbol name: t
symbol filename: knapsacksa.cpp
symbol line: 88
value: 1714002
value address: 0x7fffffffd714
Type: The type is an integer type.
Type sizeof: 4

[INFO -- 2018-12-09 00:23:01]
Fault Injection Successful after 6.9679648876190186s
[INFO -- 2018-12-09 00:23:01]
event type: exit
[INFO -- 2018-12-09 00:23:01]
exit code: 0
