[INFO -- 2018-11-30 03:36:37]
Starting flip_value script
version: 1.1
[INFO -- 2018-11-30 03:36:37]
Initialization strings:
[INFO -- 2018-11-30 03:36:37]
(1) file /tmp/knapsack/sa
[INFO -- 2018-11-30 03:36:37]
initSignal:0
[INFO -- 2018-11-30 03:36:37]
endSignal:7
[INFO -- 2018-11-30 03:36:37]
faultModel:2
[EXCEPTION -- 2018-11-30 03:36:38]
pythonException: Unable to exit loop in struct fields; Exiting wihtout making a bit flip
[INFO -- 2018-11-30 03:36:38]
Backtrace BEGIN:
#0  0x00005555555550ba in cost (solution=std::vector of length 200, capacity 200 = {...}) at knapsacksa.cpp:28
#1  0x0000555555555259 in simulated_annealing () at knapsacksa.cpp:52
#2  0x0000555555555522 in main () at knapsacksa.cpp:85

23	}
24	
25	int cost(vector<int> &solution){
26	    int peso=0, valor=0;
27	    for(int i=0; i < n; i++){
28	       peso += solution[i] * wt[i];
29	       valor += solution[i] * val[i];
30	    }
31	    if(peso > W)
32	       return 99999999;

Backtrace END
Fliping a bit of the value pointed by a reference
Fliping value of field: std::_Vector_base<int, std::allocator<int> >
Fliping value of field: _M_impl
Fliping value of field: _M_finish
Fliping a bit of the value pointed by a pointer
Memory content before bitflip:0x330x320x350x20
Fault Model: Random bit-flip
base address to flip value: 0x55555576e930
address max offset: 4
Memory content after  bitflip:0x6a0xe10x450xa2
frame name: cost
symbol name: solution
symbol filename: knapsacksa.cpp
symbol line: 25
value: std::vector of length 200, capacity 200 = {1, 0, 0, 0, 0, 0, 0, 0, 1, 0, 1, 1, 0, 0, 0, 1, 1, 0, 1, 1, 0, 1, 0, 1, 0, 0, 0, 0, 0, 1, 1, 1, 0, 1, 1, 1, 1, 1, 1, 1, 0, 0, 0, 1, 0, 1, 0, 1, 1, 1, 0, 0, 1, 0, 1, 0, 1, 1, 0, 0, 1, 1, 1, 0, 0, 1, 0, 1, 0, 0, 0, 0, 0, 1, 1, 0, 0, 0, 1, 0, 1, 0, 0, 1, 0, 0, 1, 0, 0, 1, 1, 1, 1, 1, 1, 0, 0, 1, 0, 0, 1, 0, 0, 1, 0, 0, 0, 0, 0, 0, 1, 1, 1, 0, 1, 0, 1, 1, 0, 0, 0, 0, 1, 1, 0, 0, 0, 0, 0, 1, 1, 0, 1, 0, 0, 0, 0, 0, 1, 0, 0, 0, 1, 0, 0, 1, 0, 1, 1, 1, 0, 0, 1, 0, 1, 1, 0, 1, 1, 1, 1, 0, 1, 1, 1, 1, 1, 1, 0, 1, 1, 1, 1, 1, 0, 0, 0, 1, 1, 0, 1, 0, 0, 0, 0, 1, 1, 1, 1, 0, 0, 1, 1, 1, 1, 0, 0, 1, 0, 1...}
value address: 0x7fffffffd990
Type: A reference type.
Type sizeof: 8

[INFO -- 2018-11-30 03:36:38]
Fault Injection Successful after 1.4534986019134521s
[INFO -- 2018-11-30 03:36:45]
event type: exit
[INFO -- 2018-11-30 03:36:45]
exit code: 0
