[INFO -- 2018-12-01 07:44:30]
Starting flip_value script
version: 1.1
[INFO -- 2018-12-01 07:44:30]
Initialization strings:
[INFO -- 2018-12-01 07:44:30]
(1) file /tmp/knapsack/mf
[INFO -- 2018-12-01 07:44:30]
initSignal:0
[INFO -- 2018-12-01 07:44:30]
endSignal:12
[INFO -- 2018-12-01 07:44:30]
faultModel:0
[INFO -- 2018-12-01 07:44:31]
Backtrace BEGIN:
#0  0x00005555555558ea in std::vector<std::vector<int, std::allocator<int> >, std::allocator<std::vector<int, std::allocator<int> > > >::operator[] (this=0x7fffffffd6d0, __n=46) at /usr/include/c++/7/bits/stl_vector.h:799
#1  0x00005555555550ba in knapSack (W=588593, n=200, values=std::vector of length 200, capacity 256 = {...}, weights=std::vector of length 200, capacity 256 = {...}, V=std::vector of length 201, capacity 201 = {...}) at knapsackmf.cpp:28
#2  0x0000555555555494 in executeAlgorithm () at knapsackmf.cpp:75
#3  0x000055555555558a in main () at knapsackmf.cpp:81

794	      reference
795	      operator[](size_type __n) _GLIBCXX_NOEXCEPT
796	      {
797		__glibcxx_requires_subscript(__n);
798		return *(this->_M_impl._M_start + __n);
799	      }
800	
801	      /**
802	       *  @brief  Subscript access to the data contained in the %vector.
803	       *  @param __n The index of the element for which data should be

Backtrace END
Fliping a bit of the pointer
Memory content before bitflip:0xd00xd60xff0xff0xff0x7f0x000x00
Fault Model: Single bit-flip
base address to flip value: 0x7fffffffd5e8
address max offset: 8
Memory content after  bitflip:0xd00xd60xff0xff0xff0x7f0x800x00
frame name: std::vector<std::vector<int, std::allocator<int> >, std::allocator<std::vector<int, std::allocator<int> > > >::operator[]
symbol name: this
symbol filename: knapsackmf.cpp
symbol line: 0
value: 0x7fffffffd6d0
value address: 0x7fffffffd5e8
Type: The type is a pointer.
Type sizeof: 8

[INFO -- 2018-12-01 07:44:31]
Fault Injection Successful after 1.4236345291137695s
[INFO -- 2018-12-01 07:44:40]
event type: exit
[INFO -- 2018-12-01 07:44:40]
exit code: 0
