[INFO -- 2018-12-08 05:18:52]
Starting flip_value script
version: 1.1
[INFO -- 2018-12-08 05:18:52]
Initialization strings:
[INFO -- 2018-12-08 05:18:52]
(1) file /tmp/knapsack/sa
[INFO -- 2018-12-08 05:18:52]
initSignal:0
[INFO -- 2018-12-08 05:18:52]
endSignal:9
[INFO -- 2018-12-08 05:18:52]
faultModel:2
[EXCEPTION -- 2018-12-08 05:18:54]
pythonException: Unable to exit loop in struct fields; Exiting wihtout making a bit flip
[INFO -- 2018-12-08 05:18:54]
Backtrace BEGIN:
#0  0x000055555555531f in simulated_annealing () at knapsacksa.cpp:91
#1  0x0000555555555658 in main () at knapsacksa.cpp:146

86	    //int co=0;
87	
88	    for(int t = 0; t < 1000000; t++){
89	        vector<int> s(solution);
90	        int i = rand() % n;
91	        s[i] = 1 - s[i];
92	        int c = cost(s);
93	        if(best != best2){
94	            exit_gracefully();
95	        }

Backtrace END
Memory content before bitflip:0x310xfb0x080x00
Fault Model: Random bit-flip
base address to flip value: 0x555555759030 
address max offset: 4
Memory content after  bitflip:0xf50x340xa20x07
frame name: simulated_annealing
symbol name: W
symbol filename: knapsacksa.cpp
symbol line: 13
value: 128070901
value address: 0x555555759030 <W>
Type: The type is an integer type.
Type sizeof: 4

[INFO -- 2018-12-08 05:18:54]
Fault Injection Successful after 2.7036292552948s
[INFO -- 2018-12-08 05:18:54]
event type: exit
[INFO -- 2018-12-08 05:18:54]
exit code: 0
