[INFO -- 2018-12-01 00:46:31]
Starting flip_value script
version: 1.1
[INFO -- 2018-12-01 00:46:31]
Initialization strings:
[INFO -- 2018-12-01 00:46:31]
(1) file /tmp/knapsack/ga
[INFO -- 2018-12-01 00:46:31]
initSignal:0
[INFO -- 2018-12-01 00:46:31]
endSignal:13
[INFO -- 2018-12-01 00:46:31]
faultModel:2
[INFO -- 2018-12-01 00:46:36]
Backtrace BEGIN:
#0  0x00005555555552d6 in crossover (pai=std::vector of length 200, capacity 200 = {...}, mae=std::vector of length 200, capacity 200 = {...}, filho1=std::vector of length 200, capacity 200 = {...}, filho2=std::vector of length 200, capacity 200 = {...}) at knapsackga.cpp:79
#1  0x00005555555555c7 in genetic_algorithm () at knapsackga.cpp:104
#2  0x0000555555555a9b in main () at knapsackga.cpp:141

74	        mask[i] = rand_bit();
75	    }
76	    filho1 = pai;
77	    filho2 = mae;
78	    for(int i = 0; i < n; i++){
79	        if(mask[i]){
80	            swap(filho1[i], filho2[i]);
81	        }
82	    }
83	}

Backtrace END
Memory content before bitflip:0x310xfb0x080x00
Fault Model: Random bit-flip
base address to flip value: 0x55555575f17c 
address max offset: 4
Memory content after  bitflip:0xc10x610x870xcd
frame name: main
symbol name: W
symbol filename: knapsackga.cpp
symbol line: 16
value: -846765631
value address: 0x55555575f17c <W>
Type: The type is an integer type.
Type sizeof: 4

[INFO -- 2018-12-01 00:46:36]
Fault Injection Successful after 5.74565052986145s
[INFO -- 2018-12-01 00:46:44]
event type: exit
[INFO -- 2018-12-01 00:46:44]
exit code: 0
