[INFO -- 2018-09-25 01:31:20]
Starting flip_value script
version: 1.1
[INFO -- 2018-09-25 01:31:20]
Initialization strings:
[INFO -- 2018-09-25 01:31:20]
(1) file /tmp/knapsack/ga
[INFO -- 2018-09-25 01:31:20]
initSignal:1
[INFO -- 2018-09-25 01:31:20]
endSignal:3.5
[INFO -- 2018-09-25 01:31:20]
faultModel:4
[INFO -- 2018-09-25 01:31:22]
Backtrace BEGIN:
#0  __random_r (buf=buf@entry=0x7ffff7832720 <unsafe_state>, result=result@entry=0x7fffffffd804) at random_r.c:371
#1  0x00007ffff7494a22 in __random () at random.c:293
#2  0x00007ffff7494ea9 in rand () at rand.c:27
#3  0x0000555555554eb3 in rand_bit () at knapsackga.cpp:20
#4  0x000055555555514f in crossover (pai=std::vector of length 200, capacity 200 = {...}, mae=std::vector of length 200, capacity 200 = {...}, filho1=std::vector of length 0, capacity 0, filho2=std::vector of length 0, capacity 0) at knapsackga.cpp:74
#5  0x000055555555548d in genetic_algorithm () at knapsackga.cpp:104
#6  0x00005555555558d7 in main () at knapsackga.cpp:137

366	random_r.c: No such file or directory.

Backtrace END
Memory content before bitflip:0xcd0x030xdd0x2c
Fault Model: LSB bit-flip
base address to flip value: 0x7fffffffd804
address max offset: 4
Memory content after  bitflip:0xcd0x030xdd0x28
frame name: __random
symbol name: retval
symbol filename: random.c
symbol line: 289
value: 685573069
value address: 0x7fffffffd804
Type: The type is an integer type.
Type sizeof: 4

[INFO -- 2018-09-25 01:31:22]
Fault Injection Successful after 2.68495774269104s
[INFO -- 2018-09-25 01:31:24]
event type: exit
[INFO -- 2018-09-25 01:31:24]
exit code: 0
