[INFO -- 2018-12-07 23:01:17]
Starting flip_value script
version: 1.1
[INFO -- 2018-12-07 23:01:17]
Initialization strings:
[INFO -- 2018-12-07 23:01:17]
(1) file /tmp/knapsack/ga
[INFO -- 2018-12-07 23:01:17]
initSignal:1
[INFO -- 2018-12-07 23:01:17]
endSignal:8
[INFO -- 2018-12-07 23:01:17]
faultModel:1
[INFO -- 2018-12-07 23:01:18]
Backtrace BEGIN:
#0  __gnu_cxx::__normal_iterator<int const*, std::vector<int, std::allocator<int> > >::__normal_iterator (this=0x7fffffffd7f0, __i=@0x7fffffffd7e8: 0x555555787fa0) at /usr/include/c++/7/bits/stl_iterator.h:780
#1  0x000055555555720e in std::vector<int, std::allocator<int> >::end (this=0x7fffffffd920) at /usr/include/c++/7/bits/stl_vector.h:591
#2  0x0000555555556440 in std::vector<int, std::allocator<int> >::operator= (this=0x7fffffffd9a0, __x=std::vector of length 200, capacity 200 = {...}) at /usr/include/c++/7/bits/vector.tcc:206
#3  0x000055555555571b in genetic_algorithm () at knapsackga.cpp:131
#4  0x0000555555555b6c in main () at knapsackga.cpp:165

775	      _GLIBCXX_CONSTEXPR __normal_iterator() _GLIBCXX_NOEXCEPT
776	      : _M_current(_Iterator()) { }
777	
778	      explicit
779	      __normal_iterator(const _Iterator& __i) _GLIBCXX_NOEXCEPT
780	      : _M_current(__i) { }
781	
782	      // Allow iterator to const_iterator conversion
783	      template<typename _Iter>
784	        __normal_iterator(const __normal_iterator<_Iter,

Backtrace END
Fliping a bit of the pointer
Memory content before bitflip:0x200xd90xff0xff0xff0x7f0x000x00
Fault Model: Double bit-flip
base address to flip value: 0x7fffffffd7d8
address max offset: 8
Memory content after  bitflip:0x200xfb0xff0xff0xff0x7f0x000x00
frame name: std::vector<int, std::allocator<int> >::end
symbol name: this
symbol filename: knapsackga.cpp
symbol line: 0
value: 0x7fffffffd920
value address: 0x7fffffffd7d8
Type: The type is a pointer.
Type sizeof: 8

[INFO -- 2018-12-07 23:01:18]
Fault Injection Successful after 1.6949563026428223s
[INFO -- 2018-12-07 23:01:25]
event type: exit
[INFO -- 2018-12-07 23:01:25]
exit code: 0
