[INFO -- 2018-09-21 21:17:28]
Starting flip_value script
version: 1.1
[INFO -- 2018-09-21 21:17:28]
Initialization strings:
[INFO -- 2018-09-21 21:17:28]
(1) file /tmp/knapsack/dp
[INFO -- 2018-09-21 21:17:28]
initSignal:1
[INFO -- 2018-09-21 21:17:28]
endSignal:3
[INFO -- 2018-09-21 21:17:28]
faultModel:2
[INFO -- 2018-09-21 21:17:30]
Backtrace BEGIN:
#0  0x00005555555555b2 in std::vector<std::vector<int, std::allocator<int> >, std::allocator<std::vector<int, std::allocator<int> > > >::operator[] (this=0x7fffffffd980, __n=149816) at /usr/include/c++/7/bits/stl_vector.h:795
#1  0x000055555555510c in knapSack (W=588593, n=200, val=std::vector of length 200, capacity 256 = {...}, wt=std::vector of length 200, capacity 256 = {...}) at knapsackdp.cpp:27
#2  0x0000555555555375 in main () at knapsackdp.cpp:54

790	       *  Note that data access with this operator is unchecked and
791	       *  out_of_range lookups are not defined. (For checked lookups
792	       *  see at().)
793	       */
794	      reference
795	      operator[](size_type __n) _GLIBCXX_NOEXCEPT
796	      {
797		__glibcxx_requires_subscript(__n);
798		return *(this->_M_impl._M_start + __n);
799	      }

Backtrace END
Memory content before bitflip:0xc80x000x000x00
Fault Model: Random bit-flip
base address to flip value: 0x7fffffffd9fc
address max offset: 4
Memory content after  bitflip:0xe00xb00xdf0xf1
frame name: main
symbol name: n
symbol filename: knapsackdp.cpp
symbol line: 45
value: -236998432
value address: 0x7fffffffd9fc
Type: The type is an integer type.
Type sizeof: 4

[INFO -- 2018-09-21 21:17:30]
Fault Injection Successful after 2.2619049549102783s
[INFO -- 2018-09-21 21:17:31]
event type: exit
[INFO -- 2018-09-21 21:17:31]
exit code: 0
