[INFO -- 2018-12-08 01:25:12]
Starting flip_value script
version: 1.1
[INFO -- 2018-12-08 01:25:12]
Initialization strings:
[INFO -- 2018-12-08 01:25:12]
(1) file /tmp/knapsack/sa
[INFO -- 2018-12-08 01:25:12]
initSignal:0
[INFO -- 2018-12-08 01:25:12]
endSignal:9
[INFO -- 2018-12-08 01:25:12]
faultModel:4
[EXCEPTION -- 2018-12-08 01:25:13]
pythonException: Unable to exit loop in struct fields; Exiting wihtout making a bit flip
[INFO -- 2018-12-08 01:25:14]
Backtrace BEGIN:
#0  __gnu_cxx::new_allocator<int>::~new_allocator (this=0x7fffffffd740, __in_chrg=<optimized out>) at /usr/include/c++/7/ext/new_allocator.h:86
#1  0x00005555555558a2 in std::allocator<int>::~allocator (this=0x7fffffffd740, __in_chrg=<optimized out>) at /usr/include/c++/7/bits/allocator.h:139
#2  0x0000555555555e50 in std::_Vector_base<int, std::allocator<int> >::_Vector_impl::~_Vector_impl (this=0x7fffffffd740, __in_chrg=<optimized out>) at /usr/include/c++/7/bits/stl_vector.h:81
#3  0x0000555555555ebd in std::_Vector_base<int, std::allocator<int> >::~_Vector_base (this=0x7fffffffd740, __in_chrg=<optimized out>) at /usr/include/c++/7/bits/stl_vector.h:163
#4  0x0000555555555949 in std::vector<int, std::allocator<int> >::~vector (this=0x7fffffffd740, __in_chrg=<optimized out>) at /usr/include/c++/7/bits/stl_vector.h:435
#5  0x0000555555555468 in simulated_annealing () at knapsacksa.cpp:89
#6  0x0000555555555658 in main () at knapsacksa.cpp:146

81	      new_allocator(const new_allocator&) _GLIBCXX_USE_NOEXCEPT { }
82	
83	      template<typename _Tp1>
84		new_allocator(const new_allocator<_Tp1>&) _GLIBCXX_USE_NOEXCEPT { }
85	
86	      ~new_allocator() _GLIBCXX_USE_NOEXCEPT { }
87	
88	      pointer
89	      address(reference __x) const _GLIBCXX_NOEXCEPT
90	      { return std::__addressof(__x); }

Backtrace END
Memory content before bitflip:0xc80x000x000x00
Fault Model: LSB bit-flip
base address to flip value: 0x55555575903c 
address max offset: 4
Memory content after  bitflip:0xc80x000x000x04
frame name: __gnu_cxx::new_allocator<int>::~new_allocator
symbol name: n2
symbol filename: knapsacksa.cpp
symbol line: 13
value: 67109064
value address: 0x55555575903c <n2>
Type: The type is an integer type.
Type sizeof: 4

[INFO -- 2018-12-08 01:25:14]
Fault Injection Successful after 2.7210750579833984s
[INFO -- 2018-12-08 01:25:14]
event type: exit
[INFO -- 2018-12-08 01:25:14]
exit code: 0
