[INFO -- 2018-09-25 07:12:02]
Starting flip_value script
version: 1.1
[INFO -- 2018-09-25 07:12:02]
Initialization strings:
[INFO -- 2018-09-25 07:12:02]
(1) file /tmp/knapsack/ga
[INFO -- 2018-09-25 07:12:02]
initSignal:1
[INFO -- 2018-09-25 07:12:02]
endSignal:3.5
[INFO -- 2018-09-25 07:12:02]
faultModel:4
[INFO -- 2018-09-25 07:12:03]
Backtrace BEGIN:
#0  std::move<int&> (__t=@0x5555557869d8: 0) at /usr/include/c++/7/bits/move.h:98
#1  0x0000555555556372 in std::swap<int> (__a=@0x5555557869d8: 0, __b=@0x555555786298: 0) at /usr/include/c++/7/bits/move.h:199
#2  0x00005555555551e7 in crossover (pai=std::vector of length 200, capacity 200 = {...}, mae=std::vector of length 200, capacity 200 = {...}, filho1=std::vector of length 200, capacity 200 = {...}, filho2=std::vector of length 200, capacity 200 = {...}) at knapsackga.cpp:80
#3  0x000055555555548d in genetic_algorithm () at knapsackga.cpp:104
#4  0x00005555555558d7 in main () at knapsackga.cpp:137

93	   *  @param  __t  A thing of arbitrary type.
94	   *  @return The parameter cast to an rvalue-reference to allow moving it.
95	  */
96	  template<typename _Tp>
97	    constexpr typename std::remove_reference<_Tp>::type&&
98	    move(_Tp&& __t) noexcept
99	    { return static_cast<typename std::remove_reference<_Tp>::type&&>(__t); }
100	
101	
102	  template<typename _Tp>

Backtrace END
Fliping a bit of the value pointed by a reference
Memory content before bitflip:0x000x000x000x00
Fault Model: LSB bit-flip
base address to flip value: 0x5555557869d8
address max offset: 4
Memory content after  bitflip:0x000x000x000x01
frame name: std::move<int&>
symbol name: __t
symbol filename: /usr/include/c++/7/bits/move.h
symbol line: 98
value: @0x5555557869d8
value address: 0x5555557869d8
Type: A reference type.
Type sizeof: 8

[INFO -- 2018-09-25 07:12:03]
Fault Injection Successful after 1.580949306488037s
[INFO -- 2018-09-25 07:12:06]
event type: exit
[INFO -- 2018-09-25 07:12:06]
exit code: 0
