[INFO -- 2018-09-25 09:44:09]
Starting flip_value script
version: 1.1
[INFO -- 2018-09-25 09:44:09]
Initialization strings:
[INFO -- 2018-09-25 09:44:09]
(1) file /tmp/knapsack/ga
[INFO -- 2018-09-25 09:44:09]
initSignal:1
[INFO -- 2018-09-25 09:44:09]
endSignal:3.5
[INFO -- 2018-09-25 09:44:09]
faultModel:4
[EXCEPTION -- 2018-09-25 09:44:11]
pythonException: Unable to exit loop in struct fields; Exiting wihtout making a bit flip
[INFO -- 2018-09-25 09:44:11]
Backtrace BEGIN:
#0  0x0000555555555bf4 in std::move<int&> (__t=@0x5555557862d0: 0) at /usr/include/c++/7/bits/move.h:98
#1  0x0000555555556386 in std::swap<int> (__a=@0x555555785940: 0, __b=@0x5555557862d0: 0) at /usr/include/c++/7/bits/move.h:200
#2  0x00005555555551e7 in crossover (pai=std::vector of length 200, capacity 200 = {...}, mae=std::vector of length 200, capacity 200 = {...}, filho1=std::vector of length 200, capacity 200 = {...}, filho2=std::vector of length 200, capacity 200 = {...}) at knapsackga.cpp:80
#3  0x000055555555548d in genetic_algorithm () at knapsackga.cpp:104
#4  0x00005555555558d7 in main () at knapsackga.cpp:137

93	   *  @param  __t  A thing of arbitrary type.
94	   *  @return The parameter cast to an rvalue-reference to allow moving it.
95	  */
96	  template<typename _Tp>
97	    constexpr typename std::remove_reference<_Tp>::type&&
98	    move(_Tp&& __t) noexcept
99	    { return static_cast<typename std::remove_reference<_Tp>::type&&>(__t); }
100	
101	
102	  template<typename _Tp>

Backtrace END
Fliping a bit of the reference
Memory content before bitflip:0x000x000x000x000x000x000x000x00
Fault Model: LSB bit-flip
base address to flip value: 0x5555557862d0
address max offset: 8
Memory content after  bitflip:0x000x000x000x000x000x000x000x02
frame name: std::move<int&>
symbol name: __t
symbol filename: /usr/include/c++/7/bits/move.h
symbol line: 98
value: @0x5555557862d0
value address: 0x5555557862d0
Type: A reference type.
Type sizeof: 8

[INFO -- 2018-09-25 09:44:11]
Fault Injection Successful after 2.0553784370422363s
[INFO -- 2018-09-25 09:44:13]
event type: exit
[INFO -- 2018-09-25 09:44:13]
exit code: 0
