[INFO -- 2018-12-09 05:18:53]
Starting flip_value script
version: 1.1
[INFO -- 2018-12-09 05:18:53]
Initialization strings:
[INFO -- 2018-12-09 05:18:53]
(1) file /tmp/knapsack/ga
[INFO -- 2018-12-09 05:18:53]
initSignal:1
[INFO -- 2018-12-09 05:18:53]
endSignal:8
[INFO -- 2018-12-09 05:18:53]
faultModel:1
[INFO -- 2018-12-09 05:18:58]
Backtrace BEGIN:
#0  0x00005555555598ae in std::__copy_move_a<false, int const*, int*> (__first=0x55555555988b <std::__niter_base<int const*, std::vector<int, std::allocator<int> > >(__gnu_cxx::__normal_iterator<int const*, std::vector<int, std::allocator<int> > >)+24>, __last=0x7fffffffd550, __result=0x7fffffffd548) at /usr/include/c++/7/bits/stl_algobase.h:375
#1  0x000055555555ab8b in std::__copy_move_a2<false, __gnu_cxx::__normal_iterator<int const*, std::vector<int, std::allocator<int> > >, int*> (__first=0, __last=0, __result=0x555555783580) at /usr/include/c++/7/bits/stl_algobase.h:424
#2  0x000055555555a2c0 in std::copy<__gnu_cxx::__normal_iterator<int const*, std::vector<int, std::allocator<int> > >, int*> (__first=0, __last=0, __result=0x555555783580) at /usr/include/c++/7/bits/stl_algobase.h:456
#3  0x0000555555559778 in std::__uninitialized_copy<true>::__uninit_copy<__gnu_cxx::__normal_iterator<int const*, std::vector<int, std::allocator<int> > >, int*> (__first=0, __last=0, __result=0x555555783580) at /usr/include/c++/7/bits/stl_uninitialized.h:101
#4  0x00005555555586a8 in std::uninitialized_copy<__gnu_cxx::__normal_iterator<int const*, std::vector<int, std::allocator<int> > >, int*> (__first=0, __last=0, __result=0x555555783580) at /usr/include/c++/7/bits/stl_uninitialized.h:134
#5  0x0000555555557257 in std::__uninitialized_copy_a<__gnu_cxx::__normal_iterator<int const*, std::vector<int, std::allocator<int> > >, int*, int> (__first=0, __last=0, __result=0x555555783580) at /usr/include/c++/7/bits/stl_uninitialized.h:289
#6  0x00005555555561bb in std::vector<int, std::allocator<int> >::vector (this=0x555555776780, __x=std::vector of length 200, capacity 256 = {...}) at /usr/include/c++/7/bits/stl_vector.h:331
#7  0x0000555555558123 in chromossome::chromossome (this=0x555555776780) at knapsackga.cpp:63
#8  0x0000555555558180 in __gnu_cxx::new_allocator<chromossome>::construct<chromossome, chromossome const&> (this=0x7fffffffd820, __p=0x555555776780, __args#0=...) at /usr/include/c++/7/ext/new_allocator.h:136
#9  0x0000555555556d7a in std::allocator_traits<std::allocator<chromossome> >::construct<chromossome, chromossome const&> (__a=..., __p=0x555555776780, __args#0=...) at /usr/include/c++/7/bits/alloc_traits.h:475
#10 0x0000555555556e3a in std::vector<chromossome, std::allocator<chromossome> >::_M_realloc_insert<chromossome const&> (this=0x7fffffffd820, __position={solution = std::vector of length 36, capacity 0 = {<error reading variable>, __args#0=...) at /usr/include/c++/7/bits/vector.tcc:415
#11 0x0000555555556012 in std::vector<chromossome, std::allocator<chromossome> >::push_back (this=0x7fffffffd820, __x=...) at /usr/include/c++/7/bits/stl_vector.h:948
#12 0x0000555555555230 in tournament (pop=std::vector of length 40, capacity 64 = {...}) at knapsackga.cpp:84
#13 0x0000555555555653 in genetic_algorithm () at knapsackga.cpp:128
#14 0x0000555555555b6c in main () at knapsackga.cpp:165

370		}
371	    };
372	
373	  template<bool _IsMove, typename _II, typename _OI>
374	    inline _OI
375	    __copy_move_a(_II __first, _II __last, _OI __result)
376	    {
377	      typedef typename iterator_traits<_II>::value_type _ValueTypeI;
378	      typedef typename iterator_traits<_OI>::value_type _ValueTypeO;
379	      typedef typename iterator_traits<_II>::iterator_category _Category;

Backtrace END
Memory content before bitflip:0xc80x000x000x00
Fault Model: Double bit-flip
base address to flip value: 0x55555575f0ac 
address max offset: 4
Memory content after  bitflip:0xc80x000x480x00
frame name: std::__uninitialized_copy<true>::__uninit_copy<__gnu_cxx::__normal_iterator<int const*, std::vector<int, std::allocator<int> > >, int*>
symbol name: n2
symbol filename: knapsackga.cpp
symbol line: 18
value: 4718792
value address: 0x55555575f0ac <n2>
Type: The type is an integer type.
Type sizeof: 4

[INFO -- 2018-12-09 05:18:58]
Fault Injection Successful after 5.447626829147339s
[INFO -- 2018-12-09 05:18:58]
event type: exit
[INFO -- 2018-12-09 05:18:58]
exit code: 0
