[INFO -- 2018-12-09 06:01:11]
Starting flip_value script
version: 1.1
[INFO -- 2018-12-09 06:01:11]
Initialization strings:
[INFO -- 2018-12-09 06:01:11]
(1) file /tmp/knapsack/ga
[INFO -- 2018-12-09 06:01:11]
initSignal:1
[INFO -- 2018-12-09 06:01:11]
endSignal:8
[INFO -- 2018-12-09 06:01:11]
faultModel:2
[INFO -- 2018-12-09 06:01:15]
Backtrace BEGIN:
#0  0x00005555555553a0 in crossover (pai=std::vector of length 200, capacity 200 = {...}, mae=std::vector of length 200, capacity 200 = {...}, filho1=std::vector of length 200, capacity 200 = {...}, filho2=std::vector of length 200, capacity 200 = {...}) at knapsackga.cpp:100
#1  0x00005555555556d7 in genetic_algorithm () at knapsackga.cpp:130
#2  0x0000555555555b6c in main () at knapsackga.cpp:165

95	        mask[i] = rand_bit();
96	    }
97	    filho1 = pai;
98	    filho2 = mae;
99	    for(int i = 0; i < n; i++){
100	        if(mask[i]){
101	            swap(filho1[i], filho2[i]);
102	        }
103	    }
104	}

Backtrace END
Memory content before bitflip:0x310xfb0x080x00
Fault Model: Random bit-flip
base address to flip value: 0x55555575f0b0 
address max offset: 4
Memory content after  bitflip:0xee0x880xac0xa7
frame name: crossover
symbol name: W
symbol filename: knapsackga.cpp
symbol line: 18
value: -1481864978
value address: 0x55555575f0b0 <W>
Type: The type is an integer type.
Type sizeof: 4

[INFO -- 2018-12-09 06:01:15]
Fault Injection Successful after 4.1312384605407715s
[INFO -- 2018-12-09 06:01:15]
event type: exit
[INFO -- 2018-12-09 06:01:15]
exit code: 0
