[INFO -- 2018-11-30 11:39:16]
Starting flip_value script
version: 1.1
[INFO -- 2018-11-30 11:39:16]
Initialization strings:
[INFO -- 2018-11-30 11:39:16]
(1) file /tmp/knapsack/sa
[INFO -- 2018-11-30 11:39:16]
initSignal:0
[INFO -- 2018-11-30 11:39:16]
endSignal:7
[INFO -- 2018-11-30 11:39:16]
faultModel:2
[INFO -- 2018-11-30 11:39:16]
Backtrace BEGIN:
#0  0x0000555555555f0c in std::_Destroy<int*, int> (__first=0x55555576e610, __last=0x55555576e930) at /usr/include/c++/7/bits/stl_construct.h:206
#1  0x000055555555587f in std::vector<int, std::allocator<int> >::~vector (this=0x7fffffffd990, __in_chrg=<optimized out>) at /usr/include/c++/7/bits/stl_vector.h:434
#2  0x0000555555555305 in simulated_annealing () at knapsacksa.cpp:49
#3  0x0000555555555522 in main () at knapsacksa.cpp:85

201	  template<typename _ForwardIterator, typename _Tp>
202	    inline void
203	    _Destroy(_ForwardIterator __first, _ForwardIterator __last,
204		     allocator<_Tp>&)
205	    {
206	      _Destroy(__first, __last);
207	    }
208	
209	#if __cplusplus > 201402L
210	  template <typename _Tp>

Backtrace END
Fliping a bit of the pointer
Memory content before bitflip:0x100xe60x760x550x550x550x000x00
Fault Model: Random bit-flip
base address to flip value: 0x7fffffffd908
address max offset: 8
Memory content after  bitflip:0x080x570xd80x470xf50x3b0x3e0x2a
frame name: std::_Destroy<int*, int>
symbol name: __first
symbol filename: /usr/include/c++/7/bits/stl_construct.h
symbol line: 203
value: 0x55555576e610
value address: 0x7fffffffd908
Type: The type is a pointer.
Type sizeof: 8

[INFO -- 2018-11-30 11:39:16]
Fault Injection Successful after 0.9989547729492188s
[INFO -- 2018-11-30 11:39:23]
event type: exit
[INFO -- 2018-11-30 11:39:23]
exit code: 0
