[INFO -- 2018-09-23 21:30:15]
Starting flip_value script
version: 1.1
[INFO -- 2018-09-23 21:30:15]
Initialization strings:
[INFO -- 2018-09-23 21:30:15]
(1) file /tmp/knapsack/sa
[INFO -- 2018-09-23 21:30:15]
initSignal:0
[INFO -- 2018-09-23 21:30:15]
endSignal:2
[INFO -- 2018-09-23 21:30:15]
faultModel:2
[INFO -- 2018-09-23 21:30:15]
Backtrace BEGIN:
#0  dl_main (phdr=<optimized out>, phnum=<optimized out>, user_entry=<optimized out>, auxv=<optimized out>) at rtld.c:2286
#1  0x00007ffff7df015a in _dl_sysdep_start (start_argptr=start_argptr@entry=0x7fffffffdf50, dl_main=dl_main@entry=0x7ffff7dd73d0 <dl_main>) at ../elf/dl-sysdep.c:253
#2  0x00007ffff7dd6e88 in _dl_start_final (arg=0x7fffffffdf50) at rtld.c:414
#3  _dl_start (arg=0x7fffffffdf50) at rtld.c:520
#4  0x00007ffff7dd5ea8 in _start () from /lib64/ld-linux-x86-64.so.2
#5  0x0000000000000001 in ?? ()
#6  0x00007fffffffe2ce in ?? ()
#7  0x0000000000000000 in ?? ()

2281	rtld.c: No such file or directory.

Backtrace END
Memory content before bitflip:0xc80x2b0xaf0x740x410x200x000x00
Fault Model: Random bit-flip
base address to flip value: 0x7ffff7ffc8a0 
address max offset: 8
Memory content after  bitflip:0x6f0x8a0x7f0x880x9b0xc80xed0x74
frame name: _dl_start
symbol name: start_time
symbol filename: rtld.c
symbol line: 308
value: 8425611048215612015
value address: 0x7ffff7ffc8a0 <start_time>
Type: The type is an integer type.
Type sizeof: 8

[INFO -- 2018-09-23 21:30:15]
Fault Injection Successful after 0.3247406482696533s
[INFO -- 2018-09-23 21:30:17]
event type: exit
[INFO -- 2018-09-23 21:30:17]
exit code: 0
