[INFO -- 2018-12-02 03:34:56]
Starting flip_value script
version: 1.1
[INFO -- 2018-12-02 03:34:56]
Initialization strings:
[INFO -- 2018-12-02 03:34:57]
(1) file /tmp/knapsack/ga
[INFO -- 2018-12-02 03:34:57]
initSignal:0
[INFO -- 2018-12-02 03:34:57]
endSignal:13
[INFO -- 2018-12-02 03:34:57]
faultModel:1
[INFO -- 2018-12-02 03:34:57]
Backtrace BEGIN:
#0  0x00007ffff74e265a in _int_free (av=0x7ffff7832c20 <main_arena>, p=0x555555775f40, have_lock=0) at malloc.c:4194
#1  0x00007ffff74e744e in __GI___libc_free (mem=<optimized out>) at malloc.c:3145
#2  0x00005555555597ea in __gnu_cxx::new_allocator<int>::deallocate (this=0x555555776500, __p=0x555555775f50) at /usr/include/c++/7/ext/new_allocator.h:125
#3  0x00005555555587a6 in std::allocator_traits<std::allocator<int> >::deallocate (__a=..., __p=0x555555775f50, __n=200) at /usr/include/c++/7/bits/alloc_traits.h:462
#4  0x0000555555557316 in std::_Vector_base<int, std::allocator<int> >::_M_deallocate (this=0x555555776500, __p=0x555555775f50, __n=200) at /usr/include/c++/7/bits/stl_vector.h:180
#5  0x0000555555556b53 in std::_Vector_base<int, std::allocator<int> >::~_Vector_base (this=0x555555776500, __in_chrg=<optimized out>) at /usr/include/c++/7/bits/stl_vector.h:162
#6  0x0000555555555e7d in std::vector<int, std::allocator<int> >::~vector (this=0x555555776500, __in_chrg=<optimized out>) at /usr/include/c++/7/bits/stl_vector.h:435
#7  0x0000555555555df2 in chromossome::~chromossome (this=0x555555776500, __in_chrg=<optimized out>) at knapsackga.cpp:42
#8  0x0000555555559c45 in std::_Destroy<chromossome> (__pointer=0x555555776500) at /usr/include/c++/7/bits/stl_construct.h:98
#9  0x00005555555591af in std::_Destroy_aux<false>::__destroy<chromossome*> (__first=0x555555776500, __last=0x555555776540) at /usr/include/c++/7/bits/stl_construct.h:108
#10 0x00005555555580e6 in std::_Destroy<chromossome*> (__first=0x5555557764e0, __last=0x555555776540) at /usr/include/c++/7/bits/stl_construct.h:137
#11 0x0000555555556cff in std::_Destroy<chromossome*, chromossome> (__first=0x5555557764e0, __last=0x555555776540) at /usr/include/c++/7/bits/stl_construct.h:206
#12 0x0000555555555f11 in std::vector<chromossome, std::allocator<chromossome> >::~vector (this=0x7fffffffd8d0, __in_chrg=<optimized out>) at /usr/include/c++/7/bits/stl_vector.h:434
#13 0x00005555555551b8 in tournament (pop=std::vector of length 40, capacity 64 = {...}) at knapsackga.cpp:59
#14 0x0000555555555543 in genetic_algorithm () at knapsackga.cpp:102
#15 0x0000555555555a9b in main () at knapsackga.cpp:141

4189	malloc.c: No such file or directory.

Backtrace END
Memory content before bitflip:0xc80x000x000x000x000x000x000x00
Fault Model: Double bit-flip
base address to flip value: 0x7fffffffd778
address max offset: 8
Memory content after  bitflip:0xc80x000x000x000x000x090x000x00
frame name: std::_Vector_base<int, std::allocator<int> >::_M_deallocate
symbol name: __n
symbol filename: /usr/include/c++/7/bits/stl_vector.h
symbol line: 176
value: 9895604650184
value address: 0x7fffffffd778
Type: The type is an integer type.
Type sizeof: 8

[INFO -- 2018-12-02 03:34:57]
Fault Injection Successful after 0.4120621681213379s
[INFO -- 2018-12-02 03:35:09]
event type: exit
[INFO -- 2018-12-02 03:35:09]
exit code: 0
