[INFO -- 2018-11-30 06:12:01]
Starting flip_value script
version: 1.1
[INFO -- 2018-11-30 06:12:01]
Initialization strings:
[INFO -- 2018-11-30 06:12:01]
(1) file /tmp/knapsack/sa
[INFO -- 2018-11-30 06:12:01]
initSignal:0
[INFO -- 2018-11-30 06:12:01]
endSignal:7
[INFO -- 2018-11-30 06:12:01]
faultModel:2
[INFO -- 2018-11-30 06:12:05]
Backtrace BEGIN:
#0  0x0000555555555791 in std::vector<int, std::allocator<int> >::operator[] (this=0x555555759160 <wt>, __n=57) at /usr/include/c++/7/bits/stl_vector.h:795
#1  0x00005555555550f8 in cost (solution=std::vector of length 200, capacity 200 = {...}) at knapsacksa.cpp:29
#2  0x0000555555555259 in simulated_annealing () at knapsacksa.cpp:52
#3  0x0000555555555532 in main () at knapsacksa.cpp:87

790	       *  Note that data access with this operator is unchecked and
791	       *  out_of_range lookups are not defined. (For checked lookups
792	       *  see at().)
793	       */
794	      reference
795	      operator[](size_type __n) _GLIBCXX_NOEXCEPT
796	      {
797		__glibcxx_requires_subscript(__n);
798		return *(this->_M_impl._M_start + __n);
799	      }

Backtrace END
Memory content before bitflip:0xff0x7f0x000x00
Fault Model: Random bit-flip
base address to flip value: 0x7fffffffd9dc
address max offset: 4
Memory content after  bitflip:0x420x920x480x4c
frame name: main
symbol name: result2
symbol filename: knapsacksa.cpp
symbol line: 87
value: 1279824450
value address: 0x7fffffffd9dc
Type: The type is an integer type.
Type sizeof: 4

[INFO -- 2018-11-30 06:12:05]
Fault Injection Successful after 4.801656723022461s
[INFO -- 2018-11-30 06:12:08]
event type: exit
[INFO -- 2018-11-30 06:12:08]
exit code: 0
