[INFO -- 2018-09-23 15:09:58]
Starting flip_value script
version: 1.1
[INFO -- 2018-09-23 15:09:58]
Initialization strings:
[INFO -- 2018-09-23 15:09:58]
(1) file /tmp/knapsack/sa
[INFO -- 2018-09-23 15:09:58]
initSignal:0
[INFO -- 2018-09-23 15:09:58]
endSignal:2
[INFO -- 2018-09-23 15:09:58]
faultModel:4
[INFO -- 2018-09-23 15:09:59]
Backtrace BEGIN:
#0  std::vector<int, std::allocator<int> >::operator[] (this=0x7fffffffda30, __n=6) at /usr/include/c++/7/bits/stl_vector.h:799
#1  0x0000555555554f95 in cost (solution=std::vector of length 200, capacity 200 = {...}) at knapsacksa.cpp:28
#2  0x000055555555511f in simulated_annealing () at knapsacksa.cpp:50
#3  0x000055555555535e in main () at knapsacksa.cpp:84

794	      reference
795	      operator[](size_type __n) _GLIBCXX_NOEXCEPT
796	      {
797		__glibcxx_requires_subscript(__n);
798		return *(this->_M_impl._M_start + __n);
799	      }
800	
801	      /**
802	       *  @brief  Subscript access to the data contained in the %vector.
803	       *  @param __n The index of the element for which data should be

Backtrace END
Memory content before bitflip:0x110x200x000x00
Fault Model: LSB bit-flip
base address to flip value: 0x7fffffffd9b8
address max offset: 4
Memory content after  bitflip:0x110x200x000x10
frame name: cost
symbol name: valor
symbol filename: knapsacksa.cpp
symbol line: 26
value: 268443665
value address: 0x7fffffffd9b8
Type: The type is an integer type.
Type sizeof: 4

[INFO -- 2018-09-23 15:09:59]
Fault Injection Successful after 1.6968777179718018s
[INFO -- 2018-09-23 15:10:01]
event type: exit
[INFO -- 2018-09-23 15:10:01]
exit code: 0
