[INFO -- 2018-09-23 14:49:34]
Starting flip_value script
version: 1.1
[INFO -- 2018-09-23 14:49:34]
Initialization strings:
[INFO -- 2018-09-23 14:49:34]
(1) file /tmp/knapsack/sa
[INFO -- 2018-09-23 14:49:34]
initSignal:0
[INFO -- 2018-09-23 14:49:34]
endSignal:2
[INFO -- 2018-09-23 14:49:34]
faultModel:2
[EXCEPTION -- 2018-09-23 14:49:36]
pythonException: Unable to exit loop in struct fields; Exiting wihtout making a bit flip
[INFO -- 2018-09-23 14:49:36]
Backtrace BEGIN:
#0  0x0000555555555504 in std::vector<int, std::allocator<int> >::operator[] (this=0x555555759030 <val>, __n=183) at /usr/include/c++/7/bits/stl_vector.h:795
#1  0x0000555555554f95 in cost (solution=std::vector of length 200, capacity 200 = {...}) at knapsacksa.cpp:28
#2  0x000055555555511f in simulated_annealing () at knapsacksa.cpp:50
#3  0x000055555555535e in main () at knapsacksa.cpp:84

790	       *  Note that data access with this operator is unchecked and
791	       *  out_of_range lookups are not defined. (For checked lookups
792	       *  see at().)
793	       */
794	      reference
795	      operator[](size_type __n) _GLIBCXX_NOEXCEPT
796	      {
797		__glibcxx_requires_subscript(__n);
798		return *(this->_M_impl._M_start + __n);
799	      }

Backtrace END
Memory content before bitflip:0xd40x1c0x060x00
Fault Model: Random bit-flip
base address to flip value: 0x7fffffffda04
address max offset: 4
Memory content after  bitflip:0xa20x9f0xc50x44
frame name: simulated_annealing
symbol name: t
symbol filename: knapsacksa.cpp
symbol line: 46
value: 1153802146
value address: 0x7fffffffda04
Type: The type is an integer type.
Type sizeof: 4

[INFO -- 2018-09-23 14:49:36]
Fault Injection Successful after 2.3066329956054688s
[INFO -- 2018-09-23 14:49:36]
event type: exit
[INFO -- 2018-09-23 14:49:36]
exit code: 0
