[INFO -- 2018-12-08 16:30:08]
Starting flip_value script
version: 1.1
[INFO -- 2018-12-08 16:30:08]
Initialization strings:
[INFO -- 2018-12-08 16:30:08]
(1) file /tmp/knapsack/ga
[INFO -- 2018-12-08 16:30:08]
initSignal:1
[INFO -- 2018-12-08 16:30:08]
endSignal:8
[INFO -- 2018-12-08 16:30:08]
faultModel:0
[INFO -- 2018-12-08 16:30:10]
Backtrace BEGIN:
#0  0x0000555555555ecf in std::vector<int, std::allocator<int> >::~vector (this=0x7fffffffd920, __in_chrg=<optimized out>) at /usr/include/c++/7/bits/stl_vector.h:435
#1  0x000055555555576e in genetic_algorithm () at knapsackga.cpp:127
#2  0x0000555555555b6c in main () at knapsackga.cpp:165

430	       *  not touched in any way.  Managing the pointer is the user's
431	       *  responsibility.
432	       */
433	      ~vector() _GLIBCXX_NOEXCEPT
434	      { std::_Destroy(this->_M_impl._M_start, this->_M_impl._M_finish,
435			      _M_get_Tp_allocator()); }
436	
437	      /**
438	       *  @brief  %Vector assignment operator.
439	       *  @param  __x  A %vector of identical element and allocator types.

Backtrace END
Memory content before bitflip:0xeb0x070x000x00
Fault Model: Single bit-flip
base address to flip value: 0x7fffffffd874
address max offset: 4
Memory content after  bitflip:0xeb0x270x000x00
frame name: genetic_algorithm
symbol name: g
symbol filename: knapsackga.cpp
symbol line: 116
value: 10219
value address: 0x7fffffffd874
Type: The type is an integer type.
Type sizeof: 4

[INFO -- 2018-12-08 16:30:10]
Fault Injection Successful after 2.4552242755889893s
[INFO -- 2018-12-08 16:30:10]
event type: exit
[INFO -- 2018-12-08 16:30:10]
exit code: 0
