[INFO -- 2018-12-01 01:05:42]
Starting flip_value script
version: 1.1
[INFO -- 2018-12-01 01:05:42]
Initialization strings:
[INFO -- 2018-12-01 01:05:42]
(1) file /tmp/knapsack/ga
[INFO -- 2018-12-01 01:05:42]
initSignal:0
[INFO -- 2018-12-01 01:05:42]
endSignal:13
[INFO -- 2018-12-01 01:05:42]
faultModel:0
[INFO -- 2018-12-01 01:05:50]
Backtrace BEGIN:
#0  chromossome::chromossome (this=0x5555557764e0) at knapsackga.cpp:42
#1  0x000055555555ad28 in std::_Construct<chromossome, chromossome> (__p=0x5555557764e0, __args#0=...) at /usr/include/c++/7/bits/stl_construct.h:75
#2  0x000055555555a66c in std::__uninitialized_copy<false>::__uninit_copy<std::move_iterator<chromossome*>, chromossome*> (__first=..., __last=..., __result=0x5555557764e0) at /usr/include/c++/7/bits/stl_uninitialized.h:83
#3  0x0000555555559ced in std::uninitialized_copy<std::move_iterator<chromossome*>, chromossome*> (__first=..., __last=..., __result=0x5555557764e0) at /usr/include/c++/7/bits/stl_uninitialized.h:134
#4  0x00005555555592a8 in std::__uninitialized_copy_a<std::move_iterator<chromossome*>, chromossome*, chromossome> (__first=..., __last=..., __result=0x5555557764e0) at /usr/include/c++/7/bits/stl_uninitialized.h:289
#5  0x0000555555558351 in std::__uninitialized_move_if_noexcept_a<chromossome*, chromossome*, std::allocator<chromossome> > (__first=0x555555776400, __last=0x555555776440, __result=0x5555557764e0, __alloc=...) at /usr/include/c++/7/bits/stl_uninitialized.h:312
#6  0x0000555555556e42 in std::vector<chromossome, std::allocator<chromossome> >::_M_realloc_insert<chromossome const&> (this=0x7fffffffd800, __position={solution = std::vector of length 36, capacity 0 = {<error reading variable>, __args#0=...) at /usr/include/c++/7/bits/vector.tcc:424
#7  0x0000555555555fb8 in std::vector<chromossome, std::allocator<chromossome> >::push_back (this=0x7fffffffd800, __x=...) at /usr/include/c++/7/bits/stl_vector.h:948
#8  0x000055555555515c in tournament (pop=std::vector of length 40, capacity 64 = {...}) at knapsackga.cpp:63
#9  0x0000555555555543 in genetic_algorithm () at knapsackga.cpp:102
#10 0x0000555555555aab in main () at knapsackga.cpp:143

37	
38	float random01(){
39	    return static_cast <float> (rand()) / static_cast <float> (RAND_MAX);
40	}
41	
42	struct chromossome{
43	    vector<int> solution;
44	    int fitness;
45	    chromossome(int size){
46	        for(int i = 0; i < size; i++)

Backtrace END
Memory content before bitflip:0x040x000x000x000x000x000x000x00
Fault Model: Single bit-flip
base address to flip value: 0x7fffffffd780
address max offset: 8
Memory content after  bitflip:0x040x100x000x000x000x000x000x00
frame name: std::vector<chromossome, std::allocator<chromossome> >::_M_realloc_insert<chromossome const&>
symbol name: __len
symbol filename: /usr/include/c++/7/bits/vector.tcc
symbol line: 403
value: 4100
value address: 0x7fffffffd780
Type: The type is an integer type.
Type sizeof: 8

[INFO -- 2018-12-01 01:05:50]
Fault Injection Successful after 8.571871280670166s
[INFO -- 2018-12-01 01:05:55]
event type: exit
[INFO -- 2018-12-01 01:05:55]
exit code: 0
