[INFO -- 2018-09-23 22:30:42]
Starting flip_value script
version: 1.1
[INFO -- 2018-09-23 22:30:42]
Initialization strings:
[INFO -- 2018-09-23 22:30:42]
(1) file /tmp/knapsack/ga
[INFO -- 2018-09-23 22:30:42]
initSignal:1
[INFO -- 2018-09-23 22:30:42]
endSignal:3.5
[INFO -- 2018-09-23 22:30:42]
faultModel:1
[INFO -- 2018-09-23 22:30:43]
Backtrace BEGIN:
#0  0x0000555555555bfc in std::move<int&> (__t=@0x7fffffffd824: 1) at /usr/include/c++/7/bits/move.h:99
#1  0x0000555555556386 in std::swap<int> (__a=@0x55555578598c: 1, __b=@0x55555578235c: 1) at /usr/include/c++/7/bits/move.h:200
#2  0x00005555555551e7 in crossover (pai=std::vector of length 200, capacity 200 = {...}, mae=std::vector of length 200, capacity 200 = {...}, filho1=std::vector of length 200, capacity 200 = {...}, filho2=std::vector of length 200, capacity 200 = {...}) at knapsackga.cpp:80
#3  0x000055555555548d in genetic_algorithm () at knapsackga.cpp:104
#4  0x00005555555558d7 in main () at knapsackga.cpp:137

94	   *  @return The parameter cast to an rvalue-reference to allow moving it.
95	  */
96	  template<typename _Tp>
97	    constexpr typename std::remove_reference<_Tp>::type&&
98	    move(_Tp&& __t) noexcept
99	    { return static_cast<typename std::remove_reference<_Tp>::type&&>(__t); }
100	
101	
102	  template<typename _Tp>
103	    struct __move_if_noexcept_cond

Backtrace END
Memory content before bitflip:0x690x390xf80xff
Fault Model: Double bit-flip
base address to flip value: 0x7fffffffd8c0
address max offset: 4
Memory content after  bitflip:0x690x390xa80xff
frame name: genetic_algorithm
symbol name: best
symbol filename: knapsackga.cpp
symbol line: 92
value: -5752471
value address: 0x7fffffffd8c0
Type: The type is an integer type.
Type sizeof: 4

[INFO -- 2018-09-23 22:30:43]
Fault Injection Successful after 1.9760208129882812s
[INFO -- 2018-09-23 22:30:46]
event type: exit
[INFO -- 2018-09-23 22:30:46]
exit code: 0
