[INFO -- 2018-09-25 06:10:48]
Starting flip_value script
version: 1.1
[INFO -- 2018-09-25 06:10:48]
Initialization strings:
[INFO -- 2018-09-25 06:10:48]
(1) file /tmp/knapsack/ga
[INFO -- 2018-09-25 06:10:48]
initSignal:1
[INFO -- 2018-09-25 06:10:48]
endSignal:3.5
[INFO -- 2018-09-25 06:10:48]
faultModel:2
[EXCEPTION -- 2018-09-25 06:10:49]
pythonException: Unable to exit loop in struct fields; Exiting wihtout making a bit flip
[INFO -- 2018-09-25 06:10:49]
Backtrace BEGIN:
#0  0x0000555555556374 in std::swap<int> (__a=@0x555555783fd4: 1, __b=@0x555555784094: 1) at /usr/include/c++/7/bits/move.h:199
#1  0x0000555555555610 in genetic_algorithm () at knapsackga.cpp:111
#2  0x00005555555558d7 in main () at knapsackga.cpp:137

194	    {
195	      // concept requirements
196	      __glibcxx_function_requires(_SGIAssignableConcept<_Tp>)
197	
198	      _Tp __tmp = _GLIBCXX_MOVE(__a);
199	      __a = _GLIBCXX_MOVE(__b);
200	      __b = _GLIBCXX_MOVE(__tmp);
201	    }
202	
203	  // _GLIBCXX_RESOLVE_LIB_DEFECTS

Backtrace END
Memory content before bitflip:0x690x390xf80xff
Fault Model: Random bit-flip
base address to flip value: 0x7fffffffd8c0
address max offset: 4
Memory content after  bitflip:0xc60x0c0xbe0x05
frame name: genetic_algorithm
symbol name: best
symbol filename: knapsackga.cpp
symbol line: 92
value: 96341190
value address: 0x7fffffffd8c0
Type: The type is an integer type.
Type sizeof: 4

[INFO -- 2018-09-25 06:10:49]
Fault Injection Successful after 1.4899373054504395s
[INFO -- 2018-09-25 06:10:52]
event type: exit
[INFO -- 2018-09-25 06:10:52]
exit code: 0
