[INFO -- 2018-12-01 03:06:25]
Starting flip_value script
version: 1.1
[INFO -- 2018-12-01 03:06:25]
Initialization strings:
[INFO -- 2018-12-01 03:06:25]
(1) file /tmp/knapsack/ga
[INFO -- 2018-12-01 03:06:25]
initSignal:0
[INFO -- 2018-12-01 03:06:25]
endSignal:13
[INFO -- 2018-12-01 03:06:25]
faultModel:1
[INFO -- 2018-12-01 03:06:26]
Backtrace BEGIN:
#0  0x0000555555554e00 in operator new(unsigned long)@plt ()
#1  0x000055555555a2fe in __gnu_cxx::new_allocator<int>::allocate (this=0x7fffffffd940, __n=200) at /usr/include/c++/7/ext/new_allocator.h:111
#2  0x0000555555559815 in std::allocator_traits<std::allocator<int> >::allocate (__a=..., __n=200) at /usr/include/c++/7/bits/alloc_traits.h:436
#3  0x00005555555587e2 in std::_Vector_base<int, std::allocator<int> >::_M_allocate (this=0x7fffffffd940, __n=200) at /usr/include/c++/7/bits/stl_vector.h:172
#4  0x000055555555860f in std::_Vector_base<int, std::allocator<int> >::_M_create_storage (this=0x7fffffffd940, __n=200) at /usr/include/c++/7/bits/stl_vector.h:187
#5  0x0000555555557129 in std::_Vector_base<int, std::allocator<int> >::_Vector_base (this=0x7fffffffd940, __n=200, __a=...) at /usr/include/c++/7/bits/stl_vector.h:138
#6  0x0000555555556113 in std::vector<int, std::allocator<int> >::vector (this=0x7fffffffd940, __x=std::vector of length 200, capacity 200 = {...}) at /usr/include/c++/7/bits/stl_vector.h:328
#7  0x00005555555551ab in tournament (pop=std::vector of length 40, capacity 64 = {...}) at knapsackga.cpp:67
#8  0x0000555555555581 in genetic_algorithm () at knapsackga.cpp:103
#9  0x0000555555555a9b in main () at knapsackga.cpp:141

123	
124	void read_input(){
125	    ifstream file("/tmp/knapsack/instance.txt");
126	    val.clear(); wt.clear();
127	    file >> n; file >> W;
128	    for(int i = 0; i < n; i++){
129	        int x, y; file >> x >> y;
130	        val.push_back(x);
131	        wt.push_back(y);
132	    }

Backtrace END
Memory content before bitflip:0xc80x000x000x000x000x000x000x00
Fault Model: Double bit-flip
base address to flip value: 0x7fffffffd6f0
address max offset: 8
Memory content after  bitflip:0xc80x000x000x000x090x000x000x00
frame name: std::allocator_traits<std::allocator<int> >::allocate
symbol name: __n
symbol filename: /usr/include/c++/7/bits/alloc_traits.h
symbol line: 435
value: 38654705864
value address: 0x7fffffffd6f0
Type: The type is an integer type.
Type sizeof: 8

[INFO -- 2018-12-01 03:06:26]
Fault Injection Successful after 1.8435757160186768s
[INFO -- 2018-12-01 03:06:38]
event type: exit
[INFO -- 2018-12-01 03:06:38]
exit code: 0
