[INFO -- 2018-09-25 07:34:29]
Starting flip_value script
version: 1.1
[INFO -- 2018-09-25 07:34:29]
Initialization strings:
[INFO -- 2018-09-25 07:34:29]
(1) file /tmp/knapsack/ga
[INFO -- 2018-09-25 07:34:29]
initSignal:1
[INFO -- 2018-09-25 07:34:29]
endSignal:3.5
[INFO -- 2018-09-25 07:34:29]
faultModel:0
[INFO -- 2018-09-25 07:34:31]
Backtrace BEGIN:
#0  0x000055555555aa13 in std::operator!=<chromossome*> (__x=..., __y=...) at /usr/include/c++/7/bits/stl_iterator.h:1138
#1  0x000055555555a3b4 in std::__uninitialized_copy<false>::__uninit_copy<std::move_iterator<chromossome*>, chromossome*> (__first=..., __last=..., __result=0x5555557764e0) at /usr/include/c++/7/bits/stl_uninitialized.h:82
#2  0x0000555555559a5f in std::uninitialized_copy<std::move_iterator<chromossome*>, chromossome*> (__first=..., __last=..., __result=0x5555557764e0) at /usr/include/c++/7/bits/stl_uninitialized.h:134
#3  0x000055555555901a in std::__uninitialized_copy_a<std::move_iterator<chromossome*>, chromossome*, chromossome> (__first=..., __last=..., __result=0x5555557764e0) at /usr/include/c++/7/bits/stl_uninitialized.h:289
#4  0x000055555555807d in std::__uninitialized_move_if_noexcept_a<chromossome*, chromossome*, std::allocator<chromossome> > (__first=0x555555776400, __last=0x555555776440, __result=0x5555557764e0, __alloc=...) at /usr/include/c++/7/bits/stl_uninitialized.h:312
#5  0x0000555555556b8c in std::vector<chromossome, std::allocator<chromossome> >::_M_realloc_insert<chromossome const&> (this=0x7fffffffd870, __position={solution = std::vector of length 36, capacity 0 = {<error reading variable>, __args#0=...) at /usr/include/c++/7/bits/vector.tcc:424
#6  0x0000555555555d28 in std::vector<chromossome, std::allocator<chromossome> >::push_back (this=0x7fffffffd870, __x=...) at /usr/include/c++/7/bits/stl_vector.h:948
#7  0x000055555555502c in tournament (pop=std::vector of length 40, capacity 64 = {...}) at knapsackga.cpp:63
#8  0x0000555555555409 in genetic_algorithm () at knapsackga.cpp:102
#9  0x00005555555558d7 in main () at knapsackga.cpp:137

1133	
1134	  template<typename _Iterator>
1135	    inline _GLIBCXX17_CONSTEXPR bool
1136	    operator!=(const move_iterator<_Iterator>& __x,
1137		       const move_iterator<_Iterator>& __y)
1138	    { return !(__x == __y); }
1139	
1140	  template<typename _IteratorL, typename _IteratorR>
1141	    inline _GLIBCXX17_CONSTEXPR bool
1142	    operator<(const move_iterator<_IteratorL>& __x,

Backtrace END
Fliping a bit of the pointer
Memory content before bitflip:0xe00x640x770x550x550x550x000x00
Fault Model: Single bit-flip
base address to flip value: 0x7fffffffd758
address max offset: 8
Memory content after  bitflip:0xe80x640x770x550x550x550x000x00
frame name: std::__uninitialized_copy_a<std::move_iterator<chromossome*>, chromossome*, chromossome>
symbol name: __result
symbol filename: /usr/include/c++/7/bits/stl_uninitialized.h
symbol line: 288
value: 0x5555557764e0
value address: 0x7fffffffd758
Type: The type is a pointer.
Type sizeof: 8

[INFO -- 2018-09-25 07:34:31]
Fault Injection Successful after 2.1230711936950684s
[INFO -- 2018-09-25 07:34:33]
event type: exit
[INFO -- 2018-09-25 07:34:33]
exit code: 0
