[INFO -- 2018-12-01 08:21:41]
Starting flip_value script
version: 1.1
[INFO -- 2018-12-01 08:21:41]
Initialization strings:
[INFO -- 2018-12-01 08:21:41]
(1) file /tmp/knapsack/ga
[INFO -- 2018-12-01 08:21:41]
initSignal:0
[INFO -- 2018-12-01 08:21:41]
endSignal:13
[INFO -- 2018-12-01 08:21:41]
faultModel:4
[INFO -- 2018-12-01 08:21:48]
Backtrace BEGIN:
#0  crossover (pai=std::vector of length 200, capacity 200 = {...}, mae=std::vector of length 200, capacity 200 = {...}, filho1=std::vector of length 0, capacity 0, filho2=std::vector of length 0, capacity 0) at knapsackga.cpp:73
#1  0x00005555555555c7 in genetic_algorithm () at knapsackga.cpp:104
#2  0x0000555555555aab in main () at knapsackga.cpp:143

68	    return tournamentWinner;
69	}
70	
71	void crossover(vector<int> &pai, vector<int> &mae, vector<int> &filho1, vector<int> &filho2){
72	    vector<int> mask(n);
73	    for(int i = 0; i < n; i++){
74	        mask[i] = rand_bit();
75	    }
76	    filho1 = pai;
77	    filho2 = mae;

Backtrace END
Memory content before bitflip:0x3d0x410xf80xff
Fault Model: LSB bit-flip
base address to flip value: 0x7fffffffd850
address max offset: 4
Memory content after  bitflip:0x3d0x410xf80xdf
frame name: genetic_algorithm
symbol name: best
symbol filename: knapsackga.cpp
symbol line: 92
value: -537378499
value address: 0x7fffffffd850
Type: The type is an integer type.
Type sizeof: 4

[INFO -- 2018-12-01 08:21:48]
Fault Injection Successful after 7.280746698379517s
[INFO -- 2018-12-01 08:21:54]
event type: exit
[INFO -- 2018-12-01 08:21:54]
exit code: 0
