[INFO -- 2018-11-30 09:09:17]
Starting flip_value script
version: 1.1
[INFO -- 2018-11-30 09:09:17]
Initialization strings:
[INFO -- 2018-11-30 09:09:17]
(1) file /tmp/knapsack/sa
[INFO -- 2018-11-30 09:09:17]
initSignal:0
[INFO -- 2018-11-30 09:09:17]
endSignal:7
[INFO -- 2018-11-30 09:09:17]
faultModel:2
[INFO -- 2018-11-30 09:09:19]
Backtrace BEGIN:
#0  __memmove_sse2_unaligned_erms () at ../sysdeps/x86_64/multiarch/memmove-vec-unaligned-erms.S:526
#1  0x0000555555556fd2 in std::__copy_move<false, true, std::random_access_iterator_tag>::__copy_m<int> (__first=0x55555576e2e0, __last=0x55555576e600, __result=0x55555576e610) at /usr/include/c++/7/bits/stl_algobase.h:368
#2  0x0000555555556d40 in std::__copy_move_a<false, int const*, int*> (__first=0x55555576e2e0, __last=0x55555576e600, __result=0x55555576e610) at /usr/include/c++/7/bits/stl_algobase.h:386
#3  0x00005555555570d4 in std::__copy_move_a2<false, __gnu_cxx::__normal_iterator<int const*, std::vector<int, std::allocator<int> > >, int*> (__first=1, __last=540619057, __result=0x55555576e610) at /usr/include/c++/7/bits/stl_algobase.h:424
#4  0x0000555555556f2b in std::copy<__gnu_cxx::__normal_iterator<int const*, std::vector<int, std::allocator<int> > >, int*> (__first=1, __last=540619057, __result=0x55555576e610) at /usr/include/c++/7/bits/stl_algobase.h:456
#5  0x0000555555556c88 in std::__uninitialized_copy<true>::__uninit_copy<__gnu_cxx::__normal_iterator<int const*, std::vector<int, std::allocator<int> > >, int*> (__first=1, __last=540619057, __result=0x55555576e610) at /usr/include/c++/7/bits/stl_uninitialized.h:101
#6  0x0000555555556828 in std::uninitialized_copy<__gnu_cxx::__normal_iterator<int const*, std::vector<int, std::allocator<int> > >, int*> (__first=1, __last=540619057, __result=0x55555576e610) at /usr/include/c++/7/bits/stl_uninitialized.h:134
#7  0x0000555555556071 in std::__uninitialized_copy_a<__gnu_cxx::__normal_iterator<int const*, std::vector<int, std::allocator<int> > >, int*, int> (__first=1, __last=540619057, __result=0x55555576e610) at /usr/include/c++/7/bits/stl_uninitialized.h:289
#8  0x0000555555555943 in std::vector<int, std::allocator<int> >::vector (this=0x7fffffffd990, __x=std::vector of length 200, capacity 200 = {...}) at /usr/include/c++/7/bits/stl_vector.h:331
#9  0x0000555555555204 in simulated_annealing () at knapsacksa.cpp:49
#10 0x0000555555555522 in main () at knapsacksa.cpp:85

521	../sysdeps/x86_64/multiarch/memmove-vec-unaligned-erms.S: No such file or directory.

Backtrace END
Memory content before bitflip:0xbc0x0c0xaa0xf7
Fault Model: Random bit-flip
base address to flip value: 0x7fffffffd9d8
address max offset: 4
Memory content after  bitflip:0xa30x850x2a0xf1
frame name: main
symbol name: result1
symbol filename: knapsacksa.cpp
symbol line: 85
value: -248871517
value address: 0x7fffffffd9d8
Type: The type is an integer type.
Type sizeof: 4

[INFO -- 2018-11-30 09:09:19]
Fault Injection Successful after 2.732461929321289s
[INFO -- 2018-11-30 09:09:25]
event type: exit
[INFO -- 2018-11-30 09:09:25]
exit code: 0
