[INFO -- 2018-12-08 23:51:54]
Starting flip_value script
version: 1.1
[INFO -- 2018-12-08 23:51:54]
Initialization strings:
[INFO -- 2018-12-08 23:51:54]
(1) file /tmp/knapsack/ga
[INFO -- 2018-12-08 23:51:54]
initSignal:1
[INFO -- 2018-12-08 23:51:54]
endSignal:8
[INFO -- 2018-12-08 23:51:54]
faultModel:1
[EXCEPTION -- 2018-12-08 23:51:56]
pythonException: Unable to exit loop in struct fields; Exiting wihtout making a bit flip
[EXCEPTION -- 2018-12-08 23:51:56]
gdbException: Cannot access memory at address 0x2200000000000000
[EXCEPTION -- 2018-12-08 23:51:56]
pythonException: Unable to exit loop in struct fields; Exiting wihtout making a bit flip
[INFO -- 2018-12-08 23:51:56]
event type: exit
[EXCEPTION -- 2018-12-08 23:51:56]
exit code: no exit code available
