[INFO -- 2018-12-09 02:30:45]
Starting flip_value script
version: 1.1
[INFO -- 2018-12-09 02:30:45]
Initialization strings:
[INFO -- 2018-12-09 02:30:45]
(1) file /tmp/knapsack/ga
[INFO -- 2018-12-09 02:30:45]
initSignal:1
[INFO -- 2018-12-09 02:30:45]
endSignal:8
[INFO -- 2018-12-09 02:30:45]
faultModel:2
[INFO -- 2018-12-09 02:30:47]
Backtrace BEGIN:
#0  0x000055555555836c in std::__uninitialized_move_if_noexcept_a<chromossome*, chromossome*, std::allocator<chromossome> > (__first=0x0, __last=0x0, __result=0x555555776420, __alloc=...) at /usr/include/c++/7/bits/stl_uninitialized.h:313
#1  0x0000555555556e76 in std::vector<chromossome, std::allocator<chromossome> >::_M_realloc_insert<chromossome const&> (this=0x7fffffffd820, __position=non-dereferenceable iterator for std::vector, __args#0=...) at /usr/include/c++/7/bits/vector.tcc:424
#2  0x0000555555556012 in std::vector<chromossome, std::allocator<chromossome> >::push_back (this=0x7fffffffd820, __x=...) at /usr/include/c++/7/bits/stl_vector.h:948
#3  0x0000555555555230 in tournament (pop=std::vector of length 40, capacity 64 = {...}) at knapsackga.cpp:84
#4  0x0000555555555691 in genetic_algorithm () at knapsackga.cpp:129
#5  0x0000555555555b6c in main () at knapsackga.cpp:165

308					       _Allocator& __alloc)
309	    {
310	      return std::__uninitialized_copy_a
311		(_GLIBCXX_MAKE_MOVE_IF_NOEXCEPT_ITERATOR(__first),
312		 _GLIBCXX_MAKE_MOVE_IF_NOEXCEPT_ITERATOR(__last), __result, __alloc);
313	    }
314	
315	  template<typename _ForwardIterator, typename _Tp, typename _Allocator>
316	    void
317	    __uninitialized_fill_a(_ForwardIterator __first, _ForwardIterator __last,

Backtrace END
Memory content before bitflip:0x310xfb0x080x00
Fault Model: Random bit-flip
base address to flip value: 0x55555575f0b0 
address max offset: 4
Memory content after  bitflip:0xb30xda0x7e0xec
frame name: main
symbol name: W
symbol filename: knapsackga.cpp
symbol line: 18
value: -327230797
value address: 0x55555575f0b0 <W>
Type: The type is an integer type.
Type sizeof: 4

[INFO -- 2018-12-09 02:30:47]
Fault Injection Successful after 2.0581624507904053s
[INFO -- 2018-12-09 02:30:47]
event type: exit
[INFO -- 2018-12-09 02:30:47]
exit code: 0
