[INFO -- 2018-12-02 03:05:10]
Starting flip_value script
version: 1.1
[INFO -- 2018-12-02 03:05:10]
Initialization strings:
[INFO -- 2018-12-02 03:05:10]
(1) file /tmp/knapsack/ga
[INFO -- 2018-12-02 03:05:10]
initSignal:0
[INFO -- 2018-12-02 03:05:10]
endSignal:13
[INFO -- 2018-12-02 03:05:10]
faultModel:2
[INFO -- 2018-12-02 03:05:17]
Backtrace BEGIN:
#0  0x0000555555556af4 in std::_Vector_base<int, std::allocator<int> >::_Vector_impl::~_Vector_impl (this=0x7fffffffd880, __in_chrg=<optimized out>) at /usr/include/c++/7/bits/stl_vector.h:81
#1  0x0000555555556b5f in std::_Vector_base<int, std::allocator<int> >::~_Vector_base (this=0x7fffffffd880, __in_chrg=<optimized out>) at /usr/include/c++/7/bits/stl_vector.h:163
#2  0x0000555555555e7d in std::vector<int, std::allocator<int> >::~vector (this=0x7fffffffd880, __in_chrg=<optimized out>) at /usr/include/c++/7/bits/stl_vector.h:435
#3  0x0000555555557704 in std::vector<int, std::allocator<int> >::_M_move_assign (this=0x7fffffffd970, __x=...) at /usr/include/c++/7/bits/stl_vector.h:1531
#4  0x00005555555566e3 in std::vector<int, std::allocator<int> >::operator= (this=0x7fffffffd970, __x=...) at /usr/include/c++/7/bits/stl_vector.h:466
#5  0x000055555555555c in genetic_algorithm () at knapsackga.cpp:102
#6  0x0000555555555aab in main () at knapsackga.cpp:143

76	      typedef typename __gnu_cxx::__alloc_traits<_Alloc>::template
77		rebind<_Tp>::other _Tp_alloc_type;
78	      typedef typename __gnu_cxx::__alloc_traits<_Tp_alloc_type>::pointer
79	       	pointer;
80	
81	      struct _Vector_impl
82	      : public _Tp_alloc_type
83	      {
84		pointer _M_start;
85		pointer _M_finish;

Backtrace END
Memory content before bitflip:0x310xfb0x080x00
Fault Model: Random bit-flip
base address to flip value: 0x55555575f17c 
address max offset: 4
Memory content after  bitflip:0x8b0x280x9f0xdd
frame name: main
symbol name: W
symbol filename: knapsackga.cpp
symbol line: 16
value: -576771957
value address: 0x55555575f17c <W>
Type: The type is an integer type.
Type sizeof: 4

[INFO -- 2018-12-02 03:05:17]
Fault Injection Successful after 7.262877941131592s
[INFO -- 2018-12-02 03:05:23]
event type: exit
[INFO -- 2018-12-02 03:05:23]
exit code: 0
