[INFO -- 2018-12-08 10:58:12]
Starting flip_value script
version: 1.1
[INFO -- 2018-12-08 10:58:12]
Initialization strings:
[INFO -- 2018-12-08 10:58:12]
(1) file /tmp/knapsack/sa
[INFO -- 2018-12-08 10:58:12]
initSignal:0
[INFO -- 2018-12-08 10:58:12]
endSignal:9
[INFO -- 2018-12-08 10:58:12]
faultModel:2
[INFO -- 2018-12-08 10:58:15]
Backtrace BEGIN:
#0  0x000055555555584f in std::vector<int, std::allocator<int> >::operator[] (this=0x5555557590a0 <wt2>, __n=187) at /usr/include/c++/7/bits/stl_vector.h:795
#1  0x00005555555551c7 in cost (solution=std::vector of length 200, capacity 200 = {...}) at knapsacksa.cpp:63
#2  0x000055555555534c in simulated_annealing () at knapsacksa.cpp:92
#3  0x0000555555555658 in main () at knapsacksa.cpp:146

790	       *  Note that data access with this operator is unchecked and
791	       *  out_of_range lookups are not defined. (For checked lookups
792	       *  see at().)
793	       */
794	      reference
795	      operator[](size_type __n) _GLIBCXX_NOEXCEPT
796	      {
797		__glibcxx_requires_subscript(__n);
798		return *(this->_M_impl._M_start + __n);
799	      }

Backtrace END
Memory content before bitflip:0xd00x560x060x00
Fault Model: Random bit-flip
base address to flip value: 0x7fffffffd6b4
address max offset: 4
Memory content after  bitflip:0xe30xf30x350x47
frame name: cost
symbol name: valor2
symbol filename: knapsacksa.cpp
symbol line: 56
value: 1194718179
value address: 0x7fffffffd6b4
Type: The type is an integer type.
Type sizeof: 4

[INFO -- 2018-12-08 10:58:15]
Fault Injection Successful after 3.3788554668426514s
[INFO -- 2018-12-08 10:58:15]
event type: exit
[INFO -- 2018-12-08 10:58:15]
exit code: 0
