[INFO -- 2018-12-01 01:04:16]
Starting flip_value script
version: 1.1
[INFO -- 2018-12-01 01:04:16]
Initialization strings:
[INFO -- 2018-12-01 01:04:16]
(1) file /tmp/knapsack/mf
[INFO -- 2018-12-01 01:04:16]
initSignal:0
[INFO -- 2018-12-01 01:04:16]
endSignal:12
[INFO -- 2018-12-01 01:04:16]
faultModel:4
[EXCEPTION -- 2018-12-01 01:04:17]
gdbException: Cannot access memory at address 0x100555555770bb0
[EXCEPTION -- 2018-12-01 01:04:17]
pythonException: Unable to exit loop in struct fields; Exiting wihtout making a bit flip
[EXCEPTION -- 2018-12-01 01:04:18]
pythonException: Unable to exit loop in struct fields; Exiting wihtout making a bit flip
[INFO -- 2018-12-01 01:04:18]
event type: exit
[EXCEPTION -- 2018-12-01 01:04:18]
exit code: no exit code available
