[INFO -- 2018-12-08 13:03:49]
Starting flip_value script
version: 1.1
[INFO -- 2018-12-08 13:03:49]
Initialization strings:
[INFO -- 2018-12-08 13:03:49]
(1) file /tmp/knapsack/sa
[INFO -- 2018-12-08 13:03:49]
initSignal:0
[INFO -- 2018-12-08 13:03:49]
endSignal:9
[INFO -- 2018-12-08 13:03:49]
faultModel:1
[INFO -- 2018-12-08 13:03:50]
Backtrace BEGIN:
#0  0x00005555555551d8 in cost (solution=std::vector of length 200, capacity 200 = {...}) at knapsacksa.cpp:63
#1  0x000055555555534c in simulated_annealing () at knapsacksa.cpp:92
#2  0x0000555555555658 in main () at knapsacksa.cpp:146

58	        peso += solution[i] * wt[i];
59	        valor += solution[i] * val[i];
60	    }
61	    for(int i=0; i < n; i++){
62	        peso2 += solution[i] * wt2[i];
63	        valor2 += solution[i] * val2[i];
64	    }
65	    if(peso != peso2 || valor != valor2){
66	        exit_gracefully();
67	    }

Backtrace END
Memory content before bitflip:0xc80x000x000x00
Fault Model: Double bit-flip
base address to flip value: 0x55555575903c 
address max offset: 4
Memory content after  bitflip:0xc80x000x000x06
frame name: cost
symbol name: n2
symbol filename: knapsacksa.cpp
symbol line: 13
value: 100663496
value address: 0x55555575903c <n2>
Type: The type is an integer type.
Type sizeof: 4

[INFO -- 2018-12-08 13:03:50]
Fault Injection Successful after 1.8410379886627197s
[INFO -- 2018-12-08 13:03:50]
event type: exit
[INFO -- 2018-12-08 13:03:50]
exit code: 0
