[INFO -- 2018-10-19 12:42:25]
Starting flip_value script
version: 1.1
[INFO -- 2018-10-19 12:42:25]
Initialization strings:
[INFO -- 2018-10-19 12:42:25]
(1) file /tmp/knapsack/mf
[INFO -- 2018-10-19 12:42:25]
initSignal:1
[INFO -- 2018-10-19 12:42:25]
endSignal:3
[INFO -- 2018-10-19 12:42:25]
faultModel:2
[EXCEPTION -- 2018-10-19 12:42:27]
pythonException: empty range for randrange() (0,0, 0)
[EXCEPTION -- 2018-10-19 12:42:27]
pythonException: Unable to exit loop in struct fields; Exiting wihtout making a bit flip
[EXCEPTION -- 2018-10-19 12:42:27]
gdbException: Cannot access memory at address 0x591c15916bbb40e7
[EXCEPTION -- 2018-10-19 12:42:27]
pythonException: Unable to exit loop in struct fields; Exiting wihtout making a bit flip
[EXCEPTION -- 2018-10-19 12:42:28]
gdbException: Cannot access memory at address 0x591c15916bbb40e7
[INFO -- 2018-10-19 12:42:28]
event type: exit
[EXCEPTION -- 2018-10-19 12:42:28]
exit code: no exit code available
