[INFO -- 2018-09-21 22:04:26]
Starting flip_value script
version: 1.1
[INFO -- 2018-09-21 22:04:26]
Initialization strings:
[INFO -- 2018-09-21 22:04:26]
(1) file /tmp/knapsack/dp
[INFO -- 2018-09-21 22:04:26]
initSignal:1
[INFO -- 2018-09-21 22:04:26]
endSignal:3
[INFO -- 2018-09-21 22:04:26]
faultModel:2
[EXCEPTION -- 2018-09-21 22:04:27]
pythonException: empty range for randrange() (0,0, 0)
[EXCEPTION -- 2018-09-21 22:04:27]
pythonException: Unable to exit loop in struct fields; Exiting wihtout making a bit flip
[INFO -- 2018-09-21 22:04:28]
Backtrace BEGIN:
#0  knapSack (W=588593, n=200, val=std::vector of length 200, capacity 256 = {...}, wt=std::vector of length 200, capacity 256 = {...}) at knapsackdp.cpp:20
#1  0x0000555555555375 in main () at knapsackdp.cpp:54

15	        for(int i = 0; i <= n; i++)
16	            V[i] = vector<int>(W+1);
17	
18	        for(int i=0; i <= n; i++){
19	            for(int w=0; w <= W; w++){
20	                if(i == 0 || w == 0)
21	                    V[i][w] = 0;
22	                else if(w >= wt[i-1]){
23	                    if(val[i-1] + V[i-1][w - wt[i-1]] > V[i-1][w]){
24	                        V[i][w] = val[i-1] + V[i-1][w - wt[i-1]];

Backtrace END
Memory content before bitflip:0x310xfb0x080x00
Fault Model: Random bit-flip
base address to flip value: 0x7fffffffda00
address max offset: 4
Memory content after  bitflip:0xb00x630x340x36
frame name: main
symbol name: W
symbol filename: knapsackdp.cpp
symbol line: 45
value: 909403056
value address: 0x7fffffffda00
Type: The type is an integer type.
Type sizeof: 4

[INFO -- 2018-09-21 22:04:28]
Fault Injection Successful after 2.225595235824585s
[INFO -- 2018-09-21 22:04:30]
event type: exit
[INFO -- 2018-09-21 22:04:30]
exit code: 0
