[INFO -- 2018-12-07 22:08:20]
Starting flip_value script
version: 1.1
[INFO -- 2018-12-07 22:08:20]
Initialization strings:
[INFO -- 2018-12-07 22:08:20]
(1) file /tmp/knapsack/ga
[INFO -- 2018-12-07 22:08:20]
initSignal:1
[INFO -- 2018-12-07 22:08:20]
endSignal:8
[INFO -- 2018-12-07 22:08:20]
faultModel:4
[INFO -- 2018-12-07 22:08:25]
Backtrace BEGIN:
#0  0x00007ffff7ad9110 in free@plt () from /usr/lib/x86_64-linux-gnu/libstdc++.so.6
#1  0x0000555555559a0e in __gnu_cxx::new_allocator<chromossome>::deallocate (this=0x7fffffffd820, __p=0x555555776540) at /usr/include/c++/7/ext/new_allocator.h:125
#2  0x0000555555558d96 in std::allocator_traits<std::allocator<chromossome> >::deallocate (__a=..., __p=0x555555776540, __n=2) at /usr/include/c++/7/bits/alloc_traits.h:462
#3  0x00005555555577f4 in std::_Vector_base<chromossome, std::allocator<chromossome> >::_M_deallocate (this=0x7fffffffd820, __p=0x555555776540, __n=2) at /usr/include/c++/7/bits/stl_vector.h:180
#4  0x0000555555556f1c in std::vector<chromossome, std::allocator<chromossome> >::_M_realloc_insert<chromossome const&> (this=0x7fffffffd820, __position={solution = std::vector of length 36, capacity 0 = {<error reading variable>, __args#0=...) at /usr/include/c++/7/bits/vector.tcc:448
#5  0x0000555555556012 in std::vector<chromossome, std::allocator<chromossome> >::push_back (this=0x7fffffffd820, __x=...) at /usr/include/c++/7/bits/stl_vector.h:948
#6  0x0000555555555230 in tournament (pop=std::vector of length 40, capacity 64 = {...}) at knapsackga.cpp:84
#7  0x0000555555555691 in genetic_algorithm () at knapsackga.cpp:129
#8  0x0000555555555b6c in main () at knapsackga.cpp:165

137	                swap(new_pop[i].solution[rand() % n], new_pop[i].solution[rand() % n]);
138	            new_pop[i].fitness = cost(new_pop[i].solution);
139	        }
140	
141	        sort(new_pop.begin(), new_pop.end());
142	        best = new_pop[0].fitness;
143	        pop = new_pop;
144	        //cout << g << " " << -best << endl;
145	    }
146	

Backtrace END
Fliping value of field: std::_Vector_base<int, std::allocator<int> >
Fliping value of field: _M_impl
Fliping value of field: _M_start
Fliping a bit of the value pointed by a pointer
Memory content before bitflip:0x590x250x000x00
Fault Model: LSB bit-flip
base address to flip value: 0x555555777860
address max offset: 4
Memory content after  bitflip:0x590x250x000x08
frame name: __gnu_cxx::new_allocator<chromossome>::deallocate
symbol name: val2
symbol filename: knapsackga.cpp
symbol line: 15
value: std::vector of length 200, capacity 256 = {134227289, 9479, 566, 849, 8355, 7360, 6698, 3082, 6060, 6069, 5813, 1584, 4307, 3936, 7231, 9949, 9494, 5442, 4449, 2683, 360, 275, 4649, 3185, 3801, 8918, 5258, 5606, 2362, 239, 3252, 1367, 5103, 9987, 6745, 1819, 8936, 7968, 7345, 9066, 7629, 7898, 3538, 9810, 9620, 1612, 7541, 7152, 4615, 5304, 4901, 9249, 5009, 8316, 3540, 8829, 8998, 4611, 5678, 9204, 7238, 4867, 2219, 3247, 6996, 1661, 9080, 2682, 9114, 3096, 9574, 7063, 5043, 5178, 6515, 5880, 3119, 2079, 5119, 9342, 6233, 754, 8204, 7260, 9077, 1915, 7448, 588, 6530, 2731, 2267, 8755, 1063, 5224, 8540, 2449, 2105, 8806, 4230, 7170, 319, 3624, 1719, 6728, 830, 9546, 254, 7295, 212, 2557, 8134, 1572, 1838, 6915, 3856, 432, 9901, 1515, 363, 3443, 6153, 7425, 1132, 3373, 309, 4487, 7660, 7400, 9021, 7557, 8625, 7054, 4728, 2256, 6609, 3164, 1021, 4479, 8748, 1276, 5850, 3930, 5149, 1439, 9598, 2591, 6061, 4198, 181, 5580, 1406, 568, 336, 1612, 959, 6351, 5083, 9835, 9342, 9946, 2325, 4447, 2508, 5913, 6242, 8003, 7095, 2567, 4231, 5262, 49, 355, 4088, 1112, 7238, 2409, 998, 1818, 2316, 2174, 5208, 4645, 3098, 6418, 2125, 9066, 9632, 7290, 4338, 5116, 5811, 513, 4181, 5251, 1813, 938, 8027, 3662, 5193, 9215...}
value address: 0x55555575f050 <val2>
Type: The type is a structure.
Type sizeof: 24
Field name: std::_Vector_base<int, std::allocator<int> >
Field Type: The type is a structure.
Field Type sizeof: 24

[INFO -- 2018-12-07 22:08:25]
Fault Injection Successful after 5.088608980178833s
[INFO -- 2018-12-07 22:08:25]
event type: exit
[INFO -- 2018-12-07 22:08:25]
exit code: 0
