[INFO -- 2018-12-08 16:57:03]
Starting flip_value script
version: 1.1
[INFO -- 2018-12-08 16:57:03]
Initialization strings:
[INFO -- 2018-12-08 16:57:03]
(1) file /tmp/knapsack/sa
[INFO -- 2018-12-08 16:57:03]
initSignal:0
[INFO -- 2018-12-08 16:57:03]
endSignal:9
[INFO -- 2018-12-08 16:57:03]
faultModel:4
[EXCEPTION -- 2018-12-08 16:57:07]
pythonException: Unable to exit loop in struct fields; Exiting wihtout making a bit flip
[INFO -- 2018-12-08 16:57:07]
Backtrace BEGIN:
#0  0x0000555555555196 in cost (solution=std::vector of length 200, capacity 200 = {...}) at knapsacksa.cpp:62
#1  0x000055555555534c in simulated_annealing () at knapsacksa.cpp:92
#2  0x0000555555555658 in main () at knapsacksa.cpp:146

57	    for(int i=0; i < n; i++){
58	        peso += solution[i] * wt[i];
59	        valor += solution[i] * val[i];
60	    }
61	    for(int i=0; i < n; i++){
62	        peso2 += solution[i] * wt2[i];
63	        valor2 += solution[i] * val2[i];
64	    }
65	    if(peso != peso2 || valor != valor2){
66	        exit_gracefully();

Backtrace END
Memory content before bitflip:0x360xbb0xf80xff
Fault Model: LSB bit-flip
base address to flip value: 0x7fffffffd704
address max offset: 4
Memory content after  bitflip:0x360xbb0xf80xbf
frame name: simulated_annealing
symbol name: c
symbol filename: knapsacksa.cpp
symbol line: 92
value: -1074218186
value address: 0x7fffffffd704
Type: The type is an integer type.
Type sizeof: 4

[INFO -- 2018-12-08 16:57:07]
Fault Injection Successful after 4.551816701889038s
[INFO -- 2018-12-08 16:57:12]
event type: exit
[INFO -- 2018-12-08 16:57:12]
exit code: 0
