[INFO -- 2018-12-09 02:39:15]
Starting flip_value script
version: 1.1
[INFO -- 2018-12-09 02:39:15]
Initialization strings:
[INFO -- 2018-12-09 02:39:15]
(1) file /tmp/knapsack/ga
[INFO -- 2018-12-09 02:39:15]
initSignal:1
[INFO -- 2018-12-09 02:39:15]
endSignal:8
[INFO -- 2018-12-09 02:39:15]
faultModel:2
[INFO -- 2018-12-09 02:39:23]
Backtrace BEGIN:
#0  0x0000555555555e7e in std::vector<int, std::allocator<int> >::operator[] (this=0x7fffffffd900, __n=157) at /usr/include/c++/7/bits/stl_vector.h:795
#1  0x00005555555553e0 in crossover (pai=std::vector of length 200, capacity 200 = {...}, mae=std::vector of length 200, capacity 200 = {...}, filho1=std::vector of length 200, capacity 200 = {...}, filho2=std::vector of length 200, capacity 200 = {...}) at knapsackga.cpp:101
#2  0x00005555555556d7 in genetic_algorithm () at knapsackga.cpp:130
#3  0x0000555555555b6c in main () at knapsackga.cpp:165

790	       *  Note that data access with this operator is unchecked and
791	       *  out_of_range lookups are not defined. (For checked lookups
792	       *  see at().)
793	       */
794	      reference
795	      operator[](size_type __n) _GLIBCXX_NOEXCEPT
796	      {
797		__glibcxx_requires_subscript(__n);
798		return *(this->_M_impl._M_start + __n);
799	      }

Backtrace END
Memory content before bitflip:0x310xfb0x080x00
Fault Model: Random bit-flip
base address to flip value: 0x55555575f0b4 
address max offset: 4
Memory content after  bitflip:0xae0xd40x600x90
frame name: crossover
symbol name: W2
symbol filename: knapsackga.cpp
symbol line: 18
value: -1872702290
value address: 0x55555575f0b4 <W2>
Type: The type is an integer type.
Type sizeof: 4

[INFO -- 2018-12-09 02:39:23]
Fault Injection Successful after 8.132568836212158s
[INFO -- 2018-12-09 02:39:23]
event type: exit
[INFO -- 2018-12-09 02:39:23]
exit code: 0
