[INFO -- 2018-12-08 20:36:14]
Starting flip_value script
version: 1.1
[INFO -- 2018-12-08 20:36:14]
Initialization strings:
[INFO -- 2018-12-08 20:36:14]
(1) file /tmp/knapsack/ga
[INFO -- 2018-12-08 20:36:14]
initSignal:1
[INFO -- 2018-12-08 20:36:14]
endSignal:8
[INFO -- 2018-12-08 20:36:14]
faultModel:3
[EXCEPTION -- 2018-12-08 20:36:17]
pythonException: Unable to exit loop in struct fields; Exiting wihtout making a bit flip
[INFO -- 2018-12-08 20:36:17]
Backtrace BEGIN:
#0  std::operator!=<chromossome*> (__x=..., __y=...) at /usr/include/c++/7/bits/stl_iterator.h:1138
#1  0x000055555555a69e in std::__uninitialized_copy<false>::__uninit_copy<std::move_iterator<chromossome*>, chromossome*> (__first=..., __last=..., __result=0x555555776740) at /usr/include/c++/7/bits/stl_uninitialized.h:82
#2  0x0000555555559d49 in std::uninitialized_copy<std::move_iterator<chromossome*>, chromossome*> (__first=..., __last=..., __result=0x555555776740) at /usr/include/c++/7/bits/stl_uninitialized.h:134
#3  0x0000555555559304 in std::__uninitialized_copy_a<std::move_iterator<chromossome*>, chromossome*, chromossome> (__first=..., __last=..., __result=0x555555776740) at /usr/include/c++/7/bits/stl_uninitialized.h:289
#4  0x0000555555558367 in std::__uninitialized_move_if_noexcept_a<chromossome*, chromossome*, std::allocator<chromossome> > (__first=0x555555776540, __last=0x555555776580, __result=0x555555776740, __alloc=...) at /usr/include/c++/7/bits/stl_uninitialized.h:312
#5  0x0000555555556e76 in std::vector<chromossome, std::allocator<chromossome> >::_M_realloc_insert<chromossome const&> (this=0x7fffffffd820, __position={solution = std::vector of length 36, capacity 0 = {<error reading variable>, __args#0=...) at /usr/include/c++/7/bits/vector.tcc:424
#6  0x0000555555556012 in std::vector<chromossome, std::allocator<chromossome> >::push_back (this=0x7fffffffd820, __x=...) at /usr/include/c++/7/bits/stl_vector.h:948
#7  0x0000555555555230 in tournament (pop=std::vector of length 40, capacity 64 = {...}) at knapsackga.cpp:84
#8  0x0000555555555691 in genetic_algorithm () at knapsackga.cpp:129
#9  0x0000555555555b6c in main () at knapsackga.cpp:165

1133	
1134	  template<typename _Iterator>
1135	    inline _GLIBCXX17_CONSTEXPR bool
1136	    operator!=(const move_iterator<_Iterator>& __x,
1137		       const move_iterator<_Iterator>& __y)
1138	    { return !(__x == __y); }
1139	
1140	  template<typename _IteratorL, typename _IteratorR>
1141	    inline _GLIBCXX17_CONSTEXPR bool
1142	    operator<(const move_iterator<_IteratorL>& __x,

Backtrace END
Fliping value of field: fitness
Memory content before bitflip:0xe60x7a0x550x55
Fault Model: Zero bit-flip
base address to flip value: 0x7fffffffd998
address max offset: 4
Memory content after  bitflip:0x000x000x000x00
frame name: genetic_algorithm
symbol name: f1
symbol filename: knapsackga.cpp
symbol line: 131
value: {solution = std::vector of length 200, capacity 200 = {1433956064, 21845, 0, 0, 1, 1, 0, 0, 0, 0, 0, 0, 0, 1, 1, 1, 1, 0, 0, 1, 0, 0, 0, 0, 1, 0, 0, 1, 1, 0, 0, 0, 0, 1, 1, 0, 0, 1, 1, 1, 0, 0, 0, 0, 1, 0, 1, 0, 1, 0, 1, 1, 1, 0, 1, 1, 1, 0, 0, 1, 1, 0, 0, 0, 0, 0, 1, 0, 0, 0, 1, 0, 0, 0, 0, 1, 0, 0, 0, 1, 1, 0, 0, 1, 1, 0, 1, 0, 1, 0, 0, 1, 0, 0, 1, 0, 0, 0, 0, 0, 0, 1, 0, 1, 0, 1, 1, 1, 0, 0, 1, 0, 0, 1, 0, 1, 0, 0, 0, 1, 1, 0, 1, 0, 0, 0, 0, 0, 1, 1, 1, 1, 0, 1, 1, 0, 0, 0, 1, 0, 0, 0, 1, 0, 1, 0, 0, 0, 0, 1, 0, 0, 0, 0, 0, 0, 0, 1, 1, 1, 1, 0, 0, 0, 1, 0, 1, 0, 0, 1, 0, 0, 1, 0, 1, 0, 0, 0, 1, 0, 1, 0, 0, 1, 0, 0, 1, 1, 1, 1, 0, 0, 0, 0, 0, 0, 0, 0, 0, 1...}, fitness = 0}
value address: 0x7fffffffd980
Type: The type is a structure.
Type sizeof: 32
Field name: solution
Field Type: The type is a structure.
Field Type sizeof: 24
Field name: fitness
Field Type: The type is an integer type.
Field Type sizeof: 4

[INFO -- 2018-12-08 20:36:17]
Fault Injection Successful after 3.7379307746887207s
[INFO -- 2018-12-08 20:36:22]
event type: exit
[INFO -- 2018-12-08 20:36:22]
exit code: 0
