[INFO -- 2018-12-02 04:34:38]
Starting flip_value script
version: 1.1
[INFO -- 2018-12-02 04:34:38]
Initialization strings:
[INFO -- 2018-12-02 04:34:38]
(1) file /tmp/knapsack/ga
[INFO -- 2018-12-02 04:34:38]
initSignal:0
[INFO -- 2018-12-02 04:34:38]
endSignal:13
[INFO -- 2018-12-02 04:34:38]
faultModel:1
[INFO -- 2018-12-02 04:34:39]
Backtrace BEGIN:
#0  cost (solution=std::vector of length 200, capacity 200 = {...}) at knapsackga.cpp:30
#1  0x000055555555578e in genetic_algorithm () at knapsackga.cpp:112
#2  0x0000555555555a9b in main () at knapsackga.cpp:141

25	    for(int i=0; i < n; i++){
26	        peso += solution[i] * wt[i];
27	        valor += solution[i] * val[i];
28	    }
29	
30	    if(peso > W){
31	        return 99999999;
32	    }
33	    else{
34	        return -valor;

Backtrace END
Memory content before bitflip:0x650x080x000x00
Fault Model: Double bit-flip
base address to flip value: 0x7fffffffd924
address max offset: 4
Memory content after  bitflip:0xf50x080x000x00
frame name: genetic_algorithm
symbol name: g
symbol filename: knapsackga.cpp
symbol line: 94
value: 2293
value address: 0x7fffffffd924
Type: The type is an integer type.
Type sizeof: 4

[INFO -- 2018-12-02 04:34:39]
Fault Injection Successful after 1.8125250339508057s
[INFO -- 2018-12-02 04:34:50]
event type: exit
[INFO -- 2018-12-02 04:34:50]
exit code: 0
