[INFO -- 2018-12-08 05:46:04]
Starting flip_value script
version: 1.1
[INFO -- 2018-12-08 05:46:04]
Initialization strings:
[INFO -- 2018-12-08 05:46:04]
(1) file /tmp/knapsack/sa
[INFO -- 2018-12-08 05:46:04]
initSignal:0
[INFO -- 2018-12-08 05:46:04]
endSignal:9
[INFO -- 2018-12-08 05:46:04]
faultModel:4
[EXCEPTION -- 2018-12-08 05:46:09]
pythonException: Unable to exit loop in struct fields; Exiting wihtout making a bit flip
[INFO -- 2018-12-08 05:46:09]
Backtrace BEGIN:
#0  0x0000555555555131 in cost (solution=std::vector of length 200, capacity 200 = {...}) at knapsacksa.cpp:58
#1  0x000055555555534c in simulated_annealing () at knapsacksa.cpp:92
#2  0x0000555555555658 in main () at knapsacksa.cpp:146

53	        exit_gracefully();
54	    }
55	
56	    int peso=0, peso2=0, valor=0, valor2=0;
57	    for(int i=0; i < n; i++){
58	        peso += solution[i] * wt[i];
59	        valor += solution[i] * val[i];
60	    }
61	    for(int i=0; i < n; i++){
62	        peso2 += solution[i] * wt2[i];

Backtrace END
Memory content before bitflip:0xc40x5b0xf80xff
Fault Model: LSB bit-flip
base address to flip value: 0x7fffffffd700
address max offset: 4
Memory content after  bitflip:0xc40x5b0xf80xfb
frame name: simulated_annealing
symbol name: best2
symbol filename: knapsacksa.cpp
symbol line: 82
value: -67609660
value address: 0x7fffffffd700
Type: The type is an integer type.
Type sizeof: 4

[INFO -- 2018-12-08 05:46:09]
Fault Injection Successful after 5.302544832229614s
[INFO -- 2018-12-08 05:46:09]
event type: exit
[INFO -- 2018-12-08 05:46:09]
exit code: 0
