[INFO -- 2018-12-09 04:24:11]
Starting flip_value script
version: 1.1
[INFO -- 2018-12-09 04:24:11]
Initialization strings:
[INFO -- 2018-12-09 04:24:11]
(1) file /tmp/knapsack/ga
[INFO -- 2018-12-09 04:24:11]
initSignal:1
[INFO -- 2018-12-09 04:24:11]
endSignal:8
[INFO -- 2018-12-09 04:24:11]
faultModel:1
[INFO -- 2018-12-09 04:24:15]
Backtrace BEGIN:
#0  std::vector<int, std::allocator<int> >::operator[] (this=0x7fffffffd820, __n=147) at /usr/include/c++/7/bits/stl_vector.h:799
#1  0x00005555555553a8 in crossover (pai=std::vector of length 200, capacity 200 = {...}, mae=std::vector of length 200, capacity 200 = {...}, filho1=std::vector of length 200, capacity 200 = {...}, filho2=std::vector of length 200, capacity 200 = {...}) at knapsackga.cpp:100
#2  0x00005555555556d7 in genetic_algorithm () at knapsackga.cpp:130
#3  0x0000555555555b6c in main () at knapsackga.cpp:165

794	      reference
795	      operator[](size_type __n) _GLIBCXX_NOEXCEPT
796	      {
797		__glibcxx_requires_subscript(__n);
798		return *(this->_M_impl._M_start + __n);
799	      }
800	
801	      /**
802	       *  @brief  Subscript access to the data contained in the %vector.
803	       *  @param __n The index of the element for which data should be

Backtrace END
Fliping value of field: std::_Vector_base<int, std::allocator<int> >
Fliping value of field: _M_impl
Fliping value of field: _M_end_of_storage
Fliping a bit of the value pointed by a pointer
Memory content before bitflip:0x300x030x000x00
Fault Model: Double bit-flip
base address to flip value: 0x555555783240
address max offset: 4
Memory content after  bitflip:0x300x090x000x00
frame name: crossover
symbol name: mask
symbol filename: knapsackga.cpp
symbol line: 93
value: std::vector of length 200, capacity 200 = {0, 1, 1, 1, 1, 1, 0, 1, 1, 0, 0, 1, 1, 0, 0, 1, 1, 1, 1, 0, 1, 1, 0, 0, 1, 0, 0, 1, 0, 0, 1, 0, 1, 0, 0, 0, 1, 0, 1, 1, 1, 1, 0, 0, 0, 0, 0, 1, 1, 1, 0, 0, 1, 0, 0, 0, 0, 0, 1, 1, 0, 0, 1, 0, 0, 1, 0, 1, 0, 0, 0, 1, 1, 0, 1, 1, 0, 1, 1, 1, 1, 1, 1, 0, 1, 0, 0, 0, 0, 1, 1, 1, 1, 0, 1, 1, 0, 1, 0, 0, 1, 1, 1, 1, 1, 0, 0, 0, 0, 1, 1, 1, 0, 1, 1, 0, 1, 1, 0, 1, 0, 1, 0, 1, 1, 1, 0, 1, 1, 0, 1, 0, 1, 0, 1, 1, 1, 0, 1, 1, 1, 0, 0, 0, 1, 1, 0, 0, 0, 0, 0, 0, 1, 0, 1, 0, 0, 1, 0, 1, 1, 1, 1, 1, 0, 1, 0, 1, 1, 1, 0, 0, 1, 0, 0, 1, 1, 0, 1, 1, 0, 1, 1, 1, 0, 0, 0, 0, 1, 0, 1, 0, 1, 0, 1, 1, 1, 1, 0, 0...}
value address: 0x7fffffffd820
Type: The type is a structure.
Type sizeof: 24
Field name: std::_Vector_base<int, std::allocator<int> >
Field Type: The type is a structure.
Field Type sizeof: 24

[INFO -- 2018-12-09 04:24:15]
Fault Injection Successful after 4.53818941116333s
[INFO -- 2018-12-09 04:24:19]
event type: exit
[INFO -- 2018-12-09 04:24:19]
exit code: 0
