[INFO -- 2018-09-23 15:10:49]
Starting flip_value script
version: 1.1
[INFO -- 2018-09-23 15:10:49]
Initialization strings:
[INFO -- 2018-09-23 15:10:49]
(1) file /tmp/knapsack/sa
[INFO -- 2018-09-23 15:10:49]
initSignal:0
[INFO -- 2018-09-23 15:10:49]
endSignal:2
[INFO -- 2018-09-23 15:10:49]
faultModel:1
[INFO -- 2018-09-23 15:10:49]
Backtrace BEGIN:
#0  0x0000555555554f95 in cost (solution=std::vector of length 200, capacity 200 = {...}) at knapsacksa.cpp:28
#1  0x000055555555511f in simulated_annealing () at knapsacksa.cpp:50
#2  0x000055555555535e in main () at knapsacksa.cpp:84

23	}
24	
25	int cost(vector<int> &solution){
26	    int peso=0, valor=0;
27	    for(int i=0; i < n; i++){
28	       peso += solution[i] * wt[i];
29	       valor += solution[i] * val[i];
30	    }
31	    if(peso > W)
32	       return 99999999;

Backtrace END
Memory content before bitflip:0x230xa40x000x00
Fault Model: Double bit-flip
base address to flip value: 0x7fffffffd9b8
address max offset: 4
Memory content after  bitflip:0x230xa40x880x00
frame name: cost
symbol name: valor
symbol filename: knapsacksa.cpp
symbol line: 26
value: 8954915
value address: 0x7fffffffd9b8
Type: The type is an integer type.
Type sizeof: 4

[INFO -- 2018-09-23 15:10:49]
Fault Injection Successful after 0.5574510097503662s
[INFO -- 2018-09-23 15:10:51]
event type: exit
[INFO -- 2018-09-23 15:10:51]
exit code: 0
