[INFO -- 2018-12-07 23:08:40]
Starting flip_value script
version: 1.1
[INFO -- 2018-12-07 23:08:40]
Initialization strings:
[INFO -- 2018-12-07 23:08:40]
(1) file /tmp/knapsack/sa
[INFO -- 2018-12-07 23:08:40]
initSignal:0
[INFO -- 2018-12-07 23:08:40]
endSignal:9
[INFO -- 2018-12-07 23:08:40]
faultModel:2
[INFO -- 2018-12-07 23:08:45]
Backtrace BEGIN:
#0  0x0000555555555861 in std::vector<int, std::allocator<int> >::operator[] (this=0x555555759060 <val2>, __n=183) at /usr/include/c++/7/bits/stl_vector.h:798
#1  0x00005555555551dd in cost (solution=std::vector of length 200, capacity 200 = {...}) at knapsacksa.cpp:63
#2  0x000055555555534c in simulated_annealing () at knapsacksa.cpp:92
#3  0x0000555555555658 in main () at knapsacksa.cpp:146

793	       */
794	      reference
795	      operator[](size_type __n) _GLIBCXX_NOEXCEPT
796	      {
797		__glibcxx_requires_subscript(__n);
798		return *(this->_M_impl._M_start + __n);
799	      }
800	
801	      /**
802	       *  @brief  Subscript access to the data contained in the %vector.

Backtrace END
Memory content before bitflip:0x180x560x000x00
Fault Model: Random bit-flip
base address to flip value: 0x7fffffffd71c
address max offset: 4
Memory content after  bitflip:0x0d0xfa0x6f0x65
frame name: simulated_annealing
symbol name: delta
symbol filename: knapsacksa.cpp
symbol line: 96
value: 1701837325
value address: 0x7fffffffd71c
Type: The type is an integer type.
Type sizeof: 4

[INFO -- 2018-12-07 23:08:45]
Fault Injection Successful after 5.159149169921875s
[INFO -- 2018-12-07 23:08:51]
event type: exit
[INFO -- 2018-12-07 23:08:51]
exit code: 0
