[INFO -- 2018-12-08 09:35:48]
Starting flip_value script
version: 1.1
[INFO -- 2018-12-08 09:35:48]
Initialization strings:
[INFO -- 2018-12-08 09:35:48]
(1) file /tmp/knapsack/mf
[INFO -- 2018-12-08 09:35:48]
initSignal:1
[INFO -- 2018-12-08 09:35:48]
endSignal:3
[INFO -- 2018-12-08 09:35:48]
faultModel:2
[INFO -- 2018-12-08 09:35:49]
Backtrace BEGIN:
#0  0x0000555555555147 in knapSack () at knapsackmf.cpp:48
#1  0x0000555555555578 in main () at knapsackmf.cpp:108

43	
44	        while(w <= W && w == w2) {
45	            if (i == 0 || w == 0) {
46	                V[i][w] = 0;
47	            } else {
48	                V[i][w] = -1;
49	            }
50	            w++; w2++;
51	        }
52	

Backtrace END
Memory content before bitflip:0x310xfb0x080x00
Fault Model: Random bit-flip
base address to flip value: 0x55555575a144 
address max offset: 4
Memory content after  bitflip:0x930xfa0x990x56
frame name: knapSack
symbol name: W2
symbol filename: knapsackmf.cpp
symbol line: 13
value: 1452931731
value address: 0x55555575a144 <W2>
Type: The type is an integer type.
Type sizeof: 4

[INFO -- 2018-12-08 09:35:49]
Fault Injection Successful after 1.7858619689941406s
[INFO -- 2018-12-08 09:35:49]
event type: exit
[INFO -- 2018-12-08 09:35:49]
exit code: 0
