[INFO -- 2018-12-08 20:16:45]
Starting flip_value script
version: 1.1
[INFO -- 2018-12-08 20:16:45]
Initialization strings:
[INFO -- 2018-12-08 20:16:45]
(1) file /tmp/knapsack/ga
[INFO -- 2018-12-08 20:16:45]
initSignal:1
[INFO -- 2018-12-08 20:16:45]
endSignal:8
[INFO -- 2018-12-08 20:16:45]
faultModel:4
[INFO -- 2018-12-08 20:16:48]
Backtrace BEGIN:
#0  0x0000555555555e77 in std::vector<int, std::allocator<int> >::operator[] (this=0x55555575f090 <wt2>, __n=199) at /usr/include/c++/7/bits/stl_vector.h:795
#1  0x000055555555512c in cost (solution=std::vector of length 200, capacity 200 = {...}) at knapsackga.cpp:45
#2  0x000055555555589e in genetic_algorithm () at knapsackga.cpp:138
#3  0x0000555555555b6c in main () at knapsackga.cpp:165

790	       *  Note that data access with this operator is unchecked and
791	       *  out_of_range lookups are not defined. (For checked lookups
792	       *  see at().)
793	       */
794	      reference
795	      operator[](size_type __n) _GLIBCXX_NOEXCEPT
796	      {
797		__glibcxx_requires_subscript(__n);
798		return *(this->_M_impl._M_start + __n);
799	      }

Backtrace END
Memory content before bitflip:0xb30x2d0xf80xff
Fault Model: LSB bit-flip
base address to flip value: 0x7fffffffd86c
address max offset: 4
Memory content after  bitflip:0xb30x2d0xf80xdf
frame name: genetic_algorithm
symbol name: best
symbol filename: knapsackga.cpp
symbol line: 113
value: -537383501
value address: 0x7fffffffd86c
Type: The type is an integer type.
Type sizeof: 4

[INFO -- 2018-12-08 20:16:48]
Fault Injection Successful after 3.730008602142334s
[INFO -- 2018-12-08 20:16:53]
event type: exit
[INFO -- 2018-12-08 20:16:53]
exit code: 0
