[INFO -- 2018-09-23 20:59:57]
Starting flip_value script
version: 1.1
[INFO -- 2018-09-23 20:59:57]
Initialization strings:
[INFO -- 2018-09-23 20:59:57]
(1) file /tmp/knapsack/sa
[INFO -- 2018-09-23 20:59:57]
initSignal:0
[INFO -- 2018-09-23 20:59:57]
endSignal:2
[INFO -- 2018-09-23 20:59:57]
faultModel:1
[INFO -- 2018-09-23 20:59:58]
Backtrace BEGIN:
#0  std::vector<int, std::allocator<int> >::operator[] (this=0x555555759030 <val>, __n=74) at /usr/include/c++/7/bits/stl_vector.h:799
#1  0x0000555555554fde in cost (solution=std::vector of length 200, capacity 200 = {...}) at knapsacksa.cpp:29
#2  0x000055555555511f in simulated_annealing () at knapsacksa.cpp:50
#3  0x000055555555535e in main () at knapsacksa.cpp:84

794	      reference
795	      operator[](size_type __n) _GLIBCXX_NOEXCEPT
796	      {
797		__glibcxx_requires_subscript(__n);
798		return *(this->_M_impl._M_start + __n);
799	      }
800	
801	      /**
802	       *  @brief  Subscript access to the data contained in the %vector.
803	       *  @param __n The index of the element for which data should be

Backtrace END
Memory content before bitflip:0xc40x5b0xf80xff
Fault Model: Double bit-flip
base address to flip value: 0x7fffffffd9c4
address max offset: 4
Memory content after  bitflip:0xc40x5b0xf80xee
frame name: simulated_annealing
symbol name: best
symbol filename: knapsacksa.cpp
symbol line: 41
value: -285713468
value address: 0x7fffffffd9c4
Type: The type is an integer type.
Type sizeof: 4

[INFO -- 2018-09-23 20:59:58]
Fault Injection Successful after 1.9671385288238525s
[INFO -- 2018-09-23 20:59:59]
event type: exit
[INFO -- 2018-09-23 20:59:59]
exit code: 0
