[INFO -- 2018-12-08 19:42:02]
Starting flip_value script
version: 1.1
[INFO -- 2018-12-08 19:42:02]
Initialization strings:
[INFO -- 2018-12-08 19:42:02]
(1) file /tmp/knapsack/sa
[INFO -- 2018-12-08 19:42:02]
initSignal:0
[INFO -- 2018-12-08 19:42:02]
endSignal:9
[INFO -- 2018-12-08 19:42:02]
faultModel:2
[INFO -- 2018-12-08 19:42:02]
Backtrace BEGIN:
#0  0x000055555555531f in simulated_annealing () at knapsacksa.cpp:91
#1  0x0000555555555658 in main () at knapsacksa.cpp:146

86	    //int co=0;
87	
88	    for(int t = 0; t < 1000000; t++){
89	        vector<int> s(solution);
90	        int i = rand() % n;
91	        s[i] = 1 - s[i];
92	        int c = cost(s);
93	        if(best != best2){
94	            exit_gracefully();
95	        }

Backtrace END
Memory content before bitflip:0xc80x000x000x00
Fault Model: Random bit-flip
base address to flip value: 0x55555575903c 
address max offset: 4
Memory content after  bitflip:0x8c0xeb0x380xb9
frame name: main
symbol name: n2
symbol filename: knapsacksa.cpp
symbol line: 13
value: -1187452020
value address: 0x55555575903c <n2>
Type: The type is an integer type.
Type sizeof: 4

[INFO -- 2018-12-08 19:42:02]
Fault Injection Successful after 0.7501378059387207s
[INFO -- 2018-12-08 19:42:02]
event type: exit
[INFO -- 2018-12-08 19:42:02]
exit code: 0
