[INFO -- 2018-11-30 06:46:20]
Starting flip_value script
version: 1.1
[INFO -- 2018-11-30 06:46:20]
Initialization strings:
[INFO -- 2018-11-30 06:46:20]
(1) file /tmp/knapsack/sa
[INFO -- 2018-11-30 06:46:20]
initSignal:0
[INFO -- 2018-11-30 06:46:20]
endSignal:7
[INFO -- 2018-11-30 06:46:20]
faultModel:2
[EXCEPTION -- 2018-11-30 06:46:24]
pythonException: Unable to exit loop in struct fields; Exiting wihtout making a bit flip
[INFO -- 2018-11-30 06:46:24]
Backtrace BEGIN:
#0  cost (solution=std::vector of length 200, capacity 200 = {...}) at knapsacksa.cpp:27
#1  0x0000555555555259 in simulated_annealing () at knapsacksa.cpp:52
#2  0x0000555555555522 in main () at knapsacksa.cpp:85

22	   return static_cast <float> (rand()) / static_cast <float> (RAND_MAX);
23	}
24	
25	int cost(vector<int> &solution){
26	    int peso=0, valor=0;
27	    for(int i=0; i < n; i++){
28	       peso += solution[i] * wt[i];
29	       valor += solution[i] * val[i];
30	    }
31	    if(peso > W)

Backtrace END
Memory content before bitflip:0x070x9b0x0d0x00
Fault Model: Random bit-flip
base address to flip value: 0x7fffffffd964
address max offset: 4
Memory content after  bitflip:0x1c0x9e0xf20x41
frame name: simulated_annealing
symbol name: t
symbol filename: knapsacksa.cpp
symbol line: 48
value: 1106419228
value address: 0x7fffffffd964
Type: The type is an integer type.
Type sizeof: 4

[INFO -- 2018-11-30 06:46:24]
Fault Injection Successful after 4.596642017364502s
[INFO -- 2018-11-30 06:46:28]
event type: exit
[INFO -- 2018-11-30 06:46:28]
exit code: 0
