[INFO -- 2018-12-02 03:56:40]
Starting flip_value script
version: 1.1
[INFO -- 2018-12-02 03:56:40]
Initialization strings:
[INFO -- 2018-12-02 03:56:40]
(1) file /tmp/knapsack/ga
[INFO -- 2018-12-02 03:56:40]
initSignal:0
[INFO -- 2018-12-02 03:56:40]
endSignal:13
[INFO -- 2018-12-02 03:56:40]
faultModel:2
[INFO -- 2018-12-02 03:56:46]
Backtrace BEGIN:
#0  cost (solution=std::vector of length 200, capacity 200 = {...}) at knapsackga.cpp:25
#1  0x000055555555578e in genetic_algorithm () at knapsackga.cpp:112
#2  0x0000555555555a9b in main () at knapsackga.cpp:141

20	    return rand() % 2;
21	}
22	
23	int cost(vector<int> &solution){
24	    int peso=0, valor=0;
25	    for(int i=0; i < n; i++){
26	        peso += solution[i] * wt[i];
27	        valor += solution[i] * val[i];
28	    }
29	

Backtrace END
Memory content before bitflip:0xd10x1c0x040x00
Fault Model: Random bit-flip
base address to flip value: 0x7fffffffd8e4
address max offset: 4
Memory content after  bitflip:0x5e0x830xa20x0a
frame name: cost
symbol name: peso
symbol filename: knapsackga.cpp
symbol line: 24
value: 178422622
value address: 0x7fffffffd8e4
Type: The type is an integer type.
Type sizeof: 4

[INFO -- 2018-12-02 03:56:46]
Fault Injection Successful after 6.8848793506622314s
[INFO -- 2018-12-02 03:56:53]
event type: exit
[INFO -- 2018-12-02 03:56:53]
exit code: 0
