[INFO -- 2018-12-09 04:45:02]
Starting flip_value script
version: 1.1
[INFO -- 2018-12-09 04:45:02]
Initialization strings:
[INFO -- 2018-12-09 04:45:02]
(1) file /tmp/knapsack/ga
[INFO -- 2018-12-09 04:45:02]
initSignal:1
[INFO -- 2018-12-09 04:45:02]
endSignal:8
[INFO -- 2018-12-09 04:45:02]
faultModel:2
[INFO -- 2018-12-09 04:45:06]
Backtrace BEGIN:
#0  0x00005555555550fb in cost (solution=std::vector of length 200, capacity 200 = {...}) at knapsackga.cpp:44
#1  0x000055555555589e in genetic_algorithm () at knapsackga.cpp:138
#2  0x0000555555555b6c in main () at knapsackga.cpp:165

39	    for(int i=0; i < n; i++){
40	        peso += solution[i] * wt[i];
41	        valor += solution[i] * val[i];
42	    }
43	    for(int i=0; i < n; i++){
44	        peso2 += solution[i] * wt2[i];
45	        valor2 += solution[i] * val2[i];
46	    }
47	    if(peso != peso2 || valor != valor2){
48	        exit_gracefully();

Backtrace END
Memory content before bitflip:0x330xd60x070x00
Fault Model: Random bit-flip
base address to flip value: 0x7fffffffd830
address max offset: 4
Memory content after  bitflip:0x110xb20xdf0xd7
frame name: cost
symbol name: valor
symbol filename: knapsackga.cpp
symbol line: 38
value: -673205743
value address: 0x7fffffffd830
Type: The type is an integer type.
Type sizeof: 4

[INFO -- 2018-12-09 04:45:06]
Fault Injection Successful after 4.810672998428345s
[INFO -- 2018-12-09 04:45:06]
event type: exit
[INFO -- 2018-12-09 04:45:06]
exit code: 0
