[INFO -- 2018-09-25 07:19:42]
Starting flip_value script
version: 1.1
[INFO -- 2018-09-25 07:19:42]
Initialization strings:
[INFO -- 2018-09-25 07:19:42]
(1) file /tmp/knapsack/ga
[INFO -- 2018-09-25 07:19:42]
initSignal:1
[INFO -- 2018-09-25 07:19:42]
endSignal:3.5
[INFO -- 2018-09-25 07:19:42]
faultModel:2
[INFO -- 2018-09-25 07:19:45]
Backtrace BEGIN:
#0  0x000055555555a088 in std::__copy_move<false, true, std::random_access_iterator_tag>::__copy_m<int> (__first=0x555555776540, __last=0x0, __result=0x9d5bba09027cc100) at /usr/include/c++/7/bits/stl_algobase.h:357
#1  0x00005555555595f2 in std::__copy_move_a<false, int const*, int*> (__first=0x5555557827f0, __last=0x555555782b10, __result=0x555555782190) at /usr/include/c++/7/bits/stl_algobase.h:386
#2  0x000055555555a8a1 in std::__copy_move_a2<false, __gnu_cxx::__normal_iterator<int const*, std::vector<int, std::allocator<int> > >, int*> (__first=0, __last=816, __result=0x555555782190) at /usr/include/c++/7/bits/stl_algobase.h:424
#3  0x0000555555559fd6 in std::copy<__gnu_cxx::__normal_iterator<int const*, std::vector<int, std::allocator<int> > >, int*> (__first=0, __last=816, __result=0x555555782190) at /usr/include/c++/7/bits/stl_algobase.h:456
#4  0x000055555555948e in std::__uninitialized_copy<true>::__uninit_copy<__gnu_cxx::__normal_iterator<int const*, std::vector<int, std::allocator<int> > >, int*> (__first=0, __last=816, __result=0x555555782190) at /usr/include/c++/7/bits/stl_uninitialized.h:101
#5  0x00005555555583be in std::uninitialized_copy<__gnu_cxx::__normal_iterator<int const*, std::vector<int, std::allocator<int> > >, int*> (__first=0, __last=816, __result=0x555555782190) at /usr/include/c++/7/bits/stl_uninitialized.h:134
#6  0x0000555555556f6d in std::__uninitialized_copy_a<__gnu_cxx::__normal_iterator<int const*, std::vector<int, std::allocator<int> > >, int*, int> (__first=0, __last=816, __result=0x555555782190) at /usr/include/c++/7/bits/stl_uninitialized.h:289
#7  0x0000555555557155 in std::vector<int, std::allocator<int> >::_M_allocate_and_copy<__gnu_cxx::__normal_iterator<int const*, std::vector<int, std::allocator<int> > > > (this=0x7fffffffd950, __n=200, __first=0, __last=816) at /usr/include/c++/7/bits/stl_vector.h:1263
#8  0x000055555555617b in std::vector<int, std::allocator<int> >::operator= (this=0x7fffffffd950, __x=std::vector of length 200, capacity 200 = {...}) at /usr/include/c++/7/bits/vector.tcc:206
#9  0x000055555555516a in crossover (pai=std::vector of length 200, capacity 200 = {...}, mae=std::vector of length 200, capacity 200 = {...}, filho1=std::vector of length 0, capacity 0, filho2=std::vector of length 0, capacity 0) at knapsackga.cpp:76
#10 0x000055555555548d in genetic_algorithm () at knapsackga.cpp:104
#11 0x00005555555558d7 in main () at knapsackga.cpp:137

352	  template<bool _IsMove>
353	    struct __copy_move<_IsMove, true, random_access_iterator_tag>
354	    {
355	      template<typename _Tp>
356	        static _Tp*
357	        __copy_m(const _Tp* __first, const _Tp* __last, _Tp* __result)
358	        {
359	#if __cplusplus >= 201103L
360		  using __assignable = conditional<_IsMove,
361						   is_move_assignable<_Tp>,

Backtrace END
Memory content before bitflip:0x310xfb0x080x00
Fault Model: Random bit-flip
base address to flip value: 0x55555575f06c 
address max offset: 4
Memory content after  bitflip:0xff0xb20x790x01
frame name: std::vector<int, std::allocator<int> >::operator=
symbol name: W
symbol filename: knapsackga.cpp
symbol line: 16
value: 24752895
value address: 0x55555575f06c <W>
Type: The type is an integer type.
Type sizeof: 4

[INFO -- 2018-09-25 07:19:45]
Fault Injection Successful after 3.3224008083343506s
[INFO -- 2018-09-25 07:19:46]
event type: exit
[INFO -- 2018-09-25 07:19:46]
exit code: 0
