[INFO -- 2018-11-30 06:53:55]
Starting flip_value script
version: 1.1
[INFO -- 2018-11-30 06:53:55]
Initialization strings:
[INFO -- 2018-11-30 06:53:55]
(1) file /tmp/knapsack/sa
[INFO -- 2018-11-30 06:53:55]
initSignal:0
[INFO -- 2018-11-30 06:53:55]
endSignal:7
[INFO -- 2018-11-30 06:53:55]
faultModel:2
[INFO -- 2018-11-30 06:53:58]
Backtrace BEGIN:
#0  0x00005555555550fa in cost (solution=std::vector of length 200, capacity 200 = {...}) at knapsacksa.cpp:29
#1  0x0000555555555259 in simulated_annealing () at knapsacksa.cpp:52
#2  0x0000555555555522 in main () at knapsacksa.cpp:85

24	
25	int cost(vector<int> &solution){
26	    int peso=0, valor=0;
27	    for(int i=0; i < n; i++){
28	       peso += solution[i] * wt[i];
29	       valor += solution[i] * val[i];
30	    }
31	    if(peso > W)
32	       return 99999999;
33	    else

Backtrace END
Memory content before bitflip:0xa70x480x010x00
Fault Model: Random bit-flip
base address to flip value: 0x7fffffffd918
address max offset: 4
Memory content after  bitflip:0x5b0x560xb20xce
frame name: cost
symbol name: valor
symbol filename: knapsacksa.cpp
symbol line: 26
value: -827173285
value address: 0x7fffffffd918
Type: The type is an integer type.
Type sizeof: 4

[INFO -- 2018-11-30 06:53:58]
Fault Injection Successful after 3.557744026184082s
[INFO -- 2018-11-30 06:54:03]
event type: exit
[INFO -- 2018-11-30 06:54:03]
exit code: 0
