[INFO -- 2018-12-01 11:21:52]
Starting flip_value script
version: 1.1
[INFO -- 2018-12-01 11:21:52]
Initialization strings:
[INFO -- 2018-12-01 11:21:52]
(1) file /tmp/knapsack/mf
[INFO -- 2018-12-01 11:21:52]
initSignal:0
[INFO -- 2018-12-01 11:21:52]
endSignal:12
[INFO -- 2018-12-01 11:21:52]
faultModel:1
[EXCEPTION -- 2018-12-01 11:21:59]
gdbException: Cannot access memory at address 0x554755770bb0
[EXCEPTION -- 2018-12-01 11:21:59]
gdbException: Cannot access memory at address 0x55555562e2e0
[EXCEPTION -- 2018-12-01 11:21:59]
pythonException: Unable to exit loop in struct fields; Exiting wihtout making a bit flip
[INFO -- 2018-12-01 11:21:59]
event type: exit
[EXCEPTION -- 2018-12-01 11:21:59]
exit code: no exit code available
