[INFO -- 2018-09-25 03:13:39]
Starting flip_value script
version: 1.1
[INFO -- 2018-09-25 03:13:39]
Initialization strings:
[INFO -- 2018-09-25 03:13:39]
(1) file /tmp/knapsack/ga
[INFO -- 2018-09-25 03:13:39]
initSignal:1
[INFO -- 2018-09-25 03:13:39]
endSignal:3.5
[INFO -- 2018-09-25 03:13:39]
faultModel:4
[INFO -- 2018-09-25 03:13:41]
Backtrace BEGIN:
#0  0x000055555555833b in std::_Vector_base<int, std::allocator<int> >::_M_create_storage (this=0x5555557867c0, __n=200) at /usr/include/c++/7/bits/stl_vector.h:187
#1  0x0000555555556e73 in std::_Vector_base<int, std::allocator<int> >::_Vector_base (this=0x5555557867c0, __n=200, __a=...) at /usr/include/c++/7/bits/stl_vector.h:138
#2  0x0000555555555e83 in std::vector<int, std::allocator<int> >::vector (this=0x5555557867c0, __x=std::vector of length 200, capacity 200 = {...}) at /usr/include/c++/7/bits/stl_vector.h:328
#3  0x0000555555557e39 in chromossome::chromossome (this=0x5555557867c0) at knapsackga.cpp:42
#4  0x0000555555557e96 in __gnu_cxx::new_allocator<chromossome>::construct<chromossome, chromossome const&> (this=0x7fffffffd8f0, __p=0x5555557867c0, __args#0=...) at /usr/include/c++/7/ext/new_allocator.h:136
#5  0x0000555555556a90 in std::allocator_traits<std::allocator<chromossome> >::construct<chromossome, chromossome const&> (__a=..., __p=0x5555557867c0, __args#0=...) at /usr/include/c++/7/bits/alloc_traits.h:475
#6  0x0000555555555cf0 in std::vector<chromossome, std::allocator<chromossome> >::push_back (this=0x7fffffffd8f0, __x=...) at /usr/include/c++/7/bits/stl_vector.h:943
#7  0x00005555555554e7 in genetic_algorithm () at knapsackga.cpp:106
#8  0x00005555555558d7 in main () at knapsackga.cpp:137

182	
183	    private:
184	      void
185	      _M_create_storage(size_t __n)
186	      {
187		this->_M_impl._M_start = this->_M_allocate(__n);
188		this->_M_impl._M_finish = this->_M_impl._M_start;
189		this->_M_impl._M_end_of_storage = this->_M_impl._M_start + __n;
190	      }
191	    };

Backtrace END
Fliping value of field: std::_Vector_base<int, std::allocator<int> >
Fliping value of field: _M_impl
Fliping value of field: _M_end_of_storage
Fliping a bit of the value pointed by a pointer
Memory content before bitflip:0x300x030x000x00
Fault Model: LSB bit-flip
base address to flip value: 0x5555557827e0
address max offset: 4
Memory content after  bitflip:0x300x030x000x08
frame name: genetic_algorithm
symbol name: mae
symbol filename: knapsackga.cpp
symbol line: 101
value: std::vector of length 200, capacity 200 = {0, 1, 0, 0, 1, 1, 0, 0, 0, 0, 0, 0, 0, 1, 1, 1, 1, 0, 0, 0, 0, 0, 0, 0, 1, 0, 0, 1, 1, 0, 0, 0, 0, 1, 1, 0, 0, 1, 1, 1, 0, 0, 0, 0, 1, 0, 1, 0, 1, 0, 1, 1, 1, 0, 1, 1, 1, 0, 0, 1, 1, 0, 1, 0, 0, 0, 1, 0, 1, 0, 0, 0, 0, 0, 0, 1, 0, 0, 0, 1, 1, 0, 0, 1, 1, 0, 1, 0, 1, 0, 0, 1, 0, 0, 1, 0, 0, 0, 0, 0, 0, 1, 0, 1, 0, 1, 1, 1, 0, 0, 0, 0, 0, 1, 0, 1, 0, 0, 1, 1, 1, 0, 1, 1, 0, 0, 1, 0, 1, 1, 1, 1, 0, 0, 1, 0, 0, 1, 1, 0, 0, 0, 1, 0, 1, 0, 0, 0, 0, 1, 0, 0, 0, 1, 0, 0, 0, 1, 1, 1, 1, 0, 0, 0, 1, 0, 0, 0, 1, 1, 0, 0, 1, 0, 1, 0, 0, 0, 0, 0, 1, 0, 0, 1, 1, 0, 1, 1, 1, 0, 0, 0, 0, 0, 0, 0, 0, 0, 0, 1...}
value address: 0x7fffffffd930
Type: The type is a structure.
Type sizeof: 24
Field name: std::_Vector_base<int, std::allocator<int> >
Field Type: The type is a structure.
Field Type sizeof: 24

[INFO -- 2018-09-25 03:13:41]
Fault Injection Successful after 2.3461315631866455s
[INFO -- 2018-09-25 03:13:43]
event type: exit
[INFO -- 2018-09-25 03:13:43]
exit code: 0
