[INFO -- 2018-09-25 09:44:18]
Starting flip_value script
version: 1.1
[INFO -- 2018-09-25 09:44:18]
Initialization strings:
[INFO -- 2018-09-25 09:44:18]
(1) file /tmp/knapsack/ga
[INFO -- 2018-09-25 09:44:18]
initSignal:1
[INFO -- 2018-09-25 09:44:18]
endSignal:3.5
[INFO -- 2018-09-25 09:44:18]
faultModel:1
[EXCEPTION -- 2018-09-25 09:44:19]
pythonException: Unable to exit loop in struct fields; Exiting wihtout making a bit flip
[INFO -- 2018-09-25 09:44:19]
Backtrace BEGIN:
#0  0x00005555555569c2 in std::_Vector_base<chromossome, std::allocator<chromossome> >::_Vector_base (this=0x7fffffffd8f0) at /usr/include/c++/7/bits/stl_vector.h:127
#1  0x0000555555555c48 in std::vector<chromossome, std::allocator<chromossome> >::vector (this=0x7fffffffd8f0) at /usr/include/c++/7/bits/stl_vector.h:263
#2  0x0000555555555340 in genetic_algorithm () at knapsackga.cpp:95
#3  0x00005555555558d7 in main () at knapsackga.cpp:137

122	      allocator_type
123	      get_allocator() const _GLIBCXX_NOEXCEPT
124	      { return allocator_type(_M_get_Tp_allocator()); }
125	
126	      _Vector_base()
127	      : _M_impl() { }
128	
129	      _Vector_base(const allocator_type& __a) _GLIBCXX_NOEXCEPT
130	      : _M_impl(__a) { }
131	

Backtrace END
Memory content before bitflip:0x310xfb0x080x00
Fault Model: Double bit-flip
base address to flip value: 0x55555575f06c 
address max offset: 4
Memory content after  bitflip:0x310xd90x080x00
frame name: std::vector<chromossome, std::allocator<chromossome> >::vector
symbol name: W
symbol filename: knapsackga.cpp
symbol line: 16
value: 579889
value address: 0x55555575f06c <W>
Type: The type is an integer type.
Type sizeof: 4

[INFO -- 2018-09-25 09:44:19]
Fault Injection Successful after 1.8484916687011719s
[INFO -- 2018-09-25 09:44:22]
event type: exit
[INFO -- 2018-09-25 09:44:22]
exit code: 0
