[INFO -- 2018-09-23 20:10:23]
Starting flip_value script
version: 1.1
[INFO -- 2018-09-23 20:10:23]
Initialization strings:
[INFO -- 2018-09-23 20:10:23]
(1) file /tmp/knapsack/sa
[INFO -- 2018-09-23 20:10:23]
initSignal:0
[INFO -- 2018-09-23 20:10:23]
endSignal:2
[INFO -- 2018-09-23 20:10:23]
faultModel:2
[INFO -- 2018-09-23 20:10:24]
Backtrace BEGIN:
#0  0x00007ffff77073b9 in __GI___expf (x=-inf) at ../sysdeps/ieee754/flt-32/w_expf_compat.c:27
#1  0x00005555555554e1 in std::exp (__x=-inf) at /usr/include/c++/7/cmath:223
#2  0x0000555555555171 in simulated_annealing () at knapsacksa.cpp:56
#3  0x000055555555535e in main () at knapsacksa.cpp:84

22	../sysdeps/ieee754/flt-32/w_expf_compat.c: No such file or directory.

Backtrace END
Memory content before bitflip:0x000xb20x070x00
Fault Model: Random bit-flip
base address to flip value: 0x7fffffffd9d4
address max offset: 4
Memory content after  bitflip:0xbd0x3a0x0b0x13
frame name: simulated_annealing
symbol name: t
symbol filename: knapsacksa.cpp
symbol line: 46
value: 319503037
value address: 0x7fffffffd9d4
Type: The type is an integer type.
Type sizeof: 4

[INFO -- 2018-09-23 20:10:24]
Fault Injection Successful after 1.341418743133545s
[INFO -- 2018-09-23 20:10:24]
event type: exit
[INFO -- 2018-09-23 20:10:24]
exit code: 0
