[INFO -- 2018-12-01 04:41:10]
Starting flip_value script
version: 1.1
[INFO -- 2018-12-01 04:41:10]
Initialization strings:
[INFO -- 2018-12-01 04:41:11]
(1) file /tmp/knapsack/ga
[INFO -- 2018-12-01 04:41:11]
initSignal:0
[INFO -- 2018-12-01 04:41:11]
endSignal:13
[INFO -- 2018-12-01 04:41:11]
faultModel:3
[INFO -- 2018-12-01 04:41:16]
Backtrace BEGIN:
#0  std::allocator<int>::~allocator (this=0x7fffffffd550, __in_chrg=<optimized out>) at /usr/include/c++/7/bits/allocator.h:139
#1  0x00005555555576ac in std::vector<int, std::allocator<int> >::_M_move_assign (this=0x555555776500, __x=...) at /usr/include/c++/7/bits/stl_vector.h:1531
#2  0x00005555555566e3 in std::vector<int, std::allocator<int> >::operator= (this=0x555555776500, __x=...) at /usr/include/c++/7/bits/stl_vector.h:466
#3  0x00005555555594c1 in chromossome::operator= (this=0x555555776500) at knapsackga.cpp:42
#4  0x000055555555a1f7 in std::__unguarded_linear_insert<__gnu_cxx::__normal_iterator<chromossome*, std::vector<chromossome, std::allocator<chromossome> > >, __gnu_cxx::__ops::_Val_less_iter> (__last={solution = std::vector of length 0, capacity 0, fitness = -514590}, __comp=...) at /usr/include/c++/7/bits/stl_algo.h:1834
#5  0x0000555555559602 in std::__insertion_sort<__gnu_cxx::__normal_iterator<chromossome*, std::vector<chromossome, std::allocator<chromossome> > >, __gnu_cxx::__ops::_Iter_less_iter> (__first={solution = std::vector of length 200, capacity 200 = {0, 1, 0, 0, 1, 1, 1, 0, 0, 0, 0, 0, 0, 1, 1, 1, 1, 0, 1, 1, 0, 0, 0, 0, 1, 0, 0, 0, 1, 0, 0, 0, 0, 1, 1, 0, 0, 1, 1, 1, 0, 1, 0, 0, 1, 0, 1, 0, 0, 0, 0, 1, 0, 0, 1, 1, 1, 0, 1, 1, 1, 0, 0, 0, 0, 0, 1, 0, 0, 0, 1, 1, 1, 1, 0, 1, 0, 0, 0, 1, 1, 0, 0, 1, 1, 0, 1, 0, 1, 0, 0, 1, 0, 0, 1, 0, 0, 0, 0, 0, 0, 0, 0, 1, 0, 1, 1, 1, 0, 0, 1, 0, 0, 1, 0, 1, 0, 0, 0, 1, 1, 0, 1, 0, 0, 0, 0, 1, 1, 1, 1, 0, 1, 0, 1, 0, 0, 0, 1, 0, 0, 0, 1, 0, 1, 0, 0, 0, 0, 1, 0, 0, 0, 0, 0, 0, 0, 1, 1, 1, 0, 0, 0, 0, 1, 0, 1, 0, 0, 1, 0, 0, 1, 0, 1, 0, 0, 0, 1, 0, 1, 0, 0, 1, 0, 0, 1, 0, 0, 0, 0, 0, 0, 0, 0, 0, 0, 0, 0, 1...}, fitness = -514590}, __last={solution = std::vector of length 0, capacity 0, fitness = 99999999}, __comp=...) at /usr/include/c++/7/bits/stl_algo.h:1855
#6  0x0000555555558543 in std::__final_insertion_sort<__gnu_cxx::__normal_iterator<chromossome*, std::vector<chromossome, std::allocator<chromossome> > >, __gnu_cxx::__ops::_Iter_less_iter> (__first={solution = std::vector of length 200, capacity 200 = {0, 1, 0, 0, 1, 1, 1, 0, 0, 0, 0, 0, 0, 1, 1, 1, 1, 0, 1, 1, 0, 0, 0, 0, 1, 0, 0, 0, 1, 0, 0, 0, 0, 1, 1, 0, 0, 1, 1, 1, 0, 1, 0, 0, 1, 0, 1, 0, 0, 0, 0, 1, 0, 0, 1, 1, 1, 0, 1, 1, 1, 0, 0, 0, 0, 0, 1, 0, 0, 0, 1, 1, 1, 1, 0, 1, 0, 0, 0, 1, 1, 0, 0, 1, 1, 0, 1, 0, 1, 0, 0, 1, 0, 0, 1, 0, 0, 0, 0, 0, 0, 0, 0, 1, 0, 1, 1, 1, 0, 0, 1, 0, 0, 1, 0, 1, 0, 0, 0, 1, 1, 0, 1, 0, 0, 0, 0, 1, 1, 1, 1, 0, 1, 0, 1, 0, 0, 0, 1, 0, 0, 0, 1, 0, 1, 0, 0, 0, 0, 1, 0, 0, 0, 0, 0, 0, 0, 1, 1, 1, 0, 0, 0, 0, 1, 0, 1, 0, 0, 1, 0, 0, 1, 0, 1, 0, 0, 0, 1, 0, 1, 0, 0, 1, 0, 0, 1, 0, 0, 0, 0, 0, 0, 0, 0, 0, 0, 0, 0, 1...}, fitness = -514590}, __last={solution = std::vector of length 0, capacity 0, fitness = 99999999}, __comp=...) at /usr/include/c++/7/bits/stl_algo.h:1890
#7  0x000055555555705f in std::__sort<__gnu_cxx::__normal_iterator<chromossome*, std::vector<chromossome, std::allocator<chromossome> > >, __gnu_cxx::__ops::_Iter_less_iter> (__first={solution = std::vector of length 200, capacity 200 = {0, 1, 0, 0, 1, 1, 1, 0, 0, 0, 0, 0, 0, 1, 1, 1, 1, 0, 1, 1, 0, 0, 0, 0, 1, 0, 0, 0, 1, 0, 0, 0, 0, 1, 1, 0, 0, 1, 1, 1, 0, 1, 0, 0, 1, 0, 1, 0, 0, 0, 0, 1, 0, 0, 1, 1, 1, 0, 1, 1, 1, 0, 0, 0, 0, 0, 1, 0, 0, 0, 1, 1, 1, 1, 0, 1, 0, 0, 0, 1, 1, 0, 0, 1, 1, 0, 1, 0, 1, 0, 0, 1, 0, 0, 1, 0, 0, 0, 0, 0, 0, 0, 0, 1, 0, 1, 1, 1, 0, 0, 1, 0, 0, 1, 0, 1, 0, 0, 0, 1, 1, 0, 1, 0, 0, 0, 0, 1, 1, 1, 1, 0, 1, 0, 1, 0, 0, 0, 1, 0, 0, 0, 1, 0, 1, 0, 0, 0, 0, 1, 0, 0, 0, 0, 0, 0, 0, 1, 1, 1, 0, 0, 0, 0, 1, 0, 1, 0, 0, 1, 0, 0, 1, 0, 1, 0, 0, 0, 1, 0, 1, 0, 0, 1, 0, 0, 1, 0, 0, 0, 0, 0, 0, 0, 0, 0, 0, 0, 0, 1...}, fitness = -514590}, __last={solution = std::vector of length 0, capacity 0, fitness = 99999999}, __comp=...) at /usr/include/c++/7/bits/stl_algo.h:1971
#8  0x000055555555608d in std::sort<__gnu_cxx::__normal_iterator<chromossome*, std::vector<chromossome, std::allocator<chromossome> > > > (__first={solution = std::vector of length 200, capacity 200 = {0, 1, 0, 0, 1, 1, 1, 0, 0, 0, 0, 0, 0, 1, 1, 1, 1, 0, 1, 1, 0, 0, 0, 0, 1, 0, 0, 0, 1, 0, 0, 0, 0, 1, 1, 0, 0, 1, 1, 1, 0, 1, 0, 0, 1, 0, 1, 0, 0, 0, 0, 1, 0, 0, 1, 1, 1, 0, 1, 1, 1, 0, 0, 0, 0, 0, 1, 0, 0, 0, 1, 1, 1, 1, 0, 1, 0, 0, 0, 1, 1, 0, 0, 1, 1, 0, 1, 0, 1, 0, 0, 1, 0, 0, 1, 0, 0, 0, 0, 0, 0, 0, 0, 1, 0, 1, 1, 1, 0, 0, 1, 0, 0, 1, 0, 1, 0, 0, 0, 1, 1, 0, 1, 0, 0, 0, 0, 1, 1, 1, 1, 0, 1, 0, 1, 0, 0, 0, 1, 0, 0, 0, 1, 0, 1, 0, 0, 0, 0, 1, 0, 0, 0, 0, 0, 0, 0, 1, 1, 1, 0, 0, 0, 0, 1, 0, 1, 0, 0, 1, 0, 0, 1, 0, 1, 0, 0, 0, 1, 0, 1, 0, 0, 1, 0, 0, 1, 0, 0, 0, 0, 0, 0, 0, 0, 0, 0, 0, 0, 1...}, fitness = -514590}, __last={solution = std::vector of length 0, capacity 0, fitness = 99999999}) at /usr/include/c++/7/bits/stl_algo.h:4836
#9  0x0000555555555188 in tournament (pop=std::vector of length 40, capacity 64 = {...}) at knapsackga.cpp:66
#10 0x0000555555555543 in genetic_algorithm () at knapsackga.cpp:102
#11 0x0000555555555a9b in main () at knapsackga.cpp:141

134	      : __allocator_base<_Tp>(__a) { }
135	
136	      template<typename _Tp1>
137		allocator(const allocator<_Tp1>&) throw() { }
138	
139	      ~allocator() throw() { }
140	
141	      // Inherit everything else.
142	    };
143	

Backtrace END
Fliping value of field: std::_Vector_base<int, std::allocator<int> >
Fliping value of field: _M_impl
Fliping value of field: _M_end_of_storage
Fliping a bit of the pointer
Memory content before bitflip:0xc00x730x770x550x550x550x000x00
Fault Model: Zero bit-flip
base address to flip value: 0x55555575f170 
address max offset: 8
Memory content after  bitflip:0x000x000x000x000x000x000x000x00
frame name: std::sort<__gnu_cxx::__normal_iterator<chromossome*, std::vector<chromossome, std::allocator<chromossome> > > >
symbol name: wt
symbol filename: knapsackga.cpp
symbol line: 15
value: std::vector of length 200, capacity -23456248617968 = {10561, 10479, 1566, 1849, 9355, 8360, 7698, 4082, 7060, 7069, 6813, 2584, 5307, 4936, 8231, 10949, 10494, 6442, 5449, 3683, 1360, 1275, 5649, 4185, 4801, 9918, 6258, 6606, 3362, 1239, 4252, 2367, 6103, 10987, 7745, 2819, 9936, 8968, 8345, 10066, 8629, 8898, 4538, 10810, 10620, 2612, 8541, 8152, 5615, 6304, 5901, 10249, 6009, 9316, 4540, 9829, 9998, 5611, 6678, 10204, 8238, 5867, 3219, 4247, 7996, 2661, 10080, 3682, 10114, 4096, 10574, 8063, 6043, 6178, 7515, 6880, 4119, 3079, 6119, 10342, 7233, 1754, 9204, 8260, 10077, 2915, 8448, 1588, 7530, 3731, 3267, 9755, 2063, 6224, 9540, 3449, 3105, 9806, 5230, 8170, 1319, 4624, 2719, 7728, 1830, 10546, 1254, 8295, 1212, 3557, 9134, 2572, 2838, 7915, 4856, 1432, 10901, 2515, 1363, 4443, 7153, 8425, 2132, 4373, 1309, 5487, 8660, 8400, 10021, 8557, 9625, 8054, 5728, 3256, 7609, 4164, 2021, 5479, 9748, 2276, 6850, 4930, 6149, 2439, 10598, 3591, 7061, 5198, 1181, 6580, 2406, 1568, 1336, 2612, 1959, 7351, 6083, 10835, 10342, 10946, 3325, 5447, 3508, 6913, 7242, 9003, 8095, 3567, 5231, 6262, 1049, 1355, 5088, 2112, 8238, 3409, 1998, 2818, 3316, 3174, 6208, 5645, 4098, 7418, 3125, 10066, 10632, 8290, 5338, 6116, 6811, 1513, 5181, 6251, 2813, 1938, 9027, 4662, 6193, 10215...}
value address: 0x55555575f160 <wt>
Type: The type is a structure.
Type sizeof: 24
Field name: std::_Vector_base<int, std::allocator<int> >
Field Type: The type is a structure.
Field Type sizeof: 24

[INFO -- 2018-12-01 04:41:16]
Fault Injection Successful after 5.208006381988525s
[INFO -- 2018-12-01 04:41:23]
event type: exit
[INFO -- 2018-12-01 04:41:23]
exit code: 0
