[INFO -- 2018-11-30 09:12:30]
Starting flip_value script
version: 1.1
[INFO -- 2018-11-30 09:12:30]
Initialization strings:
[INFO -- 2018-11-30 09:12:30]
(1) file /tmp/knapsack/sa
[INFO -- 2018-11-30 09:12:30]
initSignal:0
[INFO -- 2018-11-30 09:12:30]
endSignal:7
[INFO -- 2018-11-30 09:12:30]
faultModel:2
[INFO -- 2018-11-30 09:12:32]
Backtrace BEGIN:
#0  0x00007ffff713eead in rand () at rand.c:28
#1  0x0000555555555209 in simulated_annealing () at knapsacksa.cpp:50
#2  0x0000555555555522 in main () at knapsacksa.cpp:85

23	rand.c: No such file or directory.

Backtrace END
Memory content before bitflip:0x310xfb0x080x00
Fault Model: Random bit-flip
base address to flip value: 0x55555575917c 
address max offset: 4
Memory content after  bitflip:0x660x810x590x41
frame name: main
symbol name: W
symbol filename: knapsacksa.cpp
symbol line: 15
value: 1096384870
value address: 0x55555575917c <W>
Type: The type is an integer type.
Type sizeof: 4

[INFO -- 2018-11-30 09:12:32]
Fault Injection Successful after 2.4920382499694824s
[INFO -- 2018-11-30 09:12:38]
event type: exit
[INFO -- 2018-11-30 09:12:38]
exit code: 0
