[INFO -- 2018-12-09 06:57:06]
Starting flip_value script
version: 1.1
[INFO -- 2018-12-09 06:57:06]
Initialization strings:
[INFO -- 2018-12-09 06:57:06]
(1) file /tmp/knapsack/ga
[INFO -- 2018-12-09 06:57:06]
initSignal:1
[INFO -- 2018-12-09 06:57:06]
endSignal:8
[INFO -- 2018-12-09 06:57:06]
faultModel:1
[INFO -- 2018-12-09 06:57:09]
Backtrace BEGIN:
#0  std::_Vector_base<int, std::allocator<int> >::_Vector_base (this=0x7fffffffd8e0) at /usr/include/c++/7/bits/stl_vector.h:127
#1  0x0000555555555e72 in std::vector<int, std::allocator<int> >::vector (this=0x7fffffffd8e0) at /usr/include/c++/7/bits/stl_vector.h:263
#2  0x000055555555561c in genetic_algorithm () at knapsackga.cpp:127
#3  0x0000555555555b6c in main () at knapsackga.cpp:165

122	      allocator_type
123	      get_allocator() const _GLIBCXX_NOEXCEPT
124	      { return allocator_type(_M_get_Tp_allocator()); }
125	
126	      _Vector_base()
127	      : _M_impl() { }
128	
129	      _Vector_base(const allocator_type& __a) _GLIBCXX_NOEXCEPT
130	      : _M_impl(__a) { }
131	

Backtrace END
Memory content before bitflip:0x310xfb0x080x00
Fault Model: Double bit-flip
base address to flip value: 0x55555575f0b0 
address max offset: 4
Memory content after  bitflip:0x310xfb0x290x00
frame name: std::_Vector_base<int, std::allocator<int> >::_Vector_base
symbol name: W
symbol filename: knapsackga.cpp
symbol line: 18
value: 2751281
value address: 0x55555575f0b0 <W>
Type: The type is an integer type.
Type sizeof: 4

[INFO -- 2018-12-09 06:57:09]
Fault Injection Successful after 3.1364076137542725s
[INFO -- 2018-12-09 06:57:09]
event type: exit
[INFO -- 2018-12-09 06:57:09]
exit code: 0
