[INFO -- 2018-10-19 00:18:51]
Starting flip_value script
version: 1.1
[INFO -- 2018-10-19 00:18:51]
Initialization strings:
[INFO -- 2018-10-19 00:18:51]
(1) file /tmp/knapsack/mf
[INFO -- 2018-10-19 00:18:51]
initSignal:1
[INFO -- 2018-10-19 00:18:51]
endSignal:3
[INFO -- 2018-10-19 00:18:51]
faultModel:2
[INFO -- 2018-10-19 00:18:52]
Backtrace BEGIN:
#0  std::vector<int, std::allocator<int> >::operator[] (this=0x555555759190 <V>, __n=182) at /usr/include/c++/7/bits/stl_vector.h:795
#1  0x0000555555555053 in knapSack () at knapsackmf.cpp:34
#2  0x00005555555553a4 in main () at knapsackmf.cpp:75

790	       *  Note that data access with this operator is unchecked and
791	       *  out_of_range lookups are not defined. (For checked lookups
792	       *  see at().)
793	       */
794	      reference
795	      operator[](size_type __n) _GLIBCXX_NOEXCEPT
796	      {
797		__glibcxx_requires_subscript(__n);
798		return *(this->_M_impl._M_start + __n);
799	      }

Backtrace END
Fliping a bit of the pointer
Memory content before bitflip:0x900x910x750x550x550x550x000x00
Fault Model: Random bit-flip
base address to flip value: 0x7fffffffd9c8
address max offset: 8
Memory content after  bitflip:0xaf0x660xb50x380x600xd10x8b0x50
frame name: std::vector<int, std::allocator<int> >::operator[]
symbol name: this
symbol filename: knapsackmf.cpp
symbol line: 0
value: 0x555555759190 <V>
value address: 0x7fffffffd9c8
Type: The type is a pointer.
Type sizeof: 8

[INFO -- 2018-10-19 00:18:52]
Fault Injection Successful after 1.1049492359161377s
[INFO -- 2018-10-19 00:18:56]
event type: exit
[INFO -- 2018-10-19 00:18:56]
exit code: 0
