[INFO -- 2018-09-25 04:56:17]
Starting flip_value script
version: 1.1
[INFO -- 2018-09-25 04:56:17]
Initialization strings:
[INFO -- 2018-09-25 04:56:17]
(1) file /tmp/knapsack/ga
[INFO -- 2018-09-25 04:56:17]
initSignal:1
[INFO -- 2018-09-25 04:56:17]
endSignal:3.5
[INFO -- 2018-09-25 04:56:17]
faultModel:2
[INFO -- 2018-09-25 04:56:19]
Backtrace BEGIN:
#0  0x0000555555555b8d in std::vector<int, std::allocator<int> >::operator[] (this=0x55555575f050 <wt>, __n=33) at /usr/include/c++/7/bits/stl_vector.h:795
#1  0x0000555555554f3d in cost (solution=std::vector of length 200, capacity 200 = {...}) at knapsackga.cpp:27
#2  0x0000555555555654 in genetic_algorithm () at knapsackga.cpp:112
#3  0x00005555555558d7 in main () at knapsackga.cpp:137

790	       *  Note that data access with this operator is unchecked and
791	       *  out_of_range lookups are not defined. (For checked lookups
792	       *  see at().)
793	       */
794	      reference
795	      operator[](size_type __n) _GLIBCXX_NOEXCEPT
796	      {
797		__glibcxx_requires_subscript(__n);
798		return *(this->_M_impl._M_start + __n);
799	      }

Backtrace END
Memory content before bitflip:0x210x000x000x000x000x000x000x00
Fault Model: Random bit-flip
base address to flip value: 0x7fffffffd850
address max offset: 8
Memory content after  bitflip:0x700x320x540x9d0xc80xb00x2f0x75
frame name: std::vector<int, std::allocator<int> >::operator[]
symbol name: __n
symbol filename: /usr/include/c++/7/bits/stl_vector.h
symbol line: 795
value: 8444162202022457968
value address: 0x7fffffffd850
Type: The type is an integer type.
Type sizeof: 8

[INFO -- 2018-09-25 04:56:19]
Fault Injection Successful after 2.520878314971924s
[INFO -- 2018-09-25 04:56:21]
event type: exit
[INFO -- 2018-09-25 04:56:21]
exit code: 0
