[INFO -- 2018-12-08 05:22:08]
Starting flip_value script
version: 1.1
[INFO -- 2018-12-08 05:22:08]
Initialization strings:
[INFO -- 2018-12-08 05:22:08]
(1) file /tmp/knapsack/sa
[INFO -- 2018-12-08 05:22:08]
initSignal:0
[INFO -- 2018-12-08 05:22:08]
endSignal:9
[INFO -- 2018-12-08 05:22:08]
faultModel:2
[INFO -- 2018-12-08 05:22:10]
Backtrace BEGIN:
#0  malloc (n=14) at dl-minimal.c:50
#1  <function called from gdb>
#2  0x00007ffff6f35071 in __GI___libc_malloc (bytes=800) at malloc.c:3028
#3  0x00007ffff78d81a8 in operator new(unsigned long) () from /usr/lib/x86_64-linux-gnu/libstdc++.so.6
#4  0x000055555555702e in __gnu_cxx::new_allocator<int>::allocate (this=0x7fffffffd740, __n=200) at /usr/include/c++/7/ext/new_allocator.h:111
#5  0x0000555555556d91 in std::allocator_traits<std::allocator<int> >::allocate (__a=..., __n=200) at /usr/include/c++/7/bits/alloc_traits.h:436
#6  0x000055555555694e in std::_Vector_base<int, std::allocator<int> >::_M_allocate (this=0x7fffffffd740, __n=200) at /usr/include/c++/7/bits/stl_vector.h:172
#7  0x000055555555677f in std::_Vector_base<int, std::allocator<int> >::_M_create_storage (this=0x7fffffffd740, __n=200) at /usr/include/c++/7/bits/stl_vector.h:187
#8  0x0000555555555f13 in std::_Vector_base<int, std::allocator<int> >::_Vector_base (this=0x7fffffffd740, __n=200, __a=...) at /usr/include/c++/7/bits/stl_vector.h:138
#9  0x00005555555559b3 in std::vector<int, std::allocator<int> >::vector (this=0x7fffffffd740, __x=std::vector of length 200, capacity 200 = {...}) at /usr/include/c++/7/bits/stl_vector.h:328
#10 0x00005555555552f7 in simulated_annealing () at knapsacksa.cpp:89
#11 0x0000555555555658 in main () at knapsacksa.cpp:146

45	dl-minimal.c: No such file or directory.

Backtrace END
Memory content before bitflip:0x000x000x000x00
Fault Model: Random bit-flip
base address to flip value: 0x7ffff728b928 
address max offset: 4
Memory content after  bitflip:0xe80x9d0x1b0xe1
frame name: __GI___libc_malloc
symbol name: free_list_lock
symbol filename: arena.c
symbol line: 81
value: -518283800
value address: 0x7ffff728b928 <free_list_lock>
Type: The type is an integer type.
Type sizeof: 4

[INFO -- 2018-12-08 05:22:10]
Fault Injection Successful after 2.7508389949798584s
[INFO -- 2018-12-08 05:22:17]
event type: exit
[INFO -- 2018-12-08 05:22:17]
exit code: 0
