[INFO -- 2018-09-25 04:01:28]
Starting flip_value script
version: 1.1
[INFO -- 2018-09-25 04:01:28]
Initialization strings:
[INFO -- 2018-09-25 04:01:28]
(1) file /tmp/knapsack/ga
[INFO -- 2018-09-25 04:01:28]
initSignal:1
[INFO -- 2018-09-25 04:01:28]
endSignal:3.5
[INFO -- 2018-09-25 04:01:28]
faultModel:0
[INFO -- 2018-09-25 04:01:30]
Backtrace BEGIN:
#0  0x0000555555556850 in std::_Vector_base<int, std::allocator<int> >::_Vector_base (this=0x7fffffffd950) at /usr/include/c++/7/bits/stl_vector.h:127
#1  0x0000555555555b88 in std::vector<int, std::allocator<int> >::vector (this=0x7fffffffd950) at /usr/include/c++/7/bits/stl_vector.h:263
#2  0x00005555555553e1 in genetic_algorithm () at knapsackga.cpp:101
#3  0x00005555555558d7 in main () at knapsackga.cpp:137

122	      allocator_type
123	      get_allocator() const _GLIBCXX_NOEXCEPT
124	      { return allocator_type(_M_get_Tp_allocator()); }
125	
126	      _Vector_base()
127	      : _M_impl() { }
128	
129	      _Vector_base(const allocator_type& __a) _GLIBCXX_NOEXCEPT
130	      : _M_impl(__a) { }
131	

Backtrace END
Fliping value of field: std::_Vector_base<int, std::allocator<int> >
Fliping value of field: _M_impl
Fliping value of field: _M_finish
Fliping a bit of the pointer
Memory content before bitflip:0xe00x720x770x550x550x550x000x00
Fault Model: Single bit-flip
base address to flip value: 0x55555575f058 
address max offset: 8
Memory content after  bitflip:0xe00x720x770x150x550x550x000x00
frame name: std::vector<int, std::allocator<int> >::vector
symbol name: wt
symbol filename: knapsackga.cpp
symbol line: 15
value: std::vector of length -268435256, capacity 256 = {10561, 10479, 1566, 1849, 9355, 8360, 7698, 4082, 7060, 7069, 6813, 2584, 5307, 4936, 8231, 10949, 10494, 6442, 5449, 3683, 1360, 1275, 5649, 4185, 4801, 9918, 6258, 6606, 3362, 1239, 4252, 2367, 6103, 10987, 7745, 2819, 9936, 8968, 8345, 10066, 8629, 8898, 4538, 10810, 10620, 2612, 8541, 8152, 5615, 6304, 5901, 10249, 6009, 9316, 4540, 9829, 9998, 5611, 6678, 10204, 8238, 5867, 3219, 4247, 7996, 2661, 10080, 3682, 10114, 4096, 10574, 8063, 6043, 6178, 7515, 6880, 4119, 3079, 6119, 10342, 7233, 1754, 9204, 8260, 10077, 2915, 8448, 1588, 7530, 3731, 3267, 9755, 2063, 6224, 9540, 3449, 3105, 9806, 5230, 8170, 1319, 4624, 2719, 7728, 1830, 10546, 1254, 8295, 1212, 3557, 9134, 2572, 2838, 7915, 4856, 1432, 10901, 2515, 1363, 4443, 7153, 8425, 2132, 4373, 1309, 5487, 8660, 8400, 10021, 8557, 9625, 8054, 5728, 3256, 7609, 4164, 2021, 5479, 9748, 2276, 6850, 4930, 6149, 2439, 10598, 3591, 7061, 5198, 1181, 6580, 2406, 1568, 1336, 2612, 1959, 7351, 6083, 10835, 10342, 10946, 3325, 5447, 3508, 6913, 7242, 9003, 8095, 3567, 5231, 6262, 1049, 1355, 5088, 2112, 8238, 3409, 1998, 2818, 3316, 3174, 6208, 5645, 4098, 7418, 3125, 10066, 10632, 8290, 5338, 6116, 6811, 1513, 5181, 6251, 2813, 1938, 9027, 4662, 6193, 10215...}
value address: 0x55555575f050 <wt>
Type: The type is a structure.
Type sizeof: 24
Field name: std::_Vector_base<int, std::allocator<int> >
Field Type: The type is a structure.
Field Type sizeof: 24

[INFO -- 2018-09-25 04:01:30]
Fault Injection Successful after 2.4334805011749268s
[INFO -- 2018-09-25 04:01:32]
event type: exit
[INFO -- 2018-09-25 04:01:32]
exit code: 0
