[INFO -- 2018-12-08 21:08:37]
Starting flip_value script
version: 1.1
[INFO -- 2018-12-08 21:08:37]
Initialization strings:
[INFO -- 2018-12-08 21:08:37]
(1) file /tmp/knapsack/ga
[INFO -- 2018-12-08 21:08:37]
initSignal:1
[INFO -- 2018-12-08 21:08:37]
endSignal:8
[INFO -- 2018-12-08 21:08:37]
faultModel:3
[INFO -- 2018-12-08 21:08:38]
Backtrace BEGIN:
#0  __random () at random.c:288
#1  0x00007ffff7494ea9 in rand () at rand.c:27
#2  0x0000555555554ff1 in rand_bit () at knapsackga.cpp:30
#3  0x0000555555555353 in crossover (pai=std::vector of length 200, capacity 200 = {...}, mae=std::vector of length 200, capacity 200 = {...}, filho1=std::vector of length 0, capacity 0, filho2=std::vector of length 0, capacity 0) at knapsackga.cpp:95
#4  0x00005555555556d7 in genetic_algorithm () at knapsackga.cpp:130
#5  0x0000555555555b6c in main () at knapsackga.cpp:165

283	random.c: No such file or directory.

Backtrace END
Memory content before bitflip:0x670x510x5e0x4b
Fault Model: Zero bit-flip
base address to flip value: 0x7fffffffd7b4
address max offset: 4
Memory content after  bitflip:0x000x000x000x00
frame name: __random
symbol name: retval
symbol filename: random.c
symbol line: 289
value: 0
value address: 0x7fffffffd7b4
Type: The type is an integer type.
Type sizeof: 4

[INFO -- 2018-12-08 21:08:38]
Fault Injection Successful after 1.7020070552825928s
[INFO -- 2018-12-08 21:08:45]
event type: exit
[INFO -- 2018-12-08 21:08:45]
exit code: 0
