[INFO -- 2018-09-23 21:03:38]
Starting flip_value script
version: 1.1
[INFO -- 2018-09-23 21:03:38]
Initialization strings:
[INFO -- 2018-09-23 21:03:38]
(1) file /tmp/knapsack/sa
[INFO -- 2018-09-23 21:03:38]
initSignal:0
[INFO -- 2018-09-23 21:03:38]
endSignal:2
[INFO -- 2018-09-23 21:03:38]
faultModel:0
[EXCEPTION -- 2018-09-23 21:03:38]
pythonException: Unable to exit loop in struct fields; Exiting wihtout making a bit flip
[INFO -- 2018-09-23 21:03:39]
Backtrace BEGIN:
#0  0x0000555555555501 in std::vector<int, std::allocator<int> >::operator[] (this=0x555555759050 <wt>, __n=74) at /usr/include/c++/7/bits/stl_vector.h:795
#1  0x0000555555554fc8 in cost (solution=std::vector of length 200, capacity 200 = {...}) at knapsacksa.cpp:29
#2  0x000055555555511f in simulated_annealing () at knapsacksa.cpp:50
#3  0x000055555555535e in main () at knapsacksa.cpp:84

790	       *  Note that data access with this operator is unchecked and
791	       *  out_of_range lookups are not defined. (For checked lookups
792	       *  see at().)
793	       */
794	      reference
795	      operator[](size_type __n) _GLIBCXX_NOEXCEPT
796	      {
797		__glibcxx_requires_subscript(__n);
798		return *(this->_M_impl._M_start + __n);
799	      }

Backtrace END
Memory content before bitflip:0x310xfb0x080x00
Fault Model: Single bit-flip
base address to flip value: 0x55555575906c 
address max offset: 4
Memory content after  bitflip:0x300xfb0x080x00
frame name: main
symbol name: W
symbol filename: knapsacksa.cpp
symbol line: 15
value: 588592
value address: 0x55555575906c <W>
Type: The type is an integer type.
Type sizeof: 4

[INFO -- 2018-09-23 21:03:39]
Fault Injection Successful after 1.0558950901031494s
[INFO -- 2018-09-23 21:03:40]
event type: exit
[INFO -- 2018-09-23 21:03:40]
exit code: 0
