[INFO -- 2018-12-07 23:30:23]
Starting flip_value script
version: 1.1
[INFO -- 2018-12-07 23:30:23]
Initialization strings:
[INFO -- 2018-12-07 23:30:23]
(1) file /tmp/knapsack/sa
[INFO -- 2018-12-07 23:30:23]
initSignal:0
[INFO -- 2018-12-07 23:30:23]
endSignal:9
[INFO -- 2018-12-07 23:30:23]
faultModel:1
[INFO -- 2018-12-07 23:30:26]
Backtrace BEGIN:
#0  0x000055555555510e in cost (solution=std::vector of length 200, capacity 200 = {...}) at knapsacksa.cpp:58
#1  0x000055555555534c in simulated_annealing () at knapsacksa.cpp:92
#2  0x0000555555555658 in main () at knapsacksa.cpp:146

53	        exit_gracefully();
54	    }
55	
56	    int peso=0, peso2=0, valor=0, valor2=0;
57	    for(int i=0; i < n; i++){
58	        peso += solution[i] * wt[i];
59	        valor += solution[i] * val[i];
60	    }
61	    for(int i=0; i < n; i++){
62	        peso2 += solution[i] * wt2[i];

Backtrace END
Fliping value of field: std::_Vector_base<int, std::allocator<int> >
Fliping value of field: _M_impl
Fliping value of field: _M_finish
Fliping a bit of the value pointed by a pointer
Memory content before bitflip:0x000x000x000x00
Fault Model: Double bit-flip
base address to flip value: 0x555555772ae0
address max offset: 4
Memory content after  bitflip:0x000x480x000x00
frame name: simulated_annealing
symbol name: s
symbol filename: knapsacksa.cpp
symbol line: 89
value: std::vector of length 200, capacity 200 = {1, 0, 0, 0, 0, 1, 1, 0, 1, 1, 1, 1, 0, 0, 1, 1, 1, 0, 0, 0, 1, 0, 1, 1, 0, 1, 0, 1, 0, 0, 0, 1, 0, 0, 0, 0, 1, 0, 1, 0, 1, 1, 1, 1, 1, 0, 0, 1, 0, 0, 1, 1, 0, 0, 0, 0, 1, 1, 0, 1, 1, 0, 0, 1, 0, 1, 0, 1, 1, 0, 0, 0, 1, 1, 1, 0, 1, 1, 0, 0, 0, 1, 0, 1, 1, 0, 1, 1, 1, 1, 0, 1, 1, 1, 0, 0, 0, 1, 1, 0, 0, 1, 1, 1, 0, 1, 1, 0, 0, 1, 0, 1, 0, 1, 0, 0, 0, 0, 1, 0, 1, 0, 0, 0, 1, 0, 0, 0, 0, 1, 1, 1, 0, 0, 0, 1, 0, 1, 0, 0, 0, 0, 1, 0, 0, 1, 1, 0, 0, 0, 0, 0, 1, 0, 0, 0, 0, 0, 1, 0, 0, 1, 1, 0, 1, 0, 0, 1, 1, 0, 1, 1, 1, 0, 0, 1, 1, 1, 1, 0, 1, 0, 1, 1, 0, 0, 0, 1, 0, 0, 0, 1, 0, 1, 1, 1, 0, 0, 1, 1...}
value address: 0x7fffffffd740
Type: The type is a structure.
Type sizeof: 24
Field name: std::_Vector_base<int, std::allocator<int> >
Field Type: The type is a structure.
Field Type sizeof: 24

[INFO -- 2018-12-07 23:30:26]
Fault Injection Successful after 3.7000138759613037s
[INFO -- 2018-12-07 23:30:34]
event type: exit
[INFO -- 2018-12-07 23:30:34]
exit code: 0
