[INFO -- 2018-12-08 18:40:19]
Starting flip_value script
version: 1.1
[INFO -- 2018-12-08 18:40:19]
Initialization strings:
[INFO -- 2018-12-08 18:40:19]
(1) file /tmp/knapsack/ga
[INFO -- 2018-12-08 18:40:19]
initSignal:1
[INFO -- 2018-12-08 18:40:19]
endSignal:8
[INFO -- 2018-12-08 18:40:19]
faultModel:2
[INFO -- 2018-12-08 18:40:25]
Backtrace BEGIN:
#0  0x0000555555558660 in __gnu_cxx::__normal_iterator<int const*, std::vector<int, std::allocator<int> > >::__normal_iterator (this=0x555555556276 <std::allocator<int>::allocator()+24>, __i=@0x7fffffffd7d0: 0x7fffffffd7f0) at /usr/include/c++/7/bits/stl_iterator.h:779
#1  0x000055555555720e in std::vector<int, std::allocator<int> >::end (this=0x7fffffffd900) at /usr/include/c++/7/bits/stl_vector.h:591
#2  0x0000555555556440 in std::vector<int, std::allocator<int> >::operator= (this=0x7fffffffd980, __x=std::vector of length 200, capacity 200 = {...}) at /usr/include/c++/7/bits/vector.tcc:206
#3  0x0000555555555705 in genetic_algorithm () at knapsackga.cpp:131
#4  0x0000555555555b6c in main () at knapsackga.cpp:165

774	
775	      _GLIBCXX_CONSTEXPR __normal_iterator() _GLIBCXX_NOEXCEPT
776	      : _M_current(_Iterator()) { }
777	
778	      explicit
779	      __normal_iterator(const _Iterator& __i) _GLIBCXX_NOEXCEPT
780	      : _M_current(__i) { }
781	
782	      // Allow iterator to const_iterator conversion
783	      template<typename _Iter>

Backtrace END
Fliping value of field: std::_Vector_base<int, std::allocator<int> >
Fliping value of field: _M_impl
Fliping value of field: _M_start
Fliping a bit of the value pointed by a pointer
Memory content before bitflip:0x000x000x000x00
Fault Model: Random bit-flip
base address to flip value: 0x555555788c70
address max offset: 4
Memory content after  bitflip:0x1e0x240x960x76
frame name: genetic_algorithm
symbol name: filho1
symbol filename: knapsackga.cpp
symbol line: 127
value: std::vector of length 200, capacity 200 = {1989551134, 1, 0, 0, 1, 1, 1, 0, 0, 0, 0, 0, 0, 1, 1, 1, 1, 0, 1, 1, 0, 0, 0, 0, 1, 0, 0, 0, 1, 0, 0, 0, 0, 1, 1, 0, 0, 1, 1, 1, 0, 1, 0, 0, 1, 0, 1, 0, 0, 0, 0, 1, 0, 0, 1, 1, 1, 0, 1, 1, 1, 0, 0, 0, 0, 0, 1, 0, 0, 0, 1, 1, 1, 1, 0, 1, 0, 0, 0, 1, 1, 0, 0, 1, 1, 0, 1, 0, 1, 0, 0, 1, 0, 0, 1, 0, 0, 0, 0, 0, 0, 0, 0, 1, 0, 1, 1, 1, 0, 0, 1, 0, 0, 1, 0, 1, 0, 0, 0, 1, 1, 0, 1, 0, 0, 0, 0, 1, 1, 1, 1, 0, 1, 0, 1, 0, 0, 0, 1, 0, 0, 0, 1, 0, 1, 0, 0, 0, 0, 1, 0, 0, 0, 0, 0, 0, 0, 1, 1, 1, 0, 0, 0, 0, 1, 0, 1, 0, 0, 1, 0, 0, 1, 0, 1, 0, 0, 0, 1, 0, 1, 0, 0, 1, 0, 0, 1, 0, 0, 0, 0, 0, 0, 0, 0, 0, 0, 0, 0, 1...}
value address: 0x7fffffffd900
Type: The type is a structure.
Type sizeof: 24
Field name: std::_Vector_base<int, std::allocator<int> >
Field Type: The type is a structure.
Field Type sizeof: 24

[INFO -- 2018-12-08 18:40:25]
Fault Injection Successful after 6.538904905319214s
[INFO -- 2018-12-08 18:40:28]
event type: exit
[INFO -- 2018-12-08 18:40:28]
exit code: 0
