[INFO -- 2018-12-09 04:53:01]
Starting flip_value script
version: 1.1
[INFO -- 2018-12-09 04:53:01]
Initialization strings:
[INFO -- 2018-12-09 04:53:01]
(1) file /tmp/knapsack/ga
[INFO -- 2018-12-09 04:53:01]
initSignal:1
[INFO -- 2018-12-09 04:53:01]
endSignal:8
[INFO -- 2018-12-09 04:53:01]
faultModel:2
[INFO -- 2018-12-09 04:53:03]
Backtrace BEGIN:
#0  crossover (pai=std::vector of length 200, capacity 200 = {...}, mae=std::vector of length 200, capacity 200 = {...}, filho1=std::vector of length 0, capacity 0, filho2=std::vector of length 0, capacity 0) at knapsackga.cpp:94
#1  0x00005555555556d7 in genetic_algorithm () at knapsackga.cpp:130
#2  0x0000555555555b6c in main () at knapsackga.cpp:165

89	    return tournamentWinner;
90	}
91	
92	void crossover(vector<int> &pai, vector<int> &mae, vector<int> &filho1, vector<int> &filho2){
93	    vector<int> mask(n);
94	    for(int i = 0; i < n; i++){
95	        mask[i] = rand_bit();
96	    }
97	    filho1 = pai;
98	    filho2 = mae;

Backtrace END
Memory content before bitflip:0x370x410xf80xff
Fault Model: Random bit-flip
base address to flip value: 0x7fffffffd86c
address max offset: 4
Memory content after  bitflip:0x710xa10x2a0xf6
frame name: genetic_algorithm
symbol name: best
symbol filename: knapsackga.cpp
symbol line: 113
value: -164978319
value address: 0x7fffffffd86c
Type: The type is an integer type.
Type sizeof: 4

[INFO -- 2018-12-09 04:53:03]
Fault Injection Successful after 2.373304843902588s
[INFO -- 2018-12-09 04:53:09]
event type: exit
[INFO -- 2018-12-09 04:53:09]
exit code: 0
