[INFO -- 2018-12-08 10:05:46]
Starting flip_value script
version: 1.1
[INFO -- 2018-12-08 10:05:46]
Initialization strings:
[INFO -- 2018-12-08 10:05:46]
(1) file /tmp/knapsack/sa
[INFO -- 2018-12-08 10:05:46]
initSignal:0
[INFO -- 2018-12-08 10:05:46]
endSignal:9
[INFO -- 2018-12-08 10:05:46]
faultModel:3
[INFO -- 2018-12-08 10:05:49]
Backtrace BEGIN:
#0  std::vector<int, std::allocator<int> >::operator[] (this=0x7fffffffd740, __n=27) at /usr/include/c++/7/bits/stl_vector.h:799
#1  0x0000555555555149 in cost (solution=std::vector of length 200, capacity 200 = {...}) at knapsacksa.cpp:59
#2  0x000055555555534c in simulated_annealing () at knapsacksa.cpp:92
#3  0x0000555555555658 in main () at knapsacksa.cpp:146

794	      reference
795	      operator[](size_type __n) _GLIBCXX_NOEXCEPT
796	      {
797		__glibcxx_requires_subscript(__n);
798		return *(this->_M_impl._M_start + __n);
799	      }
800	
801	      /**
802	       *  @brief  Subscript access to the data contained in the %vector.
803	       *  @param __n The index of the element for which data should be

Backtrace END
Memory content before bitflip:0x310xfb0x080x00
Fault Model: Zero bit-flip
base address to flip value: 0x555555759034 
address max offset: 4
Memory content after  bitflip:0x000x000x000x00
frame name: std::vector<int, std::allocator<int> >::operator[]
symbol name: W2
symbol filename: knapsacksa.cpp
symbol line: 13
value: 0
value address: 0x555555759034 <W2>
Type: The type is an integer type.
Type sizeof: 4

[INFO -- 2018-12-08 10:05:49]
Fault Injection Successful after 3.0550475120544434s
[INFO -- 2018-12-08 10:05:49]
event type: exit
[INFO -- 2018-12-08 10:05:49]
exit code: 0
