[INFO -- 2018-11-30 08:12:45]
Starting flip_value script
version: 1.1
[INFO -- 2018-11-30 08:12:45]
Initialization strings:
[INFO -- 2018-11-30 08:12:45]
(1) file /tmp/knapsack/sa
[INFO -- 2018-11-30 08:12:45]
initSignal:0
[INFO -- 2018-11-30 08:12:45]
endSignal:7
[INFO -- 2018-11-30 08:12:45]
faultModel:3
[INFO -- 2018-11-30 08:12:49]
Backtrace BEGIN:
#0  0x0000555555555110 in cost (solution=std::vector of length 200, capacity 200 = {...}) at knapsacksa.cpp:29
#1  0x0000555555555259 in simulated_annealing () at knapsacksa.cpp:52
#2  0x0000555555555522 in main () at knapsacksa.cpp:85

24	
25	int cost(vector<int> &solution){
26	    int peso=0, valor=0;
27	    for(int i=0; i < n; i++){
28	       peso += solution[i] * wt[i];
29	       valor += solution[i] * val[i];
30	    }
31	    if(peso > W)
32	       return 99999999;
33	    else

Backtrace END
Memory content before bitflip:0x380x280x070x00
Fault Model: Zero bit-flip
base address to flip value: 0x7fffffffd914
address max offset: 4
Memory content after  bitflip:0x000x000x000x00
frame name: cost
symbol name: peso
symbol filename: knapsacksa.cpp
symbol line: 26
value: 0
value address: 0x7fffffffd914
Type: The type is an integer type.
Type sizeof: 4

[INFO -- 2018-11-30 08:12:49]
Fault Injection Successful after 4.434085845947266s
[INFO -- 2018-11-30 08:12:53]
event type: exit
[INFO -- 2018-11-30 08:12:53]
exit code: 0
