[INFO -- 2018-09-23 19:15:02]
Starting flip_value script
version: 1.1
[INFO -- 2018-09-23 19:15:02]
Initialization strings:
[INFO -- 2018-09-23 19:15:02]
(1) file /tmp/knapsack/sa
[INFO -- 2018-09-23 19:15:02]
initSignal:0
[INFO -- 2018-09-23 19:15:02]
endSignal:2
[INFO -- 2018-09-23 19:15:02]
faultModel:2
[INFO -- 2018-09-23 19:15:03]
Backtrace BEGIN:
#0  0x0000555555555e2a in std::_Vector_base<int, std::allocator<int> >::_M_deallocate (this=0x7fffffffda00, __p=0x555555771700, __n=200) at /usr/include/c++/7/bits/stl_vector.h:181
#1  0x0000555555555b63 in std::_Vector_base<int, std::allocator<int> >::~_Vector_base (this=0x7fffffffda00, __in_chrg=<optimized out>) at /usr/include/c++/7/bits/stl_vector.h:162
#2  0x00005555555555fb in std::vector<int, std::allocator<int> >::~vector (this=0x7fffffffda00, __in_chrg=<optimized out>) at /usr/include/c++/7/bits/stl_vector.h:435
#3  0x00005555555551cb in simulated_annealing () at knapsacksa.cpp:47
#4  0x000055555555535e in main () at knapsacksa.cpp:84

176	      _M_deallocate(pointer __p, size_t __n)
177	      {
178		typedef __gnu_cxx::__alloc_traits<_Tp_alloc_type> _Tr;
179		if (__p)
180		  _Tr::deallocate(_M_impl, __p, __n);
181	      }
182	
183	    private:
184	      void
185	      _M_create_storage(size_t __n)

Backtrace END
Memory content before bitflip:0xc80x000x000x000x000x000x000x00
Fault Model: Random bit-flip
base address to flip value: 0x7fffffffd948
address max offset: 8
Memory content after  bitflip:0xf10x0e0x9d0xec0xe90x2b0xed0xf0
frame name: std::_Vector_base<int, std::allocator<int> >::_M_deallocate
symbol name: __n
symbol filename: /usr/include/c++/7/bits/stl_vector.h
symbol line: 176
value: 17360580422280220401
value address: 0x7fffffffd948
Type: The type is an integer type.
Type sizeof: 8

[INFO -- 2018-09-23 19:15:03]
Fault Injection Successful after 1.6808960437774658s
[INFO -- 2018-09-23 19:15:05]
event type: exit
[INFO -- 2018-09-23 19:15:05]
exit code: 0
