[INFO -- 2018-12-08 15:09:02]
Starting flip_value script
version: 1.1
[INFO -- 2018-12-08 15:09:02]
Initialization strings:
[INFO -- 2018-12-08 15:09:02]
(1) file /tmp/knapsack/ga
[INFO -- 2018-12-08 15:09:02]
initSignal:1
[INFO -- 2018-12-08 15:09:02]
endSignal:8
[INFO -- 2018-12-08 15:09:02]
faultModel:1
[EXCEPTION -- 2018-12-08 15:09:05]
pythonException: Unable to exit loop in struct fields; Exiting wihtout making a bit flip
[INFO -- 2018-12-08 15:09:05]
Backtrace BEGIN:
#0  0x0000555555555e91 in std::vector<int, std::allocator<int> >::operator[] (this=0x7fffffffd820, __n=175) at /usr/include/c++/7/bits/stl_vector.h:798
#1  0x000055555555534b in crossover (pai=std::vector of length 200, capacity 200 = {...}, mae=std::vector of length 200, capacity 200 = {...}, filho1=std::vector of length 0, capacity 0, filho2=std::vector of length 0, capacity 0) at knapsackga.cpp:95
#2  0x00005555555556d7 in genetic_algorithm () at knapsackga.cpp:130
#3  0x0000555555555b6c in main () at knapsackga.cpp:165

793	       */
794	      reference
795	      operator[](size_type __n) _GLIBCXX_NOEXCEPT
796	      {
797		__glibcxx_requires_subscript(__n);
798		return *(this->_M_impl._M_start + __n);
799	      }
800	
801	      /**
802	       *  @brief  Subscript access to the data contained in the %vector.

Backtrace END
Memory content before bitflip:0xc80x000x000x00
Fault Model: Double bit-flip
base address to flip value: 0x55555575f0ac 
address max offset: 4
Memory content after  bitflip:0xc80x600x000x00
frame name: std::vector<int, std::allocator<int> >::operator[]
symbol name: n2
symbol filename: knapsackga.cpp
symbol line: 18
value: 24776
value address: 0x55555575f0ac <n2>
Type: The type is an integer type.
Type sizeof: 4

[INFO -- 2018-12-08 15:09:05]
Fault Injection Successful after 3.7173826694488525s
[INFO -- 2018-12-08 15:09:05]
event type: exit
[INFO -- 2018-12-08 15:09:05]
exit code: 0
