[INFO -- 2018-09-25 01:32:14]
Starting flip_value script
version: 1.1
[INFO -- 2018-09-25 01:32:14]
Initialization strings:
[INFO -- 2018-09-25 01:32:14]
(1) file /tmp/knapsack/ga
[INFO -- 2018-09-25 01:32:14]
initSignal:1
[INFO -- 2018-09-25 01:32:14]
endSignal:3.5
[INFO -- 2018-09-25 01:32:14]
faultModel:2
[EXCEPTION -- 2018-09-25 01:32:16]
pythonException: Unable to exit loop in struct fields; Exiting wihtout making a bit flip
[INFO -- 2018-09-25 01:32:16]
Backtrace BEGIN:
#0  0x00005555555561db in std::vector<int, std::allocator<int> >::operator= (this=0x7fffffffd950, __x=std::vector of length 200, capacity 200 = {...}) at /usr/include/c++/7/bits/vector.tcc:210
#1  0x000055555555516a in crossover (pai=std::vector of length 200, capacity 200 = {...}, mae=std::vector of length 200, capacity 200 = {...}, filho1=std::vector of length 0, capacity 0, filho2=std::vector of length 0, capacity 0) at knapsackga.cpp:76
#2  0x000055555555548d in genetic_algorithm () at knapsackga.cpp:104
#3  0x00005555555558d7 in main () at knapsackga.cpp:137

205		    {
206		      pointer __tmp = _M_allocate_and_copy(__xlen, __x.begin(),
207							   __x.end());
208		      std::_Destroy(this->_M_impl._M_start, this->_M_impl._M_finish,
209				    _M_get_Tp_allocator());
210		      _M_deallocate(this->_M_impl._M_start,
211				    this->_M_impl._M_end_of_storage
212				    - this->_M_impl._M_start);
213		      this->_M_impl._M_start = __tmp;
214		      this->_M_impl._M_end_of_storage = this->_M_impl._M_start + __xlen;

Backtrace END
Memory content before bitflip:0x310xfb0x080x00
Fault Model: Random bit-flip
base address to flip value: 0x55555575f06c 
address max offset: 4
Memory content after  bitflip:0x830x4c0xbd0xc4
frame name: crossover
symbol name: W
symbol filename: knapsackga.cpp
symbol line: 16
value: -994227069
value address: 0x55555575f06c <W>
Type: The type is an integer type.
Type sizeof: 4

[INFO -- 2018-09-25 01:32:16]
Fault Injection Successful after 2.732933282852173s
[INFO -- 2018-09-25 01:32:18]
event type: exit
[INFO -- 2018-09-25 01:32:18]
exit code: 0
