[INFO -- 2018-12-02 03:26:28]
Starting flip_value script
version: 1.1
[INFO -- 2018-12-02 03:26:28]
Initialization strings:
[INFO -- 2018-12-02 03:26:28]
(1) file /tmp/knapsack/ga
[INFO -- 2018-12-02 03:26:28]
initSignal:0
[INFO -- 2018-12-02 03:26:28]
endSignal:13
[INFO -- 2018-12-02 03:26:28]
faultModel:3
[INFO -- 2018-12-02 03:26:30]
Backtrace BEGIN:
#0  rand () at rand.c:27
#1  0x0000555555554fe3 in rand_bit () at knapsackga.cpp:20
#2  0x000055555555527f in crossover (pai=std::vector of length 200, capacity 200 = {...}, mae=std::vector of length 200, capacity 200 = {...}, filho1=std::vector of length 0, capacity 0, filho2=std::vector of length 0, capacity 0) at knapsackga.cpp:74
#3  0x00005555555555c7 in genetic_algorithm () at knapsackga.cpp:104
#4  0x0000555555555a9b in main () at knapsackga.cpp:141

22	rand.c: No such file or directory.

Backtrace END
Memory content before bitflip:0x810x350xf80xff
Fault Model: Zero bit-flip
base address to flip value: 0x7fffffffd920
address max offset: 4
Memory content after  bitflip:0x000x000x000x00
frame name: genetic_algorithm
symbol name: best
symbol filename: knapsackga.cpp
symbol line: 92
value: 0
value address: 0x7fffffffd920
Type: The type is an integer type.
Type sizeof: 4

[INFO -- 2018-12-02 03:26:30]
Fault Injection Successful after 2.3507566452026367s
[INFO -- 2018-12-02 03:26:40]
event type: exit
[INFO -- 2018-12-02 03:26:40]
exit code: 0
