[INFO -- 2018-09-23 14:13:56]
Starting flip_value script
version: 1.1
[INFO -- 2018-09-23 14:13:56]
Initialization strings:
[INFO -- 2018-09-23 14:13:56]
(1) file /tmp/knapsack/sa
[INFO -- 2018-09-23 14:13:56]
initSignal:0
[INFO -- 2018-09-23 14:13:56]
endSignal:2
[INFO -- 2018-09-23 14:13:56]
faultModel:4
[INFO -- 2018-09-23 14:13:56]
Backtrace BEGIN:
#0  std::vector<int, std::allocator<int> >::operator[] (this=0x555555759030 <val>, __n=194) at /usr/include/c++/7/bits/stl_vector.h:799
#1  0x0000555555554fde in cost (solution=std::vector of length 200, capacity 200 = {...}) at knapsacksa.cpp:29
#2  0x000055555555511f in simulated_annealing () at knapsacksa.cpp:50
#3  0x000055555555535e in main () at knapsacksa.cpp:84

794	      reference
795	      operator[](size_type __n) _GLIBCXX_NOEXCEPT
796	      {
797		__glibcxx_requires_subscript(__n);
798		return *(this->_M_impl._M_start + __n);
799	      }
800	
801	      /**
802	       *  @brief  Subscript access to the data contained in the %vector.
803	       *  @param __n The index of the element for which data should be

Backtrace END
Memory content before bitflip:0x310xfb0x080x00
Fault Model: LSB bit-flip
base address to flip value: 0x55555575906c 
address max offset: 4
Memory content after  bitflip:0x310xfb0x080x01
frame name: std::vector<int, std::allocator<int> >::operator[]
symbol name: W
symbol filename: knapsacksa.cpp
symbol line: 15
value: 17365809
value address: 0x55555575906c <W>
Type: The type is an integer type.
Type sizeof: 4

[INFO -- 2018-09-23 14:13:56]
Fault Injection Successful after 0.9491915702819824s
[INFO -- 2018-09-23 14:13:58]
event type: exit
[INFO -- 2018-09-23 14:13:58]
exit code: 0
