[INFO -- 2018-09-25 03:40:19]
Starting flip_value script
version: 1.1
[INFO -- 2018-09-25 03:40:19]
Initialization strings:
[INFO -- 2018-09-25 03:40:19]
(1) file /tmp/knapsack/ga
[INFO -- 2018-09-25 03:40:19]
initSignal:1
[INFO -- 2018-09-25 03:40:19]
endSignal:3.5
[INFO -- 2018-09-25 03:40:19]
faultModel:1
[INFO -- 2018-09-25 03:40:20]
Backtrace BEGIN:
#0  0x000055555555a098 in std::__copy_move<false, true, std::random_access_iterator_tag>::__copy_m<int> (__first=0x55555577d960, __last=0x55555577dc80, __result=0x555555785af0) at /usr/include/c++/7/bits/stl_algobase.h:366
#1  0x00005555555595f2 in std::__copy_move_a<false, int const*, int*> (__first=0x55555577d960, __last=0x55555577dc80, __result=0x555555785af0) at /usr/include/c++/7/bits/stl_algobase.h:386
#2  0x000055555555a8a1 in std::__copy_move_a2<false, __gnu_cxx::__normal_iterator<int const*, std::vector<int, std::allocator<int> > >, int*> (__first=0, __last=0, __result=0x555555785af0) at /usr/include/c++/7/bits/stl_algobase.h:424
#3  0x0000555555559fd6 in std::copy<__gnu_cxx::__normal_iterator<int const*, std::vector<int, std::allocator<int> > >, int*> (__first=0, __last=0, __result=0x555555785af0) at /usr/include/c++/7/bits/stl_algobase.h:456
#4  0x000055555555948e in std::__uninitialized_copy<true>::__uninit_copy<__gnu_cxx::__normal_iterator<int const*, std::vector<int, std::allocator<int> > >, int*> (__first=0, __last=0, __result=0x555555785af0) at /usr/include/c++/7/bits/stl_uninitialized.h:101
#5  0x00005555555583be in std::uninitialized_copy<__gnu_cxx::__normal_iterator<int const*, std::vector<int, std::allocator<int> > >, int*> (__first=0, __last=0, __result=0x555555785af0) at /usr/include/c++/7/bits/stl_uninitialized.h:134
#6  0x0000555555556f6d in std::__uninitialized_copy_a<__gnu_cxx::__normal_iterator<int const*, std::vector<int, std::allocator<int> > >, int*, int> (__first=0, __last=0, __result=0x555555785af0) at /usr/include/c++/7/bits/stl_uninitialized.h:289
#7  0x0000555555555ed1 in std::vector<int, std::allocator<int> >::vector (this=0x555555776520, __x=std::vector of length 200, capacity 256 = {...}) at /usr/include/c++/7/bits/stl_vector.h:331
#8  0x0000555555557e39 in chromossome::chromossome (this=0x555555776520) at knapsackga.cpp:42
#9  0x0000555555557e96 in __gnu_cxx::new_allocator<chromossome>::construct<chromossome, chromossome const&> (this=0x7fffffffd870, __p=0x555555776520, __args#0=...) at /usr/include/c++/7/ext/new_allocator.h:136
#10 0x0000555555556a90 in std::allocator_traits<std::allocator<chromossome> >::construct<chromossome, chromossome const&> (__a=..., __p=0x555555776520, __args#0=...) at /usr/include/c++/7/bits/alloc_traits.h:475
#11 0x0000555555556b50 in std::vector<chromossome, std::allocator<chromossome> >::_M_realloc_insert<chromossome const&> (this=0x7fffffffd870, __position={solution = std::vector of length 36, capacity 0 = {<error reading variable>, __args#0=...) at /usr/include/c++/7/bits/vector.tcc:415
#12 0x0000555555555d28 in std::vector<chromossome, std::allocator<chromossome> >::push_back (this=0x7fffffffd870, __x=...) at /usr/include/c++/7/bits/stl_vector.h:948
#13 0x000055555555502c in tournament (pop=std::vector of length 40, capacity 64 = {...}) at knapsackga.cpp:63
#14 0x0000555555555447 in genetic_algorithm () at knapsackga.cpp:103
#15 0x00005555555558d7 in main () at knapsackga.cpp:137

361						   is_move_assignable<_Tp>,
362						   is_copy_assignable<_Tp>>;
363		  // trivial types can have deleted assignment
364		  static_assert( __assignable::type::value, "type is not assignable" );
365	#endif
366		  const ptrdiff_t _Num = __last - __first;
367		  if (_Num)
368		    __builtin_memmove(__result, __first, sizeof(_Tp) * _Num);
369		  return __result + _Num;
370		}

Backtrace END
Fliping value of field: std::_Vector_base<int, std::allocator<int> >
Fliping value of field: _M_impl
Fliping value of field: _M_start
Fliping a bit of the value pointed by a pointer
Memory content before bitflip:0x590x250x000x00
Fault Model: Double bit-flip
base address to flip value: 0x555555776bb0
address max offset: 4
Memory content after  bitflip:0x590x250x280x00
frame name: __gnu_cxx::new_allocator<chromossome>::construct<chromossome, chromossome const&>
symbol name: val
symbol filename: knapsackga.cpp
symbol line: 14
value: std::vector of length 200, capacity 256 = {2631001, 9479, 566, 849, 8355, 7360, 6698, 3082, 6060, 6069, 5813, 1584, 4307, 3936, 7231, 9949, 9494, 5442, 4449, 2683, 360, 275, 4649, 3185, 3801, 8918, 5258, 5606, 2362, 239, 3252, 1367, 5103, 9987, 6745, 1819, 8936, 7968, 7345, 9066, 7629, 7898, 3538, 9810, 9620, 1612, 7541, 7152, 4615, 5304, 4901, 9249, 5009, 8316, 3540, 8829, 8998, 4611, 5678, 9204, 7238, 4867, 2219, 3247, 6996, 1661, 9080, 2682, 9114, 3096, 9574, 7063, 5043, 5178, 6515, 5880, 3119, 2079, 5119, 9342, 6233, 754, 8204, 7260, 9077, 1915, 7448, 588, 6530, 2731, 2267, 8755, 1063, 5224, 8540, 2449, 2105, 8806, 4230, 7170, 319, 3624, 1719, 6728, 830, 9546, 254, 7295, 212, 2557, 8134, 1572, 1838, 6915, 3856, 432, 9901, 1515, 363, 3443, 6153, 7425, 1132, 3373, 309, 4487, 7660, 7400, 9021, 7557, 8625, 7054, 4728, 2256, 6609, 3164, 1021, 4479, 8748, 1276, 5850, 3930, 5149, 1439, 9598, 2591, 6061, 4198, 181, 5580, 1406, 568, 336, 1612, 959, 6351, 5083, 9835, 9342, 9946, 2325, 4447, 2508, 5913, 6242, 8003, 7095, 2567, 4231, 5262, 49, 355, 4088, 1112, 7238, 2409, 998, 1818, 2316, 2174, 5208, 4645, 3098, 6418, 2125, 9066, 9632, 7290, 4338, 5116, 5811, 513, 4181, 5251, 1813, 938, 8027, 3662, 5193, 9215...}
value address: 0x55555575f030 <val>
Type: The type is a structure.
Type sizeof: 24
Field name: std::_Vector_base<int, std::allocator<int> >
Field Type: The type is a structure.
Field Type sizeof: 24

[INFO -- 2018-09-25 03:40:20]
Fault Injection Successful after 1.6131386756896973s
[INFO -- 2018-09-25 03:40:23]
event type: exit
[INFO -- 2018-09-25 03:40:23]
exit code: 0
