[INFO -- 2018-09-25 06:09:58]
Starting flip_value script
version: 1.1
[INFO -- 2018-09-25 06:09:58]
Initialization strings:
[INFO -- 2018-09-25 06:09:58]
(1) file /tmp/knapsack/ga
[INFO -- 2018-09-25 06:09:58]
initSignal:1
[INFO -- 2018-09-25 06:09:58]
endSignal:3.5
[INFO -- 2018-09-25 06:09:58]
faultModel:0
[INFO -- 2018-09-25 06:09:59]
Backtrace BEGIN:
#0  0x0000555555559a1a in std::move_iterator<chromossome*>::move_iterator (this=0x1007fffffffd760, __i=0x555555776400) at /usr/include/c++/7/bits/stl_iterator.h:1036
#1  0x0000555555558fd1 in std::__make_move_if_noexcept_iterator<chromossome, std::move_iterator<chromossome*> > (__i=0x555555776440) at /usr/include/c++/7/bits/stl_iterator.h:1222
#2  0x0000555555558055 in std::__uninitialized_move_if_noexcept_a<chromossome*, chromossome*, std::allocator<chromossome> > (__first=0x555555776440, __last=0x555555776440, __result=0x555555776540, __alloc=...) at /usr/include/c++/7/bits/stl_uninitialized.h:311
#3  0x0000555555556bcd in std::vector<chromossome, std::allocator<chromossome> >::_M_realloc_insert<chromossome const&> (this=0x7fffffffd870, __position={solution = std::vector of length 36, capacity 0 = {<error reading variable>, __args#0=...) at /usr/include/c++/7/bits/vector.tcc:431
#4  0x0000555555555d28 in std::vector<chromossome, std::allocator<chromossome> >::push_back (this=0x7fffffffd870, __x=...) at /usr/include/c++/7/bits/stl_vector.h:948
#5  0x000055555555502c in tournament (pop=std::vector of length 40, capacity 64 = {...}) at knapsackga.cpp:63
#6  0x0000555555555409 in genetic_algorithm () at knapsackga.cpp:102
#7  0x00005555555558d7 in main () at knapsackga.cpp:137

1031	      _GLIBCXX17_CONSTEXPR
1032	      move_iterator()
1033	      : _M_current() { }
1034	
1035	      explicit _GLIBCXX17_CONSTEXPR
1036	      move_iterator(iterator_type __i)
1037	      : _M_current(__i) { }
1038	
1039	      template<typename _Iter>
1040		_GLIBCXX17_CONSTEXPR

Backtrace END
Memory content before bitflip:0xc80x000x000x00
Fault Model: Single bit-flip
base address to flip value: 0x55555575f068 
address max offset: 4
Memory content after  bitflip:0xca0x000x000x00
frame name: genetic_algorithm
symbol name: n
symbol filename: knapsackga.cpp
symbol line: 16
value: 202
value address: 0x55555575f068 <n>
Type: The type is an integer type.
Type sizeof: 4

[INFO -- 2018-09-25 06:09:59]
Fault Injection Successful after 1.9127240180969238s
[INFO -- 2018-09-25 06:10:02]
event type: exit
[INFO -- 2018-09-25 06:10:02]
exit code: 0
