[INFO -- 2018-12-09 05:55:29]
Starting flip_value script
version: 1.1
[INFO -- 2018-12-09 05:55:29]
Initialization strings:
[INFO -- 2018-12-09 05:55:29]
(1) file /tmp/knapsack/ga
[INFO -- 2018-12-09 05:55:29]
initSignal:1
[INFO -- 2018-12-09 05:55:29]
endSignal:8
[INFO -- 2018-12-09 05:55:29]
faultModel:1
[INFO -- 2018-12-09 05:55:32]
Backtrace BEGIN:
#0  0x0000555555555e7a in std::vector<int, std::allocator<int> >::operator[] (this=0x55555578acf0, __n=169) at /usr/include/c++/7/bits/stl_vector.h:795
#1  0x0000555555555142 in cost (solution=std::vector of length 200, capacity 200 = {...}) at knapsackga.cpp:45
#2  0x000055555555589e in genetic_algorithm () at knapsackga.cpp:138
#3  0x0000555555555b6c in main () at knapsackga.cpp:165

790	       *  Note that data access with this operator is unchecked and
791	       *  out_of_range lookups are not defined. (For checked lookups
792	       *  see at().)
793	       */
794	      reference
795	      operator[](size_type __n) _GLIBCXX_NOEXCEPT
796	      {
797		__glibcxx_requires_subscript(__n);
798		return *(this->_M_impl._M_start + __n);
799	      }

Backtrace END
Memory content before bitflip:0xc20xba0x070x00
Fault Model: Double bit-flip
base address to flip value: 0x7fffffffd830
address max offset: 4
Memory content after  bitflip:0xc20xba0x130x00
frame name: cost
symbol name: valor
symbol filename: knapsackga.cpp
symbol line: 38
value: 1292994
value address: 0x7fffffffd830
Type: The type is an integer type.
Type sizeof: 4

[INFO -- 2018-12-09 05:55:32]
Fault Injection Successful after 3.7540111541748047s
[INFO -- 2018-12-09 05:55:32]
event type: exit
[INFO -- 2018-12-09 05:55:32]
exit code: 0
