[INFO -- 2018-09-25 06:20:04]
Starting flip_value script
version: 1.1
[INFO -- 2018-09-25 06:20:04]
Initialization strings:
[INFO -- 2018-09-25 06:20:04]
(1) file /tmp/knapsack/ga
[INFO -- 2018-09-25 06:20:04]
initSignal:1
[INFO -- 2018-09-25 06:20:04]
endSignal:3.5
[INFO -- 2018-09-25 06:20:04]
faultModel:0
[INFO -- 2018-09-25 06:20:05]
Backtrace BEGIN:
#0  0x0000555555555b90 in std::vector<int, std::allocator<int> >::operator[] (this=0x555555789c30, __n=92) at /usr/include/c++/7/bits/stl_vector.h:795
#1  0x0000555555554f20 in cost (solution=std::vector of length 200, capacity 200 = {...}) at knapsackga.cpp:26
#2  0x0000555555555654 in genetic_algorithm () at knapsackga.cpp:112
#3  0x00005555555558d7 in main () at knapsackga.cpp:137

790	       *  Note that data access with this operator is unchecked and
791	       *  out_of_range lookups are not defined. (For checked lookups
792	       *  see at().)
793	       */
794	      reference
795	      operator[](size_type __n) _GLIBCXX_NOEXCEPT
796	      {
797		__glibcxx_requires_subscript(__n);
798		return *(this->_M_impl._M_start + __n);
799	      }

Backtrace END
Memory content before bitflip:0x2d0x0c0x000x00
Fault Model: Single bit-flip
base address to flip value: 0x7fffffffd8c4
address max offset: 4
Memory content after  bitflip:0x2d0x1c0x000x00
frame name: genetic_algorithm
symbol name: g
symbol filename: knapsackga.cpp
symbol line: 94
value: 7213
value address: 0x7fffffffd8c4
Type: The type is an integer type.
Type sizeof: 4

[INFO -- 2018-09-25 06:20:05]
Fault Injection Successful after 1.6194002628326416s
[INFO -- 2018-09-25 06:20:06]
event type: exit
[INFO -- 2018-09-25 06:20:06]
exit code: 0
