[INFO -- 2018-12-01 08:26:38]
Starting flip_value script
version: 1.1
[INFO -- 2018-12-01 08:26:38]
Initialization strings:
[INFO -- 2018-12-01 08:26:38]
(1) file /tmp/knapsack/mf
[INFO -- 2018-12-01 08:26:38]
initSignal:0
[INFO -- 2018-12-01 08:26:38]
endSignal:12
[INFO -- 2018-12-01 08:26:38]
faultModel:2
[INFO -- 2018-12-01 08:26:38]
Backtrace BEGIN:
#0  dl_main (phdr=<optimized out>, phnum=<optimized out>, user_entry=<optimized out>, auxv=<optimized out>) at rtld.c:2289
#1  0x00007ffff7defdd0 in _dl_sysdep_start (start_argptr=start_argptr@entry=0x7fffffffde30, dl_main=dl_main@entry=0x7ffff7dd7660 <dl_main>) at ../elf/dl-sysdep.c:253
#2  0x00007ffff7dd7128 in _dl_start_final (arg=0x7fffffffde30) at rtld.c:414
#3  _dl_start (arg=0x7fffffffde30) at rtld.c:521
#4  0x00007ffff7dd6098 in _start () from /lib64/ld-linux-x86-64.so.2
#5  0x0000000000000001 in ?? ()
#6  0x00007fffffffe0d9 in ?? ()
#7  0x0000000000000000 in ?? ()

2284	rtld.c: No such file or directory.

Backtrace END
Memory content before bitflip:0xa70x540x5e0x1f0x2a0x920x000x00
Fault Model: Random bit-flip
base address to flip value: 0x7ffff7ffc720 
address max offset: 8
Memory content after  bitflip:0x850x6f0x770x9c0x9d0x3e0xe30xab
frame name: dl_main
symbol name: start_time
symbol filename: rtld.c
symbol line: 308
value: 12385812246854856581
value address: 0x7ffff7ffc720 <start_time>
Type: The type is an integer type.
Type sizeof: 8

[INFO -- 2018-12-01 08:26:38]
Fault Injection Successful after 0.6132974624633789s
[INFO -- 2018-12-01 08:26:48]
event type: exit
[INFO -- 2018-12-01 08:26:48]
exit code: 0
