[INFO -- 2018-11-30 09:58:24]
Starting flip_value script
version: 1.1
[INFO -- 2018-11-30 09:58:24]
Initialization strings:
[INFO -- 2018-11-30 09:58:24]
(1) file /tmp/knapsack/sa
[INFO -- 2018-11-30 09:58:24]
initSignal:0
[INFO -- 2018-11-30 09:58:24]
endSignal:7
[INFO -- 2018-11-30 09:58:24]
faultModel:2
[INFO -- 2018-11-30 09:58:25]
Backtrace BEGIN:
#0  0x0000555555555ef4 in std::_Destroy<int*, int> (__first=0x7fffffffd990, __last=0xc8) at /usr/include/c++/7/bits/stl_construct.h:203
#1  0x000055555555587f in std::vector<int, std::allocator<int> >::~vector (this=0x7fffffffd990, __in_chrg=<optimized out>) at /usr/include/c++/7/bits/stl_vector.h:434
#2  0x0000555555555305 in simulated_annealing () at knapsacksa.cpp:49
#3  0x0000555555555522 in main () at knapsacksa.cpp:85

198		__traits::destroy(__alloc, std::__addressof(*__first));
199	    }
200	
201	  template<typename _ForwardIterator, typename _Tp>
202	    inline void
203	    _Destroy(_ForwardIterator __first, _ForwardIterator __last,
204		     allocator<_Tp>&)
205	    {
206	      _Destroy(__first, __last);
207	    }

Backtrace END
Fliping a bit of the pointer
Memory content before bitflip:0xc80x000x000x000x000x000x000x00
Fault Model: Random bit-flip
base address to flip value: 0x7fffffffd900
address max offset: 8
Memory content after  bitflip:0x910x180xa60x400x7c0x880xfe0xc6
frame name: std::_Destroy<int*, int>
symbol name: __last
symbol filename: /usr/include/c++/7/bits/stl_construct.h
symbol line: 203
value: 0xc8
value address: 0x7fffffffd900
Type: The type is a pointer.
Type sizeof: 8

[INFO -- 2018-11-30 09:58:25]
Fault Injection Successful after 1.4295189380645752s
[INFO -- 2018-11-30 09:58:32]
event type: exit
[INFO -- 2018-11-30 09:58:32]
exit code: 0
