[INFO -- 2018-12-08 19:16:38]
Starting flip_value script
version: 1.1
[INFO -- 2018-12-08 19:16:38]
Initialization strings:
[INFO -- 2018-12-08 19:16:38]
(1) file /tmp/knapsack/ga
[INFO -- 2018-12-08 19:16:38]
initSignal:1
[INFO -- 2018-12-08 19:16:38]
endSignal:8
[INFO -- 2018-12-08 19:16:38]
faultModel:0
[EXCEPTION -- 2018-12-08 19:16:42]
pythonException: empty range for randrange() (0,0, 0)
[INFO -- 2018-12-08 19:16:43]
Backtrace BEGIN:
#0  0x0000555555559d14 in std::move_iterator<chromossome*>::move_iterator (this=0x7fffffffd710, __i=0x555555776420) at /usr/include/c++/7/bits/stl_iterator.h:1037
#1  0x00005555555592bb in std::__make_move_if_noexcept_iterator<chromossome, std::move_iterator<chromossome*> > (__i=0x555555776420) at /usr/include/c++/7/bits/stl_iterator.h:1222
#2  0x000055555555834e in std::__uninitialized_move_if_noexcept_a<chromossome*, chromossome*, std::allocator<chromossome> > (__first=0x555555776420, __last=0x555555776440, __result=0x5555557764f0, __alloc=...) at /usr/include/c++/7/bits/stl_uninitialized.h:311
#3  0x0000555555556e76 in std::vector<chromossome, std::allocator<chromossome> >::_M_realloc_insert<chromossome const&> (this=0x7fffffffd820, __position={solution = std::vector of length 20, capacity 0 = {<error reading variable>, __args#0=...) at /usr/include/c++/7/bits/vector.tcc:424
#4  0x0000555555556012 in std::vector<chromossome, std::allocator<chromossome> >::push_back (this=0x7fffffffd820, __x=...) at /usr/include/c++/7/bits/stl_vector.h:948
#5  0x0000555555555230 in tournament (pop=std::vector of length 40, capacity 64 = {...}) at knapsackga.cpp:84
#6  0x0000555555555691 in genetic_algorithm () at knapsackga.cpp:129
#7  0x0000555555555b6c in main () at knapsackga.cpp:165

1032	      move_iterator()
1033	      : _M_current() { }
1034	
1035	      explicit _GLIBCXX17_CONSTEXPR
1036	      move_iterator(iterator_type __i)
1037	      : _M_current(__i) { }
1038	
1039	      template<typename _Iter>
1040		_GLIBCXX17_CONSTEXPR
1041		move_iterator(const move_iterator<_Iter>& __i)

Backtrace END
Memory content before bitflip:0xc80x000x000x00
Fault Model: Single bit-flip
base address to flip value: 0x55555575f0ac 
address max offset: 4
Memory content after  bitflip:0xc80x010x000x00
frame name: std::__make_move_if_noexcept_iterator<chromossome, std::move_iterator<chromossome*> >
symbol name: n2
symbol filename: knapsackga.cpp
symbol line: 18
value: 456
value address: 0x55555575f0ac <n2>
Type: The type is an integer type.
Type sizeof: 4

[INFO -- 2018-12-08 19:16:43]
Fault Injection Successful after 5.227296590805054s
[INFO -- 2018-12-08 19:16:43]
event type: exit
[INFO -- 2018-12-08 19:16:43]
exit code: 0
