[INFO -- 2018-12-07 23:46:49]
Starting flip_value script
version: 1.1
[INFO -- 2018-12-07 23:46:49]
Initialization strings:
[INFO -- 2018-12-07 23:46:49]
(1) file /tmp/knapsack/ga
[INFO -- 2018-12-07 23:46:49]
initSignal:1
[INFO -- 2018-12-07 23:46:49]
endSignal:8
[INFO -- 2018-12-07 23:46:49]
faultModel:4
[INFO -- 2018-12-07 23:46:51]
Backtrace BEGIN:
#0  crossover (pai=std::vector of length 200, capacity 200 = {...}, mae=std::vector of length 200, capacity 200 = {...}, filho1=std::vector of length 0, capacity 0, filho2=std::vector of length 0, capacity 0) at knapsackga.cpp:95
#1  0x00005555555556d7 in genetic_algorithm () at knapsackga.cpp:130
#2  0x0000555555555b6c in main () at knapsackga.cpp:165

90	}
91	
92	void crossover(vector<int> &pai, vector<int> &mae, vector<int> &filho1, vector<int> &filho2){
93	    vector<int> mask(n);
94	    for(int i = 0; i < n; i++){
95	        mask[i] = rand_bit();
96	    }
97	    filho1 = pai;
98	    filho2 = mae;
99	    for(int i = 0; i < n; i++){

Backtrace END
Memory content before bitflip:0x280x000x000x00
Fault Model: LSB bit-flip
base address to flip value: 0x55555575f014 
address max offset: 4
Memory content after  bitflip:0x280x000x000x10
frame name: crossover
symbol name: pop_size2
symbol filename: knapsackga.cpp
symbol line: 20
value: 268435496
value address: 0x55555575f014 <pop_size2>
Type: The type is an integer type.
Type sizeof: 4

[INFO -- 2018-12-07 23:46:51]
Fault Injection Successful after 2.6940081119537354s
[INFO -- 2018-12-07 23:46:51]
event type: exit
[INFO -- 2018-12-07 23:46:51]
exit code: 0
