[INFO -- 2018-12-01 04:47:12]
Starting flip_value script
version: 1.1
[INFO -- 2018-12-01 04:47:12]
Initialization strings:
[INFO -- 2018-12-01 04:47:12]
(1) file /tmp/knapsack/mf
[INFO -- 2018-12-01 04:47:12]
initSignal:0
[INFO -- 2018-12-01 04:47:12]
endSignal:12
[INFO -- 2018-12-01 04:47:12]
faultModel:1
[EXCEPTION -- 2018-12-01 04:47:15]
gdbException: Cannot access memory at address 0x500055555576e2e0
[EXCEPTION -- 2018-12-01 04:47:15]
pythonException: Unable to exit loop in struct fields; Exiting wihtout making a bit flip
[EXCEPTION -- 2018-12-01 04:47:15]
gdbException: Cannot access memory at address 0x2100555555770fc0
[INFO -- 2018-12-01 04:47:16]
event type: exit
[EXCEPTION -- 2018-12-01 04:47:16]
exit code: no exit code available
