[INFO -- 2018-12-02 06:18:11]
Starting flip_value script
version: 1.1
[INFO -- 2018-12-02 06:18:11]
Initialization strings:
[INFO -- 2018-12-02 06:18:11]
(1) file /tmp/knapsack/ga
[INFO -- 2018-12-02 06:18:11]
initSignal:0
[INFO -- 2018-12-02 06:18:11]
endSignal:13
[INFO -- 2018-12-02 06:18:11]
faultModel:0
[INFO -- 2018-12-02 06:18:14]
Backtrace BEGIN:
#0  std::swap<int> (__a=@0x555555781fd4: 0, __b=@0x555555783954: 0) at /usr/include/c++/7/bits/move.h:199
#1  0x0000555555555317 in crossover (pai=std::vector of length 200, capacity 200 = {...}, mae=std::vector of length 200, capacity 200 = {...}, filho1=std::vector of length 200, capacity 200 = {...}, filho2=std::vector of length 200, capacity 200 = {...}) at knapsackga.cpp:80
#2  0x00005555555555c7 in genetic_algorithm () at knapsackga.cpp:104
#3  0x0000555555555a9b in main () at knapsackga.cpp:141

194	    {
195	      // concept requirements
196	      __glibcxx_function_requires(_SGIAssignableConcept<_Tp>)
197	
198	      _Tp __tmp = _GLIBCXX_MOVE(__a);
199	      __a = _GLIBCXX_MOVE(__b);
200	      __b = _GLIBCXX_MOVE(__tmp);
201	    }
202	
203	  // _GLIBCXX_RESOLVE_LIB_DEFECTS

Backtrace END
Memory content before bitflip:0x310xfb0x080x00
Fault Model: Single bit-flip
base address to flip value: 0x55555575f17c 
address max offset: 4
Memory content after  bitflip:0x310xeb0x080x00
frame name: crossover
symbol name: W
symbol filename: knapsackga.cpp
symbol line: 16
value: 584497
value address: 0x55555575f17c <W>
Type: The type is an integer type.
Type sizeof: 4

[INFO -- 2018-12-02 06:18:14]
Fault Injection Successful after 3.1751606464385986s
[INFO -- 2018-12-02 06:18:24]
event type: exit
[INFO -- 2018-12-02 06:18:24]
exit code: 0
