[INFO -- 2018-11-30 03:01:06]
Starting flip_value script
version: 1.1
[INFO -- 2018-11-30 03:01:06]
Initialization strings:
[INFO -- 2018-11-30 03:01:06]
(1) file /tmp/knapsack/sa
[INFO -- 2018-11-30 03:01:06]
initSignal:0
[INFO -- 2018-11-30 03:01:06]
endSignal:7
[INFO -- 2018-11-30 03:01:06]
faultModel:1
[EXCEPTION -- 2018-11-30 03:01:06]
pythonException: Unable to exit loop in struct fields; Exiting wihtout making a bit flip
[INFO -- 2018-11-30 03:01:06]
Backtrace BEGIN:
#0  cost (solution=std::vector of length 200, capacity 200 = {...}) at knapsacksa.cpp:29
#1  0x0000555555555259 in simulated_annealing () at knapsacksa.cpp:52
#2  0x0000555555555522 in main () at knapsacksa.cpp:85

24	
25	int cost(vector<int> &solution){
26	    int peso=0, valor=0;
27	    for(int i=0; i < n; i++){
28	       peso += solution[i] * wt[i];
29	       valor += solution[i] * val[i];
30	    }
31	    if(peso > W)
32	       return 99999999;
33	    else

Backtrace END
Memory content before bitflip:0x310xfb0x080x00
Fault Model: Double bit-flip
base address to flip value: 0x55555575917c 
address max offset: 4
Memory content after  bitflip:0x310x7a0x080x00
frame name: main
symbol name: W
symbol filename: knapsacksa.cpp
symbol line: 15
value: 555569
value address: 0x55555575917c <W>
Type: The type is an integer type.
Type sizeof: 4

[INFO -- 2018-11-30 03:01:06]
Fault Injection Successful after 0.8948333263397217s
[INFO -- 2018-11-30 03:01:14]
event type: exit
[INFO -- 2018-11-30 03:01:14]
exit code: 0
