[INFO -- 2018-12-08 15:06:20]
Starting flip_value script
version: 1.1
[INFO -- 2018-12-08 15:06:20]
Initialization strings:
[INFO -- 2018-12-08 15:06:20]
(1) file /tmp/knapsack/sa
[INFO -- 2018-12-08 15:06:20]
initSignal:0
[INFO -- 2018-12-08 15:06:20]
endSignal:9
[INFO -- 2018-12-08 15:06:20]
faultModel:4
[INFO -- 2018-12-08 15:06:23]
Backtrace BEGIN:
#0  0x000055555555531f in simulated_annealing () at knapsacksa.cpp:91
#1  0x0000555555555658 in main () at knapsacksa.cpp:146

86	    //int co=0;
87	
88	    for(int t = 0; t < 1000000; t++){
89	        vector<int> s(solution);
90	        int i = rand() % n;
91	        s[i] = 1 - s[i];
92	        int c = cost(s);
93	        if(best != best2){
94	            exit_gracefully();
95	        }

Backtrace END
Memory content before bitflip:0xe50x610xf80xff
Fault Model: LSB bit-flip
base address to flip value: 0x7fffffffd6fc
address max offset: 4
Memory content after  bitflip:0xe50x610xf80xfb
frame name: simulated_annealing
symbol name: best
symbol filename: knapsacksa.cpp
symbol line: 81
value: -67608091
value address: 0x7fffffffd6fc
Type: The type is an integer type.
Type sizeof: 4

[INFO -- 2018-12-08 15:06:23]
Fault Injection Successful after 3.932638645172119s
[INFO -- 2018-12-08 15:06:23]
event type: exit
[INFO -- 2018-12-08 15:06:23]
exit code: 0
