[INFO -- 2018-09-24 18:12:11]
Starting flip_value script
version: 1.1
[INFO -- 2018-09-24 18:12:11]
Initialization strings:
[INFO -- 2018-09-24 18:12:11]
(1) file /tmp/knapsack/ga
[INFO -- 2018-09-24 18:12:11]
initSignal:1
[INFO -- 2018-09-24 18:12:11]
endSignal:3.5
[INFO -- 2018-09-24 18:12:11]
faultModel:1
[INFO -- 2018-09-24 18:12:12]
Backtrace BEGIN:
#0  0x0000555555556f28 in std::vector<int, std::allocator<int> >::end (this=0x7fffffffd9d0) at /usr/include/c++/7/bits/stl_vector.h:591
#1  0x0000555555555eb1 in std::vector<int, std::allocator<int> >::vector (this=0x555555786800, __x=std::vector of length 200, capacity 200 = {...}) at /usr/include/c++/7/bits/stl_vector.h:331
#2  0x0000555555557e39 in chromossome::chromossome (this=0x555555786800) at knapsackga.cpp:42
#3  0x0000555555557e96 in __gnu_cxx::new_allocator<chromossome>::construct<chromossome, chromossome const&> (this=0x7fffffffd8f0, __p=0x555555786800, __args#0=...) at /usr/include/c++/7/ext/new_allocator.h:136
#4  0x0000555555556a90 in std::allocator_traits<std::allocator<chromossome> >::construct<chromossome, chromossome const&> (__a=..., __p=0x555555786800, __args#0=...) at /usr/include/c++/7/bits/alloc_traits.h:475
#5  0x0000555555555cf0 in std::vector<chromossome, std::allocator<chromossome> >::push_back (this=0x7fffffffd8f0, __x=...) at /usr/include/c++/7/bits/stl_vector.h:943
#6  0x00005555555554e7 in genetic_algorithm () at knapsackga.cpp:106
#7  0x00005555555558d7 in main () at knapsackga.cpp:137

586	       *  the last element in the %vector.  Iteration is done in
587	       *  ordinary element order.
588	       */
589	      const_iterator
590	      end() const _GLIBCXX_NOEXCEPT
591	      { return const_iterator(this->_M_impl._M_finish); }
592	
593	      /**
594	       *  Returns a read/write reverse iterator that points to the
595	       *  last element in the %vector.  Iteration is done in reverse

Backtrace END
Fliping value of field: fitness
Memory content before bitflip:0xfc0x770x550x55
Fault Model: Double bit-flip
base address to flip value: 0x7fffffffd9e8
address max offset: 4
Memory content after  bitflip:0xde0x770x550x55
frame name: genetic_algorithm
symbol name: f1
symbol filename: knapsackga.cpp
symbol line: 105
value: {solution = std::vector of length 200, capacity 200 = {0, 1, 0, 0, 1, 1, 0, 0, 0, 0, 0, 0, 0, 1, 1, 1, 1, 0, 0, 0, 0, 0, 0, 0, 1, 0, 1, 1, 1, 0, 0, 0, 0, 1, 1, 0, 0, 1, 1, 1, 0, 0, 0, 0, 1, 0, 1, 0, 1, 0, 0, 1, 1, 0, 1, 1, 1, 0, 0, 1, 1, 1, 1, 0, 0, 0, 1, 0, 0, 0, 1, 0, 0, 0, 1, 1, 0, 0, 0, 1, 1, 0, 0, 1, 1, 0, 1, 0, 1, 0, 0, 1, 0, 0, 1, 0, 0, 0, 0, 0, 0, 1, 0, 1, 0, 1, 0, 1, 0, 0, 0, 0, 1, 1, 0, 1, 0, 0, 1, 1, 1, 0, 1, 1, 0, 0, 1, 0, 1, 1, 1, 1, 0, 0, 1, 0, 0, 1, 1, 0, 0, 0, 1, 0, 0, 0, 0, 0, 0, 1, 0, 0, 0, 1, 0, 0, 0, 1, 1, 1, 1, 0, 0, 0, 1, 0, 0, 0, 1, 0, 1, 0, 1, 0, 1, 0, 0, 0, 0, 0, 1, 0, 0, 1, 1, 0, 1, 1, 1, 0, 0, 0, 0, 0, 0, 0, 0, 0, 0, 1...}, fitness = 1431664606}
value address: 0x7fffffffd9d0
Type: The type is a structure.
Type sizeof: 32
Field name: solution
Field Type: The type is a structure.
Field Type sizeof: 24
Field name: fitness
Field Type: The type is an integer type.
Field Type sizeof: 4

[INFO -- 2018-09-24 18:12:12]
Fault Injection Successful after 1.2681434154510498s
[INFO -- 2018-09-24 18:12:15]
event type: exit
[INFO -- 2018-09-24 18:12:15]
exit code: 0
