[INFO -- 2018-12-01 03:42:36]
Starting flip_value script
version: 1.1
[INFO -- 2018-12-01 03:42:36]
Initialization strings:
[INFO -- 2018-12-01 03:42:36]
(1) file /tmp/knapsack/ga
[INFO -- 2018-12-01 03:42:36]
initSignal:0
[INFO -- 2018-12-01 03:42:36]
endSignal:13
[INFO -- 2018-12-01 03:42:36]
faultModel:3
[INFO -- 2018-12-01 03:42:40]
Backtrace BEGIN:
#0  0x0000555555554fed in rand_bit () at knapsackga.cpp:20
#1  0x000055555555527f in crossover (pai=std::vector of length 200, capacity 200 = {...}, mae=std::vector of length 200, capacity 200 = {...}, filho1=std::vector of length 0, capacity 0, filho2=std::vector of length 0, capacity 0) at knapsackga.cpp:74
#2  0x00005555555555c7 in genetic_algorithm () at knapsackga.cpp:104
#3  0x0000555555555a9b in main () at knapsackga.cpp:141

15	vector<int> wt;
16	int n, W;
17	int pop_size = 40;
18	
19	int rand_bit(){
20	    return rand() % 2;
21	}
22	
23	int cost(vector<int> &solution){
24	    int peso=0, valor=0;

Backtrace END
Memory content before bitflip:0xbc0x0c0xaa0xf7
Fault Model: Zero bit-flip
base address to flip value: 0x7fffffffd9d8
address max offset: 4
Memory content after  bitflip:0x000x000x000x00
frame name: main
symbol name: result1
symbol filename: knapsackga.cpp
symbol line: 141
value: 0
value address: 0x7fffffffd9d8
Type: The type is an integer type.
Type sizeof: 4

[INFO -- 2018-12-01 03:42:40]
Fault Injection Successful after 4.260117053985596s
[INFO -- 2018-12-01 03:42:49]
event type: exit
[INFO -- 2018-12-01 03:42:49]
exit code: 0
