[INFO -- 2018-09-23 17:23:49]
Starting flip_value script
version: 1.1
[INFO -- 2018-09-23 17:23:49]
Initialization strings:
[INFO -- 2018-09-23 17:23:49]
(1) file /tmp/knapsack/sa
[INFO -- 2018-09-23 17:23:49]
initSignal:0
[INFO -- 2018-09-23 17:23:49]
endSignal:2
[INFO -- 2018-09-23 17:23:49]
faultModel:2
[EXCEPTION -- 2018-09-23 17:23:49]
gdbException: Attempt to dereference a generic pointer.
[EXCEPTION -- 2018-09-23 17:23:50]
pythonException: empty range for randrange() (0,0, 0)
[INFO -- 2018-09-23 17:23:50]
Backtrace BEGIN:
#0  0x0000555555555504 in std::vector<int, std::allocator<int> >::operator[] (this=0x7fffffffda30, __n=50) at /usr/include/c++/7/bits/stl_vector.h:795
#1  0x0000555555554fde in cost (solution=std::vector of length 200, capacity 200 = {...}) at knapsacksa.cpp:29
#2  0x000055555555511f in simulated_annealing () at knapsacksa.cpp:50
#3  0x000055555555535e in main () at knapsacksa.cpp:84

790	       *  Note that data access with this operator is unchecked and
791	       *  out_of_range lookups are not defined. (For checked lookups
792	       *  see at().)
793	       */
794	      reference
795	      operator[](size_type __n) _GLIBCXX_NOEXCEPT
796	      {
797		__glibcxx_requires_subscript(__n);
798		return *(this->_M_impl._M_start + __n);
799	      }

Backtrace END
Memory content before bitflip:0xf60xe10x010x00
Fault Model: Random bit-flip
base address to flip value: 0x7fffffffd9b8
address max offset: 4
Memory content after  bitflip:0x6f0xac0x320xed
frame name: cost
symbol name: valor
symbol filename: knapsacksa.cpp
symbol line: 26
value: -315446161
value address: 0x7fffffffd9b8
Type: The type is an integer type.
Type sizeof: 4

[INFO -- 2018-09-23 17:23:50]
Fault Injection Successful after 1.5368080139160156s
[INFO -- 2018-09-23 17:23:51]
event type: exit
[INFO -- 2018-09-23 17:23:51]
exit code: 0
