[INFO -- 2018-12-09 03:17:09]
Starting flip_value script
version: 1.1
[INFO -- 2018-12-09 03:17:09]
Initialization strings:
[INFO -- 2018-12-09 03:17:09]
(1) file /tmp/knapsack/ga
[INFO -- 2018-12-09 03:17:09]
initSignal:1
[INFO -- 2018-12-09 03:17:09]
endSignal:8
[INFO -- 2018-12-09 03:17:09]
faultModel:0
[INFO -- 2018-12-09 03:17:12]
Backtrace BEGIN:
#0  __gnu_cxx::__normal_iterator<chromossome*, std::vector<chromossome, std::allocator<chromossome> > >::base (this=0x7fffffffd780) at /usr/include/c++/7/bits/stl_iterator.h:845
#1  0x0000555555556e5d in std::vector<chromossome, std::allocator<chromossome> >::_M_realloc_insert<chromossome const&> (this=0x7fffffffd820, __position={solution = std::vector of length 20, capacity 0 = {<error reading variable>, __args#0=...) at /usr/include/c++/7/bits/vector.tcc:426
#2  0x0000555555556012 in std::vector<chromossome, std::allocator<chromossome> >::push_back (this=0x7fffffffd820, __x=...) at /usr/include/c++/7/bits/stl_vector.h:948
#3  0x0000555555555230 in tournament (pop=std::vector of length 40, capacity 64 = {...}) at knapsackga.cpp:84
#4  0x0000555555555691 in genetic_algorithm () at knapsackga.cpp:129
#5  0x0000555555555b6c in main () at knapsackga.cpp:165

840	      operator-(difference_type __n) const _GLIBCXX_NOEXCEPT
841	      { return __normal_iterator(_M_current - __n); }
842	
843	      const _Iterator&
844	      base() const _GLIBCXX_NOEXCEPT
845	      { return _M_current; }
846	    };
847	
848	  // Note: In what follows, the left- and right-hand-side iterators are
849	  // allowed to vary in types (conceptually in cv-qualification) so that

Backtrace END
Memory content before bitflip:0x020x000x000x000x000x000x000x00
Fault Model: Single bit-flip
base address to flip value: 0x7fffffffd7a0
address max offset: 8
Memory content after  bitflip:0x020x000x040x000x000x000x000x00
frame name: std::vector<chromossome, std::allocator<chromossome> >::_M_realloc_insert<chromossome const&>
symbol name: __len
symbol filename: /usr/include/c++/7/bits/vector.tcc
symbol line: 403
value: 262146
value address: 0x7fffffffd7a0
Type: The type is an integer type.
Type sizeof: 8

[INFO -- 2018-12-09 03:17:12]
Fault Injection Successful after 3.000227689743042s
[INFO -- 2018-12-09 03:17:17]
event type: exit
[INFO -- 2018-12-09 03:17:17]
exit code: 0
