[INFO -- 2018-11-30 01:22:04]
Starting flip_value script
version: 1.1
[INFO -- 2018-11-30 01:22:04]
Initialization strings:
[INFO -- 2018-11-30 01:22:04]
(1) file /tmp/knapsack/sa
[INFO -- 2018-11-30 01:22:04]
initSignal:0
[INFO -- 2018-11-30 01:22:04]
endSignal:7
[INFO -- 2018-11-30 01:22:04]
faultModel:1
[EXCEPTION -- 2018-11-30 01:22:08]
pythonException: empty range for randrange() (0,0, 0)
[INFO -- 2018-11-30 01:22:08]
Backtrace BEGIN:
#0  0x00005555555557a0 in std::vector<int, std::allocator<int> >::operator[] (this=0x555555759160 <wt>, __n=183) at /usr/include/c++/7/bits/stl_vector.h:798
#1  0x00005555555550db in cost (solution=std::vector of length 200, capacity 200 = {...}) at knapsacksa.cpp:28
#2  0x0000555555555259 in simulated_annealing () at knapsacksa.cpp:52
#3  0x0000555555555532 in main () at knapsacksa.cpp:87

793	       */
794	      reference
795	      operator[](size_type __n) _GLIBCXX_NOEXCEPT
796	      {
797		__glibcxx_requires_subscript(__n);
798		return *(this->_M_impl._M_start + __n);
799	      }
800	
801	      /**
802	       *  @brief  Subscript access to the data contained in the %vector.

Backtrace END
Memory content before bitflip:0x1c0x020x060x00
Fault Model: Double bit-flip
base address to flip value: 0x7fffffffd918
address max offset: 4
Memory content after  bitflip:0x0d0x020x060x00
frame name: cost
symbol name: valor
symbol filename: knapsacksa.cpp
symbol line: 26
value: 393741
value address: 0x7fffffffd918
Type: The type is an integer type.
Type sizeof: 4

[INFO -- 2018-11-30 01:22:08]
Fault Injection Successful after 4.79283881187439s
[INFO -- 2018-11-30 01:22:12]
event type: exit
[INFO -- 2018-11-30 01:22:12]
exit code: 0
