[INFO -- 2018-12-08 17:50:18]
Starting flip_value script
version: 1.1
[INFO -- 2018-12-08 17:50:18]
Initialization strings:
[INFO -- 2018-12-08 17:50:18]
(1) file /tmp/knapsack/ga
[INFO -- 2018-12-08 17:50:18]
initSignal:1
[INFO -- 2018-12-08 17:50:18]
endSignal:8
[INFO -- 2018-12-08 17:50:18]
faultModel:3
[INFO -- 2018-12-08 17:50:21]
Backtrace BEGIN:
#0  0x0000555555555147 in cost (solution=std::vector of length 200, capacity 200 = {...}) at knapsackga.cpp:45
#1  0x000055555555589e in genetic_algorithm () at knapsackga.cpp:138
#2  0x0000555555555b6c in main () at knapsackga.cpp:165

40	        peso += solution[i] * wt[i];
41	        valor += solution[i] * val[i];
42	    }
43	    for(int i=0; i < n; i++){
44	        peso2 += solution[i] * wt2[i];
45	        valor2 += solution[i] * val2[i];
46	    }
47	    if(peso != peso2 || valor != valor2){
48	        exit_gracefully();
49	    }

Backtrace END
Fliping a bit of the value pointed by a reference
Fliping value of field: std::_Vector_base<int, std::allocator<int> >
Fliping value of field: _M_impl
Fliping value of field: _M_end_of_storage
Fliping a bit of the pointer
Memory content before bitflip:0x300x420x780x550x550x550x000x00
Fault Model: Zero bit-flip
base address to flip value: 0x55555578ae60
address max offset: 8
Memory content after  bitflip:0x000x000x000x000x000x000x000x00
frame name: cost
symbol name: solution
symbol filename: knapsackga.cpp
symbol line: 33
value: std::vector of length 200, capacity -23456248631236 = {0, 1, 0, 0, 1, 1, 0, 0, 0, 0, 0, 0, 0, 1, 1, 1, 1, 0, 0, 1, 0, 0, 0, 0, 1, 0, 0, 1, 1, 1, 0, 0, 0, 1, 1, 0, 0, 1, 1, 1, 0, 0, 0, 0, 1, 0, 1, 0, 1, 0, 1, 1, 1, 0, 1, 1, 1, 0, 0, 1, 1, 0, 0, 0, 0, 0, 1, 0, 0, 0, 1, 0, 0, 0, 0, 1, 0, 0, 0, 1, 1, 0, 0, 1, 1, 0, 1, 0, 1, 0, 0, 1, 0, 0, 1, 0, 0, 0, 0, 0, 0, 1, 0, 1, 0, 1, 1, 1, 0, 0, 1, 0, 0, 1, 0, 1, 0, 0, 0, 1, 1, 0, 1, 0, 0, 0, 0, 0, 1, 1, 1, 1, 0, 1, 1, 0, 0, 0, 1, 0, 0, 0, 1, 0, 1, 0, 0, 0, 0, 1, 0, 0, 0, 0, 0, 0, 0, 1, 1, 0, 1, 0, 0, 0, 1, 0, 1, 0, 0, 1, 0, 0, 1, 0, 1, 0, 0, 0, 1, 0, 1, 0, 0, 1, 0, 0, 1, 1, 1, 1, 0, 0, 0, 0, 0, 0, 0, 0, 0, 1...}
value address: 0x55555578ae50
Type: A reference type.
Type sizeof: 8

[INFO -- 2018-12-08 17:50:21]
Fault Injection Successful after 3.4975550174713135s
[INFO -- 2018-12-08 17:50:26]
event type: exit
[INFO -- 2018-12-08 17:50:26]
exit code: 0
