[INFO -- 2018-09-25 05:09:46]
Starting flip_value script
version: 1.1
[INFO -- 2018-09-25 05:09:46]
Initialization strings:
[INFO -- 2018-09-25 05:09:46]
(1) file /tmp/knapsack/ga
[INFO -- 2018-09-25 05:09:46]
initSignal:1
[INFO -- 2018-09-25 05:09:46]
endSignal:3.5
[INFO -- 2018-09-25 05:09:46]
faultModel:0
[INFO -- 2018-09-25 05:09:49]
Backtrace BEGIN:
#0  0x0000555555556a58 in std::forward<chromossome const&> (__t=...) at /usr/include/c++/7/bits/move.h:74
#1  0x0000555555556a7a in std::allocator_traits<std::allocator<chromossome> >::construct<chromossome, chromossome const&> (__a=..., __p=0x555555776420, __args#0=...) at /usr/include/c++/7/bits/alloc_traits.h:475
#2  0x0000555555556b50 in std::vector<chromossome, std::allocator<chromossome> >::_M_realloc_insert<chromossome const&> (this=0x7fffffffd870, __position={solution = std::vector of length 20, capacity 0 = {<error reading variable>, __args#0=...) at /usr/include/c++/7/bits/vector.tcc:415
#3  0x0000555555555d28 in std::vector<chromossome, std::allocator<chromossome> >::push_back (this=0x7fffffffd870, __x=...) at /usr/include/c++/7/bits/stl_vector.h:948
#4  0x000055555555502c in tournament (pop=std::vector of length 40, capacity 64 = {...}) at knapsackga.cpp:63
#5  0x0000555555555409 in genetic_algorithm () at knapsackga.cpp:102
#6  0x00005555555558d7 in main () at knapsackga.cpp:137

69	   *  This function is used to implement "perfect forwarding".
70	   */
71	  template<typename _Tp>
72	    constexpr _Tp&&
73	    forward(typename std::remove_reference<_Tp>::type& __t) noexcept
74	    { return static_cast<_Tp&&>(__t); }
75	
76	  /**
77	   *  @brief  Forward an rvalue.
78	   *  @return The parameter cast to the specified type.

Backtrace END
Fliping value of field: fitness
Memory content before bitflip:0xff0xe00xf50x05
Fault Model: Single bit-flip
base address to flip value: 0x7fffffffda08
address max offset: 4
Memory content after  bitflip:0xf70xe00xf50x05
frame name: genetic_algorithm
symbol name: f2
symbol filename: knapsackga.cpp
symbol line: 105
value: {solution = std::vector of length 200, capacity 200 = {0, 0, 0, 0, 1, 1, 1, 0, 0, 0, 0, 0, 0, 1, 1, 1, 1, 0, 1, 1, 0, 0, 0, 0, 1, 0, 0, 0, 1, 0, 0, 0, 0, 1, 1, 0, 0, 1, 1, 1, 0, 1, 0, 0, 1, 0, 1, 0, 0, 0, 0, 1, 0, 0, 1, 1, 1, 0, 1, 1, 1, 0, 0, 0, 0, 0, 1, 0, 0, 0, 1, 1, 1, 1, 0, 1, 0, 0, 0, 1, 1, 0, 0, 1, 1, 0, 1, 0, 1, 0, 0, 1, 0, 0, 1, 0, 0, 0, 0, 0, 0, 0, 0, 1, 0, 1, 1, 1, 0, 0, 1, 0, 0, 1, 0, 1, 0, 0, 0, 1, 1, 0, 1, 0, 0, 0, 0, 1, 1, 1, 1, 0, 1, 0, 1, 0, 0, 0, 1, 0, 0, 0, 1, 0, 1, 0, 0, 0, 0, 1, 0, 0, 0, 0, 0, 0, 0, 1, 1, 1, 0, 0, 0, 0, 1, 0, 1, 0, 0, 1, 0, 0, 1, 0, 1, 0, 0, 0, 1, 0, 1, 0, 0, 1, 0, 0, 1, 0, 0, 0, 0, 0, 0, 0, 0, 0, 0, 0, 0, 1...}, fitness = 99999991}
value address: 0x7fffffffd9f0
Type: The type is a structure.
Type sizeof: 32
Field name: solution
Field Type: The type is a structure.
Field Type sizeof: 24
Field name: fitness
Field Type: The type is an integer type.
Field Type sizeof: 4

[INFO -- 2018-09-25 05:09:49]
Fault Injection Successful after 3.307532548904419s
[INFO -- 2018-09-25 05:09:50]
event type: exit
[INFO -- 2018-09-25 05:09:50]
exit code: 0
