[INFO -- 2018-12-01 03:31:53]
Starting flip_value script
version: 1.1
[INFO -- 2018-12-01 03:31:53]
Initialization strings:
[INFO -- 2018-12-01 03:31:53]
(1) file /tmp/knapsack/ga
[INFO -- 2018-12-01 03:31:53]
initSignal:0
[INFO -- 2018-12-01 03:31:53]
endSignal:13
[INFO -- 2018-12-01 03:31:53]
faultModel:2
[INFO -- 2018-12-01 03:31:54]
Backtrace BEGIN:
#0  0x0000555555555020 in cost (solution=std::vector of length 200, capacity 200 = {...}) at knapsackga.cpp:25
#1  0x000055555555578e in genetic_algorithm () at knapsackga.cpp:112
#2  0x0000555555555a9b in main () at knapsackga.cpp:141

20	    return rand() % 2;
21	}
22	
23	int cost(vector<int> &solution){
24	    int peso=0, valor=0;
25	    for(int i=0; i < n; i++){
26	        peso += solution[i] * wt[i];
27	        valor += solution[i] * val[i];
28	    }
29	

Backtrace END
Memory content before bitflip:0x310xfb0x080x00
Fault Model: Random bit-flip
base address to flip value: 0x55555575f17c 
address max offset: 4
Memory content after  bitflip:0x800x1a0xb60xe8
frame name: cost
symbol name: W
symbol filename: knapsackga.cpp
symbol line: 16
value: -390718848
value address: 0x55555575f17c <W>
Type: The type is an integer type.
Type sizeof: 4

[INFO -- 2018-12-01 03:31:54]
Fault Injection Successful after 1.232050895690918s
[INFO -- 2018-12-01 03:32:05]
event type: exit
[INFO -- 2018-12-01 03:32:05]
exit code: 0
