[INFO -- 2018-09-25 04:21:51]
Starting flip_value script
version: 1.1
[INFO -- 2018-09-25 04:21:51]
Initialization strings:
[INFO -- 2018-09-25 04:21:51]
(1) file /tmp/knapsack/ga
[INFO -- 2018-09-25 04:21:51]
initSignal:1
[INFO -- 2018-09-25 04:21:51]
endSignal:3.5
[INFO -- 2018-09-25 04:21:51]
faultModel:1
[INFO -- 2018-09-25 04:21:53]
Backtrace BEGIN:
#0  0x0000555555558532 in std::_Vector_base<int, std::allocator<int> >::_M_allocate (this=0x0, __n=0) at /usr/include/c++/7/bits/stl_vector.h:169
#1  0x000055555555712e in std::vector<int, std::allocator<int> >::_M_allocate_and_copy<__gnu_cxx::__normal_iterator<int const*, std::vector<int, std::allocator<int> > > > (this=0x7fffffffd9f0, __n=200, __first=0, __last=816) at /usr/include/c++/7/bits/stl_vector.h:1260
#2  0x000055555555617b in std::vector<int, std::allocator<int> >::operator= (this=0x7fffffffd9f0, __x=std::vector of length 200, capacity 200 = {...}) at /usr/include/c++/7/bits/vector.tcc:206
#3  0x00005555555554d1 in genetic_algorithm () at knapsackga.cpp:105
#4  0x00005555555558d7 in main () at knapsackga.cpp:137

164	
165	    public:
166	      _Vector_impl _M_impl;
167	
168	      pointer
169	      _M_allocate(size_t __n)
170	      {
171		typedef __gnu_cxx::__alloc_traits<_Tp_alloc_type> _Tr;
172		return __n != 0 ? _Tr::allocate(_M_impl, __n) : pointer();
173	      }

Backtrace END
Memory content before bitflip:0x000x000x000x000x000x000x000x00
Fault Model: Double bit-flip
base address to flip value: 0x7fffffffd7f0
address max offset: 8
Memory content after  bitflip:0x000x000x000x000x000x000x000x22
frame name: std::_Vector_base<int, std::allocator<int> >::_M_allocate
symbol name: __n
symbol filename: /usr/include/c++/7/bits/stl_vector.h
symbol line: 169
value: 2449958197289549824
value address: 0x7fffffffd7f0
Type: The type is an integer type.
Type sizeof: 8

[INFO -- 2018-09-25 04:21:53]
Fault Injection Successful after 2.2306747436523438s
[INFO -- 2018-09-25 04:21:55]
event type: exit
[INFO -- 2018-09-25 04:21:55]
exit code: 0
