[INFO -- 2018-12-09 08:25:13]
Starting flip_value script
version: 1.1
[INFO -- 2018-12-09 08:25:13]
Initialization strings:
[INFO -- 2018-12-09 08:25:13]
(1) file /tmp/knapsack/ga
[INFO -- 2018-12-09 08:25:13]
initSignal:1
[INFO -- 2018-12-09 08:25:13]
endSignal:8
[INFO -- 2018-12-09 08:25:13]
faultModel:4
[INFO -- 2018-12-09 08:25:15]
Backtrace BEGIN:
#0  0x0000555555555e89 in std::vector<int, std::allocator<int> >::operator[] (this=0x55555575f090 <wt2>, __n=112) at /usr/include/c++/7/bits/stl_vector.h:798
#1  0x000055555555510f in cost (solution=std::vector of length 200, capacity 200 = {...}) at knapsackga.cpp:44
#2  0x000055555555589e in genetic_algorithm () at knapsackga.cpp:138
#3  0x0000555555555b6c in main () at knapsackga.cpp:165

793	       */
794	      reference
795	      operator[](size_type __n) _GLIBCXX_NOEXCEPT
796	      {
797		__glibcxx_requires_subscript(__n);
798		return *(this->_M_impl._M_start + __n);
799	      }
800	
801	      /**
802	       *  @brief  Subscript access to the data contained in the %vector.

Backtrace END
Memory content before bitflip:0x280x000x000x00
Fault Model: LSB bit-flip
base address to flip value: 0x55555575f010 
address max offset: 4
Memory content after  bitflip:0x280x000x000x80
frame name: cost
symbol name: pop_size
symbol filename: knapsackga.cpp
symbol line: 19
value: -2147483608
value address: 0x55555575f010 <pop_size>
Type: The type is an integer type.
Type sizeof: 4

[INFO -- 2018-12-09 08:25:15]
Fault Injection Successful after 2.8244946002960205s
[INFO -- 2018-12-09 08:25:15]
event type: exit
[INFO -- 2018-12-09 08:25:15]
exit code: 0
