[INFO -- 2018-12-08 12:40:40]
Starting flip_value script
version: 1.1
[INFO -- 2018-12-08 12:40:40]
Initialization strings:
[INFO -- 2018-12-08 12:40:40]
(1) file /tmp/knapsack/mf
[INFO -- 2018-12-08 12:40:40]
initSignal:1
[INFO -- 2018-12-08 12:40:40]
endSignal:3
[INFO -- 2018-12-08 12:40:40]
faultModel:3
[INFO -- 2018-12-08 12:40:41]
Backtrace BEGIN:
#0  0x00005555555550e4 in knapSack () at knapsackmf.cpp:44
#1  0x0000555555555578 in main () at knapsackmf.cpp:108

39	
40	    int i = 0, i2 = 0;
41	    while (i <= n && i == i2) {
42	        int w = 0, w2 = 0;
43	
44	        while(w <= W && w == w2) {
45	            if (i == 0 || w == 0) {
46	                V[i][w] = 0;
47	            } else {
48	                V[i][w] = -1;

Backtrace END
Memory content before bitflip:0xff0xff0x000x00
Fault Model: Zero bit-flip
base address to flip value: 0x7fffffffd9dc
address max offset: 4
Memory content after  bitflip:0x000x000x000x00
frame name: main
symbol name: result
symbol filename: knapsackmf.cpp
symbol line: 108
value: 0
value address: 0x7fffffffd9dc
Type: The type is an integer type.
Type sizeof: 4

[INFO -- 2018-12-08 12:40:41]
Fault Injection Successful after 1.1996207237243652s
[INFO -- 2018-12-08 12:40:45]
event type: exit
[INFO -- 2018-12-08 12:40:45]
exit code: 0
