[INFO -- 2018-11-30 05:43:57]
Starting flip_value script
version: 1.1
[INFO -- 2018-11-30 05:43:57]
Initialization strings:
[INFO -- 2018-11-30 05:43:57]
(1) file /tmp/knapsack/sa
[INFO -- 2018-11-30 05:43:57]
initSignal:0
[INFO -- 2018-11-30 05:43:57]
endSignal:7
[INFO -- 2018-11-30 05:43:57]
faultModel:4
[EXCEPTION -- 2018-11-30 05:43:59]
pythonException: Unable to exit loop in struct fields; Exiting wihtout making a bit flip
[INFO -- 2018-11-30 05:43:59]
Backtrace BEGIN:
#0  0x0000555555556f0e in std::copy<__gnu_cxx::__normal_iterator<int const*, std::vector<int, std::allocator<int> > >, int*> (__first=1, __last=540619057, __result=0x55555576e610) at /usr/include/c++/7/bits/stl_algobase.h:455
#1  0x0000555555556c88 in std::__uninitialized_copy<true>::__uninit_copy<__gnu_cxx::__normal_iterator<int const*, std::vector<int, std::allocator<int> > >, int*> (__first=1, __last=540619057, __result=0x55555576e610) at /usr/include/c++/7/bits/stl_uninitialized.h:101
#2  0x0000555555556828 in std::uninitialized_copy<__gnu_cxx::__normal_iterator<int const*, std::vector<int, std::allocator<int> > >, int*> (__first=1, __last=540619057, __result=0x55555576e610) at /usr/include/c++/7/bits/stl_uninitialized.h:134
#3  0x0000555555556071 in std::__uninitialized_copy_a<__gnu_cxx::__normal_iterator<int const*, std::vector<int, std::allocator<int> > >, int*, int> (__first=1, __last=540619057, __result=0x55555576e610) at /usr/include/c++/7/bits/stl_uninitialized.h:289
#4  0x0000555555555943 in std::vector<int, std::allocator<int> >::vector (this=0x7fffffffd990, __x=std::vector of length 200, capacity 200 = {...}) at /usr/include/c++/7/bits/stl_vector.h:331
#5  0x0000555555555204 in simulated_annealing () at knapsacksa.cpp:49
#6  0x0000555555555522 in main () at knapsacksa.cpp:85

450	      __glibcxx_function_requires(_OutputIteratorConcept<_OI,
451		    typename iterator_traits<_II>::value_type>)
452	      __glibcxx_requires_valid_range(__first, __last);
453	
454	      return (std::__copy_move_a2<__is_move_iterator<_II>::__value>
455		      (std::__miter_base(__first), std::__miter_base(__last),
456		       __result));
457	    }
458	
459	#if __cplusplus >= 201103L

Backtrace END
Fliping value of field: _M_current
Fliping a bit of the pointer
Memory content before bitflip:0x000xe60x760x550x550x550x000x00
Fault Model: LSB bit-flip
base address to flip value: 0x7fffffffd860
address max offset: 8
Memory content after  bitflip:0x000xe60x760x550x550x550x000x08
frame name: std::__uninitialized_copy<true>::__uninit_copy<__gnu_cxx::__normal_iterator<int const*, std::vector<int, std::allocator<int> > >, int*>
symbol name: __last
symbol filename: /usr/include/c++/7/bits/stl_uninitialized.h
symbol line: 99
value: <error reading variable: Cannot access memory at address 0x80055555576e600>
value address: 0x7fffffffd860
Type: The type is a structure.
Type sizeof: 8
Field name: _M_current
Field Type: The type is a pointer.
Field Type sizeof: 8

[INFO -- 2018-11-30 05:43:59]
Fault Injection Successful after 2.3085927963256836s
[INFO -- 2018-11-30 05:44:05]
event type: exit
[INFO -- 2018-11-30 05:44:05]
exit code: 0
