[INFO -- 2018-12-08 05:14:00]
Starting flip_value script
version: 1.1
[INFO -- 2018-12-08 05:14:00]
Initialization strings:
[INFO -- 2018-12-08 05:14:00]
(1) file /tmp/knapsack/sa
[INFO -- 2018-12-08 05:14:00]
initSignal:0
[INFO -- 2018-12-08 05:14:00]
endSignal:9
[INFO -- 2018-12-08 05:14:00]
faultModel:2
[INFO -- 2018-12-08 05:14:03]
Backtrace BEGIN:
#0  0x000055555555585e in std::vector<int, std::allocator<int> >::operator[] (this=0x7fffffffd740, __n=134) at /usr/include/c++/7/bits/stl_vector.h:798
#1  0x0000555555555116 in cost (solution=std::vector of length 200, capacity 200 = {...}) at knapsacksa.cpp:58
#2  0x000055555555534c in simulated_annealing () at knapsacksa.cpp:92
#3  0x0000555555555658 in main () at knapsacksa.cpp:146

793	       */
794	      reference
795	      operator[](size_type __n) _GLIBCXX_NOEXCEPT
796	      {
797		__glibcxx_requires_subscript(__n);
798		return *(this->_M_impl._M_start + __n);
799	      }
800	
801	      /**
802	       *  @brief  Subscript access to the data contained in the %vector.

Backtrace END
Memory content before bitflip:0x750x500x040x00
Fault Model: Random bit-flip
base address to flip value: 0x7fffffffd70c
address max offset: 4
Memory content after  bitflip:0xc70x090x510xc2
frame name: simulated_annealing
symbol name: temp
symbol filename: knapsacksa.cpp
symbol line: 83
value: -1034876473
value address: 0x7fffffffd70c
Type: The type is an integer type.
Type sizeof: 4

[INFO -- 2018-12-08 05:14:03]
Fault Injection Successful after 3.2638533115386963s
[INFO -- 2018-12-08 05:14:03]
event type: exit
[INFO -- 2018-12-08 05:14:03]
exit code: 0
