[INFO -- 2018-12-09 03:53:32]
Starting flip_value script
version: 1.1
[INFO -- 2018-12-09 03:53:32]
Initialization strings:
[INFO -- 2018-12-09 03:53:32]
(1) file /tmp/knapsack/ga
[INFO -- 2018-12-09 03:53:32]
initSignal:1
[INFO -- 2018-12-09 03:53:32]
endSignal:8
[INFO -- 2018-12-09 03:53:32]
faultModel:2
[INFO -- 2018-12-09 03:53:34]
Backtrace BEGIN:
#0  0x0000555555559789 in std::swap<int*> (__a=@0x55555578acd0: 0x555555788c70, __b=@0x7fffffffd6a0: 0x0) at /usr/include/c++/7/bits/move.h:187
#1  0x000055555555874a in std::_Vector_base<int, std::allocator<int> >::_Vector_impl::_M_swap_data (this=0x55555578acd0, __x=...) at /usr/include/c++/7/bits/stl_vector.h:106
#2  0x000055555555772c in std::vector<int, std::allocator<int> >::_M_move_assign (this=0x55555578acd0, __x=...) at /usr/include/c++/7/bits/stl_vector.h:1533
#3  0x000055555555673d in std::vector<int, std::allocator<int> >::operator= (this=0x55555578acd0, __x=...) at /usr/include/c++/7/bits/stl_vector.h:466
#4  0x000055555555951d in chromossome::operator= (this=0x55555578acd0) at knapsackga.cpp:63
#5  0x000055555555a253 in std::__unguarded_linear_insert<__gnu_cxx::__normal_iterator<chromossome*, std::vector<chromossome, std::allocator<chromossome> > >, __gnu_cxx::__ops::_Val_less_iter> (__last={solution = std::vector of length -23456248636188, capacity -23456248636188 = {0, 1, 0, 0, 1, 1, 1, 0, 0, 0, 0, 0, 0, 0, 1, 1, 1, 0, 0, 0, 0, 0, 0, 1, 1, 0, 1, 1, 1, 0, 0, 0, 0, 1, 0, 0, 0, 1, 1, 1, 0, 0, 0, 0, 1, 0, 1, 0, 1, 0, 0, 1, 1, 0, 1, 1, 1, 0, 0, 1, 1, 1, 1, 0, 0, 0, 1, 0, 0, 0, 1, 0, 0, 0, 1, 1, 0, 0, 1, 1, 1, 0, 0, 1, 1, 0, 1, 0, 1, 0, 0, 1, 0, 0, 1, 0, 0, 0, 0, 0, 1, 1, 0, 1, 0, 1, 0, 1, 0, 0, 0, 0, 1, 1, 0, 1, 0, 0, 0, 1, 1, 0, 1, 1, 0, 0, 1, 0, 1, 1, 1, 1, 0, 0, 1, 0, 0, 1, 1, 0, 0, 1, 1, 0, 0, 0, 1, 0, 0, 1, 0, 0, 1, 1, 0, 0, 0, 1, 0, 1, 1, 0, 0, 0, 1, 0, 0, 0, 1, 0, 1, 0, 1, 0, 0, 0, 0, 0, 0, 0, 1, 0, 0, 1, 1, 0, 1, 1, 1, 0, 0, 0, 0, 0, 0, 0, 0, 0, 0, 1...}, fitness = -507587}, __comp=...) at /usr/include/c++/7/bits/stl_algo.h:1834
#6  0x000055555555965e in std::__insertion_sort<__gnu_cxx::__normal_iterator<chromossome*, std::vector<chromossome, std::allocator<chromossome> > >, __gnu_cxx::__ops::_Iter_less_iter> (__first={solution = std::vector of length 200, capacity 200 = {0, 1, 0, 0, 1, 1, 1, 0, 0, 0, 0, 0, 0, 0, 1, 1, 1, 0, 0, 0, 0, 0, 0, 1, 1, 0, 1, 1, 1, 0, 0, 0, 0, 1, 0, 0, 0, 1, 1, 1, 0, 0, 0, 0, 1, 0, 1, 0, 1, 0, 0, 1, 1, 0, 1, 1, 1, 0, 0, 1, 1, 1, 1, 0, 0, 0, 1, 0, 0, 0, 1, 0, 0, 0, 1, 1, 0, 0, 1, 1, 1, 0, 0, 1, 1, 0, 1, 0, 1, 0, 0, 1, 0, 0, 1, 0, 0, 0, 0, 0, 1, 1, 0, 1, 0, 1, 0, 1, 0, 0, 0, 0, 1, 1, 0, 1, 0, 0, 0, 1, 1, 0, 1, 1, 0, 0, 1, 0, 1, 1, 1, 1, 0, 0, 1, 0, 0, 1, 1, 0, 0, 1, 1, 0, 0, 0, 1, 0, 0, 1, 0, 0, 1, 1, 0, 0, 0, 1, 0, 1, 1, 0, 0, 0, 1, 0, 0, 0, 1, 0, 1, 0, 1, 0, 0, 0, 0, 0, 0, 0, 1, 0, 0, 1, 1, 0, 1, 1, 1, 0, 0, 0, 0, 0, 0, 0, 0, 0, 0, 1...}, fitness = -507587}, __last={solution = std::vector of length 200, capacity 200 = {0, 1, 0, 0, 1, 1, 1, 0, 0, 0, 0, 0, 0, 0, 1, 1, 1, 0, 0, 0, 0, 0, 0, 1, 1, 0, 1, 1, 1, 0, 0, 0, 0, 1, 0, 0, 0, 1, 1, 1, 0, 0, 0, 0, 1, 0, 1, 0, 1, 0, 0, 1, 1, 0, 1, 1, 1, 0, 0, 1, 1, 1, 1, 0, 0, 0, 1, 0, 0, 0, 1, 0, 0, 0, 1, 1, 0, 0, 1, 1, 1, 0, 0, 1, 1, 0, 1, 0, 1, 0, 0, 1, 0, 0, 1, 0, 0, 0, 0, 0, 1, 1, 0, 1, 0, 1, 0, 1, 0, 0, 0, 0, 1, 1, 0, 1, 0, 0, 0, 1, 1, 0, 1, 1, 0, 0, 1, 0, 1, 1, 1, 1, 0, 0, 1, 0, 0, 1, 1, 0, 0, 1, 1, 0, 0, 0, 1, 0, 0, 1, 0, 0, 1, 1, 0, 0, 0, 1, 0, 1, 1, 0, 0, 0, 1, 0, 0, 0, 1, 0, 1, 0, 1, 0, 0, 0, 0, 0, 0, 0, 1, 0, 0, 1, 1, 0, 1, 1, 1, 0, 0, 0, 0, 0, 0, 0, 0, 0, 0, 1...}, fitness = -507587}, __comp=...) at /usr/include/c++/7/bits/stl_algo.h:1855
#7  0x000055555555850e in std::__final_insertion_sort<__gnu_cxx::__normal_iterator<chromossome*, std::vector<chromossome, std::allocator<chromossome> > >, __gnu_cxx::__ops::_Iter_less_iter> (__first={solution = std::vector of length 200, capacity 200 = {0, 1, 0, 0, 1, 1, 1, 0, 0, 0, 0, 0, 0, 0, 1, 1, 1, 0, 0, 0, 0, 0, 0, 1, 1, 0, 1, 1, 1, 0, 0, 0, 0, 1, 0, 0, 0, 1, 1, 1, 0, 0, 0, 0, 1, 0, 1, 0, 1, 0, 0, 1, 1, 0, 1, 1, 1, 0, 0, 1, 1, 1, 1, 0, 0, 0, 1, 0, 0, 0, 1, 0, 0, 0, 1, 1, 0, 0, 1, 1, 1, 0, 0, 1, 1, 0, 1, 0, 1, 0, 0, 1, 0, 0, 1, 0, 0, 0, 0, 0, 1, 1, 0, 1, 0, 1, 0, 1, 0, 0, 0, 0, 1, 1, 0, 1, 0, 0, 0, 1, 1, 0, 1, 1, 0, 0, 1, 0, 1, 1, 1, 1, 0, 0, 1, 0, 0, 1, 1, 0, 0, 1, 1, 0, 0, 0, 1, 0, 0, 1, 0, 0, 1, 1, 0, 0, 0, 1, 0, 1, 1, 0, 0, 0, 1, 0, 0, 0, 1, 0, 1, 0, 1, 0, 0, 0, 0, 0, 0, 0, 1, 0, 0, 1, 1, 0, 1, 1, 1, 0, 0, 0, 0, 0, 0, 0, 0, 0, 0, 1...}, fitness = -507587}, __last={solution = std::vector of length 0, capacity 0, fitness = 0}, __comp=...) at /usr/include/c++/7/bits/stl_algo.h:1885
#8  0x0000555555557093 in std::__sort<__gnu_cxx::__normal_iterator<chromossome*, std::vector<chromossome, std::allocator<chromossome> > >, __gnu_cxx::__ops::_Iter_less_iter> (__first={solution = std::vector of length 200, capacity 200 = {0, 1, 0, 0, 1, 1, 1, 0, 0, 0, 0, 0, 0, 0, 1, 1, 1, 0, 0, 0, 0, 0, 0, 1, 1, 0, 1, 1, 1, 0, 0, 0, 0, 1, 0, 0, 0, 1, 1, 1, 0, 0, 0, 0, 1, 0, 1, 0, 1, 0, 0, 1, 1, 0, 1, 1, 1, 0, 0, 1, 1, 1, 1, 0, 0, 0, 1, 0, 0, 0, 1, 0, 0, 0, 1, 1, 0, 0, 1, 1, 1, 0, 0, 1, 1, 0, 1, 0, 1, 0, 0, 1, 0, 0, 1, 0, 0, 0, 0, 0, 1, 1, 0, 1, 0, 1, 0, 1, 0, 0, 0, 0, 1, 1, 0, 1, 0, 0, 0, 1, 1, 0, 1, 1, 0, 0, 1, 0, 1, 1, 1, 1, 0, 0, 1, 0, 0, 1, 1, 0, 0, 1, 1, 0, 0, 0, 1, 0, 0, 1, 0, 0, 1, 1, 0, 0, 0, 1, 0, 1, 1, 0, 0, 0, 1, 0, 0, 0, 1, 0, 1, 0, 1, 0, 0, 0, 0, 0, 0, 0, 1, 0, 0, 1, 1, 0, 1, 1, 1, 0, 0, 0, 0, 0, 0, 0, 0, 0, 0, 1...}, fitness = -507587}, __last={solution = std::vector of length 0, capacity 0, fitness = 0}, __comp=...) at /usr/include/c++/7/bits/stl_algo.h:1971
#9  0x00005555555560e7 in std::sort<__gnu_cxx::__normal_iterator<chromossome*, std::vector<chromossome, std::allocator<chromossome> > > > (__first={solution = std::vector of length 200, capacity 200 = {0, 1, 0, 0, 1, 1, 1, 0, 0, 0, 0, 0, 0, 0, 1, 1, 1, 0, 0, 0, 0, 0, 0, 1, 1, 0, 1, 1, 1, 0, 0, 0, 0, 1, 0, 0, 0, 1, 1, 1, 0, 0, 0, 0, 1, 0, 1, 0, 1, 0, 0, 1, 1, 0, 1, 1, 1, 0, 0, 1, 1, 1, 1, 0, 0, 0, 1, 0, 0, 0, 1, 0, 0, 0, 1, 1, 0, 0, 1, 1, 1, 0, 0, 1, 1, 0, 1, 0, 1, 0, 0, 1, 0, 0, 1, 0, 0, 0, 0, 0, 1, 1, 0, 1, 0, 1, 0, 1, 0, 0, 0, 0, 1, 1, 0, 1, 0, 0, 0, 1, 1, 0, 1, 1, 0, 0, 1, 0, 1, 1, 1, 1, 0, 0, 1, 0, 0, 1, 1, 0, 0, 1, 1, 0, 0, 0, 1, 0, 0, 1, 0, 0, 1, 1, 0, 0, 0, 1, 0, 1, 1, 0, 0, 0, 1, 0, 0, 0, 1, 0, 1, 0, 1, 0, 0, 0, 0, 0, 0, 0, 1, 0, 0, 1, 1, 0, 1, 1, 1, 0, 0, 0, 0, 0, 0, 0, 0, 0, 0, 1...}, fitness = -507587}, __last={solution = std::vector of length 0, capacity 0, fitness = 0}) at /usr/include/c++/7/bits/stl_algo.h:4836
#10 0x00005555555558d9 in genetic_algorithm () at knapsackga.cpp:141
#11 0x0000555555555b6c in main () at knapsackga.cpp:165

182	    inline
183	#if __cplusplus >= 201103L
184	    typename enable_if<__and_<__not_<__is_tuple_like<_Tp>>,
185				      is_move_constructible<_Tp>,
186				      is_move_assignable<_Tp>>::value>::type
187	    swap(_Tp& __a, _Tp& __b)
188	    noexcept(__and_<is_nothrow_move_constructible<_Tp>,
189		            is_nothrow_move_assignable<_Tp>>::value)
190	#else
191	    void

Backtrace END
Memory content before bitflip:0x310xfb0x080x00
Fault Model: Random bit-flip
base address to flip value: 0x55555575f0b4 
address max offset: 4
Memory content after  bitflip:0x7c0x350x0a0xc0
frame name: std::_Vector_base<int, std::allocator<int> >::_Vector_impl::_M_swap_data
symbol name: W2
symbol filename: knapsackga.cpp
symbol line: 18
value: -1073072772
value address: 0x55555575f0b4 <W2>
Type: The type is an integer type.
Type sizeof: 4

[INFO -- 2018-12-09 03:53:34]
Fault Injection Successful after 2.351881980895996s
[INFO -- 2018-12-09 03:53:34]
event type: exit
[INFO -- 2018-12-09 03:53:34]
exit code: 0
