[INFO -- 2018-12-08 16:32:59]
Starting flip_value script
version: 1.1
[INFO -- 2018-12-08 16:32:59]
Initialization strings:
[INFO -- 2018-12-08 16:32:59]
(1) file /tmp/knapsack/ga
[INFO -- 2018-12-08 16:32:59]
initSignal:1
[INFO -- 2018-12-08 16:32:59]
endSignal:8
[INFO -- 2018-12-08 16:32:59]
faultModel:4
[INFO -- 2018-12-08 16:33:00]
Backtrace BEGIN:
#0  0x0000555555556cff in std::_Vector_base<chromossome, std::allocator<chromossome> >::_M_get_Tp_allocator (this=0x7fffffffd820) at /usr/include/c++/7/bits/stl_vector.h:115
#1  0x0000555555556e4e in std::vector<chromossome, std::allocator<chromossome> >::_M_realloc_insert<chromossome const&> (this=0x7fffffffd820, __position={solution = std::vector of length 20, capacity 0 = {<error reading variable>, __args#0=...) at /usr/include/c++/7/bits/vector.tcc:427
#2  0x0000555555556012 in std::vector<chromossome, std::allocator<chromossome> >::push_back (this=0x7fffffffd820, __x=...) at /usr/include/c++/7/bits/stl_vector.h:948
#3  0x0000555555555230 in tournament (pop=std::vector of length 40, capacity 64 = {...}) at knapsackga.cpp:84
#4  0x0000555555555691 in genetic_algorithm () at knapsackga.cpp:129
#5  0x0000555555555b6c in main () at knapsackga.cpp:165

110	
111	    public:
112	      typedef _Alloc allocator_type;
113	
114	      _Tp_alloc_type&
115	      _M_get_Tp_allocator() _GLIBCXX_NOEXCEPT
116	      { return *static_cast<_Tp_alloc_type*>(&this->_M_impl); }
117	
118	      const _Tp_alloc_type&
119	      _M_get_Tp_allocator() const _GLIBCXX_NOEXCEPT

Backtrace END
Memory content before bitflip:0x310xfb0x080x00
Fault Model: LSB bit-flip
base address to flip value: 0x55555575f0b0 
address max offset: 4
Memory content after  bitflip:0x310xfb0x080x40
frame name: main
symbol name: W
symbol filename: knapsackga.cpp
symbol line: 18
value: 1074330417
value address: 0x55555575f0b0 <W>
Type: The type is an integer type.
Type sizeof: 4

[INFO -- 2018-12-08 16:33:00]
Fault Injection Successful after 1.6867125034332275s
[INFO -- 2018-12-08 16:33:00]
event type: exit
[INFO -- 2018-12-08 16:33:00]
exit code: 0
