[INFO -- 2018-11-30 23:36:32]
Starting flip_value script
version: 1.1
[INFO -- 2018-11-30 23:36:32]
Initialization strings:
[INFO -- 2018-11-30 23:36:32]
(1) file /tmp/knapsack/mf
[INFO -- 2018-11-30 23:36:32]
initSignal:0
[INFO -- 2018-11-30 23:36:32]
endSignal:12
[INFO -- 2018-11-30 23:36:32]
faultModel:3
[EXCEPTION -- 2018-11-30 23:36:35]
pythonException: empty range for randrange() (0,0, 0)
[EXCEPTION -- 2018-11-30 23:36:35]
gdbException: Cannot access memory at address 0x0
[EXCEPTION -- 2018-11-30 23:36:35]
gdbException: Cannot access memory at address 0x0
[INFO -- 2018-11-30 23:36:35]
event type: exit
[EXCEPTION -- 2018-11-30 23:36:35]
exit code: no exit code available
