[INFO -- 2018-12-09 08:37:16]
Starting flip_value script
version: 1.1
[INFO -- 2018-12-09 08:37:16]
Initialization strings:
[INFO -- 2018-12-09 08:37:16]
(1) file /tmp/knapsack/ga
[INFO -- 2018-12-09 08:37:16]
initSignal:1
[INFO -- 2018-12-09 08:37:16]
endSignal:8
[INFO -- 2018-12-09 08:37:16]
faultModel:0
[INFO -- 2018-12-09 08:37:18]
Backtrace BEGIN:
#0  0x000055555555b3e7 in std::move_iterator<chromossome*>::base (this=0x7fffffffd6e8) at /usr/include/c++/7/bits/stl_iterator.h:1046
#1  0x000055555555b171 in std::operator==<chromossome*> (__x=..., __y=...) at /usr/include/c++/7/bits/stl_iterator.h:1126
#2  0x000055555555ad0c in std::operator!=<chromossome*> (__x=..., __y=...) at /usr/include/c++/7/bits/stl_iterator.h:1138
#3  0x000055555555a69e in std::__uninitialized_copy<false>::__uninit_copy<std::move_iterator<chromossome*>, chromossome*> (__first=..., __last=..., __result=0x555555776740) at /usr/include/c++/7/bits/stl_uninitialized.h:82
#4  0x0000555555559d49 in std::uninitialized_copy<std::move_iterator<chromossome*>, chromossome*> (__first=..., __last=..., __result=0x555555776740) at /usr/include/c++/7/bits/stl_uninitialized.h:134
#5  0x0000555555559304 in std::__uninitialized_copy_a<std::move_iterator<chromossome*>, chromossome*, chromossome> (__first=..., __last=..., __result=0x555555776740) at /usr/include/c++/7/bits/stl_uninitialized.h:289
#6  0x0000555555558367 in std::__uninitialized_move_if_noexcept_a<chromossome*, chromossome*, std::allocator<chromossome> > (__first=0x555555776540, __last=0x555555776580, __result=0x555555776740, __alloc=...) at /usr/include/c++/7/bits/stl_uninitialized.h:312
#7  0x0000555555556e76 in std::vector<chromossome, std::allocator<chromossome> >::_M_realloc_insert<chromossome const&> (this=0x7fffffffd8a0, __position={solution = std::vector of length 36, capacity 0 = {<error reading variable>, __args#0=...) at /usr/include/c++/7/bits/vector.tcc:424
#8  0x0000555555556012 in std::vector<chromossome, std::allocator<chromossome> >::push_back (this=0x7fffffffd8a0, __x=...) at /usr/include/c++/7/bits/stl_vector.h:948
#9  0x0000555555555731 in genetic_algorithm () at knapsackga.cpp:132
#10 0x0000555555555b6c in main () at knapsackga.cpp:165

1041		move_iterator(const move_iterator<_Iter>& __i)
1042		: _M_current(__i.base()) { }
1043	
1044	      _GLIBCXX17_CONSTEXPR iterator_type
1045	      base() const
1046	      { return _M_current; }
1047	
1048	      _GLIBCXX17_CONSTEXPR reference
1049	      operator*() const
1050	      { return static_cast<reference>(*_M_current); }

Backtrace END
Memory content before bitflip:0x310xfb0x080x00
Fault Model: Single bit-flip
base address to flip value: 0x55555575f0b0 
address max offset: 4
Memory content after  bitflip:0x310xfb0x880x00
frame name: std::__uninitialized_move_if_noexcept_a<chromossome*, chromossome*, std::allocator<chromossome> >
symbol name: W
symbol filename: knapsackga.cpp
symbol line: 18
value: 8977201
value address: 0x55555575f0b0 <W>
Type: The type is an integer type.
Type sizeof: 4

[INFO -- 2018-12-09 08:37:18]
Fault Injection Successful after 2.114696741104126s
[INFO -- 2018-12-09 08:37:18]
event type: exit
[INFO -- 2018-12-09 08:37:18]
exit code: 0
