[INFO -- 2018-12-01 11:00:55]
Starting flip_value script
version: 1.1
[INFO -- 2018-12-01 11:00:55]
Initialization strings:
[INFO -- 2018-12-01 11:00:55]
(1) file /tmp/knapsack/mf
[INFO -- 2018-12-01 11:00:55]
initSignal:0
[INFO -- 2018-12-01 11:00:55]
endSignal:12
[INFO -- 2018-12-01 11:00:55]
faultModel:4
[EXCEPTION -- 2018-12-01 11:00:56]
pythonException: empty range for randrange() (0,0, 0)
[INFO -- 2018-12-01 11:00:56]
Backtrace BEGIN:
#0  0x0000555555555060 in knapSack (W=588593, n=200, values=std::vector of length 200, capacity 256 = {...}, weights=std::vector of length 200, capacity 256 = {...}, V=std::vector of length 201, capacity 201 = {...}) at knapsackmf.cpp:24
#1  0x0000555555555494 in executeAlgorithm () at knapsackmf.cpp:75
#2  0x000055555555558a in main () at knapsackmf.cpp:81

19	
20	    for (int i = 0; i <= n; i++)
21	        V[i] = vector<int>(W + 1);
22	
23	    for (int i = 0; i <= n; i++) {
24	        for (int w = 0; w <= W; w++) {
25	            if (i == 0 || w == 0) {
26	                V[i][w] = 0;
27	            } else {
28	                V[i][w] = -1;

Backtrace END
Memory content before bitflip:0xff0x7f0x000x02
Fault Model: LSB bit-flip
base address to flip value: 0x7fffffffd92c
address max offset: 4
Memory content after  bitflip:0xff0x7f0x000x03
frame name: main
symbol name: result2
symbol filename: knapsackmf.cpp
symbol line: 82
value: 50364415
value address: 0x7fffffffd92c
Type: The type is an integer type.
Type sizeof: 4

[INFO -- 2018-12-01 11:00:56]
Fault Injection Successful after 1.7241909503936768s
[INFO -- 2018-12-01 11:01:05]
event type: exit
[INFO -- 2018-12-01 11:01:05]
exit code: 0
