[INFO -- 2018-09-21 20:15:51]
Starting flip_value script
version: 1.1
[INFO -- 2018-09-21 20:15:51]
Initialization strings:
[INFO -- 2018-09-21 20:15:51]
(1) file /tmp/knapsack/dp
[INFO -- 2018-09-21 20:15:51]
initSignal:1
[INFO -- 2018-09-21 20:15:51]
endSignal:3
[INFO -- 2018-09-21 20:15:51]
faultModel:2
[INFO -- 2018-09-21 20:15:52]
Backtrace BEGIN:
#0  0x0000555555554d92 in knapSack (W=588593, n=200, val=0x55555576d2f0, wt=0x55555576d620) at knapsackdp.cpp:23
#1  0x0000555555554fb2 in main () at knapsackdp.cpp:52

18	    for (int i = 0; i <= n; i++) {
19	        for (int w = 0; w <= W; w++) {
20	            if (i == 0 || w == 0)
21	                *(*(V + i) + w) = 0;
22	            else if (w >= wt[i - 1]) {
23	                *(*(V + i) + w) = max(val[i - 1] + V[i - 1][w - wt[i - 1]], V[i - 1][w]);
24	            } else
25	                *(*(V + i) + w) = V[i - 1][w];
26	        }
27	    }

Backtrace END
Fliping a bit of the pointer
Memory content before bitflip:0x200xd60x760x550x550x550x000x00
Fault Model: Random bit-flip
base address to flip value: 0x7fffffffda48
address max offset: 8
Memory content after  bitflip:0x4e0x7a0xa30xdd0xce0x4d0x560xa3
frame name: main
symbol name: wt
symbol filename: knapsackdp.cpp
symbol line: 37
value: 0x55555576d620
value address: 0x7fffffffda48
Type: The type is a pointer.
Type sizeof: 8

[INFO -- 2018-09-21 20:15:52]
Fault Injection Successful after 1.5499966144561768s
[INFO -- 2018-09-21 20:15:52]
event type: exit
[INFO -- 2018-09-21 20:15:52]
exit code: 0
