[INFO -- 2018-09-21 22:35:16]
Starting flip_value script
version: 1.1
[INFO -- 2018-09-21 22:35:16]
Initialization strings:
[INFO -- 2018-09-21 22:35:16]
(1) file /tmp/knapsack/dp
[INFO -- 2018-09-21 22:35:16]
initSignal:1
[INFO -- 2018-09-21 22:35:16]
endSignal:3
[INFO -- 2018-09-21 22:35:16]
faultModel:2
[EXCEPTION -- 2018-09-21 22:35:18]
pythonException: Unable to exit loop in struct fields; Exiting wihtout making a bit flip
[EXCEPTION -- 2018-09-21 22:35:18]
pythonException: Unable to exit loop in struct fields; Exiting wihtout making a bit flip
[INFO -- 2018-09-21 22:35:18]
Backtrace BEGIN:
#0  0x0000555555555732 in std::vector<int, std::allocator<int> >::operator[] (this=0x7fffffffda30, __n=72) at /usr/include/c++/7/bits/stl_vector.h:795
#1  0x0000555555554fbb in knapSack (W=588593, n=200, val=std::vector of length 200, capacity 256 = {...}, wt=std::vector of length 200, capacity 256 = {...}) at knapsackdp.cpp:23
#2  0x0000555555555375 in main () at knapsackdp.cpp:54

790	       *  Note that data access with this operator is unchecked and
791	       *  out_of_range lookups are not defined. (For checked lookups
792	       *  see at().)
793	       */
794	      reference
795	      operator[](size_type __n) _GLIBCXX_NOEXCEPT
796	      {
797		__glibcxx_requires_subscript(__n);
798		return *(this->_M_impl._M_start + __n);
799	      }

Backtrace END
Memory content before bitflip:0xc80x000x000x00
Fault Model: Random bit-flip
base address to flip value: 0x7fffffffd9fc
address max offset: 4
Memory content after  bitflip:0x010x630x2d0xa1
frame name: main
symbol name: n
symbol filename: knapsackdp.cpp
symbol line: 45
value: -1590861055
value address: 0x7fffffffd9fc
Type: The type is an integer type.
Type sizeof: 4

[INFO -- 2018-09-21 22:35:18]
Fault Injection Successful after 2.4137043952941895s
[INFO -- 2018-09-21 22:35:20]
event type: exit
[INFO -- 2018-09-21 22:35:20]
exit code: 0
