[INFO -- 2018-09-23 14:33:54]
Starting flip_value script
version: 1.1
[INFO -- 2018-09-23 14:33:54]
Initialization strings:
[INFO -- 2018-09-23 14:33:54]
(1) file /tmp/knapsack/sa
[INFO -- 2018-09-23 14:33:54]
initSignal:0
[INFO -- 2018-09-23 14:33:54]
endSignal:2
[INFO -- 2018-09-23 14:33:54]
faultModel:2
[EXCEPTION -- 2018-09-23 14:33:55]
pythonException: Unable to exit loop in struct fields; Exiting wihtout making a bit flip
[INFO -- 2018-09-23 14:33:55]
Backtrace BEGIN:
#0  0x00005555555551cf in simulated_annealing () at knapsacksa.cpp:46
#1  0x000055555555535e in main () at knapsacksa.cpp:84

41	    int best = cost(solution);
42	    int temp = 2000000;
43	
44	    //int co=0;
45	
46	    for(int t = 0; t < 1000000; t++){
47	         vector<int> s(solution);
48	         int i = rand() % n;
49	         s[i] = 1 - s[i];
50	         int c = cost(s);

Backtrace END
Memory content before bitflip:0x310xfb0x080x00
Fault Model: Random bit-flip
base address to flip value: 0x55555575906c 
address max offset: 4
Memory content after  bitflip:0xb80x4c0x190xe3
frame name: simulated_annealing
symbol name: W
symbol filename: knapsacksa.cpp
symbol line: 15
value: -484881224
value address: 0x55555575906c <W>
Type: The type is an integer type.
Type sizeof: 4

[INFO -- 2018-09-23 14:33:55]
Fault Injection Successful after 1.3322646617889404s
[INFO -- 2018-09-23 14:33:56]
event type: exit
[INFO -- 2018-09-23 14:33:56]
exit code: 0
