[INFO -- 2018-09-23 15:26:36]
Starting flip_value script
version: 1.1
[INFO -- 2018-09-23 15:26:36]
Initialization strings:
[INFO -- 2018-09-23 15:26:36]
(1) file /tmp/knapsack/sa
[INFO -- 2018-09-23 15:26:36]
initSignal:0
[INFO -- 2018-09-23 15:26:36]
endSignal:2
[INFO -- 2018-09-23 15:26:36]
faultModel:3
[INFO -- 2018-09-23 15:26:38]
Backtrace BEGIN:
#0  std::vector<int, std::allocator<int> >::operator[] (this=0x555555759030 <val>, __n=180) at /usr/include/c++/7/bits/stl_vector.h:799
#1  0x0000555555554fde in cost (solution=std::vector of length 200, capacity 200 = {...}) at knapsacksa.cpp:29
#2  0x000055555555511f in simulated_annealing () at knapsacksa.cpp:50
#3  0x000055555555535e in main () at knapsacksa.cpp:84

794	      reference
795	      operator[](size_type __n) _GLIBCXX_NOEXCEPT
796	      {
797		__glibcxx_requires_subscript(__n);
798		return *(this->_M_impl._M_start + __n);
799	      }
800	
801	      /**
802	       *  @brief  Subscript access to the data contained in the %vector.
803	       *  @param __n The index of the element for which data should be

Backtrace END
Memory content before bitflip:0xb40x000x000x000x000x000x000x00
Fault Model: Zero bit-flip
base address to flip value: 0x7fffffffd980
address max offset: 8
Memory content after  bitflip:0x000x000x000x000x000x000x000x00
frame name: std::vector<int, std::allocator<int> >::operator[]
symbol name: __n
symbol filename: /usr/include/c++/7/bits/stl_vector.h
symbol line: 795
value: 0
value address: 0x7fffffffd980
Type: The type is an integer type.
Type sizeof: 8

[INFO -- 2018-09-23 15:26:38]
Fault Injection Successful after 2.5367672443389893s
[INFO -- 2018-09-23 15:26:39]
event type: exit
[INFO -- 2018-09-23 15:26:39]
exit code: 0
