[INFO -- 2018-12-02 06:41:38]
Starting flip_value script
version: 1.1
[INFO -- 2018-12-02 06:41:38]
Initialization strings:
[INFO -- 2018-12-02 06:41:38]
(1) file /tmp/knapsack/ga
[INFO -- 2018-12-02 06:41:38]
initSignal:0
[INFO -- 2018-12-02 06:41:38]
endSignal:13
[INFO -- 2018-12-02 06:41:38]
faultModel:0
[INFO -- 2018-12-02 06:41:40]
Backtrace BEGIN:
#0  0x0000555555555e2f in std::vector<int, std::allocator<int> >::operator[] (this=0x7fffffffd8d0, __n=85) at /usr/include/c++/7/bits/stl_vector.h:798
#1  0x0000555555555277 in crossover (pai=std::vector of length 200, capacity 200 = {...}, mae=std::vector of length 200, capacity 200 = {...}, filho1=std::vector of length 0, capacity 0, filho2=std::vector of length 0, capacity 0) at knapsackga.cpp:74
#2  0x00005555555555c7 in genetic_algorithm () at knapsackga.cpp:104
#3  0x0000555555555a9b in main () at knapsackga.cpp:141

793	       */
794	      reference
795	      operator[](size_type __n) _GLIBCXX_NOEXCEPT
796	      {
797		__glibcxx_requires_subscript(__n);
798		return *(this->_M_impl._M_start + __n);
799	      }
800	
801	      /**
802	       *  @brief  Subscript access to the data contained in the %vector.

Backtrace END
Memory content before bitflip:0xee0x310xf80xff
Fault Model: Single bit-flip
base address to flip value: 0x7fffffffd920
address max offset: 4
Memory content after  bitflip:0xec0x310xf80xff
frame name: genetic_algorithm
symbol name: best
symbol filename: knapsackga.cpp
symbol line: 92
value: -511508
value address: 0x7fffffffd920
Type: The type is an integer type.
Type sizeof: 4

[INFO -- 2018-12-02 06:41:40]
Fault Injection Successful after 2.703777551651001s
[INFO -- 2018-12-02 06:41:50]
event type: exit
[INFO -- 2018-12-02 06:41:50]
exit code: 0
