[INFO -- 2018-09-23 20:56:38]
Starting flip_value script
version: 1.1
[INFO -- 2018-09-23 20:56:38]
Initialization strings:
[INFO -- 2018-09-23 20:56:38]
(1) file /tmp/knapsack/sa
[INFO -- 2018-09-23 20:56:38]
initSignal:0
[INFO -- 2018-09-23 20:56:38]
endSignal:2
[INFO -- 2018-09-23 20:56:38]
faultModel:4
[INFO -- 2018-09-23 20:56:38]
Backtrace BEGIN:
#0  0x0000555555554f83 in cost (solution=std::vector of length 200, capacity 200 = {...}) at knapsacksa.cpp:28
#1  0x000055555555511f in simulated_annealing () at knapsacksa.cpp:50
#2  0x000055555555535e in main () at knapsacksa.cpp:84

23	}
24	
25	int cost(vector<int> &solution){
26	    int peso=0, valor=0;
27	    for(int i=0; i < n; i++){
28	       peso += solution[i] * wt[i];
29	       valor += solution[i] * val[i];
30	    }
31	    if(peso > W)
32	       return 99999999;

Backtrace END
Memory content before bitflip:0xa60xbb0x000x00
Fault Model: LSB bit-flip
base address to flip value: 0x7fffffffd9dc
address max offset: 4
Memory content after  bitflip:0xa60xbb0x000x08
frame name: simulated_annealing
symbol name: delta
symbol filename: knapsacksa.cpp
symbol line: 51
value: 134265766
value address: 0x7fffffffd9dc
Type: The type is an integer type.
Type sizeof: 4

[INFO -- 2018-09-23 20:56:38]
Fault Injection Successful after 0.933997392654419s
[INFO -- 2018-09-23 20:56:40]
event type: exit
[INFO -- 2018-09-23 20:56:40]
exit code: 0
