[INFO -- 2018-12-07 23:11:31]
Starting flip_value script
version: 1.1
[INFO -- 2018-12-07 23:11:31]
Initialization strings:
[INFO -- 2018-12-07 23:11:31]
(1) file /tmp/knapsack/sa
[INFO -- 2018-12-07 23:11:31]
initSignal:0
[INFO -- 2018-12-07 23:11:31]
endSignal:9
[INFO -- 2018-12-07 23:11:31]
faultModel:2
[EXCEPTION -- 2018-12-07 23:11:34]
pythonException: Unable to exit loop in struct fields; Exiting wihtout making a bit flip
[EXCEPTION -- 2018-12-07 23:11:34]
pythonException: Unable to exit loop in struct fields; Exiting wihtout making a bit flip
[INFO -- 2018-12-07 23:11:34]
Backtrace BEGIN:
#0  0x0000555555555196 in cost (solution=std::vector of length 200, capacity 200 = {...}) at knapsacksa.cpp:62
#1  0x000055555555534c in simulated_annealing () at knapsacksa.cpp:92
#2  0x0000555555555658 in main () at knapsacksa.cpp:146

57	    for(int i=0; i < n; i++){
58	        peso += solution[i] * wt[i];
59	        valor += solution[i] * val[i];
60	    }
61	    for(int i=0; i < n; i++){
62	        peso2 += solution[i] * wt2[i];
63	        valor2 += solution[i] * val2[i];
64	    }
65	    if(peso != peso2 || valor != valor2){
66	        exit_gracefully();

Backtrace END
Fliping a bit of the value pointed by a reference
Fliping value of field: std::_Vector_base<int, std::allocator<int> >
Fliping value of field: _M_impl
Fliping value of field: _M_finish
Fliping a bit of the value pointed by a pointer
Memory content before bitflip:0x000x000x000x00
Fault Model: Random bit-flip
base address to flip value: 0x555555772ae0
address max offset: 4
Memory content after  bitflip:0xb60xb70x200xcd
frame name: cost
symbol name: solution
symbol filename: knapsacksa.cpp
symbol line: 51
value: std::vector of length 200, capacity 200 = {1, 1, 0, 0, 0, 0, 0, 0, 1, 1, 1, 1, 1, 1, 1, 0, 0, 0, 1, 0, 0, 0, 1, 1, 1, 0, 0, 1, 1, 1, 0, 1, 0, 0, 0, 0, 0, 0, 0, 1, 1, 1, 0, 0, 1, 0, 0, 1, 0, 0, 1, 0, 0, 1, 1, 0, 0, 0, 1, 1, 1, 0, 1, 1, 0, 0, 0, 0, 1, 0, 0, 0, 1, 1, 0, 0, 0, 0, 1, 0, 0, 0, 0, 1, 1, 0, 1, 1, 0, 0, 1, 1, 0, 1, 1, 1, 0, 1, 1, 0, 0, 0, 0, 0, 1, 0, 1, 1, 1, 0, 0, 1, 0, 1, 0, 1, 1, 0, 0, 0, 1, 1, 1, 1, 0, 0, 1, 1, 0, 0, 1, 1, 0, 1, 1, 0, 0, 1, 1, 1, 1, 0, 0, 1, 0, 1, 1, 1, 1, 1, 0, 0, 0, 1, 0, 1, 1, 0, 1, 1, 1, 1, 1, 0, 1, 1, 1, 1, 1, 0, 1, 1, 0, 0, 0, 0, 0, 0, 1, 0, 0, 0, 0, 0, 1, 0, 1, 0, 1, 0, 0, 0, 0, 0, 1, 1, 0, 0, 0, 0...}
value address: 0x7fffffffd740
Type: A reference type.
Type sizeof: 8

[INFO -- 2018-12-07 23:11:34]
Fault Injection Successful after 3.8358476161956787s
[INFO -- 2018-12-07 23:11:43]
event type: exit
[INFO -- 2018-12-07 23:11:43]
exit code: 0
