[INFO -- 2018-12-08 20:55:16]
Starting flip_value script
version: 1.1
[INFO -- 2018-12-08 20:55:16]
Initialization strings:
[INFO -- 2018-12-08 20:55:16]
(1) file /tmp/knapsack/sa
[INFO -- 2018-12-08 20:55:16]
initSignal:0
[INFO -- 2018-12-08 20:55:16]
endSignal:9
[INFO -- 2018-12-08 20:55:16]
faultModel:0
[INFO -- 2018-12-08 20:55:17]
Backtrace BEGIN:
#0  0x0000555555555da6 in std::min<int> (__a=@0x7fffffffd704: -474680, __b=@0x7fffffffd6fc: -496014) at /usr/include/c++/7/bits/stl_algobase.h:200
#1  0x0000555555555408 in simulated_annealing () at knapsacksa.cpp:112
#2  0x0000555555555658 in main () at knapsacksa.cpp:146

195	    min(const _Tp& __a, const _Tp& __b)
196	    {
197	      // concept requirements
198	      __glibcxx_function_requires(_LessThanComparableConcept<_Tp>)
199	      //return __b < __a ? __b : __a;
200	      if (__b < __a)
201		return __b;
202	      return __a;
203	    }
204	

Backtrace END
Memory content before bitflip:0x310xfb0x080x00
Fault Model: Single bit-flip
base address to flip value: 0x555555759034 
address max offset: 4
Memory content after  bitflip:0x310xfb0x080x01
frame name: main
symbol name: W2
symbol filename: knapsacksa.cpp
symbol line: 13
value: 17365809
value address: 0x555555759034 <W2>
Type: The type is an integer type.
Type sizeof: 4

[INFO -- 2018-12-08 20:55:17]
Fault Injection Successful after 1.6615571975708008s
[INFO -- 2018-12-08 20:55:17]
event type: exit
[INFO -- 2018-12-08 20:55:17]
exit code: 0
