[INFO -- 2018-12-09 04:13:50]
Starting flip_value script
version: 1.1
[INFO -- 2018-12-09 04:13:50]
Initialization strings:
[INFO -- 2018-12-09 04:13:50]
(1) file /tmp/knapsack/ga
[INFO -- 2018-12-09 04:13:50]
initSignal:1
[INFO -- 2018-12-09 04:13:50]
endSignal:8
[INFO -- 2018-12-09 04:13:50]
faultModel:2
[INFO -- 2018-12-09 04:13:56]
Backtrace BEGIN:
#0  0x0000555555555061 in cost (solution=std::vector of length 200, capacity 200 = {...}) at knapsackga.cpp:39
#1  0x000055555555589e in genetic_algorithm () at knapsackga.cpp:138
#2  0x0000555555555b6c in main () at knapsackga.cpp:165

34	    if(n != n2 || W != W2){
35	        exit_gracefully();
36	    }
37	
38	    int peso=0, peso2=0, valor=0, valor2=0;
39	    for(int i=0; i < n; i++){
40	        peso += solution[i] * wt[i];
41	        valor += solution[i] * val[i];
42	    }
43	    for(int i=0; i < n; i++){

Backtrace END
Memory content before bitflip:0xe20x250xf80xff
Fault Model: Random bit-flip
base address to flip value: 0x7fffffffd86c
address max offset: 4
Memory content after  bitflip:0x410xe90x2b0x25
frame name: genetic_algorithm
symbol name: best
symbol filename: knapsackga.cpp
symbol line: 113
value: 623634753
value address: 0x7fffffffd86c
Type: The type is an integer type.
Type sizeof: 4

[INFO -- 2018-12-09 04:13:56]
Fault Injection Successful after 6.152066230773926s
[INFO -- 2018-12-09 04:13:58]
event type: exit
[INFO -- 2018-12-09 04:13:58]
exit code: 0
