[INFO -- 2018-12-02 04:31:55]
Starting flip_value script
version: 1.1
[INFO -- 2018-12-02 04:31:55]
Initialization strings:
[INFO -- 2018-12-02 04:31:55]
(1) file /tmp/knapsack/ga
[INFO -- 2018-12-02 04:31:55]
initSignal:0
[INFO -- 2018-12-02 04:31:55]
endSignal:13
[INFO -- 2018-12-02 04:31:55]
faultModel:3
[INFO -- 2018-12-02 04:31:56]
Backtrace BEGIN:
#0  0x0000555555555285 in crossover (pai=std::vector of length 200, capacity 200 = {...}, mae=std::vector of length 200, capacity 200 = {...}, filho1=std::vector of length 0, capacity 0, filho2=std::vector of length 0, capacity 0) at knapsackga.cpp:73
#1  0x00005555555555c7 in genetic_algorithm () at knapsackga.cpp:104
#2  0x0000555555555a9b in main () at knapsackga.cpp:141

68	    return tournamentWinner;
69	}
70	
71	void crossover(vector<int> &pai, vector<int> &mae, vector<int> &filho1, vector<int> &filho2){
72	    vector<int> mask(n);
73	    for(int i = 0; i < n; i++){
74	        mask[i] = rand_bit();
75	    }
76	    filho1 = pai;
77	    filho2 = mae;

Backtrace END
Memory content before bitflip:0xbc0x0c0xaa0xf7
Fault Model: Zero bit-flip
base address to flip value: 0x7fffffffdaa8
address max offset: 4
Memory content after  bitflip:0x000x000x000x00
frame name: main
symbol name: result1
symbol filename: knapsackga.cpp
symbol line: 141
value: 0
value address: 0x7fffffffdaa8
Type: The type is an integer type.
Type sizeof: 4

[INFO -- 2018-12-02 04:31:56]
Fault Injection Successful after 1.60636305809021s
[INFO -- 2018-12-02 04:32:08]
event type: exit
[INFO -- 2018-12-02 04:32:08]
exit code: 0
