[INFO -- 2018-12-01 07:47:25]
Starting flip_value script
version: 1.1
[INFO -- 2018-12-01 07:47:25]
Initialization strings:
[INFO -- 2018-12-01 07:47:25]
(1) file /tmp/knapsack/mf
[INFO -- 2018-12-01 07:47:25]
initSignal:0
[INFO -- 2018-12-01 07:47:25]
endSignal:12
[INFO -- 2018-12-01 07:47:25]
faultModel:1
[INFO -- 2018-12-01 07:47:26]
Backtrace BEGIN:
#0  0x00005555555558c6 in std::vector<std::vector<int, std::allocator<int> >, std::allocator<std::vector<int, std::allocator<int> > > >::operator[] (this=0x55555576f2d0, __n=266519) at /usr/include/c++/7/bits/stl_vector.h:795
#1  0x00005555555550ba in knapSack (W=588593, n=200, values=std::vector of length 200, capacity 256 = {...}, weights=std::vector of length 200, capacity 256 = {...}, V=std::vector of length 201, capacity 201 = {...}) at knapsackmf.cpp:28
#2  0x0000555555555494 in executeAlgorithm () at knapsackmf.cpp:75
#3  0x000055555555558a in main () at knapsackmf.cpp:81

790	       *  Note that data access with this operator is unchecked and
791	       *  out_of_range lookups are not defined. (For checked lookups
792	       *  see at().)
793	       */
794	      reference
795	      operator[](size_type __n) _GLIBCXX_NOEXCEPT
796	      {
797		__glibcxx_requires_subscript(__n);
798		return *(this->_M_impl._M_start + __n);
799	      }

Backtrace END
Memory content before bitflip:0xc80x000x000x00
Fault Model: Double bit-flip
base address to flip value: 0x7fffffffd680
address max offset: 4
Memory content after  bitflip:0xc80x000x000x09
frame name: executeAlgorithm
symbol name: n
symbol filename: knapsackmf.cpp
symbol line: 57
value: 150995144
value address: 0x7fffffffd680
Type: The type is an integer type.
Type sizeof: 4

[INFO -- 2018-12-01 07:47:26]
Fault Injection Successful after 1.1945054531097412s
[INFO -- 2018-12-01 07:47:35]
event type: exit
[INFO -- 2018-12-01 07:47:35]
exit code: 0
