[INFO -- 2018-09-25 09:27:01]
Starting flip_value script
version: 1.1
[INFO -- 2018-09-25 09:27:01]
Initialization strings:
[INFO -- 2018-09-25 09:27:01]
(1) file /tmp/knapsack/ga
[INFO -- 2018-09-25 09:27:01]
initSignal:1
[INFO -- 2018-09-25 09:27:01]
endSignal:3.5
[INFO -- 2018-09-25 09:27:01]
faultModel:3
[EXCEPTION -- 2018-09-25 09:27:02]
pythonException: Unable to exit loop in struct fields; Exiting wihtout making a bit flip
[INFO -- 2018-09-25 09:27:02]
Backtrace BEGIN:
#0  0x00005555555568ab in std::_Vector_base<int, std::allocator<int> >::~_Vector_base (this=0x7fffffffd820, __in_chrg=<optimized out>) at /usr/include/c++/7/bits/stl_vector.h:163
#1  0x0000555555555bed in std::vector<int, std::allocator<int> >::~vector (this=0x7fffffffd820, __in_chrg=<optimized out>) at /usr/include/c++/7/bits/stl_vector.h:435
#2  0x0000555555557474 in std::vector<int, std::allocator<int> >::_M_move_assign (this=0x7fffffffd910, __x=...) at /usr/include/c++/7/bits/stl_vector.h:1531
#3  0x0000555555556453 in std::vector<int, std::allocator<int> >::operator= (this=0x7fffffffd910, __x=...) at /usr/include/c++/7/bits/stl_vector.h:466
#4  0x0000555555555422 in genetic_algorithm () at knapsackga.cpp:102
#5  0x00005555555558d7 in main () at knapsackga.cpp:137

158	      }
159	#endif
160	
161	      ~_Vector_base() _GLIBCXX_NOEXCEPT
162	      { _M_deallocate(this->_M_impl._M_start, this->_M_impl._M_end_of_storage
163			      - this->_M_impl._M_start); }
164	
165	    public:
166	      _Vector_impl _M_impl;
167	

Backtrace END
Memory content before bitflip:0x01
Fault Model: Zero bit-flip
base address to flip value: 0x7fffffffd887
address max offset: 1
Memory content after  bitflip:0x00
frame name: std::vector<int, std::allocator<int> >::operator=
symbol name: __move_storage
symbol filename: /usr/include/c++/7/bits/stl_vector.h
symbol line: 463
value: false
value address: 0x7fffffffd887
Type: A boolean type.
Type sizeof: 1

[INFO -- 2018-09-25 09:27:02]
Fault Injection Successful after 1.828077793121338s
[INFO -- 2018-09-25 09:27:05]
event type: exit
[INFO -- 2018-09-25 09:27:05]
exit code: 0
