[INFO -- 2018-12-08 13:12:30]
Starting flip_value script
version: 1.1
[INFO -- 2018-12-08 13:12:30]
Initialization strings:
[INFO -- 2018-12-08 13:12:31]
(1) file /tmp/knapsack/sa
[INFO -- 2018-12-08 13:12:31]
initSignal:0
[INFO -- 2018-12-08 13:12:31]
endSignal:9
[INFO -- 2018-12-08 13:12:31]
faultModel:2
[EXCEPTION -- 2018-12-08 13:12:36]
pythonException: Unable to exit loop in struct fields; Exiting wihtout making a bit flip
[INFO -- 2018-12-08 13:12:36]
Backtrace BEGIN:
#0  0x000055555555584f in std::vector<int, std::allocator<int> >::operator[] (this=0x555555759080 <wt>, __n=154) at /usr/include/c++/7/bits/stl_vector.h:795
#1  0x0000555555555149 in cost (solution=std::vector of length 200, capacity 200 = {...}) at knapsacksa.cpp:59
#2  0x000055555555534c in simulated_annealing () at knapsacksa.cpp:92
#3  0x0000555555555658 in main () at knapsacksa.cpp:146

790	       *  Note that data access with this operator is unchecked and
791	       *  out_of_range lookups are not defined. (For checked lookups
792	       *  see at().)
793	       */
794	      reference
795	      operator[](size_type __n) _GLIBCXX_NOEXCEPT
796	      {
797		__glibcxx_requires_subscript(__n);
798		return *(this->_M_impl._M_start + __n);
799	      }

Backtrace END
Memory content before bitflip:0x000x000x000x00
Fault Model: Random bit-flip
base address to flip value: 0x7fffffffd710
address max offset: 4
Memory content after  bitflip:0xc30xdc0x640xa0
frame name: simulated_annealing
symbol name: temp2
symbol filename: knapsacksa.cpp
symbol line: 84
value: -1604002621
value address: 0x7fffffffd710
Type: The type is an integer type.
Type sizeof: 4

[INFO -- 2018-12-08 13:12:36]
Fault Injection Successful after 5.9105939865112305s
[INFO -- 2018-12-08 13:12:36]
event type: exit
[INFO -- 2018-12-08 13:12:36]
exit code: 0
