[INFO -- 2018-11-30 05:31:15]
Starting flip_value script
version: 1.1
[INFO -- 2018-11-30 05:31:15]
Initialization strings:
[INFO -- 2018-11-30 05:31:15]
(1) file /tmp/knapsack/sa
[INFO -- 2018-11-30 05:31:15]
initSignal:0
[INFO -- 2018-11-30 05:31:15]
endSignal:7
[INFO -- 2018-11-30 05:31:15]
faultModel:2
[INFO -- 2018-11-30 05:31:15]
Backtrace BEGIN:
#0  dl_main (phdr=<optimized out>, phnum=<optimized out>, user_entry=<optimized out>, auxv=<optimized out>) at rtld.c:2286
#1  0x00007ffff7df015a in _dl_sysdep_start (start_argptr=start_argptr@entry=0x7fffffffdee0, dl_main=dl_main@entry=0x7ffff7dd73d0 <dl_main>) at ../elf/dl-sysdep.c:253
#2  0x00007ffff7dd6e88 in _dl_start_final (arg=0x7fffffffdee0) at rtld.c:414
#3  _dl_start (arg=0x7fffffffdee0) at rtld.c:520
#4  0x00007ffff7dd5ea8 in _start () from /lib64/ld-linux-x86-64.so.2
#5  0x0000000000000001 in ?? ()
#6  0x00007fffffffe268 in ?? ()
#7  0x0000000000000000 in ?? ()

2281	rtld.c: No such file or directory.

Backtrace END
Memory content before bitflip:0x000x000x000x00
Fault Model: Random bit-flip
base address to flip value: 0x7ffff7ffce70 
address max offset: 4
Memory content after  bitflip:0x820x170x970xbe
frame name: _dl_sysdep_start
symbol name: __GI___libc_enable_secure
symbol filename: ../elf/dl-sysdep.c
symbol line: 58
value: -1097394302
value address: 0x7ffff7ffce70 <__libc_enable_secure>
Type: The type is an integer type.
Type sizeof: 4

[INFO -- 2018-11-30 05:31:15]
Fault Injection Successful after 0.46933412551879883s
[INFO -- 2018-11-30 05:31:22]
event type: exit
[INFO -- 2018-11-30 05:31:22]
exit code: 0
