[INFO -- 2018-09-25 01:23:08]
Starting flip_value script
version: 1.1
[INFO -- 2018-09-25 01:23:08]
Initialization strings:
[INFO -- 2018-09-25 01:23:08]
(1) file /tmp/knapsack/ga
[INFO -- 2018-09-25 01:23:08]
initSignal:1
[INFO -- 2018-09-25 01:23:08]
endSignal:3.5
[INFO -- 2018-09-25 01:23:08]
faultModel:0
[EXCEPTION -- 2018-09-25 01:23:10]
gdbException: Cannot access memory at address 0x5555d5784e30
[EXCEPTION -- 2018-09-25 01:23:10]
pythonException: Unable to exit loop in struct fields; Exiting wihtout making a bit flip
[EXCEPTION -- 2018-09-25 01:23:10]
pythonException: empty range for randrange() (0,0, 0)
[EXCEPTION -- 2018-09-25 01:23:10]
pythonException: empty range for randrange() (0,0, 0)
[INFO -- 2018-09-25 01:23:10]
event type: exit
[EXCEPTION -- 2018-09-25 01:23:10]
exit code: no exit code available
