[INFO -- 2018-11-30 02:45:01]
Starting flip_value script
version: 1.1
[INFO -- 2018-11-30 02:45:01]
Initialization strings:
[INFO -- 2018-11-30 02:45:01]
(1) file /tmp/knapsack/sa
[INFO -- 2018-11-30 02:45:01]
initSignal:0
[INFO -- 2018-11-30 02:45:01]
endSignal:7
[INFO -- 2018-11-30 02:45:01]
faultModel:2
[INFO -- 2018-11-30 02:45:02]
Backtrace BEGIN:
#0  0x00005555555550d6 in cost (solution=std::vector of length 200, capacity 200 = {...}) at knapsacksa.cpp:28
#1  0x0000555555555259 in simulated_annealing () at knapsacksa.cpp:52
#2  0x0000555555555522 in main () at knapsacksa.cpp:85

23	}
24	
25	int cost(vector<int> &solution){
26	    int peso=0, valor=0;
27	    for(int i=0; i < n; i++){
28	       peso += solution[i] * wt[i];
29	       valor += solution[i] * val[i];
30	    }
31	    if(peso > W)
32	       return 99999999;

Backtrace END
Memory content before bitflip:0xe30x6a0x030x00
Fault Model: Random bit-flip
base address to flip value: 0x7fffffffd960
address max offset: 4
Memory content after  bitflip:0xc70xcf0xa30x0b
frame name: simulated_annealing
symbol name: temp
symbol filename: knapsacksa.cpp
symbol line: 44
value: 195284935
value address: 0x7fffffffd960
Type: The type is an integer type.
Type sizeof: 4

[INFO -- 2018-11-30 02:45:02]
Fault Injection Successful after 1.704899549484253s
[INFO -- 2018-11-30 02:45:09]
event type: exit
[INFO -- 2018-11-30 02:45:09]
exit code: 0
