[INFO -- 2018-12-08 12:46:56]
Starting flip_value script
version: 1.1
[INFO -- 2018-12-08 12:46:56]
Initialization strings:
[INFO -- 2018-12-08 12:46:56]
(1) file /tmp/knapsack/mf
[INFO -- 2018-12-08 12:46:56]
initSignal:1
[INFO -- 2018-12-08 12:46:56]
endSignal:3
[INFO -- 2018-12-08 12:46:56]
faultModel:1
[INFO -- 2018-12-08 12:46:57]
Backtrace BEGIN:
#0  knapSack () at knapsackmf.cpp:50
#1  0x0000555555555578 in main () at knapsackmf.cpp:108

45	            if (i == 0 || w == 0) {
46	                V[i][w] = 0;
47	            } else {
48	                V[i][w] = -1;
49	            }
50	            w++; w2++;
51	        }
52	
53	        if(w != w2) {
54	            exit_gracefully();

Backtrace END
Memory content before bitflip:0x310xfb0x080x00
Fault Model: Double bit-flip
base address to flip value: 0x55555575a144 
address max offset: 4
Memory content after  bitflip:0x700xfb0x080x00
frame name: main
symbol name: W2
symbol filename: knapsackmf.cpp
symbol line: 13
value: 588656
value address: 0x55555575a144 <W2>
Type: The type is an integer type.
Type sizeof: 4

[INFO -- 2018-12-08 12:46:57]
Fault Injection Successful after 1.4813745021820068s
[INFO -- 2018-12-08 12:46:57]
event type: exit
[INFO -- 2018-12-08 12:46:57]
exit code: 0
