[INFO -- 2018-12-09 08:06:41]
Starting flip_value script
version: 1.1
[INFO -- 2018-12-09 08:06:41]
Initialization strings:
[INFO -- 2018-12-09 08:06:41]
(1) file /tmp/knapsack/ga
[INFO -- 2018-12-09 08:06:41]
initSignal:1
[INFO -- 2018-12-09 08:06:41]
endSignal:8
[INFO -- 2018-12-09 08:06:41]
faultModel:1
[EXCEPTION -- 2018-12-09 08:06:45]
pythonException: Unable to exit loop in struct fields; Exiting wihtout making a bit flip
[EXCEPTION -- 2018-12-09 08:06:45]
pythonException: Unable to exit loop in struct fields; Exiting wihtout making a bit flip
[INFO -- 2018-12-09 08:06:47]
Backtrace BEGIN:
#0  0x00007ffff74e6f89 in __GI___libc_malloc (bytes=800) at malloc.c:3099
#1  0x00007ffff7adf458 in operator new(unsigned long) () from /usr/lib/x86_64-linux-gnu/libstdc++.so.6
#2  0x000055555555a35a in __gnu_cxx::new_allocator<int>::allocate (this=0x5555557767a0, __n=200) at /usr/include/c++/7/ext/new_allocator.h:111
#3  0x0000555555559871 in std::allocator_traits<std::allocator<int> >::allocate (__a=..., __n=200) at /usr/include/c++/7/bits/alloc_traits.h:436
#4  0x000055555555883e in std::_Vector_base<int, std::allocator<int> >::_M_allocate (this=0x5555557767a0, __n=200) at /usr/include/c++/7/bits/stl_vector.h:172
#5  0x0000555555558625 in std::_Vector_base<int, std::allocator<int> >::_M_create_storage (this=0x5555557767a0, __n=200) at /usr/include/c++/7/bits/stl_vector.h:187
#6  0x000055555555715d in std::_Vector_base<int, std::allocator<int> >::_Vector_base (this=0x5555557767a0, __n=200, __a=...) at /usr/include/c++/7/bits/stl_vector.h:138
#7  0x000055555555616d in std::vector<int, std::allocator<int> >::vector (this=0x5555557767a0, __x=std::vector of length 200, capacity 200 = {...}) at /usr/include/c++/7/bits/stl_vector.h:328
#8  0x0000555555558123 in chromossome::chromossome (this=0x5555557767a0) at knapsackga.cpp:63
#9  0x0000555555558180 in __gnu_cxx::new_allocator<chromossome>::construct<chromossome, chromossome const&> (this=0x7fffffffd8a0, __p=0x5555557767a0, __args#0=...) at /usr/include/c++/7/ext/new_allocator.h:136
#10 0x0000555555556d7a in std::allocator_traits<std::allocator<chromossome> >::construct<chromossome, chromossome const&> (__a=..., __p=0x5555557767a0, __args#0=...) at /usr/include/c++/7/bits/alloc_traits.h:475
#11 0x0000555555555fda in std::vector<chromossome, std::allocator<chromossome> >::push_back (this=0x7fffffffd8a0, __x=...) at /usr/include/c++/7/bits/stl_vector.h:943
#12 0x0000555555555747 in genetic_algorithm () at knapsackga.cpp:133
#13 0x0000555555555b6c in main () at knapsackga.cpp:165

3094	malloc.c: No such file or directory.

Backtrace END
Memory content before bitflip:0x310xfb0x080x00
Fault Model: Double bit-flip
base address to flip value: 0x55555575f0b0 
address max offset: 4
Memory content after  bitflip:0x130xfb0x080x00
frame name: std::vector<chromossome, std::allocator<chromossome> >::push_back
symbol name: W
symbol filename: knapsackga.cpp
symbol line: 18
value: 588563
value address: 0x55555575f0b0 <W>
Type: The type is an integer type.
Type sizeof: 4

[INFO -- 2018-12-09 08:06:47]
Fault Injection Successful after 6.2330591678619385s
[INFO -- 2018-12-09 08:06:47]
event type: exit
[INFO -- 2018-12-09 08:06:47]
exit code: 0
