[INFO -- 2018-12-08 08:58:57]
Starting flip_value script
version: 1.1
[INFO -- 2018-12-08 08:58:57]
Initialization strings:
[INFO -- 2018-12-08 08:58:57]
(1) file /tmp/knapsack/sa
[INFO -- 2018-12-08 08:58:57]
initSignal:0
[INFO -- 2018-12-08 08:58:57]
endSignal:9
[INFO -- 2018-12-08 08:58:57]
faultModel:0
[INFO -- 2018-12-08 08:58:57]
Backtrace BEGIN:
#0  rand () at rand.c:28
#1  0x000055555555508f in random01 () at knapsacksa.cpp:48
#2  0x00005555555553a6 in simulated_annealing () at knapsacksa.cpp:104
#3  0x0000555555555658 in main () at knapsacksa.cpp:146

23	rand.c: No such file or directory.

Backtrace END
Memory content before bitflip:0xc80x000x000x00
Fault Model: Single bit-flip
base address to flip value: 0x555555759038 
address max offset: 4
Memory content after  bitflip:0xc80x080x000x00
frame name: simulated_annealing
symbol name: n
symbol filename: knapsacksa.cpp
symbol line: 13
value: 2248
value address: 0x555555759038 <n>
Type: The type is an integer type.
Type sizeof: 4

[INFO -- 2018-12-08 08:58:57]
Fault Injection Successful after 0.8524210453033447s
[INFO -- 2018-12-08 08:58:57]
event type: exit
[INFO -- 2018-12-08 08:58:57]
exit code: 0
