[INFO -- 2018-09-23 13:50:42]
Starting flip_value script
version: 1.1
[INFO -- 2018-09-23 13:50:42]
Initialization strings:
[INFO -- 2018-09-23 13:50:42]
(1) file /tmp/knapsack/sa
[INFO -- 2018-09-23 13:50:42]
initSignal:0
[INFO -- 2018-09-23 13:50:42]
endSignal:2
[INFO -- 2018-09-23 13:50:42]
faultModel:1
[INFO -- 2018-09-23 13:50:42]
Backtrace BEGIN:
#0  0x00007ffff7df24d7 in mprotect () at ../sysdeps/unix/syscall-template.S:84
#1  0x00007ffff7ddc529 in _dl_map_segments (loader=0x0, has_holes=<optimized out>, maplength=4061792, nloadcmds=2, loadcmds=0x7fffffffd1d0, type=<optimized out>, header=0x7fffffffd5a8, fd=4, l=0x7ffff7fc6ed0) at ./dl-map-segments.h:73
#2  _dl_map_object_from_fd (name=name@entry=0x5555555547ec "libc.so.6", origname=origname@entry=0x0, fd=4, fbp=0x7fffffffd5a0, realname=0x7ffff7fc6eb0 "/lib/x86_64-linux-gnu/libc.so.6", loader=loader@entry=0x7ffff7ffe150, l_type=1, mode=0, stack_endp=0x7fffffffd598, nsid=0) at dl-load.c:1205
#3  0x00007ffff7dddf85 in _dl_map_object (loader=0x7ffff7ffe150, name=0x5555555547ec "libc.so.6", type=1, trace_mode=0, mode=<optimized out>, nsid=<optimized out>) at dl-load.c:2458
#4  0x00007ffff7de3280 in openaux (a=a@entry=0x7fffffffdc00) at dl-deps.c:63
#5  0x00007ffff7df10b0 in _dl_catch_error (objname=objname@entry=0x7fffffffdbf8, errstring=errstring@entry=0x7fffffffdbf0, mallocedp=mallocedp@entry=0x7fffffffdbef, operate=operate@entry=0x7ffff7de3250 <openaux>, args=args@entry=0x7fffffffdc00) at dl-error-skeleton.c:198
#6  0x00007ffff7de389b in _dl_map_object_deps (map=map@entry=0x7ffff7ffe150, preloads=<optimized out>, npreloads=npreloads@entry=0, trace_mode=trace_mode@entry=0, open_mode=open_mode@entry=0) at dl-deps.c:254
#7  0x00007ffff7dd8b14 in dl_main (phdr=<optimized out>, phnum=<optimized out>, user_entry=<optimized out>, auxv=<optimized out>) at rtld.c:1725
#8  0x00007ffff7df015a in _dl_sysdep_start (start_argptr=start_argptr@entry=0x7fffffffdf80, dl_main=dl_main@entry=0x7ffff7dd73d0 <dl_main>) at ../elf/dl-sysdep.c:253
#9  0x00007ffff7dd6e88 in _dl_start_final (arg=0x7fffffffdf80) at rtld.c:414
#10 _dl_start (arg=0x7fffffffdf80) at rtld.c:520
#11 0x00007ffff7dd5ea8 in _start () from /lib64/ld-linux-x86-64.so.2
#12 0x0000000000000001 in ?? ()
#13 0x00007fffffffe2f7 in ?? ()
#14 0x0000000000000000 in ?? ()

79	../sysdeps/unix/syscall-template.S: No such file or directory.

Backtrace END
Memory content before bitflip:0x000x000x000x00
Fault Model: Double bit-flip
base address to flip value: 0x7ffff7ffc804 
address max offset: 4
Memory content after  bitflip:0x000x300x000x00
frame name: dl_main
symbol name: version_info
symbol filename: rtld.c
symbol line: 826
value: 12288
value address: 0x7ffff7ffc804 <version_info>
Type: The type is an integer type.
Type sizeof: 4

[INFO -- 2018-09-23 13:50:42]
Fault Injection Successful after 0.9750611782073975s
[INFO -- 2018-09-23 13:50:45]
event type: exit
[INFO -- 2018-09-23 13:50:45]
exit code: 0
