[INFO -- 2018-09-21 22:17:42]
Starting flip_value script
version: 1.1
[INFO -- 2018-09-21 22:17:42]
Initialization strings:
[INFO -- 2018-09-21 22:17:42]
(1) file /tmp/knapsack/dp
[INFO -- 2018-09-21 22:17:42]
initSignal:1
[INFO -- 2018-09-21 22:17:42]
endSignal:3
[INFO -- 2018-09-21 22:17:42]
faultModel:2
[INFO -- 2018-09-21 22:17:44]
Backtrace BEGIN:
#0  0x00005555555555ab in std::vector<std::vector<int, std::allocator<int> >, std::allocator<std::vector<int, std::allocator<int> > > >::operator[] (this=0x7fffffffda30, __n=55) at /usr/include/c++/7/bits/stl_vector.h:795
#1  0x0000555555555082 in knapSack (W=588593, n=200, val=std::vector of length 200, capacity 256 = {...}, wt=std::vector of length 200, capacity 256 = {...}) at knapsackdp.cpp:24
#2  0x0000555555555375 in main () at knapsackdp.cpp:54

790	       *  Note that data access with this operator is unchecked and
791	       *  out_of_range lookups are not defined. (For checked lookups
792	       *  see at().)
793	       */
794	      reference
795	      operator[](size_type __n) _GLIBCXX_NOEXCEPT
796	      {
797		__glibcxx_requires_subscript(__n);
798		return *(this->_M_impl._M_start + __n);
799	      }

Backtrace END
Fliping a bit of the value pointed by a pointer
Fliping value of field: std::_Vector_base<std::vector<int, std::allocator<int> >, std::allocator<std::vector<int, std::allocator<int> > > >
Fliping value of field: _M_impl
Fliping value of field: _M_start
Fliping a bit of the value pointed by a pointer
Fliping value of field: std::_Vector_base<int, std::allocator<int> >
Fliping value of field: _M_impl
Fliping value of field: _M_start
Fliping a bit of the pointer
Memory content before bitflip:0x410x290x000x000xef0x280x000x00
Fault Model: Random bit-flip
base address to flip value: 0x555555770fc0
address max offset: 8
Memory content after  bitflip:0x6c0xd60x7c0x3d0xf50xc40x290xea
frame name: std::vector<std::vector<int, std::allocator<int> >, std::allocator<std::vector<int, std::allocator<int> > > >::operator[]
symbol name: this
symbol filename: knapsackdp.cpp
symbol line: 0
value: 0x7fffffffda30
value address: 0x7fffffffd938
Type: The type is a pointer.
Type sizeof: 8

[INFO -- 2018-09-21 22:17:44]
Fault Injection Successful after 2.1469128131866455s
[INFO -- 2018-09-21 22:17:46]
event type: exit
[INFO -- 2018-09-21 22:17:46]
exit code: 0
