[INFO -- 2018-09-21 21:14:01]
Starting flip_value script
version: 1.1
[INFO -- 2018-09-21 21:14:01]
Initialization strings:
[INFO -- 2018-09-21 21:14:01]
(1) file /tmp/knapsack/dp
[INFO -- 2018-09-21 21:14:01]
initSignal:1
[INFO -- 2018-09-21 21:14:01]
endSignal:3
[INFO -- 2018-09-21 21:14:01]
faultModel:2
[EXCEPTION -- 2018-09-21 21:14:02]
pythonException: Unable to exit loop in struct fields; Exiting wihtout making a bit flip
[INFO -- 2018-09-21 21:14:02]
Backtrace BEGIN:
#0  std::vector<int, std::allocator<int> >::operator[] (this=0x555555771598, __n=578556) at /usr/include/c++/7/bits/stl_vector.h:795
#1  0x0000555555555040 in knapSack (W=588593, n=200, val=std::vector of length 200, capacity 256 = {...}, wt=std::vector of length 200, capacity 256 = {...}) at knapsackdp.cpp:24
#2  0x0000555555555375 in main () at knapsackdp.cpp:54

790	       *  Note that data access with this operator is unchecked and
791	       *  out_of_range lookups are not defined. (For checked lookups
792	       *  see at().)
793	       */
794	      reference
795	      operator[](size_type __n) _GLIBCXX_NOEXCEPT
796	      {
797		__glibcxx_requires_subscript(__n);
798		return *(this->_M_impl._M_start + __n);
799	      }

Backtrace END
Memory content before bitflip:0xfc0xd30x080x000x000x000x000x00
Fault Model: Random bit-flip
base address to flip value: 0x7fffffffd930
address max offset: 8
Memory content after  bitflip:0xc90xd50x100xde0x8b0x880xd10x97
frame name: std::vector<int, std::allocator<int> >::operator[]
symbol name: __n
symbol filename: /usr/include/c++/7/bits/stl_vector.h
symbol line: 795
value: 10939675104167122377
value address: 0x7fffffffd930
Type: The type is an integer type.
Type sizeof: 8

[INFO -- 2018-09-21 21:14:02]
Fault Injection Successful after 1.8446834087371826s
[INFO -- 2018-09-21 21:14:05]
event type: exit
[INFO -- 2018-09-21 21:14:05]
exit code: 0
