[INFO -- 2018-09-23 14:04:52]
Starting flip_value script
version: 1.1
[INFO -- 2018-09-23 14:04:52]
Initialization strings:
[INFO -- 2018-09-23 14:04:52]
(1) file /tmp/knapsack/sa
[INFO -- 2018-09-23 14:04:52]
initSignal:0
[INFO -- 2018-09-23 14:04:52]
endSignal:2
[INFO -- 2018-09-23 14:04:52]
faultModel:4
[INFO -- 2018-09-23 14:04:54]
Backtrace BEGIN:
#0  0x00005555555550f2 in simulated_annealing () at knapsacksa.cpp:49
#1  0x000055555555535e in main () at knapsacksa.cpp:84

44	    //int co=0;
45	
46	    for(int t = 0; t < 1000000; t++){
47	         vector<int> s(solution);
48	         int i = rand() % n;
49	         s[i] = 1 - s[i];
50	         int c = cost(s);
51	         int delta = c - best;
52	         if(delta <= 0){
53	             solution = s;

Backtrace END
Memory content before bitflip:0xff0xe00xf50x05
Fault Model: LSB bit-flip
base address to flip value: 0x7fffffffd9f8
address max offset: 4
Memory content after  bitflip:0xff0xe00xf50x25
frame name: simulated_annealing
symbol name: c
symbol filename: knapsacksa.cpp
symbol line: 50
value: 636870911
value address: 0x7fffffffd9f8
Type: The type is an integer type.
Type sizeof: 4

[INFO -- 2018-09-23 14:04:54]
Fault Injection Successful after 2.573284864425659s
[INFO -- 2018-09-23 14:04:55]
event type: exit
[INFO -- 2018-09-23 14:04:55]
exit code: 0
