[INFO -- 2018-11-30 01:47:36]
Starting flip_value script
version: 1.1
[INFO -- 2018-11-30 01:47:36]
Initialization strings:
[INFO -- 2018-11-30 01:47:36]
(1) file /tmp/knapsack/sa
[INFO -- 2018-11-30 01:47:36]
initSignal:0
[INFO -- 2018-11-30 01:47:36]
endSignal:7
[INFO -- 2018-11-30 01:47:36]
faultModel:0
[INFO -- 2018-11-30 01:47:41]
Backtrace BEGIN:
#0  0x0000555555555259 in simulated_annealing () at knapsacksa.cpp:52
#1  0x0000555555555532 in main () at knapsacksa.cpp:87

47	
48	    for(int t = 0; t < 1000000; t++){
49	         vector<int> s(solution);
50	         int i = rand() % n;
51	         s[i] = 1 - s[i];
52	         int c = cost(s);
53	         int delta = c - best;
54	         if(delta <= 0){
55	             solution = s;
56	             best = c;

Backtrace END
Memory content before bitflip:0xe50x610xf80xff
Fault Model: Single bit-flip
base address to flip value: 0x7fffffffd954
address max offset: 4
Memory content after  bitflip:0xe50x610xfa0xff
frame name: simulated_annealing
symbol name: best
symbol filename: knapsacksa.cpp
symbol line: 43
value: -368155
value address: 0x7fffffffd954
Type: The type is an integer type.
Type sizeof: 4

[INFO -- 2018-11-30 01:47:41]
Fault Injection Successful after 5.12005352973938s
[INFO -- 2018-11-30 01:47:44]
event type: exit
[INFO -- 2018-11-30 01:47:44]
exit code: 0
