[INFO -- 2018-12-07 23:27:43]
Starting flip_value script
version: 1.1
[INFO -- 2018-12-07 23:27:43]
Initialization strings:
[INFO -- 2018-12-07 23:27:43]
(1) file /tmp/knapsack/sa
[INFO -- 2018-12-07 23:27:43]
initSignal:0
[INFO -- 2018-12-07 23:27:43]
endSignal:9
[INFO -- 2018-12-07 23:27:43]
faultModel:2
[EXCEPTION -- 2018-12-07 23:27:44]
pythonException: empty range for randrange() (0,0, 0)
[INFO -- 2018-12-07 23:27:44]
Backtrace BEGIN:
#0  0x000055555555517a in cost (solution=std::vector of length 200, capacity 200 = {...}) at knapsacksa.cpp:61
#1  0x000055555555534c in simulated_annealing () at knapsacksa.cpp:92
#2  0x0000555555555658 in main () at knapsacksa.cpp:146

56	    int peso=0, peso2=0, valor=0, valor2=0;
57	    for(int i=0; i < n; i++){
58	        peso += solution[i] * wt[i];
59	        valor += solution[i] * val[i];
60	    }
61	    for(int i=0; i < n; i++){
62	        peso2 += solution[i] * wt2[i];
63	        valor2 += solution[i] * val2[i];
64	    }
65	    if(peso != peso2 || valor != valor2){

Backtrace END
Memory content before bitflip:0x1e0x940x070x00
Fault Model: Random bit-flip
base address to flip value: 0x7fffffffd6a8
address max offset: 4
Memory content after  bitflip:0x9f0x150x0b0x89
frame name: cost
symbol name: peso
symbol filename: knapsacksa.cpp
symbol line: 56
value: -1995762273
value address: 0x7fffffffd6a8
Type: The type is an integer type.
Type sizeof: 4

[INFO -- 2018-12-07 23:27:44]
Fault Injection Successful after 1.9359509944915771s
[INFO -- 2018-12-07 23:27:44]
event type: exit
[INFO -- 2018-12-07 23:27:44]
exit code: 0
