[INFO -- 2018-12-08 20:49:31]
Starting flip_value script
version: 1.1
[INFO -- 2018-12-08 20:49:31]
Initialization strings:
[INFO -- 2018-12-08 20:49:31]
(1) file /tmp/knapsack/ga
[INFO -- 2018-12-08 20:49:31]
initSignal:1
[INFO -- 2018-12-08 20:49:31]
endSignal:8
[INFO -- 2018-12-08 20:49:31]
faultModel:1
[EXCEPTION -- 2018-12-08 20:49:33]
pythonException: empty range for randrange() (0,0, 0)
[INFO -- 2018-12-08 20:49:34]
Backtrace BEGIN:
#0  crossover (pai=std::vector of length 200, capacity 200 = {...}, mae=std::vector of length 200, capacity 200 = {...}, filho1=std::vector of length 200, capacity 200 = {...}, filho2=std::vector of length 200, capacity 200 = {...}) at knapsackga.cpp:100
#1  0x00005555555556d7 in genetic_algorithm () at knapsackga.cpp:130
#2  0x0000555555555b6c in main () at knapsackga.cpp:165

95	        mask[i] = rand_bit();
96	    }
97	    filho1 = pai;
98	    filho2 = mae;
99	    for(int i = 0; i < n; i++){
100	        if(mask[i]){
101	            swap(filho1[i], filho2[i]);
102	        }
103	    }
104	}

Backtrace END
Memory content before bitflip:0xc80x000x000x00
Fault Model: Double bit-flip
base address to flip value: 0x55555575f0ac 
address max offset: 4
Memory content after  bitflip:0xc80x000x820x00
frame name: genetic_algorithm
symbol name: n2
symbol filename: knapsackga.cpp
symbol line: 18
value: 8519880
value address: 0x55555575f0ac <n2>
Type: The type is an integer type.
Type sizeof: 4

[INFO -- 2018-12-08 20:49:34]
Fault Injection Successful after 3.0002896785736084s
[INFO -- 2018-12-08 20:49:34]
event type: exit
[INFO -- 2018-12-08 20:49:34]
exit code: 0
