[INFO -- 2018-12-01 02:16:04]
Starting flip_value script
version: 1.1
[INFO -- 2018-12-01 02:16:04]
Initialization strings:
[INFO -- 2018-12-01 02:16:04]
(1) file /tmp/knapsack/ga
[INFO -- 2018-12-01 02:16:04]
initSignal:0
[INFO -- 2018-12-01 02:16:04]
endSignal:13
[INFO -- 2018-12-01 02:16:04]
faultModel:2
[INFO -- 2018-12-01 02:16:07]
Backtrace BEGIN:
#0  0x0000555555559783 in std::swap<int*> (__a=@0x7fffffffd8c0: 0x555555780b80, __b=@0x7fffffffd940: 0x555555780b80) at /usr/include/c++/7/bits/move.h:200
#1  0x0000555555558719 in std::_Vector_base<int, std::allocator<int> >::_Vector_impl::_M_swap_data (this=0x7fffffffd8c0, __x=...) at /usr/include/c++/7/bits/stl_vector.h:105
#2  0x00005555555576d2 in std::vector<int, std::allocator<int> >::_M_move_assign (this=0x7fffffffd8c0, __x=...) at /usr/include/c++/7/bits/stl_vector.h:1533
#3  0x00005555555566e3 in std::vector<int, std::allocator<int> >::operator= (this=0x7fffffffd8c0, __x=...) at /usr/include/c++/7/bits/stl_vector.h:466
#4  0x0000555555555597 in genetic_algorithm () at knapsackga.cpp:103
#5  0x0000555555555a9b in main () at knapsackga.cpp:141

195	      // concept requirements
196	      __glibcxx_function_requires(_SGIAssignableConcept<_Tp>)
197	
198	      _Tp __tmp = _GLIBCXX_MOVE(__a);
199	      __a = _GLIBCXX_MOVE(__b);
200	      __b = _GLIBCXX_MOVE(__tmp);
201	    }
202	
203	  // _GLIBCXX_RESOLVE_LIB_DEFECTS
204	  // DR 809. std::swap should be overloaded for array types.

Backtrace END
Memory content before bitflip:0x310xfb0x080x00
Fault Model: Random bit-flip
base address to flip value: 0x55555575f17c 
address max offset: 4
Memory content after  bitflip:0xbd0xa30xa70xf6
frame name: std::swap<int*>
symbol name: W
symbol filename: knapsackga.cpp
symbol line: 16
value: -156785731
value address: 0x55555575f17c <W>
Type: The type is an integer type.
Type sizeof: 4

[INFO -- 2018-12-01 02:16:07]
Fault Injection Successful after 3.033975601196289s
[INFO -- 2018-12-01 02:16:16]
event type: exit
[INFO -- 2018-12-01 02:16:16]
exit code: 0
