[INFO -- 2018-12-09 00:16:53]
Starting flip_value script
version: 1.1
[INFO -- 2018-12-09 00:16:53]
Initialization strings:
[INFO -- 2018-12-09 00:16:53]
(1) file /tmp/knapsack/ga
[INFO -- 2018-12-09 00:16:53]
initSignal:1
[INFO -- 2018-12-09 00:16:53]
endSignal:8
[INFO -- 2018-12-09 00:16:53]
faultModel:1
[INFO -- 2018-12-09 00:16:56]
Backtrace BEGIN:
#0  rand () at rand.c:28
#1  0x00005555555551fd in tournament (pop=std::vector of length 40, capacity 64 = {...}) at knapsackga.cpp:83
#2  0x0000555555555653 in genetic_algorithm () at knapsackga.cpp:128
#3  0x0000555555555b6c in main () at knapsackga.cpp:165

23	rand.c: No such file or directory.

Backtrace END
Fliping value of field: fitness
Memory content before bitflip:0xe60x7a0x550x55
Fault Model: Double bit-flip
base address to flip value: 0x7fffffffd998
address max offset: 4
Memory content after  bitflip:0xe60x7a0x7d0x55
frame name: genetic_algorithm
symbol name: f1
symbol filename: knapsackga.cpp
symbol line: 131
value: {solution = std::vector of length 200, capacity 200 = {1433943824, 21845, 0, 0, 1, 1, 0, 0, 0, 0, 0, 0, 0, 1, 1, 1, 1, 0, 0, 1, 0, 0, 0, 0, 1, 0, 0, 1, 1, 0, 0, 0, 0, 1, 1, 0, 0, 1, 1, 1, 0, 0, 0, 0, 1, 0, 1, 0, 1, 0, 1, 1, 1, 0, 1, 1, 1, 0, 0, 1, 1, 0, 0, 0, 0, 0, 1, 0, 0, 0, 1, 0, 0, 0, 0, 1, 0, 0, 0, 1, 1, 0, 0, 1, 1, 0, 1, 0, 1, 0, 0, 1, 0, 0, 1, 0, 0, 0, 0, 0, 0, 1, 0, 1, 0, 1, 1, 1, 0, 0, 1, 0, 0, 1, 0, 1, 0, 0, 0, 1, 1, 0, 1, 0, 0, 0, 0, 0, 1, 1, 1, 1, 0, 1, 1, 0, 0, 0, 1, 0, 0, 0, 1, 0, 1, 0, 0, 0, 0, 1, 0, 0, 0, 0, 0, 0, 0, 1, 1, 1, 1, 0, 0, 0, 1, 0, 1, 0, 0, 1, 0, 0, 1, 0, 1, 0, 0, 0, 1, 0, 1, 0, 0, 1, 0, 0, 1, 1, 1, 1, 0, 0, 0, 0, 0, 0, 0, 0, 0, 1...}, fitness = 1434286822}
value address: 0x7fffffffd980
Type: The type is a structure.
Type sizeof: 32
Field name: solution
Field Type: The type is a structure.
Field Type sizeof: 24
Field name: fitness
Field Type: The type is an integer type.
Field Type sizeof: 4

[INFO -- 2018-12-09 00:16:56]
Fault Injection Successful after 3.8685238361358643s
[INFO -- 2018-12-09 00:17:01]
event type: exit
[INFO -- 2018-12-09 00:17:01]
exit code: 0
