[INFO -- 2018-12-07 23:07:12]
Starting flip_value script
version: 1.1
[INFO -- 2018-12-07 23:07:12]
Initialization strings:
[INFO -- 2018-12-07 23:07:12]
(1) file /tmp/knapsack/ga
[INFO -- 2018-12-07 23:07:12]
initSignal:1
[INFO -- 2018-12-07 23:07:12]
endSignal:8
[INFO -- 2018-12-07 23:07:12]
faultModel:3
[INFO -- 2018-12-07 23:07:13]
Backtrace BEGIN:
#0  __random () at random.c:288
#1  0x00007ffff7494ea9 in rand () at rand.c:27
#2  0x0000555555554ff1 in rand_bit () at knapsackga.cpp:30
#3  0x0000555555555353 in crossover (pai=std::vector of length 200, capacity 200 = {...}, mae=std::vector of length 200, capacity 200 = {...}, filho1=std::vector of length 0, capacity 0, filho2=std::vector of length 0, capacity 0) at knapsackga.cpp:95
#4  0x00005555555556d7 in genetic_algorithm () at knapsackga.cpp:130
#5  0x0000555555555b6c in main () at knapsackga.cpp:165

283	random.c: No such file or directory.

Backtrace END
Fliping a bit of the reference
Memory content before bitflip:0x000x000x000x000x000x000x000x00
Fault Model: Zero bit-flip
base address to flip value: 0x7fffffffd900
address max offset: 8
Memory content after  bitflip:0x000x000x000x000x000x000x000x00
frame name: crossover
symbol name: filho1
symbol filename: knapsackga.cpp
symbol line: 92
value: std::vector of length 0, capacity 0
value address: 0x7fffffffd900
Type: A reference type.
Type sizeof: 8

[INFO -- 2018-12-07 23:07:13]
Fault Injection Successful after 1.6381359100341797s
[INFO -- 2018-12-07 23:07:20]
event type: exit
[INFO -- 2018-12-07 23:07:20]
exit code: 0
