[INFO -- 2018-12-01 01:28:05]
Starting flip_value script
version: 1.1
[INFO -- 2018-12-01 01:28:05]
Initialization strings:
[INFO -- 2018-12-01 01:28:05]
(1) file /tmp/knapsack/ga
[INFO -- 2018-12-01 01:28:05]
initSignal:0
[INFO -- 2018-12-01 01:28:05]
endSignal:13
[INFO -- 2018-12-01 01:28:05]
faultModel:1
[INFO -- 2018-12-01 01:28:06]
Backtrace BEGIN:
#0  cost (solution=std::vector of length 200, capacity 200 = {...}) at knapsackga.cpp:25
#1  0x000055555555578e in genetic_algorithm () at knapsackga.cpp:112
#2  0x0000555555555a9b in main () at knapsackga.cpp:141

20	    return rand() % 2;
21	}
22	
23	int cost(vector<int> &solution){
24	    int peso=0, valor=0;
25	    for(int i=0; i < n; i++){
26	        peso += solution[i] * wt[i];
27	        valor += solution[i] * val[i];
28	    }
29	

Backtrace END
Memory content before bitflip:0xff0x7f0x000x00
Fault Model: Double bit-flip
base address to flip value: 0x7fffffffd9dc
address max offset: 4
Memory content after  bitflip:0xff0x7f0x120x00
frame name: main
symbol name: result2
symbol filename: knapsackga.cpp
symbol line: 143
value: 1212415
value address: 0x7fffffffd9dc
Type: The type is an integer type.
Type sizeof: 4

[INFO -- 2018-12-01 01:28:06]
Fault Injection Successful after 1.5218720436096191s
[INFO -- 2018-12-01 01:28:17]
event type: exit
[INFO -- 2018-12-01 01:28:17]
exit code: 0
