[INFO -- 2018-12-01 11:41:10]
Starting flip_value script
version: 1.1
[INFO -- 2018-12-01 11:41:10]
Initialization strings:
[INFO -- 2018-12-01 11:41:10]
(1) file /tmp/knapsack/mf
[INFO -- 2018-12-01 11:41:10]
initSignal:0
[INFO -- 2018-12-01 11:41:10]
endSignal:12
[INFO -- 2018-12-01 11:41:10]
faultModel:2
[EXCEPTION -- 2018-12-01 11:41:11]
gdbException: Cannot access memory at address 0xbddff5a1bbebed94
[EXCEPTION -- 2018-12-01 11:41:11]
gdbException: Cannot access memory at address 0xd43bd7bbfcafdd08
[EXCEPTION -- 2018-12-01 11:41:12]
pythonException: empty range for randrange() (0,0, 0)
[INFO -- 2018-12-01 11:41:12]
event type: exit
[EXCEPTION -- 2018-12-01 11:41:12]
exit code: no exit code available
