[INFO -- 2018-09-23 19:53:29]
Starting flip_value script
version: 1.1
[INFO -- 2018-09-23 19:53:29]
Initialization strings:
[INFO -- 2018-09-23 19:53:29]
(1) file /tmp/knapsack/sa
[INFO -- 2018-09-23 19:53:29]
initSignal:0
[INFO -- 2018-09-23 19:53:29]
endSignal:2
[INFO -- 2018-09-23 19:53:29]
faultModel:2
[INFO -- 2018-09-23 19:53:30]
Backtrace BEGIN:
#0  0x0000555555555504 in std::vector<int, std::allocator<int> >::operator[] (this=0x7fffffffda00, __n=145) at /usr/include/c++/7/bits/stl_vector.h:795
#1  0x0000555555554fde in cost (solution=std::vector of length 200, capacity 200 = {...}) at knapsacksa.cpp:29
#2  0x000055555555511f in simulated_annealing () at knapsacksa.cpp:50
#3  0x000055555555535e in main () at knapsacksa.cpp:84

790	       *  Note that data access with this operator is unchecked and
791	       *  out_of_range lookups are not defined. (For checked lookups
792	       *  see at().)
793	       */
794	      reference
795	      operator[](size_type __n) _GLIBCXX_NOEXCEPT
796	      {
797		__glibcxx_requires_subscript(__n);
798		return *(this->_M_impl._M_start + __n);
799	      }

Backtrace END
Fliping a bit of the value pointed by a pointer
Fliping value of field: std::_Vector_base<int, std::allocator<int> >
Fliping value of field: _M_impl
Fliping value of field: _M_end_of_storage
Fliping a bit of the pointer
Memory content before bitflip:0x200x1a0x770x550x550x550x000x00
Fault Model: Random bit-flip
base address to flip value: 0x7fffffffda10
address max offset: 8
Memory content after  bitflip:0x3c0x6b0x8f0xf20xb10xcf0xda0x98
frame name: std::vector<int, std::allocator<int> >::operator[]
symbol name: this
symbol filename: knapsacksa.cpp
symbol line: 0
value: 0x7fffffffda00
value address: 0x7fffffffd958
Type: The type is a pointer.
Type sizeof: 8

[INFO -- 2018-09-23 19:53:30]
Fault Injection Successful after 1.0950214862823486s
[INFO -- 2018-09-23 19:53:31]
event type: exit
[INFO -- 2018-09-23 19:53:31]
exit code: 0
