[INFO -- 2018-09-25 01:10:40]
Starting flip_value script
version: 1.1
[INFO -- 2018-09-25 01:10:40]
Initialization strings:
[INFO -- 2018-09-25 01:10:40]
(1) file /tmp/knapsack/ga
[INFO -- 2018-09-25 01:10:40]
initSignal:1
[INFO -- 2018-09-25 01:10:40]
endSignal:3.5
[INFO -- 2018-09-25 01:10:40]
faultModel:4
[EXCEPTION -- 2018-09-25 01:10:42]
pythonException: Unable to exit loop in struct fields; Exiting wihtout making a bit flip
[EXCEPTION -- 2018-09-25 01:10:42]
pythonException: Unable to exit loop in struct fields; Exiting wihtout making a bit flip
[EXCEPTION -- 2018-09-25 01:10:42]
pythonException: Unable to exit loop in struct fields; Exiting wihtout making a bit flip
[INFO -- 2018-09-25 01:10:44]
Backtrace BEGIN:
#0  0x000055555555832c in std::_Vector_base<int, std::allocator<int> >::_M_create_storage (this=0x555555776490, __n=200) at /usr/include/c++/7/bits/stl_vector.h:187
#1  0x0000555555556e73 in std::_Vector_base<int, std::allocator<int> >::_Vector_base (this=0x555555776490, __n=200, __a=...) at /usr/include/c++/7/bits/stl_vector.h:138
#2  0x0000555555555e83 in std::vector<int, std::allocator<int> >::vector (this=0x555555776490, __x=std::vector of length 200, capacity 256 = {...}) at /usr/include/c++/7/bits/stl_vector.h:328
#3  0x0000555555557e39 in chromossome::chromossome (this=0x555555776490) at knapsackga.cpp:42
#4  0x0000555555557e96 in __gnu_cxx::new_allocator<chromossome>::construct<chromossome, chromossome const&> (this=0x7fffffffd870, __p=0x555555776490, __args#0=...) at /usr/include/c++/7/ext/new_allocator.h:136
#5  0x0000555555556a90 in std::allocator_traits<std::allocator<chromossome> >::construct<chromossome, chromossome const&> (__a=..., __p=0x555555776490, __args#0=...) at /usr/include/c++/7/bits/alloc_traits.h:475
#6  0x0000555555556b50 in std::vector<chromossome, std::allocator<chromossome> >::_M_realloc_insert<chromossome const&> (this=0x7fffffffd870, __position={solution = std::vector of length 36, capacity 0 = {<error reading variable>, __args#0=...) at /usr/include/c++/7/bits/vector.tcc:415
#7  0x0000555555555d28 in std::vector<chromossome, std::allocator<chromossome> >::push_back (this=0x7fffffffd870, __x=...) at /usr/include/c++/7/bits/stl_vector.h:948
#8  0x000055555555502c in tournament (pop=std::vector of length 40, capacity 64 = {...}) at knapsackga.cpp:63
#9  0x0000555555555447 in genetic_algorithm () at knapsackga.cpp:103
#10 0x00005555555558d7 in main () at knapsackga.cpp:137

182	
183	    private:
184	      void
185	      _M_create_storage(size_t __n)
186	      {
187		this->_M_impl._M_start = this->_M_allocate(__n);
188		this->_M_impl._M_finish = this->_M_impl._M_start;
189		this->_M_impl._M_end_of_storage = this->_M_impl._M_start + __n;
190	      }
191	    };

Backtrace END
Fliping a bit of the value pointed by a pointer
Fliping value of field: fitness
Memory content before bitflip:0xe20x250xf80xff
Fault Model: LSB bit-flip
base address to flip value: 0x555555776468
address max offset: 4
Memory content after  bitflip:0xe20x250xf80xfd
frame name: std::vector<chromossome, std::allocator<chromossome> >::_M_realloc_insert<chromossome const&>
symbol name: __new_finish
symbol filename: /usr/include/c++/7/bits/vector.tcc
symbol line: 407
value: 0x555555776450
value address: 0x7fffffffd7e8
Type: The type is a pointer.
Type sizeof: 8

[INFO -- 2018-09-25 01:10:44]
Fault Injection Successful after 4.152843475341797s
[INFO -- 2018-09-25 01:10:44]
event type: exit
[INFO -- 2018-09-25 01:10:44]
exit code: 0
