[INFO -- 2018-12-08 18:15:49]
Starting flip_value script
version: 1.1
[INFO -- 2018-12-08 18:15:49]
Initialization strings:
[INFO -- 2018-12-08 18:15:49]
(1) file /tmp/knapsack/ga
[INFO -- 2018-12-08 18:15:49]
initSignal:1
[INFO -- 2018-12-08 18:15:49]
endSignal:8
[INFO -- 2018-12-08 18:15:49]
faultModel:2
[INFO -- 2018-12-08 18:15:53]
Backtrace BEGIN:
#0  0x0000555555558090 in std::_Vector_base<chromossome, std::allocator<chromossome> >::_Vector_impl::_Vector_impl (this=0x7fffffffd820) at /usr/include/c++/7/bits/stl_vector.h:89
#1  0x0000555555556caa in std::_Vector_base<chromossome, std::allocator<chromossome> >::_Vector_base (this=0x7fffffffd820) at /usr/include/c++/7/bits/stl_vector.h:127
#2  0x0000555555555f32 in std::vector<chromossome, std::allocator<chromossome> >::vector (this=0x7fffffffd820) at /usr/include/c++/7/bits/stl_vector.h:263
#3  0x00005555555551eb in tournament (pop=std::vector of length 40, capacity 64 = {...}) at knapsackga.cpp:80
#4  0x0000555555555691 in genetic_algorithm () at knapsackga.cpp:129
#5  0x0000555555555b6c in main () at knapsackga.cpp:165

84		pointer _M_start;
85		pointer _M_finish;
86		pointer _M_end_of_storage;
87	
88		_Vector_impl()
89		: _Tp_alloc_type(), _M_start(), _M_finish(), _M_end_of_storage()
90		{ }
91	
92		_Vector_impl(_Tp_alloc_type const& __a) _GLIBCXX_NOEXCEPT
93		: _Tp_alloc_type(__a), _M_start(), _M_finish(), _M_end_of_storage()

Backtrace END
Fliping value of field: fitness
Memory content before bitflip:0xff0xe00xf50x05
Fault Model: Random bit-flip
base address to flip value: 0x7fffffffd9b8
address max offset: 4
Memory content after  bitflip:0x2b0x070xf40x67
frame name: genetic_algorithm
symbol name: f2
symbol filename: knapsackga.cpp
symbol line: 131
value: {solution = std::vector of length 200, capacity 200 = {0, 0, 0, 0, 1, 1, 0, 0, 0, 0, 0, 0, 0, 1, 1, 1, 1, 0, 0, 1, 0, 0, 0, 0, 1, 0, 0, 1, 1, 0, 0, 0, 0, 1, 1, 0, 0, 1, 1, 1, 0, 0, 0, 0, 1, 0, 1, 0, 1, 0, 1, 1, 1, 0, 1, 1, 1, 0, 0, 1, 1, 0, 0, 0, 0, 0, 1, 0, 0, 0, 1, 0, 0, 0, 0, 1, 0, 0, 0, 1, 1, 0, 0, 1, 1, 0, 1, 0, 1, 0, 0, 1, 0, 0, 1, 0, 0, 0, 0, 0, 0, 1, 0, 1, 0, 1, 1, 1, 0, 0, 1, 0, 0, 1, 0, 1, 0, 0, 0, 1, 1, 0, 1, 0, 0, 0, 0, 0, 1, 1, 1, 1, 0, 1, 1, 0, 0, 0, 1, 0, 0, 0, 1, 0, 1, 0, 0, 0, 0, 1, 0, 0, 0, 0, 0, 0, 0, 1, 1, 1, 1, 0, 0, 0, 1, 0, 1, 0, 0, 1, 0, 0, 1, 0, 1, 0, 0, 0, 1, 0, 1, 0, 0, 1, 0, 0, 1, 1, 1, 1, 0, 0, 0, 0, 0, 0, 0, 0, 0, 1...}, fitness = 1744045867}
value address: 0x7fffffffd9a0
Type: The type is a structure.
Type sizeof: 32
Field name: solution
Field Type: The type is a structure.
Field Type sizeof: 24
Field name: fitness
Field Type: The type is an integer type.
Field Type sizeof: 4

[INFO -- 2018-12-08 18:15:53]
Fault Injection Successful after 4.11600399017334s
[INFO -- 2018-12-08 18:15:57]
event type: exit
[INFO -- 2018-12-08 18:15:57]
exit code: 0
