[INFO -- 2018-09-23 14:21:56]
Starting flip_value script
version: 1.1
[INFO -- 2018-09-23 14:21:56]
Initialization strings:
[INFO -- 2018-09-23 14:21:56]
(1) file /tmp/knapsack/sa
[INFO -- 2018-09-23 14:21:56]
initSignal:0
[INFO -- 2018-09-23 14:21:56]
endSignal:2
[INFO -- 2018-09-23 14:21:56]
faultModel:0
[EXCEPTION -- 2018-09-23 14:21:57]
gdbException: Attempt to dereference a generic pointer.
[INFO -- 2018-09-23 14:21:57]
Backtrace BEGIN:
#0  0x0000555555555501 in std::vector<int, std::allocator<int> >::operator[] (this=0x7fffffffda30, __n=18) at /usr/include/c++/7/bits/stl_vector.h:795
#1  0x0000555555554fab in cost (solution=std::vector of length 200, capacity 200 = {...}) at knapsacksa.cpp:28
#2  0x000055555555511f in simulated_annealing () at knapsacksa.cpp:50
#3  0x000055555555535e in main () at knapsacksa.cpp:84

790	       *  Note that data access with this operator is unchecked and
791	       *  out_of_range lookups are not defined. (For checked lookups
792	       *  see at().)
793	       */
794	      reference
795	      operator[](size_type __n) _GLIBCXX_NOEXCEPT
796	      {
797		__glibcxx_requires_subscript(__n);
798		return *(this->_M_impl._M_start + __n);
799	      }

Backtrace END
Memory content before bitflip:0xe40x230xf90xff
Fault Model: Single bit-flip
base address to flip value: 0x7fffffffd9f8
address max offset: 4
Memory content after  bitflip:0xc40x230xf90xff
frame name: simulated_annealing
symbol name: c
symbol filename: knapsacksa.cpp
symbol line: 50
value: -449596
value address: 0x7fffffffd9f8
Type: The type is an integer type.
Type sizeof: 4

[INFO -- 2018-09-23 14:21:57]
Fault Injection Successful after 1.858748435974121s
[INFO -- 2018-09-23 14:21:59]
event type: exit
[INFO -- 2018-09-23 14:21:59]
exit code: 0
