[INFO -- 2018-09-25 06:21:31]
Starting flip_value script
version: 1.1
[INFO -- 2018-09-25 06:21:31]
Initialization strings:
[INFO -- 2018-09-25 06:21:31]
(1) file /tmp/knapsack/ga
[INFO -- 2018-09-25 06:21:31]
initSignal:1
[INFO -- 2018-09-25 06:21:31]
endSignal:3.5
[INFO -- 2018-09-25 06:21:31]
faultModel:2
[INFO -- 2018-09-25 06:21:32]
Backtrace BEGIN:
#0  0x0000555555558f65 in std::max<unsigned long> (__a=@0x7fffffffd788: 0, __b=@0x7fffffffd770: 1) at /usr/include/c++/7/bits/stl_algobase.h:224
#1  0x0000555555557f4f in std::vector<chromossome, std::allocator<chromossome> >::_M_check_len (this=0x7fffffffd870, __n=1, __s=0x55555555b297 "vector::_M_realloc_insert") at /usr/include/c++/7/bits/stl_vector.h:1502
#2  0x0000555555556ad2 in std::vector<chromossome, std::allocator<chromossome> >::_M_realloc_insert<chromossome const&> (this=0x7fffffffd870, __position=non-dereferenceable iterator for std::vector, __args#0=...) at /usr/include/c++/7/bits/vector.tcc:403
#3  0x0000555555555d28 in std::vector<chromossome, std::allocator<chromossome> >::push_back (this=0x7fffffffd870, __x=...) at /usr/include/c++/7/bits/stl_vector.h:948
#4  0x000055555555502c in tournament (pop=std::vector of length 40, capacity 64 = {...}) at knapsackga.cpp:63
#5  0x0000555555555447 in genetic_algorithm () at knapsackga.cpp:103
#6  0x00005555555558d7 in main () at knapsackga.cpp:137

219	    max(const _Tp& __a, const _Tp& __b)
220	    {
221	      // concept requirements
222	      __glibcxx_function_requires(_LessThanComparableConcept<_Tp>)
223	      //return  __a < __b ? __b : __a;
224	      if (__a < __b)
225		return __b;
226	      return __a;
227	    }
228	

Backtrace END
Memory content before bitflip:0x310xfb0x080x00
Fault Model: Random bit-flip
base address to flip value: 0x55555575f06c 
address max offset: 4
Memory content after  bitflip:0xbf0xa40xf70x83
frame name: std::max<unsigned long>
symbol name: W
symbol filename: knapsackga.cpp
symbol line: 16
value: -2080922433
value address: 0x55555575f06c <W>
Type: The type is an integer type.
Type sizeof: 4

[INFO -- 2018-09-25 06:21:32]
Fault Injection Successful after 1.465538501739502s
[INFO -- 2018-09-25 06:21:35]
event type: exit
[INFO -- 2018-09-25 06:21:35]
exit code: 0
