[INFO -- 2018-09-23 12:22:02]
Starting flip_value script
version: 1.1
[INFO -- 2018-09-23 12:22:02]
Initialization strings:
[INFO -- 2018-09-23 12:22:02]
(1) file /tmp/knapsack/sa
[INFO -- 2018-09-23 12:22:02]
initSignal:0
[INFO -- 2018-09-23 12:22:02]
endSignal:2
[INFO -- 2018-09-23 12:22:02]
faultModel:2
[EXCEPTION -- 2018-09-23 12:22:03]
pythonException: Unable to exit loop in struct fields; Exiting wihtout making a bit flip
[INFO -- 2018-09-23 12:22:03]
Backtrace BEGIN:
#0  0x0000555555554ff2 in cost (solution=std::vector of length 200, capacity 200 = {...}) at knapsacksa.cpp:31
#1  0x000055555555511f in simulated_annealing () at knapsacksa.cpp:50
#2  0x000055555555535e in main () at knapsacksa.cpp:84

26	    int peso=0, valor=0;
27	    for(int i=0; i < n; i++){
28	       peso += solution[i] * wt[i];
29	       valor += solution[i] * val[i];
30	    }
31	    if(peso > W)
32	       return 99999999;
33	    else
34	       return -valor;
35	}

Backtrace END
Memory content before bitflip:0x000x000x000x00
Fault Model: Random bit-flip
base address to flip value: 0x7fffffffda00
address max offset: 4
Memory content after  bitflip:0x6e0x830x330x73
frame name: simulated_annealing
symbol name: temp
symbol filename: knapsacksa.cpp
symbol line: 42
value: 1932755822
value address: 0x7fffffffda00
Type: The type is an integer type.
Type sizeof: 4

[INFO -- 2018-09-23 12:22:03]
Fault Injection Successful after 1.956369161605835s
[INFO -- 2018-09-23 12:22:05]
event type: exit
[INFO -- 2018-09-23 12:22:05]
exit code: 0
