[INFO -- 2018-12-09 04:39:16]
Starting flip_value script
version: 1.1
[INFO -- 2018-12-09 04:39:16]
Initialization strings:
[INFO -- 2018-12-09 04:39:16]
(1) file /tmp/knapsack/ga
[INFO -- 2018-12-09 04:39:16]
initSignal:1
[INFO -- 2018-12-09 04:39:16]
endSignal:8
[INFO -- 2018-12-09 04:39:16]
faultModel:0
[EXCEPTION -- 2018-12-09 04:39:21]
pythonException: Unable to exit loop in struct fields; Exiting wihtout making a bit flip
[EXCEPTION -- 2018-12-09 04:39:21]
pythonException: empty range for randrange() (0,0, 0)
[EXCEPTION -- 2018-12-09 04:39:21]
gdbException: Cannot access memory at address 0x55555d777470
[INFO -- 2018-12-09 04:39:21]
event type: exit
[EXCEPTION -- 2018-12-09 04:39:21]
exit code: no exit code available
