[INFO -- 2018-12-08 06:40:29]
Starting flip_value script
version: 1.1
[INFO -- 2018-12-08 06:40:29]
Initialization strings:
[INFO -- 2018-12-08 06:40:29]
(1) file /tmp/knapsack/sa
[INFO -- 2018-12-08 06:40:29]
initSignal:0
[INFO -- 2018-12-08 06:40:29]
endSignal:9
[INFO -- 2018-12-08 06:40:29]
faultModel:1
[INFO -- 2018-12-08 06:40:31]
Backtrace BEGIN:
#0  rand () at rand.c:26
#1  0x00005555555552fc in simulated_annealing () at knapsacksa.cpp:90
#2  0x0000555555555658 in main () at knapsacksa.cpp:146

21	rand.c: No such file or directory.

Backtrace END
Memory content before bitflip:0x0d0x680xf80xff
Fault Model: Double bit-flip
base address to flip value: 0x7fffffffd6fc
address max offset: 4
Memory content after  bitflip:0x0d0x680xf80x7b
frame name: simulated_annealing
symbol name: best
symbol filename: knapsacksa.cpp
symbol line: 81
value: 2079877133
value address: 0x7fffffffd6fc
Type: The type is an integer type.
Type sizeof: 4

[INFO -- 2018-12-08 06:40:31]
Fault Injection Successful after 2.963780403137207s
[INFO -- 2018-12-08 06:40:31]
event type: exit
[INFO -- 2018-12-08 06:40:31]
exit code: 0
