[INFO -- 2018-09-25 02:13:38]
Starting flip_value script
version: 1.1
[INFO -- 2018-09-25 02:13:38]
Initialization strings:
[INFO -- 2018-09-25 02:13:38]
(1) file /tmp/knapsack/ga
[INFO -- 2018-09-25 02:13:38]
initSignal:1
[INFO -- 2018-09-25 02:13:38]
endSignal:3.5
[INFO -- 2018-09-25 02:13:38]
faultModel:1
[INFO -- 2018-09-25 02:13:39]
Backtrace BEGIN:
#0  0x000055555555a38d in std::__uninitialized_copy<false>::__uninit_copy<std::move_iterator<chromossome*>, chromossome*> (__first=..., __last=..., __result=0x555555555ed1 <std::vector<int, std::allocator<int> >::vector(std::vector<int, std::allocator<int> > const&)+181>) at /usr/include/c++/7/bits/stl_uninitialized.h:76
#1  0x0000555555559a5f in std::uninitialized_copy<std::move_iterator<chromossome*>, chromossome*> (__first=..., __last=..., __result=0x5555557764e0) at /usr/include/c++/7/bits/stl_uninitialized.h:134
#2  0x000055555555901a in std::__uninitialized_copy_a<std::move_iterator<chromossome*>, chromossome*, chromossome> (__first=..., __last=..., __result=0x5555557764e0) at /usr/include/c++/7/bits/stl_uninitialized.h:289
#3  0x000055555555807d in std::__uninitialized_move_if_noexcept_a<chromossome*, chromossome*, std::allocator<chromossome> > (__first=0x555555776400, __last=0x555555776440, __result=0x5555557764e0, __alloc=...) at /usr/include/c++/7/bits/stl_uninitialized.h:312
#4  0x0000555555556b8c in std::vector<chromossome, std::allocator<chromossome> >::_M_realloc_insert<chromossome const&> (this=0x7fffffffd870, __position={solution = std::vector of length 36, capacity 0 = {<error reading variable>, __args#0=...) at /usr/include/c++/7/bits/vector.tcc:424
#5  0x0000555555555d28 in std::vector<chromossome, std::allocator<chromossome> >::push_back (this=0x7fffffffd870, __x=...) at /usr/include/c++/7/bits/stl_vector.h:948
#6  0x000055555555502c in tournament (pop=std::vector of length 40, capacity 64 = {...}) at knapsackga.cpp:63
#7  0x0000555555555447 in genetic_algorithm () at knapsackga.cpp:103
#8  0x00005555555558d7 in main () at knapsackga.cpp:137

71	  template<bool _TrivialValueTypes>
72	    struct __uninitialized_copy
73	    {
74	      template<typename _InputIterator, typename _ForwardIterator>
75	        static _ForwardIterator
76	        __uninit_copy(_InputIterator __first, _InputIterator __last,
77			      _ForwardIterator __result)
78	        {
79		  _ForwardIterator __cur = __result;
80		  __try

Backtrace END
Fliping a bit of the pointer
Memory content before bitflip:0x000x9a0xbd0x190xd00xf30x4f0xf8
Fault Model: Double bit-flip
base address to flip value: 0x7fffffffd6e8
address max offset: 8
Memory content after  bitflip:0x000x9a0xbd0x190xd00xf30x0b0xf8
frame name: std::__uninitialized_copy<false>::__uninit_copy<std::move_iterator<chromossome*>, chromossome*>
symbol name: __cur
symbol filename: /usr/include/c++/7/bits/stl_uninitialized.h
symbol line: 79
value: 0xf84ff3d019bd9a00
value address: 0x7fffffffd6e8
Type: The type is a pointer.
Type sizeof: 8

[INFO -- 2018-09-25 02:13:39]
Fault Injection Successful after 1.0987703800201416s
[INFO -- 2018-09-25 02:13:41]
event type: exit
[INFO -- 2018-09-25 02:13:41]
exit code: 0
