[INFO -- 2018-12-09 08:07:45]
Starting flip_value script
version: 1.1
[INFO -- 2018-12-09 08:07:45]
Initialization strings:
[INFO -- 2018-12-09 08:07:45]
(1) file /tmp/knapsack/ga
[INFO -- 2018-12-09 08:07:45]
initSignal:1
[INFO -- 2018-12-09 08:07:45]
endSignal:8
[INFO -- 2018-12-09 08:07:45]
faultModel:4
[INFO -- 2018-12-09 08:07:47]
Backtrace BEGIN:
#0  __gnu_cxx::new_allocator<int>::~new_allocator (this=0x5555557766f0, __in_chrg=<optimized out>) at /usr/include/c++/7/ext/new_allocator.h:86
#1  0x0000555555556292 in std::allocator<int>::~allocator (this=0x5555557766f0, __in_chrg=<optimized out>) at /usr/include/c++/7/bits/allocator.h:139
#2  0x0000555555556b26 in std::_Vector_base<int, std::allocator<int> >::_Vector_impl::~_Vector_impl (this=0x5555557766f0, __in_chrg=<optimized out>) at /usr/include/c++/7/bits/stl_vector.h:81
#3  0x0000555555556b93 in std::_Vector_base<int, std::allocator<int> >::~_Vector_base (this=0x5555557766f0, __in_chrg=<optimized out>) at /usr/include/c++/7/bits/stl_vector.h:163
#4  0x0000555555555ed7 in std::vector<int, std::allocator<int> >::~vector (this=0x5555557766f0, __in_chrg=<optimized out>) at /usr/include/c++/7/bits/stl_vector.h:435
#5  0x0000555555555e4c in chromossome::~chromossome (this=0x5555557766f0, __in_chrg=<optimized out>) at knapsackga.cpp:63
#6  0x0000555555559ca1 in std::_Destroy<chromossome> (__pointer=0x5555557766f0) at /usr/include/c++/7/bits/stl_construct.h:98
#7  0x000055555555920b in std::_Destroy_aux<false>::__destroy<chromossome*> (__first=0x5555557766f0, __last=0x555555776710) at /usr/include/c++/7/bits/stl_construct.h:108
#8  0x00005555555580fc in std::_Destroy<chromossome*> (__first=0x5555557766b0, __last=0x555555776710) at /usr/include/c++/7/bits/stl_construct.h:137
#9  0x0000555555556d33 in std::_Destroy<chromossome*, chromossome> (__first=0x5555557766b0, __last=0x555555776710) at /usr/include/c++/7/bits/stl_construct.h:206
#10 0x0000555555555f6b in std::vector<chromossome, std::allocator<chromossome> >::~vector (this=0x7fffffffd820, __in_chrg=<optimized out>) at /usr/include/c++/7/bits/stl_vector.h:434
#11 0x000055555555528c in tournament (pop=std::vector of length 40, capacity 64 = {...}) at knapsackga.cpp:80
#12 0x0000555555555653 in genetic_algorithm () at knapsackga.cpp:128
#13 0x0000555555555b6c in main () at knapsackga.cpp:165

81	      new_allocator(const new_allocator&) _GLIBCXX_USE_NOEXCEPT { }
82	
83	      template<typename _Tp1>
84		new_allocator(const new_allocator<_Tp1>&) _GLIBCXX_USE_NOEXCEPT { }
85	
86	      ~new_allocator() _GLIBCXX_USE_NOEXCEPT { }
87	
88	      pointer
89	      address(reference __x) const _GLIBCXX_NOEXCEPT
90	      { return std::__addressof(__x); }

Backtrace END
Fliping value of field: std::_Vector_base<chromossome, std::allocator<chromossome> >
Fliping value of field: _M_impl
Fliping value of field: _M_finish
Fliping a bit of the value pointed by a pointer
Fliping value of field: solution
Fliping value of field: std::_Vector_base<int, std::allocator<int> >
Fliping value of field: _M_impl
Fliping value of field: _M_start
Fliping a bit of the pointer
Memory content before bitflip:0x000x000x000x000x000x000x000x00
Fault Model: LSB bit-flip
base address to flip value: 0x5555557767c0
address max offset: 8
Memory content after  bitflip:0x000x000x000x000x000x000x000x01
frame name: genetic_algorithm
symbol name: new_pop
symbol filename: knapsackga.cpp
symbol line: 121
value: std::vector of length 4, capacity 4 = {{solution = std::vector of length 200, capacity 200 = {0, 1, 0, 0, 1, 1, 1, 0, 0, 0, 0, 0, 0, 0, 1, 1, 1, 0, 0, 0, 0, 0, 0, 1, 1, 0, 1, 1, 1, 0, 0, 0, 0, 1, 0, 0, 0, 1, 1, 1, 0, 0, 0, 0, 1, 0, 1, 0, 1, 0, 0, 1, 1, 0, 1, 1, 1, 0, 0, 1, 1, 1, 1, 0, 0, 0, 1, 0, 0, 0, 1, 0, 0, 0, 1, 1, 0, 0, 1, 1, 1, 0, 0, 1, 1, 0, 1, 0, 1, 0, 0, 1, 0, 0, 1, 0, 0, 0, 0, 0, 1, 1, 0, 1, 0, 1, 0, 1, 0, 0, 0, 0, 1, 1, 0, 1, 0, 0, 0, 1, 1, 0, 1, 1, 0, 0, 1, 0, 1, 1, 1, 1, 0, 0, 1, 0, 0, 1, 1, 0, 0, 1, 1, 0, 0, 0, 1, 0, 0, 1, 0, 0, 1, 1, 0, 0, 0, 1, 0, 1, 1, 0, 0, 0, 1, 0, 0, 0, 1, 0, 1, 0, 1, 0, 0, 0, 0, 0, 0, 0, 1, 0, 0, 1, 1, 0, 1, 1, 1, 0, 0, 0, 0, 0, 0, 0, 0, 0, 0, 1...}, fitness = -507587}, {solution = std::vector of length 200, capacity 200 = {0, 1, 0, 0, 1, 1, 1, 0, 0, 0, 0, 0, 0, 0, 1, 1, 1, 0, 0, 0, 0, 0, 0, 1, 1, 0, 1, 1, 1, 0, 0, 0, 0, 1, 0, 0, 0, 1, 1, 1, 0, 0, 0, 0, 1, 0, 1, 0, 1, 0, 0, 1, 1, 0, 1, 1, 1, 0, 0, 1, 1, 1, 1, 0, 0, 0, 1, 0, 0, 0, 1, 0, 0, 0, 1, 1, 0, 0, 1, 1, 1, 0, 0, 1, 1, 0, 1, 0, 1, 0, 0, 1, 0, 0, 1, 0, 0, 0, 0, 0, 1, 1, 0, 1, 0, 1, 0, 1, 0, 0, 0, 0, 1, 1, 0, 1, 0, 0, 0, 1, 1, 0, 1, 1, 0, 0, 1, 0, 1, 1, 1, 1, 0, 0, 1, 0, 0, 1, 1, 0, 0, 1, 1, 0, 0, 0, 1, 0, 0, 1, 0, 0, 1, 1, 0, 0, 0, 1, 0, 1, 1, 0, 0, 0, 1, 0, 0, 0, 1, 0, 1, 0, 1, 0, 0, 0, 0, 0, 0, 0, 1, 0, 0, 1, 1, 0, 1, 1, 1, 0, 0, 0, 0, 0, 0, 0, 0, 0, 0, 1...}, fitness = -507587}, {solution = std::vector of length 200, capacity 200 = {0, 1, 0, 0, 1, 1, 1, 0, 0, 0, 0, 0, 0, 0, 1, 1, 1, 0, 0, 0, 0, 0, 0, 1, 1, 0, 1, 1, 1, 0, 0, 0, 0, 1, 0, 0, 0, 1, 1, 1, 0, 0, 0, 0, 1, 0, 1, 0, 1, 0, 0, 1, 1, 0, 1, 1, 1, 0, 0, 1, 1, 1, 1, 0, 0, 0, 1, 0, 0, 0, 1, 0, 0, 0, 1, 1, 0, 0, 1, 1, 1, 0, 0, 1, 1, 0, 1, 0, 1, 0, 0, 1, 0, 0, 1, 0, 0, 0, 0, 0, 1, 1, 0, 1, 0, 1, 0, 1, 0, 0, 0, 0, 1, 1, 0, 1, 0, 0, 0, 1, 1, 0, 1, 1, 0, 0, 1, 0, 1, 1, 1, 1, 0, 0, 1, 0, 0, 1, 1, 0, 0, 1, 1, 0, 0, 0, 1, 0, 0, 1, 0, 0, 1, 1, 0, 0, 0, 1, 0, 1, 1, 0, 0, 0, 1, 0, 0, 0, 1, 0, 1, 0, 1, 0, 0, 0, 0, 0, 0, 0, 1, 0, 0, 1, 1, 0, 1, 1, 1, 0, 0, 0, 0, 0, 0, 0, 0, 0, 0, 1...}, fitness = 1431665382}, {solution = std::vector of length 200, capacity 200 = {0, 1, 0, 0, 1, 1, 1, 0, 0, 0, 0, 0, 0, 0, 1, 1, 1, 0, 0, 0, 0, 0, 0, 1, 1, 0, 1, 1, 1, 0, 0, 0, 0, 1, 0, 0, 0, 1, 1, 1, 0, 0, 0, 0, 1, 0, 1, 0, 1, 0, 0, 1, 1, 0, 1, 1, 1, 0, 0, 1, 1, 1, 1, 0, 0, 0, 1, 0, 0, 0, 1, 0, 0, 0, 1, 1, 0, 0, 1, 1, 1, 0, 0, 1, 1, 0, 1, 0, 1, 0, 0, 1, 0, 0, 1, 0, 0, 0, 0, 0, 1, 1, 0, 1, 0, 1, 0, 1, 0, 0, 0, 0, 1, 1, 0, 1, 0, 0, 0, 1, 1, 0, 1, 1, 0, 0, 1, 0, 1, 1, 1, 1, 0, 0, 1, 0, 0, 1, 1, 0, 0, 1, 1, 0, 0, 0, 1, 0, 0, 1, 0, 0, 1, 1, 0, 0, 0, 1, 0, 1, 1, 0, 0, 0, 1, 0, 0, 0, 1, 0, 1, 0, 1, 0, 0, 0, 0, 0, 0, 0, 1, 0, 0, 1, 1, 0, 1, 1, 1, 0, 0, 0, 0, 0, 0, 0, 0, 0, 0, 1...}, fitness = 99999999}}
value address: 0x7fffffffd8a0
Type: The type is a structure.
Type sizeof: 24
Field name: std::_Vector_base<chromossome, std::allocator<chromossome> >
Field Type: The type is a structure.
Field Type sizeof: 24

[INFO -- 2018-12-09 08:07:47]
Fault Injection Successful after 2.152348756790161s
[INFO -- 2018-12-09 08:07:54]
event type: exit
[INFO -- 2018-12-09 08:07:54]
exit code: 0
