[INFO -- 2018-09-23 21:36:50]
Starting flip_value script
version: 1.1
[INFO -- 2018-09-23 21:36:50]
Initialization strings:
[INFO -- 2018-09-23 21:36:50]
(1) file /tmp/knapsack/sa
[INFO -- 2018-09-23 21:36:50]
initSignal:0
[INFO -- 2018-09-23 21:36:50]
endSignal:2
[INFO -- 2018-09-23 21:36:50]
faultModel:3
[INFO -- 2018-09-23 21:36:50]
Backtrace BEGIN:
#0  __expf_finite () at ../sysdeps/x86_64/fpu/e_expf.S:73
#1  0x00007ffff770738f in __GI___expf (x=-0.0507005863) at ../sysdeps/ieee754/flt-32/w_expf_compat.c:26
#2  0x00005555555554e1 in std::exp (__x=-0.0507005863) at /usr/include/c++/7/cmath:223
#3  0x0000555555555171 in simulated_annealing () at knapsacksa.cpp:56
#4  0x000055555555535e in main () at knapsacksa.cpp:84

68	../sysdeps/x86_64/fpu/e_expf.S: No such file or directory.

Backtrace END
Memory content before bitflip:0x6b0xab0x4f0xbd
Fault Model: Zero bit-flip
base address to flip value: 0x7fffffffd97c
address max offset: 4
Memory content after  bitflip:0x000x000x000x00
frame name: __GI___expf
symbol name: x
symbol filename: ../sysdeps/ieee754/flt-32/w_expf_compat.c
symbol line: 24
value: 0
value address: 0x7fffffffd97c
Type: A floating point type.
Type sizeof: 4

[INFO -- 2018-09-23 21:36:50]
Fault Injection Successful after 0.6600382328033447s
[INFO -- 2018-09-23 21:36:52]
event type: exit
[INFO -- 2018-09-23 21:36:52]
exit code: 0
