[INFO -- 2018-12-09 06:37:27]
Starting flip_value script
version: 1.1
[INFO -- 2018-12-09 06:37:27]
Initialization strings:
[INFO -- 2018-12-09 06:37:27]
(1) file /tmp/knapsack/ga
[INFO -- 2018-12-09 06:37:27]
initSignal:1
[INFO -- 2018-12-09 06:37:27]
endSignal:8
[INFO -- 2018-12-09 06:37:27]
faultModel:3
[INFO -- 2018-12-09 06:37:30]
Backtrace BEGIN:
#0  std::vector<int, std::allocator<int> >::operator[] (this=0x55555575f070 <wt>, __n=131) at /usr/include/c++/7/bits/stl_vector.h:799
#1  0x0000555555555091 in cost (solution=std::vector of length 200, capacity 200 = {...}) at knapsackga.cpp:40
#2  0x000055555555589e in genetic_algorithm () at knapsackga.cpp:138
#3  0x0000555555555b6c in main () at knapsackga.cpp:165

794	      reference
795	      operator[](size_type __n) _GLIBCXX_NOEXCEPT
796	      {
797		__glibcxx_requires_subscript(__n);
798		return *(this->_M_impl._M_start + __n);
799	      }
800	
801	      /**
802	       *  @brief  Subscript access to the data contained in the %vector.
803	       *  @param __n The index of the element for which data should be

Backtrace END
Memory content before bitflip:0xc80x000x000x00
Fault Model: Zero bit-flip
base address to flip value: 0x55555575f0a8 
address max offset: 4
Memory content after  bitflip:0x000x000x000x00
frame name: cost
symbol name: n
symbol filename: knapsackga.cpp
symbol line: 18
value: 0
value address: 0x55555575f0a8 <n>
Type: The type is an integer type.
Type sizeof: 4

[INFO -- 2018-12-09 06:37:30]
Fault Injection Successful after 3.104175329208374s
[INFO -- 2018-12-09 06:37:30]
event type: exit
[INFO -- 2018-12-09 06:37:30]
exit code: 0
