[INFO -- 2018-09-25 05:13:06]
Starting flip_value script
version: 1.1
[INFO -- 2018-09-25 05:13:06]
Initialization strings:
[INFO -- 2018-09-25 05:13:06]
(1) file /tmp/knapsack/ga
[INFO -- 2018-09-25 05:13:06]
initSignal:1
[INFO -- 2018-09-25 05:13:06]
endSignal:3.5
[INFO -- 2018-09-25 05:13:06]
faultModel:3
[INFO -- 2018-09-25 05:13:07]
Backtrace BEGIN:
#0  0x0000555555557145 in std::vector<int, std::allocator<int> >::_M_allocate_and_copy<__gnu_cxx::__normal_iterator<int const*, std::vector<int, std::allocator<int> > > > (this=0x7fffffffd9f0, __n=200, __first=0, __last=816) at /usr/include/c++/7/bits/stl_vector.h:1263
#1  0x000055555555617b in std::vector<int, std::allocator<int> >::operator= (this=0x7fffffffd9f0, __x=std::vector of length 200, capacity 200 = {...}) at /usr/include/c++/7/bits/vector.tcc:206
#2  0x00005555555554d1 in genetic_algorithm () at knapsackga.cpp:105
#3  0x00005555555558d7 in main () at knapsackga.cpp:137

1258				     _ForwardIterator __first, _ForwardIterator __last)
1259		{
1260		  pointer __result = this->_M_allocate(__n);
1261		  __try
1262		    {
1263		      std::__uninitialized_copy_a(__first, __last, __result,
1264						  _M_get_Tp_allocator());
1265		      return __result;
1266		    }
1267		  __catch(...)

Backtrace END
Memory content before bitflip:0x690x390xf80xff
Fault Model: Zero bit-flip
base address to flip value: 0x7fffffffd8c0
address max offset: 4
Memory content after  bitflip:0x000x000x000x00
frame name: genetic_algorithm
symbol name: best
symbol filename: knapsackga.cpp
symbol line: 92
value: 0
value address: 0x7fffffffd8c0
Type: The type is an integer type.
Type sizeof: 4

[INFO -- 2018-09-25 05:13:07]
Fault Injection Successful after 1.4653799533843994s
[INFO -- 2018-09-25 05:13:10]
event type: exit
[INFO -- 2018-09-25 05:13:10]
exit code: 0
