[INFO -- 2018-09-21 21:10:23]
Starting flip_value script
version: 1.1
[INFO -- 2018-09-21 21:10:23]
Initialization strings:
[INFO -- 2018-09-21 21:10:23]
(1) file /tmp/knapsack/dp
[INFO -- 2018-09-21 21:10:23]
initSignal:1
[INFO -- 2018-09-21 21:10:23]
endSignal:3
[INFO -- 2018-09-21 21:10:23]
faultModel:2
[INFO -- 2018-09-21 21:10:24]
Backtrace BEGIN:
#0  std::vector<std::vector<int, std::allocator<int> >, std::allocator<std::vector<int, std::allocator<int> > > >::operator[] (this=0x7fffffffd980, __n=57) at /usr/include/c++/7/bits/stl_vector.h:799
#1  0x000055555555500d in knapSack (W=588593, n=200, val=std::vector of length 200, capacity 256 = {...}, wt=std::vector of length 200, capacity 256 = {...}) at knapsackdp.cpp:23
#2  0x0000555555555375 in main () at knapsackdp.cpp:54

794	      reference
795	      operator[](size_type __n) _GLIBCXX_NOEXCEPT
796	      {
797		__glibcxx_requires_subscript(__n);
798		return *(this->_M_impl._M_start + __n);
799	      }
800	
801	      /**
802	       *  @brief  Subscript access to the data contained in the %vector.
803	       *  @param __n The index of the element for which data should be

Backtrace END
Memory content before bitflip:0x390x000x000x000x000x000x000x00
Fault Model: Random bit-flip
base address to flip value: 0x7fffffffd930
address max offset: 8
Memory content after  bitflip:0x730xef0x290x800xc90xe30xc00xda
frame name: std::vector<std::vector<int, std::allocator<int> >, std::allocator<std::vector<int, std::allocator<int> > > >::operator[]
symbol name: __n
symbol filename: /usr/include/c++/7/bits/stl_vector.h
symbol line: 795
value: 15762849150374899571
value address: 0x7fffffffd930
Type: The type is an integer type.
Type sizeof: 8

[INFO -- 2018-09-21 21:10:24]
Fault Injection Successful after 1.7629590034484863s
[INFO -- 2018-09-21 21:10:26]
event type: exit
[INFO -- 2018-09-21 21:10:26]
exit code: 0
