[INFO -- 2018-12-08 13:15:10]
Starting flip_value script
version: 1.1
[INFO -- 2018-12-08 13:15:10]
Initialization strings:
[INFO -- 2018-12-08 13:15:10]
(1) file /tmp/knapsack/sa
[INFO -- 2018-12-08 13:15:10]
initSignal:0
[INFO -- 2018-12-08 13:15:10]
endSignal:9
[INFO -- 2018-12-08 13:15:10]
faultModel:4
[EXCEPTION -- 2018-12-08 13:15:12]
pythonException: empty range for randrange() (0,0, 0)
[INFO -- 2018-12-08 13:15:12]
Backtrace BEGIN:
#0  0x0000555555555131 in cost (solution=std::vector of length 200, capacity 200 = {...}) at knapsacksa.cpp:58
#1  0x000055555555534c in simulated_annealing () at knapsacksa.cpp:92
#2  0x0000555555555658 in main () at knapsacksa.cpp:146

53	        exit_gracefully();
54	    }
55	
56	    int peso=0, peso2=0, valor=0, valor2=0;
57	    for(int i=0; i < n; i++){
58	        peso += solution[i] * wt[i];
59	        valor += solution[i] * val[i];
60	    }
61	    for(int i=0; i < n; i++){
62	        peso2 += solution[i] * wt2[i];

Backtrace END
Memory content before bitflip:0x170x050x050x00
Fault Model: LSB bit-flip
base address to flip value: 0x7fffffffd6b0
address max offset: 4
Memory content after  bitflip:0x170x050x050x04
frame name: cost
symbol name: valor
symbol filename: knapsacksa.cpp
symbol line: 56
value: 67437847
value address: 0x7fffffffd6b0
Type: The type is an integer type.
Type sizeof: 4

[INFO -- 2018-12-08 13:15:12]
Fault Injection Successful after 2.3548929691314697s
[INFO -- 2018-12-08 13:15:12]
event type: exit
[INFO -- 2018-12-08 13:15:12]
exit code: 0
