[INFO -- 2018-12-01 09:00:50]
Starting flip_value script
version: 1.1
[INFO -- 2018-12-01 09:00:50]
Initialization strings:
[INFO -- 2018-12-01 09:00:50]
(1) file /tmp/knapsack/mf
[INFO -- 2018-12-01 09:00:50]
initSignal:0
[INFO -- 2018-12-01 09:00:50]
endSignal:12
[INFO -- 2018-12-01 09:00:50]
faultModel:3
[EXCEPTION -- 2018-12-01 09:00:53]
pythonException: Unable to exit loop in struct fields; Exiting wihtout making a bit flip
[EXCEPTION -- 2018-12-01 09:00:53]
gdbException: Cannot access memory at address 0x0
[EXCEPTION -- 2018-12-01 09:00:53]
gdbException: Cannot access memory at address 0x0
[INFO -- 2018-12-01 09:00:53]
event type: exit
[EXCEPTION -- 2018-12-01 09:00:53]
exit code: no exit code available
