[INFO -- 2018-11-30 06:03:25]
Starting flip_value script
version: 1.1
[INFO -- 2018-11-30 06:03:25]
Initialization strings:
[INFO -- 2018-11-30 06:03:25]
(1) file /tmp/knapsack/sa
[INFO -- 2018-11-30 06:03:25]
initSignal:0
[INFO -- 2018-11-30 06:03:25]
endSignal:7
[INFO -- 2018-11-30 06:03:25]
faultModel:0
[INFO -- 2018-11-30 06:03:26]
Backtrace BEGIN:
#0  0x0000555555555110 in cost (solution=std::vector of length 200, capacity 200 = {...}) at knapsacksa.cpp:29
#1  0x0000555555555259 in simulated_annealing () at knapsacksa.cpp:52
#2  0x0000555555555522 in main () at knapsacksa.cpp:85

24	
25	int cost(vector<int> &solution){
26	    int peso=0, valor=0;
27	    for(int i=0; i < n; i++){
28	       peso += solution[i] * wt[i];
29	       valor += solution[i] * val[i];
30	    }
31	    if(peso > W)
32	       return 99999999;
33	    else

Backtrace END
Memory content before bitflip:0x1a0xd60x050x00
Fault Model: Single bit-flip
base address to flip value: 0x7fffffffd914
address max offset: 4
Memory content after  bitflip:0x1a0xd60x050x02
frame name: cost
symbol name: peso
symbol filename: knapsacksa.cpp
symbol line: 26
value: 33936922
value address: 0x7fffffffd914
Type: The type is an integer type.
Type sizeof: 4

[INFO -- 2018-11-30 06:03:26]
Fault Injection Successful after 1.0265297889709473s
[INFO -- 2018-11-30 06:03:32]
event type: exit
[INFO -- 2018-11-30 06:03:32]
exit code: 0
