[INFO -- 2018-09-25 02:33:50]
Starting flip_value script
version: 1.1
[INFO -- 2018-09-25 02:33:50]
Initialization strings:
[INFO -- 2018-09-25 02:33:50]
(1) file /tmp/knapsack/ga
[INFO -- 2018-09-25 02:33:50]
initSignal:1
[INFO -- 2018-09-25 02:33:50]
endSignal:3.5
[INFO -- 2018-09-25 02:33:50]
faultModel:1
[INFO -- 2018-09-25 02:33:51]
Backtrace BEGIN:
#0  std::vector<chromossome, std::allocator<chromossome> >::_M_check_len (this=0x7fffffffd870, __n=1, __s=0x55555555b297 "vector::_M_realloc_insert") at /usr/include/c++/7/bits/stl_vector.h:1503
#1  0x0000555555556ad2 in std::vector<chromossome, std::allocator<chromossome> >::_M_realloc_insert<chromossome const&> (this=0x7fffffffd870, __position={solution = std::vector of length 20, capacity 0 = {<error reading variable>, __args#0=...) at /usr/include/c++/7/bits/vector.tcc:403
#2  0x0000555555555d28 in std::vector<chromossome, std::allocator<chromossome> >::push_back (this=0x7fffffffd870, __x=...) at /usr/include/c++/7/bits/stl_vector.h:948
#3  0x000055555555502c in tournament (pop=std::vector of length 40, capacity 64 = {...}) at knapsackga.cpp:63
#4  0x0000555555555409 in genetic_algorithm () at knapsackga.cpp:102
#5  0x00005555555558d7 in main () at knapsackga.cpp:137

1498	      {
1499		if (max_size() - size() < __n)
1500		  __throw_length_error(__N(__s));
1501	
1502		const size_type __len = size() + std::max(size(), __n);
1503		return (__len < size() || __len > max_size()) ? max_size() : __len;
1504	      }
1505	
1506	      // Internal erase functions follow.
1507	

Backtrace END
Fliping a bit of the pointer
Memory content before bitflip:0x700xd80xff0xff0xff0x7f0x000x00
Fault Model: Double bit-flip
base address to flip value: 0x7fffffffd838
address max offset: 8
Memory content after  bitflip:0x700x5c0xff0xff0xff0x7f0x000x00
frame name: std::vector<chromossome, std::allocator<chromossome> >::push_back
symbol name: this
symbol filename: knapsackga.cpp
symbol line: 0
value: 0x7fffffffd870
value address: 0x7fffffffd838
Type: The type is a pointer.
Type sizeof: 8

[INFO -- 2018-09-25 02:33:51]
Fault Injection Successful after 1.3540184497833252s
[INFO -- 2018-09-25 02:33:54]
event type: exit
[INFO -- 2018-09-25 02:33:54]
exit code: 0
