[INFO -- 2018-09-25 09:41:35]
Starting flip_value script
version: 1.1
[INFO -- 2018-09-25 09:41:35]
Initialization strings:
[INFO -- 2018-09-25 09:41:35]
(1) file /tmp/knapsack/ga
[INFO -- 2018-09-25 09:41:35]
initSignal:1
[INFO -- 2018-09-25 09:41:35]
endSignal:3.5
[INFO -- 2018-09-25 09:41:35]
faultModel:3
[INFO -- 2018-09-25 09:41:36]
Backtrace BEGIN:
#0  0x0000555555555bed in std::vector<int, std::allocator<int> >::~vector (this=0x555555789e10, __in_chrg=<optimized out>) at /usr/include/c++/7/bits/stl_vector.h:435
#1  0x0000555555555b62 in chromossome::~chromossome (this=0x555555789e10, __in_chrg=<optimized out>) at knapsackga.cpp:42
#2  0x00005555555599b7 in std::_Destroy<chromossome> (__pointer=0x555555789e10) at /usr/include/c++/7/bits/stl_construct.h:98
#3  0x0000555555558f21 in std::_Destroy_aux<false>::__destroy<chromossome*> (__first=0x555555789e10, __last=0x55555578a090) at /usr/include/c++/7/bits/stl_construct.h:108
#4  0x0000555555557e12 in std::_Destroy<chromossome*> (__first=0x555555789b90, __last=0x55555578a090) at /usr/include/c++/7/bits/stl_construct.h:137
#5  0x0000555555556a49 in std::_Destroy<chromossome*, chromossome> (__first=0x555555789b90, __last=0x55555578a090) at /usr/include/c++/7/bits/stl_construct.h:206
#6  0x0000555555555c81 in std::vector<chromossome, std::allocator<chromossome> >::~vector (this=0x7fffffffd8f0, __in_chrg=<optimized out>) at /usr/include/c++/7/bits/stl_vector.h:434
#7  0x00005555555556d4 in genetic_algorithm () at knapsackga.cpp:95
#8  0x00005555555558d7 in main () at knapsackga.cpp:137

430	       *  not touched in any way.  Managing the pointer is the user's
431	       *  responsibility.
432	       */
433	      ~vector() _GLIBCXX_NOEXCEPT
434	      { std::_Destroy(this->_M_impl._M_start, this->_M_impl._M_finish,
435			      _M_get_Tp_allocator()); }
436	
437	      /**
438	       *  @brief  %Vector assignment operator.
439	       *  @param  __x  A %vector of identical element and allocator types.

Backtrace END
Fliping a bit of the value pointed by a pointer
Fliping value of field: fitness
Memory content before bitflip:0xb30x2d0xf80xff
Fault Model: Zero bit-flip
base address to flip value: 0x555555789e28
address max offset: 4
Memory content after  bitflip:0x000x000x000x00
frame name: std::_Destroy_aux<false>::__destroy<chromossome*>
symbol name: __first
symbol filename: /usr/include/c++/7/bits/stl_construct.h
symbol line: 105
value: 0x555555789e10
value address: 0x7fffffffd828
Type: The type is a pointer.
Type sizeof: 8

[INFO -- 2018-09-25 09:41:36]
Fault Injection Successful after 1.7845566272735596s
[INFO -- 2018-09-25 09:41:38]
event type: exit
[INFO -- 2018-09-25 09:41:38]
exit code: 0
