[INFO -- 2018-09-23 21:34:08]
Starting flip_value script
version: 1.1
[INFO -- 2018-09-23 21:34:08]
Initialization strings:
[INFO -- 2018-09-23 21:34:08]
(1) file /tmp/knapsack/sa
[INFO -- 2018-09-23 21:34:08]
initSignal:0
[INFO -- 2018-09-23 21:34:08]
endSignal:2
[INFO -- 2018-09-23 21:34:08]
faultModel:1
[EXCEPTION -- 2018-09-23 21:34:09]
pythonException: Unable to exit loop in struct fields; Exiting wihtout making a bit flip
[INFO -- 2018-09-23 21:34:09]
Backtrace BEGIN:
#0  cost (solution=std::vector of length 200, capacity 200 = {...}) at knapsacksa.cpp:29
#1  0x000055555555511f in simulated_annealing () at knapsacksa.cpp:50
#2  0x000055555555535e in main () at knapsacksa.cpp:84

24	
25	int cost(vector<int> &solution){
26	    int peso=0, valor=0;
27	    for(int i=0; i < n; i++){
28	       peso += solution[i] * wt[i];
29	       valor += solution[i] * val[i];
30	    }
31	    if(peso > W)
32	       return 99999999;
33	    else

Backtrace END
Memory content before bitflip:0x500x450x030x00
Fault Model: Double bit-flip
base address to flip value: 0x7fffffffd9d4
address max offset: 4
Memory content after  bitflip:0x710x450x030x00
frame name: simulated_annealing
symbol name: t
symbol filename: knapsacksa.cpp
symbol line: 46
value: 214385
value address: 0x7fffffffd9d4
Type: The type is an integer type.
Type sizeof: 4

[INFO -- 2018-09-23 21:34:09]
Fault Injection Successful after 1.257354974746704s
[INFO -- 2018-09-23 21:34:10]
event type: exit
[INFO -- 2018-09-23 21:34:10]
exit code: 0
