[INFO -- 2018-09-25 07:05:12]
Starting flip_value script
version: 1.1
[INFO -- 2018-09-25 07:05:12]
Initialization strings:
[INFO -- 2018-09-25 07:05:12]
(1) file /tmp/knapsack/ga
[INFO -- 2018-09-25 07:05:12]
initSignal:1
[INFO -- 2018-09-25 07:05:12]
endSignal:3.5
[INFO -- 2018-09-25 07:05:12]
faultModel:1
[INFO -- 2018-09-25 07:05:14]
Backtrace BEGIN:
#0  std::move<std::vector<int, std::allocator<int> >&> (__t=std::vector of length 200, capacity 200 = {...}) at /usr/include/c++/7/bits/move.h:99
#1  0x0000555555555f61 in std::vector<int, std::allocator<int> >::vector (this=0x5555557766c0, __x=...) at /usr/include/c++/7/bits/stl_vector.h:345
#2  0x00005555555591ff in chromossome::chromossome (this=0x5555557766c0) at knapsackga.cpp:42
#3  0x000055555555aa9a in std::_Construct<chromossome, chromossome> (__p=0x5555557766c0, __args#0=...) at /usr/include/c++/7/bits/stl_construct.h:75
#4  0x000055555555a3de in std::__uninitialized_copy<false>::__uninit_copy<std::move_iterator<chromossome*>, chromossome*> (__first=..., __last=..., __result=0x555555776680) at /usr/include/c++/7/bits/stl_uninitialized.h:83
#5  0x0000555555559a5f in std::uninitialized_copy<std::move_iterator<chromossome*>, chromossome*> (__first=..., __last=..., __result=0x555555776680) at /usr/include/c++/7/bits/stl_uninitialized.h:134
#6  0x000055555555901a in std::__uninitialized_copy_a<std::move_iterator<chromossome*>, chromossome*, chromossome> (__first=..., __last=..., __result=0x555555776680) at /usr/include/c++/7/bits/stl_uninitialized.h:289
#7  0x000055555555807d in std::__uninitialized_move_if_noexcept_a<chromossome*, chromossome*, std::allocator<chromossome> > (__first=0x5555557764e0, __last=0x555555776560, __result=0x555555776680, __alloc=...) at /usr/include/c++/7/bits/stl_uninitialized.h:312
#8  0x0000555555556b8c in std::vector<chromossome, std::allocator<chromossome> >::_M_realloc_insert<chromossome const&> (this=0x7fffffffd8f0, __position={solution = std::vector of length 68, capacity 0 = {<error reading variable>, __args#0=...) at /usr/include/c++/7/bits/vector.tcc:424
#9  0x0000555555555d28 in std::vector<chromossome, std::allocator<chromossome> >::push_back (this=0x7fffffffd8f0, __x=...) at /usr/include/c++/7/bits/stl_vector.h:948
#10 0x00005555555554e7 in genetic_algorithm () at knapsackga.cpp:106
#11 0x00005555555558d7 in main () at knapsackga.cpp:137

94	   *  @return The parameter cast to an rvalue-reference to allow moving it.
95	  */
96	  template<typename _Tp>
97	    constexpr typename std::remove_reference<_Tp>::type&&
98	    move(_Tp&& __t) noexcept
99	    { return static_cast<typename std::remove_reference<_Tp>::type&&>(__t); }
100	
101	
102	  template<typename _Tp>
103	    struct __move_if_noexcept_cond

Backtrace END
Memory content before bitflip:0x310xfb0x080x00
Fault Model: Double bit-flip
base address to flip value: 0x55555575f06c 
address max offset: 4
Memory content after  bitflip:0x310xdf0x080x00
frame name: std::move<std::vector<int, std::allocator<int> >&>
symbol name: W
symbol filename: knapsackga.cpp
symbol line: 16
value: 581425
value address: 0x55555575f06c <W>
Type: The type is an integer type.
Type sizeof: 4

[INFO -- 2018-09-25 07:05:14]
Fault Injection Successful after 2.573897123336792s
[INFO -- 2018-09-25 07:05:16]
event type: exit
[INFO -- 2018-09-25 07:05:16]
exit code: 0
