[INFO -- 2018-12-09 02:57:24]
Starting flip_value script
version: 1.1
[INFO -- 2018-12-09 02:57:24]
Initialization strings:
[INFO -- 2018-12-09 02:57:24]
(1) file /tmp/knapsack/ga
[INFO -- 2018-12-09 02:57:24]
initSignal:1
[INFO -- 2018-12-09 02:57:24]
endSignal:8
[INFO -- 2018-12-09 02:57:24]
faultModel:4
[INFO -- 2018-12-09 02:57:28]
Backtrace BEGIN:
#0  0x000055555555589e in genetic_algorithm () at knapsackga.cpp:138
#1  0x0000555555555b6c in main () at knapsackga.cpp:165

133	            new_pop.push_back(f2);
134	        }
135	        for(int i=0; i < pop_size; i++){
136	            if(random01() < 0.5)
137	                swap(new_pop[i].solution[rand() % n], new_pop[i].solution[rand() % n]);
138	            new_pop[i].fitness = cost(new_pop[i].solution);
139	        }
140	
141	        sort(new_pop.begin(), new_pop.end());
142	        best = new_pop[0].fitness;

Backtrace END
Memory content before bitflip:0xc80x000x000x00
Fault Model: LSB bit-flip
base address to flip value: 0x55555575f0ac 
address max offset: 4
Memory content after  bitflip:0xc80x000x000x20
frame name: genetic_algorithm
symbol name: n2
symbol filename: knapsackga.cpp
symbol line: 18
value: 536871112
value address: 0x55555575f0ac <n2>
Type: The type is an integer type.
Type sizeof: 4

[INFO -- 2018-12-09 02:57:28]
Fault Injection Successful after 4.454384803771973s
[INFO -- 2018-12-09 02:57:28]
event type: exit
[INFO -- 2018-12-09 02:57:28]
exit code: 0
