[INFO -- 2018-12-08 19:04:16]
Starting flip_value script
version: 1.1
[INFO -- 2018-12-08 19:04:16]
Initialization strings:
[INFO -- 2018-12-08 19:04:16]
(1) file /tmp/knapsack/sa
[INFO -- 2018-12-08 19:04:16]
initSignal:0
[INFO -- 2018-12-08 19:04:16]
endSignal:9
[INFO -- 2018-12-08 19:04:16]
faultModel:0
[INFO -- 2018-12-08 19:04:22]
Backtrace BEGIN:
#0  0x0000555555555861 in std::vector<int, std::allocator<int> >::operator[] (this=0x7fffffffd740, __n=103) at /usr/include/c++/7/bits/stl_vector.h:798
#1  0x0000555555555116 in cost (solution=std::vector of length 200, capacity 200 = {...}) at knapsacksa.cpp:58
#2  0x000055555555534c in simulated_annealing () at knapsacksa.cpp:92
#3  0x0000555555555658 in main () at knapsacksa.cpp:146

793	       */
794	      reference
795	      operator[](size_type __n) _GLIBCXX_NOEXCEPT
796	      {
797		__glibcxx_requires_subscript(__n);
798		return *(this->_M_impl._M_start + __n);
799	      }
800	
801	      /**
802	       *  @brief  Subscript access to the data contained in the %vector.

Backtrace END
Memory content before bitflip:0x000x000x000x00
Fault Model: Single bit-flip
base address to flip value: 0x7fffffffd710
address max offset: 4
Memory content after  bitflip:0x000x000x040x00
frame name: simulated_annealing
symbol name: temp2
symbol filename: knapsacksa.cpp
symbol line: 84
value: 262144
value address: 0x7fffffffd710
Type: The type is an integer type.
Type sizeof: 4

[INFO -- 2018-12-08 19:04:22]
Fault Injection Successful after 6.937165260314941s
[INFO -- 2018-12-08 19:04:22]
event type: exit
[INFO -- 2018-12-08 19:04:22]
exit code: 0
