[INFO -- 2018-12-09 00:09:56]
Starting flip_value script
version: 1.1
[INFO -- 2018-12-09 00:09:56]
Initialization strings:
[INFO -- 2018-12-09 00:09:56]
(1) file /tmp/knapsack/ga
[INFO -- 2018-12-09 00:09:56]
initSignal:1
[INFO -- 2018-12-09 00:09:56]
endSignal:8
[INFO -- 2018-12-09 00:09:56]
faultModel:4
[INFO -- 2018-12-09 00:10:00]
Backtrace BEGIN:
#0  __gnu_cxx::__normal_iterator<int const*, std::vector<int, std::allocator<int> > >::__normal_iterator (this=0x7fffffffd7f0, __i=@0x7fffffffd7e8: 0x555555787200) at /usr/include/c++/7/bits/stl_iterator.h:780
#1  0x000055555555720e in std::vector<int, std::allocator<int> >::end (this=0x7fffffffd920) at /usr/include/c++/7/bits/stl_vector.h:591
#2  0x0000555555556440 in std::vector<int, std::allocator<int> >::operator= (this=0x7fffffffd9a0, __x=std::vector of length 200, capacity 200 = {...}) at /usr/include/c++/7/bits/vector.tcc:206
#3  0x000055555555571b in genetic_algorithm () at knapsackga.cpp:131
#4  0x0000555555555b6c in main () at knapsackga.cpp:165

775	      _GLIBCXX_CONSTEXPR __normal_iterator() _GLIBCXX_NOEXCEPT
776	      : _M_current(_Iterator()) { }
777	
778	      explicit
779	      __normal_iterator(const _Iterator& __i) _GLIBCXX_NOEXCEPT
780	      : _M_current(__i) { }
781	
782	      // Allow iterator to const_iterator conversion
783	      template<typename _Iter>
784	        __normal_iterator(const __normal_iterator<_Iter,

Backtrace END
Memory content before bitflip:0x280x000x000x00
Fault Model: LSB bit-flip
base address to flip value: 0x55555575f014 
address max offset: 4
Memory content after  bitflip:0x280x000x000x02
frame name: std::vector<int, std::allocator<int> >::end
symbol name: pop_size2
symbol filename: knapsackga.cpp
symbol line: 20
value: 33554472
value address: 0x55555575f014 <pop_size2>
Type: The type is an integer type.
Type sizeof: 4

[INFO -- 2018-12-09 00:10:00]
Fault Injection Successful after 4.260631561279297s
[INFO -- 2018-12-09 00:10:00]
event type: exit
[INFO -- 2018-12-09 00:10:00]
exit code: 0
