[INFO -- 2018-09-25 09:07:19]
Starting flip_value script
version: 1.1
[INFO -- 2018-09-25 09:07:19]
Initialization strings:
[INFO -- 2018-09-25 09:07:19]
(1) file /tmp/knapsack/ga
[INFO -- 2018-09-25 09:07:19]
initSignal:1
[INFO -- 2018-09-25 09:07:19]
endSignal:3.5
[INFO -- 2018-09-25 09:07:19]
faultModel:1
[INFO -- 2018-09-25 09:07:20]
Backtrace BEGIN:
#0  0x0000555555556860 in std::_Vector_base<int, std::allocator<int> >::~_Vector_base (this=0x555555781e60, __in_chrg=<optimized out>) at /usr/include/c++/7/bits/stl_vector.h:161
#1  0x0000555555555bed in std::vector<int, std::allocator<int> >::~vector (this=0x5555557764e0, __in_chrg=<optimized out>) at /usr/include/c++/7/bits/stl_vector.h:435
#2  0x0000555555555b62 in chromossome::~chromossome (this=0x5555557764e0, __in_chrg=<optimized out>) at knapsackga.cpp:42
#3  0x00005555555599b7 in std::_Destroy<chromossome> (__pointer=0x5555557764e0) at /usr/include/c++/7/bits/stl_construct.h:98
#4  0x0000555555558f21 in std::_Destroy_aux<false>::__destroy<chromossome*> (__first=0x5555557764e0, __last=0x555555776540) at /usr/include/c++/7/bits/stl_construct.h:108
#5  0x0000555555557e12 in std::_Destroy<chromossome*> (__first=0x5555557764e0, __last=0x555555776540) at /usr/include/c++/7/bits/stl_construct.h:137
#6  0x0000555555556a49 in std::_Destroy<chromossome*, chromossome> (__first=0x5555557764e0, __last=0x555555776540) at /usr/include/c++/7/bits/stl_construct.h:206
#7  0x0000555555555c81 in std::vector<chromossome, std::allocator<chromossome> >::~vector (this=0x7fffffffd870, __in_chrg=<optimized out>) at /usr/include/c++/7/bits/stl_vector.h:434
#8  0x0000555555555088 in tournament (pop=std::vector of length 40, capacity 64 = {...}) at knapsackga.cpp:59
#9  0x0000555555555447 in genetic_algorithm () at knapsackga.cpp:103
#10 0x00005555555558d7 in main () at knapsackga.cpp:137

156		    _M_create_storage(__n);
157		  }
158	      }
159	#endif
160	
161	      ~_Vector_base() _GLIBCXX_NOEXCEPT
162	      { _M_deallocate(this->_M_impl._M_start, this->_M_impl._M_end_of_storage
163			      - this->_M_impl._M_start); }
164	
165	    public:

Backtrace END
Fliping a bit of the value pointed by a pointer
Fliping value of field: solution
Fliping value of field: std::_Vector_base<int, std::allocator<int> >
Fliping value of field: _M_impl
Fliping value of field: _M_start
Fliping a bit of the pointer
Memory content before bitflip:0x000x000x000x000x000x000x000x00
Fault Model: Double bit-flip
base address to flip value: 0x555555776540
address max offset: 8
Memory content after  bitflip:0x000x000x000x000x410x000x000x00
frame name: std::_Destroy<chromossome*, chromossome>
symbol name: __last
symbol filename: /usr/include/c++/7/bits/stl_construct.h
symbol line: 203
value: 0x555555776540
value address: 0x7fffffffd810
Type: The type is a pointer.
Type sizeof: 8

[INFO -- 2018-09-25 09:07:20]
Fault Injection Successful after 1.954225778579712s
[INFO -- 2018-09-25 09:07:23]
event type: exit
[INFO -- 2018-09-25 09:07:23]
exit code: 0
