[INFO -- 2018-12-08 16:27:55]
Starting flip_value script
version: 1.1
[INFO -- 2018-12-08 16:27:55]
Initialization strings:
[INFO -- 2018-12-08 16:27:55]
(1) file /tmp/knapsack/ga
[INFO -- 2018-12-08 16:27:55]
initSignal:1
[INFO -- 2018-12-08 16:27:55]
endSignal:8
[INFO -- 2018-12-08 16:27:55]
faultModel:1
[INFO -- 2018-12-08 16:27:57]
Backtrace BEGIN:
#0  0x000055555555665e in std::swap<int> (__a=@0x555555787220: 1, __b=@0x555555785bd0: 1) at /usr/include/c++/7/bits/move.h:199
#1  0x00005555555553eb in crossover (pai=std::vector of length 200, capacity 200 = {...}, mae=std::vector of length 200, capacity 200 = {...}, filho1=std::vector of length 200, capacity 200 = {...}, filho2=std::vector of length 200, capacity 200 = {...}) at knapsackga.cpp:101
#2  0x00005555555556d7 in genetic_algorithm () at knapsackga.cpp:130
#3  0x0000555555555b6c in main () at knapsackga.cpp:165

194	    {
195	      // concept requirements
196	      __glibcxx_function_requires(_SGIAssignableConcept<_Tp>)
197	
198	      _Tp __tmp = _GLIBCXX_MOVE(__a);
199	      __a = _GLIBCXX_MOVE(__b);
200	      __b = _GLIBCXX_MOVE(__tmp);
201	    }
202	
203	  // _GLIBCXX_RESOLVE_LIB_DEFECTS

Backtrace END
Fliping value of field: fitness
Memory content before bitflip:0xe60x7a0x550x55
Fault Model: Double bit-flip
base address to flip value: 0x7fffffffd998
address max offset: 4
Memory content after  bitflip:0xe30x7a0x550x55
frame name: genetic_algorithm
symbol name: f1
symbol filename: knapsackga.cpp
symbol line: 131
value: {solution = std::vector of length 200, capacity 200 = {0, 1, 0, 0, 1, 1, 0, 0, 0, 0, 0, 0, 0, 1, 1, 1, 1, 0, 0, 0, 0, 0, 0, 0, 1, 0, 0, 1, 1, 0, 0, 0, 0, 1, 1, 0, 0, 1, 1, 1, 0, 0, 0, 0, 1, 0, 1, 0, 1, 0, 0, 1, 1, 0, 1, 1, 1, 0, 0, 1, 1, 1, 1, 0, 0, 0, 1, 0, 0, 0, 0, 0, 0, 0, 1, 1, 0, 0, 0, 1, 1, 0, 0, 1, 1, 0, 1, 0, 1, 0, 0, 1, 0, 0, 1, 0, 0, 0, 0, 0, 0, 1, 0, 1, 0, 1, 0, 1, 0, 0, 0, 0, 1, 1, 0, 1, 0, 0, 1, 1, 1, 0, 1, 1, 0, 0, 1, 0, 1, 1, 1, 1, 0, 0, 1, 0, 0, 1, 1, 0, 0, 0, 1, 0, 1, 0, 0, 0, 0, 1, 0, 0, 0, 1, 0, 0, 0, 1, 1, 1, 1, 0, 0, 0, 1, 0, 0, 0, 1, 1, 1, 0, 1, 0, 1, 0, 0, 0, 0, 0, 1, 0, 0, 1, 1, 0, 1, 1, 1, 0, 0, 0, 0, 0, 0, 0, 0, 0, 0, 1...}, fitness = 1431665379}
value address: 0x7fffffffd980
Type: The type is a structure.
Type sizeof: 32
Field name: solution
Field Type: The type is a structure.
Field Type sizeof: 24
Field name: fitness
Field Type: The type is an integer type.
Field Type sizeof: 4

[INFO -- 2018-12-08 16:27:57]
Fault Injection Successful after 2.6008622646331787s
[INFO -- 2018-12-08 16:28:03]
event type: exit
[INFO -- 2018-12-08 16:28:03]
exit code: 0
