[INFO -- 2018-11-30 10:37:44]
Starting flip_value script
version: 1.1
[INFO -- 2018-11-30 10:37:44]
Initialization strings:
[INFO -- 2018-11-30 10:37:44]
(1) file /tmp/knapsack/sa
[INFO -- 2018-11-30 10:37:44]
initSignal:0
[INFO -- 2018-11-30 10:37:44]
endSignal:7
[INFO -- 2018-11-30 10:37:44]
faultModel:1
[INFO -- 2018-11-30 10:37:45]
Backtrace BEGIN:
#0  0x0000555555556092 in std::_Vector_base<int, std::allocator<int> >::_M_deallocate (this=0x7fffffffd990, __p=0x7fffffffd910, __n=93824994436624) at /usr/include/c++/7/bits/stl_vector.h:176
#1  0x0000555555555e19 in std::_Vector_base<int, std::allocator<int> >::~_Vector_base (this=0x7fffffffd990, __in_chrg=<optimized out>) at /usr/include/c++/7/bits/stl_vector.h:162
#2  0x000055555555588b in std::vector<int, std::allocator<int> >::~vector (this=0x7fffffffd990, __in_chrg=<optimized out>) at /usr/include/c++/7/bits/stl_vector.h:435
#3  0x0000555555555305 in simulated_annealing () at knapsacksa.cpp:49
#4  0x0000555555555522 in main () at knapsacksa.cpp:85

171		typedef __gnu_cxx::__alloc_traits<_Tp_alloc_type> _Tr;
172		return __n != 0 ? _Tr::allocate(_M_impl, __n) : pointer();
173	      }
174	
175	      void
176	      _M_deallocate(pointer __p, size_t __n)
177	      {
178		typedef __gnu_cxx::__alloc_traits<_Tp_alloc_type> _Tr;
179		if (__p)
180		  _Tr::deallocate(_M_impl, __p, __n);

Backtrace END
Fliping a bit of the value pointed by a pointer
Fliping value of field: _M_impl
Fliping value of field: _M_end_of_storage
Fliping a bit of the pointer
Memory content before bitflip:0x300xe90x760x550x550x550x000x00
Fault Model: Double bit-flip
base address to flip value: 0x7fffffffd9a0
address max offset: 8
Memory content after  bitflip:0x300xe90x520x550x550x550x000x00
frame name: std::_Vector_base<int, std::allocator<int> >::~_Vector_base
symbol name: this
symbol filename: knapsacksa.cpp
symbol line: 0
value: 0x7fffffffd990
value address: 0x7fffffffd908
Type: The type is a pointer.
Type sizeof: 8

[INFO -- 2018-11-30 10:37:45]
Fault Injection Successful after 1.4395287036895752s
[INFO -- 2018-11-30 10:37:51]
event type: exit
[INFO -- 2018-11-30 10:37:51]
exit code: 0
