[INFO -- 2018-12-08 23:12:49]
Starting flip_value script
version: 1.1
[INFO -- 2018-12-08 23:12:49]
Initialization strings:
[INFO -- 2018-12-08 23:12:49]
(1) file /tmp/knapsack/ga
[INFO -- 2018-12-08 23:12:49]
initSignal:1
[INFO -- 2018-12-08 23:12:49]
endSignal:8
[INFO -- 2018-12-08 23:12:49]
faultModel:0
[INFO -- 2018-12-08 23:12:52]
Backtrace BEGIN:
#0  0x0000555555555e86 in std::vector<int, std::allocator<int> >::operator[] (this=0x55555575f030 <val>, __n=64) at /usr/include/c++/7/bits/stl_vector.h:798
#1  0x00005555555550c4 in cost (solution=std::vector of length 200, capacity 200 = {...}) at knapsackga.cpp:41
#2  0x000055555555589e in genetic_algorithm () at knapsackga.cpp:138
#3  0x0000555555555b6c in main () at knapsackga.cpp:165

793	       */
794	      reference
795	      operator[](size_type __n) _GLIBCXX_NOEXCEPT
796	      {
797		__glibcxx_requires_subscript(__n);
798		return *(this->_M_impl._M_start + __n);
799	      }
800	
801	      /**
802	       *  @brief  Subscript access to the data contained in the %vector.

Backtrace END
Memory content before bitflip:0x000x000x000x00
Fault Model: Single bit-flip
base address to flip value: 0x7fffffffd834
address max offset: 4
Memory content after  bitflip:0x000x000x000x40
frame name: cost
symbol name: valor2
symbol filename: knapsackga.cpp
symbol line: 38
value: 1073741824
value address: 0x7fffffffd834
Type: The type is an integer type.
Type sizeof: 4

[INFO -- 2018-12-08 23:12:52]
Fault Injection Successful after 3.5749642848968506s
[INFO -- 2018-12-08 23:12:52]
event type: exit
[INFO -- 2018-12-08 23:12:52]
exit code: 0
