[INFO -- 2018-12-07 22:23:20]
Starting flip_value script
version: 1.1
[INFO -- 2018-12-07 22:23:20]
Initialization strings:
[INFO -- 2018-12-07 22:23:20]
(1) file /tmp/knapsack/ga
[INFO -- 2018-12-07 22:23:20]
initSignal:1
[INFO -- 2018-12-07 22:23:20]
endSignal:8
[INFO -- 2018-12-07 22:23:20]
faultModel:3
[INFO -- 2018-12-07 22:23:21]
Backtrace BEGIN:
#0  std::_Vector_base<int, std::allocator<int> >::_M_create_storage (this=0x7fffffffd820, __n=140737488345111) at /usr/include/c++/7/bits/stl_vector.h:185
#1  0x000055555555715d in std::_Vector_base<int, std::allocator<int> >::_Vector_base (this=0x7fffffffd820, __n=200, __a=...) at /usr/include/c++/7/bits/stl_vector.h:138
#2  0x00005555555562c2 in std::vector<int, std::allocator<int> >::vector (this=0x7fffffffd820, __n=200, __a=...) at /usr/include/c++/7/bits/stl_vector.h:284
#3  0x0000555555555318 in crossover (pai=std::vector of length 200, capacity 200 = {...}, mae=std::vector of length 200, capacity 200 = {...}, filho1=std::vector of length 0, capacity 0, filho2=std::vector of length 0, capacity 0) at knapsackga.cpp:93
#4  0x00005555555556d7 in genetic_algorithm () at knapsackga.cpp:130
#5  0x0000555555555b6c in main () at knapsackga.cpp:165

180		  _Tr::deallocate(_M_impl, __p, __n);
181	      }
182	
183	    private:
184	      void
185	      _M_create_storage(size_t __n)
186	      {
187		this->_M_impl._M_start = this->_M_allocate(__n);
188		this->_M_impl._M_finish = this->_M_impl._M_start;
189		this->_M_impl._M_end_of_storage = this->_M_impl._M_start + __n;

Backtrace END
Memory content before bitflip:0x310xfb0x080x00
Fault Model: Zero bit-flip
base address to flip value: 0x55555575f0b4 
address max offset: 4
Memory content after  bitflip:0x000x000x000x00
frame name: std::_Vector_base<int, std::allocator<int> >::_M_create_storage
symbol name: W2
symbol filename: knapsackga.cpp
symbol line: 18
value: 0
value address: 0x55555575f0b4 <W2>
Type: The type is an integer type.
Type sizeof: 4

[INFO -- 2018-12-07 22:23:21]
Fault Injection Successful after 1.9987685680389404s
[INFO -- 2018-12-07 22:23:21]
event type: exit
[INFO -- 2018-12-07 22:23:21]
exit code: 0
