[INFO -- 2018-10-19 04:38:11]
Starting flip_value script
version: 1.1
[INFO -- 2018-10-19 04:38:11]
Initialization strings:
[INFO -- 2018-10-19 04:38:11]
(1) file /tmp/knapsack/mf
[INFO -- 2018-10-19 04:38:11]
initSignal:1
[INFO -- 2018-10-19 04:38:11]
endSignal:3
[INFO -- 2018-10-19 04:38:11]
faultModel:3
[EXCEPTION -- 2018-10-19 04:38:13]
pythonException: empty range for randrange() (0,0, 0)
[EXCEPTION -- 2018-10-19 04:38:13]
pythonException: empty range for randrange() (0,0, 0)
[EXCEPTION -- 2018-10-19 04:38:13]
gdbException: Cannot access memory at address 0x0
[EXCEPTION -- 2018-10-19 04:38:13]
pythonException: Unable to exit loop in struct fields; Exiting wihtout making a bit flip
[INFO -- 2018-10-19 04:38:13]
event type: exit
[EXCEPTION -- 2018-10-19 04:38:13]
exit code: no exit code available
