[INFO -- 2018-09-24 19:47:58]
Starting flip_value script
version: 1.1
[INFO -- 2018-09-24 19:47:58]
Initialization strings:
[INFO -- 2018-09-24 19:47:58]
(1) file /tmp/knapsack/ga
[INFO -- 2018-09-24 19:47:58]
initSignal:1
[INFO -- 2018-09-24 19:47:58]
endSignal:3.5
[INFO -- 2018-09-24 19:47:58]
faultModel:4
[INFO -- 2018-09-24 19:47:59]
Backtrace BEGIN:
#0  0x0000555555556363 in std::swap<int> (__a=@0x55555578637c: 0, __b=@0x5555557856bc: 0) at /usr/include/c++/7/bits/move.h:198
#1  0x00005555555551e7 in crossover (pai=std::vector of length 200, capacity 200 = {...}, mae=std::vector of length 200, capacity 200 = {...}, filho1=std::vector of length 200, capacity 200 = {...}, filho2=std::vector of length 200, capacity 200 = {...}) at knapsackga.cpp:80
#2  0x000055555555548d in genetic_algorithm () at knapsackga.cpp:104
#3  0x00005555555558d7 in main () at knapsackga.cpp:137

193	#endif
194	    {
195	      // concept requirements
196	      __glibcxx_function_requires(_SGIAssignableConcept<_Tp>)
197	
198	      _Tp __tmp = _GLIBCXX_MOVE(__a);
199	      __a = _GLIBCXX_MOVE(__b);
200	      __b = _GLIBCXX_MOVE(__tmp);
201	    }
202	

Backtrace END
Fliping a bit of the reference
Memory content before bitflip:0x000x000x000x000x000x000x000x00
Fault Model: LSB bit-flip
base address to flip value: 0x55555578637c
address max offset: 8
Memory content after  bitflip:0x000x000x000x000x000x000x000x04
frame name: std::swap<int>
symbol name: __a
symbol filename: /usr/include/c++/7/bits/move.h
symbol line: 187
value: @0x55555578637c
value address: 0x55555578637c
Type: A reference type.
Type sizeof: 8

[INFO -- 2018-09-24 19:47:59]
Fault Injection Successful after 1.6032233238220215s
[INFO -- 2018-09-24 19:48:02]
event type: exit
[INFO -- 2018-09-24 19:48:02]
exit code: 0
