[INFO -- 2018-12-08 23:23:08]
Starting flip_value script
version: 1.1
[INFO -- 2018-12-08 23:23:08]
Initialization strings:
[INFO -- 2018-12-08 23:23:08]
(1) file /tmp/knapsack/sa
[INFO -- 2018-12-08 23:23:08]
initSignal:0
[INFO -- 2018-12-08 23:23:08]
endSignal:9
[INFO -- 2018-12-08 23:23:08]
faultModel:2
[INFO -- 2018-12-08 23:23:09]
Backtrace BEGIN:
#0  0x00005555555551df in cost (solution=std::vector of length 200, capacity 200 = {...}) at knapsacksa.cpp:63
#1  0x000055555555534c in simulated_annealing () at knapsacksa.cpp:92
#2  0x0000555555555658 in main () at knapsacksa.cpp:146

58	        peso += solution[i] * wt[i];
59	        valor += solution[i] * val[i];
60	    }
61	    for(int i=0; i < n; i++){
62	        peso2 += solution[i] * wt2[i];
63	        valor2 += solution[i] * val2[i];
64	    }
65	    if(peso != peso2 || valor != valor2){
66	        exit_gracefully();
67	    }

Backtrace END
Memory content before bitflip:0xa30xd00x080x00
Fault Model: Random bit-flip
base address to flip value: 0x7fffffffd6a8
address max offset: 4
Memory content after  bitflip:0x340xad0x6c0x1f
frame name: cost
symbol name: peso
symbol filename: knapsacksa.cpp
symbol line: 56
value: 527215924
value address: 0x7fffffffd6a8
Type: The type is an integer type.
Type sizeof: 4

[INFO -- 2018-12-08 23:23:09]
Fault Injection Successful after 1.8544855117797852s
[INFO -- 2018-12-08 23:23:09]
event type: exit
[INFO -- 2018-12-08 23:23:09]
exit code: 0
