[INFO -- 2018-12-09 07:12:43]
Starting flip_value script
version: 1.1
[INFO -- 2018-12-09 07:12:43]
Initialization strings:
[INFO -- 2018-12-09 07:12:43]
(1) file /tmp/knapsack/ga
[INFO -- 2018-12-09 07:12:43]
initSignal:1
[INFO -- 2018-12-09 07:12:43]
endSignal:8
[INFO -- 2018-12-09 07:12:43]
faultModel:4
[INFO -- 2018-12-09 07:12:47]
Backtrace BEGIN:
#0  malloc (n=10) at dl-minimal.c:50
#1  <function called from gdb>
#2  _int_free (av=0x7ffff7832c20 <main_arena>, p=0x555555787940, have_lock=0) at malloc.c:4149
#3  0x00007ffff74e744e in __GI___libc_free (mem=<optimized out>) at malloc.c:3145
#4  0x0000555555559846 in __gnu_cxx::new_allocator<int>::deallocate (this=0x7fffffffd9a0, __p=0x555555787950) at /usr/include/c++/7/ext/new_allocator.h:125
#5  0x0000555555558802 in std::allocator_traits<std::allocator<int> >::deallocate (__a=..., __p=0x555555787950, __n=200) at /usr/include/c++/7/bits/alloc_traits.h:462
#6  0x0000555555557370 in std::_Vector_base<int, std::allocator<int> >::_M_deallocate (this=0x7fffffffd9a0, __p=0x555555787950, __n=200) at /usr/include/c++/7/bits/stl_vector.h:180
#7  0x0000555555556b87 in std::_Vector_base<int, std::allocator<int> >::~_Vector_base (this=0x7fffffffd9a0, __in_chrg=<optimized out>) at /usr/include/c++/7/bits/stl_vector.h:162
#8  0x0000555555555ed7 in std::vector<int, std::allocator<int> >::~vector (this=0x7fffffffd9a0, __in_chrg=<optimized out>) at /usr/include/c++/7/bits/stl_vector.h:435
#9  0x0000555555555e4c in chromossome::~chromossome (this=0x7fffffffd9a0, __in_chrg=<optimized out>) at knapsackga.cpp:63
#10 0x0000555555555753 in genetic_algorithm () at knapsackga.cpp:131
#11 0x0000555555555b6c in main () at knapsackga.cpp:165

45	dl-minimal.c: No such file or directory.

Backtrace END
Fliping value of field: std::_Vector_base<int, std::allocator<int> >
Fliping value of field: _M_impl
Fliping value of field: _M_end_of_storage
Fliping a bit of the pointer
Memory content before bitflip:0x700x800x770x550x550x550x000x00
Fault Model: LSB bit-flip
base address to flip value: 0x55555575f080 
address max offset: 8
Memory content after  bitflip:0x700x800x770x550x550x550x000x04
frame name: main
symbol name: wt
symbol filename: knapsackga.cpp
symbol line: 16
value: std::vector of length 200, capacity 72057594037928192 = {10561, 10479, 1566, 1849, 9355, 8360, 7698, 4082, 7060, 7069, 6813, 2584, 5307, 4936, 8231, 10949, 10494, 6442, 5449, 3683, 1360, 1275, 5649, 4185, 4801, 9918, 6258, 6606, 3362, 1239, 4252, 2367, 6103, 10987, 7745, 2819, 9936, 8968, 8345, 10066, 8629, 8898, 4538, 10810, 10620, 2612, 8541, 8152, 5615, 6304, 5901, 10249, 6009, 9316, 4540, 9829, 9998, 5611, 6678, 10204, 8238, 5867, 3219, 4247, 7996, 2661, 10080, 3682, 10114, 4096, 10574, 8063, 6043, 6178, 7515, 6880, 4119, 3079, 6119, 10342, 7233, 1754, 9204, 8260, 10077, 2915, 8448, 1588, 7530, 3731, 3267, 9755, 2063, 6224, 9540, 3449, 3105, 9806, 5230, 8170, 1319, 4624, 2719, 7728, 1830, 10546, 1254, 8295, 1212, 3557, 9134, 2572, 2838, 7915, 4856, 1432, 10901, 2515, 1363, 4443, 7153, 8425, 2132, 4373, 1309, 5487, 8660, 8400, 10021, 8557, 9625, 8054, 5728, 3256, 7609, 4164, 2021, 5479, 9748, 2276, 6850, 4930, 6149, 2439, 10598, 3591, 7061, 5198, 1181, 6580, 2406, 1568, 1336, 2612, 1959, 7351, 6083, 10835, 10342, 10946, 3325, 5447, 3508, 6913, 7242, 9003, 8095, 3567, 5231, 6262, 1049, 1355, 5088, 2112, 8238, 3409, 1998, 2818, 3316, 3174, 6208, 5645, 4098, 7418, 3125, 10066, 10632, 8290, 5338, 6116, 6811, 1513, 5181, 6251, 2813, 1938, 9027, 4662, 6193, 10215...}
value address: 0x55555575f070 <wt>
Type: The type is a structure.
Type sizeof: 24
Field name: std::_Vector_base<int, std::allocator<int> >
Field Type: The type is a structure.
Field Type sizeof: 24

[INFO -- 2018-12-09 07:12:47]
Fault Injection Successful after 4.792290449142456s
[INFO -- 2018-12-09 07:12:51]
event type: exit
[INFO -- 2018-12-09 07:12:51]
exit code: 0
