[INFO -- 2018-12-09 00:35:41]
Starting flip_value script
version: 1.1
[INFO -- 2018-12-09 00:35:41]
Initialization strings:
[INFO -- 2018-12-09 00:35:41]
(1) file /tmp/knapsack/ga
[INFO -- 2018-12-09 00:35:41]
initSignal:1
[INFO -- 2018-12-09 00:35:41]
endSignal:8
[INFO -- 2018-12-09 00:35:41]
faultModel:3
[INFO -- 2018-12-09 00:35:42]
Backtrace BEGIN:
#0  0x0000555555556b95 in std::_Vector_base<int, std::allocator<int> >::~_Vector_base (this=0x555555787600, __in_chrg=<optimized out>) at /usr/include/c++/7/bits/stl_vector.h:163
#1  0x0000555555555ed7 in std::vector<int, std::allocator<int> >::~vector (this=0x555555787600, __in_chrg=<optimized out>) at /usr/include/c++/7/bits/stl_vector.h:435
#2  0x0000555555555e4c in chromossome::~chromossome (this=0x555555787600, __in_chrg=<optimized out>) at knapsackga.cpp:63
#3  0x0000555555559ca1 in std::_Destroy<chromossome> (__pointer=0x555555787600) at /usr/include/c++/7/bits/stl_construct.h:98
#4  0x000055555555920b in std::_Destroy_aux<false>::__destroy<chromossome*> (__first=0x555555787600, __last=0x555555787940) at /usr/include/c++/7/bits/stl_construct.h:108
#5  0x00005555555580fc in std::_Destroy<chromossome*> (__first=0x555555787540, __last=0x555555787940) at /usr/include/c++/7/bits/stl_construct.h:137
#6  0x0000555555556d33 in std::_Destroy<chromossome*, chromossome> (__first=0x555555787540, __last=0x555555787940) at /usr/include/c++/7/bits/stl_construct.h:206
#7  0x0000555555556ee4 in std::vector<chromossome, std::allocator<chromossome> >::_M_realloc_insert<chromossome const&> (this=0x7fffffffd8a0, __position={solution = std::vector of length 204, capacity 1073741824 = {<error reading variable>, __args#0=...) at /usr/include/c++/7/bits/vector.tcc:446
#8  0x0000555555556012 in std::vector<chromossome, std::allocator<chromossome> >::push_back (this=0x7fffffffd8a0, __x=...) at /usr/include/c++/7/bits/stl_vector.h:948
#9  0x0000555555555731 in genetic_algorithm () at knapsackga.cpp:132
#10 0x0000555555555b6c in main () at knapsackga.cpp:165

158	      }
159	#endif
160	
161	      ~_Vector_base() _GLIBCXX_NOEXCEPT
162	      { _M_deallocate(this->_M_impl._M_start, this->_M_impl._M_end_of_storage
163			      - this->_M_impl._M_start); }
164	
165	    public:
166	      _Vector_impl _M_impl;
167	

Backtrace END
Fliping value of field: std::_Vector_base<int, std::allocator<int> >
Fliping value of field: _M_impl
Fliping value of field: _M_finish
Fliping a bit of the value pointed by a pointer
Memory content before bitflip:0x300x030x000x00
Fault Model: Zero bit-flip
base address to flip value: 0x555555786ed0
address max offset: 4
Memory content after  bitflip:0x000x000x000x00
frame name: genetic_algorithm
symbol name: pai
symbol filename: knapsackga.cpp
symbol line: 127
value: std::vector of length 200, capacity 200 = {0, 1, 0, 0, 1, 1, 1, 0, 0, 0, 0, 0, 0, 0, 1, 1, 1, 0, 0, 0, 0, 0, 0, 1, 1, 0, 1, 1, 1, 0, 0, 0, 0, 1, 0, 0, 0, 1, 1, 1, 0, 0, 0, 0, 1, 0, 1, 0, 1, 0, 0, 1, 1, 0, 1, 1, 1, 0, 0, 1, 1, 1, 1, 0, 0, 0, 1, 0, 0, 0, 1, 0, 0, 0, 1, 1, 0, 0, 1, 1, 1, 0, 0, 1, 1, 0, 1, 0, 1, 0, 0, 1, 0, 0, 1, 0, 0, 0, 0, 0, 1, 1, 0, 1, 0, 1, 0, 1, 0, 0, 0, 0, 1, 1, 0, 1, 0, 0, 0, 1, 1, 0, 1, 1, 0, 0, 1, 0, 1, 1, 1, 1, 0, 0, 1, 0, 0, 1, 1, 0, 0, 1, 1, 0, 0, 0, 1, 0, 0, 1, 0, 0, 1, 1, 0, 0, 0, 1, 0, 1, 1, 0, 0, 0, 1, 0, 0, 0, 1, 0, 1, 0, 1, 0, 0, 0, 0, 0, 0, 0, 1, 0, 0, 1, 1, 0, 1, 1, 1, 0, 0, 0, 0, 0, 0, 0, 0, 0, 0, 1...}
value address: 0x7fffffffd8c0
Type: The type is a structure.
Type sizeof: 24
Field name: std::_Vector_base<int, std::allocator<int> >
Field Type: The type is a structure.
Field Type sizeof: 24

[INFO -- 2018-12-09 00:35:42]
Fault Injection Successful after 1.922539472579956s
[INFO -- 2018-12-09 00:35:49]
event type: exit
[INFO -- 2018-12-09 00:35:49]
exit code: 0
