[INFO -- 2018-12-09 00:45:53]
Starting flip_value script
version: 1.1
[INFO -- 2018-12-09 00:45:53]
Initialization strings:
[INFO -- 2018-12-09 00:45:53]
(1) file /tmp/knapsack/sa
[INFO -- 2018-12-09 00:45:53]
initSignal:0
[INFO -- 2018-12-09 00:45:53]
endSignal:9
[INFO -- 2018-12-09 00:45:53]
faultModel:2
[INFO -- 2018-12-09 00:45:56]
Backtrace BEGIN:
#0  0x00005555555551c9 in cost (solution=std::vector of length 200, capacity 200 = {...}) at knapsacksa.cpp:63
#1  0x000055555555534c in simulated_annealing () at knapsacksa.cpp:92
#2  0x0000555555555658 in main () at knapsacksa.cpp:146

58	        peso += solution[i] * wt[i];
59	        valor += solution[i] * val[i];
60	    }
61	    for(int i=0; i < n; i++){
62	        peso2 += solution[i] * wt2[i];
63	        valor2 += solution[i] * val2[i];
64	    }
65	    if(peso != peso2 || valor != valor2){
66	        exit_gracefully();
67	    }

Backtrace END
Fliping value of field: std::_Vector_base<int, std::allocator<int> >
Fliping value of field: _M_impl
Fliping value of field: _M_finish
Fliping a bit of the value pointed by a pointer
Memory content before bitflip:0x000x000x000x00
Fault Model: Random bit-flip
base address to flip value: 0x5555557727b0
address max offset: 4
Memory content after  bitflip:0xeb0xb80x010x73
frame name: simulated_annealing
symbol name: solution
symbol filename: knapsacksa.cpp
symbol line: 78
value: std::vector of length 200, capacity 200 = {1, 1, 0, 0, 1, 0, 0, 0, 1, 0, 0, 1, 1, 1, 0, 0, 0, 0, 1, 0, 1, 1, 0, 1, 1, 1, 0, 1, 0, 1, 1, 0, 1, 1, 1, 0, 1, 0, 0, 1, 1, 0, 0, 0, 0, 1, 1, 1, 1, 1, 0, 0, 0, 0, 0, 0, 1, 0, 1, 0, 0, 1, 0, 0, 1, 1, 0, 1, 1, 0, 1, 1, 0, 1, 0, 1, 0, 1, 1, 1, 0, 1, 0, 0, 1, 1, 1, 1, 0, 1, 0, 1, 0, 0, 0, 1, 0, 0, 1, 1, 1, 1, 0, 0, 1, 0, 0, 0, 1, 1, 0, 1, 0, 0, 0, 1, 1, 1, 1, 0, 0, 1, 0, 0, 0, 0, 1, 0, 0, 1, 1, 0, 1, 1, 1, 0, 0, 0, 0, 1, 0, 1, 0, 0, 1, 1, 1, 0, 0, 0, 1, 0, 0, 0, 0, 1, 1, 1, 0, 1, 1, 0, 0, 1, 0, 0, 1, 1, 1, 1, 1, 1, 1, 1, 0, 1, 1, 1, 1, 0, 0, 1, 1, 1, 0, 0, 1, 0, 0, 1, 0, 0, 1, 1, 1, 1, 0, 0, 0, 0...}
value address: 0x7fffffffd720
Type: The type is a structure.
Type sizeof: 24
Field name: std::_Vector_base<int, std::allocator<int> >
Field Type: The type is a structure.
Field Type sizeof: 24

[INFO -- 2018-12-09 00:45:56]
Fault Injection Successful after 3.2439301013946533s
[INFO -- 2018-12-09 00:46:02]
event type: exit
[INFO -- 2018-12-09 00:46:02]
exit code: 0
