[INFO -- 2018-12-09 02:37:09]
Starting flip_value script
version: 1.1
[INFO -- 2018-12-09 02:37:09]
Initialization strings:
[INFO -- 2018-12-09 02:37:09]
(1) file /tmp/knapsack/ga
[INFO -- 2018-12-09 02:37:09]
initSignal:1
[INFO -- 2018-12-09 02:37:09]
endSignal:8
[INFO -- 2018-12-09 02:37:09]
faultModel:4
[EXCEPTION -- 2018-12-09 02:37:11]
gdbException: Attempt to dereference a generic pointer.
[INFO -- 2018-12-09 02:37:11]
Backtrace BEGIN:
#0  malloc (n=10) at dl-minimal.c:50
#1  <function called from gdb>
#2  0x00007ffff74e2936 in _int_free (av=0x7ffff7832c20 <main_arena>, p=0x555555787940, have_lock=0) at malloc.c:4286
#3  0x00007ffff74e744e in __GI___libc_free (mem=<optimized out>) at malloc.c:3145
#4  0x0000555555559846 in __gnu_cxx::new_allocator<int>::deallocate (this=0x55555578ad70, __p=0x555555787950) at /usr/include/c++/7/ext/new_allocator.h:125
#5  0x0000555555558802 in std::allocator_traits<std::allocator<int> >::deallocate (__a=..., __p=0x555555787950, __n=200) at /usr/include/c++/7/bits/alloc_traits.h:462
#6  0x0000555555557370 in std::_Vector_base<int, std::allocator<int> >::_M_deallocate (this=0x55555578ad70, __p=0x555555787950, __n=200) at /usr/include/c++/7/bits/stl_vector.h:180
#7  0x0000555555556b87 in std::_Vector_base<int, std::allocator<int> >::~_Vector_base (this=0x55555578ad70, __in_chrg=<optimized out>) at /usr/include/c++/7/bits/stl_vector.h:162
#8  0x0000555555555ed7 in std::vector<int, std::allocator<int> >::~vector (this=0x55555578ad70, __in_chrg=<optimized out>) at /usr/include/c++/7/bits/stl_vector.h:435
#9  0x0000555555555e4c in chromossome::~chromossome (this=0x55555578ad70, __in_chrg=<optimized out>) at knapsackga.cpp:63
#10 0x0000555555559ca1 in std::_Destroy<chromossome> (__pointer=0x55555578ad70) at /usr/include/c++/7/bits/stl_construct.h:98
#11 0x000055555555920b in std::_Destroy_aux<false>::__destroy<chromossome*> (__first=0x55555578ad70, __last=0x55555578b150) at /usr/include/c++/7/bits/stl_construct.h:108
#12 0x00005555555580fc in std::_Destroy<chromossome*> (__first=0x55555578ac50, __last=0x55555578b150) at /usr/include/c++/7/bits/stl_construct.h:137
#13 0x0000555555556d33 in std::_Destroy<chromossome*, chromossome> (__first=0x55555578ac50, __last=0x55555578b150) at /usr/include/c++/7/bits/stl_construct.h:206
#14 0x0000555555555f6b in std::vector<chromossome, std::allocator<chromossome> >::~vector (this=0x7fffffffd8a0, __in_chrg=<optimized out>) at /usr/include/c++/7/bits/stl_vector.h:434
#15 0x000055555555591e in genetic_algorithm () at knapsackga.cpp:121
#16 0x0000555555555b6c in main () at knapsackga.cpp:165

45	in dl-minimal.c

Backtrace END
Memory content before bitflip:0x280x000x000x00
Fault Model: LSB bit-flip
base address to flip value: 0x55555575f010 
address max offset: 4
Memory content after  bitflip:0x280x000x000x20
frame name: std::_Destroy_aux<false>::__destroy<chromossome*>
symbol name: pop_size
symbol filename: knapsackga.cpp
symbol line: 19
value: 536870952
value address: 0x55555575f010 <pop_size>
Type: The type is an integer type.
Type sizeof: 4

[INFO -- 2018-12-09 02:37:11]
Fault Injection Successful after 2.1830897331237793s
[INFO -- 2018-12-09 02:37:11]
event type: exit
[INFO -- 2018-12-09 02:37:11]
exit code: 0
