[INFO -- 2018-12-09 09:05:58]
Starting flip_value script
version: 1.1
[INFO -- 2018-12-09 09:05:58]
Initialization strings:
[INFO -- 2018-12-09 09:05:58]
(1) file /tmp/knapsack/ga
[INFO -- 2018-12-09 09:05:58]
initSignal:1
[INFO -- 2018-12-09 09:05:58]
endSignal:8
[INFO -- 2018-12-09 09:05:58]
faultModel:1
[EXCEPTION -- 2018-12-09 09:06:03]
pythonException: empty range for randrange() (0,0, 0)
[INFO -- 2018-12-09 09:06:03]
Backtrace BEGIN:
#0  0x00005555555550ee in cost (solution=std::vector of length 200, capacity 200 = {...}) at knapsackga.cpp:44
#1  0x000055555555589e in genetic_algorithm () at knapsackga.cpp:138
#2  0x0000555555555b6c in main () at knapsackga.cpp:165

39	    for(int i=0; i < n; i++){
40	        peso += solution[i] * wt[i];
41	        valor += solution[i] * val[i];
42	    }
43	    for(int i=0; i < n; i++){
44	        peso2 += solution[i] * wt2[i];
45	        valor2 += solution[i] * val2[i];
46	    }
47	    if(peso != peso2 || valor != valor2){
48	        exit_gracefully();

Backtrace END
Memory content before bitflip:0x0c0x000x000x00
Fault Model: Double bit-flip
base address to flip value: 0x7fffffffd87c
address max offset: 4
Memory content after  bitflip:0x0c0x000x410x00
frame name: genetic_algorithm
symbol name: i
symbol filename: knapsackga.cpp
symbol line: 135
value: 4259852
value address: 0x7fffffffd87c
Type: The type is an integer type.
Type sizeof: 4

[INFO -- 2018-12-09 09:06:03]
Fault Injection Successful after 5.98007345199585s
[INFO -- 2018-12-09 09:06:06]
event type: exit
[INFO -- 2018-12-09 09:06:06]
exit code: 0
