[INFO -- 2018-09-24 18:20:13]
Starting flip_value script
version: 1.1
[INFO -- 2018-09-24 18:20:13]
Initialization strings:
[INFO -- 2018-09-24 18:20:13]
(1) file /tmp/knapsack/ga
[INFO -- 2018-09-24 18:20:13]
initSignal:1
[INFO -- 2018-09-24 18:20:13]
endSignal:3.5
[INFO -- 2018-09-24 18:20:13]
faultModel:0
[INFO -- 2018-09-24 18:20:14]
Backtrace BEGIN:
#0  0x0000555555555fc9 in std::vector<int, std::allocator<int> >::vector (this=0x7fffffffd870, __n=200, __a=...) at /usr/include/c++/7/bits/stl_vector.h:284
#1  0x0000555555555114 in crossover (pai=std::vector of length 200, capacity 200 = {...}, mae=std::vector of length 200, capacity 200 = {...}, filho1=std::vector of length 0, capacity 0, filho2=std::vector of length 0, capacity 0) at knapsackga.cpp:72
#2  0x000055555555548d in genetic_algorithm () at knapsackga.cpp:104
#3  0x00005555555558d7 in main () at knapsackga.cpp:137

279	       *  This constructor fills the %vector with @a __n default
280	       *  constructed elements.
281	       */
282	      explicit
283	      vector(size_type __n, const allocator_type& __a = allocator_type())
284	      : _Base(__n, __a)
285	      { _M_default_initialize(__n); }
286	
287	      /**
288	       *  @brief  Creates a %vector with copies of an exemplar element.

Backtrace END
Memory content before bitflip:0xc80x000x000x000x000x000x000x00
Fault Model: Single bit-flip
base address to flip value: 0x7fffffffd810
address max offset: 8
Memory content after  bitflip:0xc80x200x000x000x000x000x000x00
frame name: std::vector<int, std::allocator<int> >::vector
symbol name: __n
symbol filename: /usr/include/c++/7/bits/stl_vector.h
symbol line: 283
value: 8392
value address: 0x7fffffffd810
Type: The type is an integer type.
Type sizeof: 8

[INFO -- 2018-09-24 18:20:14]
Fault Injection Successful after 1.5963752269744873s
[INFO -- 2018-09-24 18:20:17]
event type: exit
[INFO -- 2018-09-24 18:20:17]
exit code: 0
