[INFO -- 2018-09-24 19:49:35]
Starting flip_value script
version: 1.1
[INFO -- 2018-09-24 19:49:35]
Initialization strings:
[INFO -- 2018-09-24 19:49:35]
(1) file /tmp/knapsack/ga
[INFO -- 2018-09-24 19:49:35]
initSignal:1
[INFO -- 2018-09-24 19:49:35]
endSignal:3.5
[INFO -- 2018-09-24 19:49:35]
faultModel:1
[EXCEPTION -- 2018-09-24 19:49:37]
pythonException: empty range for randrange() (0,0, 0)
[EXCEPTION -- 2018-09-24 19:49:37]
pythonException: Unable to exit loop in struct fields; Exiting wihtout making a bit flip
[INFO -- 2018-09-24 19:49:37]
Backtrace BEGIN:
#0  0x0000555555554f25 in cost (solution=std::vector of length 200, capacity 200 = {...}) at knapsackga.cpp:26
#1  0x0000555555555654 in genetic_algorithm () at knapsackga.cpp:112
#2  0x00005555555558d7 in main () at knapsackga.cpp:137

21	}
22	
23	int cost(vector<int> &solution){
24	    int peso=0, valor=0;
25	    for(int i=0; i < n; i++){
26	       peso += solution[i] * wt[i];
27	       valor += solution[i] * val[i];
28	    }
29	
30	    if(peso > W){

Backtrace END
Memory content before bitflip:0x310xfb0x080x00
Fault Model: Double bit-flip
base address to flip value: 0x55555575f06c 
address max offset: 4
Memory content after  bitflip:0x310xfb0x080x88
frame name: main
symbol name: W
symbol filename: knapsackga.cpp
symbol line: 16
value: -2012677327
value address: 0x55555575f06c <W>
Type: The type is an integer type.
Type sizeof: 4

[INFO -- 2018-09-24 19:49:37]
Fault Injection Successful after 2.3595426082611084s
[INFO -- 2018-09-24 19:49:39]
event type: exit
[INFO -- 2018-09-24 19:49:39]
exit code: 0
