[INFO -- 2018-12-01 08:51:25]
Starting flip_value script
version: 1.1
[INFO -- 2018-12-01 08:51:25]
Initialization strings:
[INFO -- 2018-12-01 08:51:25]
(1) file /tmp/knapsack/mf
[INFO -- 2018-12-01 08:51:25]
initSignal:0
[INFO -- 2018-12-01 08:51:25]
endSignal:12
[INFO -- 2018-12-01 08:51:25]
faultModel:2
[EXCEPTION -- 2018-12-01 08:51:29]
gdbException: Cannot access memory at address 0x3469aa5e402eeecf
[EXCEPTION -- 2018-12-01 08:51:29]
pythonException: empty range for randrange() (0,0, 0)
[EXCEPTION -- 2018-12-01 08:51:29]
gdbException: Cannot access memory at address 0xd96d9e14215a8b47
[INFO -- 2018-12-01 08:51:29]
event type: exit
[EXCEPTION -- 2018-12-01 08:51:29]
exit code: no exit code available
