[INFO -- 2018-09-23 19:26:19]
Starting flip_value script
version: 1.1
[INFO -- 2018-09-23 19:26:19]
Initialization strings:
[INFO -- 2018-09-23 19:26:19]
(1) file /tmp/knapsack/sa
[INFO -- 2018-09-23 19:26:19]
initSignal:0
[INFO -- 2018-09-23 19:26:19]
endSignal:2
[INFO -- 2018-09-23 19:26:19]
faultModel:4
[INFO -- 2018-09-23 19:26:19]
Backtrace BEGIN:
#0  0x0000555555554f8a in cost (solution=std::vector of length 200, capacity 200 = {...}) at knapsacksa.cpp:28
#1  0x000055555555511f in simulated_annealing () at knapsacksa.cpp:50
#2  0x000055555555535e in main () at knapsacksa.cpp:84

23	}
24	
25	int cost(vector<int> &solution){
26	    int peso=0, valor=0;
27	    for(int i=0; i < n; i++){
28	       peso += solution[i] * wt[i];
29	       valor += solution[i] * val[i];
30	    }
31	    if(peso > W)
32	       return 99999999;

Backtrace END
Memory content before bitflip:0x6e0xee0x020x00
Fault Model: LSB bit-flip
base address to flip value: 0x7fffffffd9d0
address max offset: 4
Memory content after  bitflip:0x6e0xee0x020x01
frame name: simulated_annealing
symbol name: temp
symbol filename: knapsacksa.cpp
symbol line: 42
value: 16969326
value address: 0x7fffffffd9d0
Type: The type is an integer type.
Type sizeof: 4

[INFO -- 2018-09-23 19:26:19]
Fault Injection Successful after 0.9691898822784424s
[INFO -- 2018-09-23 19:26:21]
event type: exit
[INFO -- 2018-09-23 19:26:21]
exit code: 0
