[INFO -- 2018-12-08 15:41:36]
Starting flip_value script
version: 1.1
[INFO -- 2018-12-08 15:41:36]
Initialization strings:
[INFO -- 2018-12-08 15:41:36]
(1) file /tmp/knapsack/ga
[INFO -- 2018-12-08 15:41:36]
initSignal:1
[INFO -- 2018-12-08 15:41:36]
endSignal:8
[INFO -- 2018-12-08 15:41:36]
faultModel:2
[EXCEPTION -- 2018-12-08 15:41:38]
gdbException: Cannot access memory at address 0x0
[EXCEPTION -- 2018-12-08 15:41:39]
pythonException: empty range for randrange() (0,0, 0)
[EXCEPTION -- 2018-12-08 15:41:39]
gdbException: Cannot access memory at address 0x1fa30048655e258b
[INFO -- 2018-12-08 15:41:39]
event type: exit
[EXCEPTION -- 2018-12-08 15:41:39]
exit code: no exit code available
