[INFO -- 2018-09-25 07:47:17]
Starting flip_value script
version: 1.1
[INFO -- 2018-09-25 07:47:17]
Initialization strings:
[INFO -- 2018-09-25 07:47:17]
(1) file /tmp/knapsack/ga
[INFO -- 2018-09-25 07:47:17]
initSignal:1
[INFO -- 2018-09-25 07:47:17]
endSignal:3.5
[INFO -- 2018-09-25 07:47:17]
faultModel:2
[INFO -- 2018-09-25 07:47:19]
Backtrace BEGIN:
#0  __random_r (buf=buf@entry=0x7ffff7832720 <unsafe_state>, result=result@entry=0x7fffffffd804) at random_r.c:392
#1  0x00007ffff7494a22 in __random () at random.c:293
#2  0x00007ffff7494ea9 in rand () at rand.c:27
#3  0x0000555555554eb3 in rand_bit () at knapsackga.cpp:20
#4  0x000055555555514f in crossover (pai=std::vector of length 200, capacity 200 = {...}, mae=std::vector of length 200, capacity 200 = {...}, filho1=std::vector of length 0, capacity 0, filho2=std::vector of length 0, capacity 0) at knapsackga.cpp:74
#5  0x000055555555548d in genetic_algorithm () at knapsackga.cpp:104
#6  0x00005555555558d7 in main () at knapsackga.cpp:137

387	random_r.c: No such file or directory.

Backtrace END
Fliping a bit of the value pointed by a pointer
Memory content before bitflip:0xf40xc40xf80xc9
Fault Model: Random bit-flip
base address to flip value: 0x7ffff78321dc 
address max offset: 4
Memory content after  bitflip:0xe20x3c0x7b0xf3
frame name: __random_r
symbol name: fptr
symbol filename: random_r.c
symbol line: 371
value: 0x7ffff78321dc <randtbl+60>
value address: 0x7ffff7832720 <unsafe_state>
Type: The type is a pointer.
Type sizeof: 8

[INFO -- 2018-09-25 07:47:19]
Fault Injection Successful after 2.6598169803619385s
[INFO -- 2018-09-25 07:47:21]
event type: exit
[INFO -- 2018-09-25 07:47:21]
exit code: 0
