[INFO -- 2018-12-09 09:05:14]
Starting flip_value script
version: 1.1
[INFO -- 2018-12-09 09:05:14]
Initialization strings:
[INFO -- 2018-12-09 09:05:14]
(1) file /tmp/knapsack/ga
[INFO -- 2018-12-09 09:05:14]
initSignal:1
[INFO -- 2018-12-09 09:05:14]
endSignal:8
[INFO -- 2018-12-09 09:05:14]
faultModel:0
[INFO -- 2018-12-09 09:05:16]
Backtrace BEGIN:
#0  0x000055555555566c in genetic_algorithm () at knapsackga.cpp:128
#1  0x0000555555555b6c in main () at knapsackga.cpp:165

123	        for(int i=0; i < 2; i++)
124	            new_pop.push_back(pop[i]);
125	
126	        while(new_pop.size() != pop_size){
127	            vector<int> pai, mae, filho1, filho2;
128	            pai = tournament(pop);
129	            mae = tournament(pop);
130	            crossover(pai, mae, filho1, filho2);
131	            chromossome f1, f2; f1.solution = filho1; f2.solution = filho2;
132	            new_pop.push_back(f1);

Backtrace END
Memory content before bitflip:0x370x410xf80xff
Fault Model: Single bit-flip
base address to flip value: 0x7fffffffd86c
address max offset: 4
Memory content after  bitflip:0x370x410x780xff
frame name: genetic_algorithm
symbol name: best
symbol filename: knapsackga.cpp
symbol line: 113
value: -8896201
value address: 0x7fffffffd86c
Type: The type is an integer type.
Type sizeof: 4

[INFO -- 2018-12-09 09:05:16]
Fault Injection Successful after 2.2462356090545654s
[INFO -- 2018-12-09 09:05:22]
event type: exit
[INFO -- 2018-12-09 09:05:22]
exit code: 0
