[INFO -- 2018-09-25 06:50:35]
Starting flip_value script
version: 1.1
[INFO -- 2018-09-25 06:50:35]
Initialization strings:
[INFO -- 2018-09-25 06:50:35]
(1) file /tmp/knapsack/ga
[INFO -- 2018-09-25 06:50:35]
initSignal:1
[INFO -- 2018-09-25 06:50:35]
endSignal:3.5
[INFO -- 2018-09-25 06:50:35]
faultModel:4
[INFO -- 2018-09-25 06:50:36]
Backtrace BEGIN:
#0  0x0000555555555e62 in std::vector<int, std::allocator<int> >::vector (this=0x555555786800, __x=std::vector of length 200, capacity 200 = {...}) at /usr/include/c++/7/bits/stl_vector.h:328
#1  0x0000555555557e39 in chromossome::chromossome (this=0x555555786800) at knapsackga.cpp:42
#2  0x0000555555557e96 in __gnu_cxx::new_allocator<chromossome>::construct<chromossome, chromossome const&> (this=0x7fffffffd8f0, __p=0x555555786800, __args#0=...) at /usr/include/c++/7/ext/new_allocator.h:136
#3  0x0000555555556a90 in std::allocator_traits<std::allocator<chromossome> >::construct<chromossome, chromossome const&> (__a=..., __p=0x555555786800, __args#0=...) at /usr/include/c++/7/bits/alloc_traits.h:475
#4  0x0000555555555cf0 in std::vector<chromossome, std::allocator<chromossome> >::push_back (this=0x7fffffffd8f0, __x=...) at /usr/include/c++/7/bits/stl_vector.h:943
#5  0x00005555555554e7 in genetic_algorithm () at knapsackga.cpp:106
#6  0x00005555555558d7 in main () at knapsackga.cpp:137

323	       *  The newly-created %vector uses a copy of the allocator object used
324	       *  by @a __x (unless the allocator traits dictate a different object).
325	       */
326	      vector(const vector& __x)
327	      : _Base(__x.size(),
328		_Alloc_traits::_S_select_on_copy(__x._M_get_Tp_allocator()))
329	      {
330		this->_M_impl._M_finish =
331		  std::__uninitialized_copy_a(__x.begin(), __x.end(),
332					      this->_M_impl._M_start,

Backtrace END
Fliping a bit of the pointer
Memory content before bitflip:0xf00xd80xff0xff0xff0x7f0x000x00
Fault Model: LSB bit-flip
base address to flip value: 0x7fffffffd828
address max offset: 8
Memory content after  bitflip:0xf00xd80xff0xff0xff0x7f0x000x01
frame name: __gnu_cxx::new_allocator<chromossome>::construct<chromossome, chromossome const&>
symbol name: this
symbol filename: knapsackga.cpp
symbol line: 0
value: 0x7fffffffd8f0
value address: 0x7fffffffd828
Type: The type is a pointer.
Type sizeof: 8

[INFO -- 2018-09-25 06:50:36]
Fault Injection Successful after 1.5803356170654297s
[INFO -- 2018-09-25 06:50:39]
event type: exit
[INFO -- 2018-09-25 06:50:39]
exit code: 0
