[INFO -- 2018-09-23 12:40:16]
Starting flip_value script
version: 1.1
[INFO -- 2018-09-23 12:40:16]
Initialization strings:
[INFO -- 2018-09-23 12:40:16]
(1) file /tmp/knapsack/sa
[INFO -- 2018-09-23 12:40:16]
initSignal:0
[INFO -- 2018-09-23 12:40:16]
endSignal:2
[INFO -- 2018-09-23 12:40:16]
faultModel:0
[INFO -- 2018-09-23 12:40:17]
Backtrace BEGIN:
#0  0x0000555555555fcd in std::copy<__gnu_cxx::__normal_iterator<int const*, std::vector<int, std::allocator<int> > >, __gnu_cxx::__normal_iterator<int*, std::vector<int, std::allocator<int> > > > (__first=1, __last=0, __result=1) at /usr/include/c++/7/bits/stl_algobase.h:457
#1  0x0000555555555987 in std::vector<int, std::allocator<int> >::operator= (this=0x7fffffffda10, __x=std::vector of length 200, capacity 200 = {...}) at /usr/include/c++/7/bits/vector.tcc:218
#2  0x000055555555518f in simulated_annealing () at knapsacksa.cpp:60
#3  0x000055555555535e in main () at knapsacksa.cpp:84

452	      __glibcxx_requires_valid_range(__first, __last);
453	
454	      return (std::__copy_move_a2<__is_move_iterator<_II>::__value>
455		      (std::__miter_base(__first), std::__miter_base(__last),
456		       __result));
457	    }
458	
459	#if __cplusplus >= 201103L
460	  /**
461	   *  @brief Moves the range [first,last) into result.

Backtrace END
Memory content before bitflip:0xc80x000x000x00
Fault Model: Single bit-flip
base address to flip value: 0x555555759068 
address max offset: 4
Memory content after  bitflip:0xc80x080x000x00
frame name: simulated_annealing
symbol name: n
symbol filename: knapsacksa.cpp
symbol line: 15
value: 2248
value address: 0x555555759068 <n>
Type: The type is an integer type.
Type sizeof: 4

[INFO -- 2018-09-23 12:40:17]
Fault Injection Successful after 1.3343610763549805s
[INFO -- 2018-09-23 12:40:32]
event type: exit
[INFO -- 2018-09-23 12:40:32]
exit code: 0
