[INFO -- 2018-09-25 07:44:25]
Starting flip_value script
version: 1.1
[INFO -- 2018-09-25 07:44:25]
Initialization strings:
[INFO -- 2018-09-25 07:44:25]
(1) file /tmp/knapsack/ga
[INFO -- 2018-09-25 07:44:25]
initSignal:1
[INFO -- 2018-09-25 07:44:25]
endSignal:3.5
[INFO -- 2018-09-25 07:44:25]
faultModel:0
[INFO -- 2018-09-25 07:44:26]
Backtrace BEGIN:
#0  0x00007ffff74e703e in tcache_get (tc_idx=<optimized out>) at malloc.c:2978
#1  __GI___libc_malloc (bytes=800) at malloc.c:3079
#2  0x00007ffff7adf458 in operator new(unsigned long) () from /usr/lib/x86_64-linux-gnu/libstdc++.so.6
#3  0x000055555555a070 in __gnu_cxx::new_allocator<int>::allocate (this=0x7fffffffd9f0, __n=200) at /usr/include/c++/7/ext/new_allocator.h:111
#4  0x0000555555559587 in std::allocator_traits<std::allocator<int> >::allocate (__a=..., __n=200) at /usr/include/c++/7/bits/alloc_traits.h:436
#5  0x0000555555558554 in std::_Vector_base<int, std::allocator<int> >::_M_allocate (this=0x7fffffffd9f0, __n=200) at /usr/include/c++/7/bits/stl_vector.h:172
#6  0x000055555555712e in std::vector<int, std::allocator<int> >::_M_allocate_and_copy<__gnu_cxx::__normal_iterator<int const*, std::vector<int, std::allocator<int> > > > (this=0x7fffffffd9f0, __n=200, __first=0, __last=816) at /usr/include/c++/7/bits/stl_vector.h:1260
#7  0x000055555555617b in std::vector<int, std::allocator<int> >::operator= (this=0x7fffffffd9f0, __x=std::vector of length 200, capacity 200 = {...}) at /usr/include/c++/7/bits/vector.tcc:206
#8  0x00005555555554d1 in genetic_algorithm () at knapsackga.cpp:105
#9  0x00005555555558d7 in main () at knapsackga.cpp:137

2973	malloc.c: No such file or directory.

Backtrace END
Memory content before bitflip:0xc80x000x000x000x000x000x000x00
Fault Model: Single bit-flip
base address to flip value: 0x7fffffffd820
address max offset: 8
Memory content after  bitflip:0xcc0x000x000x000x000x000x000x00
frame name: std::vector<int, std::allocator<int> >::_M_allocate_and_copy<__gnu_cxx::__normal_iterator<int const*, std::vector<int, std::allocator<int> > > >
symbol name: __n
symbol filename: /usr/include/c++/7/bits/stl_vector.h
symbol line: 1257
value: 204
value address: 0x7fffffffd820
Type: The type is an integer type.
Type sizeof: 8

[INFO -- 2018-09-25 07:44:26]
Fault Injection Successful after 1.619377613067627s
[INFO -- 2018-09-25 07:44:29]
event type: exit
[INFO -- 2018-09-25 07:44:29]
exit code: 0
