[INFO -- 2018-09-25 09:40:20]
Starting flip_value script
version: 1.1
[INFO -- 2018-09-25 09:40:20]
Initialization strings:
[INFO -- 2018-09-25 09:40:20]
(1) file /tmp/knapsack/ga
[INFO -- 2018-09-25 09:40:20]
initSignal:1
[INFO -- 2018-09-25 09:40:20]
endSignal:3.5
[INFO -- 2018-09-25 09:40:20]
faultModel:4
[INFO -- 2018-09-25 09:40:21]
Backtrace BEGIN:
#0  0x000055555555843a in std::_Vector_base<int, std::allocator<int> >::_Vector_impl::_M_swap_data (this=0x7fffffffd930, __x=...) at /usr/include/c++/7/bits/stl_vector.h:105
#1  0x000055555555742f in std::vector<int, std::allocator<int> >::_M_move_assign (this=0x7fffffffd930, __x=...) at /usr/include/c++/7/bits/stl_vector.h:1532
#2  0x0000555555556453 in std::vector<int, std::allocator<int> >::operator= (this=0x7fffffffd930, __x=...) at /usr/include/c++/7/bits/stl_vector.h:466
#3  0x000055555555545d in genetic_algorithm () at knapsackga.cpp:103
#4  0x00005555555558d7 in main () at knapsackga.cpp:137

100		{ }
101	#endif
102	
103		void _M_swap_data(_Vector_impl& __x) _GLIBCXX_NOEXCEPT
104		{
105		  std::swap(_M_start, __x._M_start);
106		  std::swap(_M_finish, __x._M_finish);
107		  std::swap(_M_end_of_storage, __x._M_end_of_storage);
108		}
109	      };

Backtrace END
Memory content before bitflip:0x310xfb0x080x00
Fault Model: LSB bit-flip
base address to flip value: 0x55555575f06c 
address max offset: 4
Memory content after  bitflip:0x310xfb0x080x01
frame name: std::_Vector_base<int, std::allocator<int> >::_Vector_impl::_M_swap_data
symbol name: W
symbol filename: knapsackga.cpp
symbol line: 16
value: 17365809
value address: 0x55555575f06c <W>
Type: The type is an integer type.
Type sizeof: 4

[INFO -- 2018-09-25 09:40:21]
Fault Injection Successful after 1.6866812705993652s
[INFO -- 2018-09-25 09:40:24]
event type: exit
[INFO -- 2018-09-25 09:40:24]
exit code: 0
