[INFO -- 2018-12-08 10:57:26]
Starting flip_value script
version: 1.1
[INFO -- 2018-12-08 10:57:26]
Initialization strings:
[INFO -- 2018-12-08 10:57:26]
(1) file /tmp/knapsack/sa
[INFO -- 2018-12-08 10:57:26]
initSignal:0
[INFO -- 2018-12-08 10:57:26]
endSignal:9
[INFO -- 2018-12-08 10:57:26]
faultModel:4
[EXCEPTION -- 2018-12-08 10:57:28]
gdbException: Attempt to dereference a generic pointer.
[EXCEPTION -- 2018-12-08 10:57:30]
pythonException: empty range for randrange() (0,0, 0)
[EXCEPTION -- 2018-12-08 10:57:31]
pythonException: Unable to exit loop in struct fields; Exiting wihtout making a bit flip
[INFO -- 2018-12-08 10:57:41]
event type: exit
[INFO -- 2018-12-08 10:57:41]
exit code: 0
