[INFO -- 2018-12-08 13:17:45]
Starting flip_value script
version: 1.1
[INFO -- 2018-12-08 13:17:45]
Initialization strings:
[INFO -- 2018-12-08 13:17:45]
(1) file /tmp/knapsack/sa
[INFO -- 2018-12-08 13:17:45]
initSignal:0
[INFO -- 2018-12-08 13:17:45]
endSignal:9
[INFO -- 2018-12-08 13:17:45]
faultModel:1
[EXCEPTION -- 2018-12-08 13:17:46]
pythonException: Unable to exit loop in struct fields; Exiting wihtout making a bit flip
[INFO -- 2018-12-08 13:17:47]
Backtrace BEGIN:
#0  0x00005555555551ac in cost (solution=std::vector of length 200, capacity 200 = {...}) at knapsacksa.cpp:62
#1  0x000055555555534c in simulated_annealing () at knapsacksa.cpp:92
#2  0x0000555555555658 in main () at knapsacksa.cpp:146

57	    for(int i=0; i < n; i++){
58	        peso += solution[i] * wt[i];
59	        valor += solution[i] * val[i];
60	    }
61	    for(int i=0; i < n; i++){
62	        peso2 += solution[i] * wt2[i];
63	        valor2 += solution[i] * val2[i];
64	    }
65	    if(peso != peso2 || valor != valor2){
66	        exit_gracefully();

Backtrace END
Memory content before bitflip:0x3a0x0c0x010x00
Fault Model: Double bit-flip
base address to flip value: 0x7fffffffd714
address max offset: 4
Memory content after  bitflip:0x3f0x0c0x010x00
frame name: simulated_annealing
symbol name: t
symbol filename: knapsacksa.cpp
symbol line: 88
value: 68671
value address: 0x7fffffffd714
Type: The type is an integer type.
Type sizeof: 4

[INFO -- 2018-12-08 13:17:47]
Fault Injection Successful after 2.0070931911468506s
[INFO -- 2018-12-08 13:17:55]
event type: exit
[INFO -- 2018-12-08 13:17:55]
exit code: 0
