[INFO -- 2018-12-02 03:38:34]
Starting flip_value script
version: 1.1
[INFO -- 2018-12-02 03:38:34]
Initialization strings:
[INFO -- 2018-12-02 03:38:34]
(1) file /tmp/knapsack/ga
[INFO -- 2018-12-02 03:38:34]
initSignal:0
[INFO -- 2018-12-02 03:38:34]
endSignal:13
[INFO -- 2018-12-02 03:38:34]
faultModel:3
[INFO -- 2018-12-02 03:38:35]
Backtrace BEGIN:
#0  0x00005555555565d2 in std::swap<int> (__a=@0x555555782e2c: 0, __b=@0x555555782af4: 0) at /usr/include/c++/7/bits/move.h:187
#1  0x0000555555555317 in crossover (pai=std::vector of length 200, capacity 200 = {...}, mae=std::vector of length 200, capacity 200 = {...}, filho1=std::vector of length 200, capacity 200 = {...}, filho2=std::vector of length 200, capacity 200 = {...}) at knapsackga.cpp:80
#2  0x00005555555555c7 in genetic_algorithm () at knapsackga.cpp:104
#3  0x0000555555555a9b in main () at knapsackga.cpp:141

182	    inline
183	#if __cplusplus >= 201103L
184	    typename enable_if<__and_<__not_<__is_tuple_like<_Tp>>,
185				      is_move_constructible<_Tp>,
186				      is_move_assignable<_Tp>>::value>::type
187	    swap(_Tp& __a, _Tp& __b)
188	    noexcept(__and_<is_nothrow_move_constructible<_Tp>,
189		            is_nothrow_move_assignable<_Tp>>::value)
190	#else
191	    void

Backtrace END
Fliping value of field: std::_Vector_base<int, std::allocator<int> >
Fliping value of field: _M_impl
Fliping value of field: _M_finish
Fliping a bit of the value pointed by a pointer
Memory content before bitflip:0x000x000x000x00
Fault Model: Zero bit-flip
base address to flip value: 0x555555776270
address max offset: 4
Memory content after  bitflip:0x000x000x000x00
frame name: crossover
symbol name: mask
symbol filename: knapsackga.cpp
symbol line: 72
value: std::vector of length 200, capacity 200 = {1, 1, 0, 1, 1, 1, 1, 0, 1, 1, 0, 1, 0, 1, 0, 0, 1, 0, 0, 0, 1, 0, 0, 0, 1, 1, 1, 0, 0, 0, 0, 1, 1, 0, 1, 1, 1, 0, 1, 1, 1, 1, 0, 0, 0, 0, 0, 0, 1, 0, 0, 0, 1, 1, 0, 0, 0, 1, 0, 0, 1, 0, 1, 0, 0, 0, 1, 0, 1, 0, 1, 0, 1, 1, 0, 0, 0, 1, 0, 1, 1, 0, 1, 0, 1, 1, 0, 1, 0, 0, 1, 1, 0, 1, 1, 1, 1, 1, 1, 0, 1, 0, 1, 1, 1, 1, 1, 1, 0, 1, 0, 0, 1, 1, 0, 1, 0, 1, 0, 0, 1, 0, 1, 0, 1, 1, 1, 0, 0, 0, 1, 1, 0, 0, 0, 1, 1, 1, 1, 0, 0, 1, 0, 0, 1, 0, 1, 1, 1, 1, 0, 1, 1, 1, 1, 0, 0, 0, 1, 0, 0, 0, 0, 0, 0, 0, 1, 1, 0, 0, 1, 0, 0, 1, 0, 1, 0, 1, 0, 1, 1, 0, 0, 0, 0, 1, 1, 0, 1, 0, 1, 1, 0, 1, 1, 0, 1, 1, 1, 1...}
value address: 0x7fffffffd8d0
Type: The type is a structure.
Type sizeof: 24
Field name: std::_Vector_base<int, std::allocator<int> >
Field Type: The type is a structure.
Field Type sizeof: 24

[INFO -- 2018-12-02 03:38:35]
Fault Injection Successful after 1.13139009475708s
[INFO -- 2018-12-02 03:38:46]
event type: exit
[INFO -- 2018-12-02 03:38:46]
exit code: 0
