[INFO -- 2018-09-20 20:42:53]
Starting flip_value script
version: 1.1
[INFO -- 2018-09-20 20:42:53]
Initialization strings:
[INFO -- 2018-09-20 20:42:53]
(1) file /tmp/knapsack/dp
[INFO -- 2018-09-20 20:42:53]
initSignal:1
[INFO -- 2018-09-20 20:42:53]
endSignal:3
[INFO -- 2018-09-20 20:42:53]
faultModel:2
[EXCEPTION -- 2018-09-20 20:42:54]
pythonException: empty range for randrange() (0,0, 0)
[INFO -- 2018-09-20 20:42:54]
Backtrace BEGIN:
#0  0x0000555555554de7 in knapSack (W=588593, n=200, val=0x55555576d2f0, wt=0x55555576d620) at knapsackdp.cpp:19
#1  0x0000555555554fb2 in main () at knapsackdp.cpp:52

14	    for (int i = 0; i <= n; i++) {
15	        *(V + i) = static_cast<int *>(malloc(sizeof(int) * (W + 1)));
16	    }
17	
18	    for (int i = 0; i <= n; i++) {
19	        for (int w = 0; w <= W; w++) {
20	            if (i == 0 || w == 0)
21	                *(*(V + i) + w) = 0;
22	            else if (w >= wt[i - 1]) {
23	                *(*(V + i) + w) = max(val[i - 1] + V[i - 1][w - wt[i - 1]], V[i - 1][w]);

Backtrace END
Fliping a bit of the value pointed by a pointer
Memory content before bitflip:0x590x250x000x00
Fault Model: Random bit-flip
base address to flip value: 0x55555576d2f0
address max offset: 4
Memory content after  bitflip:0x510x100x780xe0
frame name: knapSack
symbol name: val
symbol filename: knapsackdp.cpp
symbol line: 10
value: 0x55555576d2f0
value address: 0x7fffffffd9d0
Type: The type is a pointer.
Type sizeof: 8

[INFO -- 2018-09-20 20:42:54]
Fault Injection Successful after 1.2232882976531982s
[INFO -- 2018-09-20 20:42:54]
event type: exit
[INFO -- 2018-09-20 20:42:54]
exit code: 0
