[INFO -- 2018-12-09 05:44:10]
Starting flip_value script
version: 1.1
[INFO -- 2018-12-09 05:44:10]
Initialization strings:
[INFO -- 2018-12-09 05:44:11]
(1) file /tmp/knapsack/ga
[INFO -- 2018-12-09 05:44:11]
initSignal:1
[INFO -- 2018-12-09 05:44:11]
endSignal:8
[INFO -- 2018-12-09 05:44:11]
faultModel:0
[INFO -- 2018-12-09 05:44:12]
Backtrace BEGIN:
#0  0x000055555555512e in cost (solution=std::vector of length 200, capacity 200 = {...}) at knapsackga.cpp:45
#1  0x000055555555589e in genetic_algorithm () at knapsackga.cpp:138
#2  0x0000555555555b6c in main () at knapsackga.cpp:165

40	        peso += solution[i] * wt[i];
41	        valor += solution[i] * val[i];
42	    }
43	    for(int i=0; i < n; i++){
44	        peso2 += solution[i] * wt2[i];
45	        valor2 += solution[i] * val2[i];
46	    }
47	    if(peso != peso2 || valor != valor2){
48	        exit_gracefully();
49	    }

Backtrace END
Memory content before bitflip:0x080x000x000x00
Fault Model: Single bit-flip
base address to flip value: 0x7fffffffd83c
address max offset: 4
Memory content after  bitflip:0x090x000x000x00
frame name: cost
symbol name: i
symbol filename: knapsackga.cpp
symbol line: 43
value: 9
value address: 0x7fffffffd83c
Type: The type is an integer type.
Type sizeof: 4

[INFO -- 2018-12-09 05:44:12]
Fault Injection Successful after 1.862555980682373s
[INFO -- 2018-12-09 05:44:19]
event type: exit
[INFO -- 2018-12-09 05:44:19]
exit code: 0
