[INFO -- 2018-09-23 15:55:44]
Starting flip_value script
version: 1.1
[INFO -- 2018-09-23 15:55:44]
Initialization strings:
[INFO -- 2018-09-23 15:55:44]
(1) file /tmp/knapsack/sa
[INFO -- 2018-09-23 15:55:44]
initSignal:0
[INFO -- 2018-09-23 15:55:44]
endSignal:2
[INFO -- 2018-09-23 15:55:44]
faultModel:2
[EXCEPTION -- 2018-09-23 15:55:44]
gdbException: Attempt to dereference a generic pointer.
[INFO -- 2018-09-23 15:55:45]
Backtrace BEGIN:
#0  0x00005555555569db in std::__uninitialized_copy<true>::__uninit_copy<__gnu_cxx::__normal_iterator<int const*, std::vector<int, std::allocator<int> > >, int*> (__first=1, __last=0, __result=0x7fffffffda30) at /usr/include/c++/7/bits/stl_uninitialized.h:99
#1  0x0000555555556552 in std::uninitialized_copy<__gnu_cxx::__normal_iterator<int const*, std::vector<int, std::allocator<int> > >, int*> (__first=1, __last=0, __result=0x555555771700) at /usr/include/c++/7/bits/stl_uninitialized.h:134
#2  0x0000555555555dbb in std::__uninitialized_copy_a<__gnu_cxx::__normal_iterator<int const*, std::vector<int, std::allocator<int> > >, int*, int> (__first=1, __last=0, __result=0x555555771700) at /usr/include/c++/7/bits/stl_uninitialized.h:289
#3  0x00005555555556b3 in std::vector<int, std::allocator<int> >::vector (this=0x7fffffffda30, __x=std::vector of length 200, capacity 200 = {...}) at /usr/include/c++/7/bits/stl_vector.h:331
#4  0x00005555555550ca in simulated_annealing () at knapsacksa.cpp:47
#5  0x000055555555535e in main () at knapsacksa.cpp:84

94	  template<>
95	    struct __uninitialized_copy<true>
96	    {
97	      template<typename _InputIterator, typename _ForwardIterator>
98	        static _ForwardIterator
99	        __uninit_copy(_InputIterator __first, _InputIterator __last,
100			      _ForwardIterator __result)
101	        { return std::copy(__first, __last, __result); }
102	    };
103	

Backtrace END
Memory content before bitflip:0x01
Fault Model: Random bit-flip
base address to flip value: 0x7fffffffd94f
address max offset: 1
Memory content after  bitflip:0x66
frame name: std::uninitialized_copy<__gnu_cxx::__normal_iterator<int const*, std::vector<int, std::allocator<int> > >, int*>
symbol name: __assignable
symbol filename: /usr/include/c++/7/bits/stl_uninitialized.h
symbol line: 128
value: 102
value address: 0x7fffffffd94f
Type: A boolean type.
Type sizeof: 1

[INFO -- 2018-09-23 15:55:45]
Fault Injection Successful after 1.6245179176330566s
[INFO -- 2018-09-23 15:55:46]
event type: exit
[INFO -- 2018-09-23 15:55:46]
exit code: 0
