[INFO -- 2018-12-08 11:06:39]
Starting flip_value script
version: 1.1
[INFO -- 2018-12-08 11:06:39]
Initialization strings:
[INFO -- 2018-12-08 11:06:39]
(1) file /tmp/knapsack/sa
[INFO -- 2018-12-08 11:06:39]
initSignal:0
[INFO -- 2018-12-08 11:06:39]
endSignal:9
[INFO -- 2018-12-08 11:06:39]
faultModel:0
[INFO -- 2018-12-08 11:06:41]
Backtrace BEGIN:
#0  std::__copy_move<false, true, std::random_access_iterator_tag>::__copy_m<int> (__first=0x5555557727c0, __last=0x555555772ae0, __result=0x555555772490) at /usr/include/c++/7/bits/stl_algobase.h:367
#1  0x0000555555556dfc in std::__copy_move_a<false, int const*, int*> (__first=0x5555557727c0, __last=0x555555772ae0, __result=0x555555772490) at /usr/include/c++/7/bits/stl_algobase.h:386
#2  0x00005555555569e1 in std::__copy_move_a2<false, __gnu_cxx::__normal_iterator<int const*, std::vector<int, std::allocator<int> > >, __gnu_cxx::__normal_iterator<int*, std::vector<int, std::allocator<int> > > > (__first=1, __last=0, __result=1) at /usr/include/c++/7/bits/stl_algobase.h:422
#3  0x0000555555556317 in std::copy<__gnu_cxx::__normal_iterator<int const*, std::vector<int, std::allocator<int> > >, __gnu_cxx::__normal_iterator<int*, std::vector<int, std::allocator<int> > > > (__first=1, __last=0, __result=1) at /usr/include/c++/7/bits/stl_algobase.h:456
#4  0x0000555555555cd5 in std::vector<int, std::allocator<int> >::operator= (this=0x7fffffffd720, __x=std::vector of length 200, capacity 200 = {...}) at /usr/include/c++/7/bits/vector.tcc:218
#5  0x00005555555553e6 in simulated_annealing () at knapsacksa.cpp:108
#6  0x0000555555555658 in main () at knapsacksa.cpp:146

362						   is_copy_assignable<_Tp>>;
363		  // trivial types can have deleted assignment
364		  static_assert( __assignable::type::value, "type is not assignable" );
365	#endif
366		  const ptrdiff_t _Num = __last - __first;
367		  if (_Num)
368		    __builtin_memmove(__result, __first, sizeof(_Tp) * _Num);
369		  return __result + _Num;
370		}
371	    };

Backtrace END
Memory content before bitflip:0x310xfb0x080x00
Fault Model: Single bit-flip
base address to flip value: 0x555555759034 
address max offset: 4
Memory content after  bitflip:0x310xfb0x080x10
frame name: main
symbol name: W2
symbol filename: knapsacksa.cpp
symbol line: 13
value: 269024049
value address: 0x555555759034 <W2>
Type: The type is an integer type.
Type sizeof: 4

[INFO -- 2018-12-08 11:06:41]
Fault Injection Successful after 2.43399715423584s
[INFO -- 2018-12-08 11:06:41]
event type: exit
[INFO -- 2018-12-08 11:06:41]
exit code: 0
