[INFO -- 2018-09-23 13:30:40]
Starting flip_value script
version: 1.1
[INFO -- 2018-09-23 13:30:40]
Initialization strings:
[INFO -- 2018-09-23 13:30:40]
(1) file /tmp/knapsack/sa
[INFO -- 2018-09-23 13:30:40]
initSignal:0
[INFO -- 2018-09-23 13:30:40]
endSignal:2
[INFO -- 2018-09-23 13:30:40]
faultModel:1
[INFO -- 2018-09-23 13:30:41]
Backtrace BEGIN:
#0  0x000055555555551b in std::vector<int, std::allocator<int> >::operator[] (this=0x7fffffffda30, __n=189) at /usr/include/c++/7/bits/stl_vector.h:798
#1  0x0000555555554fc8 in cost (solution=std::vector of length 200, capacity 200 = {...}) at knapsacksa.cpp:29
#2  0x000055555555511f in simulated_annealing () at knapsacksa.cpp:50
#3  0x000055555555535e in main () at knapsacksa.cpp:84

793	       */
794	      reference
795	      operator[](size_type __n) _GLIBCXX_NOEXCEPT
796	      {
797		__glibcxx_requires_subscript(__n);
798		return *(this->_M_impl._M_start + __n);
799	      }
800	
801	      /**
802	       *  @brief  Subscript access to the data contained in the %vector.

Backtrace END
Memory content before bitflip:0x5a0x6e0xf80xff
Fault Model: Double bit-flip
base address to flip value: 0x7fffffffd9f4
address max offset: 4
Memory content after  bitflip:0x5a0xe60xf80xff
frame name: simulated_annealing
symbol name: best
symbol filename: knapsacksa.cpp
symbol line: 41
value: -465318
value address: 0x7fffffffd9f4
Type: The type is an integer type.
Type sizeof: 4

[INFO -- 2018-09-23 13:30:41]
Fault Injection Successful after 1.1689176559448242s
[INFO -- 2018-09-23 13:30:43]
event type: exit
[INFO -- 2018-09-23 13:30:43]
exit code: 0
