[INFO -- 2018-12-08 19:07:51]
Starting flip_value script
version: 1.1
[INFO -- 2018-12-08 19:07:51]
Initialization strings:
[INFO -- 2018-12-08 19:07:51]
(1) file /tmp/knapsack/ga
[INFO -- 2018-12-08 19:07:51]
initSignal:1
[INFO -- 2018-12-08 19:07:51]
endSignal:8
[INFO -- 2018-12-08 19:07:51]
faultModel:0
[EXCEPTION -- 2018-12-08 19:07:52]
gdbException: Cannot access memory at address 0x0
[INFO -- 2018-12-08 19:07:52]
Backtrace BEGIN:
#0  0x00007ffff74949f5 in __random () at random.c:291
#1  0x00007ffff7494ea9 in rand () at rand.c:27
#2  0x00005555555551fd in tournament (pop=std::vector of length 40, capacity 64 = {...}) at knapsackga.cpp:83
#3  0x0000555555555653 in genetic_algorithm () at knapsackga.cpp:128
#4  0x0000555555555b6c in main () at knapsackga.cpp:165

286	in random.c

Backtrace END
Memory content before bitflip:0x000x000x000x00
Fault Model: Single bit-flip
base address to flip value: 0x7fffffffd818
address max offset: 4
Memory content after  bitflip:0x800x000x000x00
frame name: tournament
symbol name: i
symbol filename: knapsackga.cpp
symbol line: 82
value: 128
value address: 0x7fffffffd818
Type: The type is an integer type.
Type sizeof: 4

[INFO -- 2018-12-08 19:07:52]
Fault Injection Successful after 1.2999012470245361s
[INFO -- 2018-12-08 19:07:59]
event type: exit
[INFO -- 2018-12-08 19:07:59]
exit code: 0
