[INFO -- 2018-12-07 22:55:43]
Starting flip_value script
version: 1.1
[INFO -- 2018-12-07 22:55:43]
Initialization strings:
[INFO -- 2018-12-07 22:55:43]
(1) file /tmp/knapsack/ga
[INFO -- 2018-12-07 22:55:43]
initSignal:1
[INFO -- 2018-12-07 22:55:43]
endSignal:8
[INFO -- 2018-12-07 22:55:43]
faultModel:0
[INFO -- 2018-12-07 22:55:45]
Backtrace BEGIN:
#0  0x000055555555a382 in std::__copy_move<false, true, std::random_access_iterator_tag>::__copy_m<int> (__first=0x5555557788a0, __last=0x555555778bc0, __result=0x555555786ee0) at /usr/include/c++/7/bits/stl_algobase.h:366
#1  0x00005555555598dc in std::__copy_move_a<false, int const*, int*> (__first=0x5555557788a0, __last=0x555555778bc0, __result=0x555555786ee0) at /usr/include/c++/7/bits/stl_algobase.h:386
#2  0x000055555555ab8b in std::__copy_move_a2<false, __gnu_cxx::__normal_iterator<int const*, std::vector<int, std::allocator<int> > >, int*> (__first=0, __last=0, __result=0x555555786ee0) at /usr/include/c++/7/bits/stl_algobase.h:424
#3  0x000055555555a2c0 in std::copy<__gnu_cxx::__normal_iterator<int const*, std::vector<int, std::allocator<int> > >, int*> (__first=0, __last=0, __result=0x555555786ee0) at /usr/include/c++/7/bits/stl_algobase.h:456
#4  0x0000555555559778 in std::__uninitialized_copy<true>::__uninit_copy<__gnu_cxx::__normal_iterator<int const*, std::vector<int, std::allocator<int> > >, int*> (__first=0, __last=0, __result=0x555555786ee0) at /usr/include/c++/7/bits/stl_uninitialized.h:101
#5  0x00005555555586a8 in std::uninitialized_copy<__gnu_cxx::__normal_iterator<int const*, std::vector<int, std::allocator<int> > >, int*> (__first=0, __last=0, __result=0x555555786ee0) at /usr/include/c++/7/bits/stl_uninitialized.h:134
#6  0x0000555555557257 in std::__uninitialized_copy_a<__gnu_cxx::__normal_iterator<int const*, std::vector<int, std::allocator<int> > >, int*, int> (__first=0, __last=0, __result=0x555555786ee0) at /usr/include/c++/7/bits/stl_uninitialized.h:289
#7  0x00005555555561bb in std::vector<int, std::allocator<int> >::vector (this=0x555555776420, __x=std::vector of length 200, capacity 256 = {...}) at /usr/include/c++/7/bits/stl_vector.h:331
#8  0x0000555555558123 in chromossome::chromossome (this=0x555555776420) at knapsackga.cpp:63
#9  0x0000555555558180 in __gnu_cxx::new_allocator<chromossome>::construct<chromossome, chromossome const&> (this=0x7fffffffd820, __p=0x555555776420, __args#0=...) at /usr/include/c++/7/ext/new_allocator.h:136
#10 0x0000555555556d7a in std::allocator_traits<std::allocator<chromossome> >::construct<chromossome, chromossome const&> (__a=..., __p=0x555555776420, __args#0=...) at /usr/include/c++/7/bits/alloc_traits.h:475
#11 0x0000555555556e3a in std::vector<chromossome, std::allocator<chromossome> >::_M_realloc_insert<chromossome const&> (this=0x7fffffffd820, __position=non-dereferenceable iterator for std::vector, __args#0=...) at /usr/include/c++/7/bits/vector.tcc:415
#12 0x0000555555556012 in std::vector<chromossome, std::allocator<chromossome> >::push_back (this=0x7fffffffd820, __x=...) at /usr/include/c++/7/bits/stl_vector.h:948
#13 0x0000555555555230 in tournament (pop=std::vector of length 40, capacity 64 = {...}) at knapsackga.cpp:84
#14 0x0000555555555653 in genetic_algorithm () at knapsackga.cpp:128
#15 0x0000555555555b6c in main () at knapsackga.cpp:165

361						   is_move_assignable<_Tp>,
362						   is_copy_assignable<_Tp>>;
363		  // trivial types can have deleted assignment
364		  static_assert( __assignable::type::value, "type is not assignable" );
365	#endif
366		  const ptrdiff_t _Num = __last - __first;
367		  if (_Num)
368		    __builtin_memmove(__result, __first, sizeof(_Tp) * _Num);
369		  return __result + _Num;
370		}

Backtrace END
Memory content before bitflip:0x310xfb0x080x00
Fault Model: Single bit-flip
base address to flip value: 0x55555575f0b4 
address max offset: 4
Memory content after  bitflip:0xb10xfb0x080x00
frame name: std::vector<chromossome, std::allocator<chromossome> >::_M_realloc_insert<chromossome const&>
symbol name: W2
symbol filename: knapsackga.cpp
symbol line: 18
value: 588721
value address: 0x55555575f0b4 <W2>
Type: The type is an integer type.
Type sizeof: 4

[INFO -- 2018-12-07 22:55:45]
Fault Injection Successful after 2.2222888469696045s
[INFO -- 2018-12-07 22:55:45]
event type: exit
[INFO -- 2018-12-07 22:55:45]
exit code: 0
