[INFO -- 2018-12-09 08:47:38]
Starting flip_value script
version: 1.1
[INFO -- 2018-12-09 08:47:38]
Initialization strings:
[INFO -- 2018-12-09 08:47:38]
(1) file /tmp/knapsack/ga
[INFO -- 2018-12-09 08:47:38]
initSignal:1
[INFO -- 2018-12-09 08:47:38]
endSignal:8
[INFO -- 2018-12-09 08:47:38]
faultModel:1
[INFO -- 2018-12-09 08:47:44]
Backtrace BEGIN:
#0  std::vector<int, std::allocator<int> >::operator[] (this=0x55555578a980, __n=144) at /usr/include/c++/7/bits/stl_vector.h:798
#1  0x000055555555512c in cost (solution=std::vector of length 200, capacity 200 = {...}) at knapsackga.cpp:45
#2  0x000055555555589e in genetic_algorithm () at knapsackga.cpp:138
#3  0x0000555555555b6c in main () at knapsackga.cpp:165

793	       */
794	      reference
795	      operator[](size_type __n) _GLIBCXX_NOEXCEPT
796	      {
797		__glibcxx_requires_subscript(__n);
798		return *(this->_M_impl._M_start + __n);
799	      }
800	
801	      /**
802	       *  @brief  Subscript access to the data contained in the %vector.

Backtrace END
Memory content before bitflip:0xc80x000x000x00
Fault Model: Double bit-flip
base address to flip value: 0x55555575f0ac 
address max offset: 4
Memory content after  bitflip:0xc80x440x000x00
frame name: cost
symbol name: n2
symbol filename: knapsackga.cpp
symbol line: 18
value: 17608
value address: 0x55555575f0ac <n2>
Type: The type is an integer type.
Type sizeof: 4

[INFO -- 2018-12-09 08:47:44]
Fault Injection Successful after 6.557605981826782s
[INFO -- 2018-12-09 08:47:44]
event type: exit
[INFO -- 2018-12-09 08:47:44]
exit code: 0
