[INFO -- 2018-12-01 04:04:21]
Starting flip_value script
version: 1.1
[INFO -- 2018-12-01 04:04:21]
Initialization strings:
[INFO -- 2018-12-01 04:04:21]
(1) file /tmp/knapsack/ga
[INFO -- 2018-12-01 04:04:21]
initSignal:0
[INFO -- 2018-12-01 04:04:21]
endSignal:13
[INFO -- 2018-12-01 04:04:21]
faultModel:1
[EXCEPTION -- 2018-12-01 04:04:23]
pythonException: Unable to exit loop in struct fields; Exiting wihtout making a bit flip
[EXCEPTION -- 2018-12-01 04:04:23]
pythonException: Unable to exit loop in struct fields; Exiting wihtout making a bit flip
[INFO -- 2018-12-01 04:04:24]
Backtrace BEGIN:
#0  0x0000555555556618 in std::swap<int> (__a=@0x555555780960: 1, __b=@0x5555557842c0: 1) at /usr/include/c++/7/bits/move.h:200
#1  0x0000555555555317 in crossover (pai=std::vector of length 200, capacity 200 = {...}, mae=std::vector of length 200, capacity 200 = {...}, filho1=std::vector of length 200, capacity 200 = {...}, filho2=std::vector of length 200, capacity 200 = {...}) at knapsackga.cpp:80
#2  0x00005555555555c7 in genetic_algorithm () at knapsackga.cpp:104
#3  0x0000555555555a9b in main () at knapsackga.cpp:141

195	      // concept requirements
196	      __glibcxx_function_requires(_SGIAssignableConcept<_Tp>)
197	
198	      _Tp __tmp = _GLIBCXX_MOVE(__a);
199	      __a = _GLIBCXX_MOVE(__b);
200	      __b = _GLIBCXX_MOVE(__tmp);
201	    }
202	
203	  // _GLIBCXX_RESOLVE_LIB_DEFECTS
204	  // DR 809. std::swap should be overloaded for array types.

Backtrace END
Memory content before bitflip:0x810x350xf80xff
Fault Model: Double bit-flip
base address to flip value: 0x7fffffffd850
address max offset: 4
Memory content after  bitflip:0x810x3f0xf80xff
frame name: genetic_algorithm
symbol name: best
symbol filename: knapsackga.cpp
symbol line: 92
value: -508031
value address: 0x7fffffffd850
Type: The type is an integer type.
Type sizeof: 4

[INFO -- 2018-12-01 04:04:24]
Fault Injection Successful after 3.5706839561462402s
[INFO -- 2018-12-01 04:04:34]
event type: exit
[INFO -- 2018-12-01 04:04:34]
exit code: 0
