[INFO -- 2018-12-07 23:46:16]
Starting flip_value script
version: 1.1
[INFO -- 2018-12-07 23:46:16]
Initialization strings:
[INFO -- 2018-12-07 23:46:16]
(1) file /tmp/knapsack/ga
[INFO -- 2018-12-07 23:46:16]
initSignal:1
[INFO -- 2018-12-07 23:46:16]
endSignal:8
[INFO -- 2018-12-07 23:46:16]
faultModel:4
[EXCEPTION -- 2018-12-07 23:46:21]
pythonException: Unable to exit loop in struct fields; Exiting wihtout making a bit flip
[INFO -- 2018-12-07 23:46:21]
Backtrace BEGIN:
#0  crossover (pai=std::vector of length 200, capacity 200 = {...}, mae=std::vector of length 200, capacity 200 = {...}, filho1=std::vector of length 200, capacity 200 = {...}, filho2=std::vector of length 200, capacity 200 = {...}) at knapsackga.cpp:99
#1  0x00005555555556d7 in genetic_algorithm () at knapsackga.cpp:130
#2  0x0000555555555b6c in main () at knapsackga.cpp:165

94	    for(int i = 0; i < n; i++){
95	        mask[i] = rand_bit();
96	    }
97	    filho1 = pai;
98	    filho2 = mae;
99	    for(int i = 0; i < n; i++){
100	        if(mask[i]){
101	            swap(filho1[i], filho2[i]);
102	        }
103	    }

Backtrace END
Memory content before bitflip:0x610x000x000x00
Fault Model: LSB bit-flip
base address to flip value: 0x7fffffffd81c
address max offset: 4
Memory content after  bitflip:0x610x000x000x08
frame name: crossover
symbol name: i
symbol filename: knapsackga.cpp
symbol line: 99
value: 134217825
value address: 0x7fffffffd81c
Type: The type is an integer type.
Type sizeof: 4

[INFO -- 2018-12-07 23:46:21]
Fault Injection Successful after 5.489182472229004s
[INFO -- 2018-12-07 23:46:24]
event type: exit
[INFO -- 2018-12-07 23:46:24]
exit code: 0
