[INFO -- 2018-11-30 10:00:33]
Starting flip_value script
version: 1.1
[INFO -- 2018-11-30 10:00:33]
Initialization strings:
[INFO -- 2018-11-30 10:00:33]
(1) file /tmp/knapsack/sa
[INFO -- 2018-11-30 10:00:33]
initSignal:0
[INFO -- 2018-11-30 10:00:33]
endSignal:7
[INFO -- 2018-11-30 10:00:33]
faultModel:0
[INFO -- 2018-11-30 10:00:34]
Backtrace BEGIN:
#0  0x00007ffff7adf450 in operator new(unsigned long) () from /usr/lib/x86_64-linux-gnu/libstdc++.so.6
#1  0x0000555555556f72 in __gnu_cxx::new_allocator<int>::allocate (this=0x7fffffffd990, __n=200) at /usr/include/c++/7/ext/new_allocator.h:111
#2  0x0000555555556cd5 in std::allocator_traits<std::allocator<int> >::allocate (__a=..., __n=200) at /usr/include/c++/7/bits/alloc_traits.h:436
#3  0x0000555555556892 in std::_Vector_base<int, std::allocator<int> >::_M_allocate (this=0x7fffffffd990, __n=200) at /usr/include/c++/7/bits/stl_vector.h:172
#4  0x0000555555556707 in std::_Vector_base<int, std::allocator<int> >::_M_create_storage (this=0x7fffffffd990, __n=200) at /usr/include/c++/7/bits/stl_vector.h:187
#5  0x0000555555555e7b in std::_Vector_base<int, std::allocator<int> >::_Vector_base (this=0x7fffffffd990, __n=200, __a=...) at /usr/include/c++/7/bits/stl_vector.h:138
#6  0x00005555555558f5 in std::vector<int, std::allocator<int> >::vector (this=0x7fffffffd990, __x=std::vector of length 200, capacity 200 = {...}) at /usr/include/c++/7/bits/stl_vector.h:328
#7  0x0000555555555204 in simulated_annealing () at knapsacksa.cpp:49
#8  0x0000555555555522 in main () at knapsacksa.cpp:85

68	
69	void read_input(){
70	    ifstream file("/tmp/knapsack/instance.txt");
71	    val.clear(); wt.clear();
72	    file >> n; file >> W;
73	    for(int i = 0; i < n; i++){
74	        int x, y; file >> x >> y;
75	        val.push_back(x);
76	        wt.push_back(y);
77	    }

Backtrace END
Memory content before bitflip:0xff0x7f0x000x00
Fault Model: Single bit-flip
base address to flip value: 0x7fffffffd9dc
address max offset: 4
Memory content after  bitflip:0xff0x7f0x200x00
frame name: main
symbol name: result2
symbol filename: knapsacksa.cpp
symbol line: 87
value: 2129919
value address: 0x7fffffffd9dc
Type: The type is an integer type.
Type sizeof: 4

[INFO -- 2018-11-30 10:00:34]
Fault Injection Successful after 1.6165754795074463s
[INFO -- 2018-11-30 10:00:40]
event type: exit
[INFO -- 2018-11-30 10:00:40]
exit code: 0
