[INFO -- 2018-12-09 07:49:05]
Starting flip_value script
version: 1.1
[INFO -- 2018-12-09 07:49:05]
Initialization strings:
[INFO -- 2018-12-09 07:49:05]
(1) file /tmp/knapsack/ga
[INFO -- 2018-12-09 07:49:05]
initSignal:1
[INFO -- 2018-12-09 07:49:05]
endSignal:8
[INFO -- 2018-12-09 07:49:05]
faultModel:1
[INFO -- 2018-12-09 07:49:12]
Backtrace BEGIN:
#0  0x0000555555558804 in std::allocator_traits<std::allocator<int> >::deallocate (__a=..., __p=0x555555787950, __n=200) at /usr/include/c++/7/bits/alloc_traits.h:462
#1  0x0000555555557370 in std::_Vector_base<int, std::allocator<int> >::_M_deallocate (this=0x7fffffffd920, __p=0x555555787950, __n=200) at /usr/include/c++/7/bits/stl_vector.h:180
#2  0x0000555555556b87 in std::_Vector_base<int, std::allocator<int> >::~_Vector_base (this=0x7fffffffd920, __in_chrg=<optimized out>) at /usr/include/c++/7/bits/stl_vector.h:162
#3  0x0000555555555ed7 in std::vector<int, std::allocator<int> >::~vector (this=0x7fffffffd920, __in_chrg=<optimized out>) at /usr/include/c++/7/bits/stl_vector.h:435
#4  0x000055555555576e in genetic_algorithm () at knapsackga.cpp:127
#5  0x0000555555555b6c in main () at knapsackga.cpp:165

457	       *
458	       *  Calls <tt> a.deallocate(p, n) </tt>
459	      */
460	      static void
461	      deallocate(allocator_type& __a, pointer __p, size_type __n)
462	      { __a.deallocate(__p, __n); }
463	
464	      /**
465	       *  @brief  Construct an object of type @a _Up
466	       *  @param  __a  An allocator.

Backtrace END
Memory content before bitflip:0xe20x250xf80xff
Fault Model: Double bit-flip
base address to flip value: 0x7fffffffd86c
address max offset: 4
Memory content after  bitflip:0xe20x250x980xff
frame name: genetic_algorithm
symbol name: best
symbol filename: knapsackga.cpp
symbol line: 113
value: -6806046
value address: 0x7fffffffd86c
Type: The type is an integer type.
Type sizeof: 4

[INFO -- 2018-12-09 07:49:12]
Fault Injection Successful after 7.5237953662872314s
[INFO -- 2018-12-09 07:49:13]
event type: exit
[INFO -- 2018-12-09 07:49:13]
exit code: 0
