[INFO -- 2018-09-23 17:13:42]
Starting flip_value script
version: 1.1
[INFO -- 2018-09-23 17:13:42]
Initialization strings:
[INFO -- 2018-09-23 17:13:42]
(1) file /tmp/knapsack/sa
[INFO -- 2018-09-23 17:13:42]
initSignal:0
[INFO -- 2018-09-23 17:13:42]
endSignal:2
[INFO -- 2018-09-23 17:13:42]
faultModel:1
[EXCEPTION -- 2018-09-23 17:13:43]
pythonException: empty range for randrange() (0,0, 0)
[EXCEPTION -- 2018-09-23 17:13:43]
gdbException: Cannot access memory at address 0x555555560fc0
[EXCEPTION -- 2018-09-23 17:13:44]
pythonException: empty range for randrange() (0,0, 0)
[EXCEPTION -- 2018-09-23 17:13:44]
gdbException: Cannot access memory at address 0x555555560fc0
[INFO -- 2018-09-23 17:13:44]
event type: exit
[EXCEPTION -- 2018-09-23 17:13:44]
exit code: no exit code available
