[INFO -- 2018-12-09 06:54:55]
Starting flip_value script
version: 1.1
[INFO -- 2018-12-09 06:54:55]
Initialization strings:
[INFO -- 2018-12-09 06:54:55]
(1) file /tmp/knapsack/ga
[INFO -- 2018-12-09 06:54:55]
initSignal:1
[INFO -- 2018-12-09 06:54:55]
endSignal:8
[INFO -- 2018-12-09 06:54:55]
faultModel:3
[INFO -- 2018-12-09 06:54:57]
Backtrace BEGIN:
#0  0x00005555555580bf in std::allocator<chromossome>::~allocator (this=0x5555555577f4 <std::_Vector_base<chromossome, std::allocator<chromossome> >::_M_deallocate(chromossome*, unsigned long)+50>, __in_chrg=<optimized out>) at /usr/include/c++/7/bits/allocator.h:139
#1  0x0000555555556c8e in std::_Vector_base<chromossome, std::allocator<chromossome> >::_Vector_impl::~_Vector_impl (this=0x7fffffffd820, __in_chrg=<optimized out>) at /usr/include/c++/7/bits/stl_vector.h:81
#2  0x0000555555556cfb in std::_Vector_base<chromossome, std::allocator<chromossome> >::~_Vector_base (this=0x7fffffffd820, __in_chrg=<optimized out>) at /usr/include/c++/7/bits/stl_vector.h:163
#3  0x0000555555555f77 in std::vector<chromossome, std::allocator<chromossome> >::~vector (this=0x7fffffffd820, __in_chrg=<optimized out>) at /usr/include/c++/7/bits/stl_vector.h:435
#4  0x000055555555528c in tournament (pop=std::vector of length 40, capacity 64 = {...}) at knapsackga.cpp:80
#5  0x0000555555555691 in genetic_algorithm () at knapsackga.cpp:129
#6  0x0000555555555b6c in main () at knapsackga.cpp:165

134	      : __allocator_base<_Tp>(__a) { }
135	
136	      template<typename _Tp1>
137		allocator(const allocator<_Tp1>&) throw() { }
138	
139	      ~allocator() throw() { }
140	
141	      // Inherit everything else.
142	    };
143	

Backtrace END
Memory content before bitflip:0x310xfb0x080x00
Fault Model: Zero bit-flip
base address to flip value: 0x55555575f0b4 
address max offset: 4
Memory content after  bitflip:0x000x000x000x00
frame name: tournament
symbol name: W2
symbol filename: knapsackga.cpp
symbol line: 18
value: 0
value address: 0x55555575f0b4 <W2>
Type: The type is an integer type.
Type sizeof: 4

[INFO -- 2018-12-09 06:54:57]
Fault Injection Successful after 2.4180150032043457s
[INFO -- 2018-12-09 06:54:57]
event type: exit
[INFO -- 2018-12-09 06:54:57]
exit code: 0
