[INFO -- 2018-09-25 09:21:33]
Starting flip_value script
version: 1.1
[INFO -- 2018-09-25 09:21:33]
Initialization strings:
[INFO -- 2018-09-25 09:21:33]
(1) file /tmp/knapsack/ga
[INFO -- 2018-09-25 09:21:33]
initSignal:1
[INFO -- 2018-09-25 09:21:33]
endSignal:3.5
[INFO -- 2018-09-25 09:21:33]
faultModel:3
[INFO -- 2018-09-25 09:21:35]
Backtrace BEGIN:
#0  0x0000555555559fbc in std::copy<__gnu_cxx::__normal_iterator<int const*, std::vector<int, std::allocator<int> > >, int*> (__first=0, __last=816, __result=0x555555785160) at /usr/include/c++/7/bits/stl_algobase.h:455
#1  0x000055555555948e in std::__uninitialized_copy<true>::__uninit_copy<__gnu_cxx::__normal_iterator<int const*, std::vector<int, std::allocator<int> > >, int*> (__first=0, __last=816, __result=0x555555785160) at /usr/include/c++/7/bits/stl_uninitialized.h:101
#2  0x00005555555583be in std::uninitialized_copy<__gnu_cxx::__normal_iterator<int const*, std::vector<int, std::allocator<int> > >, int*> (__first=0, __last=816, __result=0x555555785160) at /usr/include/c++/7/bits/stl_uninitialized.h:134
#3  0x0000555555556f6d in std::__uninitialized_copy_a<__gnu_cxx::__normal_iterator<int const*, std::vector<int, std::allocator<int> > >, int*, int> (__first=0, __last=816, __result=0x555555785160) at /usr/include/c++/7/bits/stl_uninitialized.h:289
#4  0x0000555555557155 in std::vector<int, std::allocator<int> >::_M_allocate_and_copy<__gnu_cxx::__normal_iterator<int const*, std::vector<int, std::allocator<int> > > > (this=0x7fffffffd970, __n=200, __first=0, __last=816) at /usr/include/c++/7/bits/stl_vector.h:1263
#5  0x000055555555617b in std::vector<int, std::allocator<int> >::operator= (this=0x7fffffffd970, __x=std::vector of length 200, capacity 200 = {...}) at /usr/include/c++/7/bits/vector.tcc:206
#6  0x000055555555517d in crossover (pai=std::vector of length 200, capacity 200 = {...}, mae=std::vector of length 200, capacity 200 = {...}, filho1=std::vector of length 200, capacity 200 = {...}, filho2=std::vector of length 0, capacity 0) at knapsackga.cpp:77
#7  0x000055555555548d in genetic_algorithm () at knapsackga.cpp:104
#8  0x00005555555558d7 in main () at knapsackga.cpp:137

450	      __glibcxx_function_requires(_OutputIteratorConcept<_OI,
451		    typename iterator_traits<_II>::value_type>)
452	      __glibcxx_requires_valid_range(__first, __last);
453	
454	      return (std::__copy_move_a2<__is_move_iterator<_II>::__value>
455		      (std::__miter_base(__first), std::__miter_base(__last),
456		       __result));
457	    }
458	
459	#if __cplusplus >= 201103L

Backtrace END
Memory content before bitflip:0x310xfb0x080x00
Fault Model: Zero bit-flip
base address to flip value: 0x55555575f06c 
address max offset: 4
Memory content after  bitflip:0x000x000x000x00
frame name: std::copy<__gnu_cxx::__normal_iterator<int const*, std::vector<int, std::allocator<int> > >, int*>
symbol name: W
symbol filename: knapsackga.cpp
symbol line: 16
value: 0
value address: 0x55555575f06c <W>
Type: The type is an integer type.
Type sizeof: 4

[INFO -- 2018-09-25 09:21:35]
Fault Injection Successful after 2.080551862716675s
[INFO -- 2018-09-25 09:21:37]
event type: exit
[INFO -- 2018-09-25 09:21:37]
exit code: 0
