[INFO -- 2018-09-23 20:34:34]
Starting flip_value script
version: 1.1
[INFO -- 2018-09-23 20:34:34]
Initialization strings:
[INFO -- 2018-09-23 20:34:34]
(1) file /tmp/knapsack/sa
[INFO -- 2018-09-23 20:34:34]
initSignal:0
[INFO -- 2018-09-23 20:34:34]
endSignal:2
[INFO -- 2018-09-23 20:34:34]
faultModel:1
[INFO -- 2018-09-23 20:34:35]
Backtrace BEGIN:
#0  0x000055555555551f in std::vector<int, std::allocator<int> >::operator[] (this=0x7fffffffda00, __n=51) at /usr/include/c++/7/bits/stl_vector.h:799
#1  0x0000555555554f95 in cost (solution=std::vector of length 200, capacity 200 = {...}) at knapsacksa.cpp:28
#2  0x000055555555511f in simulated_annealing () at knapsacksa.cpp:50
#3  0x000055555555535e in main () at knapsacksa.cpp:84

794	      reference
795	      operator[](size_type __n) _GLIBCXX_NOEXCEPT
796	      {
797		__glibcxx_requires_subscript(__n);
798		return *(this->_M_impl._M_start + __n);
799	      }
800	
801	      /**
802	       *  @brief  Subscript access to the data contained in the %vector.
803	       *  @param __n The index of the element for which data should be

Backtrace END
Memory content before bitflip:0x330x000x000x000x000x000x000x00
Fault Model: Double bit-flip
base address to flip value: 0x7fffffffd950
address max offset: 8
Memory content after  bitflip:0x330x000x000x000x840x000x000x00
frame name: std::vector<int, std::allocator<int> >::operator[]
symbol name: __n
symbol filename: /usr/include/c++/7/bits/stl_vector.h
symbol line: 795
value: 566935683123
value address: 0x7fffffffd950
Type: The type is an integer type.
Type sizeof: 8

[INFO -- 2018-09-23 20:34:35]
Fault Injection Successful after 1.3511667251586914s
[INFO -- 2018-09-23 20:34:36]
event type: exit
[INFO -- 2018-09-23 20:34:36]
exit code: 0
