[INFO -- 2018-09-25 07:20:00]
Starting flip_value script
version: 1.1
[INFO -- 2018-09-25 07:20:00]
Initialization strings:
[INFO -- 2018-09-25 07:20:00]
(1) file /tmp/knapsack/ga
[INFO -- 2018-09-25 07:20:00]
initSignal:1
[INFO -- 2018-09-25 07:20:00]
endSignal:3.5
[INFO -- 2018-09-25 07:20:00]
faultModel:1
[INFO -- 2018-09-25 07:20:02]
Backtrace BEGIN:
#0  0x000055555555b0fd in std::move_iterator<chromossome*>::base (this=0x7fffffffd6d8) at /usr/include/c++/7/bits/stl_iterator.h:1046
#1  0x000055555555ae87 in std::operator==<chromossome*> (__x=..., __y=...) at /usr/include/c++/7/bits/stl_iterator.h:1126
#2  0x000055555555aa22 in std::operator!=<chromossome*> (__x=..., __y=...) at /usr/include/c++/7/bits/stl_iterator.h:1138
#3  0x000055555555a3b4 in std::__uninitialized_copy<false>::__uninit_copy<std::move_iterator<chromossome*>, chromossome*> (__first=..., __last=..., __result=0x555555776380) at /usr/include/c++/7/bits/stl_uninitialized.h:82
#4  0x0000555555559a5f in std::uninitialized_copy<std::move_iterator<chromossome*>, chromossome*> (__first=..., __last=..., __result=0x555555776380) at /usr/include/c++/7/bits/stl_uninitialized.h:134
#5  0x000055555555901a in std::__uninitialized_copy_a<std::move_iterator<chromossome*>, chromossome*, chromossome> (__first=..., __last=..., __result=0x555555776380) at /usr/include/c++/7/bits/stl_uninitialized.h:289
#6  0x000055555555807d in std::__uninitialized_move_if_noexcept_a<chromossome*, chromossome*, std::allocator<chromossome> > (__first=0x0, __last=0x0, __result=0x555555776380, __alloc=...) at /usr/include/c++/7/bits/stl_uninitialized.h:312
#7  0x0000555555556b8c in std::vector<chromossome, std::allocator<chromossome> >::_M_realloc_insert<chromossome const&> (this=0x7fffffffd870, __position=non-dereferenceable iterator for std::vector, __args#0=...) at /usr/include/c++/7/bits/vector.tcc:424
#8  0x0000555555555d28 in std::vector<chromossome, std::allocator<chromossome> >::push_back (this=0x7fffffffd870, __x=...) at /usr/include/c++/7/bits/stl_vector.h:948
#9  0x000055555555502c in tournament (pop=std::vector of length 40, capacity 64 = {...}) at knapsackga.cpp:63
#10 0x0000555555555409 in genetic_algorithm () at knapsackga.cpp:102
#11 0x00005555555558d7 in main () at knapsackga.cpp:137

1041		move_iterator(const move_iterator<_Iter>& __i)
1042		: _M_current(__i.base()) { }
1043	
1044	      _GLIBCXX17_CONSTEXPR iterator_type
1045	      base() const
1046	      { return _M_current; }
1047	
1048	      _GLIBCXX17_CONSTEXPR reference
1049	      operator*() const
1050	      { return static_cast<reference>(*_M_current); }

Backtrace END
Fliping value of field: solution
Fliping value of field: std::_Vector_base<int, std::allocator<int> >
Fliping value of field: _M_impl
Fliping value of field: _M_finish
Fliping a bit of the value pointed by a pointer
Memory content before bitflip:0xf00x0f0x000x00
Fault Model: Double bit-flip
base address to flip value: 0x555555784e20
address max offset: 4
Memory content after  bitflip:0xf00x0f0x820x00
frame name: genetic_algorithm
symbol name: f2
symbol filename: knapsackga.cpp
symbol line: 105
value: {solution = std::vector of length 200, capacity 200 = {0, 0, 0, 0, 1, 1, 0, 0, 0, 0, 0, 0, 0, 1, 1, 1, 1, 0, 0, 0, 0, 0, 0, 0, 1, 0, 0, 1, 1, 0, 0, 0, 0, 1, 1, 0, 0, 1, 1, 1, 0, 0, 0, 0, 1, 0, 1, 0, 1, 0, 1, 1, 1, 0, 1, 1, 1, 0, 0, 1, 1, 0, 1, 0, 0, 0, 1, 0, 1, 0, 0, 0, 0, 0, 0, 1, 0, 0, 0, 1, 1, 0, 0, 1, 1, 0, 1, 0, 1, 0, 0, 1, 0, 0, 1, 0, 0, 0, 0, 0, 0, 1, 0, 1, 0, 1, 1, 1, 0, 0, 0, 0, 0, 1, 0, 1, 0, 0, 1, 1, 1, 0, 1, 1, 0, 0, 1, 0, 1, 1, 1, 1, 0, 0, 1, 0, 0, 1, 1, 0, 0, 0, 1, 0, 1, 0, 0, 0, 0, 1, 0, 0, 0, 1, 0, 0, 0, 1, 1, 1, 1, 0, 0, 0, 1, 0, 0, 0, 1, 1, 0, 0, 1, 0, 1, 0, 0, 0, 0, 0, 1, 0, 0, 1, 1, 0, 1, 1, 1, 0, 0, 0, 0, 0, 0, 0, 0, 0, 0, 1...}, fitness = 99999999}
value address: 0x7fffffffd9f0
Type: The type is a structure.
Type sizeof: 32
Field name: solution
Field Type: The type is a structure.
Field Type sizeof: 24
Field name: fitness
Field Type: The type is an integer type.
Field Type sizeof: 4

[INFO -- 2018-09-25 07:20:02]
Fault Injection Successful after 2.2783725261688232s
[INFO -- 2018-09-25 07:20:04]
event type: exit
[INFO -- 2018-09-25 07:20:04]
exit code: 0
