[INFO -- 2018-12-08 21:08:13]
Starting flip_value script
version: 1.1
[INFO -- 2018-12-08 21:08:13]
Initialization strings:
[INFO -- 2018-12-08 21:08:13]
(1) file /tmp/knapsack/sa
[INFO -- 2018-12-08 21:08:13]
initSignal:0
[INFO -- 2018-12-08 21:08:13]
endSignal:9
[INFO -- 2018-12-08 21:08:13]
faultModel:4
[EXCEPTION -- 2018-12-08 21:08:17]
pythonException: empty range for randrange() (0,0, 0)
[INFO -- 2018-12-08 21:08:17]
Backtrace BEGIN:
#0  0x0000555555555164 in cost (solution=std::vector of length 200, capacity 200 = {...}) at knapsacksa.cpp:59
#1  0x000055555555534c in simulated_annealing () at knapsacksa.cpp:92
#2  0x0000555555555658 in main () at knapsacksa.cpp:146

54	    }
55	
56	    int peso=0, peso2=0, valor=0, valor2=0;
57	    for(int i=0; i < n; i++){
58	        peso += solution[i] * wt[i];
59	        valor += solution[i] * val[i];
60	    }
61	    for(int i=0; i < n; i++){
62	        peso2 += solution[i] * wt2[i];
63	        valor2 += solution[i] * val2[i];

Backtrace END
Memory content before bitflip:0xe50x610xf80xff
Fault Model: LSB bit-flip
base address to flip value: 0x7fffffffd6fc
address max offset: 4
Memory content after  bitflip:0xe50x610xf80xf7
frame name: simulated_annealing
symbol name: best
symbol filename: knapsacksa.cpp
symbol line: 81
value: -134716955
value address: 0x7fffffffd6fc
Type: The type is an integer type.
Type sizeof: 4

[INFO -- 2018-12-08 21:08:17]
Fault Injection Successful after 4.35880184173584s
[INFO -- 2018-12-08 21:08:17]
event type: exit
[INFO -- 2018-12-08 21:08:17]
exit code: 0
