[INFO -- 2018-09-23 21:19:15]
Starting flip_value script
version: 1.1
[INFO -- 2018-09-23 21:19:15]
Initialization strings:
[INFO -- 2018-09-23 21:19:15]
(1) file /tmp/knapsack/sa
[INFO -- 2018-09-23 21:19:15]
initSignal:0
[INFO -- 2018-09-23 21:19:15]
endSignal:2
[INFO -- 2018-09-23 21:19:15]
faultModel:4
[EXCEPTION -- 2018-09-23 21:19:16]
pythonException: empty range for randrange() (0,0, 0)
[INFO -- 2018-09-23 21:19:16]
Backtrace BEGIN:
#0  0x0000555555555501 in std::vector<int, std::allocator<int> >::operator[] (this=0x555555759030 <val>, __n=163) at /usr/include/c++/7/bits/stl_vector.h:795
#1  0x0000555555554f95 in cost (solution=std::vector of length 200, capacity 200 = {...}) at knapsacksa.cpp:28
#2  0x000055555555511f in simulated_annealing () at knapsacksa.cpp:50
#3  0x000055555555535e in main () at knapsacksa.cpp:84

790	       *  Note that data access with this operator is unchecked and
791	       *  out_of_range lookups are not defined. (For checked lookups
792	       *  see at().)
793	       */
794	      reference
795	      operator[](size_type __n) _GLIBCXX_NOEXCEPT
796	      {
797		__glibcxx_requires_subscript(__n);
798		return *(this->_M_impl._M_start + __n);
799	      }

Backtrace END
Fliping a bit of the pointer
Memory content before bitflip:0x300x900x750x550x550x550x000x00
Fault Model: LSB bit-flip
base address to flip value: 0x7fffffffd958
address max offset: 8
Memory content after  bitflip:0x300x900x750x550x550x550x000x80
frame name: std::vector<int, std::allocator<int> >::operator[]
symbol name: this
symbol filename: knapsacksa.cpp
symbol line: 0
value: 0x555555759030 <val>
value address: 0x7fffffffd958
Type: The type is a pointer.
Type sizeof: 8

[INFO -- 2018-09-23 21:19:16]
Fault Injection Successful after 1.55989408493042s
[INFO -- 2018-09-23 21:19:18]
event type: exit
[INFO -- 2018-09-23 21:19:18]
exit code: 0
