[INFO -- 2018-11-30 01:46:10]
Starting flip_value script
version: 1.1
[INFO -- 2018-11-30 01:46:10]
Initialization strings:
[INFO -- 2018-11-30 01:46:10]
(1) file /tmp/knapsack/sa
[INFO -- 2018-11-30 01:46:10]
initSignal:0
[INFO -- 2018-11-30 01:46:10]
endSignal:7
[INFO -- 2018-11-30 01:46:10]
faultModel:3
[INFO -- 2018-11-30 01:46:11]
Backtrace BEGIN:
#0  std::_Vector_base<int, std::allocator<int> >::_M_create_storage (this=0x7fffffffd990, __n=200) at /usr/include/c++/7/bits/stl_vector.h:189
#1  0x0000555555555e7b in std::_Vector_base<int, std::allocator<int> >::_Vector_base (this=0x7fffffffd990, __n=200, __a=...) at /usr/include/c++/7/bits/stl_vector.h:138
#2  0x00005555555558f5 in std::vector<int, std::allocator<int> >::vector (this=0x7fffffffd990, __x=std::vector of length 200, capacity 200 = {...}) at /usr/include/c++/7/bits/stl_vector.h:328
#3  0x0000555555555204 in simulated_annealing () at knapsacksa.cpp:49
#4  0x0000555555555522 in main () at knapsacksa.cpp:85

184	      void
185	      _M_create_storage(size_t __n)
186	      {
187		this->_M_impl._M_start = this->_M_allocate(__n);
188		this->_M_impl._M_finish = this->_M_impl._M_start;
189		this->_M_impl._M_end_of_storage = this->_M_impl._M_start + __n;
190	      }
191	    };
192	
193	

Backtrace END
Memory content before bitflip:0x310xfb0x080x00
Fault Model: Zero bit-flip
base address to flip value: 0x55555575917c 
address max offset: 4
Memory content after  bitflip:0x000x000x000x00
frame name: std::_Vector_base<int, std::allocator<int> >::_Vector_base
symbol name: W
symbol filename: knapsacksa.cpp
symbol line: 15
value: 0
value address: 0x55555575917c <W>
Type: The type is an integer type.
Type sizeof: 4

[INFO -- 2018-11-30 01:46:11]
Fault Injection Successful after 1.4578397274017334s
[INFO -- 2018-11-30 01:46:18]
event type: exit
[INFO -- 2018-11-30 01:46:18]
exit code: 0
