[INFO -- 2018-11-30 04:19:58]
Starting flip_value script
version: 1.1
[INFO -- 2018-11-30 04:19:58]
Initialization strings:
[INFO -- 2018-11-30 04:19:58]
(1) file /tmp/knapsack/sa
[INFO -- 2018-11-30 04:19:58]
initSignal:0
[INFO -- 2018-11-30 04:19:58]
endSignal:7
[INFO -- 2018-11-30 04:19:58]
faultModel:0
[EXCEPTION -- 2018-11-30 04:20:02]
pythonException: Unable to exit loop in struct fields; Exiting wihtout making a bit flip
[INFO -- 2018-11-30 04:20:02]
Backtrace BEGIN:
#0  0x00005555555557a0 in std::vector<int, std::allocator<int> >::operator[] (this=0x555555759160 <wt>, __n=122) at /usr/include/c++/7/bits/stl_vector.h:798
#1  0x00005555555550db in cost (solution=std::vector of length 200, capacity 200 = {...}) at knapsacksa.cpp:28
#2  0x0000555555555259 in simulated_annealing () at knapsacksa.cpp:52
#3  0x0000555555555522 in main () at knapsacksa.cpp:85

793	       */
794	      reference
795	      operator[](size_type __n) _GLIBCXX_NOEXCEPT
796	      {
797		__glibcxx_requires_subscript(__n);
798		return *(this->_M_impl._M_start + __n);
799	      }
800	
801	      /**
802	       *  @brief  Subscript access to the data contained in the %vector.

Backtrace END
Memory content before bitflip:0x310xfb0x080x00
Fault Model: Single bit-flip
base address to flip value: 0x55555575917c 
address max offset: 4
Memory content after  bitflip:0x310xfb0x0c0x00
frame name: main
symbol name: W
symbol filename: knapsacksa.cpp
symbol line: 15
value: 850737
value address: 0x55555575917c <W>
Type: The type is an integer type.
Type sizeof: 4

[INFO -- 2018-11-30 04:20:02]
Fault Injection Successful after 4.459522008895874s
[INFO -- 2018-11-30 04:20:06]
event type: exit
[INFO -- 2018-11-30 04:20:06]
exit code: 0
