[INFO -- 2018-09-23 22:37:29]
Starting flip_value script
version: 1.1
[INFO -- 2018-09-23 22:37:29]
Initialization strings:
[INFO -- 2018-09-23 22:37:30]
(1) file /tmp/knapsack/ga
[INFO -- 2018-09-23 22:37:30]
initSignal:1
[INFO -- 2018-09-23 22:37:30]
endSignal:3.5
[INFO -- 2018-09-23 22:37:30]
faultModel:1
[INFO -- 2018-09-23 22:37:31]
Backtrace BEGIN:
#0  0x0000555555556f9f in std::_Vector_base<int, std::allocator<int> >::_Vector_base (this=0x555555776a60, __x=...) at /usr/include/c++/7/bits/stl_vector.h:145
#1  0x0000555555555f6c in std::vector<int, std::allocator<int> >::vector (this=0x555555776a60, __x=...) at /usr/include/c++/7/bits/stl_vector.h:345
#2  0x00005555555591ff in chromossome::chromossome (this=0x555555776a60) at knapsackga.cpp:42
#3  0x000055555555aa9a in std::_Construct<chromossome, chromossome> (__p=0x555555776a60, __args#0=...) at /usr/include/c++/7/bits/stl_construct.h:75
#4  0x000055555555a3de in std::__uninitialized_copy<false>::__uninit_copy<std::move_iterator<chromossome*>, chromossome*> (__first=..., __last=..., __result=0x5555557769a0) at /usr/include/c++/7/bits/stl_uninitialized.h:83
#5  0x0000555555559a5f in std::uninitialized_copy<std::move_iterator<chromossome*>, chromossome*> (__first=..., __last=..., __result=0x5555557769a0) at /usr/include/c++/7/bits/stl_uninitialized.h:134
#6  0x000055555555901a in std::__uninitialized_copy_a<std::move_iterator<chromossome*>, chromossome*, chromossome> (__first=..., __last=..., __result=0x5555557769a0) at /usr/include/c++/7/bits/stl_uninitialized.h:289
#7  0x000055555555807d in std::__uninitialized_move_if_noexcept_a<chromossome*, chromossome*, std::allocator<chromossome> > (__first=0x555555776680, __last=0x555555776780, __result=0x5555557769a0, __alloc=...) at /usr/include/c++/7/bits/stl_uninitialized.h:312
#8  0x0000555555556b8c in std::vector<chromossome, std::allocator<chromossome> >::_M_realloc_insert<chromossome const&> (this=0x7fffffffd8f0, __position={solution = std::vector of length 132, capacity 0 = {<error reading variable>, __args#0=...) at /usr/include/c++/7/bits/vector.tcc:424
#9  0x0000555555555d28 in std::vector<chromossome, std::allocator<chromossome> >::push_back (this=0x7fffffffd8f0, __x=...) at /usr/include/c++/7/bits/stl_vector.h:948
#10 0x00005555555554e7 in genetic_algorithm () at knapsackga.cpp:106
#11 0x00005555555558d7 in main () at knapsackga.cpp:137

140	#if __cplusplus >= 201103L
141	      _Vector_base(_Tp_alloc_type&& __a) noexcept
142	      : _M_impl(std::move(__a)) { }
143	
144	      _Vector_base(_Vector_base&& __x) noexcept
145	      : _M_impl(std::move(__x._M_get_Tp_allocator()))
146	      { this->_M_impl._M_swap_data(__x._M_impl); }
147	
148	      _Vector_base(_Vector_base&& __x, const allocator_type& __a)
149	      : _M_impl(__a)

Backtrace END
Fliping a bit of the value pointed by a pointer
Fliping value of field: _M_impl
Fliping value of field: _M_end_of_storage
Fliping a bit of the pointer
Memory content before bitflip:0x000x000x000x000x000x000x000x00
Fault Model: Double bit-flip
base address to flip value: 0x555555776a70
address max offset: 8
Memory content after  bitflip:0x000x000x000x000x820x000x000x00
frame name: std::_Vector_base<int, std::allocator<int> >::_Vector_base
symbol name: this
symbol filename: knapsackga.cpp
symbol line: 0
value: 0x555555776a60
value address: 0x7fffffffd678
Type: The type is a pointer.
Type sizeof: 8

[INFO -- 2018-09-23 22:37:31]
Fault Injection Successful after 1.7618129253387451s
[INFO -- 2018-09-23 22:37:34]
event type: exit
[INFO -- 2018-09-23 22:37:34]
exit code: 0
