[INFO -- 2018-09-23 19:52:43]
Starting flip_value script
version: 1.1
[INFO -- 2018-09-23 19:52:43]
Initialization strings:
[INFO -- 2018-09-23 19:52:43]
(1) file /tmp/knapsack/sa
[INFO -- 2018-09-23 19:52:43]
initSignal:0
[INFO -- 2018-09-23 19:52:43]
endSignal:2
[INFO -- 2018-09-23 19:52:43]
faultModel:1
[INFO -- 2018-09-23 19:52:44]
Backtrace BEGIN:
#0  std::vector<int, std::allocator<int> >::operator[] (this=0x7fffffffda00, __n=120) at /usr/include/c++/7/bits/stl_vector.h:798
#1  0x0000555555554fc8 in cost (solution=std::vector of length 200, capacity 200 = {...}) at knapsacksa.cpp:29
#2  0x000055555555511f in simulated_annealing () at knapsacksa.cpp:50
#3  0x000055555555535e in main () at knapsacksa.cpp:84

793	       */
794	      reference
795	      operator[](size_type __n) _GLIBCXX_NOEXCEPT
796	      {
797		__glibcxx_requires_subscript(__n);
798		return *(this->_M_impl._M_start + __n);
799	      }
800	
801	      /**
802	       *  @brief  Subscript access to the data contained in the %vector.

Backtrace END
Memory content before bitflip:0x310xfb0x080x00
Fault Model: Double bit-flip
base address to flip value: 0x55555575906c 
address max offset: 4
Memory content after  bitflip:0xf10xfb0x080x00
frame name: simulated_annealing
symbol name: W
symbol filename: knapsacksa.cpp
symbol line: 15
value: 588785
value address: 0x55555575906c <W>
Type: The type is an integer type.
Type sizeof: 4

[INFO -- 2018-09-23 19:52:44]
Fault Injection Successful after 1.7649426460266113s
[INFO -- 2018-09-23 19:52:46]
event type: exit
[INFO -- 2018-09-23 19:52:46]
exit code: 0
