[INFO -- 2018-11-30 11:22:23]
Starting flip_value script
version: 1.1
[INFO -- 2018-11-30 11:22:23]
Initialization strings:
[INFO -- 2018-11-30 11:22:23]
(1) file /tmp/knapsack/sa
[INFO -- 2018-11-30 11:22:23]
initSignal:0
[INFO -- 2018-11-30 11:22:23]
endSignal:7
[INFO -- 2018-11-30 11:22:23]
faultModel:2
[EXCEPTION -- 2018-11-30 11:22:25]
pythonException: Unable to exit loop in struct fields; Exiting wihtout making a bit flip
[EXCEPTION -- 2018-11-30 11:22:25]
pythonException: Unable to exit loop in struct fields; Exiting wihtout making a bit flip
[INFO -- 2018-11-30 11:22:25]
Backtrace BEGIN:
#0  0x00005555555550fa in cost (solution=std::vector of length 200, capacity 200 = {...}) at knapsacksa.cpp:29
#1  0x0000555555555259 in simulated_annealing () at knapsacksa.cpp:52
#2  0x0000555555555522 in main () at knapsacksa.cpp:85

24	
25	int cost(vector<int> &solution){
26	    int peso=0, valor=0;
27	    for(int i=0; i < n; i++){
28	       peso += solution[i] * wt[i];
29	       valor += solution[i] * val[i];
30	    }
31	    if(peso > W)
32	       return 99999999;
33	    else

Backtrace END
Memory content before bitflip:0xc40x5b0xf80xff
Fault Model: Random bit-flip
base address to flip value: 0x7fffffffd954
address max offset: 4
Memory content after  bitflip:0xbb0xc10xb00xc9
frame name: simulated_annealing
symbol name: best
symbol filename: knapsacksa.cpp
symbol line: 43
value: -911162949
value address: 0x7fffffffd954
Type: The type is an integer type.
Type sizeof: 4

[INFO -- 2018-11-30 11:22:25]
Fault Injection Successful after 2.5486621856689453s
[INFO -- 2018-11-30 11:22:31]
event type: exit
[INFO -- 2018-11-30 11:22:31]
exit code: 0
