[INFO -- 2018-12-01 08:55:59]
Starting flip_value script
version: 1.1
[INFO -- 2018-12-01 08:55:59]
Initialization strings:
[INFO -- 2018-12-01 08:55:59]
(1) file /tmp/knapsack/ga
[INFO -- 2018-12-01 08:55:59]
initSignal:0
[INFO -- 2018-12-01 08:55:59]
endSignal:13
[INFO -- 2018-12-01 08:55:59]
faultModel:0
[INFO -- 2018-12-01 08:56:01]
Backtrace BEGIN:
#0  __random_r (buf=buf@entry=0x7ffff7832720 <unsafe_state>, result=result@entry=0x7fffffffd804) at random_r.c:362
#1  0x00007ffff7494a22 in __random () at random.c:293
#2  0x00007ffff7494ea9 in rand () at rand.c:27
#3  0x00005555555550b8 in random01 () at knapsackga.cpp:39
#4  0x00005555555556b1 in genetic_algorithm () at knapsackga.cpp:110
#5  0x0000555555555a9b in main () at knapsackga.cpp:141

357	random_r.c: No such file or directory.

Backtrace END
Fliping value of field: seps
Fliping array at pos: 1
Memory content before bitflip:0x030x000x000x00
Fault Model: Single bit-flip
base address to flip value: 0x7ffff75f1884 
address max offset: 4
Memory content after  bitflip:0x030x000x010x00
frame name: __random_r
symbol name: random_poly_info
symbol filename: random_r.c
symbol line: 143
value: {seps = {0, 65539, 1, 3, 1}, degrees = {0, 7, 15, 31, 63}}
value address: 0x7ffff75f1880 <random_poly_info>
Type: The type is a structure.
Type sizeof: 40
Field name: seps
Field Type: The type is an array.
Field Type sizeof: 20
Field name: degrees
Field Type: The type is an array.
Field Type sizeof: 20

[INFO -- 2018-12-01 08:56:01]
Fault Injection Successful after 2.629950761795044s
[INFO -- 2018-12-01 08:56:12]
event type: exit
[INFO -- 2018-12-01 08:56:12]
exit code: 0
